<?xml version="1.0" encoding="UTF-8"?>
<testsuite xmlns:xsi="http://www.w3.org/2001/XMLSchema-instance" xsi:noNamespaceSchemaLocation="https://maven.apache.org/surefire/maven-surefire-plugin/xsd/surefire-test-report-3.0.xsd" version="3.0" name="runners.TestRunner" time="71.529" tests="1" errors="1" skipped="0" failures="0">
  <properties>
    <property name="java.specification.version" value="21"/>
    <property name="sun.jnu.encoding" value="UTF-8"/>
    <property name="java.class.path" value="/Users/yusuf/Desktop/hotels.com/target/test-classes:/Users/yusuf/Desktop/hotels.com/target/classes:/Users/yusuf/.m2/repository/org/seleniumhq/selenium/selenium-java/4.15.0/selenium-java-4.15.0.jar:/Users/yusuf/.m2/repository/org/seleniumhq/selenium/selenium-api/4.15.0/selenium-api-4.15.0.jar:/Users/yusuf/.m2/repository/org/seleniumhq/selenium/selenium-chrome-driver/4.15.0/selenium-chrome-driver-4.15.0.jar:/Users/yusuf/.m2/repository/com/google/auto/service/auto-service-annotations/1.1.1/auto-service-annotations-1.1.1.jar:/Users/yusuf/.m2/repository/org/seleniumhq/selenium/selenium-chromium-driver/4.15.0/selenium-chromium-driver-4.15.0.jar:/Users/yusuf/.m2/repository/org/seleniumhq/selenium/selenium-json/4.15.0/selenium-json-4.15.0.jar:/Users/yusuf/.m2/repository/org/seleniumhq/selenium/selenium-manager/4.15.0/selenium-manager-4.15.0.jar:/Users/yusuf/.m2/repository/org/seleniumhq/selenium/selenium-devtools-v117/4.15.0/selenium-devtools-v117-4.15.0.jar:/Users/yusuf/.m2/repository/org/seleniumhq/selenium/selenium-devtools-v118/4.15.0/selenium-devtools-v118-4.15.0.jar:/Users/yusuf/.m2/repository/org/seleniumhq/selenium/selenium-devtools-v119/4.15.0/selenium-devtools-v119-4.15.0.jar:/Users/yusuf/.m2/repository/org/seleniumhq/selenium/selenium-devtools-v85/4.15.0/selenium-devtools-v85-4.15.0.jar:/Users/yusuf/.m2/repository/org/seleniumhq/selenium/selenium-edge-driver/4.15.0/selenium-edge-driver-4.15.0.jar:/Users/yusuf/.m2/repository/org/seleniumhq/selenium/selenium-firefox-driver/4.15.0/selenium-firefox-driver-4.15.0.jar:/Users/yusuf/.m2/repository/org/seleniumhq/selenium/selenium-http/4.15.0/selenium-http-4.15.0.jar:/Users/yusuf/.m2/repository/dev/failsafe/failsafe/3.3.2/failsafe-3.3.2.jar:/Users/yusuf/.m2/repository/org/seleniumhq/selenium/selenium-ie-driver/4.15.0/selenium-ie-driver-4.15.0.jar:/Users/yusuf/.m2/repository/org/seleniumhq/selenium/selenium-remote-driver/4.15.0/selenium-remote-driver-4.15.0.jar:/Users/yusuf/.m2/repository/com/google/guava/guava/32.1.2-jre/guava-32.1.2-jre.jar:/Users/yusuf/.m2/repository/com/google/guava/failureaccess/1.0.1/failureaccess-1.0.1.jar:/Users/yusuf/.m2/repository/com/google/guava/listenablefuture/9999.0-empty-to-avoid-conflict-with-guava/listenablefuture-9999.0-empty-to-avoid-conflict-with-guava.jar:/Users/yusuf/.m2/repository/com/google/code/findbugs/jsr305/3.0.2/jsr305-3.0.2.jar:/Users/yusuf/.m2/repository/org/checkerframework/checker-qual/3.33.0/checker-qual-3.33.0.jar:/Users/yusuf/.m2/repository/com/google/errorprone/error_prone_annotations/2.18.0/error_prone_annotations-2.18.0.jar:/Users/yusuf/.m2/repository/com/google/j2objc/j2objc-annotations/2.8/j2objc-annotations-2.8.jar:/Users/yusuf/.m2/repository/io/opentelemetry/opentelemetry-api/1.28.0/opentelemetry-api-1.28.0.jar:/Users/yusuf/.m2/repository/io/opentelemetry/opentelemetry-context/1.28.0/opentelemetry-context-1.28.0.jar:/Users/yusuf/.m2/repository/io/opentelemetry/opentelemetry-exporter-logging/1.28.0/opentelemetry-exporter-logging-1.28.0.jar:/Users/yusuf/.m2/repository/io/opentelemetry/opentelemetry-sdk-metrics/1.28.0/opentelemetry-sdk-metrics-1.28.0.jar:/Users/yusuf/.m2/repository/io/opentelemetry/opentelemetry-extension-incubator/1.28.0-alpha/opentelemetry-extension-incubator-1.28.0-alpha.jar:/Users/yusuf/.m2/repository/io/opentelemetry/opentelemetry-sdk-logs/1.28.0/opentelemetry-sdk-logs-1.28.0.jar:/Users/yusuf/.m2/repository/io/opentelemetry/opentelemetry-sdk-common/1.28.0/opentelemetry-sdk-common-1.28.0.jar:/Users/yusuf/.m2/repository/io/opentelemetry/opentelemetry-sdk-extension-autoconfigure-spi/1.28.0/opentelemetry-sdk-extension-autoconfigure-spi-1.28.0.jar:/Users/yusuf/.m2/repository/io/opentelemetry/opentelemetry-sdk-extension-autoconfigure/1.28.0/opentelemetry-sdk-extension-autoconfigure-1.28.0.jar:/Users/yusuf/.m2/repository/io/opentelemetry/opentelemetry-api-events/1.28.0-alpha/opentelemetry-api-events-1.28.0-alpha.jar:/Users/yusuf/.m2/repository/io/opentelemetry/opentelemetry-sdk-trace/1.28.0/opentelemetry-sdk-trace-1.28.0.jar:/Users/yusuf/.m2/repository/io/opentelemetry/opentelemetry-sdk/1.28.0/opentelemetry-sdk-1.28.0.jar:/Users/yusuf/.m2/repository/io/opentelemetry/opentelemetry-semconv/1.28.0-alpha/opentelemetry-semconv-1.28.0-alpha.jar:/Users/yusuf/.m2/repository/net/bytebuddy/byte-buddy/1.14.5/byte-buddy-1.14.5.jar:/Users/yusuf/.m2/repository/org/seleniumhq/selenium/selenium-os/4.15.0/selenium-os-4.15.0.jar:/Users/yusuf/.m2/repository/org/apache/commons/commons-exec/1.3/commons-exec-1.3.jar:/Users/yusuf/.m2/repository/org/seleniumhq/selenium/selenium-safari-driver/4.15.0/selenium-safari-driver-4.15.0.jar:/Users/yusuf/.m2/repository/org/seleniumhq/selenium/selenium-support/4.15.0/selenium-support-4.15.0.jar:/Users/yusuf/.m2/repository/io/cucumber/cucumber-java/7.14.0/cucumber-java-7.14.0.jar:/Users/yusuf/.m2/repository/io/cucumber/cucumber-core/7.14.0/cucumber-core-7.14.0.jar:/Users/yusuf/.m2/repository/io/cucumber/cucumber-gherkin/7.14.0/cucumber-gherkin-7.14.0.jar:/Users/yusuf/.m2/repository/io/cucumber/cucumber-gherkin-messages/7.14.0/cucumber-gherkin-messages-7.14.0.jar:/Users/yusuf/.m2/repository/io/cucumber/gherkin/26.2.0/gherkin-26.2.0.jar:/Users/yusuf/.m2/repository/io/cucumber/messages/22.0.0/messages-22.0.0.jar:/Users/yusuf/.m2/repository/io/cucumber/tag-expressions/5.0.6/tag-expressions-5.0.6.jar:/Users/yusuf/.m2/repository/io/cucumber/cucumber-expressions/16.1.2/cucumber-expressions-16.1.2.jar:/Users/yusuf/.m2/repository/io/cucumber/datatable/7.14.0/datatable-7.14.0.jar:/Users/yusuf/.m2/repository/io/cucumber/cucumber-plugin/7.14.0/cucumber-plugin-7.14.0.jar:/Users/yusuf/.m2/repository/io/cucumber/docstring/7.14.0/docstring-7.14.0.jar:/Users/yusuf/.m2/repository/io/cucumber/html-formatter/20.4.0/html-formatter-20.4.0.jar:/Users/yusuf/.m2/repository/io/cucumber/junit-xml-formatter/0.2.0/junit-xml-formatter-0.2.0.jar:/Users/yusuf/.m2/repository/io/cucumber/ci-environment/9.2.0/ci-environment-9.2.0.jar:/Users/yusuf/.m2/repository/org/apiguardian/apiguardian-api/1.1.2/apiguardian-api-1.1.2.jar:/Users/yusuf/.m2/repository/io/cucumber/cucumber-junit/7.14.0/cucumber-junit-7.14.0.jar:/Users/yusuf/.m2/repository/junit/junit/4.13.2/junit-4.13.2.jar:/Users/yusuf/.m2/repository/org/hamcrest/hamcrest-core/1.3/hamcrest-core-1.3.jar:/Users/yusuf/.m2/repository/com/github/javafaker/javafaker/1.0.2/javafaker-1.0.2.jar:/Users/yusuf/.m2/repository/org/apache/commons/commons-lang3/3.5/commons-lang3-3.5.jar:/Users/yusuf/.m2/repository/org/yaml/snakeyaml/1.23/snakeyaml-1.23-android.jar:/Users/yusuf/.m2/repository/com/github/mifmif/generex/1.0.2/generex-1.0.2.jar:/Users/yusuf/.m2/repository/dk/brics/automaton/automaton/1.11-8/automaton-1.11-8.jar:/Users/yusuf/.m2/repository/commons-io/commons-io/2.11.0/commons-io-2.11.0.jar:"/>
    <property name="java.vm.vendor" value="Oracle Corporation"/>
    <property name="sun.arch.data.model" value="64"/>
    <property name="java.vendor.url" value="https://java.oracle.com/"/>
    <property name="os.name" value="Mac OS X"/>
    <property name="java.vm.specification.version" value="21"/>
    <property name="sun.java.launcher" value="SUN_STANDARD"/>
    <property name="user.country" value="TR"/>
    <property name="sun.boot.library.path" value="/Users/yusuf/Library/Java/JavaVirtualMachines/openjdk-21.0.1/Contents/Home/lib"/>
    <property name="sun.java.command" value="/Users/yusuf/Desktop/hotels.com/target/surefire/surefirebooter-20250225172129674_3.jar /Users/yusuf/Desktop/hotels.com/target/surefire 2025-02-25T17-21-29_432-jvmRun1 surefire-20250225172129674_1tmp surefire_0-20250225172129674_2tmp"/>
    <property name="http.nonProxyHosts" value="local|*.local|169.254/16|*.169.254/16"/>
    <property name="jdk.debug" value="release"/>
    <property name="surefire.test.class.path" value="/Users/yusuf/Desktop/hotels.com/target/test-classes:/Users/yusuf/Desktop/hotels.com/target/classes:/Users/yusuf/.m2/repository/org/seleniumhq/selenium/selenium-java/4.15.0/selenium-java-4.15.0.jar:/Users/yusuf/.m2/repository/org/seleniumhq/selenium/selenium-api/4.15.0/selenium-api-4.15.0.jar:/Users/yusuf/.m2/repository/org/seleniumhq/selenium/selenium-chrome-driver/4.15.0/selenium-chrome-driver-4.15.0.jar:/Users/yusuf/.m2/repository/com/google/auto/service/auto-service-annotations/1.1.1/auto-service-annotations-1.1.1.jar:/Users/yusuf/.m2/repository/org/seleniumhq/selenium/selenium-chromium-driver/4.15.0/selenium-chromium-driver-4.15.0.jar:/Users/yusuf/.m2/repository/org/seleniumhq/selenium/selenium-json/4.15.0/selenium-json-4.15.0.jar:/Users/yusuf/.m2/repository/org/seleniumhq/selenium/selenium-manager/4.15.0/selenium-manager-4.15.0.jar:/Users/yusuf/.m2/repository/org/seleniumhq/selenium/selenium-devtools-v117/4.15.0/selenium-devtools-v117-4.15.0.jar:/Users/yusuf/.m2/repository/org/seleniumhq/selenium/selenium-devtools-v118/4.15.0/selenium-devtools-v118-4.15.0.jar:/Users/yusuf/.m2/repository/org/seleniumhq/selenium/selenium-devtools-v119/4.15.0/selenium-devtools-v119-4.15.0.jar:/Users/yusuf/.m2/repository/org/seleniumhq/selenium/selenium-devtools-v85/4.15.0/selenium-devtools-v85-4.15.0.jar:/Users/yusuf/.m2/repository/org/seleniumhq/selenium/selenium-edge-driver/4.15.0/selenium-edge-driver-4.15.0.jar:/Users/yusuf/.m2/repository/org/seleniumhq/selenium/selenium-firefox-driver/4.15.0/selenium-firefox-driver-4.15.0.jar:/Users/yusuf/.m2/repository/org/seleniumhq/selenium/selenium-http/4.15.0/selenium-http-4.15.0.jar:/Users/yusuf/.m2/repository/dev/failsafe/failsafe/3.3.2/failsafe-3.3.2.jar:/Users/yusuf/.m2/repository/org/seleniumhq/selenium/selenium-ie-driver/4.15.0/selenium-ie-driver-4.15.0.jar:/Users/yusuf/.m2/repository/org/seleniumhq/selenium/selenium-remote-driver/4.15.0/selenium-remote-driver-4.15.0.jar:/Users/yusuf/.m2/repository/com/google/guava/guava/32.1.2-jre/guava-32.1.2-jre.jar:/Users/yusuf/.m2/repository/com/google/guava/failureaccess/1.0.1/failureaccess-1.0.1.jar:/Users/yusuf/.m2/repository/com/google/guava/listenablefuture/9999.0-empty-to-avoid-conflict-with-guava/listenablefuture-9999.0-empty-to-avoid-conflict-with-guava.jar:/Users/yusuf/.m2/repository/com/google/code/findbugs/jsr305/3.0.2/jsr305-3.0.2.jar:/Users/yusuf/.m2/repository/org/checkerframework/checker-qual/3.33.0/checker-qual-3.33.0.jar:/Users/yusuf/.m2/repository/com/google/errorprone/error_prone_annotations/2.18.0/error_prone_annotations-2.18.0.jar:/Users/yusuf/.m2/repository/com/google/j2objc/j2objc-annotations/2.8/j2objc-annotations-2.8.jar:/Users/yusuf/.m2/repository/io/opentelemetry/opentelemetry-api/1.28.0/opentelemetry-api-1.28.0.jar:/Users/yusuf/.m2/repository/io/opentelemetry/opentelemetry-context/1.28.0/opentelemetry-context-1.28.0.jar:/Users/yusuf/.m2/repository/io/opentelemetry/opentelemetry-exporter-logging/1.28.0/opentelemetry-exporter-logging-1.28.0.jar:/Users/yusuf/.m2/repository/io/opentelemetry/opentelemetry-sdk-metrics/1.28.0/opentelemetry-sdk-metrics-1.28.0.jar:/Users/yusuf/.m2/repository/io/opentelemetry/opentelemetry-extension-incubator/1.28.0-alpha/opentelemetry-extension-incubator-1.28.0-alpha.jar:/Users/yusuf/.m2/repository/io/opentelemetry/opentelemetry-sdk-logs/1.28.0/opentelemetry-sdk-logs-1.28.0.jar:/Users/yusuf/.m2/repository/io/opentelemetry/opentelemetry-sdk-common/1.28.0/opentelemetry-sdk-common-1.28.0.jar:/Users/yusuf/.m2/repository/io/opentelemetry/opentelemetry-sdk-extension-autoconfigure-spi/1.28.0/opentelemetry-sdk-extension-autoconfigure-spi-1.28.0.jar:/Users/yusuf/.m2/repository/io/opentelemetry/opentelemetry-sdk-extension-autoconfigure/1.28.0/opentelemetry-sdk-extension-autoconfigure-1.28.0.jar:/Users/yusuf/.m2/repository/io/opentelemetry/opentelemetry-api-events/1.28.0-alpha/opentelemetry-api-events-1.28.0-alpha.jar:/Users/yusuf/.m2/repository/io/opentelemetry/opentelemetry-sdk-trace/1.28.0/opentelemetry-sdk-trace-1.28.0.jar:/Users/yusuf/.m2/repository/io/opentelemetry/opentelemetry-sdk/1.28.0/opentelemetry-sdk-1.28.0.jar:/Users/yusuf/.m2/repository/io/opentelemetry/opentelemetry-semconv/1.28.0-alpha/opentelemetry-semconv-1.28.0-alpha.jar:/Users/yusuf/.m2/repository/net/bytebuddy/byte-buddy/1.14.5/byte-buddy-1.14.5.jar:/Users/yusuf/.m2/repository/org/seleniumhq/selenium/selenium-os/4.15.0/selenium-os-4.15.0.jar:/Users/yusuf/.m2/repository/org/apache/commons/commons-exec/1.3/commons-exec-1.3.jar:/Users/yusuf/.m2/repository/org/seleniumhq/selenium/selenium-safari-driver/4.15.0/selenium-safari-driver-4.15.0.jar:/Users/yusuf/.m2/repository/org/seleniumhq/selenium/selenium-support/4.15.0/selenium-support-4.15.0.jar:/Users/yusuf/.m2/repository/io/cucumber/cucumber-java/7.14.0/cucumber-java-7.14.0.jar:/Users/yusuf/.m2/repository/io/cucumber/cucumber-core/7.14.0/cucumber-core-7.14.0.jar:/Users/yusuf/.m2/repository/io/cucumber/cucumber-gherkin/7.14.0/cucumber-gherkin-7.14.0.jar:/Users/yusuf/.m2/repository/io/cucumber/cucumber-gherkin-messages/7.14.0/cucumber-gherkin-messages-7.14.0.jar:/Users/yusuf/.m2/repository/io/cucumber/gherkin/26.2.0/gherkin-26.2.0.jar:/Users/yusuf/.m2/repository/io/cucumber/messages/22.0.0/messages-22.0.0.jar:/Users/yusuf/.m2/repository/io/cucumber/tag-expressions/5.0.6/tag-expressions-5.0.6.jar:/Users/yusuf/.m2/repository/io/cucumber/cucumber-expressions/16.1.2/cucumber-expressions-16.1.2.jar:/Users/yusuf/.m2/repository/io/cucumber/datatable/7.14.0/datatable-7.14.0.jar:/Users/yusuf/.m2/repository/io/cucumber/cucumber-plugin/7.14.0/cucumber-plugin-7.14.0.jar:/Users/yusuf/.m2/repository/io/cucumber/docstring/7.14.0/docstring-7.14.0.jar:/Users/yusuf/.m2/repository/io/cucumber/html-formatter/20.4.0/html-formatter-20.4.0.jar:/Users/yusuf/.m2/repository/io/cucumber/junit-xml-formatter/0.2.0/junit-xml-formatter-0.2.0.jar:/Users/yusuf/.m2/repository/io/cucumber/ci-environment/9.2.0/ci-environment-9.2.0.jar:/Users/yusuf/.m2/repository/org/apiguardian/apiguardian-api/1.1.2/apiguardian-api-1.1.2.jar:/Users/yusuf/.m2/repository/io/cucumber/cucumber-junit/7.14.0/cucumber-junit-7.14.0.jar:/Users/yusuf/.m2/repository/junit/junit/4.13.2/junit-4.13.2.jar:/Users/yusuf/.m2/repository/org/hamcrest/hamcrest-core/1.3/hamcrest-core-1.3.jar:/Users/yusuf/.m2/repository/com/github/javafaker/javafaker/1.0.2/javafaker-1.0.2.jar:/Users/yusuf/.m2/repository/org/apache/commons/commons-lang3/3.5/commons-lang3-3.5.jar:/Users/yusuf/.m2/repository/org/yaml/snakeyaml/1.23/snakeyaml-1.23-android.jar:/Users/yusuf/.m2/repository/com/github/mifmif/generex/1.0.2/generex-1.0.2.jar:/Users/yusuf/.m2/repository/dk/brics/automaton/automaton/1.11-8/automaton-1.11-8.jar:/Users/yusuf/.m2/repository/commons-io/commons-io/2.11.0/commons-io-2.11.0.jar:"/>
    <property name="sun.cpu.endian" value="little"/>
    <property name="user.home" value="/Users/yusuf"/>
    <property name="user.language" value="tr"/>
    <property name="java.specification.vendor" value="Oracle Corporation"/>
    <property name="java.version.date" value="2023-10-17"/>
    <property name="java.home" value="/Users/yusuf/Library/Java/JavaVirtualMachines/openjdk-21.0.1/Contents/Home"/>
    <property name="file.separator" value="/"/>
    <property name="basedir" value="/Users/yusuf/Desktop/hotels.com"/>
    <property name="java.vm.compressedOopsMode" value="Zero based"/>
    <property name="line.separator" value="&#10;"/>
    <property name="java.vm.specification.vendor" value="Oracle Corporation"/>
    <property name="java.specification.name" value="Java Platform API Specification"/>
    <property name="apple.awt.application.name" value="ForkedBooter"/>
    <property name="surefire.real.class.path" value="/Users/yusuf/Desktop/hotels.com/target/surefire/surefirebooter-20250225172129674_3.jar"/>
    <property name="sun.management.compiler" value="HotSpot 64-Bit Tiered Compilers"/>
    <property name="ftp.nonProxyHosts" value="local|*.local|169.254/16|*.169.254/16"/>
    <property name="java.runtime.version" value="21.0.1+12-29"/>
    <property name="user.name" value="yusuf"/>
    <property name="stdout.encoding" value="UTF-8"/>
    <property name="path.separator" value=":"/>
    <property name="os.version" value="10.15.7"/>
    <property name="java.runtime.name" value="OpenJDK Runtime Environment"/>
    <property name="file.encoding" value="UTF-8"/>
    <property name="java.vm.name" value="OpenJDK 64-Bit Server VM"/>
    <property name="localRepository" value="/Users/yusuf/.m2/repository"/>
    <property name="java.vendor.url.bug" value="https://bugreport.java.com/bugreport/"/>
    <property name="java.io.tmpdir" value="/var/folders/q7/fgckgx0j1h99x6qd03fm0_600000gn/T/"/>
    <property name="java.version" value="21.0.1"/>
    <property name="user.dir" value="/Users/yusuf/Desktop/hotels.com"/>
    <property name="os.arch" value="x86_64"/>
    <property name="java.vm.specification.name" value="Java Virtual Machine Specification"/>
    <property name="native.encoding" value="UTF-8"/>
    <property name="java.library.path" value="/Users/yusuf/Library/Java/Extensions:/Library/Java/Extensions:/Network/Library/Java/Extensions:/System/Library/Java/Extensions:/usr/lib/java:."/>
    <property name="java.vm.info" value="mixed mode, sharing"/>
    <property name="stderr.encoding" value="UTF-8"/>
    <property name="java.vendor" value="Oracle Corporation"/>
    <property name="java.vm.version" value="21.0.1+12-29"/>
    <property name="sun.io.unicode.encoding" value="UnicodeBig"/>
    <property name="socksNonProxyHosts" value="local|*.local|169.254/16|*.169.254/16"/>
    <property name="java.class.version" value="65.0"/>
  </properties>
  <testcase name="Register new user with faker data" classname="Hotels.com Registration" time="69.398">
    <error message="Element &lt;button class=&quot;uitk-menu-trigger open-room-picker-observer-root uitk-fake-input uitk-form-field-trigger uitk-field-fake-input uitk-field-fake-input-hasicon&quot; type=&quot;button&quot;&gt; is not clickable at point (905,331) because another element &lt;div&gt; obscures it&#10;Build info: version: &apos;4.15.0&apos;, revision: &apos;1d14b5521b&apos;&#10;System info: os.name: &apos;Mac OS X&apos;, os.arch: &apos;x86_64&apos;, os.version: &apos;10.15.7&apos;, java.version: &apos;21.0.1&apos;&#10;Driver info: org.openqa.selenium.firefox.FirefoxDriver&#10;Command: [2b9d35db-23b2-4aad-864e-9589fa38fcb5, clickElement {id=4af8e209-e89b-4326-a054-4f54db067843}]&#10;Capabilities {acceptInsecureCerts: true, browserName: firefox, browserVersion: 135.0.1, moz:accessibilityChecks: false, moz:buildID: 20250216192613, moz:geckodriverVersion: 0.36.0, moz:headless: false, moz:platformVersion: 19.6.0, moz:processID: 7672, moz:profile: /var/folders/q7/fgckgx0j1h9..., moz:shutdownTimeout: 60000, moz:webdriverClick: true, moz:windowless: false, pageLoadStrategy: normal, platformName: mac, proxy: Proxy(), setWindowRect: true, strictFileInteractability: false, timeouts: {implicit: 0, pageLoad: 300000, script: 30000}, unhandledPromptBehavior: dismiss and notify, userAgent: Mozilla/5.0 (Macintosh; Int...}&#10;Element: [[FirefoxDriver: firefox on mac (2b9d35db-23b2-4aad-864e-9589fa38fcb5)] -&gt; xpath: //button[contains(@class, &apos;uitk-menu-trigger&apos;)] | //button[contains(@data-stid, &apos;header-menu&apos;)] | //button[contains(@aria-label, &apos;Hesap&apos;)]]&#10;Session ID: 2b9d35db-23b2-4aad-864e-9589fa38fcb5" type="org.openqa.selenium.ElementClickInterceptedException"><![CDATA[org.openqa.selenium.ElementClickInterceptedException: 
Element <button class="uitk-menu-trigger open-room-picker-observer-root uitk-fake-input uitk-form-field-trigger uitk-field-fake-input uitk-field-fake-input-hasicon" type="button"> is not clickable at point (905,331) because another element <div> obscures it
Build info: version: '4.15.0', revision: '1d14b5521b'
System info: os.name: 'Mac OS X', os.arch: 'x86_64', os.version: '10.15.7', java.version: '21.0.1'
Driver info: org.openqa.selenium.firefox.FirefoxDriver
Command: [2b9d35db-23b2-4aad-864e-9589fa38fcb5, clickElement {id=4af8e209-e89b-4326-a054-4f54db067843}]
Capabilities {acceptInsecureCerts: true, browserName: firefox, browserVersion: 135.0.1, moz:accessibilityChecks: false, moz:buildID: 20250216192613, moz:geckodriverVersion: 0.36.0, moz:headless: false, moz:platformVersion: 19.6.0, moz:processID: 7672, moz:profile: /var/folders/q7/fgckgx0j1h9..., moz:shutdownTimeout: 60000, moz:webdriverClick: true, moz:windowless: false, pageLoadStrategy: normal, platformName: mac, proxy: Proxy(), setWindowRect: true, strictFileInteractability: false, timeouts: {implicit: 0, pageLoad: 300000, script: 30000}, unhandledPromptBehavior: dismiss and notify, userAgent: Mozilla/5.0 (Macintosh; Int...}
Element: [[FirefoxDriver: firefox on mac (2b9d35db-23b2-4aad-864e-9589fa38fcb5)] -> xpath: //button[contains(@class, 'uitk-menu-trigger')] | //button[contains(@data-stid, 'header-menu')] | //button[contains(@aria-label, 'Hesap')]]
Session ID: 2b9d35db-23b2-4aad-864e-9589fa38fcb5
	at java.base/jdk.internal.reflect.DirectConstructorHandleAccessor.newInstance(DirectConstructorHandleAccessor.java:62)
	at java.base/java.lang.reflect.Constructor.newInstanceWithCaller(Constructor.java:502)
	at java.base/java.lang.reflect.Constructor.newInstance(Constructor.java:486)
	at org.openqa.selenium.remote.codec.w3c.W3CHttpResponseCodec.createException(W3CHttpResponseCodec.java:200)
	at org.openqa.selenium.remote.codec.w3c.W3CHttpResponseCodec.decode(W3CHttpResponseCodec.java:133)
	at org.openqa.selenium.remote.codec.w3c.W3CHttpResponseCodec.decode(W3CHttpResponseCodec.java:52)
	at org.openqa.selenium.remote.HttpCommandExecutor.execute(HttpCommandExecutor.java:191)
	at org.openqa.selenium.remote.service.DriverCommandExecutor.invokeExecute(DriverCommandExecutor.java:200)
	at org.openqa.selenium.remote.service.DriverCommandExecutor.execute(DriverCommandExecutor.java:175)
	at org.openqa.selenium.remote.RemoteWebDriver.execute(RemoteWebDriver.java:607)
	at org.openqa.selenium.remote.RemoteWebElement.execute(RemoteWebElement.java:224)
	at org.openqa.selenium.remote.RemoteWebElement.click(RemoteWebElement.java:77)
	at java.base/jdk.internal.reflect.DirectMethodHandleAccessor.invoke(DirectMethodHandleAccessor.java:103)
	at java.base/java.lang.reflect.Method.invoke(Method.java:580)
	at org.openqa.selenium.support.pagefactory.internal.LocatingElementHandler.invoke(LocatingElementHandler.java:51)
	at jdk.proxy2/jdk.proxy2.$Proxy22.click(Unknown Source)
	at pages.RegisterPage.clickSignInButton(RegisterPage.java:56)
	at stepdefinitions.RegisterSteps.userClicksOnSignInButton(RegisterSteps.java:66)
	at ✽.user clicks on sign in button(file:///Users/yusuf/Desktop/hotels.com/src/test/resources/features/register.feature:8)
]]></error>
    <system-out><![CDATA[
@register @smoke
Scenario: Register new user with faker data            &amp#27;[90m# src/test/resources/features/register.feature:4&amp#27;[0m
  &amp#27;[32mGiven &amp#27;[0m&amp#27;[32muser is on Hotels.com homepage&amp#27;[0m                 &amp#27;[90m# stepdefinitions.RegisterSteps.userIsOnHotelsHomepage()&amp#27;[0m
Page source after loading:
<html data-language="tr_TR" dir="ltr" lang="tr"><head><title>Hotels.com - Lüks Otellerden Uygun Fiyatlı Konaklama Birimlerine Kadar İndirimli Rezervasyon ve Satış</title><meta name="description" content="Hotels.com | Hotels.com’dan rezervasyon yaparak uygun fiyatlı oteller bulun ve indirimlerden yararlanın. Otel fiyatlarını ve teklifleri karşılaştırın, oteller hakkındaki tarafsız yorumları okuyun."><link rel="canonical" href="https://tr.hotels.com/"><meta http-equiv="Content-language" content="tr_TR"><meta name="flex:page-type" content="Storefront-Homepage"><meta name="flex:template-id" content="300000028-tr_TR-NEW-Hotelscom-Blossom-Homepage"><meta name="flex:template-fm-id" content="41877"><meta name="flex:template-version" content="137"><meta name="ESSClientID" content="flex.home.Storefront-Homepage"><meta name="ewe:page" content="FLEX"><link rel="alternate" hreflang="tr" href="https://tr.hotels.com/"><link rel="alternate" hreflang="en-US" href="https://www.hotels.com/"><link rel="alternate" hreflang="es-US" href="https://www.hotels.com/es/"><link rel="alternate" hreflang="en-CA" href="https://ca.hotels.com/"><link rel="alternate" hreflang="fr-CA" href="https://ca.hotels.com/fr/"><link rel="alternate" hreflang="en-GB" href="https://uk.hotels.com/"><link rel="alternate" hreflang="it" href="https://it.hotels.com/"><link rel="alternate" hreflang="es-ES" href="https://es.hoteles.com/"><link rel="alternate" hreflang="nl" href="https://nl.hotels.com/"><link rel="alternate" hreflang="fr" href="https://fr.hotels.com/"><link rel="alternate" hreflang="sv" href="https://sv.hotels.com/"><link rel="alternate" hreflang="no" href="https://no.hotels.com/"><link rel="alternate" hreflang="da" href="https://da.hotels.com/"><link rel="alternate" hreflang="de-CH" href="https://ch.hotels.com/"><link rel="alternate" hreflang="fr-CH" href="https://ch.hotels.com/fr/"><link rel="alternate" hreflang="it-CH" href="https://ch.hotels.com/it/"><link rel="alternate" hreflang="nl-BE" href="https://be.hotels.com/"><link rel="alternate" hreflang="fr-BE" href="https://be.hotels.com/fr/"><link rel="alternate" hreflang="de-BE" href="https://be.hotels.com/de/"><link rel="alternate" hreflang="fi" href="https://fi.hotels.com/"><link rel="alternate" hreflang="en-IE" href="https://ie.hotels.com/"><link rel="alternate" hreflang="de-AT" href="https://at.hotels.com/"><link rel="alternate" hreflang="el" href="https://el.hotels.com/"><link rel="alternate" hreflang="hu" href="https://hu.hotels.com/"><link rel="alternate" hreflang="is" href="https://is.hotels.com/"><link rel="alternate" hreflang="en-IE" href="https://hotels.com/"><link rel="alternate" hreflang="pt-PT" href="https://pt.hoteis.com/"><link rel="alternate" hreflang="en-ZA" href="https://za.hotels.com/"><link rel="alternate" hreflang="en-AS" href="https://www.hotels.com/"><link rel="alternate" hreflang="en-AU" href="https://au.hotels.com/"><link rel="alternate" hreflang="en-IN" href="https://in.hotels.com/"><link rel="alternate" hreflang="ja" href="https://jp.hotels.com/"><link rel="alternate" hreflang="en-CN" href="https://jp.hotels.com/en/"><link rel="alternate" hreflang="en-NZ" href="https://nz.hotels.com/"><link rel="alternate" hreflang="zh-HK" href="https://zh.hotels.com/"><link rel="alternate" hreflang="en-HK" href="https://zh.hotels.com/en/"><link rel="alternate" hreflang="en-SG" href="https://sg.hotels.com/"><link rel="alternate" hreflang="ko" href="https://kr.hotels.com/"><link rel="alternate" hreflang="en-KR" href="https://kr.hotels.com/en/"><link rel="alternate" hreflang="zh-CN" href="https://www.hotels.cn/"><link rel="alternate" hreflang="ms" href="https://ms.hotels.com/"><link rel="alternate" hreflang="en-MY" href="https://ms.hotels.com/en/"><link rel="alternate" hreflang="en-PH" href="https://ph.hotels.com/"><link rel="alternate" hreflang="zh-TW" href="https://tw.hotels.com/"><link rel="alternate" hreflang="en-TW" href="https://tw.hotels.com/en/"><link rel="alternate" hreflang="th" href="https://th.hotels.com/"><link rel="alternate" hreflang="en-TH" href="https://th.hotels.com/en/"><link rel="alternate" hreflang="de-DE" href="https://de.hotels.com/"><link rel="alternate" hreflang="es-MX" href="https://www.hoteles.com/"><link rel="alternate" hreflang="en-MX" href="https://www.hoteles.com/en/"><link rel="alternate" hreflang="pt-BR" href="https://www.hoteis.com/"><link rel="alternate" hreflang="es-AR" href="https://ar.hoteles.com/"><link rel="alternate" hreflang="es-CO" href="https://co.hoteles.com/"><link rel="alternate" hreflang="id" href="https://id.hotels.com/"><link rel="alternate" hreflang="en-ID" href="https://id.hotels.com/en/"><link rel="alternate" hreflang="vi" href="https://vi.hotels.com/"><link rel="alternate" hreflang="en-VN" href="https://vi.hotels.com/en/"><meta property="og:title" content="Hotels.com - Lüks Otellerden Uygun Fiyatlı Konaklama Birimlerine Kadar İndirimli Rezervasyon ve Satış"><meta property="og:description" content="Hotels.com | Hotels.com’dan rezervasyon yaparak uygun fiyatlı oteller bulun ve indirimlerden yararlanın. Otel fiyatlarını ve teklifleri karşılaştırın, oteller hakkındaki tarafsız yorumları okuyun."><meta property="og:locale" content="tr_TR"><meta property="og:site_name" content="Hotels.com"><meta property="og:url" content="https://tr.hotels.com/"><meta property="og:image" content="https://forever.travel-assets.com/flex/flexmanager/images/2025/01/28/PD2_00227_HCOM_ICA_DUBAI_BAB_AL_SHAMS_0771.jpg?impolicy=fcrop&amp;w=1200&amp;h=675&amp;q=mediumHigh"><meta property="og:image:type" content="image/jpeg"><meta property="og:type" content="website"><link rel="preload" href="https://forever.travel-assets.com/flex/flexmanager/images/2025/01/28/PD2_00227_HCOM_ICA_DUBAI_BAB_AL_SHAMS_0771.jpg?impolicy=fcrop&amp;w=1200&amp;h=675&amp;q=mediumHigh" as="image" fetchpriority="high"><link rel="preconnect" href="https://a.travel-assets.com"><link rel="dns-prefetch" href="https://a.travel-assets.com"><link rel="preconnect" href="https://b.travel-assets.com"><link rel="dns-prefetch" href="https://b.travel-assets.com"><link rel="preconnect" href="https://c.travel-assets.com"><link rel="dns-prefetch" href="https://c.travel-assets.com"><link rel="preload" href="https://c.travel-assets.com/lotus-home-ui/mobx.9badb1094c2449cde5db.js" as="script"><link rel="preload" href="https://c.travel-assets.com/lotus-home-ui/egds.67d950972294e49512bc.js" as="script"><link rel="preload" href="https://c.travel-assets.com/lotus-home-ui/shared~TravelersField.f35772baee9598abfe6f.js" as="script"><link rel="preload" href="https://c.travel-assets.com/lotus-home-ui/core.ae3e957b5e5b8cbe4fde.js" as="script"><link rel="preload" href="https://c.travel-assets.com/lotus-home-ui/bernie.5055df339be63b50436b.js" as="script"><link rel="preload" href="https://c.travel-assets.com/lotus-home-ui/app-store-wizard-state.380cfbb731afe23ec3c1.js" as="script"><link rel="preload" href="https://c.travel-assets.com/lotus-home-ui/graphql.ab3fa10322bd5a0afa6b.js" as="script"><link rel="preload" href="https://c.travel-assets.com/lotus-home-ui/global-components.54514dc6bc5aa1cb8c98.js" as="script"><link rel="preload" href="https://c.travel-assets.com/lotus-home-ui/pap.596bb76e35dba342a790.js" as="script"><link rel="preload" href="https://c.travel-assets.com/lotus-home-ui/shared-ui.faef64cbabb257177c65.js" as="script"><link rel="preload" href="https://c.travel-assets.com/lotus-home-ui/vendor.af9ae23f7a7a15d4c375.js" as="script"><link rel="preload" href="https://c.travel-assets.com/lotus-home-ui/app.b94f0773274c489262ff.js" as="script"><link rel="preload" href="https://c.travel-assets.com/lotus-home-ui/utility~Mojo.b99f317de85c8f81bf12.js" as="script"><link rel="preload" href="https://c.travel-assets.com/lotus-home-ui/shared-ui-retail-trips-providers.9b6a269994f201b76f1b.js" as="script"><link rel="preload" href="https://c.travel-assets.com/lotus-home-ui/shared~StackedSticky.cf40523a5c13b8eed884.js" as="script"><link rel="preload" href="https://c.travel-assets.com/lotus-home-ui/shared-ui-customer-notifications.44f4cc1488b4e7645f34.js" as="script"><link rel="preload" href="https://c.travel-assets.com/lotus-home-ui/shared-ui-retail-recommendation-module.f0f8d9b0c62d984ecd49.js" as="script"><link rel="preload" href="https://c.travel-assets.com/lotus-home-ui/shared-ui-trips-save-item.6eddc523db76f4453217.js" as="script"><link rel="preload" href="https://c.travel-assets.com/lotus-home-ui/shared-ui-retail-affiliates-stripe.a5f0fcd74ab5233df67f.js" as="script"><link rel="preload" href="https://c.travel-assets.com/lotus-home-ui/shared-ui-retail-product-gallery.2c9c3ea488e35d701763.js" as="script"><link rel="preload" href="https://c.travel-assets.com/lotus-home-ui/shared-ui-retail-product-random-access-one.2ba4b95cba704f64a129.js" as="script"><link rel="preload" href="https://c.travel-assets.com/lotus-home-ui/shared-ui-global-navigation-header.7981d2449760d666d865.js" as="script"><link rel="preload" href="https://c.travel-assets.com/lotus-home-ui/shared-ui-retail-communication-center-preview-menu.487cecc28a8a131964cf.js" as="script"><link rel="preload" href="https://c.travel-assets.com/lotus-home-ui/shared-ui-retail-loyalty-account-summary.475404deb148b732bbb7.js" as="script"><link rel="preload" href="https://c.travel-assets.com/lotus-home-ui/shared-ui-customer-notification-center.57eda15197d45e842aa9.js" as="script"><link rel="preload" href="https://c.travel-assets.com/lotus-home-ui/node_modules~uitk-react-utils.8e17693aee9be70165a8.js" as="script"><link rel="preload" href="https://c.travel-assets.com/lotus-home-ui/node_modules~uitk-react-icons.b093c2ec904a5cee0796.js" as="script"><link rel="preload" href="https://c.travel-assets.com/lotus-home-ui/shared-ui-sponsored-content-partner-gallery.833b6e7d816b03ff0ab5.js" as="script"><link rel="preload" href="https://c.travel-assets.com/lotus-home-ui/shared-ui-retail-sponsored-content-transparency.9e3d9044fba8eda25d96.js" as="script"><link rel="preload" href="https://c.travel-assets.com/lotus-home-ui/shared-ui-retail-identity-google-one-tap.9bd2ef2952e585e648e4.js" as="script"><link rel="preload" href="https://c.travel-assets.com/lotus-home-ui/shared-ui-retail-credit-card-account-placement.f5e654bd3b24e661a86a.js" as="script"><link rel="preload" href="https://c.travel-assets.com/lotus-home-ui/shared-ui-pricing-price-summary.d973f0fdbfdea57ee5d4.js" as="script"><link rel="preload" href="https://c.travel-assets.com/lotus-home-ui/shared-ui-global-navigation-picker.0e8c463e0cc6851b66cf.js" as="script"><link rel="preload" href="https://c.travel-assets.com/lotus-home-ui/shared-ui-global-navigation-member-wallet.33ca4c57c7705cbf03be.js" as="script"><link rel="preload" href="https://c.travel-assets.com/lotus-home-ui/shared-ui-global-navigation-footer.eab169408182635ebeff.js" as="script"><link rel="preload" href="https://c.travel-assets.com/lotus-home-ui/shared-ui-customer-virtual-agent-control.f623654399e8b712b0bb.js" as="script"><link rel="preload" href="https://c.travel-assets.com/lotus-home-ui/app-shared.1f144754345448785d0f.js" as="script"><link rel="preload" href="https://c.travel-assets.com/lotus-home-ui/blossom-FlexPage.8681551b88e410b85dba.js" as="script"><link rel="preload" href="https://c.travel-assets.com/lotus-home-ui/l10nBundle/tr_TR.32cd22e0bedc6ac91ac7.js" as="script"><meta charset="UTF-8"><meta http-equiv="X-UA-Compatible" content="IE=edge,chrome=1"><meta name="viewport" content="width=device-width, initial-scale=1.0"><meta name="apple-mobile-web-app-capable" content="yes"><meta name="mobile-web-app-capable" content="yes"><meta name="theme-color" content="#000000"><link type="image/x-icon" href="/favicon.ico" sizes="16x16 32x32" rel="shortcut icon"><link type="image/x-icon" href="/favicon.ico" sizes="16x16 32x32" rel="icon"><link rel="apple-touch-icon" href="/favicon.ico"><style>.uitk-tabs-container-experimental .uitk-tabs{background:#fff;box-shadow:0 1px 0 0 rgba(12,14,28,.12);display:flex;list-style:none;min-height:2.75rem}.uitk-tabs-container-experimental .uitk-tabs-container{position:relative}.uitk-tabs-container-experimental .uitk-tabs-equal-width .uitk-tab{flex:1}.uitk-tabs-container-experimental .uitk-tabs-natural{height:2.75rem;-webkit-overflow-scrolling:touch;-ms-overflow-style:none;overflow-x:scroll;overflow-y:hidden;scrollbar-width:none;white-space:nowrap}.uitk-tabs-container-experimental .uitk-tabs-natural .uitk-tab{display:inline-block}.uitk-tabs-container-experimental .uitk-tabs-natural::-webkit-scrollbar{display:none;height:0;width:0}.uitk-tabs-container-experimental .background-neutral{background:#fbf8f1}.uitk-tabs-container-experimental .uitk-tab{border-bottom:2px solid transparent;cursor:pointer;text-align:center}.uitk-tabs-container-experimental .uitk-tab.active{animation:.12s cubic-bezier(.4,0,.2,1);border-bottom-color:#e61e43}.uitk-tabs-container-experimental .uitk-tab.active .uitk-tab-text{color:#e61e43}.uitk-tabs-container-experimental .uitk-tab-anchor{display:flex;flex-direction:column;height:100%;justify-content:center;padding:.375rem 1rem}.uitk-tabs-container-experimental .uitk-tab-anchor:hover{box-shadow:none;text-decoration:none;transition:none}.uitk-tabs-container-experimental .uitk-tabs-content{padding-top:.75rem}.uitk-tabs-container-experimental .uitk-tabs-content .uitk-tabs-pane{display:none}.uitk-tabs-container-experimental .uitk-tabs-content .active{display:block}.uitk-tabs-container-experimental .uitk-tabs-content .uitk-expando-button-icon.active{display:inline-flex}.uitk-tabs-container-experimental .uitk-tab-text{color:#191e3b;font-size:.875rem;font-weight:500;line-height:1.29}.uitk-tabs-container-experimental .uitk-tab-subLabel-text{font-size:.625rem;font-weight:400;line-height:1.2}.uitk-tabs-container-experimental .uitk-tabs.uitk-tabs-button{box-shadow:none}.uitk-tabs-container-experimental .uitk-tab.uitk-tab-button{align-items:center;background-color:transparent;border:0 solid transparent;border-radius:2500rem;color:#1668e3;cursor:pointer;display:inline-flex;flex-wrap:wrap;font-size:1rem;font-weight:500;justify-content:center;line-height:1.25rem;margin-left:.25rem;margin-right:.25rem;padding:.5rem 1.25rem;-webkit-tap-highlight-color:transparent}.uitk-tabs-container-experimental .uitk-tab.uitk-tab-button:first-of-type{margin-left:0}.uitk-tabs-container-experimental .uitk-tab.uitk-tab-button:last-of-type{margin-right:0}@media (-ms-high-contrast:active),(hover:hover),all and (-ms-high-contrast:none){.uitk-tabs-container-experimental .uitk-tab.uitk-tab-button:hover{background-color:rgba(12,14,28,.05);border-bottom:0;border-color:#999ca8;color:#1668e3;text-decoration:none}.uitk-tabs-container-experimental .uitk-tab.uitk-tab-button:hover .uitk-tab-text{color:#1668e3}}.uitk-tabs-container-experimental .uitk-tab.uitk-tab-button.active{background-color:rgba(12,14,28,.1);border-color:#999ca8;border-bottom:0;color:#0d4eaf}.uitk-tabs-container-experimental .uitk-tab.uitk-tab-button.active .uitk-tab-text{color:#0d4eaf}.uitk-tabs-container-experimental .uitk-tabs.uitk-tabs-icon-text{height:auto;white-space:nowrap}.uitk-tabs-container-experimental .uitk-tabs.uitk-tabs-icon-text .uitk-tab-anchor{padding-bottom:.75rem;padding-top:1.5rem}.uitk-tabs-container-experimental .uitk-tabs.uitk-tabs-icon-text .uitk-tab-anchor .uitk-tab-text{margin-top:.5rem}.uitk-tabs-container-experimental .uitk-tabs.uitk-tabs-icon-text .uitk-tab-icon-text{flex:1 0 5rem}.uitk-tabs-container-experimental .uitk-tabs.uitk-tabs-icon-text .uitk-tab-icon-text .uitk-icon{color:#191e3b;width:100%}.uitk-tabs-container-experimental .uitk-tabs.uitk-tabs-icon-text .uitk-tab-icon-text.active>.uitk-icon{color:#e61e43}.uitk-tabs-container-experimental .uitk-tabs-inner-container{display:flex;flex-direction:row;-webkit-overflow-scrolling:touch;-ms-overflow-style:none;overflow-y:hidden;scrollbar-width:none;white-space:nowrap}.uitk-tabs-container-experimental .uitk-tabs-inner-container::-webkit-scrollbar{display:none;height:0;width:0}.uitk-tabs-container-experimental .no-navigation-container{justify-content:space-between}.uitk-tabs-container-experimental .uitk-button-tabs-navitem{overflow:unset}@media (min-width:62rem){.uitk-tabs-container-experimental .uitk-button-tabs{overflow:hidden}.uitk-tabs-container-experimental .uitk-button-tabs-navitem{overflow:visible}}.uitk-avatar{--avatar-size:initial;--avatar-icon-size:initial;--avatar-font-size:initial;--avatar-font-weight:initial;--avatar-line-height:initial;aspect-ratio:1;inline-size:var(--avatar-size)}.uitk-avatar-text{font-size:var(--avatar-font-size);font-weight:var(--avatar-font-weight);line-height:var(--avatar-line-height)}.uitk-avatar-icon{--egds-icons__size__block:var(--avatar-icon-size);--egds-icons__size__inline:var(--avatar-icon-size)}.uitk-avatar-small{--avatar-size:1.5rem;--avatar-icon-size:1rem;--avatar-font-size:0.75rem;--avatar-font-weight:700;--avatar-line-height:1rem}.uitk-avatar-medium{--avatar-size:2.25rem;--avatar-icon-size:1.125rem;--avatar-font-size:0.75rem;--avatar-font-weight:700;--avatar-line-height:1rem}.uitk-avatar-large{--avatar-size:3rem;--avatar-icon-size:1.5rem;--avatar-font-size:1rem;--avatar-font-weight:700;--avatar-line-height:1.25rem}.uitk-avatar-extra_large{--avatar-size:4rem;--avatar-icon-size:2rem;--avatar-font-size:1.25rem;--avatar-font-weight:700;--avatar-line-height:1.5rem}.uitk-avatar-placeholder{background:no-repeat 50%/cover var(--uitk-avatar-placeholder-withurl)}.uitk-avatar-group{display:flex}.uitk-avatar-group-small .uitk-avatar-group-item:not(:first-child){margin-inline-start:-.5rem}.uitk-avatar-group-medium .uitk-avatar-group-item:not(:first-child){margin-inline-start:-.75rem}.uitk-avatar-group-large .uitk-avatar-group-item:not(:first-child){margin-inline-start:-1rem}.uitk-action-list-has-border{--egds-legacy-border-color:#dfe0e4;border:1px solid var(--egds-outline-variant,var(--egds-legacy-border-color))}.uitk-action-list-has-corners{border-radius:1rem}.uitk-action-list-item{--egds-icons__theme:var(--egds-on-surface,inherit);align-items:center;display:flex;min-block-size:3rem;position:relative}.uitk-action-list-item a,.uitk-action-list-item button{z-index:100}.uitk-action-list-item-link{align-items:center;background:transparent;block-size:100%;display:grid;inline-size:100%;inset-block-end:0;inset-block-start:0;inset-inline-end:0;inset-inline-start:0;overflow:hidden;position:absolute;text-align:start;white-space:nowrap;z-index:100}.uitk-action-list-item-link-has-visible-text{color:inherit}.uitk-action-list-item-link-has-visible-text:hover{text-decoration:none}.uitk-action-list-item-link:focus-visible{--egds-legacy-border-color:#1668e3;box-shadow:inset 0 0 0 2px var(--egds-outline-focus,var(--egds-legacy-border-color));outline:none}.uitk-action-list-item:first-child .uitk-action-list-item-link{border-radius:1rem 1rem 0 0}.uitk-action-list-item:last-child .uitk-action-list-item-link{border-radius:0 0 1rem 1rem}.uitk-action-list-item-content{inline-size:100%}.uitk-action-list-item-disabled{opacity:.36;pointer-events:none}.uitk-action-list-item-standard,.uitk-action-list-item-standard .uitk-action-list-item-link{padding-block:.75rem;padding-inline:.75rem}.uitk-action-list-item-relaxed,.uitk-action-list-item-relaxed .uitk-action-list-item-link{padding-block:.75rem;padding-inline:1.5rem}.uitk-action-list-item-active{--egds-legacy-background-color:rgba(12,14,28,.1);background-color:var(--egds-secondary-container,var(--egds-legacy-background-color))}.uitk-action-list-item-border{--egds-legacy-border-color:#dfe0e4;border-block-end:1px solid var(--egds-outline-variant,var(--egds-legacy-border-color))}.uitk-action-list-item-border:last-child{border:none}.uitk-action-list-item:hover{--egds-legacy-background-color:rgba(12,14,28,.05);background-color:var(--egds-secondary-container-variant,var(--egds-legacy-background-color))}.uitk-action-list-item:active{--egds-legacy-background-color:rgba(12,14,28,.1);background-color:var(--egds-secondary-container,var(--egds-legacy-background-color))}.uitk-action-list-item .uitk-action-list-item-check{--egds-legacy-fill-color:#191e3b;block-size:1.5rem;fill:var(--egds-on-surface,var(--egds-legacy-fill-color));inline-size:1.5rem;margin-inline-start:.75rem}.uitk-badge{align-items:center;border-radius:.25rem;display:inline-flex;gap:.25rem;justify-content:center;white-space:nowrap}.uitk-badge-text{font-weight:500}.uitk-badge-has-text{padding-block:0;padding-inline:.5rem}.uitk-badge-has-border{border:1px solid #dfe0e4}.uitk-badge-small{font-size:.625rem;min-block-size:1rem;min-inline-size:1rem;--egds-icons__size__block:0.75rem;--egds-mark__size__block:0.75rem}.uitk-badge-large{font-size:.75rem;min-block-size:1.5rem;min-inline-size:1.5rem}.uitk-badge-deal-bundled,.uitk-badge-deal-generic{background-color:#e61e43;color:#fff}.uitk-badge-deal-member{background-color:#7b1fa2;color:#fff}.uitk-badge-notification{background-color:#a7183c;color:#fff}.uitk-badge-saved{background-color:#e61e43;color:#fff}.uitk-badge-loyalty-extra-high-tier,.uitk-badge-vip{background-color:#191e3b;color:#fff}.uitk-badge-loyalty-high-tier{background-color:#7c6935;color:#fff}.uitk-badge-loyalty-middle-tier{background-color:#646c75;color:#fff}.uitk-badge-loyalty-low-tier{background-color:#7b1fa2;color:#fff}.uitk-badge-promoted,.uitk-badge-sponsored,.uitk-badge-viewed{background-color:#fff;color:#191e3b}.uitk-badge-family-friendly{background-color:#dfe0e4;color:#191e3b}.uitk-badge-supplier-promo{background-color:#fff;color:#818494}.uitk-badge-notification-1{background-color:#b2ebf2;border:1px solid #fff;color:#0c0e1c}.uitk-badge-notification-1,.uitk-badge-notification-2{font-size:.625rem;line-height:.75rem;padding-block:2px;padding-inline:.25rem}.uitk-badge-notification-2{background-color:#fff;color:#191e3b}.uitk-badge-floating-dot-notification{background-color:#e61e43;block-size:.375rem;border-radius:100%;inline-size:.375rem;visibility:hidden}.uitk-badge-floating-dot-notification-is-visible{visibility:visible}.uitk-badge-dot-notification{background-color:#b2ebf2;block-size:.5rem;border-radius:100%;inline-size:.5rem;visibility:hidden}.uitk-badge-dot-notification-is-visible{visibility:visible}.uitk-badge-base{align-items:center;display:inline-flex;gap:.25rem;justify-content:center;vertical-align:middle;white-space:nowrap}.uitk-badge-base-small{font-size:.625rem;font-weight:700;line-height:.75rem;min-block-size:1rem;min-inline-size:1rem}.uitk-badge-base-large{font-size:.75rem;font-weight:700;line-height:1rem;min-block-size:1.5rem;min-inline-size:1.5rem}.uitk-badge-base-small{padding-block:2px;padding-inline:.25rem}.uitk-badge-base-large{padding-block:.25rem;padding-inline:.5rem}.uitk-badge-base-has-text{border-radius:.25rem}.uitk-badge-base-icon-only{block-size:1.5rem;border-radius:2500rem;inline-size:1.5rem}.uitk-badge-base-icon-only.uitk-badge-standard-large{padding:0}.uitk-badge-base-text{font-weight:500}.uitk-badge-standard{--egds-legacy-background-color:#dfe0e4;--egds-legacy-color:#191e3b;--egds-legacy-fill-color:#191e3b;--egds-icons__theme:var(--egds-on-surface,var(--egds-legacy-fill-color));background-color:var(--egds-surface-container,var(--egds-legacy-background-color));color:var(--egds-on-surface,var(--egds-legacy-color))}.uitk-badge-emphasis{--egds-legacy-background-color:#0c0e1c;--egds-legacy-color:#fff;--egds-legacy-fill-color:#fff;--egds-icons__theme:var(--egds-inverse-on-surface,var(--egds-legacy-fill-color));background-color:var(--egds-inverse-surface,var(--egds-legacy-background-color));color:var(--egds-inverse-on-surface,var(--egds-legacy-color))}.uitk-badge-info{--egds-legacy-background-color:#818494;--egds-legacy-color:#fff;--egds-legacy-fill-color:#fff;--egds-icons__theme:var(--egds-on-info,var(--egds-legacy-fill-color));background-color:var(--egds-info,var(--egds-legacy-background-color));color:var(--egds-on-info,var(--egds-legacy-color))}.uitk-badge-featured{--egds-legacy-background-color:#caccd2;--egds-legacy-color:#191e3b;--egds-legacy-fill-color:#191e3b;--egds-icons__theme:var(--egds-on-featured,var(--egds-legacy-fill-color));background-color:var(--egds-featured,var(--egds-legacy-background-color));color:var(--egds-on-featured,var(--egds-legacy-color))}.uitk-badge-brand{--egds-legacy-background-color:#e61e43;--egds-legacy-color:#fff;--egds-legacy-fill-color:#fff;--egds-icons__theme:var(--egds-undefined,var(--egds-legacy-fill-color));background-color:var(--egds-undefined,var(--egds-legacy-background-color));color:var(--egds-undefined,var(--egds-legacy-color))}.uitk-badge-warning{--egds-legacy-background-color:#a7183c;--egds-legacy-color:#fff;--egds-legacy-fill-color:#fff;--egds-icons__theme:var(--egds-on-critical,var(--egds-legacy-fill-color));background-color:var(--egds-critical,var(--egds-legacy-background-color));color:var(--egds-on-critical,var(--egds-legacy-color))}.uitk-badge-positive{--egds-legacy-background-color:#227950;--egds-legacy-color:#fff;--egds-legacy-fill-color:#fff;--egds-icons__theme:var(--egds-on-positive,var(--egds-legacy-fill-color));background-color:var(--egds-positive,var(--egds-legacy-background-color));color:var(--egds-on-positive,var(--egds-legacy-color))}.uitk-badge-loyalty-lowtier{background-color:#7b1fa2;color:#fff;fill:#fff}.uitk-badge-loyalty-lowtier:not(.uitk-badge-base-has-text){border-radius:2500rem;padding:0}.uitk-badge-loyalty-midtier{background-color:#646c75;color:#fff;fill:#fff}.uitk-badge-loyalty-midtier:not(.uitk-badge-base-has-text){border-radius:2500rem;padding:0}.uitk-badge-loyalty-hightier{background-color:#7c6935;color:#fff;fill:#fff}.uitk-badge-loyalty-hightier:not(.uitk-badge-base-has-text){border-radius:2500rem;padding:0}.uitk-badge-loyalty-extrahightier{background-color:#191e3b;color:#fff;fill:#fff}.uitk-badge-loyalty-extrahightier:not(.uitk-badge-base-has-text){border-radius:2500rem;padding:0}.uitk-badge-loyalty-global-standardtier{background-color:#191e3b;color:#fff;fill:#fff}.uitk-badge-loyalty-global-standardtier:not(.uitk-badge-base-has-text){border-radius:2500rem;padding:0}.uitk-badge-loyalty-global-lowtier{background-color:#304ca2;color:#fff;fill:#fff}.uitk-badge-loyalty-global-lowtier:not(.uitk-badge-base-has-text){border-radius:2500rem;padding:0}.uitk-badge-loyalty-global-middletier{background-color:#707480;color:#fff;fill:#fff}.uitk-badge-loyalty-global-middletier:not(.uitk-badge-base-has-text){border-radius:2500rem;padding:0}.uitk-badge-loyalty-global-hightier{background-color:#ffb800;color:#191e3b;fill:#191e3b}.uitk-badge-loyalty-global-hightier:not(.uitk-badge-base-has-text){border-radius:2500rem;padding:0}.uitk-badge-loyalty-global-extrahightier{background-color:#c3c3cf;color:#191e3b;fill:#191e3b}.uitk-badge-loyalty-global-extrahightier:not(.uitk-badge-base-has-text){border-radius:2500rem;padding:0}.uitk-badge-loyalty-vip{background-color:#191e3b;color:#fff;fill:#fff}.uitk-badge-loyalty-vip:not(.uitk-badge-base-has-text){border-radius:2500rem;padding:0}.uitk-badge-program-deal{background-color:#e61e43;color:#fff;fill:#fff}.uitk-badge-program-member{background-color:#7b1fa2;color:#fff;fill:#fff}.uitk-badge-program-trip{background-color:#e61e43;color:#fff;fill:#fff}.uitk-badge-program-supplierpromo{background-color:#fff;color:#818494;fill:#818494}.uitk-badge-program-vmc{background-color:#4d5167;color:#fff;fill:var(--badge__program__virtual_market_coach__icon__fill_color)}.uitk-badge-notification{align-items:center;display:inline-flex;justify-content:center;white-space:nowrap}.uitk-badge-notification-wrapper{color:var(--egds-on-surface,inherit);display:inline-flex;position:relative}.uitk-badge-notification-count-mask{-webkit-mask-image:url('data:image/svg+xml;utf8,<svg xmlns="http://www.w3.org/2000/svg" width="100px" height="100px"><path d="M 0,0  L 90,0 L 90,5 Q 91,9 95,10 L 100,10 L 100,100 L 0,100 z"/></svg>');mask-image:url('data:image/svg+xml;utf8,<svg xmlns="http://www.w3.org/2000/svg" width="100px" height="100px"><path d="M 0,0  L 90,0 L 90,5 Q 91,9 95,10 L 100,10 L 100,100 L 0,100 z"/></svg>')}.uitk-badge-notification-count-mask,.uitk-badge-notification-dot-mask{display:inline-flex;mask-mode:alpha;-webkit-mask-position:top right;mask-position:top right}.uitk-badge-notification-dot-mask{-webkit-mask-image:url('data:image/svg+xml;utf8,<svg xmlns="http://www.w3.org/2000/svg" width="100px" height="100px"><path d="M 0,0  L 91.5,0 A 6.25 6.25 0 0 0 100,8.5 L 100,10 L 100,100 L 0,100 z"/></svg>');mask-image:url('data:image/svg+xml;utf8,<svg xmlns="http://www.w3.org/2000/svg" width="100px" height="100px"><path d="M 0,0  L 91.5,0 A 6.25 6.25 0 0 0 100,8.5 L 100,10 L 100,100 L 0,100 z"/></svg>')}.uitk-badge-notification-dot{block-size:.5rem;border-radius:100%;inline-size:.5rem;position:absolute}.uitk-badge-notification-dot.uitk-badge-notification-with-icon{inset-block-start:-1px;inset-inline-end:-1px}.uitk-badge-notification-dot.uitk-badge-notification-with-text{inset-block-start:-.25rem;inset-inline-start:calc(100% + 1px)}.uitk-badge-notification-count{block-size:1rem;border-radius:.25rem;min-inline-size:1rem;padding:.25rem;position:absolute}.uitk-badge-notification-count.uitk-badge-notification-with-icon{inset-block-end:calc(100% - .5rem);inset-inline-start:calc(100% - .5rem)}.uitk-badge-notification-count.uitk-badge-notification-with-text{inset-block-start:-.688rem;inset-inline-start:calc(100% + 1px)}.uitk-badge-notification-numbers{font-family:[object Object];font-size:.625rem;font-weight:700;line-height:.75rem}.uitk-badge-notification-unread{--egds-legacy-background-color:#b2ebf2;--egds-legacy-color:#0c0e1c;background-color:var(--egds-secondary,var(--egds-legacy-background-color));color:var(--egds-on-secondary,var(--egds-legacy-color))}.uitk-badge-notification-activity{--egds-legacy-background-color:#a7183c;--egds-legacy-color:#fff;background-color:var(--egds-critical,var(--egds-legacy-background-color));color:var(--egds-on-critical,var(--egds-legacy-color))}.uitk-badge-notification-action{--egds-legacy-background-color:#1668e3;--egds-legacy-color:#fff;background-color:var(--egds-secondary,var(--egds-legacy-background-color));color:var(--egds-on-secondary,var(--egds-legacy-color))}.uitk-badge-notification-default{--egds-legacy-background-color:#4d5167;--egds-legacy-color:#fff;background-color:var(--egds-inverse-surface,var(--egds-legacy-background-color));color:var(--egds-inverse-on-surface,var(--egds-legacy-color))}.uitk-badge-notification-inverse{--egds-legacy-background-color:#fff;--egds-legacy-color:#191e3b;background-color:var(--egds-surface,var(--egds-legacy-background-color));color:var(--egds-on-surface,var(--egds-legacy-color))}.uitk-banner{--egds-legacy-heading-color:#fff;--egds-legacy-description-color:#fff;--egds-legacy-link-color:#fff;--egds-legacy-fill-color:#fff;border-radius:1rem;padding:.75rem}.uitk-banner-critical{--egds-legacy-background-color:#31374f;--egds-heading__color:var(--egds-inverse-on-surface);--egds-text__color:var(--egds-inverse-on-surface);--egds-icons__theme:var(--egds-inverse-on-surface);background-color:var(--egds-inverse-surface,var(--egds-legacy-background-color))}.uitk-banner-error{--egds-legacy-background-color:#a7183c;--egds-heading__color:var(--egds-on-critical);--egds-text__color:var(--egds-on-critical);--egds-icons__theme:var(--egds-on-critical);background-color:var(--egds-critical,var(--egds-legacy-background-color))}.uitk-banner-full-width{border-radius:unset}.uitk-banner-full-width>*{inline-size:100%;margin:auto}.uitk-banner-full-width:not(.uitk-banner-full-width-content)>*{max-inline-size:78rem}.uitk-banner .uitk-banner-icon{color:var(--egds-icons__theme,var(--egds-legacy-fill-color))}.uitk-banner .uitk-banner-header{color:var(--egds-heading__color,var(--egds-legacy-heading-color))}.uitk-banner .uitk-banner-description{color:var(--egds-text__color,var(--egds-legacy-description-color))}.uitk-banner .uitk-banner-link{text-decoration:underline}.uitk-banner .uitk-banner-link,.uitk-banner .uitk-banner-link:active,.uitk-banner .uitk-banner-link:hover,.uitk-banner .uitk-banner-link:visited{color:var(--egds-text__color,var(--egds-legacy-link-color))}.uitk-banner .uitk-banner-link:active,.uitk-banner .uitk-banner-link:hover{text-decoration:underline}.uitk-button{align-items:center;border-radius:2500rem;border-style:solid;border-width:0;cursor:pointer;display:inline-flex;flex-wrap:nowrap;font-weight:500;justify-content:center;-webkit-tap-highlight-color:transparent;text-shadow:none}@media (hover:hover){.uitk-button:not(:disabled):hover{text-decoration:none}.uitk-button-secondary:not(:disabled):hover{--egds-legacy-border-color:#818494;--egds-legacy-background-color:#ecf4fd;--egds-legacy-color:#1668e3;--egds-legacy-fill-color:#1668e3;background-color:var(--egds-secondary-container-variant,var(--egds-legacy-background-color));color:var(--egds-on-secondary-container,var(--egds-legacy-color));--egds-icons__theme:var(--egds-on-secondary-container,var(--egds-legacy-fill-color));border-color:var(--egds-outline,var(--egds-legacy-border-color))}.uitk-button-secondary-inverse:not(:disabled):hover{--egds-legacy-background-color:rgba(12,14,28,.1);--egds-legacy-color:#fff;--egds-legacy-fill-color:#fff;background-color:var(--egds-undefined,var(--egds-legacy-background-color));color:var(--egds-undefined,var(--egds-legacy-color));--egds-icons__theme:var(--egds-undefined,var(--egds-legacy-fill-color));border-color:#fff}.uitk-button-tertiary:not(:disabled):hover{--egds-legacy-background-color:rgba(12,14,28,.05);--egds-legacy-color:#1668e3;--egds-legacy-fill-color:#1668e3;background-color:var(--egds-secondary-container-variant,var(--egds-legacy-background-color));color:var(--egds-on-secondary-container,var(--egds-legacy-color))}.uitk-button-tertiary-inverse:not(:disabled):hover{--egds-legacy-background-color:rgba(12,14,28,.1);--egds-legacy-color:#fff;--egds-legacy-fill-color:#fff;--egds-opacity-default:var(--egds-button-opacity-tertiary-inverse-default);--egds-opacity-hover:var(--egds-button-opacity-tertiary-inverse-hover);--egds-opacity-active:var(--egds-button-opacity-tertiary-inverse-active);background:none;color:var(--egds-inverse-on-surface,var(--egds-legacy-color));position:relative;z-index:0;--egds-icons__theme:var(--egds-inverse-on-surface,var(--egds-legacy-fill-color))}.uitk-button-tertiary-inverse:not(:disabled):hover:active:before,.uitk-button-tertiary-inverse:not(:disabled):hover:before,.uitk-button-tertiary-inverse:not(:disabled):hover:hover:before{background:var(--egds-surface,var(--egds-legacy-background-color));block-size:100%;border-radius:inherit;content:"";inline-size:100%;inset-block-start:0;inset-inline-start:0;opacity:var(--egds-opacity-default,unset);position:absolute;z-index:-1}.uitk-button-tertiary-inverse:not(:disabled):hover:hover:before{opacity:var(--egds-opacity-hover,unset)}.uitk-button-tertiary-inverse:not(:disabled):hover:active:before{opacity:var(--egds-opacity-active,unset)}.uitk-button-floating-action:not(:disabled):hover{--egds-legacy-fill-color:#0d4eaf;--egds-icons__theme:var(--egds-on-secondary-container,var(--egds-legacy-fill-color))}.uitk-button-floating-action:not(:disabled):hover,.uitk-button-floating:not(:disabled):hover{--egds-legacy-background-color:#ecf4fd;background-color:var(--egds-secondary-container-variant,var(--egds-legacy-background-color))}.uitk-button-floating:not(:disabled):hover{--egds-legacy-color:#0d4eaf;--egds-legacy-fill-color:#0d4eaf;color:var(--egds-on-secondary-container,var(--egds-legacy-color));--egds-icons__theme:var(--egds-on-secondary-container,var(--egds-legacy-fill-color))}.uitk-button-paging:not(:disabled):hover{--egds-legacy-background-color:#dfe0e4;--egds-legacy-fill-color:#0d4eaf;background-color:var(--egds-secondary-container-variant,var(--egds-legacy-background-color));--egds-icons__theme:var(--egds-on-secondary-container,var(--egds-legacy-fill-color));border-color:var(--egds-outline,buttonborder)}.uitk-button-paging-overlay:not(:disabled):hover{--egds-legacy-background-color:rgba(12,14,28,.8);--egds-legacy-color:var(--button__paging__overlay__hover__text_color);--egds-legacy-fill-color:#fff;--egds-opacity-default:var(--egds-button-opacity-overlay-default);--egds-opacity-hover:var(--egds-button-opacity-overlay-hover);--egds-opacity-active:var(--egds-button-opacity-overlay-active);background:none;color:var(--egds-on-overlay,var(--egds-legacy-color));position:relative;z-index:0;--egds-icons__theme:var(--egds-on-overlay,var(--egds-legacy-fill-color))}.uitk-button-paging-overlay:not(:disabled):hover:active:before,.uitk-button-paging-overlay:not(:disabled):hover:before,.uitk-button-paging-overlay:not(:disabled):hover:hover:before{background:var(--egds-overlay,var(--egds-legacy-background-color));block-size:100%;border-radius:inherit;content:"";inline-size:100%;inset-block-start:0;inset-inline-start:0;opacity:var(--egds-opacity-default,unset);position:absolute;z-index:-1}.uitk-button-paging-overlay:not(:disabled):hover:hover:before{opacity:var(--egds-opacity-hover,unset)}.uitk-button-paging-overlay:not(:disabled):hover:active:before{opacity:var(--egds-opacity-active,unset)}.uitk-button-overlay-icon:not(:disabled):hover,.uitk-button-overlay:not(:disabled):hover{--egds-legacy-background-color:rgba(12,14,28,.8);--egds-legacy-color:#fff;--egds-legacy-fill-color:#fff;--egds-opacity-default:var(--egds-button-opacity-overlay-default);--egds-opacity-hover:var(--egds-button-opacity-overlay-hover);--egds-opacity-active:var(--egds-button-opacity-overlay-active);background:none;color:var(--egds-on-overlay,var(--egds-legacy-color));position:relative;z-index:0;--egds-icons__theme:var(--egds-on-overlay,var(--egds-legacy-fill-color))}.uitk-button-overlay-icon:not(:disabled):hover:active:before,.uitk-button-overlay-icon:not(:disabled):hover:before,.uitk-button-overlay-icon:not(:disabled):hover:hover:before,.uitk-button-overlay:not(:disabled):hover:active:before,.uitk-button-overlay:not(:disabled):hover:before,.uitk-button-overlay:not(:disabled):hover:hover:before{background:var(--egds-overlay,var(--egds-legacy-background-color));block-size:100%;border-radius:inherit;content:"";inline-size:100%;inset-block-start:0;inset-inline-start:0;opacity:var(--egds-opacity-default,unset);position:absolute;z-index:-1}.uitk-button-overlay-icon:not(:disabled):hover:hover:before,.uitk-button-overlay:not(:disabled):hover:hover:before{opacity:var(--egds-opacity-hover,unset)}.uitk-button-overlay-icon:not(:disabled):hover:active:before,.uitk-button-overlay:not(:disabled):hover:active:before{opacity:var(--egds-opacity-active,unset)}}@-moz-document url-prefix(){.uitk-button:hover{text-decoration:none}.uitk-button-secondary:hover{--egds-legacy-border-color:#818494;--egds-legacy-background-color:#ecf4fd;--egds-legacy-color:#1668e3;--egds-legacy-fill-color:#1668e3;background-color:var(--egds-secondary-container-variant,var(--egds-legacy-background-color));color:var(--egds-on-secondary-container,var(--egds-legacy-color));--egds-icons__theme:var(--egds-on-secondary-container,var(--egds-legacy-fill-color));border-color:var(--egds-outline,var(--egds-legacy-border-color))}.uitk-button-secondary-inverse:hover{--egds-legacy-background-color:rgba(12,14,28,.1);--egds-legacy-color:#fff;--egds-legacy-fill-color:#fff;background-color:var(--egds-undefined,var(--egds-legacy-background-color));color:var(--egds-undefined,var(--egds-legacy-color));--egds-icons__theme:var(--egds-undefined,var(--egds-legacy-fill-color));border-color:#fff}.uitk-button-tertiary:hover{--egds-legacy-background-color:rgba(12,14,28,.05);--egds-legacy-color:#1668e3;--egds-legacy-fill-color:#1668e3;background-color:var(--egds-secondary-container-variant,var(--egds-legacy-background-color));color:var(--egds-on-secondary-container,var(--egds-legacy-color))}.uitk-button-tertiary-inverse:hover{--egds-legacy-background-color:rgba(12,14,28,.1);--egds-legacy-color:#fff;--egds-legacy-fill-color:#fff;--egds-opacity-default:var(--egds-button-opacity-tertiary-inverse-default);--egds-opacity-hover:var(--egds-button-opacity-tertiary-inverse-hover);--egds-opacity-active:var(--egds-button-opacity-tertiary-inverse-active);background:none;color:var(--egds-inverse-on-surface,var(--egds-legacy-color));position:relative;z-index:0;--egds-icons__theme:var(--egds-inverse-on-surface,var(--egds-legacy-fill-color))}.uitk-button-tertiary-inverse:hover:active:before,.uitk-button-tertiary-inverse:hover:before,.uitk-button-tertiary-inverse:hover:hover:before{background:var(--egds-surface,var(--egds-legacy-background-color));block-size:100%;border-radius:inherit;content:"";inline-size:100%;inset-block-start:0;inset-inline-start:0;opacity:var(--egds-opacity-default,unset);position:absolute;z-index:-1}.uitk-button-tertiary-inverse:hover:hover:before{opacity:var(--egds-opacity-hover,unset)}.uitk-button-tertiary-inverse:hover:active:before{opacity:var(--egds-opacity-active,unset)}.uitk-button-floating-action:hover{--egds-legacy-fill-color:#0d4eaf;--egds-icons__theme:var(--egds-on-secondary-container,var(--egds-legacy-fill-color))}.uitk-button-floating-action:hover,.uitk-button-floating:hover{--egds-legacy-background-color:#ecf4fd;background-color:var(--egds-secondary-container-variant,var(--egds-legacy-background-color))}.uitk-button-floating:hover{--egds-legacy-color:#0d4eaf;--egds-legacy-fill-color:#0d4eaf;color:var(--egds-on-secondary-container,var(--egds-legacy-color));--egds-icons__theme:var(--egds-on-secondary-container,var(--egds-legacy-fill-color))}.uitk-button-paging:hover{--egds-legacy-background-color:#dfe0e4;--egds-legacy-fill-color:#0d4eaf;background-color:var(--egds-secondary-container-variant,var(--egds-legacy-background-color));--egds-icons__theme:var(--egds-on-secondary-container,var(--egds-legacy-fill-color));border-color:var(--egds-outline,buttonborder)}.uitk-button-paging-overlay:hover{--egds-legacy-background-color:rgba(12,14,28,.8);--egds-legacy-color:var(--button__paging__overlay__hover__text_color);--egds-legacy-fill-color:#fff;--egds-opacity-default:var(--egds-button-opacity-overlay-default);--egds-opacity-hover:var(--egds-button-opacity-overlay-hover);--egds-opacity-active:var(--egds-button-opacity-overlay-active);background:none;color:var(--egds-on-overlay,var(--egds-legacy-color));position:relative;z-index:0;--egds-icons__theme:var(--egds-on-overlay,var(--egds-legacy-fill-color))}.uitk-button-paging-overlay:hover:active:before,.uitk-button-paging-overlay:hover:before,.uitk-button-paging-overlay:hover:hover:before{background:var(--egds-overlay,var(--egds-legacy-background-color));block-size:100%;border-radius:inherit;content:"";inline-size:100%;inset-block-start:0;inset-inline-start:0;opacity:var(--egds-opacity-default,unset);position:absolute;z-index:-1}.uitk-button-paging-overlay:hover:hover:before{opacity:var(--egds-opacity-hover,unset)}.uitk-button-paging-overlay:hover:active:before{opacity:var(--egds-opacity-active,unset)}.uitk-button-overlay-icon:hover,.uitk-button-overlay:hover{--egds-legacy-background-color:rgba(12,14,28,.8);--egds-legacy-color:#fff;--egds-legacy-fill-color:#fff;--egds-opacity-default:var(--egds-button-opacity-overlay-default);--egds-opacity-hover:var(--egds-button-opacity-overlay-hover);--egds-opacity-active:var(--egds-button-opacity-overlay-active);background:none;color:var(--egds-on-overlay,var(--egds-legacy-color));position:relative;z-index:0;--egds-icons__theme:var(--egds-on-overlay,var(--egds-legacy-fill-color))}.uitk-button-overlay-icon:hover:active:before,.uitk-button-overlay-icon:hover:before,.uitk-button-overlay-icon:hover:hover:before,.uitk-button-overlay:hover:active:before,.uitk-button-overlay:hover:before,.uitk-button-overlay:hover:hover:before{background:var(--egds-overlay,var(--egds-legacy-background-color));block-size:100%;border-radius:inherit;content:"";inline-size:100%;inset-block-start:0;inset-inline-start:0;opacity:var(--egds-opacity-default,unset);position:absolute;z-index:-1}.uitk-button-overlay-icon:hover:hover:before,.uitk-button-overlay:hover:hover:before{opacity:var(--egds-opacity-hover,unset)}.uitk-button-overlay-icon:hover:active:before,.uitk-button-overlay:hover:active:before{opacity:var(--egds-opacity-active,unset)}}.uitk-button-primary:focus-visible{outline:.313rem auto Highlight;outline:.313rem auto -webkit-focus-ring-color;outline-offset:2px}.uitk-button:disabled,.uitk-button:disabled:hover,.uitk-button[aria-disabled=true],.uitk-button[data-disabled=true]{cursor:not-allowed;opacity:.36}.uitk-button:disabled .uitk-button:disabled,.uitk-button:disabled .uitk-button:disabled:hover,.uitk-button:disabled .uitk-button[aria-disabled=true],.uitk-button:disabled .uitk-button[data-disabled=true],.uitk-button:disabled:hover .uitk-button:disabled,.uitk-button:disabled:hover .uitk-button:disabled:hover,.uitk-button:disabled:hover .uitk-button[aria-disabled=true],.uitk-button:disabled:hover .uitk-button[data-disabled=true],.uitk-button[aria-disabled=true] .uitk-button:disabled,.uitk-button[aria-disabled=true] .uitk-button:disabled:hover,.uitk-button[aria-disabled=true] .uitk-button[aria-disabled=true],.uitk-button[aria-disabled=true] .uitk-button[data-disabled=true],.uitk-button[data-disabled=true] .uitk-button:disabled,.uitk-button[data-disabled=true] .uitk-button:disabled:hover,.uitk-button[data-disabled=true] .uitk-button[aria-disabled=true],.uitk-button[data-disabled=true] .uitk-button[data-disabled=true]{opacity:1}.uitk-button-small{--button-padding-inner-vert:0.5rem;--button-padding-inner-horiz:1rem;font-size:.75rem;line-height:1rem;min-block-size:2rem;padding-block:var(--egds-button__padding__block,var(--button-padding-inner-vert));padding-inline:var(--egds-button__padding__inline,var(--button-padding-inner-horiz));--egds-icons__size:1rem}.uitk-button-small.uitk-button-has-text{gap:.25rem}.uitk-button-small.uitk-button-only-icon{border-radius:2500rem;inline-size:2rem;min-block-size:2rem;--egds-icons__size:1rem}.uitk-button-medium{--button-padding-inner-vert:0.5rem;--button-padding-inner-horiz:1.25rem;font-size:1rem;line-height:1.25rem;min-block-size:2.5rem;padding-block:var(--egds-button__padding__block,var(--button-padding-inner-vert));padding-inline:var(--egds-button__padding__inline,var(--button-padding-inner-horiz));--egds-icons__size:1.125rem}.uitk-button-medium.uitk-button-has-text{gap:.5rem}.uitk-button-medium.uitk-button-only-icon{border-radius:2500rem;inline-size:2.5rem;min-block-size:2.5rem;--egds-icons__size:1.125rem}.uitk-button-large{--button-padding-inner-vert:0.75rem;--button-padding-inner-horiz:1.25rem;font-size:1rem;line-height:1.25rem;min-block-size:3rem;padding-block:var(--egds-button__padding__block,var(--button-padding-inner-vert));padding-inline:var(--egds-button__padding__inline,var(--button-padding-inner-horiz));--egds-icons__size:1.125rem}.uitk-button-large.uitk-button-has-text{gap:.5rem}.uitk-button-large.uitk-button-only-icon{border-radius:2500rem;inline-size:3rem;min-block-size:3rem;--egds-icons__size:1.5rem}.uitk-button-small{--egds-icons__size__block:1rem}.uitk-button-as-link{text-align:center}.uitk-button-fullWidth{inline-size:100%;margin-inline-end:0;margin-inline-start:0}.uitk-button-notification-badge{margin-inline-end:.5rem}.uitk-button-primary{--egds-legacy-background-color:#1668e3;--egds-legacy-color:#fff;background:none;color:var(--egds-on-primary,var(--egds-legacy-color));position:relative;z-index:0}.uitk-button-primary:before{background-color:var(--egds-primary-variant,var(--egds-legacy-background-color));opacity:0;z-index:-1}.uitk-button-primary:after,.uitk-button-primary:before{block-size:100%;border-radius:2500rem;content:"";inline-size:100%;inset-block-start:0;inset-inline-start:0;position:absolute}.uitk-button-primary:after{background-color:var(--egds-primary,var(--egds-legacy-background-color));z-index:-2}.uitk-button-primary:hover:not(:disabled):not(.uitk-button-primary-inverse):before{--egds-legacy-background-color:#0d4eaf;opacity:var(--egds-primary-button-hover-opacity,1)}.uitk-button-primary:active:not(:disabled):not(.uitk-button-primary-inverse):before{--egds-legacy-background-color:#0e3672;opacity:1}.uitk-button-primary.uitk-button-primary-inverse{background-color:#fff;color:#1668e3}.uitk-button-primary.uitk-button-primary-inverse:after,.uitk-button-primary.uitk-button-primary-inverse:before{opacity:0}.uitk-button-primary.uitk-button-primary-inverse:hover:not(:disabled){background-color:#dfe0e4;color:#0d4eaf}.uitk-button-primary.uitk-button-primary-inverse:active:not(:disabled){background-color:#caccd2;color:#0d4eaf}.uitk-button-floating-full-width{border-radius:2500rem;box-shadow:0 2px .75rem rgba(12,14,28,.08);inline-size:100%;min-block-size:3rem;overflow:hidden}.uitk-button-secondary{--egds-legacy-default-border-color:#818494;--egds-legacy-active-border-color:#818494;border-color:var(--egds-outline,var(--egds-legacy-default-border-color));border-radius:2500rem;border-width:1px;--egds-legacy-background-color:#fff;--egds-legacy-color:#1668e3;--egds-legacy-fill-color:#1668e3;background-color:var(--egds-surface-low-elevation,var(--egds-legacy-background-color));color:var(--egds-secondary,var(--egds-legacy-color));--egds-icons__theme:var(--egds-secondary,var(--egds-legacy-fill-color))}.uitk-button-secondary[data-context=global_navigation]{background-color:#fff;border-color:#818494;color:#1668e3;--egds-icons__theme:#1668e3}.uitk-button-secondary:hover:not(:disabled)[data-context=global_navigation]{background-color:#ecf4fd;border-color:#818494;color:#1668e3;--egds-icons__theme:#1668e3}.uitk-button-secondary:active:not(:disabled){--egds-legacy-background-color:#c8dff9;--egds-legacy-color:#0d4eaf;--egds-legacy-fill-color:#0d4eaf;background-color:var(--egds-secondary-container,var(--egds-legacy-background-color));color:var(--egds-on-secondary-container,var(--egds-legacy-color));--egds-icons__theme:var(--egds-on-secondary-container,var(--egds-legacy-fill-color));border-color:var(--egds-outline,var(--egds-legacy-active-border-color))}.uitk-button-secondary:active:not(:disabled)[data-context=global_navigation]{background-color:#c8dff9;border-color:#818494;color:#0d4eaf;--egds-icons__theme:#0d4eaf}.uitk-button-secondary-inverse{--egds-legacy-background-color:hsla(0,0%,100%,0);--egds-legacy-color:#fff;--egds-legacy-fill-color:#fff;--egds-icons__theme:var(--egds-undefined,var(--egds-legacy-fill-color))}.uitk-button-secondary-inverse,.uitk-button-secondary-inverse:active:not(:disabled){background-color:var(--egds-undefined,var(--egds-legacy-background-color));border-color:#fff;color:var(--egds-undefined,var(--egds-legacy-color))}.uitk-button-secondary-inverse:active:not(:disabled){--egds-legacy-background-color:rgba(12,14,28,.2);--egds-legacy-color:#fff;--egds-legacy-fill-color:#fff;--egds-icons__theme:var(--egds-undefined,var(--egds-legacy-fill-color))}.uitk-button-tertiary{--egds-legacy-background-color:rgba(12,14,28,0);--egds-legacy-color:#1668e3;--egds-legacy-fill-color:#1668e3;background-color:var(--egds-undefined,var(--egds-legacy-background-color));border-radius:2500rem;color:var(--egds-secondary,var(--egds-legacy-color))}.uitk-button-tertiary[data-context=global_navigation]{background-color:hsla(0,0%,100%,0);border-color:#999ca8;color:#e61e43;--egds-icons__theme:#e61e43;border-radius:2500rem;font-weight:500}.uitk-button-tertiary[data-context=global_navigation].uitk-button-small{font-size:.75rem;line-height:1rem}.uitk-button-tertiary[data-context=global_navigation].uitk-button-medium{font-size:.875rem;line-height:1.125rem}.uitk-button-tertiary[data-context=global_navigation].uitk-button-large{font-size:1rem;line-height:1.25rem}.uitk-button-tertiary:hover:not(:disabled)[data-context=global_navigation]{background-color:hsla(0,0%,100%,0);border-color:var(--global_navigation__button__tertiary__hover__border_color);color:#d11544;--egds-icons__theme:#d11544}.uitk-button-tertiary:active:not(:disabled){--egds-legacy-background-color:rgba(12,14,28,.1);--egds-legacy-color:#0d4eaf;--egds-legacy-fill-color:#0d4eaf;background-color:var(--egds-secondary-container,var(--egds-legacy-background-color));color:var(--egds-on-secondary-container,var(--egds-legacy-color))}.uitk-button-tertiary:active:not(:disabled)[data-context=global_navigation]{background-color:hsla(0,0%,100%,0);border-color:#999ca8;color:#a7183c;--egds-icons__theme:#a7183c}.uitk-button-tertiary-inverse{--egds-legacy-background-color:rgba(12,14,28,0);--egds-legacy-color:#fff;--egds-legacy-fill-color:#fff;--egds-opacity-default:var(--egds-button-opacity-tertiary-inverse-default);--egds-opacity-hover:var(--egds-button-opacity-tertiary-inverse-hover);--egds-opacity-active:var(--egds-button-opacity-tertiary-inverse-active);background:none;color:var(--egds-inverse-on-surface,var(--egds-legacy-color));position:relative;z-index:0;--egds-icons__theme:var(--egds-inverse-on-surface,var(--egds-legacy-fill-color))}.uitk-button-tertiary-inverse:active:before,.uitk-button-tertiary-inverse:before,.uitk-button-tertiary-inverse:hover:before{background:var(--egds-surface,var(--egds-legacy-background-color));block-size:100%;border-radius:inherit;content:"";inline-size:100%;inset-block-start:0;inset-inline-start:0;opacity:var(--egds-opacity-default,unset);position:absolute;z-index:-1}.uitk-button-tertiary-inverse:hover:before{opacity:var(--egds-opacity-hover,unset)}.uitk-button-tertiary-inverse:active:before{opacity:var(--egds-opacity-active,unset)}.uitk-button-tertiary-inverse[data-context=global_navigation]{background-color:hsla(0,0%,100%,0);border-color:var(--global_navigation__button__tertiary__inverse__default__border_color);color:#fff;--egds-icons__theme:#fff}.uitk-button-tertiary-inverse:hover:not(:disabled)[data-context=global_navigation]{background-color:hsla(0,0%,100%,0);border-color:var(--global_navigation__button__tertiary__inverse__hover__border_color);color:#fff;--egds-icons__theme:#fff}.uitk-button-tertiary-inverse:active:not(:disabled){--egds-legacy-background-color:rgba(12,14,28,.2);--egds-legacy-color:#fff;--egds-legacy-fill-color:#fff;--egds-opacity-default:var(--egds-button-opacity-tertiary-inverse-default);--egds-opacity-hover:var(--egds-button-opacity-tertiary-inverse-hover);--egds-opacity-active:var(--egds-button-opacity-tertiary-inverse-active);background:none;color:var(--egds-inverse-on-surface,var(--egds-legacy-color));position:relative;z-index:0;--egds-icons__theme:var(--egds-inverse-on-surface,var(--egds-legacy-fill-color))}.uitk-button-tertiary-inverse:active:not(:disabled):active:before,.uitk-button-tertiary-inverse:active:not(:disabled):before,.uitk-button-tertiary-inverse:active:not(:disabled):hover:before{background:var(--egds-surface,var(--egds-legacy-background-color));block-size:100%;border-radius:inherit;content:"";inline-size:100%;inset-block-start:0;inset-inline-start:0;opacity:var(--egds-opacity-default,unset);position:absolute;z-index:-1}.uitk-button-tertiary-inverse:active:not(:disabled):hover:before{opacity:var(--egds-opacity-hover,unset)}.uitk-button-tertiary-inverse:active:not(:disabled):active:before{opacity:var(--egds-opacity-active,unset)}.uitk-button-tertiary-inverse:active:not(:disabled)[data-context=global_navigation]{background-color:hsla(0,0%,100%,0);border-color:var(--global_navigation__button__tertiary__inverse__active__border_color);color:#fff;--egds-icons__theme:#fff}.uitk-button-tertiary.uitk-button-small{padding-block:.5rem;padding-inline:.25rem}.uitk-button-tertiary.uitk-button-medium{padding-block:.5rem;padding-inline:.5rem}.uitk-button-tertiary.uitk-button-large{padding-block:.75rem;padding-inline:.5rem}.uitk-button-tertiary-align-with-content-start.uitk-button-small{margin-inline-start:-.25rem}.uitk-button-tertiary-align-with-content-end.uitk-button-small{margin-inline-end:-.25rem}.uitk-button-tertiary-align-with-content-start.uitk-button-medium{margin-inline-start:-.5rem}.uitk-button-tertiary-align-with-content-end.uitk-button-medium{margin-inline-end:-.5rem}.uitk-button-tertiary-align-with-content-start.uitk-button-large{margin-inline-start:-.5rem}.uitk-button-tertiary-align-with-content-end.uitk-button-large{margin-inline-end:-.5rem}.uitk-button-floating{--egds-legacy-default-border-color:#818494;--egds-legacy-background-color:#fff;--egds-legacy-color:#1668e3;--egds-legacy-fill-color:#1668e3;background-color:var(--egds-surface-medium-elevation,var(--egds-legacy-background-color));color:var(--egds-secondary,var(--egds-legacy-color));--egds-icons__theme:var(--egds-secondary,var(--egds-legacy-fill-color));--button-padding-inner-vert:0.75rem;--button-padding-inner-horiz:1.25rem;font-size:1rem;line-height:1.25rem;min-block-size:3rem;padding-block:var(--egds-button__padding__block,var(--button-padding-inner-vert));padding-inline:var(--egds-button__padding__inline,var(--button-padding-inner-horiz));--egds-icons__size:1.125rem;border-color:var(--egds-outline,var(--egds-legacy-default-border-color));border-radius:2500rem;box-shadow:0 2px .75rem rgba(12,14,28,.08)}.uitk-button-floating.uitk-button-has-text{gap:.5rem}.uitk-button-floating:active:not(:disabled){--egds-legacy-background-color:#c8dff9;--egds-legacy-color:#0d4eaf;--egds-legacy-fill-color:#0d4eaf;background-color:var(--egds-secondary-container,var(--egds-legacy-background-color));color:var(--egds-on-secondary-container,var(--egds-legacy-color));--egds-icons__theme:var(--egds-on-secondary-container,var(--egds-legacy-fill-color))}.uitk-button-floating-action{--egds-legacy-default-border-color:#818494;--egds-legacy-background-color:#fff;--egds-legacy-fill-color:#1668e3;background-color:var(--egds-surface-medium-elevation,var(--egds-legacy-background-color));--egds-icons__theme:var(--egds-secondary,var(--egds-legacy-fill-color));border-color:var(--egds-outline,var(--egds-legacy-default-border-color));border-radius:2500rem;border-width:1px;box-shadow:0 2px .75rem rgba(12,14,28,.08)}.uitk-button-floating-action.uitk-button-only-icon{block-size:3rem;inline-size:3rem;--egds-icons__size:1.5rem}.uitk-button-floating-action-fixed{inset-block-end:.75rem;inset-inline-end:.75rem;position:fixed;z-index:700}.uitk-button-floating-action:active:not(:disabled){--egds-legacy-background-color:#c8dff9;--egds-legacy-fill-color:#0d4eaf;background-color:var(--egds-secondary-container,var(--egds-legacy-background-color));--egds-icons__theme:var(--egds-on-secondary-container,var(--egds-legacy-fill-color))}.uitk-button-paging{--egds-legacy-background-color:#fff;--egds-legacy-fill-color:#1668e3;background-color:var(--egds-surface-medium-elevation,var(--egds-legacy-background-color));--egds-icons__theme:var(--egds-secondary,var(--egds-legacy-fill-color));border-color:var(--egds-outline,buttonborder);border-radius:2500rem;border-width:0;box-shadow:0 2px .75rem rgba(12,14,28,.08);padding:0}.uitk-button-paging.uitk-button-only-icon{block-size:2rem;inline-size:2rem;min-block-size:2rem;--egds-icons__size__block:1.5rem;--egds-icons__size__inline:1.5rem}.uitk-button-paging:active:not(:disabled){--egds-legacy-background-color:#caccd2;--egds-legacy-fill-color:#0d4eaf;background-color:var(--egds-secondary-container,var(--egds-legacy-background-color));--egds-icons__theme:var(--egds-on-secondary-container,var(--egds-legacy-fill-color));border-color:var(--egds-outline,buttonborder)}.uitk-button-paging:before{block-size:3rem;content:"";inline-size:3rem;position:absolute}.uitk-button-paging-overlay{--egds-legacy-background-color:rgba(12,14,28,.6);--egds-legacy-color:var(--button__paging__overlay__default__text_color);--egds-legacy-fill-color:#fff;--egds-opacity-default:var(--egds-button-opacity-overlay-default);--egds-opacity-hover:var(--egds-button-opacity-overlay-hover);--egds-opacity-active:var(--egds-button-opacity-overlay-active);background:none;color:var(--egds-on-overlay,var(--egds-legacy-color));position:relative;z-index:0;--egds-icons__theme:var(--egds-on-overlay,var(--egds-legacy-fill-color))}.uitk-button-paging-overlay:active:before,.uitk-button-paging-overlay:before,.uitk-button-paging-overlay:hover:before{background:var(--egds-overlay,var(--egds-legacy-background-color));block-size:100%;border-radius:inherit;content:"";inline-size:100%;inset-block-start:0;inset-inline-start:0;opacity:var(--egds-opacity-default,unset);position:absolute;z-index:-1}.uitk-button-paging-overlay:hover:before{opacity:var(--egds-opacity-hover,unset)}.uitk-button-paging-overlay:active:before{opacity:var(--egds-opacity-active,unset)}.uitk-button-paging-overlay:active:not(:disabled){--egds-legacy-background-color:#0c0e1c;--egds-legacy-color:var(--button__paging__overlay__active__text_color);--egds-legacy-fill-color:#fff;--egds-opacity-default:var(--egds-button-opacity-overlay-default);--egds-opacity-hover:var(--egds-button-opacity-overlay-hover);--egds-opacity-active:var(--egds-button-opacity-overlay-active);background:none;color:var(--egds-on-overlay,var(--egds-legacy-color));position:relative;z-index:0;--egds-icons__theme:var(--egds-on-overlay,var(--egds-legacy-fill-color))}.uitk-button-paging-overlay:active:not(:disabled):active:before,.uitk-button-paging-overlay:active:not(:disabled):before,.uitk-button-paging-overlay:active:not(:disabled):hover:before{background:var(--egds-overlay,var(--egds-legacy-background-color));block-size:100%;border-radius:inherit;content:"";inline-size:100%;inset-block-start:0;inset-inline-start:0;opacity:var(--egds-opacity-default,unset);position:absolute;z-index:-1}.uitk-button-paging-overlay:active:not(:disabled):hover:before{opacity:var(--egds-opacity-hover,unset)}.uitk-button-paging-overlay:active:not(:disabled):active:before{opacity:var(--egds-opacity-active,unset)}.uitk-button-overlay,.uitk-button-overlay-icon{--egds-legacy-background-color:rgba(12,14,28,.6);--egds-legacy-color:#fff;--egds-legacy-fill-color:#fff;--egds-opacity-default:var(--egds-button-opacity-overlay-default);--egds-opacity-hover:var(--egds-button-opacity-overlay-hover);--egds-opacity-active:var(--egds-button-opacity-overlay-active);background:none;color:var(--egds-on-overlay,var(--egds-legacy-color));position:relative;z-index:0;--egds-icons__theme:var(--egds-on-overlay,var(--egds-legacy-fill-color));border-radius:2500rem}.uitk-button-overlay-icon:active:before,.uitk-button-overlay-icon:before,.uitk-button-overlay-icon:hover:before,.uitk-button-overlay:active:before,.uitk-button-overlay:before,.uitk-button-overlay:hover:before{background:var(--egds-overlay,var(--egds-legacy-background-color));block-size:100%;border-radius:inherit;content:"";inline-size:100%;inset-block-start:0;inset-inline-start:0;opacity:var(--egds-opacity-default,unset);position:absolute;z-index:-1}.uitk-button-overlay-icon:hover:before,.uitk-button-overlay:hover:before{opacity:var(--egds-opacity-hover,unset)}.uitk-button-overlay-icon:active:before,.uitk-button-overlay:active:before{opacity:var(--egds-opacity-active,unset)}.uitk-button-overlay-icon:active:not(:disabled),.uitk-button-overlay:active:not(:disabled){--egds-legacy-background-color:#0c0e1c;--egds-legacy-color:#fff;--egds-legacy-fill-color:#fff;--egds-opacity-default:var(--egds-button-opacity-overlay-default);--egds-opacity-hover:var(--egds-button-opacity-overlay-hover);--egds-opacity-active:var(--egds-button-opacity-overlay-active);background:none;color:var(--egds-on-overlay,var(--egds-legacy-color));position:relative;z-index:0;--egds-icons__theme:var(--egds-on-overlay,var(--egds-legacy-fill-color))}.uitk-button-overlay-icon:active:not(:disabled):active:before,.uitk-button-overlay-icon:active:not(:disabled):before,.uitk-button-overlay-icon:active:not(:disabled):hover:before,.uitk-button-overlay:active:not(:disabled):active:before,.uitk-button-overlay:active:not(:disabled):before,.uitk-button-overlay:active:not(:disabled):hover:before{background:var(--egds-overlay,var(--egds-legacy-background-color));block-size:100%;border-radius:inherit;content:"";inline-size:100%;inset-block-start:0;inset-inline-start:0;opacity:var(--egds-opacity-default,unset);position:absolute;z-index:-1}.uitk-button-overlay-icon:active:not(:disabled):hover:before,.uitk-button-overlay:active:not(:disabled):hover:before{opacity:var(--egds-opacity-hover,unset)}.uitk-button-overlay-icon:active:not(:disabled):active:before,.uitk-button-overlay:active:not(:disabled):active:before{opacity:var(--egds-opacity-active,unset)}.uitk-button-overlay-icon,.uitk-button-overlay.uitk-button-only-icon{block-size:var(--button__icon_only__sizing);border-radius:2500rem;--egds-icons__size__block:var(--button__icon_only__icon__sizing);--egds-icons__size__inline:var(--button__icon_only__icon__sizing)}.uitk-button-external{background-color:transparent;padding:0}.uitk-button-external.uitk-button-small *{min-block-size:2rem}.uitk-button-external.uitk-button-medium *{min-block-size:2.5rem}.uitk-button-external.uitk-button-large *{min-block-size:3rem}.uitk-button-google-signin{border-radius:.5rem;color:#fff;font-weight:400;inline-size:100%;padding-block-end:.875rem;padding-block-start:.875rem;padding-inline-end:3rem;padding-inline-start:3rem;position:relative;--egds-legacy-background-color:#1668e3;--egds-legacy-color:#fff;--egds-legacy-fill-color:#fff;--egds-icons__theme:var(--egds-undefined,var(--egds-legacy-fill-color))}.uitk-button-google-signin,.uitk-button-google-signin:hover:not(:disabled){background-color:var(--egds-undefined,var(--egds-legacy-background-color));color:var(--egds-undefined,var(--egds-legacy-color))}.uitk-button-google-signin:hover:not(:disabled){text-decoration:none;--egds-legacy-background-color:#0d4eaf;--egds-legacy-color:#fff;--egds-legacy-fill-color:#fff;--egds-icons__theme:var(--egds-undefined,var(--egds-legacy-fill-color))}.uitk-button-google-signin:active:not(:disabled){--egds-legacy-background-color:#0e3672;--egds-legacy-color:#fff;--egds-legacy-fill-color:#fff;background-color:var(--egds-undefined,var(--egds-legacy-background-color));color:var(--egds-undefined,var(--egds-legacy-color));--egds-icons__theme:var(--egds-undefined,var(--egds-legacy-fill-color))}.uitk-button-google-signin:after,.uitk-button-google-signin:before{content:"";inset-block-start:50%;pointer-events:none;position:absolute}.uitk-button-google-signin:before{background-color:#fff;block-size:2.375rem;border-radius:.25rem;inline-size:2.375rem;left:.313rem;margin-block-start:-1.188rem}.uitk-button-google-signin:after{background-image:url("data:image/svg+xml;charset=utf-8,%3Csvg xmlns='http://www.w3.org/2000/svg' xmlns:xlink='http://www.w3.org/1999/xlink' width='64' height='64' viewBox='0 0 32 32'%3E%3Cdefs%3E%3Cpath id='a' d='M44.5 20H24v8.5h11.8C34.7 33.9 30.1 37 24 37c-7.2 0-13-5.8-13-13s5.8-13 13-13c3.1 0 5.9 1.1 8.1 2.9l6.4-6.4C34.6 4.1 29.6 2 24 2 11.8 2 2 11.8 2 24s9.8 22 22 22c11 0 21-8 21-22 0-1.3-.2-2.7-.5-4'/%3E%3C/defs%3E%3CclipPath id='b'%3E%3Cuse xlink:href='%23a'/%3E%3C/clipPath%3E%3Cpath fill='%23fbbc05' d='M0 37V11l17 13z' clip-path='url(%23b)' transform='matrix(.72727 0 0 .72727 -.955 -1.455)'/%3E%3Cpath fill='%23ea4335' d='m0 11 17 13 7-6.1L48 14V0H0z' clip-path='url(%23b)' transform='matrix(.72727 0 0 .72727 -.955 -1.455)'/%3E%3Cpath fill='%2334a853' d='m0 37 30-23 7.9 1L48 0v48H0z' clip-path='url(%23b)' transform='matrix(.72727 0 0 .72727 -.955 -1.455)'/%3E%3Cpath fill='%234285f4' d='M48 48 17 24l-4-3 35-10z' clip-path='url(%23b)' transform='matrix(.72727 0 0 .72727 -.955 -1.455)'/%3E%3C/svg%3E");background-repeat:no-repeat;background-size:contain;block-size:1rem;display:block;inline-size:1rem;left:1rem;margin-block-start:-.5rem}.uitk-button-primary-alt{--egds-legacy-background-color:#7b1fa2;--egds-legacy-color:#fff;--egds-legacy-fill-color:#fff;--egds-icons__theme:var(--egds-undefined,var(--egds-legacy-fill-color));border-radius:2500rem}.uitk-button-primary-alt,.uitk-button-primary-alt:hover:not(:disabled){background-color:var(--egds-undefined,var(--egds-legacy-background-color));color:var(--egds-undefined,var(--egds-legacy-color))}.uitk-button-primary-alt:hover:not(:disabled){--egds-legacy-background-color:#aa2dd7;--egds-legacy-color:#fff;--egds-legacy-fill-color:#fff;--egds-icons__theme:var(--egds-undefined,var(--egds-legacy-fill-color))}.uitk-button-primary-alt:active:not(:disabled){--egds-legacy-background-color:#5e187e;--egds-legacy-color:#fff;--egds-legacy-fill-color:#fff;background-color:var(--egds-undefined,var(--egds-legacy-background-color));color:var(--egds-undefined,var(--egds-legacy-color));--egds-icons__theme:var(--egds-undefined,var(--egds-legacy-fill-color))}.uitk-button-toggle{--egds-legacy-border-color:#818494;--content-border-width:1px;--content-border-color:var(--egds-outline,var(--egds-legacy-border-color));min-inline-size:3rem}.uitk-button-toggle-icon{--egds-icons__size__block:var(--icon-block-size);--egds-icons__size__inline:var(--icon-inline-size);--egds-icons__grid_area:icon}.uitk-button-toggle-label-text{font-size:var(--label-text-font-size);font-weight:var(--label-text-font-weight);grid-area:text;line-height:var(--label-text-line-height)}.uitk-button-toggle-label-subtext{font-size:var(--label-subtext-font-size);font-weight:var(--label-subtext-font-weight);grid-area:subtext;line-height:var(--label-subtext-line-height)}.uitk-button-toggle-is-disabled{cursor:not-allowed;opacity:.36}.uitk-button-toggle-is-disabled .uitk-button-toggle-is-disabled{opacity:1}.uitk-button-toggle-content{--egds-legacy-background-color:rgba(12,14,28,0);--egds-legacy-color:#191e3b;align-items:center;background-color:var(--egds-surface-low-elevation,var(--egds-legacy-background-color));block-size:100%;border-radius:.5rem;box-shadow:inset 0 0 0 var(--content-border-width) var(--content-border-color);color:var(--egds-on-surface,var(--egds-legacy-color));cursor:pointer;display:grid;grid-gap:var(--content-grid-gap);grid-template:var(--content-grid-template);-webkit-hyphens:auto;hyphens:auto;justify-content:center;justify-items:center;min-block-size:2.25rem;padding-block:.5rem;padding-inline:.5rem;text-align:center}@media (hover:hover){.uitk-button-toggle:hover .uitk-button-toggle-content{--egds-legacy-background-color:#ecf4fd;background-color:var(--egds-secondary-container-variant,var(--egds-legacy-background-color))}}.uitk-button-toggle:active .uitk-button-toggle-content{--egds-legacy-background-color:#c8dff9;background-color:var(--egds-secondary-container,var(--egds-legacy-background-color))}.uitk-button-toggle-is-inline{--content-grid-template:"text icon"/max-content min-content;--content-grid-gap:2px;--icon-block-size:1.125rem;--icon-inline-size:1.125rem;--label-text-font-size:0.875rem;--label-text-font-weight:400;--label-text-line-height:1.125rem}.uitk-button-toggle-is-stacked{--content-grid-template:"icon" "text" "subtext";--icon-block-size:1.5rem;--icon-inline-size:1.5rem;--label-text-font-size:0.625rem;--label-text-font-weight:700;--label-text-line-height:0.75rem;--label-subtext-font-size:0.625rem;--label-subtext-font-weight:400;--label-subtext-line-height:0.75rem}.uitk-button-toggle-is-stacked .uitk-button-toggle-icon{--egds-legacy-fill-color:#191e3b;fill:var(--egds-on-surface,var(--egds-legacy-fill-color));margin-block-end:.25rem}.uitk-button-toggle-is-checked{--egds-legacy-border-color:#1668e3;--content-border-width:2px;--content-border-color:var(--egds-on-surface,var(--egds-legacy-border-color))}.uitk-button-toggle-is-checked .uitk-button-toggle-icon{--egds-legacy-fill-color:#1668e3;fill:var(--egds-on-surface,var(--egds-legacy-fill-color))}.uitk-button-toggle-is-checked .uitk-button-toggle-content,.uitk-button-toggle-is-checked:hover .uitk-button-toggle-content{--egds-legacy-background-color:#ecf4fd;--egds-legacy-color:#1668e3;background-color:var(--egds-secondary-container-variant,var(--egds-legacy-background-color));color:var(--egds-on-surface,var(--egds-legacy-color))}.uitk-button-toggle-is-checked:active .uitk-button-toggle-content{--egds-legacy-background-color:#c8dff9;--egds-legacy-color:#1668e3;background-color:var(--egds-secondary-container,var(--egds-legacy-background-color));color:var(--egds-on-surface,var(--egds-legacy-color))}.uitk-button-toggle .uitk-button-toggle-content:has(.uitk-button-toggle-input:focus-visible){--egds-legacy-border-color:#1668e3;--content-border-width:2px;--content-border-color:var(--egds-outline-focus,var(--egds-legacy-border-color))}.uitk-button-toggle-group{display:flex;gap:.25rem}.uitk-button-toggle-group-wrap{flex-wrap:wrap}.uitk-button-toggle-group:not(.uitk-button-toggle-group-wrap) .uitk-button-toggle{flex-grow:1}.uitk-no-gridlines .uitk-calendar-day-selection-in-range{--egds-legacy-background-color:#ecf4fd}.uitk-no-gridlines .uitk-calendar-day-selection-in-range-first-of-month{background:linear-gradient(to right,transparent,var(--egds-secondary-container-variant,var(--egds-legacy-background-color)) 50%,var(--egds-secondary-container-variant,var(--egds-legacy-background-color)))}.uitk-no-gridlines .uitk-calendar-day-selection-in-range-last-of-month{background:linear-gradient(to right,var(--egds-secondary-container-variant,var(--egds-legacy-background-color)),var(--egds-secondary-container-variant,var(--egds-legacy-background-color)) 50%,transparent)}.uitk-calendar-day-selection{--egds-legacy-background-color:#ecf4fd;inset:0;inset-block-end:0;inset-inline:0;inset-inline-end:0;position:absolute;z-index:-1}.uitk-calendar-day-selection-range-start{background:linear-gradient(to right,transparent 50%,var(--egds-secondary-container-variant,var(--egds-legacy-background-color)) 50%)}.uitk-calendar-day-selection-range-end{background:linear-gradient(to right,var(--egds-secondary-container-variant,var(--egds-legacy-background-color)) 50%,transparent 50%)}.uitk-calendar-day-selection-range-single,.uitk-calendar-day-selection-range-start:has(.uitk-calendar-day-selection-edge-unconfirmed-same-day){background:transparent}.uitk-calendar-day-selection-in-range,.uitk-calendar-day-selection-in-range-first-of-month,.uitk-calendar-day-selection-in-range-last-of-month{--egds-legacy-background-color:#ecf4fd;background-color:var(--egds-secondary-container-variant,var(--egds-legacy-background-color))}.uitk-calendar-day-selection .uitk-calendar-template-show-selectability .uitk-day-template-selectable{--egds-legacy-color:#191e3b;color:var(--egds-on-surface,var(--egds-legacy-color));text-decoration:none}.uitk-calendar-day-selection-edge-end,.uitk-calendar-day-selection-edge-same-day,.uitk-calendar-day-selection-edge-start{--egds-legacy-background-color:#1668e3;--egds-legacy-color:#191e3b;background-color:var(--egds-secondary,var(--egds-legacy-background-color));block-size:100%;color:var(--egds-on-secondary,var(--egds-legacy-color));inline-size:100%;position:absolute;z-index:-1}.uitk-calendar-day-selection-edge-end .uitk-calendar-template-show-selectability .uitk-day-template-selectable,.uitk-calendar-day-selection-edge-same-day .uitk-calendar-template-show-selectability .uitk-day-template-selectable,.uitk-calendar-day-selection-edge-start .uitk-calendar-template-show-selectability .uitk-day-template-selectable{color:inherit}.uitk-calendar-day-selection-edge-unconfirmed-end{--egds-legacy-background-color:#fff;background-color:var(--egds-surface,var(--egds-legacy-background-color));block-size:100%;position:relative;transition:background-color .2s ease-out 0ms;z-index:-1}.uitk-calendar-day-selection-edge-unconfirmed-end:before{--egds-legacy-border-color:#191e3b;content:"";inset:0;outline:2px solid var(--egds-on-surface,var(--egds-legacy-border-color));outline-offset:-2px;position:absolute}.uitk-calendar-day-selection-edge-same-day{--egds-legacy-border-color:#1668e3;box-shadow:inset 0 0 0 2px #fff,0 0 0 2px var(--egds-secondary,var(--egds-legacy-border-color));transition:.1s;transition-timing-function:ease-out}.uitk-calendar-day-selection-edge-unconfirmed-same-day{--egds-legacy-background-color:#1668e3;--egds-legacy-color:#191e3b;background-color:var(--egds-secondary,var(--egds-legacy-background-color));block-size:100%;color:var(--egds-on-secondary,var(--egds-legacy-color));inline-size:100%;position:absolute;z-index:-1}.uitk-day{--egds-legacy-border-color:#dfe0e4;border-color:var(--egds-outline-variant,var(--egds-legacy-border-color));border-style:solid;border-width:1px;inline-size:14%;margin-block-end:0;overflow:visible;position:relative;z-index:0}.uitk-day:empty{border:transparent}.uitk-day:before{content:"";display:block;inline-size:100%;z-index:-1}.uitk-day:not(.uitk-day-stretchy):before{padding-block-start:100%}.uitk-day-has-min-height{block-size:var(--uitk-day-min-cell-height)}.uitk-day-past{--egds-legacy-color:#676a7d;color:var(--egds-on-surface,var(--egds-legacy-color))}.uitk-day:not(.uitk-day-past):not(:empty).uitk-day-clickable{--egds-legacy-color:#191e3b;color:var(--egds-on-surface,var(--egds-legacy-color))}.uitk-day:focus-within,.uitk-day:hover{z-index:100}.uitk-calendar-day-selection-rectangle .uitk-day-clickable{cursor:pointer}.uitk-calendar-day-selection-rectangle .uitk-day-clickable.uitk-day-selection:before{--egds-legacy-border-color:#191e3b;content:"";inset:-2px;opacity:0;outline:2px solid var(--egds-on-surface,var(--egds-legacy-border-color));position:absolute;visibility:hidden;z-index:500}.uitk-calendar-day-selection-rectangle .uitk-day-clickable.uitk-day-selection-rectangle{border-radius:.5rem}.uitk-calendar-day-selection-rectangle .uitk-day-clickable.uitk-day-selection-circle{border-radius:2500rem}.uitk-day-button{inset:0;position:absolute}@media (hover:none){.uitk-day-button.uitk-day-clickable:not(:focus-visible),.uitk-day-button.uitk-day-selectable:not(:focus-visible){--touch-device-hover-outline-override-color:transparent}}.uitk-day-button.uitk-day-clickable:focus-visible,.uitk-day-button.uitk-day-clickable:hover:not(.uitk-day-selection-same-day),.uitk-day-button.uitk-day-selectable:focus-visible,.uitk-day-button.uitk-day-selectable:hover:not(.uitk-day-selection-same-day){--egds-legacy-border-color:#191e3b;inset:0;outline:2px solid var(--touch-device-hover-outline-override-color,var(--egds-on-surface,var(--egds-legacy-border-color)));outline-offset:-2px;position:absolute}.uitk-day-button.uitk-day-clickable:focus-visible .uitk-calendar-day-selection-edge-unconfirmed-end:before,.uitk-day-button.uitk-day-clickable:hover:not(.uitk-day-selection-same-day) .uitk-calendar-day-selection-edge-unconfirmed-end:before,.uitk-day-button.uitk-day-selectable:focus-visible .uitk-calendar-day-selection-edge-unconfirmed-end:before,.uitk-day-button.uitk-day-selectable:hover:not(.uitk-day-selection-same-day) .uitk-calendar-day-selection-edge-unconfirmed-end:before{border:none}.uitk-day-button.uitk-day-clickable:hover.uitk-day-selection-same-day,.uitk-day-button.uitk-day-selectable:hover.uitk-day-selection-same-day{--egds-legacy-border-color:#191e3b;box-shadow:inset 0 0 0 2px #fff,0 0 0 2px var(--egds-on-surface,var(--egds-legacy-border-color))}.uitk-calendar-day-selection-rectangle .uitk-day-button.uitk-day-clickable:focus-visible,.uitk-calendar-day-selection-rectangle .uitk-day-button.uitk-day-clickable:hover,.uitk-calendar-day-selection-rectangle .uitk-day-button.uitk-day-selectable:focus-visible,.uitk-calendar-day-selection-rectangle .uitk-day-button.uitk-day-selectable:hover{--egds-legacy-border-color:#191e3b;border-radius:.5rem;outline:2px solid var(--touch-device-hover-outline-override-color,var(--egds-on-surface,var(--egds-legacy-border-color)));outline-offset:-2px;position:absolute}.uitk-calendar-day-selection-circle .uitk-day-button.uitk-day-clickable:focus-visible,.uitk-calendar-day-selection-circle .uitk-day-button.uitk-day-clickable:hover,.uitk-calendar-day-selection-circle .uitk-day-button.uitk-day-selectable:focus-visible,.uitk-calendar-day-selection-circle .uitk-day-button.uitk-day-selectable:hover{--egds-legacy-border-color:#191e3b;border-radius:2500rem;outline:2px solid var(--touch-device-hover-outline-override-color,var(--egds-on-surface,var(--egds-legacy-border-color)));position:absolute}.uitk-day .uitk-day-button[aria-disabled=true]:hover{border:none;outline:none}.uitk-month{--month-label-block-size:3rem;--month-label-margin-block-end:1rem;flex-grow:1}.uitk-month-stretchy{block-size:100%}.uitk-month .uitk-align-center,.uitk-month .uitk-align-left,.uitk-month .uitk-align-right{align-items:center;display:flex}.uitk-month .uitk-align-left{justify-content:start}.uitk-month .uitk-align-right{justify-content:end}.uitk-month .uitk-align-center{justify-content:center}.uitk-month.uitk-month-double.uitk-month-double-left{padding-inline-end:1.5rem}.uitk-month.uitk-month-double.uitk-month-double-right{padding-inline-start:1.5rem}.uitk-month.uitk-month-multi{padding-block:1.5rem;padding-inline:1.5rem}.uitk-month .uitk-month-table{border-collapse:collapse;border-spacing:0;inline-size:100%}.uitk-month .uitk-month-table-stretchy{block-size:100%}.uitk-month .uitk-month-label{--egds-legacy-color:#191e3b;block-size:var(--month-label-block-size);color:var(--egds-on-surface,var(--egds-legacy-color));font-size:1rem;font-weight:700;line-height:1.25rem;margin-block-end:var(--month-label-margin-block-end)}.uitk-month .uitk-month-label+.uitk-month-table-stretchy{block-size:calc(100% - var(--month-label-block-size) - var(--month-label-margin-block-end))}.uitk-weekday-names>.uitk-weekday-title{--egds-legacy-color:#191e3b;color:var(--egds-on-surface,var(--egds-legacy-color));font-size:.875rem;font-weight:400;line-height:1.125rem;padding-block-end:1rem;text-align:center}.uitk-calendar{display:flex;flex-wrap:wrap}.uitk-calendar-stretchy{block-size:100%}.uitk-calendar.uitk-no-gridlines .uitk-day{border:0;margin-block:.25rem;margin-inline:0}.uitk-calendar.uitk-no-gridlines .uitk-month .uitk-month-table{border-collapse:separate;border-spacing:0 2px}.uitk-calendar.uitk-no-gridlines .uitk-weekday-names{margin-block-end:.375rem}.uitk-calendar:not(.uitk-no-gridlines) .uitk-day:not(:empty){--egds-legacy-background-color:#fff;background-color:var(--egds-surface,var(--egds-legacy-background-color))}.uitk-calendar.uitk-calendar-day-selection-rectangle .uitk-calendar-day-selection-edge-end,.uitk-calendar.uitk-calendar-day-selection-rectangle .uitk-calendar-day-selection-edge-same-day,.uitk-calendar.uitk-calendar-day-selection-rectangle .uitk-calendar-day-selection-edge-same-day:before,.uitk-calendar.uitk-calendar-day-selection-rectangle .uitk-calendar-day-selection-edge-start,.uitk-calendar.uitk-calendar-day-selection-rectangle .uitk-calendar-day-selection-edge-unconfirmed-end,.uitk-calendar.uitk-calendar-day-selection-rectangle .uitk-calendar-day-selection-edge-unconfirmed-end:before,.uitk-calendar.uitk-calendar-day-selection-rectangle .uitk-calendar-day-selection-edge-unconfirmed-same-day,.uitk-calendar.uitk-calendar-day-selection-rectangle .uitk-calendar-day-selection-edge-unconfirmed-same-day:before{border-radius:.5rem}.uitk-calendar.uitk-calendar-day-selection-circle .uitk-calendar-day-selection-edge-end,.uitk-calendar.uitk-calendar-day-selection-circle .uitk-calendar-day-selection-edge-same-day,.uitk-calendar.uitk-calendar-day-selection-circle .uitk-calendar-day-selection-edge-same-day:before,.uitk-calendar.uitk-calendar-day-selection-circle .uitk-calendar-day-selection-edge-start,.uitk-calendar.uitk-calendar-day-selection-circle .uitk-calendar-day-selection-edge-unconfirmed-end,.uitk-calendar.uitk-calendar-day-selection-circle .uitk-calendar-day-selection-edge-unconfirmed-end:before,.uitk-calendar.uitk-calendar-day-selection-circle .uitk-calendar-day-selection-edge-unconfirmed-same-day,.uitk-calendar.uitk-calendar-day-selection-circle .uitk-calendar-day-selection-edge-unconfirmed-same-day:before{border-radius:2500rem}.uitk-cal-controls{position:relative}.uitk-cal-controls-stretchy{block-size:100%}.uitk-cal-controls-empty{padding-block:0;padding-inline:1.25rem}.uitk-cal-controls-button{position:absolute;transition-property:background-color,opacity;z-index:100}.uitk-cal-controls-button-outset{inset-block-start:40%}.uitk-cal-controls-button-outset.uitk-cal-controls-button-prev{inset-inline-start:0}.uitk-cal-controls-button-outset.uitk-cal-controls-button-next{inset-inline-end:0}.uitk-cal-controls-button-inset{display:flex;inline-size:14.2857142857%;inset-block-start:0;justify-content:center;margin-block-start:.5rem}.uitk-cal-controls-button-inset.uitk-cal-controls-button-prev{inset-inline-start:0}.uitk-cal-controls-button-inset.uitk-cal-controls-button-next{inset-inline-end:0}.uitk-cal-controls-parent-stretchy{block-size:100%}.uitk-cal-controls-parent-outset-multi,.uitk-cal-controls-parent-outset-single{margin-block:0;margin-inline:2rem;padding-block:0;padding-inline:1rem}.uitk-cal-controls-parent-inset-single{margin:0}.uitk-cal-controls-button-inset-multi{display:flex;inline-size:7.1428571429%;inset-block-start:0;justify-content:center;margin-block-start:.5rem}.uitk-cal-controls-button-inset-multi.uitk-cal-controls-button-prev{inset-inline-start:0}.uitk-cal-controls-button-inset-multi.uitk-cal-controls-button-next{inset-inline-end:0}.uitk-calendar-navigation-scrolling{block-size:100%}.uitk-date-number{inset-block-start:50%;inset-inline-start:50%;padding-block:2px;padding-inline:.25rem;position:absolute;text-align:center;transform:translate(-50%,-50%)}.uitk-date-number:dir(rtl){transform:translate(50%,-50%)}.uitk-date-number-action{text-decoration:underline}.uitk-date-number-today{--egds-legacy-background-color:#1668e3;background-color:var(--egds-secondary,var(--egds-legacy-background-color));border-radius:2500rem}.uitk-date-number-default,.uitk-date-number-emphasis{color:var(--egds-on-surface,var(--egds-legacy-color))}.uitk-date-number-default,.uitk-date-number-emphasis,.uitk-date-number-muted{--egds-legacy-color:#191e3b;--egds-legacy-color-action:#1668e3;--egds-legacy-color-muted:#676a7d;--egds-legacy-color-selected:#fff}.uitk-date-number-muted{color:var(--egds-on-surface-variant,var(--egds-legacy-color-muted))}.uitk-date-number-action{--egds-legacy-color:#191e3b;--egds-legacy-color-action:#1668e3;--egds-legacy-color-muted:#676a7d;--egds-legacy-color-selected:#fff;color:var(--egds-secondary,var(--egds-legacy-color-action))}.uitk-date-number-today{--egds-legacy-color:#191e3b;--egds-legacy-color-action:#1668e3;--egds-legacy-color-muted:#676a7d;--egds-legacy-color-selected:#fff;color:var(--egds-on-secondary,var(--egds-legacy-color-selected))}.uitk-calendar-day-selection .uitk-calendar-day-selection-edge-end .uitk-date-number-action,.uitk-calendar-day-selection .uitk-calendar-day-selection-edge-end .uitk-date-number-default,.uitk-calendar-day-selection .uitk-calendar-day-selection-edge-end .uitk-date-number-emphasis,.uitk-calendar-day-selection .uitk-calendar-day-selection-edge-end .uitk-date-number-muted,.uitk-calendar-day-selection .uitk-calendar-day-selection-edge-same-day .uitk-date-number-action,.uitk-calendar-day-selection .uitk-calendar-day-selection-edge-same-day .uitk-date-number-default,.uitk-calendar-day-selection .uitk-calendar-day-selection-edge-same-day .uitk-date-number-emphasis,.uitk-calendar-day-selection .uitk-calendar-day-selection-edge-same-day .uitk-date-number-muted,.uitk-calendar-day-selection .uitk-calendar-day-selection-edge-start .uitk-date-number-action,.uitk-calendar-day-selection .uitk-calendar-day-selection-edge-start .uitk-date-number-default,.uitk-calendar-day-selection .uitk-calendar-day-selection-edge-start .uitk-date-number-emphasis,.uitk-calendar-day-selection .uitk-calendar-day-selection-edge-start .uitk-date-number-muted,.uitk-calendar-day-selection .uitk-calendar-day-selection-edge-unconfirmed-same-day .uitk-date-number-action,.uitk-calendar-day-selection .uitk-calendar-day-selection-edge-unconfirmed-same-day .uitk-date-number-default,.uitk-calendar-day-selection .uitk-calendar-day-selection-edge-unconfirmed-same-day .uitk-date-number-emphasis,.uitk-calendar-day-selection .uitk-calendar-day-selection-edge-unconfirmed-same-day .uitk-date-number-muted{--egds-legacy-color:#191e3b;--egds-legacy-color-action:#1668e3;--egds-legacy-color-muted:#676a7d;--egds-legacy-color-selected:#fff;color:var(--egds-on-secondary,var(--egds-legacy-color-selected));font-weight:700;opacity:1;text-decoration:none}.uitk-calendar-day-selection .uitk-calendar-day-selection-edge-end .uitk-date-number-today,.uitk-calendar-day-selection .uitk-calendar-day-selection-edge-same-day .uitk-date-number-today,.uitk-calendar-day-selection .uitk-calendar-day-selection-edge-start .uitk-date-number-today,.uitk-calendar-day-selection .uitk-calendar-day-selection-edge-unconfirmed-same-day .uitk-date-number-today{--egds-legacy-color:#191e3b;--egds-legacy-color-action:#1668e3;--egds-legacy-color-muted:#676a7d;--egds-legacy-color-selected:#fff;background-color:#fff;color:var(--egds-secondary,var(--egds-legacy-color));font-weight:700;opacity:1;text-decoration:none}.uitk-calendar-day-selection-in-range .uitk-date-number-action,.uitk-calendar-day-selection-in-range .uitk-date-number-default,.uitk-calendar-day-selection-in-range .uitk-date-number-emphasis,.uitk-calendar-day-selection-in-range .uitk-date-number-muted,.uitk-calendar-day-selection-in-range-first-of-month .uitk-date-number-action,.uitk-calendar-day-selection-in-range-first-of-month .uitk-date-number-default,.uitk-calendar-day-selection-in-range-first-of-month .uitk-date-number-emphasis,.uitk-calendar-day-selection-in-range-first-of-month .uitk-date-number-muted,.uitk-calendar-day-selection-in-range-last-of-month .uitk-date-number-action,.uitk-calendar-day-selection-in-range-last-of-month .uitk-date-number-default,.uitk-calendar-day-selection-in-range-last-of-month .uitk-date-number-emphasis,.uitk-calendar-day-selection-in-range-last-of-month .uitk-date-number-muted{--egds-legacy-color:#191e3b;--egds-legacy-color-action:#1668e3;--egds-legacy-color-muted:#676a7d;--egds-legacy-color-selected:#fff;color:var(--egds-on-surface,var(--egds-legacy-color));opacity:1;text-decoration:none}.uitk-calendar-day-selection-in-range .uitk-date-number-today,.uitk-calendar-day-selection-in-range-first-of-month .uitk-date-number-today,.uitk-calendar-day-selection-in-range-last-of-month .uitk-date-number-today{--egds-legacy-color:#191e3b;--egds-legacy-color-action:#1668e3;--egds-legacy-color-muted:#676a7d;--egds-legacy-color-selected:#fff;color:var(--egds-on-secondary,var(--egds-legacy-color-selected));opacity:1;text-decoration:none}.uitk-type-400{font-size:1rem;line-height:1.25rem;min-inline-size:calc(4px + 1.25rem)}.site-header,.site-header-expanded,.sub-header,.uitk-type-300{font-size:.875rem;line-height:1.125rem;min-inline-size:calc(4px + 1.125rem)}.is-disabled{opacity:.36}.uitk-availability-background{block-size:100%;inline-size:100%;inset-block-start:0;inset-inline-start:0;overflow:hidden;position:absolute}.uitk-background-am-unavailable{--egds-legacy-background-color:#efebe9;background:linear-gradient(135deg,var(--egds-surface-container,var(--egds-legacy-background-color)) 50%,transparent 50%)}.uitk-background-pm-unavailable{--egds-legacy-background-color:#efebe9;background:linear-gradient(135deg,transparent 50%,var(--egds-surface-container,var(--egds-legacy-background-color)) 50%)}.uitk-background-unavailable{--egds-legacy-background-color:#efebe9;background:var(--egds-surface-container,var(--egds-legacy-background-color))}.uitk-calendar-day-selection .uitk-background-am-unavailable,.uitk-calendar-day-selection .uitk-background-pm-unavailable,.uitk-calendar-day-selection .uitk-background-unavailable{--egds-legacy-background-color:#efebe9;background:none}.uitk-event-bar{align-items:flex-start;block-size:1rem;display:flex;flex-direction:row;gap:2px;inset-block-end:10%;inset-inline:0;padding:0;position:absolute;z-index:-1}.uitk-event-bar.uitk-event-bar-size-medium{block-size:1.5rem}.uitk-event-bar.uitk-event-bar-size-large{block-size:2.25rem}.uitk-event-bar .uitk-event-bar-item{align-items:flex-start;block-size:100%;display:flex;flex-direction:row;inline-size:100%;isolation:isolate;padding:0}.uitk-event-bar .uitk-event-bar-item.uitk-event-bar-item-segment-start{border-end-start-radius:2500rem;border-inline-end-width:0;border-start-start-radius:2500rem;margin-inline-start:2px}.uitk-event-bar .uitk-event-bar-item.uitk-event-bar-item-segment-end{border-end-end-radius:2500rem;border-inline-start-width:0;border-start-end-radius:2500rem;margin-inline-end:2px}.uitk-event-bar .uitk-event-bar-item.uitk-event-bar-item-segment-start-end{border-radius:2500rem;margin-block:0;margin-inline:2px}.uitk-event-bar .uitk-event-bar-item.uitk-event-bar-item-segment-no-start-or-end{border-inline-end-width:0;border-inline-start-width:0}.uitk-event-bar:has(.uitk-event-bar-item-segment-no-start-or-end,.uitk-event-bar-item-segment-end){inset-inline:-1px 0}.uitk-event-bar.uitk-event-bar-split-day .uitk-event-bar-item.uitk-event-bar-item-segment-start{inline-size:50%;margin-inline-start:auto}.uitk-event-bar.uitk-event-bar-split-day .uitk-event-bar-item.uitk-event-bar-item-segment-end{inline-size:50%;margin-inline-end:auto}.uitk-event-bar-default-icon-background{--egds-legacy-background-color:#fff;--egds-legacy-fill-color:#191e3b;--egds-icons__theme:var(--egds-on-surface,var(--egds-legacy-fill-color));align-items:center;aspect-ratio:1/1;background-color:var(--egds-surface,var(--egds-legacy-background-color));block-size:100%;border-radius:50%;display:flex;justify-content:center}.uitk-event-bar-default.uitk-event-bar-type-line-fill-narrow,.uitk-event-bar-default.uitk-event-bar-type-solid{--egds-legacy-background-color:null;--egds-legacy-background-color:#191e3b;--egds-legacy-border-color:#191e3b;--egds-legacy-color:#999ca8;--egds-legacy-fill-color:#191e3b;background-color:var(--egds-on-surface,var(--egds-legacy-background-color));border:2px solid var(--egds-on-surface,var(--egds-legacy-border-color))}.uitk-event-bar-default.uitk-event-bar-type-line-fill-narrow{background:repeating-linear-gradient(-70deg,var(--egds-surface-container,var(--egds-legacy-color)),var(--egds-surface-container,var(--egds-legacy-color)) .5rem,var(--egds-on-surface,var(--egds-legacy-background-color)) .5rem,var(--egds-on-surface,var(--egds-legacy-background-color)) 1.5rem)}.uitk-event-bar-default.uitk-event-bar-type-line-fill-wide{--egds-legacy-background-color:null;--egds-legacy-background-color:#191e3b;--egds-legacy-border-color:#191e3b;--egds-legacy-color:#999ca8;--egds-legacy-fill-color:#191e3b;background-color:var(--egds-on-surface,var(--egds-legacy-background-color));background:repeating-linear-gradient(-70deg,var(--egds-surface-container,var(--egds-legacy-color)),var(--egds-surface-container,var(--egds-legacy-color)) .375rem,var(--egds-on-surface,var(--egds-legacy-background-color)) .375rem,var(--egds-on-surface,var(--egds-legacy-background-color)) .75rem);border:2px solid var(--egds-on-surface,var(--egds-legacy-border-color))}.uitk-event-bar-default.uitk-event-bar-type-bordered{border:2px solid var(--egds-on-surface,var(--egds-legacy-border-color))}.uitk-event-bar-default.uitk-event-bar-type-bordered,.uitk-event-bar-default.uitk-event-bar-type-dashed-border{--egds-legacy-background-color:null;--egds-legacy-background-color:#fff;--egds-legacy-border-color:#191e3b;--egds-legacy-color:#999ca8;--egds-legacy-fill-color:#191e3b;background-color:var(--egds-surface,var(--egds-legacy-background-color))}.uitk-event-bar-default.uitk-event-bar-type-dashed-border{border:2px dashed var(--egds-on-surface,var(--egds-legacy-border-color))}.uitk-event-bar-default.uitk-event-bar-type-bordered-muted-fill{border:2px solid var(--egds-on-surface,var(--egds-legacy-border-color))}.uitk-event-bar-default.uitk-event-bar-type-bordered-muted-fill,.uitk-event-bar-default.uitk-event-bar-type-dashed-border-muted-fill{--egds-legacy-background-color:null;--egds-legacy-background-color:var(
    --calendar__day_template__event_bar__default__muted_fill__background_color
  );--egds-legacy-border-color:#191e3b;--egds-legacy-color:#999ca8;--egds-legacy-fill-color:#191e3b;background-color:var(--egds-surface-container,var(--egds-legacy-background-color))}.uitk-event-bar-default.uitk-event-bar-type-dashed-border-muted-fill{border:2px dashed var(--egds-on-surface,var(--egds-legacy-border-color))}.uitk-event-bar-emphasis-icon-background{--egds-legacy-background-color:#fff;--egds-legacy-fill-color:#191e3b;--egds-icons__theme:var(--egds-on-surface,var(--egds-legacy-fill-color));align-items:center;aspect-ratio:1/1;background-color:var(--egds-surface,var(--egds-legacy-background-color));block-size:100%;border-radius:50%;display:flex;justify-content:center}.uitk-event-bar-emphasis.uitk-event-bar-type-line-fill-narrow,.uitk-event-bar-emphasis.uitk-event-bar-type-solid{--egds-legacy-background-color:null;--egds-legacy-background-color:#191e3b;--egds-legacy-border-color:#191e3b;--egds-legacy-color:#676a7d;--egds-legacy-fill-color:#191e3b;background-color:var(--egds-on-surface,var(--egds-legacy-background-color));border:2px solid var(--egds-on-surface,var(--egds-legacy-border-color))}.uitk-event-bar-emphasis.uitk-event-bar-type-line-fill-narrow{background:repeating-linear-gradient(-70deg,var(--egds-surface-variant,var(--egds-legacy-color)),var(--egds-surface-variant,var(--egds-legacy-color)) .5rem,var(--egds-on-surface,var(--egds-legacy-background-color)) .5rem,var(--egds-on-surface,var(--egds-legacy-background-color)) 1.5rem)}.uitk-event-bar-emphasis.uitk-event-bar-type-line-fill-wide{--egds-legacy-background-color:null;--egds-legacy-background-color:#191e3b;--egds-legacy-border-color:#191e3b;--egds-legacy-color:#676a7d;--egds-legacy-fill-color:#191e3b;background-color:var(--egds-on-surface,var(--egds-legacy-background-color));background:repeating-linear-gradient(-70deg,var(--egds-surface-variant,var(--egds-legacy-color)),var(--egds-surface-variant,var(--egds-legacy-color)) .375rem,var(--egds-on-surface,var(--egds-legacy-background-color)) .375rem,var(--egds-on-surface,var(--egds-legacy-background-color)) .75rem);border:2px solid var(--egds-on-surface,var(--egds-legacy-border-color))}.uitk-event-bar-emphasis.uitk-event-bar-type-bordered{border:2px solid var(--egds-on-surface,var(--egds-legacy-border-color))}.uitk-event-bar-emphasis.uitk-event-bar-type-bordered,.uitk-event-bar-emphasis.uitk-event-bar-type-dashed-border{--egds-legacy-background-color:null;--egds-legacy-background-color:#fff;--egds-legacy-border-color:#191e3b;--egds-legacy-color:#676a7d;--egds-legacy-fill-color:#191e3b;background-color:var(--egds-surface,var(--egds-legacy-background-color))}.uitk-event-bar-emphasis.uitk-event-bar-type-dashed-border{border:2px dashed var(--egds-on-surface,var(--egds-legacy-border-color))}.uitk-event-bar-emphasis.uitk-event-bar-type-bordered-muted-fill{border:2px solid var(--egds-on-surface,var(--egds-legacy-border-color))}.uitk-event-bar-emphasis.uitk-event-bar-type-bordered-muted-fill,.uitk-event-bar-emphasis.uitk-event-bar-type-dashed-border-muted-fill{--egds-legacy-background-color:null;--egds-legacy-background-color:var(
    --calendar__day_template__event_bar__emphasis__muted_fill__background_color
  );--egds-legacy-border-color:#191e3b;--egds-legacy-color:#676a7d;--egds-legacy-fill-color:#191e3b;background-color:var(--egds-surface-variant,var(--egds-legacy-background-color))}.uitk-event-bar-emphasis.uitk-event-bar-type-dashed-border-muted-fill{border:2px dashed var(--egds-on-surface,var(--egds-legacy-border-color))}.uitk-event-bar-muted-icon-background{--egds-legacy-background-color:#fff;--egds-legacy-fill-color:#676a7d;--egds-icons__theme:var(--egds-on-surface-variant,var(--egds-legacy-fill-color));align-items:center;aspect-ratio:1/1;background-color:var(--egds-surface,var(--egds-legacy-background-color));block-size:100%;border-radius:50%;display:flex;justify-content:center}.uitk-event-bar-muted.uitk-event-bar-type-line-fill-narrow,.uitk-event-bar-muted.uitk-event-bar-type-solid{--egds-legacy-background-color:null;--egds-legacy-background-color:#676a7d;--egds-legacy-border-color:#676a7d;--egds-legacy-color:#b1b3bd;--egds-legacy-fill-color:#676a7d;background-color:var(--egds-on-surface-variant,var(--egds-legacy-background-color));border:2px solid var(--egds-on-surface-variant,var(--egds-legacy-border-color))}.uitk-event-bar-muted.uitk-event-bar-type-line-fill-narrow{background:repeating-linear-gradient(-70deg,var(--egds-surface-container,var(--egds-legacy-color)),var(--egds-surface-container,var(--egds-legacy-color)) .5rem,var(--egds-on-surface-variant,var(--egds-legacy-background-color)) .5rem,var(--egds-on-surface-variant,var(--egds-legacy-background-color)) 1.5rem)}.uitk-event-bar-muted.uitk-event-bar-type-line-fill-wide{--egds-legacy-background-color:null;--egds-legacy-background-color:#676a7d;--egds-legacy-border-color:#676a7d;--egds-legacy-color:#b1b3bd;--egds-legacy-fill-color:#676a7d;background-color:var(--egds-on-surface-variant,var(--egds-legacy-background-color));background:repeating-linear-gradient(-70deg,var(--egds-surface-container,var(--egds-legacy-color)),var(--egds-surface-container,var(--egds-legacy-color)) .375rem,var(--egds-on-surface-variant,var(--egds-legacy-background-color)) .375rem,var(--egds-on-surface-variant,var(--egds-legacy-background-color)) .75rem);border:2px solid var(--egds-on-surface-variant,var(--egds-legacy-border-color))}.uitk-event-bar-muted.uitk-event-bar-type-bordered{border:2px solid var(--egds-on-surface-variant,var(--egds-legacy-border-color))}.uitk-event-bar-muted.uitk-event-bar-type-bordered,.uitk-event-bar-muted.uitk-event-bar-type-dashed-border{--egds-legacy-background-color:null;--egds-legacy-background-color:#fff;--egds-legacy-border-color:#676a7d;--egds-legacy-color:#b1b3bd;--egds-legacy-fill-color:#676a7d;background-color:var(--egds-surface,var(--egds-legacy-background-color))}.uitk-event-bar-muted.uitk-event-bar-type-dashed-border{border:2px dashed var(--egds-on-surface-variant,var(--egds-legacy-border-color))}.uitk-event-bar-muted.uitk-event-bar-type-bordered-muted-fill{border:2px solid var(--egds-on-surface-variant,var(--egds-legacy-border-color))}.uitk-event-bar-muted.uitk-event-bar-type-bordered-muted-fill,.uitk-event-bar-muted.uitk-event-bar-type-dashed-border-muted-fill{--egds-legacy-background-color:null;--egds-legacy-background-color:var(
    --calendar__day_template__event_bar__muted__muted_fill__background_color
  );--egds-legacy-border-color:#676a7d;--egds-legacy-color:#b1b3bd;--egds-legacy-fill-color:#676a7d;background-color:var(--egds-surface-container,var(--egds-legacy-background-color))}.uitk-event-bar-muted.uitk-event-bar-type-dashed-border-muted-fill{border:2px dashed var(--egds-on-surface-variant,var(--egds-legacy-border-color))}.uitk-event-bar-positive-icon-background{--egds-legacy-background-color:#fff;--egds-legacy-fill-color:#227950;--egds-icons__theme:var(--egds-positive,var(--egds-legacy-fill-color));align-items:center;aspect-ratio:1/1;background-color:var(--egds-surface,var(--egds-legacy-background-color));block-size:100%;border-radius:50%;display:flex;justify-content:center}.uitk-event-bar-positive.uitk-event-bar-type-line-fill-narrow,.uitk-event-bar-positive.uitk-event-bar-type-solid{--egds-legacy-background-color:null;--egds-legacy-background-color:#227950;--egds-legacy-border-color:#227950;--egds-legacy-color:#8fde96;--egds-legacy-fill-color:#227950;background-color:var(--egds-positive,var(--egds-legacy-background-color));border:2px solid var(--egds-positive,var(--egds-legacy-border-color))}.uitk-event-bar-positive.uitk-event-bar-type-line-fill-narrow{background:repeating-linear-gradient(-70deg,var(--egds-positive-container,var(--egds-legacy-color)),var(--egds-positive-container,var(--egds-legacy-color)) .5rem,var(--egds-positive,var(--egds-legacy-background-color)) .5rem,var(--egds-positive,var(--egds-legacy-background-color)) 1.5rem)}.uitk-event-bar-positive.uitk-event-bar-type-line-fill-wide{--egds-legacy-background-color:null;--egds-legacy-background-color:#227950;--egds-legacy-border-color:#227950;--egds-legacy-color:#8fde96;--egds-legacy-fill-color:#227950;background-color:var(--egds-positive,var(--egds-legacy-background-color));background:repeating-linear-gradient(-70deg,var(--egds-positive-container,var(--egds-legacy-color)),var(--egds-positive-container,var(--egds-legacy-color)) .375rem,var(--egds-positive,var(--egds-legacy-background-color)) .375rem,var(--egds-positive,var(--egds-legacy-background-color)) .75rem);border:2px solid var(--egds-positive,var(--egds-legacy-border-color))}.uitk-event-bar-positive.uitk-event-bar-type-bordered{border:2px solid var(--egds-positive,var(--egds-legacy-border-color))}.uitk-event-bar-positive.uitk-event-bar-type-bordered,.uitk-event-bar-positive.uitk-event-bar-type-dashed-border{--egds-legacy-background-color:null;--egds-legacy-background-color:#fff;--egds-legacy-border-color:#227950;--egds-legacy-color:#8fde96;--egds-legacy-fill-color:#227950;background-color:var(--egds-surface,var(--egds-legacy-background-color))}.uitk-event-bar-positive.uitk-event-bar-type-dashed-border{border:2px dashed var(--egds-positive,var(--egds-legacy-border-color))}.uitk-event-bar-positive.uitk-event-bar-type-bordered-muted-fill{border:2px solid var(--egds-positive,var(--egds-legacy-border-color))}.uitk-event-bar-positive.uitk-event-bar-type-bordered-muted-fill,.uitk-event-bar-positive.uitk-event-bar-type-dashed-border-muted-fill{--egds-legacy-background-color:null;--egds-legacy-background-color:var(
    --calendar__day_template__event_bar__positive__muted_fill__background_color
  );--egds-legacy-border-color:#227950;--egds-legacy-color:#8fde96;--egds-legacy-fill-color:#227950;background-color:var(--egds-positive-container,var(--egds-legacy-background-color))}.uitk-event-bar-positive.uitk-event-bar-type-dashed-border-muted-fill{border:2px dashed var(--egds-positive,var(--egds-legacy-border-color))}.uitk-event-bar-negative-icon-background{--egds-legacy-background-color:#fff;--egds-legacy-fill-color:#a7183c;--egds-icons__theme:var(--egds-critical,var(--egds-legacy-fill-color));align-items:center;aspect-ratio:1/1;background-color:var(--egds-surface,var(--egds-legacy-background-color));block-size:100%;border-radius:50%;display:flex;justify-content:center}.uitk-event-bar-negative.uitk-event-bar-type-line-fill-narrow,.uitk-event-bar-negative.uitk-event-bar-type-solid{--egds-legacy-background-color:null;--egds-legacy-background-color:#a7183c;--egds-legacy-border-color:#a7183c;--egds-legacy-color:#fdb4ba;--egds-legacy-fill-color:#a7183c;background-color:var(--egds-critical,var(--egds-legacy-background-color));border:2px solid var(--egds-critical,var(--egds-legacy-border-color))}.uitk-event-bar-negative.uitk-event-bar-type-line-fill-narrow{background:repeating-linear-gradient(-70deg,var(--egds-critical-container,var(--egds-legacy-color)),var(--egds-critical-container,var(--egds-legacy-color)) .5rem,var(--egds-critical,var(--egds-legacy-background-color)) .5rem,var(--egds-critical,var(--egds-legacy-background-color)) 1.5rem)}.uitk-event-bar-negative.uitk-event-bar-type-line-fill-wide{--egds-legacy-background-color:null;--egds-legacy-background-color:#a7183c;--egds-legacy-border-color:#a7183c;--egds-legacy-color:#fdb4ba;--egds-legacy-fill-color:#a7183c;background-color:var(--egds-critical,var(--egds-legacy-background-color));background:repeating-linear-gradient(-70deg,var(--egds-critical-container,var(--egds-legacy-color)),var(--egds-critical-container,var(--egds-legacy-color)) .375rem,var(--egds-critical,var(--egds-legacy-background-color)) .375rem,var(--egds-critical,var(--egds-legacy-background-color)) .75rem);border:2px solid var(--egds-critical,var(--egds-legacy-border-color))}.uitk-event-bar-negative.uitk-event-bar-type-bordered{border:2px solid var(--egds-critical,var(--egds-legacy-border-color))}.uitk-event-bar-negative.uitk-event-bar-type-bordered,.uitk-event-bar-negative.uitk-event-bar-type-dashed-border{--egds-legacy-background-color:null;--egds-legacy-background-color:#fff;--egds-legacy-border-color:#a7183c;--egds-legacy-color:#fdb4ba;--egds-legacy-fill-color:#a7183c;background-color:var(--egds-surface,var(--egds-legacy-background-color))}.uitk-event-bar-negative.uitk-event-bar-type-dashed-border{border:2px dashed var(--egds-critical,var(--egds-legacy-border-color))}.uitk-event-bar-negative.uitk-event-bar-type-bordered-muted-fill{border:2px solid var(--egds-critical,var(--egds-legacy-border-color))}.uitk-event-bar-negative.uitk-event-bar-type-bordered-muted-fill,.uitk-event-bar-negative.uitk-event-bar-type-dashed-border-muted-fill{--egds-legacy-background-color:null;--egds-legacy-background-color:var(
    --calendar__day_template__event_bar__negative__muted_fill__background_color
  );--egds-legacy-border-color:#a7183c;--egds-legacy-color:#fdb4ba;--egds-legacy-fill-color:#a7183c;background-color:var(--egds-critical-container,var(--egds-legacy-background-color))}.uitk-event-bar-negative.uitk-event-bar-type-dashed-border-muted-fill{border:2px dashed var(--egds-critical,var(--egds-legacy-border-color))}.uitk-event-bar-primary-icon-background{--egds-legacy-background-color:#fff;--egds-legacy-fill-color:#1668e3;--egds-icons__theme:var(--egds-secondary,var(--egds-legacy-fill-color));align-items:center;aspect-ratio:1/1;background-color:var(--egds-surface,var(--egds-legacy-background-color));block-size:100%;border-radius:50%;display:flex;justify-content:center}.uitk-event-bar-primary.uitk-event-bar-type-line-fill-narrow,.uitk-event-bar-primary.uitk-event-bar-type-solid{--egds-legacy-background-color:null;--egds-legacy-background-color:#1668e3;--egds-legacy-border-color:#1668e3;--egds-legacy-color:#a6c9f7;--egds-legacy-fill-color:#1668e3;background-color:var(--egds-secondary,var(--egds-legacy-background-color));border:2px solid var(--egds-secondary,var(--egds-legacy-border-color))}.uitk-event-bar-primary.uitk-event-bar-type-line-fill-narrow{background:repeating-linear-gradient(-70deg,var(--egds-secondary-container,var(--egds-legacy-color)),var(--egds-secondary-container,var(--egds-legacy-color)) .5rem,var(--egds-secondary,var(--egds-legacy-background-color)) .5rem,var(--egds-secondary,var(--egds-legacy-background-color)) 1.5rem)}.uitk-event-bar-primary.uitk-event-bar-type-line-fill-wide{--egds-legacy-background-color:null;--egds-legacy-background-color:#1668e3;--egds-legacy-border-color:#1668e3;--egds-legacy-color:#a6c9f7;--egds-legacy-fill-color:#1668e3;background-color:var(--egds-secondary,var(--egds-legacy-background-color));background:repeating-linear-gradient(-70deg,var(--egds-secondary-container,var(--egds-legacy-color)),var(--egds-secondary-container,var(--egds-legacy-color)) .375rem,var(--egds-secondary,var(--egds-legacy-background-color)) .375rem,var(--egds-secondary,var(--egds-legacy-background-color)) .75rem);border:2px solid var(--egds-secondary,var(--egds-legacy-border-color))}.uitk-event-bar-primary.uitk-event-bar-type-bordered{border:2px solid var(--egds-secondary,var(--egds-legacy-border-color))}.uitk-event-bar-primary.uitk-event-bar-type-bordered,.uitk-event-bar-primary.uitk-event-bar-type-dashed-border{--egds-legacy-background-color:null;--egds-legacy-background-color:#fff;--egds-legacy-border-color:#1668e3;--egds-legacy-color:#a6c9f7;--egds-legacy-fill-color:#1668e3;background-color:var(--egds-surface,var(--egds-legacy-background-color))}.uitk-event-bar-primary.uitk-event-bar-type-dashed-border{border:2px dashed var(--egds-secondary,var(--egds-legacy-border-color))}.uitk-event-bar-primary.uitk-event-bar-type-bordered-muted-fill{border:2px solid var(--egds-secondary,var(--egds-legacy-border-color))}.uitk-event-bar-primary.uitk-event-bar-type-bordered-muted-fill,.uitk-event-bar-primary.uitk-event-bar-type-dashed-border-muted-fill{--egds-legacy-background-color:null;--egds-legacy-background-color:var(
    --calendar__day_template__event_bar__primary__muted_fill__background_color
  );--egds-legacy-border-color:#1668e3;--egds-legacy-color:#a6c9f7;--egds-legacy-fill-color:#1668e3;background-color:var(--egds-secondary-container,var(--egds-legacy-background-color))}.uitk-event-bar-primary.uitk-event-bar-type-dashed-border-muted-fill{border:2px dashed var(--egds-secondary,var(--egds-legacy-border-color))}.uitk-calendar-day-selection .uitk-event-bar-item{position:relative}.uitk-calendar-day-selection .uitk-event-bar-item:before{--egds-legacy-background-color:#ecf4fd;block-size:calc(100% + .5rem);border:2px solid var(--egds-secondary-container-variant,var(--egds-legacy-background-color));content:"";inset-block:-.25rem;inset-inline:0;position:absolute}.uitk-calendar-day-selection .uitk-event-bar-item-segment-start:before{border-end-start-radius:2500rem;border-inline-end-width:0;border-start-start-radius:2500rem;inset-inline-start:-.25rem}.uitk-calendar-day-selection .uitk-event-bar-item-segment-end:before{border-end-end-radius:2500rem;border-inline-start-width:0;border-start-end-radius:2500rem;inset-inline-end:-.25rem}.uitk-calendar-day-selection .uitk-event-bar-item-segment-start-end:before{border-radius:2500rem;inset-inline:-.25rem}.uitk-calendar-day-selection .uitk-event-bar-item-segment-no-start-or-end:before{border-inline-end-width:0;border-inline-start-width:0}.uitk-legend-swatches{align-items:flex-start;display:flex;position:relative}.uitk-legend-swatches-size-small{block-size:1rem;inline-size:1rem}.uitk-legend-swatches-size-medium{block-size:1.5rem;inline-size:2rem}.uitk-legend-swatches .uitk-event-bar-item{align-items:flex-start;block-size:100%;border-radius:2500rem;display:flex;inline-size:100%;margin:0;padding:0}.uitk-default-day-template-has-text .uitk-default-day-template-text-area{padding:2px}.uitk-default-day-template-has-text .uitk-default-day-template-text-area:empty{block-size:.75rem;display:inline-flex;inline-size:1ch}.uitk-default-day-template-has-text .uitk-date-number{position:static;transform:none}.uitk-calendar-day-selection-edge-end .uitk-default-day-template,.uitk-calendar-day-selection-edge-start .uitk-default-day-template{--egds-text__color:#fff}.uitk-day-past .uitk-default-day-template{--egds-text__opacity:0.36}.uitk-card-has-border:before,.uitk-card-has-placeholder-border:before,.uitk-card-selected:before{block-size:100%;border-radius:1rem;content:" ";display:block;inline-size:100%;inset-block-start:0;inset-inline-start:0;pointer-events:none;position:absolute;z-index:100}@keyframes placeholder-opacity{50%{opacity:.4}to{opacity:1}}.uitk-card{--egds-legacy-border-color:#dfe0e4;--egds-link__z_index:200;--egds-link__position:relative;--egds-favorite-switch__z_index:200;--egds-favorite-switch__position:relative;--egds-more-info-trigger__z_index:200;--egds-more-info-trigger__position:relative;position:relative}.uitk-card-empty{padding-block-end:50%}.uitk-card-has-border:before{border:1px solid var(--egds-card__border_color,var(--egds-outline-variant,var(--egds-legacy-border-color)))}.uitk-card-has-placeholder-border:before{border:2px dashed var(--egds-card__border_color,var(--egds-outline-variant,var(--egds-legacy-border-color)))}.uitk-card-ratio-1-1{padding-block-end:100%}.uitk-card-ratio-1-2{padding-block-end:50%}.uitk-card-ratio-1-3{padding-block-end:33.3333333333%}.uitk-card-ratio-1-4{padding-block-end:25%}.uitk-card-ratio-1-5{padding-block-end:20%}.uitk-card-ratio-1-6{padding-block-end:16.6666666667%}.uitk-card-has-primary-theme{--egds-legacy-background-color:#fff;background:var(--egds-card__background,var(--egds-surface-low-elevation,var(--egds-legacy-background-color)));background-size:cover}.uitk-card-has-secondary-theme{--egds-legacy-background-color:#fbf8f1;background:var(--egds-card__background,var(--egds-surface-container-variant,var(--egds-legacy-background-color)));background-size:cover}.uitk-card-has-highlight-theme{--egds-legacy-background-color:#fbece9;background:var(--egds-card__background,var(--egds-primary-container-variant,var(--egds-legacy-background-color)));background-size:cover}.uitk-card-has-global-loyalty-standard-theme{background-color:#191e3b}.uitk-card-has-global-loyalty-low-theme{background-color:#213470}.uitk-card-has-global-loyalty-middle-theme{background-color:#707480}.uitk-card-has-global-loyalty-high-theme{background-color:#8b6400}.uitk-card-has-global-loyalty-extra-high-theme{background-color:#202029}.uitk-card:not(.uitk-card-has-overflow){overflow:hidden}.uitk-card.uitk-card-has-overflow{--egds-carousel__border_radius:1rem;--egds-scrim__border_radius:1rem}.uitk-card-padded:not(.uitk-card-empty):not(.uitk-card-placeholder){padding:.75rem}.uitk-card-placeholder-ratio-1-1{padding-block-end:100%}.uitk-card-placeholder-ratio-1-2{padding-block-end:50%}.uitk-card-placeholder-ratio-1-3{padding-block-end:33.3333333333%}.uitk-card-placeholder-ratio-1-4{padding-block-end:25%}.uitk-card-placeholder-ratio-1-5{padding-block-end:20%}.uitk-card-placeholder-ratio-1-6{padding-block-end:16.6666666667%}.uitk-card-placeholder-has-action{background-color:#b1b3bd;position:relative}.uitk-card-placeholder-has-action-inner{block-size:100%;inline-size:100%;position:absolute}.uitk-card-placeholder-animate-from-light{background-color:#999ca8;overflow:hidden;position:relative}.uitk-card-placeholder-animate-from-light:before{animation:placeholder-opacity .75s linear infinite;background-color:#b1b3bd;block-size:1%;content:"";inline-size:1%;position:absolute;transform:scale(200);transform-origin:top left}@media (prefers-reduced-motion){.uitk-card-placeholder-animate-from-light:before{animation:none}}.uitk-card-placeholder-animate-from-dark{background-color:#b1b3bd;overflow:hidden;position:relative}.uitk-card-placeholder-animate-from-dark:before{animation:placeholder-opacity .75s linear infinite;background-color:#999ca8;block-size:1%;content:"";inline-size:1%;position:absolute;transform:scale(200);transform-origin:top left}@media (prefers-reduced-motion){.uitk-card-placeholder-animate-from-dark:before{animation:none}}.uitk-card-selected{--egds-legacy-border-color:#191e3b}.uitk-card-selected:before{border:2px solid var(--egds-secondary,var(--egds-legacy-border-color))}.uitk-card-roundcorner-all,.uitk-card-roundcorner-small-all{border-radius:1rem}.uitk-card-roundcorner-small-top-left,.uitk-card-roundcorner-top-left{border-top-left-radius:1rem}.uitk-card-roundcorner-small-top-right,.uitk-card-roundcorner-top-right{border-top-right-radius:1rem}.uitk-card-roundcorner-bottom-right,.uitk-card-roundcorner-small-bottom-right{border-bottom-right-radius:1rem}.uitk-card-roundcorner-bottom-left,.uitk-card-roundcorner-small-bottom-left{border-bottom-left-radius:1rem}.uitk-card-roundcorner-all,.uitk-card-roundcorner-bottom-left,.uitk-card-roundcorner-bottom-right,.uitk-card-roundcorner-top-left,.uitk-card-roundcorner-top-right{--egds-image__overflow:hidden}.uitk-card-action-area{--egds-legacy-border-color:#dfe0e4;border-block-start:1px solid var(--egds-outline-variant,var(--egds-legacy-border-color));display:block;padding:.75rem}.uitk-card-padded .uitk-card-action-area{margin-block-end:-.75rem;margin-inline-end:-.75rem;margin-inline-start:-.75rem}.uitk-card-action-area a,.uitk-card-action-area button{position:relative;z-index:200}.uitk-card-content-section{--egds-legacy-border-color:#dfe0e4}.uitk-card-content-section-has-link{position:relative}.uitk-card-content-section-padded{padding:.75rem}.uitk-card-content-section-padded-block-start{padding-top:.75rem}.uitk-card-content-section-padded-block-end{padding-bottom:.75rem}.uitk-card-content-section-padded-inline-start{padding-left:.75rem}.uitk-card-content-section-padded-inline-end{padding-right:.75rem}.uitk-card-content-section-border-block-start{border-top:1px solid var(--egds-outline-variant,var(--egds-legacy-border-color))}.uitk-card-content-section-border-block-end{border-bottom:1px solid var(--egds-outline-variant,var(--egds-legacy-border-color))}.uitk-card-content-section-border-inline-start{border-left:1px solid var(--egds-outline-variant,var(--egds-legacy-border-color))}.uitk-card-content-section-border-inline-end{border-right:1px solid var(--egds-outline-variant,var(--egds-legacy-border-color))}.uitk-card-content-section>svg{--egds-legacy-fill-color:#191e3b;--egds-icons__theme:var(--egds-on-surface,var(--egds-legacy-fill-color))}.uitk-card-featured-header{--egds-legacy-background-color:#359656;--egds-legacy-color:#fff;--egds-header-color:var(--egds-on-primary,var(--egds-legacy-color));--egds-heading__color:var(--egds-header-color);--egds-icons__theme:var(--egds-header-color);--egds-paragraph__color:var(--egds-header-color);--egds-subheading__color:var(--egds-header-color);--egds-text__color:var(--egds-header-color);background:var(--egds-primary,var(--egds-legacy-background-color));padding-block:.5rem;padding-inline:.75rem}.uitk-card-padded .uitk-card-featured-header{margin-block-start:-.75rem;margin-inline-end:-.75rem;margin-inline-start:-.75rem}.uitk-card-featured-header-title{color:var(--egds-header-color);font-size:.875rem;font-weight:700;line-height:1.125rem}.uitk-card-icon{align-self:center;padding:.75rem}.uitk-card-link{background:transparent;block-size:100%;border-radius:1rem;display:block;inline-size:100%;inset-block-start:0;inset-inline-start:0;outline:none;overflow:hidden;position:absolute;white-space:nowrap;z-index:100}@supports not (inset-block-start:0){.uitk-card-link{left:0;top:0}}.uitk-card-content-section>.uitk-card-link{z-index:200}body:not([class*=uitk-no-outline]) .uitk-card-link{--egds-legacy-border-color:#1668e3}body:not([class*=uitk-no-outline]) .uitk-card-link:focus{border:2px solid;border-color:var(--egds-outline-focus,var(--egds-legacy-border-color))}.uitk-carousel{container:carousel/inline-size;display:flex;flex-direction:column;flex-grow:1;inline-size:100%;justify-content:center;min-block-size:0;position:relative}.uitk-carousel.items-max-height .uitk-carousel-container,.uitk-carousel.items-max-height .uitk-carousel-item-container,.uitk-carousel.items-max-height .uitk-carousel-item>*{block-size:100%}.uitk-carousel.has-inner-spacing .uitk-carousel-item:first-of-type{margin-inline-start:var(--uitk-carousel-inner-spacing,unset)}.uitk-carousel.has-inner-spacing .uitk-carousel-item:last-of-type{position:relative}.uitk-carousel.has-inner-spacing .uitk-carousel-item:last-of-type:after{block-size:100%;content:"";inline-size:var(--uitk-carousel-inner-spacing,unset);inset-block-start:0;inset-inline-end:calc(var(--uitk-carousel-inner-spacing, 0)*-1);position:absolute}.uitk-carousel-container{--size:sm;border-radius:var(--egds-carousel__border_radius,0);display:flex;flex-wrap:nowrap;gap:var(--uitk-carousel-items-gap);inline-size:100%;list-style:none;max-block-size:100%;opacity:1;overflow-x:scroll;position:relative}.uitk-carousel .uitk-carousel-container{-ms-overflow-style:none;scrollbar-width:none}.uitk-carousel .uitk-carousel-container::-webkit-scrollbar{display:none}@media screen and (min-width:36rem){.uitk-carousel-container:not(.use-container-sizing){--size:md}.uitk-carousel-container:not(.use-container-sizing):not(.full-image-gallery-type){--item-count:var(--uitk-carousel-item-count-md);--items-gap:var(--uitk-carousel-items-gap-md);--peek-amount:var(--uitk-carousel-peek-amount-md)}.uitk-carousel.has-inner-spacing .uitk-carousel-container:not(.use-container-sizing):not(.full-image-gallery-type){--inner-spacing:var(--uitk-carousel-inner-spacing-md)}}@media screen and (min-width:62rem){.uitk-carousel-container:not(.use-container-sizing){--size:lg}.uitk-carousel-container:not(.use-container-sizing):not(.full-image-gallery-type){--item-count:var(--uitk-carousel-item-count-lg);--items-gap:var(--uitk-carousel-items-gap-lg);--peek-amount:var(--uitk-carousel-peek-amount-lg)}.uitk-carousel.has-inner-spacing .uitk-carousel-container:not(.use-container-sizing):not(.full-image-gallery-type){--inner-spacing:var(--uitk-carousel-inner-spacing-lg)}}@media screen and (min-width:75rem){.uitk-carousel-container:not(.use-container-sizing){--size:xl}.uitk-carousel-container:not(.use-container-sizing):not(.full-image-gallery-type){--item-count:var(--uitk-carousel-item-count-xl,var(--uitk-carousel-item-count-lg));--items-gap:var(--uitk-carousel-items-gap-xl,var(--uitk-carousel-items-gap-lg));--peek-amount:var(--uitk-carousel-peek-amount-xl,var(--uitk-carousel-peek-amount-lg))}.uitk-carousel.has-inner-spacing .uitk-carousel-container:not(.use-container-sizing):not(.full-image-gallery-type){--inner-spacing:var(--uitk-carousel-inner-spacing-xl,var(--uitk-carousel-inner-spacing-lg))}}@container carousel (min-width: 576px){.uitk-carousel-container.use-container-sizing{--size:md}.uitk-carousel-container.use-container-sizing:not(.full-image-gallery-type){--item-count:var(--uitk-carousel-item-count-md);--items-gap:var(--uitk-carousel-items-gap-md);--peek-amount:var(--uitk-carousel-peek-amount-md)}.uitk-carousel.has-inner-spacing .uitk-carousel-container.use-container-sizing:not(.full-image-gallery-type){--inner-spacing:var(--uitk-carousel-inner-spacing-md)}}@container carousel (min-width: 992px){.uitk-carousel-container.use-container-sizing{--size:lg}.uitk-carousel-container.use-container-sizing:not(.full-image-gallery-type){--item-count:var(--uitk-carousel-item-count-lg);--items-gap:var(--uitk-carousel-items-gap-lg);--peek-amount:var(--uitk-carousel-peek-amount-lg)}.uitk-carousel.has-inner-spacing .uitk-carousel-container.use-container-sizing:not(.full-image-gallery-type){--inner-spacing:var(--uitk-carousel-inner-spacing-lg)}}@container carousel (min-width: 1200px){.uitk-carousel-container.use-container-sizing{--size:xl}.uitk-carousel-container.use-container-sizing:not(.full-image-gallery-type){--item-count:var(--uitk-carousel-item-count-xl,var(--uitk-carousel-item-count-lg));--items-gap:var(--uitk-carousel-items-gap-xl,var(--uitk-carousel-items-gap-lg));--peek-amount:var(--uitk-carousel-peek-amount-xl,var(--uitk-carousel-peek-amount-lg))}.uitk-carousel.has-inner-spacing .uitk-carousel-container.use-container-sizing:not(.full-image-gallery-type){--inner-spacing:var(--uitk-carousel-inner-spacing-xl,var(--uitk-carousel-inner-spacing-lg))}}@supports not (container-type:inline-size){@media screen and (min-width:36rem){.uitk-carousel-container.use-container-sizing{--size:md}.uitk-carousel-container.use-container-sizing:not(.full-image-gallery-type){--item-count:var(--uitk-carousel-item-count-md);--items-gap:var(--uitk-carousel-items-gap-md);--peek-amount:var(--uitk-carousel-peek-amount-md)}.uitk-carousel.has-inner-spacing .uitk-carousel-container.use-container-sizing:not(.full-image-gallery-type){--inner-spacing:var(--uitk-carousel-inner-spacing-md)}}@media screen and (min-width:62rem){.uitk-carousel-container.use-container-sizing{--size:lg}.uitk-carousel-container.use-container-sizing:not(.full-image-gallery-type){--item-count:var(--uitk-carousel-item-count-lg);--items-gap:var(--uitk-carousel-items-gap-lg);--peek-amount:var(--uitk-carousel-peek-amount-lg)}.uitk-carousel.has-inner-spacing .uitk-carousel-container.use-container-sizing:not(.full-image-gallery-type){--inner-spacing:var(--uitk-carousel-inner-spacing-lg)}}@media screen and (min-width:75rem){.uitk-carousel-container.use-container-sizing{--size:xl}.uitk-carousel-container.use-container-sizing:not(.full-image-gallery-type){--item-count:var(--uitk-carousel-item-count-xl,var(--uitk-carousel-item-count-lg));--items-gap:var(--uitk-carousel-items-gap-xl,var(--uitk-carousel-items-gap-lg));--peek-amount:var(--uitk-carousel-peek-amount-xl,var(--uitk-carousel-peek-amount-lg))}.uitk-carousel.has-inner-spacing .uitk-carousel-container.use-container-sizing:not(.full-image-gallery-type){--inner-spacing:var(--uitk-carousel-inner-spacing-xl,var(--uitk-carousel-inner-spacing-lg))}}}.uitk-carousel-container:not(.full-image-gallery-type){--item-count:var(--uitk-carousel-item-count-sm);--items-gap:var(--uitk-carousel-items-gap-sm);--peek-amount:var(--uitk-carousel-peek-amount-sm)}.uitk-carousel-container:not(.full-image-gallery-type):not(.has-natural-width-items){gap:var(--items-gap)}.uitk-carousel-container:not(.full-image-gallery-type):not(.has-natural-width-items)>.uitk-carousel-item{inline-size:calc((100% - var(--items-gap)*(var(--item-count) - 1))/var(--item-count))}.uitk-carousel:not(.no-peek) .uitk-carousel-container:not(.full-image-gallery-type):not(.has-natural-width-items)>.uitk-carousel-item{inline-size:calc((100% - var(--items-gap)*(var(--item-count)) - var(--peek-amount))/var(--item-count))}.uitk-carousel.has-inner-spacing .uitk-carousel-container:not(.full-image-gallery-type){--inner-spacing:var(--uitk-carousel-inner-spacing-sm)}.uitk-carousel.has-inner-spacing .uitk-carousel-container:not(.full-image-gallery-type) .uitk-carousel-item:first-of-type{margin-inline-start:var(--inner-spacing,unset)}.uitk-carousel.has-inner-spacing .uitk-carousel-container:not(.full-image-gallery-type) .uitk-carousel-item:last-of-type:after{inline-size:var(--inner-spacing,unset);inset-inline-end:calc(var(--inner-spacing, 0)*-1)}.uitk-carousel-container .uitk-carousel-item[aria-hidden=true] iframe{visibility:hidden}.uitk-carousel-container .uitk-carousel-item-size-auto figure{block-size:100%}.uitk-carousel-container .uitk-carousel-item-size-auto img{block-size:auto;inline-size:auto;margin:auto;max-block-size:100%;max-inline-size:inherit}.uitk-carousel-item{flex-shrink:0;transform:translateZ(0)}.uitk-carousel-controls{block-size:0;display:flex;inset-inline-end:0;inset-inline-start:0;justify-content:space-between;padding-block:0;padding-inline:.5rem;position:absolute;transform:translateY(-50%);z-index:300}.no-inset>.uitk-carousel-controls{margin-block:0;margin-inline:-1rem;padding:0}@media (pointer:coarse){.uitk-carousel:not(.has-persistent-nav)>.uitk-carousel-controls{opacity:0}}.uitk-carousel-button-paging{opacity:0;transform:translateY(-50%);transition:opacity .2s}.uitk-carousel-button-paging:focus-visible{opacity:1}.uitk-carousel-button-paging-hidden{opacity:0;pointer-events:none}@media (pointer:coarse){.uitk-carousel:not(.has-persistent-nav) .uitk-carousel-button-paging{pointer-events:none}}.uitk-carousel .link-container{block-size:100%;position:relative}.uitk-carousel.has-persistent-nav .uitk-carousel-button-paging:not(.uitk-carousel-button-paging-hidden),.uitk-carousel:focus-visible .uitk-carousel-button-paging:not(.uitk-carousel-button-paging-hidden),.uitk-carousel:hover .uitk-carousel-button-paging:not(.uitk-carousel-button-paging-hidden){opacity:1}.uitk-carousel.full-image-gallery-type .uitk-carousel-container{scroll-behavior:smooth;scroll-snap-type:x mandatory}.uitk-carousel.full-image-gallery-type .uitk-carousel-container.no-animation-on-scroll{scroll-behavior:auto}@media (prefers-reduced-motion){.uitk-carousel.full-image-gallery-type .uitk-carousel-container{scroll-behavior:auto}}.uitk-carousel.full-image-gallery-type .uitk-carousel-item{inline-size:100%;scroll-snap-align:start;scroll-snap-stop:always}.uitk-carousel-pagination-dots-container{block-size:1.813rem;margin:auto;max-inline-size:4.063rem;overflow:hidden;padding-block-start:.1565rem;padding-inline-end:.1565rem;padding-inline-start:.1565rem;scroll-behavior:smooth;transition:transform .2s;white-space:nowrap}.uitk-carousel-pagination-dots-button{background-color:transparent;block-size:1.5rem;inline-size:.75rem;position:relative}.uitk-carousel-pagination-dots-icon{border-radius:50%;margin:auto;transition:all .2s ease-in-out}.uitk-carousel-pagination-dots-icon-default{--egds-legacy-fill-color-inset:#caccd2;--egds-legacy-fill-color-offset:#818494;--egds-inset-color:var(--egds-on-overlay,var(--egds-legacy-fill-color-inset));--egds-offset-color:var(--egds-on-surface-variant,var(--egds-legacy-fill-color-offset));--egds-opacity:var(--egds-carousel-pagination-opacity,1);block-size:.375rem;inline-size:.375rem;margin-block:.5625rem}.uitk-carousel-pagination-dots-icon-default.uitk-carousel-pagination-dots-icon-inset{background-color:var(--egds-inset-color)}.uitk-carousel-pagination-dots-icon-default.uitk-carousel-pagination-dots-icon-offset{background-color:var(--egds-offset-color);opacity:var(--egds-opacity)}.uitk-carousel-pagination-dots-icon-focus{--egds-legacy-fill-color-inset:#fff;--egds-legacy-fill-color-offset:#1668e3;--egds-inset-color:var(--egds-on-overlay,var(--egds-legacy-fill-color-inset));--egds-offset-color:var(--egds-secondary,var(--egds-legacy-fill-color-offset));block-size:.5rem;inline-size:.5rem;margin-block:.5rem}.uitk-carousel-pagination-dots-icon-focus.uitk-carousel-pagination-dots-icon-inset{background-color:var(--egds-inset-color)}.uitk-carousel-pagination-dots-icon-focus.uitk-carousel-pagination-dots-icon-offset{background-color:var(--egds-offset-color);opacity:var(--egds-opacity)}.uitk-carousel-pagination-dots-icon-truncate{--egds-legacy-fill-color-inset:#caccd2;--egds-legacy-fill-color-offset:#818494;--egds-inset-color:var(--egds-on-overlay,var(--egds-legacy-fill-color-inset));--egds-offset-color:var(--egds-on-surface-variant,var(--egds-legacy-fill-color-offset));--egds-opacity:var(--egds-carousel-pagination-opacity,1);block-size:.25rem;inline-size:.25rem;margin-block:.625rem}.uitk-carousel-pagination-dots-icon-truncate.uitk-carousel-pagination-dots-icon-inset{background-color:var(--egds-inset-color)}.uitk-carousel-pagination-dots-icon-truncate.uitk-carousel-pagination-dots-icon-offset{background-color:var(--egds-offset-color);opacity:var(--egds-opacity)}.uitk-checkbox{font-size:.875rem;line-height:1.4285714286;margin-inline-start:-.5rem;padding-block:.5rem;padding-inline:0;position:relative}.uitk-checkbox-error{--egds-legacy-color:#a7183c;color:var(--egds-critical,var(--egds-legacy-color));font-size:.75rem;line-height:1rem}.uitk-checkbox-group{border:none}.uitk-checkbox-group-error{margin-block-start:.5rem}.uitk-checkbox.is-disabled{cursor:not-allowed;opacity:.36;pointer-events:none}.uitk-checkbox-control{cursor:pointer;pointer-events:none}.uitk-checkbox .uitk-checkbox-control,.uitk-checkbox input[type=checkbox]{--egds-legacy-background-color:#fff;--egds-legacy-border-color:#1668e3;background:var(--egds-surface,var(--egds-legacy-background-color));border-color:var(--egds-outline,var(--egds-legacy-border-color));border-width:2px;margin-block:.0625rem;margin-inline:.5rem}.uitk-checkbox input[type=checkbox]{block-size:1rem;inline-size:1rem;opacity:0;position:absolute}.uitk-checkbox .uitk-checkbox-icon{--egds-legacy-fill-color:#fff;block-size:100%;fill:var(--egds-on-secondary,var(--egds-legacy-fill-color));inline-size:100%;min-inline-size:100%;vertical-align:top}.uitk-checkbox .uitk-checkbox-control,.uitk-checkbox .uitk-checkbox-control:before{block-size:1rem;border-radius:.25rem;border-style:solid;inline-size:1rem;position:relative}.uitk-checkbox .uitk-checkbox-control:before{border-width:1px;border:1px solid transparent;content:"";display:block;inset-block-start:unset;opacity:1}.uitk-checkbox .uitk-checkbox-control:not(.uitk-checkbox-has-reduced-motion):before{transition-duration:.3s;transition-property:transform,opacity;transition-timing-function:cubic-bezier(.38,.33,.02,1.01)}.uitk-checkbox input:focus+.uitk-checkbox-control{--egds-legacy-border-color:#1668e3;border-color:var(--egds-outline-focus,var(--egds-legacy-border-color));box-shadow:0 0 0 calc(.25rem - 2px) var(--egds-outline-focus,var(--egds-legacy-border-color))}@media (pointer:fine){.uitk-checkbox input:hover:not(:checked):not(:focus)+.uitk-checkbox-control{--egds-legacy-border-color:#1668e3;border-color:var(--egds-secondary,var(--egds-legacy-border-color));box-shadow:0 0 0 calc(.25rem - 2px) var(--egds-secondary,var(--egds-legacy-border-color))}}.uitk-checkbox:not(.uitk-checkbox-disabled) input:checked+.uitk-checkbox-control{--egds-legacy-background-color:#1668e3;background:var(--egds-secondary,var(--egds-legacy-background-color));border-width:0}.uitk-checkbox:not(.uitk-checkbox-disabled) input:checked+.uitk-checkbox-control:before{opacity:0;position:absolute;transform:scale(2.5);transform-origin:50%}.uitk-checkbox:not(.uitk-checkbox-disabled) input:checked+.uitk-checkbox-control,.uitk-checkbox:not(.uitk-checkbox-disabled) input:checked+.uitk-checkbox-control:before{--egds-legacy-border-color:#1668e3;border-color:var(--egds-secondary,var(--egds-legacy-border-color))}.uitk-checkbox:not(.uitk-checkbox-disabled) input:checked:focus+.uitk-checkbox-control{--egds-legacy-border-color:#1668e3;border-width:0;box-shadow:0 0 0 2px var(--egds-outline-focus,var(--egds-legacy-border-color))}.uitk-checkbox .uitk-checkbox-label{--egds-legacy-color:#191e3b;color:var(--egds-on-surface,var(--egds-legacy-color));cursor:pointer;display:grid;font-size:.875rem;font-weight:400;line-height:1.125rem}.uitk-checkbox .uitk-checkbox-label-haslabelsuffix{grid-template-columns:1fr min-content;grid-template-rows:min-content min-content}.uitk-checkbox .uitk-checkbox-label-haslabelsuffix .uitk-checkbox-description{grid-column:1/-1;grid-row-start:2}.uitk-checkbox .uitk-checkbox-label-suffix{--egds-legacy-color:#191e3b;color:var(--egds-on-surface,var(--egds-legacy-color));font-size:.875rem;font-weight:700;grid-column-start:2;line-height:1.125rem;white-space:nowrap}.uitk-checkbox .uitk-checkbox-label+.uitk-checkbox-error{margin-block-start:2px}.uitk-checkbox .uitk-checkbox-content .uitk-checkbox-description{--egds-legacy-color:#191e3b;color:var(--egds-on-surface,var(--egds-legacy-color));font-size:.75rem;font-weight:400;line-height:1rem;margin-block-start:2px}.uitk-checkbox-required-asterisk{--egds-legacy-color:#a7183c;color:var(--egds-critical,var(--egds-legacy-color))}.uitk-date-picker.date-picker-dialog{display:flex;inset:0;position:absolute;z-index:500}.uitk-date-picker.date-picker-dialog .uitk-calendar{-webkit-overflow-scrolling:touch;overflow-y:scroll}.uitk-date-picker.date-picker-dialog .uitk-calendar-scrim{padding-block-end:3.25rem}.uitk-date-picker-skip-to-done:focus{block-size:auto;display:flex;inline-size:auto;margin-block-end:0;margin-block-start:-1rem;margin-inline:auto;position:relative}.uitk-date-picker-top-bar-selection{background:none;block-size:auto;border-radius:0;cursor:pointer;min-block-size:2.25rem;text-align:start}.uitk-date-picker-top-bar-selection+.uitk-date-picker-top-bar-selection{margin-block:0;margin-inline:.25rem}.uitk-date-picker-top-bar-selection.selected{--egds-legacy-border-color:#1668e3;box-shadow:inset 0 -2px 0 0 var(--egds-outline-focus,var(--egds-legacy-border-color))}.uitk-date-picker-selection-date{--egds-legacy-color:#676a7d;color:var(--egds-on-surface-variant,var(--egds-legacy-color));display:block;font-size:1.25rem;font-weight:700;line-height:1.5rem}.selection-filled .uitk-date-picker-selection-date{--egds-legacy-color:#191e3b;color:var(--egds-on-surface,var(--egds-legacy-color))}.uitk-date-picker-weeks{border-collapse:collapse;border-spacing:0;inline-size:100%;margin:auto;margin-inline-end:0;table-layout:fixed}.uitk-date-picker-month{inline-size:100%;padding-block:.75rem;padding-inline:0}.uitk-date-picker-month-name{block-size:1.125rem;font-size:.875rem;font-weight:500;line-height:1.125rem;margin-block-end:1rem;text-align:center}.uitk-date-picker-day-name,.uitk-date-picker-month-name{--egds-legacy-color:#191e3b;color:var(--egds-on-surface,var(--egds-legacy-color))}.uitk-date-picker-day-name{block-size:1rem;font-size:.75rem;font-weight:400;line-height:1rem;padding-block-end:.5rem}.uitk-date-picker-footer-text{--egds-legacy-color:#191e3b;color:var(--egds-on-surface-variant,var(--egds-legacy-color));font-size:.625rem;font-weight:400;line-height:.75rem}.uitk-date-picker-footer-text-center{text-align:center}.uitk-date-picker-menu-footer .uitk-date-picker-footer-text{padding-inline-end:.75rem}.uitk-date-picker-footer-opaque .uitk-date-picker-footer-text{padding-block-end:.75rem}.uitk-date-picker .uitk-calendar{--egds-legacy-background-color:#fff;background-color:var(--egds-surface,var(--egds-legacy-background-color))}.uitk-date-picker .uitk-date-picker-selection-icon{--egds-legacy-fill-color:#191e3b;fill:var(--egds-on-surface,var(--egds-legacy-fill-color));inline-size:2.5rem;justify-content:center}.uitk-date-picker .uitk-date-picker-day-number{z-index:100;--egds-legacy-background-color:#ecf4fd;--egds-legacy-background-start-color:#fff;block-size:2.75rem;position:relative}[dir=ltr] .uitk-date-picker .uitk-date-picker-day-number.start,[dir=rtl] .uitk-date-picker .uitk-date-picker-day-number.end{background:linear-gradient(to right,transparent 50%,var(--egds-secondary-container-variant,var(--egds-legacy-background-color)) 50%)}[dir=ltr] .uitk-date-picker .uitk-date-picker-day-number.end,[dir=rtl] .uitk-date-picker .uitk-date-picker-day-number.start{background:linear-gradient(to left,transparent 50%,var(--egds-secondary-container-variant,var(--egds-legacy-background-color)) 50%)}[dir=ltr] .uitk-date-picker .uitk-date-picker-day-number.uitk-date-picker-first-of-month .selected:not(.edge),[dir=rtl] .uitk-date-picker .uitk-date-picker-day-number.start.uitk-date-picker-last-of-month,[dir=rtl] .uitk-date-picker .uitk-date-picker-day-number.uitk-date-picker-last-of-month .selected:not(.edge){background:linear-gradient(to left,var(--egds-secondary-container-variant,var(--egds-legacy-background-color)) 73%,var(--egds-surface,var(--egds-legacy-background-start-color)))}[dir=ltr] .uitk-date-picker .uitk-date-picker-day-number.start.uitk-date-picker-last-of-month,[dir=ltr] .uitk-date-picker .uitk-date-picker-day-number.uitk-date-picker-last-of-month .selected:not(.edge),[dir=rtl] .uitk-date-picker .uitk-date-picker-day-number.uitk-date-picker-first-of-month .selected:not(.edge){background:linear-gradient(to right,var(--egds-secondary-container-variant,var(--egds-legacy-background-color)) 73%,var(--egds-surface,var(--egds-legacy-background-start-color)))}[dir=ltr] .uitk-date-picker .uitk-date-picker-day-number.startSelected.uitk-date-picker-last-of-month{background:linear-gradient(to right,var(--egds-surface,var(--egds-legacy-background-start-color)) 50%,var(--egds-secondary-container-variant,var(--egds-legacy-background-color)) 50%,var(--egds-secondary-container-variant,var(--egds-legacy-background-color)) 73%,var(--egds-surface,var(--egds-legacy-background-start-color)))}[dir=rtl] .uitk-date-picker .uitk-date-picker-day-number.startSelected.uitk-date-picker-last-of-month{background:linear-gradient(to left,var(--egds-surface,var(--egds-legacy-background-start-color)) 50%,var(--egds-secondary-container-variant,var(--egds-legacy-background-color)) 50%,var(--egds-secondary-container-variant,var(--egds-legacy-background-color)) 73%,var(--egds-surface,var(--egds-legacy-background-start-color)))}.uitk-date-picker .uitk-date-picker-day-number .uitk-date-picker-day{--egds-legacy-color:#191e3b;align-items:center;background:none;block-size:100%;border:0;border-radius:0;color:var(--egds-on-surface,var(--egds-legacy-color));cursor:pointer;display:flex;flex-direction:column;inline-size:100%;justify-content:center}.uitk-date-picker .uitk-date-picker-day-number .uitk-date-picker-day:before{content:attr(data-day);font-size:.875rem;font-weight:400;line-height:1.125rem}.uitk-date-picker .uitk-date-picker-day-number .uitk-date-picker-day:before:not(.selected){color:var(--egds-on-surface)}.uitk-date-picker .uitk-date-picker-day-number .uitk-date-picker-day:after{content:attr(data-day-content);font-size:.625rem;font-weight:400;line-height:.75rem}.uitk-date-picker .uitk-date-picker-day-number .uitk-date-picker-day:after:not(.selected){color:var(--egds-on-surface-variant)}.uitk-date-picker .uitk-date-picker-day-number .uitk-date-picker-day.positive:not(.edge):after{--egds-legacy-color:#227950;color:var(--egds-positive,var(--egds-legacy-color));font-weight:700}.uitk-date-picker .uitk-date-picker-day-number .uitk-date-picker-day.negative:not(.selected):not(.edge):after{--egds-legacy-color:#a7183c;color:var(--egds-critical,var(--egds-legacy-color));font-weight:700}.uitk-date-picker .uitk-date-picker-day .is-visually-hidden{font-size:0}.uitk-date-picker .uitk-date-picker-day.selected{--egds-legacy-background-color:#ecf4fd;background-color:var(--egds-secondary-container-variant,var(--egds-legacy-background-color))}.uitk-date-picker .uitk-date-picker-day.edge{--egds-legacy-background-color:#1668e3;--egds-legacy-color:#fff;background-color:var(--egds-secondary,var(--egds-legacy-background-color));border-radius:50%;color:var(--egds-on-secondary,var(--egds-legacy-color));inline-size:2.75rem;margin:auto}.uitk-date-picker .uitk-date-picker-selection-bar{min-block-size:3rem}.uitk-date-picker .uitk-date-picker-selection-bar-top{padding-block-end:.5rem;padding-block-start:0;padding-inline:1rem}.uitk-date-picker-footer,.uitk-date-picker-footer-opaque{z-index:200;--egds-scrim__z_index:200}.uitk-date-picker-footer-opaque{--egds-legacy-background-color:#fff;background-color:var(--egds-surface,var(--egds-legacy-background-color));box-shadow:0 .5rem 1rem rgba(0,0,0,.24);padding-block:.75rem;padding-inline:.5rem}.uitk-date-picker-toolbar section:not(.uitk-date-picker-selection-bar):first-child{position:static}.uitk-date-fields{position:relative}.uitk-date-fields .uitk-date-picker-menu{position:inherit}.uitk-date-fields .uitk-date-picker-menu-container{inset-block-start:0;margin-block-start:auto;z-index:400}@supports not (inset-block-start:0){.uitk-date-fields .uitk-date-picker-menu-container{top:0}}.uitk-date-fields .uitk-date-field-wrapper{inline-size:min-content;min-inline-size:0}.uitk-date-field-wrapper .uitk-date-picker-menu{display:block}.uitk-date-field-wrapper .uitk-date-picker-menu-container-single{inline-size:23.438rem}.uitk-date-field-wrapper .uitk-date-picker-menu-container-double{inline-size:48.375rem}.uitk-date-field-wrapper .uitk-date-picker-menu-months-container{display:grid;grid-gap:1.5rem;grid-template-columns:repeat(auto-fit,minmax(0,1fr))}.uitk-date-field-wrapper .uitk-date-picker-menu .uitk-date-picker-selection-bar-top{--egds-legacy-border-color:#dfe0e4;box-shadow:0 1px 0 0 var(--egds-outline-variant,var(--egds-legacy-border-color))}.uitk-date-field-wrapper .uitk-date-picker-menu .uitk-date-picker-input{min-inline-size:9.375rem}.uitk-date-field-wrapper .uitk-date-picker-menu .uitk-calendar{margin-block-start:.625rem;padding-block-end:0;padding-block-start:.25rem;position:relative}.uitk-date-field-wrapper .uitk-date-picker-menu-pagination-container{inline-size:100%;padding-block:0;padding-inline:.75rem;position:absolute}.uitk-date-field-wrapper .uitk-date-picker-menu-footer{--egds-legacy-border-color:#dfe0e4;border-block-start:1px solid var(--egds-outline-variant,var(--egds-legacy-border-color));padding-block-end:0;padding-block-start:.75rem;padding-inline:.75rem}.uitk-date-field-wrapper .uitk-date-picker-menu-footer .dialog-done{margin-inline-start:auto}.uitk-date-fields-wrapper{min-inline-size:0}.uitk-date-picker .uitk-date-picker-day-number.start.end{background:none}.uitk-date-picker .uitk-date-picker-day-number.start.end .uitk-date-picker-day.edge{--egds-legacy-border-color:#1668e3;background-clip:content-box;block-size:2.75rem;border-color:var(--egds-secondary,var(--egds-legacy-border-color));border-style:solid;border-width:2px;inline-size:2.75rem;padding:3px}.uitk-date-picker .uitk-date-picker-day-number.start.end:after,.uitk-date-picker .uitk-date-picker-day-number.start.end:before{--egds-legacy-color:#fff;background-color:var(--egds-on-secondary,var(--egds-legacy-color))}.uitk-date-picker-day-holiday{block-size:.25rem;border-radius:.25rem;inline-size:.25rem;order:-1}.uitk-date-picker-day.edge .uitk-date-picker-day-holiday{--egds-legacy-background-color:#fff;background-color:var(--egds-on-secondary,var(--egds-legacy-background-color))}.uitk-date-picker-day .uitk-date-picker-day-holiday{--egds-legacy-background-color:#191e3b;background-color:var(--egds-on-surface,var(--egds-legacy-background-color))}.uitk-date-range-grid{--egds-legacy-color:#191e3b;block-size:100%;color:var(--egds-on-surface,var(--egds-legacy-color));overflow-x:scroll;overflow-y:visible;position:relative;scroll-snap-type:both proximity}.uitk-date-range-grid::-webkit-scrollbar{block-size:0;display:none;inline-size:0}.uitk-date-range-grid-positive{--egds-legacy-color:#227950;color:var(--egds-positive,var(--egds-legacy-color));font-size:.875rem;font-weight:700;line-height:1.125rem}.uitk-date-range-grid-negative{--egds-legacy-color:#a7183c;color:var(--egds-critical,var(--egds-legacy-color))}.uitk-date-range-grid-link{--egds-legacy-color:#1668e3;color:var(--egds-secondary,var(--egds-legacy-color))}.uitk-date-range-grid button{background:none;block-size:100%;inline-size:100%}.uitk-date-range-grid-table{block-size:100%;border-collapse:separate;border-spacing:0;inline-size:100%}.uitk-date-range-grid-table-caption{position:unset}.uitk-date-range-grid td,.uitk-date-range-grid th{block-size:2.5rem;border-block-start:1px solid #dfe0e4;border-inline-start:1px solid #dfe0e4;min-inline-size:6rem;text-align:center}.uitk-date-range-grid td:first-child,.uitk-date-range-grid th:first-child{border-inline-start:0}.uitk-date-range-grid th{--egds-legacy-background-color:#dfe0e4;--egds-legacy-border-color:#dfe0e4;--egds-legacy-color:#191e3b;background-color:var(--egds-surface-container,var(--egds-legacy-background-color));border-color:var(--egds-outline-variant,var(--egds-legacy-border-color));color:var(--egds-on-surface,var(--egds-legacy-color));font-size:.875rem;font-weight:400;line-height:1.125rem;scroll-snap-align:start;scroll-snap-stop:normal}.uitk-date-range-grid th.selected-header{--egds-legacy-background-color:#c8dff9;background-color:var(--egds-secondary-container,var(--egds-legacy-background-color))}.uitk-date-range-grid td{--egds-legacy-background-color:#fff;background-color:var(--egds-surface,var(--egds-legacy-background-color));font-size:.875rem;font-weight:400;line-height:1.125rem;opacity:1}.uitk-date-range-grid td.selected-column,.uitk-date-range-grid td.selected-row,.uitk-date-range-grid td:hover{--egds-legacy-background-color:#ecf4fd;background-color:var(--egds-secondary-container-variant,var(--egds-legacy-background-color))}.uitk-date-range-grid td.no-hover:hover{--egds-legacy-background-color:#fff;background-color:var(--egds-surface,var(--egds-legacy-background-color))}.uitk-date-range-grid td:active{--egds-legacy-background-color:#c8dff9;background-color:var(--egds-secondary-container,var(--egds-legacy-background-color))}.uitk-date-range-grid td:focus{--egds-legacy-border-color:#1668e3;border-color:var(--egds-outline-focus,var(--egds-legacy-border-color))}.uitk-date-range-grid td.selected-cell{--egds-legacy-background-color:#0e3672;background-color:var(--egds-secondary,var(--egds-legacy-background-color))}.uitk-date-range-grid td.selected-cell button{--egds-legacy-color:#fff;color:var(--egds-on-secondary,var(--egds-legacy-color))}.uitk-date-range-grid .legend-cell{--egds-legacy-background-color:#dfe0e4;--egds-legacy-color:#191e3b;--egds-legacy-fill-color:#191e3b;background-color:var(--egds-surface-container,var(--egds-legacy-background-color));color:var(--egds-on-surface,var(--egds-legacy-color));font-size:.875rem;font-weight:700;line-height:1.125rem;--egds-icons__theme:var(--egds-on-surface,var(--egds-legacy-fill-color))}.uitk-date-range-grid .x-axis{text-align:start}.uitk-date-range-grid .y-axis{vertical-align:bottom}.uitk-date-range-grid .frozen-col{box-shadow:0 .25rem .25rem 0 rgba(0,11,38,.2);inset-block-start:auto;position:sticky}.uitk-date-range-grid .frozen-col.empty-header{border:none}.uitk-date-range-grid thead tr:first-child .frozen-col{border-block-start:none}.uitk-date-range-grid thead tr:first-child th:not(.frozen-col){border:none}.uitk-date-range-grid .frozen-row{inset-block-start:auto;position:sticky}[dir=ltr] .uitk-date-range-grid .frozen-col,[dir=rtl] .uitk-date-range-grid .frozen-col{inset-inline-end:0}[dir=ltr] .uitk-date-range-grid .frozen-row,[dir=rtl] .uitk-date-range-grid .frozen-row{inset-inline-start:0}.uitk-selector-clear{inset-block-start:.5rem/2;inset-inline-end:1.5rem;position:absolute}.uitk-selector-clear.mobile{inline-size:2.75rem;position:static}.uitk-selector-clear[disabled]{background-color:transparent;border-color:transparent;color:#ddddde}.selector-close-container{--egds-legacy-background-color:#f5f4f3;background-color:var(--egds-surface-high-elevation,var(--egds-legacy-background-color));border-end-end-radius:.5rem/2;border-end-start-radius:.5rem/2;order:2;padding-inline-end:1.5rem;z-index:1}.selector-close-btn,.selector-close-btn:hover{color:#292929;font-weight:700}.uitk-calendar-limit-inline-size{max-inline-size:100%}.uitk-date-selector-playback{padding-block-start:.5rem;padding-inline-end:1rem;padding-inline-start:1rem}.uitk-date-selector-playback-icon{--egds-icons__theme:var(--egds-on-surface)}.uitk-date-selector-playback-toolbar{overflow-x:hidden}.uitk-date-selector-popover{inline-size:45rem}.uitk-date-selector-popover .uitk-date-selector-popover-content{padding-block:1rem 1rem;padding-inline:1rem}.uitk-date-selector-popover-single{inline-size:auto}.uitk-date-selector-dialog-calendar{max-block-size:0}.uitk-date-selector-dialog-external-wrapper-container{display:flex;flex:auto;flex-direction:column}.uitk-date-selector-dialog-external-wrapper-container-centered-sheet{block-size:100vh}.uitk-date-selector-dialog-external-wrapper-container-fullsheet{block-size:100%}.uitk-date-selector-playback-wrapper{inset-block-start:0;inset-inline-start:0;overflow:visible}.uitk-date-selector-playback-wrapper-sticky{position:sticky;z-index:200}.uitk-date-selector-footer{--egds-legacy-background-color:#fff;background-color:var(--egds-surface-high-elevation,var(--egds-legacy-background-color));box-shadow:0 2px .75rem rgba(12,14,28,.08);inset-block-end:0;inset-inline-start:0;position:relative}.uitk-date-selector-footer-sticky{position:sticky;z-index:200}.uitk-date-display{background:none;min-inline-size:9.25rem}.uitk-date-display:disabled,.uitk-date-display:disabled:hover{opacity:1}.uitk-date-display-value{--egds-legacy-color:#676a7d;color:var(--egds-on-surface-variant,var(--egds-legacy-color));display:block;font-size:1.25rem;font-weight:700;line-height:1.5rem;overflow:hidden;padding-block:.75rem;padding-inline:0;text-align:start;text-overflow:ellipsis;white-space:nowrap}.selection-filled .uitk-date-display-value{--egds-legacy-color:#191e3b;color:var(--egds-on-surface,var(--egds-legacy-color))}.selected .uitk-date-display-value{--egds-legacy-border-color:#1668e3;box-shadow:inset 0 -2px 0 0 var(--egds-outline-focus,var(--egds-legacy-border-color))}.uitk-date-display.full-size{inline-size:100%;min-inline-size:0}.uitk-date-selector-dialog-sheet-full-playback-display .uitk-date-display{inline-size:100%}.uitk-date-selector-title{padding-block:0;padding-inline:1rem}.uitk-date-selector-title .uitk-date-selector-title-icon{inline-size:2.5rem}.uitk-dialog{--egds-legacy-background-color:#fff;background-color:var(--egds-surface-high-elevation,var(--egds-legacy-background-color));block-size:auto;border-radius:1rem;margin-block:0;margin-inline:3rem;max-block-size:calc(100vh - 6rem);max-inline-size:36rem;opacity:1;position:relative}.uitk-dialog.uitk-dialog-sheet.uitk-dialog-fullscreen{block-size:100%;border-radius:0;inline-size:100%;inset-block-start:0;inset-inline-start:0;margin:0;max-block-size:100%;max-inline-size:100%;overflow:hidden;position:absolute}.uitk-dialog.uitk-dialog-sheet.uitk-dialog-fullscreen-bg-default{--egds-legacy-background-color:#fff;background-color:var(--egds-surface-high-elevation,var(--egds-legacy-background-color))}.uitk-dialog.uitk-dialog-sheet.uitk-dialog-fullscreen-bg-dark{--egds-legacy-background-color:#0c0e1c;background-color:var(--egds-overlay,var(--egds-legacy-background-color))}.uitk-dialog.uitk-dialog-sheet.uitk-dialog-fullscreen-bg-canvas{--egds-legacy-background-color:#fbf8f1;background-color:var(--egds-surface-high-elevation,var(--egds-legacy-background-color))}.uitk-dialog.uitk-dialog-sheet.uitk-dialog-fullscreen .uitk-dialog-content{block-size:100%}.uitk-dialog.uitk-dialog-sheet.uitk-dialog-fullscreen .uitk-dialog-content-wrapper{max-block-size:100%}.uitk-dialog-content{overflow:auto}.uitk-dialog-content-wrapper{block-size:100%;display:flex;flex-direction:column;max-block-size:calc(100vh - 6rem);position:relative}.uitk-dialog-content-wrapper .uitk-dialog-content-container{overflow:auto}.uitk-dialog-footer{display:flex;padding-block-start:1rem}.uitk-dialog-footer-stacked{flex-direction:column}.uitk-dialog-footer-stacked .uitk-dialog-footer-section{margin-block-end:.75rem}.uitk-dialog-footer-stacked .uitk-dialog-footer-section:last-child{margin-block-end:0}.uitk-dialog-footer:not(.uitk-dialog-footer-stacked) .uitk-dialog-footer-section{margin-inline-end:.75rem}.uitk-dialog-footer:not(.uitk-dialog-footer-stacked) .uitk-dialog-footer-section:not(:first-child){padding-inline-start:0}.uitk-dialog-footer:not(.uitk-dialog-footer-stacked) .uitk-dialog-footer-section:last-child{margin-inline-end:0}.uitk-dialog-footer-section{flex-grow:1;inline-size:100%}.uitk-dialog-footer-button{inline-size:100%}.uitk-dialog-layer-responsive{align-items:center;display:flex;justify-content:center}.uitk-dialog-layer{background:rgba(0,0,0,.4);inset:0;overflow-y:auto;position:fixed;z-index:700}@media screen and (max-width:35.938rem){.uitk-dialog-layer{block-size:var(--vh,inherit)}}@media screen and (min-width:36rem){.uitk-dialog.uitk-dialog-fullscreen.uitk-dialog-sheet{border-radius:0;margin-block:0;margin-inline:3rem;max-block-size:calc(100vh - 6rem);max-inline-size:36rem;position:relative}.uitk-dialog.uitk-dialog-fullscreen.uitk-dialog-sheet.uitk-dialog-height-auto{block-size:auto}}.uitk-dialog.uitk-dialog-sheet.uitk-dialog-fullscreen-strict{margin:auto;max-block-size:100%;max-inline-size:100%}.uitk-dialog.uitk-dialog-sheet.uitk-dialog-fullscreen-strict .uitk-dialog-content{inline-size:100%;margin-block:0;margin-inline:auto;max-inline-size:36rem}.uitk-dialog.uitk-dialog-sheet.uitk-dialog-fullscreen-strict.uitk-dialog-wide-content .uitk-dialog-content{inline-size:100%;max-inline-size:75rem}.uitk-error-summary{background-color:#d11544;border-radius:1rem;color:#fff;font-size:.875rem;inline-size:100%;padding-block:.75rem;padding-inline:.75rem}.uitk-error-summary-description{color:#fff;font-size:.875rem;font-weight:400;line-height:1.125rem;margin-block-start:2px}.uitk-error-summary-heading{color:#fff;font-size:.875rem;font-weight:700;line-height:1.125rem}.uitk-error-summary-link-wrapper{display:block}.uitk-error-summary-link{cursor:pointer;display:inline-block;font-size:.875rem;font-weight:500;line-height:1.125rem;margin-block-start:.5rem}.uitk-error-summary-link,.uitk-error-summary-link:active,.uitk-error-summary-link:hover{color:#fff;text-decoration:underline}.uitk-expando-peek-inner.display-items[data-items-to-display="1"]>:nth-of-type(n+2),.uitk-expando-peek-inner.display-items[data-items-to-display="1"]>:only-child>:nth-of-type(n+2),.uitk-expando-peek-inner.display-items[data-items-to-display="10"]>:nth-of-type(n+11),.uitk-expando-peek-inner.display-items[data-items-to-display="10"]>:only-child>:nth-of-type(n+11),.uitk-expando-peek-inner.display-items[data-items-to-display="2"]>:nth-of-type(n+3),.uitk-expando-peek-inner.display-items[data-items-to-display="2"]>:only-child>:nth-of-type(n+3),.uitk-expando-peek-inner.display-items[data-items-to-display="3"]>:nth-of-type(n+4),.uitk-expando-peek-inner.display-items[data-items-to-display="3"]>:only-child>:nth-of-type(n+4),.uitk-expando-peek-inner.display-items[data-items-to-display="4"]>:nth-of-type(n+5),.uitk-expando-peek-inner.display-items[data-items-to-display="4"]>:only-child>:nth-of-type(n+5),.uitk-expando-peek-inner.display-items[data-items-to-display="5"]>:nth-of-type(n+6),.uitk-expando-peek-inner.display-items[data-items-to-display="5"]>:only-child>:nth-of-type(n+6),.uitk-expando-peek-inner.display-items[data-items-to-display="6"]>:nth-of-type(n+7),.uitk-expando-peek-inner.display-items[data-items-to-display="6"]>:only-child>:nth-of-type(n+7),.uitk-expando-peek-inner.display-items[data-items-to-display="7"]>:nth-of-type(n+8),.uitk-expando-peek-inner.display-items[data-items-to-display="7"]>:only-child>:nth-of-type(n+8),.uitk-expando-peek-inner.display-items[data-items-to-display="8"]>:nth-of-type(n+9),.uitk-expando-peek-inner.display-items[data-items-to-display="8"]>:only-child>:nth-of-type(n+9),.uitk-expando-peek-inner.display-items[data-items-to-display="9"]>:nth-of-type(n+10),.uitk-expando-peek-inner.display-items[data-items-to-display="9"]>:only-child>:nth-of-type(n+10){display:none}.uitk-expando-peek{font-size:.875rem;font-weight:400;line-height:1.125rem}.uitk-expando-peek-main-active{-webkit-mask-image:unset}.uitk-expando-peek-main-active .uitk-expando-peek-inner.display-lines{max-block-size:unset}.uitk-expando-peek-main-inactive:not(.hide-scrim){-webkit-mask-image:linear-gradient(0deg,hsla(0,0%,100%,0),#fff 3rem);overflow:hidden}.uitk-expando-peek-control{margin-block-end:.75rem;margin-block-start:.75rem}.uitk-expando-peek-inner{--egds-legacy-color:#191e3b;color:var(--egds-on-surface,var(--egds-legacy-color));overflow:hidden;text-overflow:ellipsis;word-wrap:break-word}.uitk-expando-peek-inner.display-lines{display:block;max-block-size:calc(var(--uitk-expando-peek-lines-to-clamp)*1.125rem)}.uitk-expando-peek-inner.display-lines>ul{align-items:flex-start;display:-webkit-inline-flex;flex-direction:column;inline-size:100%}.uitk-expando.uitk-expando-link{margin-block-end:.75rem;margin-block-start:.75rem}.uitk-expando-trigger-title{text-align:start}.uitk-expando-trigger-content{cursor:pointer;display:flex;flex-basis:100%;gap:.5rem}.uitk-expando-trigger-content::marker{content:""}.uitk-expando-trigger-content::-webkit-details-marker{display:none}.uitk-expando-trigger-content .uitk-expando-link{align-items:center}.uitk-expando-trigger-content .uitk-expando-title{align-self:center}.uitk-expando-list{display:flex;flex-direction:column}.uitk-expando-list .uitk-expando-list-item:not(:first-child){margin-block-start:.75rem}.uitk-expando-list .uitk-expando-list-item.is-disabled summary{pointer-events:none;-webkit-user-select:none;user-select:none}.uitk-expando-list .uitk-expando-list-item.disabled:not([open])>summary+*{display:none}.uitk-expando-list .uitk-expando-body{margin-block-start:.75rem}.uitk-expando-list .uitk-expando-body.is-indented-leading{padding-inline-start:2rem}.uitk-expando-list .uitk-expando-body.is-indented-trailing{padding-inline-end:2rem}.uitk-expando-list .uitk-expando-trigger-content>.uitk-expando-title{flex-grow:1}.uitk-expando-list .uitk-expando-trigger-content>.uitk-expando-trigger-icon{--egds-legacy-fill-color:#191e3b;block-size:1.5rem;fill:var(--egds-on-surface,var(--egds-legacy-fill-color));inline-size:1.5rem;min-inline-size:1.5rem}.uitk-expando-trigger-icon{transform:rotate(0deg);transition:all .3s}.uitk-expando-trigger-icon-active{transform:rotate(-180deg)}[dir=rtl] .uitk-expando-trigger-icon-active{transform:rotate(180deg)}.uitk-expando-description,.uitk-expando-title{color:inherit}:root{background-color:#fbf8f1;cursor:default;-webkit-font-smoothing:antialiased;-webkit-text-size-adjust:100%;text-size-adjust:100%}body{--egds-legacy-background-color:#fbf8f1;background-color:var(--egds-surface,var(--egds-legacy-background-color));color:var(--egds-on-surface,unset)}:root,a,abbr,address,article,aside,audio,b,body,button,canvas,caption,cite,dd,del,details,dfn,div,dl,dt,em,embed,fieldset,figcaption,figure,footer,form,h1,h2,h3,h4,h5,h6,header,i,iframe,img,input,ins,kbd,label,legend,li,mark,menu,nav,object,ol,output,p,q,ruby,s,section,small,span,strike,strong,sub,summary,sup,table,tbody,td,textarea,tfoot,th,thead,time,tr,u,ul,video{box-sizing:border-box;margin:0;padding:0}:after,:before{box-sizing:border-box}details,main{display:block}fieldset{border:none}ol,ul{list-style:none}pre{overflow:auto}progress{display:inline-block}summary{display:list-item}svg:not(:root){overflow:hidden}audio:not([controls]){display:none}[type=button],[type=reset],[type=submit],button{-webkit-appearance:button;appearance:button}[type=search]{-webkit-appearance:textfield;appearance:textfield}button,input{border-style:solid;border-width:0}button,input,select,textarea{cursor:pointer;font-family:inherit}a{--egds-legacy-color:#1668e3;color:var(--egds-secondary,var(--egds-legacy-color));text-decoration:none}a:hover{text-decoration:underline}audio,canvas,iframe,img,svg,video{vertical-align:middle}[tabindex],a,area,button,input,label,select,textarea{touch-action:manipulation}[aria-busy=true]{cursor:progress}[aria-controls]{cursor:pointer}[aria-disabled]{cursor:default}[hidden]{display:none}[hidden][aria-hidden=false]{clip:rect(0 0 0 0);display:inherit;position:absolute}[hidden][aria-hidden=false]:focus{clip:auto}strong{font-weight:700}.is-visually-hidden{block-size:1px;border:0;clip:rect(0 0 0 0);inline-size:1px;margin:-1px;overflow:hidden;padding:0;position:absolute}.is-visually-hidden.is-focusable:active,.is-visually-hidden.is-focusable:focus{block-size:auto;clip:auto;inline-size:auto;margin:0;overflow:visible;position:static}.is-invisible{visibility:hidden}.is-hidden{display:none}:disabled,[class*=is-disabled]{cursor:not-allowed;opacity:.36}:disabled :disabled,:disabled [class*=is-disabled],[class*=is-disabled] :disabled,[class*=is-disabled] [class*=is-disabled]{opacity:1}:global .is-visually-hidden{block-size:1px;border:0;clip:rect(0 0 0 0);inline-size:1px;margin:-1px;overflow:hidden;padding:0;position:absolute}:global .is-visually-hidden.is-focusable:active,:global .is-visually-hidden.is-focusable:focus{block-size:auto;clip:auto;inline-size:auto;margin:0;overflow:visible;position:static}:global .is-invisible{visibility:hidden}:global .is-hidden{display:none}:global :disabled,:global [class*=is-disabled]{cursor:not-allowed;opacity:.36}:global :disabled :global :disabled,:global :disabled :global [class*=is-disabled],:global [class*=is-disabled] :global :disabled,:global [class*=is-disabled] :global [class*=is-disabled]{opacity:1}:global .uitk-dialog{--egds-legacy-background-color:#fff;background-color:var(--egds-surface-high-elevation,var(--egds-legacy-background-color));block-size:auto;border-radius:1rem;margin-block:0;margin-inline:3rem;max-block-size:calc(100vh - 6rem);max-inline-size:36rem;opacity:1;position:relative}:global .uitk-dialog.uitk-dialog-sheet.uitk-dialog-fullscreen{block-size:100%;border-radius:0;inline-size:100%;inset-block-start:0;inset-inline-start:0;margin:0;max-block-size:100%;max-inline-size:100%;overflow:hidden;position:absolute}@supports not (inset-block-start:0){:global .uitk-dialog.uitk-dialog-sheet.uitk-dialog-fullscreen{left:0;top:0}}:global .uitk-dialog.uitk-dialog-sheet.uitk-dialog-fullscreen-bg-default{--egds-legacy-background-color:#fff;background-color:var(--egds-surface-high-elevation,var(--egds-legacy-background-color))}:global .uitk-dialog.uitk-dialog-sheet.uitk-dialog-fullscreen-bg-dark{--egds-legacy-background-color:#0c0e1c;background-color:var(--egds-overlay,var(--egds-legacy-background-color))}:global .uitk-dialog.uitk-dialog-sheet.uitk-dialog-fullscreen-bg-canvas{--egds-legacy-background-color:#fbf8f1;background-color:var(--egds-surface-high-elevation,var(--egds-legacy-background-color))}:global .uitk-dialog.uitk-dialog-sheet.uitk-dialog-fullscreen .uitk-dialog-content{block-size:100%}:global .uitk-dialog.uitk-dialog-sheet.uitk-dialog-fullscreen .uitk-dialog-content-wrapper{max-block-size:100%}:global .uitk-dialog-content{overflow:auto}:global .uitk-dialog-content-wrapper{block-size:100%;display:flex;flex-direction:column;max-block-size:calc(100vh - 6rem);position:relative}:global .uitk-dialog-content-wrapper .uitk-dialog-content-container{overflow:auto}:global .uitk-dialog-footer{display:flex;padding-block-start:1rem}:global .uitk-dialog-footer-stacked{flex-direction:column}:global .uitk-dialog-footer-stacked .uitk-dialog-footer-section{margin-block-end:.75rem}:global .uitk-dialog-footer-stacked .uitk-dialog-footer-section:last-child{margin-block-end:0}:global .uitk-dialog-footer:not(.uitk-dialog-footer-stacked) .uitk-dialog-footer-section{margin-inline-end:.75rem}:global .uitk-dialog-footer:not(.uitk-dialog-footer-stacked) .uitk-dialog-footer-section:not(:first-child){padding-inline-start:0}:global .uitk-dialog-footer:not(.uitk-dialog-footer-stacked) .uitk-dialog-footer-section:last-child{margin-inline-end:0}:global .uitk-dialog-footer-section{flex-grow:1;inline-size:100%}:global .uitk-dialog-footer-button{inline-size:100%}:global .uitk-dialog-layer-responsive{align-items:center;display:flex;justify-content:center}:global .uitk-dialog-layer{background:rgba(0,0,0,.4);inset:0;overflow-y:auto;position:fixed;z-index:700}@media screen and (max-width:35.938rem){:global .uitk-dialog-layer{block-size:var(--vh,inherit)}}@media screen and (min-width:36rem){:global .uitk-dialog.uitk-dialog-fullscreen.uitk-dialog-sheet{border-radius:0;margin-block:0;margin-inline:3rem;max-block-size:calc(100vh - 6rem);max-inline-size:36rem;position:relative}:global .uitk-dialog.uitk-dialog-fullscreen.uitk-dialog-sheet.uitk-dialog-height-auto{block-size:auto}}:global .uitk-dialog.uitk-dialog-sheet.uitk-dialog-fullscreen-strict{margin:auto;max-block-size:100%;max-inline-size:100%}:global .uitk-dialog.uitk-dialog-sheet.uitk-dialog-fullscreen-strict .uitk-dialog-content{inline-size:100%;margin-block:0;margin-inline:auto;max-inline-size:36rem}:global .uitk-dialog.uitk-dialog-sheet.uitk-dialog-fullscreen-strict.uitk-dialog-wide-content .uitk-dialog-content{inline-size:100%;max-inline-size:75rem}:global .uitk-card-roundcorner-all,:global .uitk-card-roundcorner-small-all{border-radius:1rem}:global .uitk-card-roundcorner-small-top-left,:global .uitk-card-roundcorner-top-left{border-top-left-radius:1rem}:global .uitk-card-roundcorner-small-top-right,:global .uitk-card-roundcorner-top-right{border-top-right-radius:1rem}:global .uitk-card-roundcorner-bottom-right,:global .uitk-card-roundcorner-small-bottom-right{border-bottom-right-radius:1rem}:global .uitk-card-roundcorner-bottom-left,:global .uitk-card-roundcorner-small-bottom-left{border-bottom-left-radius:1rem}:global .uitk-card-roundcorner-top-left{--egds-image__overflow:hidden}:global .uitk-card-roundcorner-top-right{--egds-image__overflow:hidden}:global .uitk-card-roundcorner-bottom-right{--egds-image__overflow:hidden}:global .uitk-card-roundcorner-bottom-left{--egds-image__overflow:hidden}:global .uitk-card-roundcorner-all{--egds-image__overflow:hidden}@media screen and (min-width:36rem){:global .uitk-card-roundcorner-medium-top-left{border-top-left-radius:1rem}:global .uitk-card-roundcorner-medium-top-right{border-top-right-radius:1rem}:global .uitk-card-roundcorner-medium-bottom-right{border-bottom-right-radius:1rem}:global .uitk-card-roundcorner-medium-bottom-left{border-bottom-left-radius:1rem}}@media screen and (min-width:62rem){:global .uitk-card-roundcorner-large-top-left{border-top-left-radius:1rem}:global .uitk-card-roundcorner-large-top-right{border-top-right-radius:1rem}:global .uitk-card-roundcorner-large-bottom-right{border-bottom-right-radius:1rem}:global .uitk-card-roundcorner-large-bottom-left{border-bottom-left-radius:1rem}}@media screen and (min-width:75rem){:global .uitk-card-roundcorner-extra_large-top-left{border-top-left-radius:1rem}:global .uitk-card-roundcorner-extra_large-top-right{border-top-right-radius:1rem}:global .uitk-card-roundcorner-extra_large-bottom-right{border-bottom-right-radius:1rem}:global .uitk-card-roundcorner-extra_large-bottom-left{border-bottom-left-radius:1rem}}:root{font-family:Centra No2,-apple-system,BlinkMacSystemFont,Segoe UI,Roboto,Helvetica Neue,Arial,sans-serif;font-synthesis:none}@font-face{font-display:optional;font-family:Centra No2;font-style:normal;font-weight:300;src:url(https://a.travel-assets.com/egds/fonts/CentraNo2/CentraNo2-Light.woff2) format("woff2"),url(https://a.travel-assets.com/egds/fonts/CentraNo2/CentraNo2-Light.woff) format("woff");unicode-range:u+0??}@font-face{font-display:optional;font-family:Centra No2;font-style:normal;font-weight:400;src:url(https://a.travel-assets.com/egds/fonts/CentraNo2/CentraNo2-Book.woff2) format("woff2"),url(https://a.travel-assets.com/egds/fonts/CentraNo2/CentraNo2-Book.woff) format("woff");unicode-range:u+0??}@font-face{font-display:optional;font-family:Centra No2;font-style:normal;font-weight:500;src:url(https://a.travel-assets.com/egds/fonts/CentraNo2/CentraNo2-Medium.woff2) format("woff2"),url(https://a.travel-assets.com/egds/fonts/CentraNo2/CentraNo2-Medium.woff) format("woff");unicode-range:u+0??}@font-face{font-display:optional;font-family:Centra No2;font-style:normal;font-weight:700;src:url(https://a.travel-assets.com/egds/fonts/CentraNo2/CentraNo2-Bold.woff2) format("woff2"),url(https://a.travel-assets.com/egds/fonts/CentraNo2/CentraNo2-Bold.woff) format("woff");unicode-range:u+0??}@font-face{font-display:block;font-family:Recoleta;font-style:normal;font-weight:300;src:url(https://a.travel-assets.com/egds/fonts/Recoleta/Recoleta-Regular.woff2) format("woff2"),url(https://a.travel-assets.com/egds/fonts/Recoleta/Recoleta-Regular.woff) format("woff");unicode-range:u+0020-007e,u+00a0-00ff,u+200f-205e}@font-face{font-display:block;font-family:Recoleta;font-style:normal;font-weight:400;src:url(https://a.travel-assets.com/egds/fonts/Recoleta/Recoleta-Regular.woff2) format("woff2"),url(https://a.travel-assets.com/egds/fonts/Recoleta/Recoleta-Regular.woff) format("woff");unicode-range:u+0020-007e,u+00a0-00ff,u+200f-205e}@font-face{font-display:block;font-family:Recoleta;font-style:normal;font-weight:500;src:url(https://a.travel-assets.com/egds/fonts/Recoleta/Recoleta-Regular.woff2) format("woff2"),url(https://a.travel-assets.com/egds/fonts/Recoleta/Recoleta-Regular.woff) format("woff");unicode-range:u+0020-007e,u+00a0-00ff,u+200f-205e}@font-face{font-display:block;font-family:Recoleta;font-style:normal;font-weight:700;src:url(https://a.travel-assets.com/egds/fonts/Recoleta/Recoleta-Regular.woff2) format("woff2"),url(https://a.travel-assets.com/egds/fonts/Recoleta/Recoleta-Regular.woff) format("woff");unicode-range:u+0020-007e,u+00a0-00ff,u+200f-205e}[data-theme-light=light-1]{--egds-primary:#1668e3;--egds-primary-variant:#0e3672;--egds-on-primary:#fff;--egds-primary-container:#c8dff9;--egds-primary-container-variant:#fbece9;--egds-on-primary-container:#0d4eaf;--egds-secondary:#1668e3;--egds-on-secondary:#fff;--egds-secondary-container:#c8dff9;--egds-secondary-container-variant:#ecf4fd;--egds-on-secondary-container:#0d4eaf;--egds-tertiary:#4d5167;--egds-on-tertiary:#fff;--egds-tertiary-container:#eae3d2;--egds-tertiary-container-variant:#fbf8f1;--egds-on-tertiary-container:#4d5167;--egds-surface:#fff;--egds-surface-low-elevation:#fff;--egds-surface-medium-elevation:#fff;--egds-surface-high-elevation:#fff;--egds-surface-container:#dfe0e4;--egds-surface-container-variant:#fbf8f1;--egds-on-surface:#191e3b;--egds-on-surface-variant:#676a7d;--egds-inverse-surface:#0c0e1c;--egds-inverse-on-surface:#fff;--egds-overlay:#191e3b;--egds-on-overlay:#fff;--egds-outline:#818494;--egds-outline-variant:#dfe0e4;--egds-outline-focus:#1668e3;--egds-critical:#a7183c;--egds-on-critical:#fff;--egds-critical-container:#fed5d8;--egds-on-critical-container:#a7183c;--egds-positive:#227950;--egds-on-positive:#fff;--egds-positive-container:#e6f7e9;--egds-on-positive-container:#227950;--egds-info:#818494;--egds-on-info:#fff;--egds-info-container:#dfe0e4;--egds-on-info-container:#4d5167;--egds-featured:#818494;--egds-on-featured:#fff;--egds-featured-container:#dfe0e4;--egds-on-featured-container:#676a7d;--egds-shadow:#0c0e1c;--egds-scrim:#0c0e1c;--egds-bottom-scrim:linear-gradient(180deg,rgba(12,14,28,0) 1rem,rgba(12,14,28,.11) 2rem,rgba(12,14,28,.32) 3.1rem,rgba(12,14,28,.5) 4.625rem);--egds-button-scrim:linear-gradient(0deg,hsla(0,0%,100%,.75) 88%,transparent);--egds-secondary-opacity-xx-low:rgba(22,104,227,.16);--egds-surface-opacity-mid:hsla(0,0%,100%,.5);--egds-surface-opacity-none:hsla(0,0%,100%,0)}[data-theme-light=dark-1]{--egds-primary:#649df2;--egds-primary-variant:#a6c9f7;--egds-on-primary:#191e3b;--egds-primary-container:#0e3672;--egds-primary-container-variant:#80194a;--egds-on-primary-container:#85b3f2;--egds-secondary:#85b3f2;--egds-on-secondary:#191e3b;--egds-secondary-container:#0d4eaf;--egds-secondary-container-variant:#0e3672;--egds-on-secondary-container:#a6c9f7;--egds-tertiary:#caccd2;--egds-on-tertiary:#191e3b;--egds-tertiary-container:#0d4eaf;--egds-tertiary-container-variant:#191e3b;--egds-on-tertiary-container:#caccd2;--egds-surface:#0c0e1c;--egds-surface-low-elevation:#0c0e1c;--egds-surface-medium-elevation:#191e3b;--egds-surface-high-elevation:#191e3b;--egds-surface-container:#31374f;--egds-surface-container-variant:#191e3b;--egds-on-surface:#fff;--egds-on-surface-variant:#adb0bb;--egds-inverse-surface:#dfe0e4;--egds-inverse-on-surface:#191e3b;--egds-overlay:#191e3b;--egds-on-overlay:#fff;--egds-outline:#999ca8;--egds-outline-variant:#676a7d;--egds-outline-focus:#649df2;--egds-critical:#ef98a7;--egds-on-critical:#191e3b;--egds-critical-container:#420e1b;--egds-on-critical-container:#f55669;--egds-positive:#57ca61;--egds-on-positive:#191e3b;--egds-positive-container:#022623;--egds-on-positive-container:#57ca61;--egds-info:#b1b3bd;--egds-on-info:#191e3b;--egds-info-container:#191e3b;--egds-on-info-container:#caccd2;--egds-featured:#b1b3bd;--egds-on-featured:#191e3b;--egds-featured-container:#191e3b;--egds-on-featured-container:#caccd2;--egds-shadow:#0c0e1c;--egds-scrim:#0c0e1c;--egds-bottom-scrim:linear-gradient(180deg,rgba(12,14,28,0) 1rem,rgba(12,14,28,.11) 2rem,rgba(12,14,28,.32) 3.1rem,rgba(12,14,28,.5) 4.625rem);--egds-button-scrim:linear-gradient(0deg,rgba(12,14,28,.75) 88%,transparent);--egds-secondary-opacity-xx-low:rgba(133,179,242,.16);--egds-surface-opacity-mid:rgba(12,14,28,.5);--egds-surface-opacity-none:rgba(12,14,28,0)}[data-theme-light=bright-1]{--egds-primary:#fff;--egds-primary-variant:#f6afb9;--egds-on-primary:#0c0e1c;--egds-primary-container:#a1122c;--egds-primary-container-variant:#c51636;--egds-on-primary-container:#fff;--egds-secondary:#fff;--egds-on-secondary:#0c0e1c;--egds-secondary-container:#a1122c;--egds-secondary-container-variant:#c51636;--egds-on-secondary-container:#fff;--egds-tertiary:#fff;--egds-on-tertiary:#0c0e1c;--egds-tertiary-container:#a1122c;--egds-tertiary-container-variant:#c51636;--egds-on-tertiary-container:#fff;--egds-surface:#e61e43;--egds-surface-low-elevation:#e61e43;--egds-surface-medium-elevation:#e61e43;--egds-surface-high-elevation:#e61e43;--egds-surface-container:#a1122c;--egds-surface-container-variant:#c51636;--egds-on-surface:#fff;--egds-on-surface-variant:#fff;--egds-inverse-surface:#0c0e1c;--egds-inverse-on-surface:#fff;--egds-overlay:#0c0e1c;--egds-on-overlay:#fff;--egds-outline:#fff;--egds-outline-variant:#f2889b;--egds-outline-focus:#a6c9f7;--egds-critical:#fff;--egds-on-critical:#a7183c;--egds-critical-container:#6c172c;--egds-on-critical-container:#fc8d96;--egds-positive:#fff;--egds-on-positive:#105d4a;--egds-positive-container:#043f3b;--egds-on-positive-container:#57ca61;--egds-info:#fff;--egds-on-info:#676a7d;--egds-info-container:#191e3b;--egds-on-info-container:#b1b3bd;--egds-featured:#fff;--egds-on-featured:#676a7d;--egds-featured-container:#31374f;--egds-on-featured-container:#b1b3bd;--egds-shadow:#0c0e1c;--egds-scrim:#0c0e1c;--egds-bottom-scrim:linear-gradient(180deg,rgba(12,14,28,0) 1rem,rgba(12,14,28,.11) 2rem,rgba(12,14,28,.32) 3.1rem,rgba(12,14,28,.5) 4.625rem);--egds-button-scrim:linear-gradient(0deg,rgba(230,30,67,.75) 88%,transparent);--egds-secondary-opacity-xx-low:hsla(0,0%,100%,.16);--egds-surface-opacity-mid:rgba(230,30,67,.5);--egds-surface-opacity-none:rgba(230,30,67,0)}[data-theme-light=global-loyalty-low]{--egds-primary:#191e3b;--egds-primary-variant:#4d5167;--egds-on-primary:#fff;--egds-primary-container:#c8dff9;--egds-primary-container-variant:#fbece9;--egds-on-primary-container:#0d4eaf;--egds-secondary:#191e3b;--egds-on-secondary:#fff;--egds-secondary-container:#fff;--egds-secondary-container-variant:#ecf4fd;--egds-on-secondary-container:#191e3b;--egds-tertiary:#4d5167;--egds-on-tertiary:#fff;--egds-tertiary-container:#b3c5f6;--egds-tertiary-container-variant:#ecf1fe;--egds-on-tertiary-container:#4d5167;--egds-surface:#d6e0fc;--egds-surface-low-elevation:#d6e0fc;--egds-surface-medium-elevation:#d6e0fc;--egds-surface-high-elevation:#d6e0fc;--egds-surface-container:#b3c5f6;--egds-surface-container-variant:#ecf1fe;--egds-on-surface:#191e3b;--egds-on-surface-variant:#191e3b;--egds-inverse-surface:#0c0e1c;--egds-inverse-on-surface:#fff;--egds-overlay:#191e3b;--egds-on-overlay:#fff;--egds-outline:#191e3b;--egds-outline-variant:#191e3b;--egds-outline-focus:#1668e3;--egds-critical:#a7183c;--egds-on-critical:#fff;--egds-critical-container:#fed5d8;--egds-on-critical-container:#a7183c;--egds-positive:#105d4a;--egds-on-positive:#fff;--egds-positive-container:#beecc6;--egds-on-positive-container:#105d4a;--egds-info:#818494;--egds-on-info:#fff;--egds-info-container:#dfe0e4;--egds-on-info-container:#4d5167;--egds-featured:#818494;--egds-on-featured:#fff;--egds-featured-container:#dfe0e4;--egds-on-featured-container:#676a7d;--egds-shadow:#0c0e1c;--egds-scrim:#0c0e1c;--egds-bottom-scrim:linear-gradient(180deg,rgba(12,14,28,0) 1rem,rgba(12,14,28,.11) 2rem,rgba(12,14,28,.32) 3.1rem,rgba(12,14,28,.5) 4.625rem);--egds-button-scrim:linear-gradient(0deg,rgba(214,224,252,.75) 88%,transparent);--egds-secondary-opacity-xx-low:rgba(25,30,59,.16);--egds-surface-opacity-mid:rgba(214,224,252,.5);--egds-surface-opacity-none:rgba(214,224,252,0)}[data-theme-light=global-loyalty-low-bright]{--egds-primary:#fff;--egds-primary-variant:#a6c9f7;--egds-on-primary:#191e3b;--egds-primary-container:#0e3672;--egds-primary-container-variant:#311a32;--egds-on-primary-container:#80b2f4;--egds-secondary:#fff;--egds-on-secondary:#191e3b;--egds-secondary-container:#181f3e;--egds-secondary-container-variant:#0e3672;--egds-on-secondary-container:#fff;--egds-tertiary:#caccd2;--egds-on-tertiary:#191e3b;--egds-tertiary-container:#181f3e;--egds-tertiary-container-variant:#0e3672;--egds-on-tertiary-container:#caccd2;--egds-surface:#304ca2;--egds-surface-low-elevation:#304ca2;--egds-surface-medium-elevation:#304ca2;--egds-surface-high-elevation:#304ca2;--egds-surface-container:#181f3e;--egds-surface-container-variant:#0e3672;--egds-on-surface:#fff;--egds-on-surface-variant:#fff;--egds-inverse-surface:#dfe0e4;--egds-inverse-on-surface:#191e3b;--egds-overlay:#191e3b;--egds-on-overlay:#fff;--egds-outline:#fff;--egds-outline-variant:#fff;--egds-outline-focus:#80b2f4;--egds-critical:#fdb4ba;--egds-on-critical:#191e3b;--egds-critical-container:#420e1b;--egds-on-critical-container:#f55669;--egds-positive:#8fde96;--egds-on-positive:#191e3b;--egds-positive-container:#022623;--egds-on-positive-container:#57ca61;--egds-info:#b1b3bd;--egds-on-info:#191e3b;--egds-info-container:#191e3b;--egds-on-info-container:#caccd2;--egds-featured:#b1b3bd;--egds-on-featured:#191e3b;--egds-featured-container:#191e3b;--egds-on-featured-container:#caccd2;--egds-shadow:#0c0e1c;--egds-scrim:#0c0e1c;--egds-bottom-scrim:linear-gradient(180deg,rgba(12,14,28,0) 1rem,rgba(12,14,28,.11) 2rem,rgba(12,14,28,.32) 3.1rem,rgba(12,14,28,.5) 4.625rem);--egds-button-scrim:linear-gradient(0deg,rgba(48,76,162,.75) 88%,transparent);--egds-secondary-opacity-xx-low:hsla(0,0%,100%,.16);--egds-surface-opacity-mid:rgba(48,76,162,.5);--egds-surface-opacity-none:rgba(48,76,162,0)}[data-theme-light=global-loyalty-mid]{--egds-primary:#191e3b;--egds-primary-variant:#4d5167;--egds-on-primary:#fff;--egds-primary-container:#c8dff9;--egds-primary-container-variant:#fbece9;--egds-on-primary-container:#0d4eaf;--egds-secondary:#191e3b;--egds-on-secondary:#fff;--egds-secondary-container:#fff;--egds-secondary-container-variant:#ecf4fd;--egds-on-secondary-container:#191e3b;--egds-tertiary:#4d5167;--egds-on-tertiary:#fff;--egds-tertiary-container:#c0c5cc;--egds-tertiary-container-variant:#eff1f3;--egds-on-tertiary-container:#4d5167;--egds-surface:#dce0e6;--egds-surface-low-elevation:#dce0e6;--egds-surface-medium-elevation:#dce0e6;--egds-surface-high-elevation:#dce0e6;--egds-surface-container:#c0c5cc;--egds-surface-container-variant:#eff1f3;--egds-on-surface:#191e3b;--egds-on-surface-variant:#191e3b;--egds-inverse-surface:#0c0e1c;--egds-inverse-on-surface:#fff;--egds-overlay:#191e3b;--egds-on-overlay:#fff;--egds-outline:#191e3b;--egds-outline-variant:#191e3b;--egds-outline-focus:#1668e3;--egds-critical:#a7183c;--egds-on-critical:#fff;--egds-critical-container:#fed5d8;--egds-on-critical-container:#a7183c;--egds-positive:#105d4a;--egds-on-positive:#fff;--egds-positive-container:#beecc6;--egds-on-positive-container:#105d4a;--egds-info:#818494;--egds-on-info:#fff;--egds-info-container:#dfe0e4;--egds-on-info-container:#4d5167;--egds-featured:#818494;--egds-on-featured:#fff;--egds-featured-container:#dfe0e4;--egds-on-featured-container:#676a7d;--egds-shadow:#0c0e1c;--egds-scrim:#0c0e1c;--egds-bottom-scrim:linear-gradient(180deg,rgba(12,14,28,0) 1rem,rgba(12,14,28,.11) 2rem,rgba(12,14,28,.32) 3.1rem,rgba(12,14,28,.5) 4.625rem);--egds-button-scrim:linear-gradient(0deg,rgba(220,224,230,.75) 88%,transparent);--egds-secondary-opacity-xx-low:rgba(25,30,59,.16);--egds-surface-opacity-mid:rgba(220,224,230,.5);--egds-surface-opacity-none:rgba(220,224,230,0)}[data-theme-light=global-loyalty-mid-bright]{--egds-primary:#fff;--egds-primary-variant:#caccd2;--egds-on-primary:#191e3b;--egds-primary-container:#0e3672;--egds-primary-container-variant:#311a32;--egds-on-primary-container:#80b2f4;--egds-secondary:#fff;--egds-on-secondary:#191e3b;--egds-secondary-container:#191e3b;--egds-secondary-container-variant:#31374f;--egds-on-secondary-container:#fff;--egds-tertiary:#dfe0e4;--egds-on-tertiary:#191e3b;--egds-tertiary-container:#191e3b;--egds-tertiary-container-variant:#31374f;--egds-on-tertiary-container:#caccd2;--egds-surface:#707480;--egds-surface-low-elevation:#707480;--egds-surface-medium-elevation:#707480;--egds-surface-high-elevation:#707480;--egds-surface-container:#191e3b;--egds-surface-container-variant:#31374f;--egds-on-surface:#fff;--egds-on-surface-variant:#fff;--egds-inverse-surface:#dfe0e4;--egds-inverse-on-surface:#191e3b;--egds-overlay:#191e3b;--egds-on-overlay:#fff;--egds-outline:#fff;--egds-outline-variant:#fff;--egds-outline-focus:#80b2f4;--egds-critical:#fff;--egds-on-critical:#191e3b;--egds-critical-container:#420e1b;--egds-on-critical-container:#f55669;--egds-positive:#fff;--egds-on-positive:#191e3b;--egds-positive-container:#022623;--egds-on-positive-container:#57ca61;--egds-info:#b1b3bd;--egds-on-info:#191e3b;--egds-info-container:#191e3b;--egds-on-info-container:#caccd2;--egds-featured:#b1b3bd;--egds-on-featured:#191e3b;--egds-featured-container:#191e3b;--egds-on-featured-container:#caccd2;--egds-shadow:#0c0e1c;--egds-scrim:#0c0e1c;--egds-bottom-scrim:linear-gradient(180deg,rgba(12,14,28,0) 1rem,rgba(12,14,28,.11) 2rem,rgba(12,14,28,.32) 3.1rem,rgba(12,14,28,.5) 4.625rem);--egds-button-scrim:linear-gradient(0deg,hsla(225,7%,47%,.75) 88%,transparent);--egds-secondary-opacity-xx-low:hsla(0,0%,100%,.16);--egds-surface-opacity-mid:hsla(225,7%,47%,.5);--egds-surface-opacity-none:hsla(225,7%,47%,0)}[data-theme-light=global-loyalty-high]{--egds-primary:#191e3b;--egds-primary-variant:#4d5167;--egds-on-primary:#fff;--egds-primary-container:#c8dff9;--egds-primary-container-variant:#fbece9;--egds-on-primary-container:#0d4eaf;--egds-secondary:#191e3b;--egds-on-secondary:#fff;--egds-secondary-container:#fff;--egds-secondary-container-variant:#ecf4fd;--egds-on-secondary-container:#191e3b;--egds-tertiary:#4d5167;--egds-on-tertiary:#fff;--egds-tertiary-container:#f4ce60;--egds-tertiary-container-variant:#f7db8a;--egds-on-tertiary-container:#4d5167;--egds-surface:#ffeaad;--egds-surface-low-elevation:#ffeaad;--egds-surface-medium-elevation:#ffeaad;--egds-surface-high-elevation:#ffeaad;--egds-surface-container:#f4ce60;--egds-surface-container-variant:#f7db8a;--egds-on-surface:#191e3b;--egds-on-surface-variant:#191e3b;--egds-inverse-surface:#0c0e1c;--egds-inverse-on-surface:#fff;--egds-overlay:#191e3b;--egds-on-overlay:#fff;--egds-outline:#191e3b;--egds-outline-variant:#191e3b;--egds-outline-focus:#1668e3;--egds-critical:#a7183c;--egds-on-critical:#fff;--egds-critical-container:#fed5d8;--egds-on-critical-container:#a7183c;--egds-positive:#105d4a;--egds-on-positive:#fff;--egds-positive-container:#beecc6;--egds-on-positive-container:#105d4a;--egds-info:#818494;--egds-on-info:#fff;--egds-info-container:#dfe0e4;--egds-on-info-container:#4d5167;--egds-featured:#818494;--egds-on-featured:#fff;--egds-featured-container:#dfe0e4;--egds-on-featured-container:#676a7d;--egds-shadow:#0c0e1c;--egds-scrim:#0c0e1c;--egds-bottom-scrim:linear-gradient(180deg,rgba(12,14,28,0) 1rem,rgba(12,14,28,.11) 2rem,rgba(12,14,28,.32) 3.1rem,rgba(12,14,28,.5) 4.625rem);--egds-button-scrim:linear-gradient(0deg,rgba(255,234,173,.75) 88%,transparent);--egds-secondary-opacity-xx-low:rgba(25,30,59,.16);--egds-surface-opacity-mid:rgba(255,234,173,.5);--egds-surface-opacity-none:rgba(255,234,173,0)}[data-theme-light=global-loyalty-high-bright]{--egds-primary:#191e3b;--egds-primary-variant:#4d5167;--egds-on-primary:#fff;--egds-primary-container:#c8dff9;--egds-primary-container-variant:#fbece9;--egds-on-primary-container:#0d4eaf;--egds-secondary:#191e3b;--egds-on-secondary:#fff;--egds-secondary-container:#ffdb80;--egds-secondary-container-variant:#ffcd4d;--egds-on-secondary-container:#191e3b;--egds-tertiary:#191e3b;--egds-on-tertiary:#fff;--egds-tertiary-container:#ffdb80;--egds-tertiary-container-variant:#ffcd4d;--egds-on-tertiary-container:#191e3b;--egds-surface:#ffb800;--egds-surface-low-elevation:#ffb800;--egds-surface-medium-elevation:#ffb800;--egds-surface-high-elevation:#ffb800;--egds-surface-container:#ffdb80;--egds-surface-container-variant:#ffcd4d;--egds-on-surface:#191e3b;--egds-on-surface-variant:#191e3b;--egds-inverse-surface:#0c0e1c;--egds-inverse-on-surface:#fff;--egds-overlay:#191e3b;--egds-on-overlay:#fff;--egds-outline:#191e3b;--egds-outline-variant:#191e3b;--egds-outline-focus:#1668e3;--egds-critical:#6c172c;--egds-on-critical:#fff;--egds-critical-container:#fed5d8;--egds-on-critical-container:#a7183c;--egds-positive:#043f3b;--egds-on-positive:#fff;--egds-positive-container:#beecc6;--egds-on-positive-container:#105d4a;--egds-info:#818494;--egds-on-info:#fff;--egds-info-container:#dfe0e4;--egds-on-info-container:#4d5167;--egds-featured:#818494;--egds-on-featured:#fff;--egds-featured-container:#dfe0e4;--egds-on-featured-container:#676a7d;--egds-shadow:#0c0e1c;--egds-scrim:#0c0e1c;--egds-bottom-scrim:linear-gradient(180deg,rgba(12,14,28,0) 1rem,rgba(12,14,28,.11) 2rem,rgba(12,14,28,.32) 3.1rem,rgba(12,14,28,.5) 4.625rem);--egds-button-scrim:linear-gradient(0deg,rgba(255,184,0,.75) 88%,transparent);--egds-secondary-opacity-xx-low:rgba(25,30,59,.16);--egds-surface-opacity-mid:rgba(255,184,0,.5);--egds-surface-opacity-none:rgba(255,184,0,0)}[data-theme-light=global-loyalty-extra-high]{--egds-primary:#191e3b;--egds-primary-variant:#4d5167;--egds-on-primary:#fff;--egds-primary-container:#c8dff9;--egds-primary-container-variant:#fbece9;--egds-on-primary-container:#0d4eaf;--egds-secondary:#191e3b;--egds-on-secondary:#fff;--egds-secondary-container:#fff;--egds-secondary-container-variant:#ecf4fd;--egds-on-secondary-container:#191e3b;--egds-tertiary:#4d5167;--egds-on-tertiary:#fff;--egds-tertiary-container:#c1c1e5;--egds-tertiary-container-variant:#eeeefb;--egds-on-tertiary-container:#4d5167;--egds-surface:#dfdff1;--egds-surface-low-elevation:#dfdff1;--egds-surface-medium-elevation:#dfdff1;--egds-surface-high-elevation:#dfdff1;--egds-surface-container:#c1c1e5;--egds-surface-container-variant:#eeeefb;--egds-on-surface:#191e3b;--egds-on-surface-variant:#191e3b;--egds-inverse-surface:#0c0e1c;--egds-inverse-on-surface:#fff;--egds-overlay:#191e3b;--egds-on-overlay:#fff;--egds-outline:#191e3b;--egds-outline-variant:#191e3b;--egds-outline-focus:#1668e3;--egds-critical:#a7183c;--egds-on-critical:#fff;--egds-critical-container:#fed5d8;--egds-on-critical-container:#a7183c;--egds-positive:#105d4a;--egds-on-positive:#fff;--egds-positive-container:#beecc6;--egds-on-positive-container:#105d4a;--egds-info:#818494;--egds-on-info:#fff;--egds-info-container:#dfe0e4;--egds-on-info-container:#4d5167;--egds-featured:#818494;--egds-on-featured:#fff;--egds-featured-container:#dfe0e4;--egds-on-featured-container:#676a7d;--egds-shadow:#0c0e1c;--egds-scrim:#0c0e1c;--egds-bottom-scrim:linear-gradient(180deg,rgba(12,14,28,0) 1rem,rgba(12,14,28,.11) 2rem,rgba(12,14,28,.32) 3.1rem,rgba(12,14,28,.5) 4.625rem);--egds-button-scrim:linear-gradient(0deg,rgba(223,223,241,.75) 88%,transparent);--egds-secondary-opacity-xx-low:rgba(25,30,59,.16);--egds-surface-opacity-mid:rgba(223,223,241,.5);--egds-surface-opacity-none:rgba(223,223,241,0)}[data-theme-light=global-loyalty-extra-high-bright]{--egds-primary:#191e3b;--egds-primary-variant:#4d5167;--egds-on-primary:#fff;--egds-primary-container:#c8dff9;--egds-primary-container-variant:#fbece9;--egds-on-primary-container:#0d4eaf;--egds-secondary:#191e3b;--egds-on-secondary:#fff;--egds-secondary-container:#fff;--egds-secondary-container-variant:#ecf4fd;--egds-on-secondary-container:#191e3b;--egds-tertiary:#4d5167;--egds-on-tertiary:#fff;--egds-tertiary-container:#f3f3f5;--egds-tertiary-container-variant:#dfe0e4;--egds-on-tertiary-container:#4d5167;--egds-surface:#c3c3cf;--egds-surface-low-elevation:#c3c3cf;--egds-surface-medium-elevation:#c3c3cf;--egds-surface-high-elevation:#c3c3cf;--egds-surface-container:#f3f3f5;--egds-surface-container-variant:#dfe0e4;--egds-on-surface:#191e3b;--egds-on-surface-variant:#191e3b;--egds-inverse-surface:#0c0e1c;--egds-inverse-on-surface:#fff;--egds-overlay:#191e3b;--egds-on-overlay:#fff;--egds-outline:#191e3b;--egds-outline-variant:#191e3b;--egds-outline-focus:#1668e3;--egds-critical:#6c172c;--egds-on-critical:#fff;--egds-critical-container:#fed5d8;--egds-on-critical-container:#a7183c;--egds-positive:#043f3b;--egds-on-positive:#fff;--egds-positive-container:#beecc6;--egds-on-positive-container:#105d4a;--egds-info:#818494;--egds-on-info:#fff;--egds-info-container:#dfe0e4;--egds-on-info-container:#4d5167;--egds-featured:#818494;--egds-on-featured:#fff;--egds-featured-container:#dfe0e4;--egds-on-featured-container:#676a7d;--egds-shadow:#0c0e1c;--egds-scrim:#0c0e1c;--egds-bottom-scrim:linear-gradient(180deg,rgba(12,14,28,0) 1rem,rgba(12,14,28,.11) 2rem,rgba(12,14,28,.32) 3.1rem,rgba(12,14,28,.5) 4.625rem);--egds-button-scrim:linear-gradient(0deg,rgba(195,195,207,.75) 88%,transparent);--egds-secondary-opacity-xx-low:rgba(25,30,59,.16);--egds-surface-opacity-mid:rgba(195,195,207,.5);--egds-surface-opacity-none:rgba(195,195,207,0)}[data-theme-light=marketing-1]{--egds-primary:#191e3b;--egds-primary-variant:#4d5167;--egds-on-primary:#fff;--egds-primary-container:#c8dff9;--egds-primary-container-variant:#ecf4fd;--egds-on-primary-container:#0d4eaf;--egds-secondary:#191e3b;--egds-on-secondary:#fff;--egds-secondary-container:#c8dff9;--egds-secondary-container-variant:#ecf4fd;--egds-on-secondary-container:#191e3b;--egds-tertiary:#4d5167;--egds-on-tertiary:#fff;--egds-tertiary-container:#fac7b2;--egds-tertiary-container-variant:#ffa580;--egds-on-tertiary-container:#191e3b;--egds-surface:#ffa580;--egds-surface-low-elevation:#fff;--egds-surface-medium-elevation:#fff;--egds-surface-high-elevation:#fff;--egds-surface-container:#dfe0e4;--egds-surface-container-variant:#fff;--egds-on-surface:#191e3b;--egds-on-surface-variant:#191e3b;--egds-inverse-surface:#0c0e1c;--egds-inverse-on-surface:#fff;--egds-overlay:#191e3b;--egds-on-overlay:#fff;--egds-outline:#191e3b;--egds-outline-variant:#ffded1;--egds-outline-focus:#1668e3;--egds-critical:#6c172c;--egds-on-critical:#fff;--egds-critical-container:#fed5d8;--egds-on-critical-container:#a7183c;--egds-positive:#043f3b;--egds-on-positive:#fff;--egds-positive-container:#e6f7e9;--egds-on-positive-container:#227950;--egds-info:#818494;--egds-on-info:#fff;--egds-info-container:#dfe0e4;--egds-on-info-container:#4d5167;--egds-featured:#818494;--egds-on-featured:#fff;--egds-featured-container:#dfe0e4;--egds-on-featured-container:#676a7d;--egds-shadow:#0c0e1c;--egds-scrim:#0c0e1c;--egds-bottom-scrim:linear-gradient(180deg,rgba(12,14,28,0) 1rem,rgba(12,14,28,.11) 2rem,rgba(12,14,28,.32) 3.1rem,rgba(12,14,28,.5) 4.625rem);--egds-button-scrim:linear-gradient(0deg,rgba(255,165,128,.75) 88%,transparent);--egds-secondary-opacity-xx-low:rgba(25,30,59,.16);--egds-surface-opacity-mid:rgba(255,165,128,.5);--egds-surface-opacity-none:rgba(255,165,128,0)}[data-theme-light=marketing-2]{--egds-primary:#191e3b;--egds-primary-variant:#4d5167;--egds-on-primary:#fff;--egds-primary-container:#c8dff9;--egds-primary-container-variant:#ecf4fd;--egds-on-primary-container:#0d4eaf;--egds-secondary:#191e3b;--egds-on-secondary:#fff;--egds-secondary-container:#c8dff9;--egds-secondary-container-variant:#ecf4fd;--egds-on-secondary-container:#191e3b;--egds-tertiary:#4d5167;--egds-on-tertiary:#fff;--egds-tertiary-container:#fac7b2;--egds-tertiary-container-variant:#ffded1;--egds-on-tertiary-container:#191e3b;--egds-surface:#ffded1;--egds-surface-low-elevation:#fff;--egds-surface-medium-elevation:#fff;--egds-surface-high-elevation:#fff;--egds-surface-container:#dfe0e4;--egds-surface-container-variant:#fff;--egds-on-surface:#191e3b;--egds-on-surface-variant:#191e3b;--egds-inverse-surface:#0c0e1c;--egds-inverse-on-surface:#fff;--egds-overlay:#191e3b;--egds-on-overlay:#fff;--egds-outline:#191e3b;--egds-outline-variant:#f8bfa8;--egds-outline-focus:#1668e3;--egds-critical:#a7183c;--egds-on-critical:#fff;--egds-critical-container:#fed5d8;--egds-on-critical-container:#a7183c;--egds-positive:#105d4a;--egds-on-positive:#fff;--egds-positive-container:#e6f7e9;--egds-on-positive-container:#227950;--egds-info:#818494;--egds-on-info:#fff;--egds-info-container:#dfe0e4;--egds-on-info-container:#4d5167;--egds-featured:#818494;--egds-on-featured:#fff;--egds-featured-container:#dfe0e4;--egds-on-featured-container:#676a7d;--egds-shadow:#0c0e1c;--egds-scrim:#0c0e1c;--egds-bottom-scrim:linear-gradient(180deg,rgba(12,14,28,0) 1rem,rgba(12,14,28,.11) 2rem,rgba(12,14,28,.32) 3.1rem,rgba(12,14,28,.5) 4.625rem);--egds-button-scrim:linear-gradient(0deg,rgba(255,222,209,.75) 88%,transparent);--egds-secondary-opacity-xx-low:rgba(25,30,59,.16);--egds-surface-opacity-mid:rgba(255,222,209,.5);--egds-surface-opacity-none:rgba(255,222,209,0)}.uitk-theme-provider-container{background:var(--egds-surface)}.uitk-theme-provider-container.uitk-light-mode-is-gradient{background:var(--egds-background-gradient) var(--egds-surface);background-size:cover}.uitk-light-mode-is-base,.uitk-light-mode-is-gradient{background:var(--egds-surface);border-color:transparent}.uitk-light-mode-is-base:before,.uitk-light-mode-is-gradient:before{border-color:transparent}.uitk-light-mode-is-gradient{background:var(--egds-background-gradient) var(--egds-surface);background-size:cover}[data-theme-light]{--egds-none:none;--egds-underline:underline;--egds-button-opacity-tertiary-inverse-default:0%;--egds-button-opacity-tertiary-inverse-hover:16%;--egds-button-opacity-tertiary-inverse-active:24%;--egds-button-opacity-overlay-default:64%;--egds-button-opacity-overlay-hover:72%;--egds-button-opacity-overlay-active:92%;--egds-carousel-pagination-opacity:70%;--egds-primary-leading-scrim:linear-gradient(270deg,transparent 0%,var(--egds-surface) 100%);--egds-primary-trailing-scrim:linear-gradient(90deg,transparent 0%,var(--egds-surface) 100%);--egds-secondary-leading-scrim:linear-gradient(270deg,transparent 0%,var(--egds-surface-container-variant) 100%);--egds-secondary-trailing-scrim:linear-gradient(90deg,transparent 0%,var(--egds-surface-container-variant) 100%);--egds-scrim-shadow:0 0 0 var(--egds-shadow);--egds-overlay-scrim-opacity:50%;--egds-primary-button-hover-opacity:50%;--egds-opacity-default:28%;--egds-full-opacity:100%;--egds-transparent:transparent}@media screen and (prefers-color-scheme:dark){[data-theme-dark=light-1]{--egds-primary:#1668e3;--egds-primary-variant:#0e3672;--egds-on-primary:#fff;--egds-primary-container:#c8dff9;--egds-primary-container-variant:#fbece9;--egds-on-primary-container:#0d4eaf;--egds-secondary:#1668e3;--egds-on-secondary:#fff;--egds-secondary-container:#c8dff9;--egds-secondary-container-variant:#ecf4fd;--egds-on-secondary-container:#0d4eaf;--egds-tertiary:#4d5167;--egds-on-tertiary:#fff;--egds-tertiary-container:#eae3d2;--egds-tertiary-container-variant:#fbf8f1;--egds-on-tertiary-container:#4d5167;--egds-surface:#fff;--egds-surface-low-elevation:#fff;--egds-surface-medium-elevation:#fff;--egds-surface-high-elevation:#fff;--egds-surface-container:#dfe0e4;--egds-surface-container-variant:#fbf8f1;--egds-on-surface:#191e3b;--egds-on-surface-variant:#676a7d;--egds-inverse-surface:#0c0e1c;--egds-inverse-on-surface:#fff;--egds-overlay:#191e3b;--egds-on-overlay:#fff;--egds-outline:#818494;--egds-outline-variant:#dfe0e4;--egds-outline-focus:#1668e3;--egds-critical:#a7183c;--egds-on-critical:#fff;--egds-critical-container:#fed5d8;--egds-on-critical-container:#a7183c;--egds-positive:#227950;--egds-on-positive:#fff;--egds-positive-container:#e6f7e9;--egds-on-positive-container:#227950;--egds-info:#818494;--egds-on-info:#fff;--egds-info-container:#dfe0e4;--egds-on-info-container:#4d5167;--egds-featured:#818494;--egds-on-featured:#fff;--egds-featured-container:#dfe0e4;--egds-on-featured-container:#676a7d;--egds-shadow:#0c0e1c;--egds-scrim:#0c0e1c;--egds-bottom-scrim:linear-gradient(180deg,rgba(12,14,28,0) 1rem,rgba(12,14,28,.11) 2rem,rgba(12,14,28,.32) 3.1rem,rgba(12,14,28,.5) 4.625rem);--egds-button-scrim:linear-gradient(0deg,hsla(0,0%,100%,.75) 88%,transparent);--egds-secondary-opacity-xx-low:rgba(22,104,227,.16);--egds-surface-opacity-mid:hsla(0,0%,100%,.5);--egds-surface-opacity-none:hsla(0,0%,100%,0)}[data-theme-dark=dark-1]{--egds-primary:#649df2;--egds-primary-variant:#a6c9f7;--egds-on-primary:#191e3b;--egds-primary-container:#0e3672;--egds-primary-container-variant:#80194a;--egds-on-primary-container:#85b3f2;--egds-secondary:#85b3f2;--egds-on-secondary:#191e3b;--egds-secondary-container:#0d4eaf;--egds-secondary-container-variant:#0e3672;--egds-on-secondary-container:#a6c9f7;--egds-tertiary:#caccd2;--egds-on-tertiary:#191e3b;--egds-tertiary-container:#0d4eaf;--egds-tertiary-container-variant:#191e3b;--egds-on-tertiary-container:#caccd2;--egds-surface:#0c0e1c;--egds-surface-low-elevation:#0c0e1c;--egds-surface-medium-elevation:#191e3b;--egds-surface-high-elevation:#191e3b;--egds-surface-container:#31374f;--egds-surface-container-variant:#191e3b;--egds-on-surface:#fff;--egds-on-surface-variant:#adb0bb;--egds-inverse-surface:#dfe0e4;--egds-inverse-on-surface:#191e3b;--egds-overlay:#191e3b;--egds-on-overlay:#fff;--egds-outline:#999ca8;--egds-outline-variant:#676a7d;--egds-outline-focus:#649df2;--egds-critical:#ef98a7;--egds-on-critical:#191e3b;--egds-critical-container:#420e1b;--egds-on-critical-container:#f55669;--egds-positive:#57ca61;--egds-on-positive:#191e3b;--egds-positive-container:#022623;--egds-on-positive-container:#57ca61;--egds-info:#b1b3bd;--egds-on-info:#191e3b;--egds-info-container:#191e3b;--egds-on-info-container:#caccd2;--egds-featured:#b1b3bd;--egds-on-featured:#191e3b;--egds-featured-container:#191e3b;--egds-on-featured-container:#caccd2;--egds-shadow:#0c0e1c;--egds-scrim:#0c0e1c;--egds-bottom-scrim:linear-gradient(180deg,rgba(12,14,28,0) 1rem,rgba(12,14,28,.11) 2rem,rgba(12,14,28,.32) 3.1rem,rgba(12,14,28,.5) 4.625rem);--egds-button-scrim:linear-gradient(0deg,rgba(12,14,28,.75) 88%,transparent);--egds-secondary-opacity-xx-low:rgba(133,179,242,.16);--egds-surface-opacity-mid:rgba(12,14,28,.5);--egds-surface-opacity-none:rgba(12,14,28,0)}[data-theme-dark=bright-1]{--egds-primary:#fff;--egds-primary-variant:#f6afb9;--egds-on-primary:#0c0e1c;--egds-primary-container:#a1122c;--egds-primary-container-variant:#c51636;--egds-on-primary-container:#fff;--egds-secondary:#fff;--egds-on-secondary:#0c0e1c;--egds-secondary-container:#a1122c;--egds-secondary-container-variant:#c51636;--egds-on-secondary-container:#fff;--egds-tertiary:#fff;--egds-on-tertiary:#0c0e1c;--egds-tertiary-container:#a1122c;--egds-tertiary-container-variant:#c51636;--egds-on-tertiary-container:#fff;--egds-surface:#e61e43;--egds-surface-low-elevation:#e61e43;--egds-surface-medium-elevation:#e61e43;--egds-surface-high-elevation:#e61e43;--egds-surface-container:#a1122c;--egds-surface-container-variant:#c51636;--egds-on-surface:#fff;--egds-on-surface-variant:#fff;--egds-inverse-surface:#0c0e1c;--egds-inverse-on-surface:#fff;--egds-overlay:#0c0e1c;--egds-on-overlay:#fff;--egds-outline:#fff;--egds-outline-variant:#f2889b;--egds-outline-focus:#a6c9f7;--egds-critical:#fff;--egds-on-critical:#a7183c;--egds-critical-container:#6c172c;--egds-on-critical-container:#fc8d96;--egds-positive:#fff;--egds-on-positive:#105d4a;--egds-positive-container:#043f3b;--egds-on-positive-container:#57ca61;--egds-info:#fff;--egds-on-info:#676a7d;--egds-info-container:#191e3b;--egds-on-info-container:#b1b3bd;--egds-featured:#fff;--egds-on-featured:#676a7d;--egds-featured-container:#31374f;--egds-on-featured-container:#b1b3bd;--egds-shadow:#0c0e1c;--egds-scrim:#0c0e1c;--egds-bottom-scrim:linear-gradient(180deg,rgba(12,14,28,0) 1rem,rgba(12,14,28,.11) 2rem,rgba(12,14,28,.32) 3.1rem,rgba(12,14,28,.5) 4.625rem);--egds-button-scrim:linear-gradient(0deg,rgba(230,30,67,.75) 88%,transparent);--egds-secondary-opacity-xx-low:hsla(0,0%,100%,.16);--egds-surface-opacity-mid:rgba(230,30,67,.5);--egds-surface-opacity-none:rgba(230,30,67,0)}[data-theme-dark=global-loyalty-low]{--egds-primary:#191e3b;--egds-primary-variant:#4d5167;--egds-on-primary:#fff;--egds-primary-container:#c8dff9;--egds-primary-container-variant:#fbece9;--egds-on-primary-container:#0d4eaf;--egds-secondary:#191e3b;--egds-on-secondary:#fff;--egds-secondary-container:#fff;--egds-secondary-container-variant:#ecf4fd;--egds-on-secondary-container:#191e3b;--egds-tertiary:#4d5167;--egds-on-tertiary:#fff;--egds-tertiary-container:#b3c5f6;--egds-tertiary-container-variant:#ecf1fe;--egds-on-tertiary-container:#4d5167;--egds-surface:#d6e0fc;--egds-surface-low-elevation:#d6e0fc;--egds-surface-medium-elevation:#d6e0fc;--egds-surface-high-elevation:#d6e0fc;--egds-surface-container:#b3c5f6;--egds-surface-container-variant:#ecf1fe;--egds-on-surface:#191e3b;--egds-on-surface-variant:#191e3b;--egds-inverse-surface:#0c0e1c;--egds-inverse-on-surface:#fff;--egds-overlay:#191e3b;--egds-on-overlay:#fff;--egds-outline:#191e3b;--egds-outline-variant:#191e3b;--egds-outline-focus:#1668e3;--egds-critical:#a7183c;--egds-on-critical:#fff;--egds-critical-container:#fed5d8;--egds-on-critical-container:#a7183c;--egds-positive:#105d4a;--egds-on-positive:#fff;--egds-positive-container:#beecc6;--egds-on-positive-container:#105d4a;--egds-info:#818494;--egds-on-info:#fff;--egds-info-container:#dfe0e4;--egds-on-info-container:#4d5167;--egds-featured:#818494;--egds-on-featured:#fff;--egds-featured-container:#dfe0e4;--egds-on-featured-container:#676a7d;--egds-shadow:#0c0e1c;--egds-scrim:#0c0e1c;--egds-bottom-scrim:linear-gradient(180deg,rgba(12,14,28,0) 1rem,rgba(12,14,28,.11) 2rem,rgba(12,14,28,.32) 3.1rem,rgba(12,14,28,.5) 4.625rem);--egds-button-scrim:linear-gradient(0deg,rgba(214,224,252,.75) 88%,transparent);--egds-secondary-opacity-xx-low:rgba(25,30,59,.16);--egds-surface-opacity-mid:rgba(214,224,252,.5);--egds-surface-opacity-none:rgba(214,224,252,0)}[data-theme-dark=global-loyalty-low-bright]{--egds-primary:#fff;--egds-primary-variant:#a6c9f7;--egds-on-primary:#191e3b;--egds-primary-container:#0e3672;--egds-primary-container-variant:#311a32;--egds-on-primary-container:#80b2f4;--egds-secondary:#fff;--egds-on-secondary:#191e3b;--egds-secondary-container:#181f3e;--egds-secondary-container-variant:#0e3672;--egds-on-secondary-container:#fff;--egds-tertiary:#caccd2;--egds-on-tertiary:#191e3b;--egds-tertiary-container:#181f3e;--egds-tertiary-container-variant:#0e3672;--egds-on-tertiary-container:#caccd2;--egds-surface:#304ca2;--egds-surface-low-elevation:#304ca2;--egds-surface-medium-elevation:#304ca2;--egds-surface-high-elevation:#304ca2;--egds-surface-container:#181f3e;--egds-surface-container-variant:#0e3672;--egds-on-surface:#fff;--egds-on-surface-variant:#fff;--egds-inverse-surface:#dfe0e4;--egds-inverse-on-surface:#191e3b;--egds-overlay:#191e3b;--egds-on-overlay:#fff;--egds-outline:#fff;--egds-outline-variant:#fff;--egds-outline-focus:#80b2f4;--egds-critical:#fdb4ba;--egds-on-critical:#191e3b;--egds-critical-container:#420e1b;--egds-on-critical-container:#f55669;--egds-positive:#8fde96;--egds-on-positive:#191e3b;--egds-positive-container:#022623;--egds-on-positive-container:#57ca61;--egds-info:#b1b3bd;--egds-on-info:#191e3b;--egds-info-container:#191e3b;--egds-on-info-container:#caccd2;--egds-featured:#b1b3bd;--egds-on-featured:#191e3b;--egds-featured-container:#191e3b;--egds-on-featured-container:#caccd2;--egds-shadow:#0c0e1c;--egds-scrim:#0c0e1c;--egds-bottom-scrim:linear-gradient(180deg,rgba(12,14,28,0) 1rem,rgba(12,14,28,.11) 2rem,rgba(12,14,28,.32) 3.1rem,rgba(12,14,28,.5) 4.625rem);--egds-button-scrim:linear-gradient(0deg,rgba(48,76,162,.75) 88%,transparent);--egds-secondary-opacity-xx-low:hsla(0,0%,100%,.16);--egds-surface-opacity-mid:rgba(48,76,162,.5);--egds-surface-opacity-none:rgba(48,76,162,0)}[data-theme-dark=global-loyalty-mid]{--egds-primary:#191e3b;--egds-primary-variant:#4d5167;--egds-on-primary:#fff;--egds-primary-container:#c8dff9;--egds-primary-container-variant:#fbece9;--egds-on-primary-container:#0d4eaf;--egds-secondary:#191e3b;--egds-on-secondary:#fff;--egds-secondary-container:#fff;--egds-secondary-container-variant:#ecf4fd;--egds-on-secondary-container:#191e3b;--egds-tertiary:#4d5167;--egds-on-tertiary:#fff;--egds-tertiary-container:#c0c5cc;--egds-tertiary-container-variant:#eff1f3;--egds-on-tertiary-container:#4d5167;--egds-surface:#dce0e6;--egds-surface-low-elevation:#dce0e6;--egds-surface-medium-elevation:#dce0e6;--egds-surface-high-elevation:#dce0e6;--egds-surface-container:#c0c5cc;--egds-surface-container-variant:#eff1f3;--egds-on-surface:#191e3b;--egds-on-surface-variant:#191e3b;--egds-inverse-surface:#0c0e1c;--egds-inverse-on-surface:#fff;--egds-overlay:#191e3b;--egds-on-overlay:#fff;--egds-outline:#191e3b;--egds-outline-variant:#191e3b;--egds-outline-focus:#1668e3;--egds-critical:#a7183c;--egds-on-critical:#fff;--egds-critical-container:#fed5d8;--egds-on-critical-container:#a7183c;--egds-positive:#105d4a;--egds-on-positive:#fff;--egds-positive-container:#beecc6;--egds-on-positive-container:#105d4a;--egds-info:#818494;--egds-on-info:#fff;--egds-info-container:#dfe0e4;--egds-on-info-container:#4d5167;--egds-featured:#818494;--egds-on-featured:#fff;--egds-featured-container:#dfe0e4;--egds-on-featured-container:#676a7d;--egds-shadow:#0c0e1c;--egds-scrim:#0c0e1c;--egds-bottom-scrim:linear-gradient(180deg,rgba(12,14,28,0) 1rem,rgba(12,14,28,.11) 2rem,rgba(12,14,28,.32) 3.1rem,rgba(12,14,28,.5) 4.625rem);--egds-button-scrim:linear-gradient(0deg,rgba(220,224,230,.75) 88%,transparent);--egds-secondary-opacity-xx-low:rgba(25,30,59,.16);--egds-surface-opacity-mid:rgba(220,224,230,.5);--egds-surface-opacity-none:rgba(220,224,230,0)}[data-theme-dark=global-loyalty-mid-bright]{--egds-primary:#fff;--egds-primary-variant:#caccd2;--egds-on-primary:#191e3b;--egds-primary-container:#0e3672;--egds-primary-container-variant:#311a32;--egds-on-primary-container:#80b2f4;--egds-secondary:#fff;--egds-on-secondary:#191e3b;--egds-secondary-container:#191e3b;--egds-secondary-container-variant:#31374f;--egds-on-secondary-container:#fff;--egds-tertiary:#dfe0e4;--egds-on-tertiary:#191e3b;--egds-tertiary-container:#191e3b;--egds-tertiary-container-variant:#31374f;--egds-on-tertiary-container:#caccd2;--egds-surface:#707480;--egds-surface-low-elevation:#707480;--egds-surface-medium-elevation:#707480;--egds-surface-high-elevation:#707480;--egds-surface-container:#191e3b;--egds-surface-container-variant:#31374f;--egds-on-surface:#fff;--egds-on-surface-variant:#fff;--egds-inverse-surface:#dfe0e4;--egds-inverse-on-surface:#191e3b;--egds-overlay:#191e3b;--egds-on-overlay:#fff;--egds-outline:#fff;--egds-outline-variant:#fff;--egds-outline-focus:#80b2f4;--egds-critical:#fff;--egds-on-critical:#191e3b;--egds-critical-container:#420e1b;--egds-on-critical-container:#f55669;--egds-positive:#fff;--egds-on-positive:#191e3b;--egds-positive-container:#022623;--egds-on-positive-container:#57ca61;--egds-info:#b1b3bd;--egds-on-info:#191e3b;--egds-info-container:#191e3b;--egds-on-info-container:#caccd2;--egds-featured:#b1b3bd;--egds-on-featured:#191e3b;--egds-featured-container:#191e3b;--egds-on-featured-container:#caccd2;--egds-shadow:#0c0e1c;--egds-scrim:#0c0e1c;--egds-bottom-scrim:linear-gradient(180deg,rgba(12,14,28,0) 1rem,rgba(12,14,28,.11) 2rem,rgba(12,14,28,.32) 3.1rem,rgba(12,14,28,.5) 4.625rem);--egds-button-scrim:linear-gradient(0deg,hsla(225,7%,47%,.75) 88%,transparent);--egds-secondary-opacity-xx-low:hsla(0,0%,100%,.16);--egds-surface-opacity-mid:hsla(225,7%,47%,.5);--egds-surface-opacity-none:hsla(225,7%,47%,0)}[data-theme-dark=global-loyalty-high]{--egds-primary:#191e3b;--egds-primary-variant:#4d5167;--egds-on-primary:#fff;--egds-primary-container:#c8dff9;--egds-primary-container-variant:#fbece9;--egds-on-primary-container:#0d4eaf;--egds-secondary:#191e3b;--egds-on-secondary:#fff;--egds-secondary-container:#fff;--egds-secondary-container-variant:#ecf4fd;--egds-on-secondary-container:#191e3b;--egds-tertiary:#4d5167;--egds-on-tertiary:#fff;--egds-tertiary-container:#f4ce60;--egds-tertiary-container-variant:#f7db8a;--egds-on-tertiary-container:#4d5167;--egds-surface:#ffeaad;--egds-surface-low-elevation:#ffeaad;--egds-surface-medium-elevation:#ffeaad;--egds-surface-high-elevation:#ffeaad;--egds-surface-container:#f4ce60;--egds-surface-container-variant:#f7db8a;--egds-on-surface:#191e3b;--egds-on-surface-variant:#191e3b;--egds-inverse-surface:#0c0e1c;--egds-inverse-on-surface:#fff;--egds-overlay:#191e3b;--egds-on-overlay:#fff;--egds-outline:#191e3b;--egds-outline-variant:#191e3b;--egds-outline-focus:#1668e3;--egds-critical:#a7183c;--egds-on-critical:#fff;--egds-critical-container:#fed5d8;--egds-on-critical-container:#a7183c;--egds-positive:#105d4a;--egds-on-positive:#fff;--egds-positive-container:#beecc6;--egds-on-positive-container:#105d4a;--egds-info:#818494;--egds-on-info:#fff;--egds-info-container:#dfe0e4;--egds-on-info-container:#4d5167;--egds-featured:#818494;--egds-on-featured:#fff;--egds-featured-container:#dfe0e4;--egds-on-featured-container:#676a7d;--egds-shadow:#0c0e1c;--egds-scrim:#0c0e1c;--egds-bottom-scrim:linear-gradient(180deg,rgba(12,14,28,0) 1rem,rgba(12,14,28,.11) 2rem,rgba(12,14,28,.32) 3.1rem,rgba(12,14,28,.5) 4.625rem);--egds-button-scrim:linear-gradient(0deg,rgba(255,234,173,.75) 88%,transparent);--egds-secondary-opacity-xx-low:rgba(25,30,59,.16);--egds-surface-opacity-mid:rgba(255,234,173,.5);--egds-surface-opacity-none:rgba(255,234,173,0)}[data-theme-dark=global-loyalty-high-bright]{--egds-primary:#191e3b;--egds-primary-variant:#4d5167;--egds-on-primary:#fff;--egds-primary-container:#c8dff9;--egds-primary-container-variant:#fbece9;--egds-on-primary-container:#0d4eaf;--egds-secondary:#191e3b;--egds-on-secondary:#fff;--egds-secondary-container:#ffdb80;--egds-secondary-container-variant:#ffcd4d;--egds-on-secondary-container:#191e3b;--egds-tertiary:#191e3b;--egds-on-tertiary:#fff;--egds-tertiary-container:#ffdb80;--egds-tertiary-container-variant:#ffcd4d;--egds-on-tertiary-container:#191e3b;--egds-surface:#ffb800;--egds-surface-low-elevation:#ffb800;--egds-surface-medium-elevation:#ffb800;--egds-surface-high-elevation:#ffb800;--egds-surface-container:#ffdb80;--egds-surface-container-variant:#ffcd4d;--egds-on-surface:#191e3b;--egds-on-surface-variant:#191e3b;--egds-inverse-surface:#0c0e1c;--egds-inverse-on-surface:#fff;--egds-overlay:#191e3b;--egds-on-overlay:#fff;--egds-outline:#191e3b;--egds-outline-variant:#191e3b;--egds-outline-focus:#1668e3;--egds-critical:#6c172c;--egds-on-critical:#fff;--egds-critical-container:#fed5d8;--egds-on-critical-container:#a7183c;--egds-positive:#043f3b;--egds-on-positive:#fff;--egds-positive-container:#beecc6;--egds-on-positive-container:#105d4a;--egds-info:#818494;--egds-on-info:#fff;--egds-info-container:#dfe0e4;--egds-on-info-container:#4d5167;--egds-featured:#818494;--egds-on-featured:#fff;--egds-featured-container:#dfe0e4;--egds-on-featured-container:#676a7d;--egds-shadow:#0c0e1c;--egds-scrim:#0c0e1c;--egds-bottom-scrim:linear-gradient(180deg,rgba(12,14,28,0) 1rem,rgba(12,14,28,.11) 2rem,rgba(12,14,28,.32) 3.1rem,rgba(12,14,28,.5) 4.625rem);--egds-button-scrim:linear-gradient(0deg,rgba(255,184,0,.75) 88%,transparent);--egds-secondary-opacity-xx-low:rgba(25,30,59,.16);--egds-surface-opacity-mid:rgba(255,184,0,.5);--egds-surface-opacity-none:rgba(255,184,0,0)}[data-theme-dark=global-loyalty-extra-high]{--egds-primary:#191e3b;--egds-primary-variant:#4d5167;--egds-on-primary:#fff;--egds-primary-container:#c8dff9;--egds-primary-container-variant:#fbece9;--egds-on-primary-container:#0d4eaf;--egds-secondary:#191e3b;--egds-on-secondary:#fff;--egds-secondary-container:#fff;--egds-secondary-container-variant:#ecf4fd;--egds-on-secondary-container:#191e3b;--egds-tertiary:#4d5167;--egds-on-tertiary:#fff;--egds-tertiary-container:#c1c1e5;--egds-tertiary-container-variant:#eeeefb;--egds-on-tertiary-container:#4d5167;--egds-surface:#dfdff1;--egds-surface-low-elevation:#dfdff1;--egds-surface-medium-elevation:#dfdff1;--egds-surface-high-elevation:#dfdff1;--egds-surface-container:#c1c1e5;--egds-surface-container-variant:#eeeefb;--egds-on-surface:#191e3b;--egds-on-surface-variant:#191e3b;--egds-inverse-surface:#0c0e1c;--egds-inverse-on-surface:#fff;--egds-overlay:#191e3b;--egds-on-overlay:#fff;--egds-outline:#191e3b;--egds-outline-variant:#191e3b;--egds-outline-focus:#1668e3;--egds-critical:#a7183c;--egds-on-critical:#fff;--egds-critical-container:#fed5d8;--egds-on-critical-container:#a7183c;--egds-positive:#105d4a;--egds-on-positive:#fff;--egds-positive-container:#beecc6;--egds-on-positive-container:#105d4a;--egds-info:#818494;--egds-on-info:#fff;--egds-info-container:#dfe0e4;--egds-on-info-container:#4d5167;--egds-featured:#818494;--egds-on-featured:#fff;--egds-featured-container:#dfe0e4;--egds-on-featured-container:#676a7d;--egds-shadow:#0c0e1c;--egds-scrim:#0c0e1c;--egds-bottom-scrim:linear-gradient(180deg,rgba(12,14,28,0) 1rem,rgba(12,14,28,.11) 2rem,rgba(12,14,28,.32) 3.1rem,rgba(12,14,28,.5) 4.625rem);--egds-button-scrim:linear-gradient(0deg,rgba(223,223,241,.75) 88%,transparent);--egds-secondary-opacity-xx-low:rgba(25,30,59,.16);--egds-surface-opacity-mid:rgba(223,223,241,.5);--egds-surface-opacity-none:rgba(223,223,241,0)}[data-theme-dark=global-loyalty-extra-high-bright]{--egds-primary:#191e3b;--egds-primary-variant:#4d5167;--egds-on-primary:#fff;--egds-primary-container:#c8dff9;--egds-primary-container-variant:#fbece9;--egds-on-primary-container:#0d4eaf;--egds-secondary:#191e3b;--egds-on-secondary:#fff;--egds-secondary-container:#fff;--egds-secondary-container-variant:#ecf4fd;--egds-on-secondary-container:#191e3b;--egds-tertiary:#4d5167;--egds-on-tertiary:#fff;--egds-tertiary-container:#f3f3f5;--egds-tertiary-container-variant:#dfe0e4;--egds-on-tertiary-container:#4d5167;--egds-surface:#c3c3cf;--egds-surface-low-elevation:#c3c3cf;--egds-surface-medium-elevation:#c3c3cf;--egds-surface-high-elevation:#c3c3cf;--egds-surface-container:#f3f3f5;--egds-surface-container-variant:#dfe0e4;--egds-on-surface:#191e3b;--egds-on-surface-variant:#191e3b;--egds-inverse-surface:#0c0e1c;--egds-inverse-on-surface:#fff;--egds-overlay:#191e3b;--egds-on-overlay:#fff;--egds-outline:#191e3b;--egds-outline-variant:#191e3b;--egds-outline-focus:#1668e3;--egds-critical:#6c172c;--egds-on-critical:#fff;--egds-critical-container:#fed5d8;--egds-on-critical-container:#a7183c;--egds-positive:#043f3b;--egds-on-positive:#fff;--egds-positive-container:#beecc6;--egds-on-positive-container:#105d4a;--egds-info:#818494;--egds-on-info:#fff;--egds-info-container:#dfe0e4;--egds-on-info-container:#4d5167;--egds-featured:#818494;--egds-on-featured:#fff;--egds-featured-container:#dfe0e4;--egds-on-featured-container:#676a7d;--egds-shadow:#0c0e1c;--egds-scrim:#0c0e1c;--egds-bottom-scrim:linear-gradient(180deg,rgba(12,14,28,0) 1rem,rgba(12,14,28,.11) 2rem,rgba(12,14,28,.32) 3.1rem,rgba(12,14,28,.5) 4.625rem);--egds-button-scrim:linear-gradient(0deg,rgba(195,195,207,.75) 88%,transparent);--egds-secondary-opacity-xx-low:rgba(25,30,59,.16);--egds-surface-opacity-mid:rgba(195,195,207,.5);--egds-surface-opacity-none:rgba(195,195,207,0)}[data-theme-dark=marketing-1]{--egds-primary:#191e3b;--egds-primary-variant:#4d5167;--egds-on-primary:#fff;--egds-primary-container:#c8dff9;--egds-primary-container-variant:#ecf4fd;--egds-on-primary-container:#0d4eaf;--egds-secondary:#191e3b;--egds-on-secondary:#fff;--egds-secondary-container:#c8dff9;--egds-secondary-container-variant:#ecf4fd;--egds-on-secondary-container:#191e3b;--egds-tertiary:#4d5167;--egds-on-tertiary:#fff;--egds-tertiary-container:#fac7b2;--egds-tertiary-container-variant:#ffa580;--egds-on-tertiary-container:#191e3b;--egds-surface:#ffa580;--egds-surface-low-elevation:#fff;--egds-surface-medium-elevation:#fff;--egds-surface-high-elevation:#fff;--egds-surface-container:#dfe0e4;--egds-surface-container-variant:#fff;--egds-on-surface:#191e3b;--egds-on-surface-variant:#191e3b;--egds-inverse-surface:#0c0e1c;--egds-inverse-on-surface:#fff;--egds-overlay:#191e3b;--egds-on-overlay:#fff;--egds-outline:#191e3b;--egds-outline-variant:#ffded1;--egds-outline-focus:#1668e3;--egds-critical:#6c172c;--egds-on-critical:#fff;--egds-critical-container:#fed5d8;--egds-on-critical-container:#a7183c;--egds-positive:#043f3b;--egds-on-positive:#fff;--egds-positive-container:#e6f7e9;--egds-on-positive-container:#227950;--egds-info:#818494;--egds-on-info:#fff;--egds-info-container:#dfe0e4;--egds-on-info-container:#4d5167;--egds-featured:#818494;--egds-on-featured:#fff;--egds-featured-container:#dfe0e4;--egds-on-featured-container:#676a7d;--egds-shadow:#0c0e1c;--egds-scrim:#0c0e1c;--egds-bottom-scrim:linear-gradient(180deg,rgba(12,14,28,0) 1rem,rgba(12,14,28,.11) 2rem,rgba(12,14,28,.32) 3.1rem,rgba(12,14,28,.5) 4.625rem);--egds-button-scrim:linear-gradient(0deg,rgba(255,165,128,.75) 88%,transparent);--egds-secondary-opacity-xx-low:rgba(25,30,59,.16);--egds-surface-opacity-mid:rgba(255,165,128,.5);--egds-surface-opacity-none:rgba(255,165,128,0)}[data-theme-dark=marketing-2]{--egds-primary:#191e3b;--egds-primary-variant:#4d5167;--egds-on-primary:#fff;--egds-primary-container:#c8dff9;--egds-primary-container-variant:#ecf4fd;--egds-on-primary-container:#0d4eaf;--egds-secondary:#191e3b;--egds-on-secondary:#fff;--egds-secondary-container:#c8dff9;--egds-secondary-container-variant:#ecf4fd;--egds-on-secondary-container:#191e3b;--egds-tertiary:#4d5167;--egds-on-tertiary:#fff;--egds-tertiary-container:#fac7b2;--egds-tertiary-container-variant:#ffded1;--egds-on-tertiary-container:#191e3b;--egds-surface:#ffded1;--egds-surface-low-elevation:#fff;--egds-surface-medium-elevation:#fff;--egds-surface-high-elevation:#fff;--egds-surface-container:#dfe0e4;--egds-surface-container-variant:#fff;--egds-on-surface:#191e3b;--egds-on-surface-variant:#191e3b;--egds-inverse-surface:#0c0e1c;--egds-inverse-on-surface:#fff;--egds-overlay:#191e3b;--egds-on-overlay:#fff;--egds-outline:#191e3b;--egds-outline-variant:#f8bfa8;--egds-outline-focus:#1668e3;--egds-critical:#a7183c;--egds-on-critical:#fff;--egds-critical-container:#fed5d8;--egds-on-critical-container:#a7183c;--egds-positive:#105d4a;--egds-on-positive:#fff;--egds-positive-container:#e6f7e9;--egds-on-positive-container:#227950;--egds-info:#818494;--egds-on-info:#fff;--egds-info-container:#dfe0e4;--egds-on-info-container:#4d5167;--egds-featured:#818494;--egds-on-featured:#fff;--egds-featured-container:#dfe0e4;--egds-on-featured-container:#676a7d;--egds-shadow:#0c0e1c;--egds-scrim:#0c0e1c;--egds-bottom-scrim:linear-gradient(180deg,rgba(12,14,28,0) 1rem,rgba(12,14,28,.11) 2rem,rgba(12,14,28,.32) 3.1rem,rgba(12,14,28,.5) 4.625rem);--egds-button-scrim:linear-gradient(0deg,rgba(255,222,209,.75) 88%,transparent);--egds-secondary-opacity-xx-low:rgba(25,30,59,.16);--egds-surface-opacity-mid:rgba(255,222,209,.5);--egds-surface-opacity-none:rgba(255,222,209,0)}.uitk-theme-provider-container{background:var(--egds-surface)}.uitk-theme-provider-container.uitk-dark-mode-is-gradient{background:var(--egds-background-gradient) var(--egds-surface);background-size:cover}.uitk-dark-mode-is-base,.uitk-dark-mode-is-gradient{background:var(--egds-surface);border-color:transparent}.uitk-dark-mode-is-base:before,.uitk-dark-mode-is-gradient:before{border-color:transparent}.uitk-dark-mode-is-gradient{background:var(--egds-background-gradient) var(--egds-surface);background-size:cover}[data-theme-dark]{--egds-none:none;--egds-underline:underline;--egds-button-opacity-tertiary-inverse-default:0%;--egds-button-opacity-tertiary-inverse-hover:16%;--egds-button-opacity-tertiary-inverse-active:24%;--egds-button-opacity-overlay-default:64%;--egds-button-opacity-overlay-hover:72%;--egds-button-opacity-overlay-active:92%;--egds-carousel-pagination-opacity:70%;--egds-primary-leading-scrim:linear-gradient(270deg,transparent 0%,var(--egds-surface) 100%);--egds-primary-trailing-scrim:linear-gradient(90deg,transparent 0%,var(--egds-surface) 100%);--egds-secondary-leading-scrim:linear-gradient(270deg,transparent 0%,var(--egds-surface-container-variant) 100%);--egds-secondary-trailing-scrim:linear-gradient(90deg,transparent 0%,var(--egds-surface-container-variant) 100%);--egds-scrim-shadow:0 0 0 var(--egds-shadow);--egds-overlay-scrim-opacity:50%;--egds-primary-button-hover-opacity:50%;--egds-opacity-default:28%;--egds-full-opacity:100%;--egds-transparent:transparent}}:root [type-style-theme=standard]{--egds-type-style-display-font-name:Recoleta,Palatino,Times,"Times New Roman",serif;--egds-type-style-display-font-weight:400;--egds-type-style-display-medium-font-size:2.25rem;--egds-type-style-display-medium-line-height:2.5rem;--egds-type-style-display-medium-font-tracking:-0.48px;--egds-type-style-display-small-font-size:1.75rem;--egds-type-style-display-small-line-height:2rem;--egds-type-style-display-small-font-tracking:-0.48px;--egds-type-style-headline-font-name:"Centra No2",-apple-system,BlinkMacSystemFont,"Segoe UI",Roboto,"Helvetica Neue",Arial,sans-serif;--egds-type-style-headline-font-weight:500;--egds-type-style-headline-extra-large-font-size:2.25rem;--egds-type-style-headline-extra-large-line-height:2.5rem;--egds-type-style-headline-extra-large-font-tracking:-0.48px;--egds-type-style-headline-large-font-size:1.75rem;--egds-type-style-headline-large-line-height:2rem;--egds-type-style-headline-large-font-tracking:-0.32px;--egds-type-style-headline-medium-font-size:1.25rem;--egds-type-style-headline-medium-line-height:1.5rem;--egds-type-style-headline-medium-font-tracking:-0.32px;--egds-type-style-headline-small-font-size:1rem;--egds-type-style-headline-small-line-height:1.25rem;--egds-type-style-headline-small-font-tracking:0px;--egds-type-style-headline-overline-font-size:0.75rem;--egds-type-style-headline-overline-line-height:1rem;--egds-type-style-headline-overline-font-tracking:0.64px;--egds-type-style-text-font-name:"Centra No2",-apple-system,BlinkMacSystemFont,"Segoe UI",Roboto,"Helvetica Neue",Arial,sans-serif;--egds-type-style-text-font-weight:400;--egds-type-style-text-large-font-size:1rem;--egds-type-style-text-large-line-height:1.25rem;--egds-type-style-text-large-line-height-variant:1.5rem;--egds-type-style-text-large-font-tracking:0px;--egds-type-style-text-medium-font-size:0.875rem;--egds-type-style-text-medium-line-height:1.125rem;--egds-type-style-text-medium-line-height-variant:1.25rem;--egds-type-style-text-medium-font-tracking:0px;--egds-type-style-text-small-font-size:0.75rem;--egds-type-style-text-small-line-height:1rem;--egds-type-style-text-small-line-height-variant:1rem;--egds-type-style-text-small-font-tracking:0px}.uitk-gallery-carousel{block-size:100%;border-radius:inherit;inline-size:100%;overflow:hidden;position:relative}.uitk-gallery-carousel:hover{cursor:pointer}.uitk-gallery-carousel .uitk-button-paging,.uitk-gallery-carousel .uitk-button-paging-transparent{transform:translateY(-50%);transition:opacity .2s}.uitk-gallery-carousel .uitk-gallery-carousel-button-next:focus,.uitk-gallery-carousel .uitk-gallery-carousel-button-prev:focus{opacity:1}.uitk-gallery-carousel-paging-controls{block-size:0;display:flex;inline-size:100%;inset-block-start:50%;justify-content:space-between;padding-block:0;padding-inline:.5rem;position:absolute;transform:translateY(-50%);z-index:200}.uitk-action-buttons{display:flex;flex-shrink:0;gap:.5rem;margin-inline-start:auto;z-index:200}.uitk-gallery-button,.uitk-virtual-tour-button{flex-shrink:0;margin-inline-start:auto;pointer-events:auto;z-index:300}.uitk-gallery-carousel-scrim{padding-block-end:.75rem;text-align:center;z-index:200}.uitk-gallery-carousel-box{color:#fff;inset-block-end:0;inset-inline-end:0;inset-inline-start:0;padding-block:2.75rem .75rem;padding-inline:.75rem;pointer-events:none;position:absolute;z-index:200}.uitk-gallery-carousel-footer{align-items:flex-end;display:flex}.uitk-gallery-carousel-footer-media-caption{font-size:.875rem;font-weight:300;line-height:1.125rem;overflow:hidden;text-overflow:ellipsis;white-space:nowrap}.uitk-gallery-carousel-items{block-size:100%;overflow:hidden;position:relative}.uitk-gallery-carousel-items.ratio-1-1{padding-block-end:100%}.uitk-gallery-carousel-items.ratio-3-2{padding-block-end:66.6666666667%}.uitk-gallery-carousel-items.ratio-4-3{padding-block-end:75%}.uitk-gallery-carousel-items.ratio-16-9{padding-block-end:56.25%}.uitk-gallery-carousel-items.ratio-21-9{padding-block-end:42.8571428571%}.uitk-gallery-carousel-items.ratio-3-4{padding-block-end:133.3333333333%}.uitk-gallery-carousel-items.uitk-gallery-carousel-next .uitk-gallery-carousel-item,.uitk-gallery-carousel-items.uitk-gallery-carousel-prev .uitk-gallery-carousel-item{transition:transform .2s ease-in-out}[dir=ltr] .uitk-gallery-carousel-items .uitk-gallery-carousel-item-prev,[dir=ltr] .uitk-gallery-carousel-items.uitk-gallery-carousel-next .uitk-gallery-carousel-item-current,[dir=rtl] .uitk-gallery-carousel-items .uitk-gallery-carousel-item-next,[dir=rtl] .uitk-gallery-carousel-items.uitk-gallery-carousel-prev .uitk-gallery-carousel-item-current{transform:translateX(-100%)}[dir=ltr] .uitk-gallery-carousel-items .uitk-gallery-carousel-item-next,[dir=ltr] .uitk-gallery-carousel-items.uitk-gallery-carousel-prev .uitk-gallery-carousel-item-current,[dir=rtl] .uitk-gallery-carousel-items .uitk-gallery-carousel-item-prev,[dir=rtl] .uitk-gallery-carousel-items.uitk-gallery-carousel-next .uitk-gallery-carousel-item-current{transform:translateX(100%)}.uitk-gallery-carousel-items.uitk-gallery-carousel-next .uitk-gallery-carousel-item-next,.uitk-gallery-carousel-items.uitk-gallery-carousel-prev .uitk-gallery-carousel-item-prev{transform:translateX(0)}.uitk-gallery-carousel-item{block-size:100%;inline-size:100%;list-style:none;position:absolute;z-index:200}.uitk-gallery-carousel-item-queued{display:none}.uitk-gallery-carousel-navi-dots{inset-block-end:0;inset-inline-end:.75rem;inset-inline-start:.75rem;margin:auto;padding-block-end:.75rem;position:absolute;text-align:center}.uitk-gallery-carousel-navi-dots.uitk-gallery-carousel-next.uitk-gallery-carousel-midpoint{transform:translateX(-.75rem);transition:transform .2s ease-in-out}.uitk-gallery-carousel-navi-dots.uitk-gallery-carousel-prev.uitk-gallery-carousel-midpoint{transform:translateX(.75rem);transition:transform .2s ease-in-out}.uitk-gallery-carousel-navi-dots.uitk-gallery-carousel-next .uitk-gallery-carousel-dot,.uitk-gallery-carousel-navi-dots.uitk-gallery-carousel-prev .uitk-gallery-carousel-dot{transition:background .2s ease-in-out,transform .2s ease-in-out}.uitk-gallery-carousel-dot-wrap{block-size:.75rem;display:inline-block;inline-size:.75rem;line-height:.75rem;text-align:center;vertical-align:middle}.uitk-gallery-carousel-dot{background:#caccd2;block-size:.375rem;border-radius:2500rem;box-shadow:0 0 1px 0 rgba(0,11,38,.5),0 1px 2px 0 rgba(0,11,38,.6);display:inline-block;inline-size:.375rem;transform-origin:50%}.uitk-gallery-carousel-dot.dot-current{background:#fff;transform:scale(1.33)}.uitk-gallery-carousel-dot.dot-medium{transform:scale(1)}.uitk-gallery-carousel-dot.dot-small{transform:scale(.66)}.uitk-gallery-carousel-dot.dot-zero{transform:scale(0)}@keyframes global-menu-grow-right{0%{transform:translate(50%,-50%) scale(0)}to{transform:translate(0) scale(1)}}@keyframes global-menu-grow-left{0%{transform:translate(-50%,-50%) scale(0)}to{transform:translate(0) scale(1)}}@keyframes global-menu-fade-in{0%{opacity:0}to{opacity:1}}@keyframes global-menu-fade-out{0%{opacity:1}to{opacity:0}}@keyframes global-menu-grow-down{0%{transform:translateY(-100%);z-index:-100}to{transform:translateY(.01vh);z-index:1}}.global-navigation-footer-navlink a{color:inherit;white-space:nowrap}.global-navigation-footer-text{margin:auto;max-inline-size:30rem}.global-navigation-footer-container{inline-size:100%;margin:auto;max-inline-size:78rem}.global-navigation-menu{display:inline-block;position:relative}.global-navigation-menu .global-navigation-menu-container{background-color:#fff;border-radius:.5rem;box-shadow:0 .5rem 1rem 0 rgba(12,14,28,.24);flex-direction:column;inline-size:23.438rem;inset-block-start:100%;line-height:1.25;min-inline-size:3rem;overflow-x:hidden;overflow-y:auto;padding-block:.75rem;padding-inline:0;position:absolute}.global-navigation-menu .global-navigation-menu-pos-left{inset-inline-start:0}.global-navigation-menu .global-navigation-menu-pos-right{inset-inline-end:0}.global-navigation-menu .global-navigation-menu-active .uitk-button-text{color:#191e3b}.global-navigation-menu .global-navigation-menu-active .uitk-icon{fill:#191e3b}.global-navigation-menu .global-navigation-menu-section h3{padding-block:.75rem;padding-inline:1.5rem}.global-navigation-menu.global-navigation-menu-mounted .global-navigation-menu-container{display:none;pointer-events:none}.global-navigation-menu .global-navigation-menu-icon-text-trigger .uitk-button-text{display:inline;font-size:.875rem;line-height:1.125rem;max-inline-size:18.125rem;overflow:hidden;padding-inline-start:.25rem;text-overflow:ellipsis;white-space:nowrap}.global-navigation-menu .global-navigation-list{box-sizing:border-box;display:flex;flex-direction:column}.global-navigation-menu .global-navigation-list .global-navigation-menu-item{align-items:center;color:#31374f;display:flex;font-size:.875rem;font-weight:400;justify-content:flex-start;line-height:1.125rem;outline:none;padding-block:.75rem;padding-inline:1.5rem;text-decoration:none;-webkit-user-select:none;user-select:none;white-space:nowrap}.global-navigation-menu .global-navigation-list .global-navigation-menu-item:hover{text-decoration:none}.global-navigation-menu .global-navigation-list .global-navigation-menu-item .uitk-icon{padding-inline-end:.5rem}.global-navigation-menu .global-navigation-list-divider{block-size:0;border:none;border-block-end:1px solid #999ca8}.global-navigation-menu .global-navigation-menu-trigger{color:#e61e43;padding:.75rem}.global-navigation-menu .global-navigation-menu-trigger:active,.global-navigation-menu .global-navigation-menu-trigger:focus,.global-navigation-menu .global-navigation-menu-trigger:focus-within,.global-navigation-menu .global-navigation-menu-trigger:hover{color:#191e3b}.global-navigation-menu-checkbox:focus+.global-navigation-menu-trigger-wrapper .global-navigation-menu-trigger{--egds-legacy-color:#1668e3;outline:auto var(--egds-outline-focus,var(--egds-legacy-color)) .313rem}.global-navigation-menu-checkbox:not(:checked)~.global-navigation-menu-container{display:none}.global-navigation-menu-checkbox:checked~.global-navigation-menu-container{display:block}.global-navigation-menu-mounted .global-navigation-menu-container{animation-duration:60ms;animation-fill-mode:forwards;animation-iteration-count:1;animation-name:global-menu-fade-out}.global-navigation-menu-mounted .global-navigation-menu-container.global-navigation-menu-open{animation-delay:0ms,60ms;animation-duration:.18s,60ms;display:flex;pointer-events:auto}.global-navigation-menu-mounted .global-navigation-menu-container.global-navigation-menu-open.global-navigation-menu-pos-left,.global-navigation-menu-mounted .global-navigation-menu-container.global-navigation-menu-open.global-navigation-menu-pos-right{animation-name:global-menu-grow-down,global-menu-fade-in}.global-navigation-menu-mounted .global-navigation-menu-container.global-navigation-menu-open>*{animation-delay:80ms;animation-duration:80ms;animation-name:global-menu-fade-in}.global-navigation-menu-mounted .global-navigation-menu-container.animation-disabled{animation-duration:0s}.global-navigation-menu-item>.uitk-menu-list-item-icon{flex:0}@media only screen and (min-width:36rem){.global-navigation-menu-icon-trigger~.global-navigation-menu-pos-left{inset-inline-start:-.5rem}}.global-navigation-nav-button.uitk-button{--egds-icons__theme:#e61e43;background:none;border-radius:0;color:#e61e43;flex-wrap:nowrap;font-weight:500;white-space:nowrap}.global-navigation-nav-button.uitk-button:hover,.global-navigation-nav-button.uitk-button:hover .uitk-text{--egds-icons__theme:#191e3b;color:#191e3b;text-decoration:none}@media screen and (max-width:61.938rem){.global-navigation-nav-button.uitk-button{padding-inline-end:.75rem;padding-inline-start:.75rem}}@media screen and (min-width:62rem){.global-navigation-nav-button.uitk-button{padding-inline-end:1rem;padding-inline-start:1rem}}.global-navigation-nav-button-active{border-block-end:2px solid #191e3b}.global-navigation-nav-button-active.uitk-button{--egds-icons__theme:#191e3b;color:#191e3b}.global-navigation-navlink.uitk-link,.global-navigation-navlink.uitk-link:visited{align-items:center;color:#e61e43;font-weight:500;white-space:nowrap}.global-navigation-navlink.uitk-link:hover,.global-navigation-navlink.uitk-link:visited:hover{color:#191e3b;text-decoration:none}.global-navigation-navlink.uitk-link.site-header .uitk-icon,.global-navigation-navlink.uitk-link.site-header-expanded .uitk-icon,.global-navigation-navlink.uitk-link.site-header-expanded:visited .uitk-icon,.global-navigation-navlink.uitk-link.site-header:visited .uitk-icon,.global-navigation-navlink.uitk-link.sub-header .uitk-icon,.global-navigation-navlink.uitk-link.sub-header:visited .uitk-icon,.global-navigation-navlink.uitk-link.uitk-type-300 .uitk-icon,.global-navigation-navlink.uitk-link:visited.uitk-type-300 .uitk-icon{block-size:auto}.global-navigation-row{display:flex;flex-direction:column;inline-size:100%;justify-content:center}.global-navigation-row-container{inline-size:100%;margin:auto;max-inline-size:78rem}.global-navigation-row-container-fullWidth{max-inline-size:100%}.global-navigation-row.primary{background-color:#fff}@media screen and (max-width:35.938rem){.global-navigation-row.primary{min-block-size:3.5rem}}@media screen and (min-width:36rem){.global-navigation-row.primary{min-block-size:4.5rem}}.global-navigation-row.secondary{background-color:#fff;border-block-start-color:#dfe0e4;border-block-start-width:0}@media screen and (max-width:35.938rem){.global-navigation-row.secondary{min-block-size:2.75rem}}@media screen and (min-width:36rem){.global-navigation-row.secondary{min-block-size:2.75rem}}.global-navigation-site-header{background-color:#fff;box-shadow:0 2px .75rem rgba(12,14,28,.08)}.uitk-header-brand-logo{line-height:0px;padding-block:.5rem;padding-inline:0 .75rem}.uitk-header-brand-logo img{max-inline-size:40vw}@media (max-width:35.938rem){.uitk-header-brand-logo img{block-size:1.75rem}}@media (min-width:36rem){.uitk-header-brand-logo img{block-size:2rem}}.uitk-icon{--int__egds-icons__size:1.5rem;--int__egds-icons__theme:inherit;--int__egds-icons__theme__background:unset;block-size:var(--egds-icons__size__block,var(--egds-icons__size,var(--int__egds-icons__size)));box-sizing:content-box;color:var(--egds-icons__theme,var(--int__egds-icons__theme));fill:currentcolor;grid-area:var(--egds-icons__grid_area,auto);inline-size:var(--egds-icons__size__inline,var(--egds-icons__size,var(--int__egds-icons__size)));min-inline-size:var(--egds-icons__size__min_inline,var(--egds-icons__size,var(--int__egds-icons__size)))}[dir=rtl] .uitk-icon-directional{transform:scaleX(-1)}.uitk-icon-xlarge{--int__egds-icons__size:3rem}.uitk-icon-large{--int__egds-icons__size:2rem}.uitk-icon-medium{--int__egds-icons__size:1.5rem}.uitk-icon-small{--int__egds-icons__size:1.125rem}.uitk-icon-xsmall{--int__egds-icons__size:1rem}.uitk-icon-positive-theme{--egds-legacy-fill-color:#227950;--int__egds-icons__theme:var(--egds-positive,var(--egds-legacy-fill-color))}.uitk-icon-negative-theme{--egds-legacy-fill-color:#a7183c;--int__egds-icons__theme:var(--egds-critical,var(--egds-legacy-fill-color))}.uitk-icon-default-theme,.uitk-icon-emphasis-theme{--egds-legacy-fill-color:#191e3b;--int__egds-icons__theme:var(--egds-on-surface,var(--egds-legacy-fill-color))}.uitk-icon-inverse-theme{--egds-legacy-fill-color:#fff;--int__egds-icons__theme:var(--egds-inverse-on-surface,var(--egds-legacy-fill-color))}.uitk-icon-secondary-theme{--egds-legacy-fill-color:#676a7d;--int__egds-icons__theme:var(--egds-on-surface,var(--egds-legacy-fill-color))}.uitk-icon-spotlight{align-items:center;block-size:3rem;display:inline-flex;inline-size:3rem;justify-content:center;position:relative}.uitk-icon-spotlight:before{--int__icon__spotlight__spacing:calc(100% - 4px);block-size:var(--int__icon__spotlight__spacing);border-radius:2500rem;content:" ";inline-size:var(--int__icon__spotlight__spacing);inset-block-start:2px;inset-inline-start:2px;position:absolute}.uitk-icon-spotlight-standard{--egds-spotlight-legacy-fill-color:#191e3b;--egds-legacy-background-color:#eae3d2;--int__egds-icons__theme:var(--egds-on-surface,var(--egds-spotlight-legacy-fill-color));--int__egds-icons__theme__background:var(--egds-tertiary-container,var(--egds-legacy-background-color))}.uitk-icon-spotlight-info{--egds-spotlight-legacy-fill-color:#191e3b;--egds-legacy-background-color:#b2ebf2;--int__egds-icons__theme:var(--egds-on-info-container,var(--egds-spotlight-legacy-fill-color));--int__egds-icons__theme__background:var(--egds-info-container,var(--egds-legacy-background-color))}.uitk-icon-spotlight-positive{--egds-spotlight-legacy-fill-color:#227950;--egds-legacy-background-color:#8fde96;--int__egds-icons__theme:var(--egds-on-positive-container,var(--egds-spotlight-legacy-fill-color));--int__egds-icons__theme__background:var(--egds-positive-container,var(--egds-legacy-background-color))}.uitk-icon-spotlight-warning{--egds-spotlight-legacy-fill-color:#a7183c;--egds-legacy-background-color:#fdb4ba;--int__egds-icons__theme:var(--egds-on-critical-container,var(--egds-spotlight-legacy-fill-color));--int__egds-icons__theme__background:var(--egds-critical-container,var(--egds-legacy-background-color))}.uitk-icon-spotlight-has-background:before{background-color:var(--egds-icons__theme__background,var(--int__egds-icons__theme__background))}.uitk-icon-spotlight-icon{--int__egds-icons__size:1.5rem;position:relative;z-index:1}.uitk-image{content-visibility:auto;inline-size:100%;overflow:var(--egds-image__overflow);place-self:stretch;position:relative}.uitk-image:has(.uitk-image-link:focus){content-visibility:visible}.uitk-image-placeholder{block-size:inherit;inset:0;position:absolute}.uitk-image-placeholder-image{--uitk-image-image__missing__fill__withurl:url(data:image/png;base64,iVBORw0KGgoAAAANSUhEUgAAAKgAAABwCAYAAACKJjv2AAAACXBIWXMAAAsTAAALEwEAmpwYAAAAAXNSR0IArs4c6QAAAARnQU1BAACxjwv8YQUAAAs9SURBVHgB7Z1pc9pAEobFYRAYHzlq9///r/2wX/bD1iZxgjnFtXoGtSNkdGEMPaifKioOBhdiXvUxM93T+te//7MLDEMp7cAwFNPNPrFYRsHrZBZsd/UMa6fTDu6Hg2DQ7wU+sYuvczZfBPNFFGy2W/dct9MJ7roddz1cl3E93gl0MpvXFidsNlsnbJ8Emnczrjcb91hEq2A0DIPhIAx84b8/XoKPoM3QvBMoQoN/fv8S1IEvZrfzJ5ydzZfB63Tmfu7ddd2gYDVbrVYQrdaxRV3uBTydB6122zvPcCraDE237AVyR9YVrGYYhGnsKeA+tpCjWJxpECyPTuzqeR0DFvbunHh9oep4ZcdXm6FpZIA1TcKYMLYSIk6JRXmIF8G9I1R+N42fNy5PIwW6iuNLGIR99y+C/Pl77Nw5j5fx65sVuU8EjLs3Lk+pi78l1y6s13uBYh1hGSdDYjWBn4lBSY6IS+W5WyadXGmaucgV6EezQR/ASpbFlT7FneegHV/vfSYmvyalFvQW6cRZOXOeq9iSYkUHYS+YLf7GnliQfm+fxZLRQzexpLeKVk+ZK9BTppl8od+/c9NM0WrlBIqV/PL44Fw9IFixnIvY1QOT98blKQ02EN6tuXuxjohUkiGs5nDQd4+0W4/WewsqCZVxWRqZxcs8Z9n00Xy5dG5fXu8D7eTmqjKX6UPi19iFZkkE0lY0zX4yfy/e0CPrKbEyiwtFAnQ3Z7JY0Y8XIbTSyCQJxCqSBDGYjw/3B79n8BhgBs+nZc7H0X3wK57TncfztvMKc7dY3If7YaCVRm/VYTCBgZRsHdxafDK4mgfvGMTSX58fXSJYBMLkBuW1mndsNXKiXpCdO1jL8WQafIsHa7vduZ+BdXoft9vxmZ8fRvHdFXhPY128wHr7Kp5uwmr+Hk/2c6SxayeWGymasG4qjRcoSNwmbv7NAnnEuaYCtXnMdwIlNmGnzykX7Ovucz730+MoePnz6v6PYG0nvQ7eCXQ0Gr5lsHXQtoZbFxKGh/jat9utN3OeaW41V3g3EkypNGX3eJahrRapw/yYoRoTqKEaE6ihGhOooRoTqKEaE6ihGltJUsYt9CGQEu7FchWE/bsPzY+bQI2zwiIPe2ylndBktnE7w9h4M+jXn2c2gRpngeoDNnjLCiSrcZTWSDHi+HXmfl9XqCZQ40O4Dd/T2VuvAfYwsJdBloup8cKCyvJ5XaG2rtHA9hb7PZ3C/37+rtxJkEK+f3x7DrSAMBFdegdYWVe8tFDlPWkxH8Ms6BVx1aMVBaptd5Xs/BL21nHqHlXhPfydIkOlWqBVtvxRM0RZho/b475/fSp9DRaKQWw3rMOJoEKgkvkBHefY9lYVmi1Eq7Er17jFPZy73d4damvBc6nw7OoCJcAWccJssQxa7dZBuUXelyF9PoltqCP68qSvCAcLuIyiIIrWbq8pMSfWsN1uB71eNxiGxXVPm83fxhJN5OoCXSz21ZPfv+zd3Y+XP06wVeqBGDSsLQJdJVmkFpisnqQ8QxpEuqXN+Hzjfs8+1Dyvsdnur0trEzOuUbLy9JjVfT4P75OkVo1OGpfkVxw3MvWCtQzDnpsTlBbjfFZuKGkzjtegJ/4xD7BNZbxN5OoCHQxC56axnG/PhX7v6GfSGnEiKpqSZcXVSmrSeWBFaJhLKMDyYPbABpmG6rSb2bzs6gKl7JdEQFw9guU5nxG3ToycvvHKIOHLE2jT+pQKKlw800S+dfAoYn1iPJzubiKIi++ai788VUubfWv/eK4pGGLVpltQ2w+qmE3DEyS4qgU9l6XRZmE/8nnS38nfBEmvQEnyjk0X1X0+D7OgitG6inRJbLPIJ3AuzyCrSKysaeOcXkvdZpFzr+Pe6rY9WUXS7OI/G7Ogn8A5YtD037jr6humSxkFi0E/gVOz7mPvY7WpyUfgXGVHvWFUxSyooRoTqKEaE6ihGhOooRoTqKGaXIFWPUT2Fg+bNfTQ+Il66mMmyZmVWdg47cvBEJSOcKRjUSMIV8MVX0/fozMIDuZBq1xkEVW6S2iCne9UlRbBGZ4+XA8796uezOLLNcGBBcWSbD9QfMYXhMA1XnzRzXeswnASW1Z3RGKmW4bWm1DEWbQEmb4m8EGkBwKtcpFFEItqq64U8m6+vPJXqZXKlg1rvgkFCVuyIYrUevkk0sbEoKfcfMdqpTTfhILE1BNXf3548/km0qMCbVpWLp3aKHbDyrJBg1r2UxquakBOcL7PqY71SaSWxaeyePZdUj2JYHlQUenj8Y6jYXnpti8iPSrQj8SgPkGDBcSZ7VPp2gKOX52LvLu78/Lszir4INJGryRJswi6f6RFKIKFac4c6a2QTqQQKX2uNFFoGqpaRF9LLnDj3W4nd6MwLl9bU7I85Bj1fexZLyzRbEkbbUHbSSOvPChW056xC6OkO57MddZ+f8qSMo2mhUILeus95LGekhBl40ziULJ6X+JPsXhYQEQKdS2p1I62FVWRNtqCvsVek+nBMqFruz3e92APPTpDHpGyjAl1LWl6NkPTzMXJMegtWFeso8wZspZNcRoufbPdi3V/VIpfrSBPsaRpcWpbp2/8PCixF0nSYrF0lrOd9O5kUH2dXqojUs3ihEbHoAKD4pulLKOKSLWLExpjQWUa5hyLCb50mysSqQ/ihAOBnmMQtQ4e0zDpU85Ohe/Ip+XPYyIlX/dBnHAg0I8OoubBu0U3XpXjIvVj4/KBQJs8iLcO44oBoYJgt905Y+TdhmXjtuHYyH6v/PhFTVjZsaEaE6ihGhOooRoTqKEaE6ihGhOooRoTqKEaE6ihGi/O6iyjKbuumoitJF0YNkOvV2v3r7TiYQnS1eR3u40+l/MYVxWo7GbnqL9vz4+VB4fNLL9+j90A33twtjy79GfzRTBfRG+79fPgO2BJchiG3oi1qIVlHsOwHzyMyo9gv6pA2c2+3WxcLTY1QNSnlw2KNFVAnGG/V+tg0kuDMKmQrFNrzvXRsIwHmzm4iTULlc87OaGKdLZYBkOqGUpO0bu6i2fL1yoWKRWU1AVVhYrMp6RATCPLKArGr+/bPbqDueLPTv1TJzmgCyGv1utglVSYCgg7ip/f10bpLN6L1iv3L8ai6ni8/Hl11zmPRVpmYFTEoF+fHoKfscuuug8Vi8J7tJJ1ecSYg0EY3A/6uScX49aB7wBhLpZL9zMPJ3SlfaKkO0tYY+se7YQQ6Cp1M+ahQqAMGu4d182ApMtnBfYx4vYQJ6/VfER12mZiMWmjU9VN87pRUk36OpsFy+Xq3d/UAmOF0BgLucGqwI1K7hElyWKRm1eTxYvwSH6wINLJGLBIiLOdCFl78vC3s9zunQtjUHD/0hgCuB7cfr/Xe6sk5bnnh1Ew6SyO/h0NLKPk5olDlB+/qodnacrcvKppJifS59jdv4yP1s98edIvTiHb/lB6kEZH3BpWhOfTHkKuc6R4loLugELZ7EQeZW5e3TwoyQPu/Vj9DFbGR/IOa8C1YX3SiRSWlWTRhxNGxAN8pF1n5JtAgfiLgZq+tWLxr8NHmrQAucmYAySpkDgakS5id5kuWPTtCGrXZI1HfE15+UGV12RRu5KEBRGBap7rrIK4aQ5lyPa8BwZLChb3XkNnzFmI3ISJAE9+TQZb6rwQ2VgSa7KOreUu6Ymf9zpfaCWtLIssY5XXZDGBXgFi0mnqWBwSIlk18pYqbruGaxdMoFdgeyQx8i3mTPOZZxPY1pkrkM3Q8w4TMxRZ0KK78NjvfN8DWjSZ7yN1x6Oq1TUXf0V8TYgEYmfCk1MWT6q+9+C0Y8PQhsWghmpMoIZqTKCGakyghmpMoIZqTKCGav4PyCg7X0LCI9kAAAAASUVORK5CYII=);--egds-legacy-background-color:#caccd2;background:var(--egds-tertiary-container,var(--egds-legacy-background-color)) var(--uitk-image-image__missing__fill__withurl) repeat}.uitk-image-media{display:block;object-fit:cover}.uitk-image .uitk-image-media{block-size:100%;inline-size:100%;inset:0;position:absolute}.uitk-image-background{background-position:50%;background-size:cover}.uitk-image-link{background-color:transparent;block-size:100%;display:block;inline-size:100%;inset:0;overflow:hidden;position:absolute;white-space:nowrap;z-index:100}.uitk-image-fit-contain,.uitk-image-fit-cover{block-size:100%;inset:0;margin:0;padding:0;position:relative}.uitk-image-fit-contain .uitk-image-media,.uitk-image-fit-cover .uitk-image-media{block-size:100%;inline-size:100%}.uitk-image-fit-contain .uitk-image-media{object-fit:contain}.uitk-image-ratio-2-1{aspect-ratio:2/1}.uitk-image-ratio-1-1{aspect-ratio:1/1}.uitk-image-ratio-3-2{aspect-ratio:3/2}.uitk-image-ratio-4-3{aspect-ratio:4/3}.uitk-image-ratio-16-9{aspect-ratio:16/9}.uitk-image-ratio-21-9{aspect-ratio:21/9}.uitk-image-ratio-3-4{aspect-ratio:3/4}.uitk-image-ratio-4-1{aspect-ratio:4/1}@supports not (aspect-ratio:1/1){.uitk-image-ratio:before{block-size:0;content:" ";display:block;inline-size:1px;margin-inline-start:-1px}.uitk-image-ratio-2-1:before{padding-block-end:50%}.uitk-image-ratio-1-1:before{padding-block-end:100%}.uitk-image-ratio-3-2:before{padding-block-end:66.6666666667%}.uitk-image-ratio-4-3:before{padding-block-end:75%}.uitk-image-ratio-16-9:before{padding-block-end:56.25%}.uitk-image-ratio-21-9:before{padding-block-end:42.8571428571%}.uitk-image-ratio-3-4:before{padding-block-end:133.3333333333%}.uitk-image-ratio-4-1:before{padding-block-end:25%}}.uitk-image-roundcorner-all .uitk-image-media,.uitk-image-roundcorner-all .uitk-image-placeholder,.uitk-image-roundcorner-small-all .uitk-image-media,.uitk-image-roundcorner-small-all .uitk-image-placeholder{border-radius:.25rem}.uitk-image-roundcorner-all-unset .uitk-image-media,.uitk-image-roundcorner-all-unset .uitk-image-placeholder,.uitk-image-roundcorner-small-all-unset .uitk-image-media,.uitk-image-roundcorner-small-all-unset .uitk-image-placeholder{border-radius:0}.uitk-image-roundcorner-max .uitk-image-media,.uitk-image-roundcorner-max .uitk-image-placeholder,.uitk-image-roundcorner-small-max .uitk-image-media,.uitk-image-roundcorner-small-max .uitk-image-placeholder{border-radius:2500rem}.uitk-image-roundcorner-max-unset .uitk-image-media,.uitk-image-roundcorner-max-unset .uitk-image-placeholder,.uitk-image-roundcorner-small-max-unset .uitk-image-media,.uitk-image-roundcorner-small-max-unset .uitk-image-placeholder{border-radius:0}.uitk-image-roundcorner-small-startstart .uitk-image-media,.uitk-image-roundcorner-small-startstart .uitk-image-placeholder,.uitk-image-roundcorner-startstart .uitk-image-media,.uitk-image-roundcorner-startstart .uitk-image-placeholder{border-start-start-radius:.25rem}.uitk-image-roundcorner-small-startstart-unset .uitk-image-media,.uitk-image-roundcorner-small-startstart-unset .uitk-image-placeholder,.uitk-image-roundcorner-startstart-unset .uitk-image-media,.uitk-image-roundcorner-startstart-unset .uitk-image-placeholder{border-start-start-radius:0}.uitk-image-roundcorner-small-startend .uitk-image-media,.uitk-image-roundcorner-small-startend .uitk-image-placeholder,.uitk-image-roundcorner-startend .uitk-image-media,.uitk-image-roundcorner-startend .uitk-image-placeholder{border-start-end-radius:.25rem}.uitk-image-roundcorner-small-startend-unset .uitk-image-media,.uitk-image-roundcorner-small-startend-unset .uitk-image-placeholder,.uitk-image-roundcorner-startend-unset .uitk-image-media,.uitk-image-roundcorner-startend-unset .uitk-image-placeholder{border-start-end-radius:0}.uitk-image-roundcorner-endstart .uitk-image-media,.uitk-image-roundcorner-endstart .uitk-image-placeholder,.uitk-image-roundcorner-small-endstart .uitk-image-media,.uitk-image-roundcorner-small-endstart .uitk-image-placeholder{border-end-start-radius:.25rem}.uitk-image-roundcorner-endstart-unset .uitk-image-media,.uitk-image-roundcorner-endstart-unset .uitk-image-placeholder,.uitk-image-roundcorner-small-endstart-unset .uitk-image-media,.uitk-image-roundcorner-small-endstart-unset .uitk-image-placeholder{border-end-start-radius:0}.uitk-image-roundcorner-endend .uitk-image-media,.uitk-image-roundcorner-endend .uitk-image-placeholder,.uitk-image-roundcorner-small-endend .uitk-image-media,.uitk-image-roundcorner-small-endend .uitk-image-placeholder{border-end-end-radius:.25rem}.uitk-image-roundcorner-endend-unset .uitk-image-media,.uitk-image-roundcorner-endend-unset .uitk-image-placeholder,.uitk-image-roundcorner-small-endend-unset .uitk-image-media,.uitk-image-roundcorner-small-endend-unset .uitk-image-placeholder{border-end-end-radius:0}@media screen and (min-width:36rem){.uitk-image-roundcorner-medium-all .uitk-image-media,.uitk-image-roundcorner-medium-all .uitk-image-placeholder{border-radius:.25rem}.uitk-image-roundcorner-medium-all-unset .uitk-image-media,.uitk-image-roundcorner-medium-all-unset .uitk-image-placeholder{border-radius:0}.uitk-image-roundcorner-medium-max .uitk-image-media,.uitk-image-roundcorner-medium-max .uitk-image-placeholder{border-radius:2500rem}.uitk-image-roundcorner-medium-max-unset .uitk-image-media,.uitk-image-roundcorner-medium-max-unset .uitk-image-placeholder{border-radius:0}.uitk-image-roundcorner-medium-startstart .uitk-image-media,.uitk-image-roundcorner-medium-startstart .uitk-image-placeholder{border-start-start-radius:.25rem}.uitk-image-roundcorner-medium-startstart-unset .uitk-image-media,.uitk-image-roundcorner-medium-startstart-unset .uitk-image-placeholder{border-start-start-radius:0}.uitk-image-roundcorner-medium-startend .uitk-image-media,.uitk-image-roundcorner-medium-startend .uitk-image-placeholder{border-start-end-radius:.25rem}.uitk-image-roundcorner-medium-startend-unset .uitk-image-media,.uitk-image-roundcorner-medium-startend-unset .uitk-image-placeholder{border-start-end-radius:0}.uitk-image-roundcorner-medium-endstart .uitk-image-media,.uitk-image-roundcorner-medium-endstart .uitk-image-placeholder{border-end-start-radius:.25rem}.uitk-image-roundcorner-medium-endstart-unset .uitk-image-media,.uitk-image-roundcorner-medium-endstart-unset .uitk-image-placeholder{border-end-start-radius:0}.uitk-image-roundcorner-medium-endend .uitk-image-media,.uitk-image-roundcorner-medium-endend .uitk-image-placeholder{border-end-end-radius:.25rem}.uitk-image-roundcorner-medium-endend-unset .uitk-image-media,.uitk-image-roundcorner-medium-endend-unset .uitk-image-placeholder{border-end-end-radius:0}}@media screen and (min-width:62rem){.uitk-image-roundcorner-large-all .uitk-image-media,.uitk-image-roundcorner-large-all .uitk-image-placeholder{border-radius:.25rem}.uitk-image-roundcorner-large-all-unset .uitk-image-media,.uitk-image-roundcorner-large-all-unset .uitk-image-placeholder{border-radius:0}.uitk-image-roundcorner-large-max .uitk-image-media,.uitk-image-roundcorner-large-max .uitk-image-placeholder{border-radius:2500rem}.uitk-image-roundcorner-large-max-unset .uitk-image-media,.uitk-image-roundcorner-large-max-unset .uitk-image-placeholder{border-radius:0}.uitk-image-roundcorner-large-startstart .uitk-image-media,.uitk-image-roundcorner-large-startstart .uitk-image-placeholder{border-start-start-radius:.25rem}.uitk-image-roundcorner-large-startstart-unset .uitk-image-media,.uitk-image-roundcorner-large-startstart-unset .uitk-image-placeholder{border-start-start-radius:0}.uitk-image-roundcorner-large-startend .uitk-image-media,.uitk-image-roundcorner-large-startend .uitk-image-placeholder{border-start-end-radius:.25rem}.uitk-image-roundcorner-large-startend-unset .uitk-image-media,.uitk-image-roundcorner-large-startend-unset .uitk-image-placeholder{border-start-end-radius:0}.uitk-image-roundcorner-large-endstart .uitk-image-media,.uitk-image-roundcorner-large-endstart .uitk-image-placeholder{border-end-start-radius:.25rem}.uitk-image-roundcorner-large-endstart-unset .uitk-image-media,.uitk-image-roundcorner-large-endstart-unset .uitk-image-placeholder{border-end-start-radius:0}.uitk-image-roundcorner-large-endend .uitk-image-media,.uitk-image-roundcorner-large-endend .uitk-image-placeholder{border-end-end-radius:.25rem}.uitk-image-roundcorner-large-endend-unset .uitk-image-media,.uitk-image-roundcorner-large-endend-unset .uitk-image-placeholder{border-end-end-radius:0}}@media screen and (min-width:75rem){.uitk-image-roundcorner-extra_large-all .uitk-image-media,.uitk-image-roundcorner-extra_large-all .uitk-image-placeholder{border-radius:.25rem}.uitk-image-roundcorner-extra_large-all-unset .uitk-image-media,.uitk-image-roundcorner-extra_large-all-unset .uitk-image-placeholder{border-radius:0}.uitk-image-roundcorner-extra_large-max .uitk-image-media,.uitk-image-roundcorner-extra_large-max .uitk-image-placeholder{border-radius:2500rem}.uitk-image-roundcorner-extra_large-max-unset .uitk-image-media,.uitk-image-roundcorner-extra_large-max-unset .uitk-image-placeholder{border-radius:0}.uitk-image-roundcorner-extra_large-startstart .uitk-image-media,.uitk-image-roundcorner-extra_large-startstart .uitk-image-placeholder{border-start-start-radius:.25rem}.uitk-image-roundcorner-extra_large-startstart-unset .uitk-image-media,.uitk-image-roundcorner-extra_large-startstart-unset .uitk-image-placeholder{border-start-start-radius:0}.uitk-image-roundcorner-extra_large-startend .uitk-image-media,.uitk-image-roundcorner-extra_large-startend .uitk-image-placeholder{border-start-end-radius:.25rem}.uitk-image-roundcorner-extra_large-startend-unset .uitk-image-media,.uitk-image-roundcorner-extra_large-startend-unset .uitk-image-placeholder{border-start-end-radius:0}.uitk-image-roundcorner-extra_large-endstart .uitk-image-media,.uitk-image-roundcorner-extra_large-endstart .uitk-image-placeholder{border-end-start-radius:.25rem}.uitk-image-roundcorner-extra_large-endstart-unset .uitk-image-media,.uitk-image-roundcorner-extra_large-endstart-unset .uitk-image-placeholder{border-end-start-radius:0}.uitk-image-roundcorner-extra_large-endend .uitk-image-media,.uitk-image-roundcorner-extra_large-endend .uitk-image-placeholder{border-end-end-radius:.25rem}.uitk-image-roundcorner-extra_large-endend-unset .uitk-image-media,.uitk-image-roundcorner-extra_large-endend-unset .uitk-image-placeholder{border-end-end-radius:0}}.uitk-image-background,.uitk-image-media{opacity:1;transition:opacity 1s}.is-loading .uitk-image-media,.is-loading.uitk-image-background{opacity:0}.is-loading noscript .uitk-image-media{opacity:1}.uitk-field{--egds-fake-input__display:block;--egds-faux-input__display:block;overflow:hidden;position:relative}.uitk-field input{text-overflow:ellipsis}.uitk-field input::-ms-clear,.uitk-field input::-ms-reveal{display:none}.uitk-field input{min-block-size:3rem;padding-block-start:1rem}.uitk-field input[placeholder]:valid:placeholder-shown+button{--egds-legacy-color:#676a7d;--egds-fake-input__color:var(--egds-on-surface,var(--egds-legacy-color))}.uitk-field select{block-size:3rem;padding-block-start:1rem}.uitk-field input,.uitk-field textarea{cursor:text}.uitk-field textarea{display:block;min-block-size:4.5rem;overflow:visible;padding-block-start:1.5rem;resize:vertical}.uitk-field input,.uitk-field select,.uitk-field textarea{--egds-legacy-background-color:#fff;--egds-legacy-border-color:#818494;--egds-legacy-color:#191e3b;-webkit-appearance:none;appearance:none;background-color:var(--egds-surface,var(--egds-legacy-background-color));border:1px solid var(--egds-outline,var(--egds-legacy-border-color));border-radius:.5rem;color:var(--egds-on-surface,var(--egds-legacy-color));font-size:1rem;font-weight:400;inline-size:100%;line-height:1.25rem;padding-inline-end:calc(.75rem - 1px);padding-inline-start:calc(.75rem - 1px)}.uitk-field input::placeholder,.uitk-field select::placeholder,.uitk-field textarea::placeholder{--egds-legacy-color:#676a7d;color:var(--egds-on-surface-variant,var(--egds-legacy-color));font-size:1rem;font-weight:400}.uitk-field input.visual-test-focus,.uitk-field input:focus,.uitk-field select.visual-test-focus,.uitk-field select:focus,.uitk-field textarea.visual-test-focus,.uitk-field textarea:focus{--egds-legacy-border-color:#1668e3;border-color:var(--egds-outline-focus,var(--egds-legacy-border-color));box-shadow:inset 0 0 0 1px var(--egds-outline-focus,var(--egds-legacy-border-color));outline:none}.uitk-field input.visual-test-focus~.uitk-field-icon,.uitk-field input:focus~.uitk-field-icon,.uitk-field select.visual-test-focus~.uitk-field-icon,.uitk-field select:focus~.uitk-field-icon,.uitk-field textarea.visual-test-focus~.uitk-field-icon,.uitk-field textarea:focus~.uitk-field-icon{--egds-legacy-fill-color:#1668e3;color:var(--egds-on-surface,var(--egds-legacy-fill-color))}.uitk-field input.visual-test-focus::placeholder,.uitk-field input:focus::placeholder,.uitk-field select.visual-test-focus::placeholder,.uitk-field select:focus::placeholder,.uitk-field textarea.visual-test-focus::placeholder,.uitk-field textarea:focus::placeholder{--egds-legacy-color:#676a7d;color:var(--egds-on-surface-variant,var(--egds-legacy-color))}.uitk-field.has-no-border input,.uitk-field.has-no-border select,.uitk-field.has-no-border textarea{border-color:transparent}.uitk-field.is-readonly input,.uitk-field.is-readonly select,.uitk-field.is-readonly textarea{background:transparent;cursor:not-allowed;pointer-events:none}.uitk-field.is-readonly input:not(:focus),.uitk-field.is-readonly select:not(:focus),.uitk-field.is-readonly textarea:not(:focus){border-color:transparent;box-shadow:none}.uitk-field-label{--egds-legacy-color:#191e3b;color:var(--egds-on-surface,var(--egds-legacy-color));font-size:.75rem;font-weight:700;inset-block-start:calc(50% - 1.25rem);line-height:1rem;margin-block:0;margin-inline:.75rem;max-inline-size:calc(100% - 1.5rem);overflow:hidden;pointer-events:none;position:absolute;text-overflow:ellipsis;transform-origin:left top;transition:all .1s ease-in-out;white-space:nowrap}.uitk-field-select-empty-state label,.uitk-field:has(:is(input,textarea):not(:focus).empty-placeholder) label{font-size:1rem;font-weight:400;line-height:1.25rem}.uitk-field-select-empty-state label,.uitk-field:has(input:not(:focus).empty-placeholder) label{transform:translateY(50%)}.uitk-field.has-floatedLabel-label select{padding-inline-end:2.625rem}.uitk-field:has(textarea) label{--egds-legacy-background-color:#fff;inline-size:calc(100% - 1.5rem);inset-block-start:0;padding-block-start:calc(.5rem - 1px);transition-property:font}.uitk-field .is-readonly:has(textarea) label{cursor:not-allowed;pointer-events:none}.uitk-field-icon{--egds-legacy-color:#191e3b;block-size:1.25rem;color:var(--egds-on-surface,var(--egds-legacy-color));cursor:pointer;inline-size:1.25rem;inset-block-start:50%;inset-inline-start:.75rem;min-inline-size:1.25rem;pointer-events:none;position:absolute;transform:translateY(-50%)}.uitk-field.is-disabled{opacity:.36}.uitk-field.has-icon .uitk-field-label{margin-inline-start:2.75rem;max-inline-size:calc(100% - 4.25rem)}.uitk-field.has-icon input{padding-inline-start:calc(2.75rem - 1px)}.uitk-field.has-placeholder.has-textarea .uitk-field-label{inset-block-start:0;padding-block-start:calc(.5rem - 1px)}.uitk-field.has-icon select{padding-inline-start:calc(2.75rem - 1px)}.uitk-field.has-no-visible-label input,.uitk-field.has-no-visible-label select,.uitk-field.has-no-visible-label textarea{padding-block-start:0}.uitk-field.has-no-visible-label textarea[class*=uitk-field-textarea-with-chat]{min-block-size:3rem;padding-block-start:.75rem;resize:none}.uitk-field:has(select).has-floatedLabel-label .uitk-field-label{inline-size:calc(100% - 2.625rem)}.uitk-field:has(select).has-floatedLabel-label.has-icon .uitk-field-label{inline-size:calc(100% - 4.625rem)}.uitk-field:has(select).is-readonly [class*=uitk-field-select-icon]{display:none}@-moz-document url-prefix(){.uitk-field .has-floatedLabel-label select{padding-block-start:1.25rem;padding-inline-start:.375rem}.uitk-field .has-icon select{padding-inline-start:2.5rem}}.uitk-field.is-invalid input,.uitk-field.is-invalid select,.uitk-field.is-invalid textarea{--egds-legacy-border-color:#d11544;border-color:var(--egds-critical,var(--egds-legacy-border-color));box-shadow:inset 0 0 0 1px var(--egds-critical,var(--egds-legacy-border-color));outline:none}.uitk-field.is-invalid input~.uitk-field-icon,.uitk-field.is-invalid select~.uitk-field-icon,.uitk-field.is-invalid textarea~.uitk-field-icon{--egds-legacy-fill-color:#a7183c;color:var(--egds-critical,var(--egds-legacy-fill-color))}.uitk-field.is-invalid input::placeholder,.uitk-field.is-invalid select::placeholder,.uitk-field.is-invalid textarea::placeholder{--egds-legacy-color:#676a7d;color:var(--egds-on-surface-variant,var(--egds-legacy-color))}.uitk-field.is-invalid input:focus,.uitk-field.is-invalid select:focus,.uitk-field.is-invalid textarea:focus{--egds-legacy-border-color:#1668e3;border-color:var(--egds-outline-focus,var(--egds-legacy-border-color));box-shadow:inset 0 0 0 1px var(--egds-outline-focus,var(--egds-legacy-border-color))}.uitk-field.is-invalid input:focus~.uitk-field-icon,.uitk-field.is-invalid select:focus~.uitk-field-icon,.uitk-field.is-invalid textarea:focus~.uitk-field-icon{--egds-legacy-fill-color:#1668e3;color:var(--egds-critical,var(--egds-legacy-fill-color))}.uitk-field.is-invalid input:focus~textarea~.uitk-field-label,.uitk-field.is-invalid select:focus~textarea~.uitk-field-label,.uitk-field.is-invalid textarea:focus~textarea~.uitk-field-label{--egds-legacy-border-color:#1668e3;border-block-start-color:var(--egds-outline-focus,var(--egds-legacy-border-color));box-shadow:inset 0 1px 0 0 var(--egds-outline-focus,var(--egds-legacy-border-color))}.uitk-field.is-invalid textarea~.uitk-field-label{--egds-legacy-border-color:#d11544;border-block-start-color:var(--egds-critical,var(--egds-legacy-border-color));box-shadow:inset 0 1px 0 0 var(--egds-critical,var(--egds-legacy-border-color))}.uitk-field-required-asterisk{--egds-legacy-color:#a7183c;color:var(--egds-critical,var(--egds-legacy-color))}.uitk-field-message{margin-block-start:.25rem}.uitk-field-message-error{--egds-legacy-color:#d11544;color:var(--egds-critical,var(--egds-legacy-color));font-size:.75rem;font-weight:400;line-height:1rem}.uitk-field-message-instruction{--egds-legacy-color:#191e3b;color:var(--egds-on-surface,var(--egds-legacy-color));font-size:.75rem;font-weight:400;line-height:1rem}.uitk-validation-error{--egds-legacy-color:#d11544;color:var(--egds-critical,var(--egds-legacy-color));font-size:.75rem;font-weight:400;line-height:1rem}.uitk-field-messages{display:grid;grid-template-columns:auto auto}.uitk-field-messages .uitk-field-message-secondary{grid-column-start:2;justify-self:end}.uitk-field-fake-input{-webkit-appearance:none;appearance:none;background-color:var(--egds-surface,var(--egds-legacy-background-color));border:1px solid var(--egds-outline,var(--egds-legacy-border-color));border-radius:.5rem;color:var(--egds-on-surface,var(--egds-legacy-color));cursor:text;font-size:1rem;font-weight:400;inline-size:100%;line-height:1.25rem;min-block-size:3rem;padding-block-start:1rem;padding-inline-end:calc(.75rem - 1px);padding-inline-start:calc(.75rem - 1px);text-overflow:ellipsis;--egds-legacy-background-color:#fff;--egds-legacy-border-color:#818494;--egds-legacy-color:#191e3b}.uitk-field-fake-input::-ms-clear,.uitk-field-fake-input::-ms-reveal{display:none}.uitk-field-fake-input.visual-test-focus,.uitk-field-fake-input:focus{--egds-legacy-border-color:#1668e3;border-color:var(--egds-outline-focus,var(--egds-legacy-border-color));box-shadow:inset 0 0 0 1px var(--egds-outline-focus,var(--egds-legacy-border-color));outline:none}.uitk-field-fake-input.visual-test-focus~svg,.uitk-field-fake-input:focus~svg{--egds-legacy-fill-color:#1668e3;color:var(--egds-on-surface,var(--egds-legacy-fill-color))}.uitk-field-fake-input-hasicon{padding-inline-start:calc(2.75rem - 1px)}.uitk-field-fake-input-invalid{--egds-legacy-border-color:#d11544;border-color:var(--egds-critical,var(--egds-legacy-border-color));box-shadow:inset 0 0 0 1px var(--egds-critical,var(--egds-legacy-border-color));outline:none}.uitk-field-fake-input-invalid~svg{--egds-legacy-fill-color:#a7183c;color:var(--egds-critical,var(--egds-legacy-fill-color))}.uitk-field-fake-input-invalid::placeholder{--egds-legacy-color:#676a7d;color:var(--egds-on-surface-variant,var(--egds-legacy-color))}.uitk-field-fake-input-invalid:focus{--egds-legacy-border-color:#1668e3;border-color:var(--egds-outline-focus,var(--egds-legacy-border-color));box-shadow:inset 0 0 0 1px var(--egds-outline-focus,var(--egds-legacy-border-color))}.uitk-field-fake-input-invalid:focus~svg{--egds-legacy-fill-color:#1668e3;color:var(--egds-critical,var(--egds-legacy-fill-color))}.uitk-fake-input{block-size:3rem;color:var(--egds-fake-input__color);cursor:pointer;display:var(--egds-fake-input__display);overflow:hidden;text-align:start;text-overflow:ellipsis;white-space:nowrap}.has-floatedLabel-label .uitk-fake-input{block-size:2.25rem}.uitk-fake-input .uitk-fake-input-right-icon{--egds-legacy-fill-color:#191e3b;fill:var(--egds-on-surface,var(--egds-legacy-fill-color));inline-size:1.125rem;inset-block-start:50%;margin-block:0;margin-inline:.75rem .75rem;pointer-events:none;position:absolute;transform:translateY(-50%)}[dir=ltr] .uitk-fake-input .uitk-fake-input-right-icon{inset-inline-end:0}[dir=rtl] .uitk-fake-input .uitk-fake-input-right-icon{inset-inline-start:0}.uitk-field-faux-input{-webkit-appearance:none;appearance:none;background-color:var(--egds-surface,var(--egds-legacy-background-color));border:1px solid var(--egds-outline,var(--egds-legacy-border-color));border-radius:.5rem;color:var(--egds-on-surface,var(--egds-legacy-color));cursor:text;font-size:1rem;font-weight:400;inline-size:100%;line-height:1.25rem;min-block-size:3rem;padding-block-start:1rem;padding-inline-end:calc(.75rem - 1px);padding-inline-start:calc(.75rem - 1px);text-overflow:ellipsis;--egds-legacy-background-color:#fff;--egds-legacy-border-color:#818494;--egds-legacy-color:#191e3b}.uitk-field-faux-input::-ms-clear,.uitk-field-faux-input::-ms-reveal{display:none}.uitk-field-faux-input.visual-test-focus,.uitk-field-faux-input:focus{--egds-legacy-border-color:#1668e3;border-color:var(--egds-outline-focus,var(--egds-legacy-border-color));box-shadow:inset 0 0 0 1px var(--egds-outline-focus,var(--egds-legacy-border-color));outline:none}.uitk-field-faux-input.visual-test-focus~svg,.uitk-field-faux-input:focus~svg{--egds-legacy-fill-color:#1668e3;color:var(--egds-on-surface,var(--egds-legacy-fill-color))}.uitk-field-faux-input-hasicon{padding-inline-start:calc(2.75rem - 1px)}.uitk-field-faux-input-invalid{--egds-legacy-border-color:#d11544;border-color:var(--egds-critical,var(--egds-legacy-border-color));box-shadow:inset 0 0 0 1px var(--egds-critical,var(--egds-legacy-border-color));outline:none}.uitk-field-faux-input-invalid~svg{--egds-legacy-fill-color:#a7183c;color:var(--egds-critical,var(--egds-legacy-fill-color))}.uitk-field-faux-input-invalid::placeholder{--egds-legacy-color:#676a7d;color:var(--egds-on-surface-variant,var(--egds-legacy-color))}.uitk-field-faux-input-invalid:focus{--egds-legacy-border-color:#1668e3;border-color:var(--egds-outline-focus,var(--egds-legacy-border-color));box-shadow:inset 0 0 0 1px var(--egds-outline-focus,var(--egds-legacy-border-color))}.uitk-field-faux-input-invalid:focus~svg{--egds-legacy-fill-color:#1668e3;color:var(--egds-critical,var(--egds-legacy-fill-color))}.uitk-faux-input{block-size:3rem;cursor:pointer;display:var(--egds-faux-input__display);overflow:hidden;text-align:start;text-overflow:ellipsis;white-space:nowrap}.has-floatedLabel-label .uitk-faux-input{block-size:2.25rem}.uitk-card-number-input-payment-type{inset-block-start:50%;inset-inline-end:.75rem;position:absolute;transform:translateY(-50%)}[dir=ltr] .has-input-cta{padding-inline-end:2.625rem}.uitk-input-cta{align-items:center;background:transparent;block-size:3rem;display:flex;inline-size:2.625rem;inset-block-start:50%;inset-inline-end:0;justify-content:center;padding:0;position:absolute;transform:translateY(-50%)}.uitk-input-cta,.uitk-input-cta:hover{--egds-legacy-fill-color:#191e3b;color:var(--egds-on-surface,var(--egds-legacy-fill-color))}.uitk-field-select{cursor:auto;padding-inline-end:2.625rem}.uitk-field-select::-ms-expand{display:none}.uitk-field-select::-ms-value{background:transparent;color:currentcolor}.uitk-field-select-field .uitk-field-select-icon{--egds-legacy-fill-color:#191e3b;fill:var(--egds-on-surface,var(--egds-legacy-fill-color));inline-size:1.125rem;inset-block-start:50%;inset-inline-end:0;margin-block:0;margin-inline-end:.75rem;margin-inline-start:.75rem;pointer-events:none;position:absolute;transform:translateY(-50%)}.uitk-field-select-field .uitk-field-select-dummy-option{display:none}.uitk-field-select-field .uitk-field-select-placeholder{--egds-legacy-color:#676a7d;color:var(--egds-on-surface,var(--egds-legacy-color))}@keyframes toggle-rotate-forwards{0%{transform:rotate(0deg)}to{transform:rotate(180deg)}}@keyframes toggle-rotate-backwards{0%{transform:rotate(180deg)}to{transform:rotate(0deg)}}.uitk-input-swapper{align-items:stretch;display:grid;grid-template:"start-input start-input" auto "toggle ." .75rem "end-input end-input" auto/1fr 1.125rem}.uitk-input-swapper-start-input{grid-area:start-input}.uitk-input-swapper-end-input{grid-area:end-input}.uitk-input-swapper-toggle{grid-area:toggle;--egds-legacy-background-color:#fff;--egds-legacy-border-color:#818494;align-self:center;animation-duration:.2s;animation-timing-function:ease;background-color:var(--egds-surface-low-elevation,var(--egds-legacy-background-color));border-color:var(--egds-outline,var(--egds-legacy-border-color));border-radius:2500rem;border-width:1px;justify-self:end;z-index:1}.uitk-input-swapper-toggle-rotate-forwards{animation-name:toggle-rotate-forwards}.uitk-input-swapper-toggle-rotate-backwards{animation-name:toggle-rotate-backwards}.uitk-input-swapper-toggle:hover{--egds-legacy-background-color:#ecf4fd;--egds-legacy-border-color:#ecf4fd;background-color:var(--egds-secondary-container-variant,var(--egds-legacy-background-color));border-color:var(--egds-outline,var(--egds-legacy-border-color))}.uitk-input-swapper-toggle:active{--egds-legacy-background-color:#c8dff9;--egds-legacy-border-color:#c8dff9;background-color:var(--egds-secondary-container,var(--egds-legacy-background-color));border-color:var(--egds-outline,var(--egds-legacy-border-color))}.uitk-input-swapper-horizlayout-true{grid-template:"start-input toggle end-input" min-content/minmax(0,1fr) 1rem minmax(0,1fr)}.uitk-input-swapper-horizlayout-true .uitk-input-swapper-toggle{align-self:baseline;justify-self:center;margin-block-start:.25rem}.uitk-input-swapper-horizlayout-true .uitk-input-swapper-toggle-icon{transform:rotate(90deg)}@media screen and (min-width:36rem){.uitk-input-swapper-horizlayout-auto{grid-template:"start-input toggle end-input" min-content/minmax(0,1fr) 1rem minmax(0,1fr)}.uitk-input-swapper-horizlayout-auto .uitk-input-swapper-toggle{align-self:baseline;justify-self:center;margin-block-start:.25rem}.uitk-input-swapper-horizlayout-auto .uitk-input-swapper-toggle-icon{transform:rotate(90deg)}}.uitk-interactive-rating{border:none;display:inline-grid;grid-template:"content" min-content "labels" 1.25rem "errors" min-content/1fr}.uitk-interactive-rating.disabled{opacity:.36}.uitk-interactive-rating-label-container{align-self:end;display:flex;flex-direction:row;grid-area:labels;justify-content:space-between}.uitk-interactive-rating-label-start{align-self:flex-start}.uitk-interactive-rating-content{grid-area:content}.uitk-interactive-rating-content:hover .star-filled:not(.uitk-interactive-rating-icon-disabled){--egds-legacy-color:#0d4eaf;color:var(--egds-secondary,var(--egds-legacy-color));display:block}.uitk-interactive-rating-content:hover .star-outline:not(.uitk-interactive-rating-icon-disabled),.uitk-interactive-rating-label:hover~.uitk-interactive-rating-label .star-filled:not(.uitk-interactive-rating-icon-disabled){display:none}.uitk-interactive-rating-label:hover~.uitk-interactive-rating-label .star-outline:not(.uitk-interactive-rating-icon-disabled){display:block}.uitk-interactive-rating-label{align-items:center;block-size:2.75rem;display:inline-flex;inline-size:2.75rem;justify-content:center}.uitk-interactive-rating-label .star-filled{display:none}.uitk-interactive-rating-label:has(.uitk-interactive-rating-radio-button:focus-visible){border-radius:.1rem;outline:.313rem auto Highlight;outline:.313rem auto -webkit-focus-ring-color}.uitk-interactive-rating-radio-button{block-size:2.75rem;inline-size:2.75rem;margin-inline:0;opacity:0;position:absolute}.uitk-interactive-rating-radio-button:checked{cursor:default}.uitk-interactive-rating-radio-button:active+.uitk-interactive-rating-icon{--egds-legacy-color:#0e3672;color:var(--egds-secondary,var(--egds-legacy-color))}.uitk-interactive-rating .uitk-interactive-rating-radio-button:disabled{opacity:0}.uitk-interactive-rating-icon{--egds-legacy-fill-color:#191e3b;block-size:2rem;color:var(--egds-on-surface,var(--egds-legacy-fill-color));inline-size:2rem;pointer-events:none}.uitk-interactive-rating-icon-selected:not(:hover){--egds-legacy-color:#1668e3;color:var(--egds-secondary,var(--egds-legacy-color))}.uitk-interactive-rating-range-label,.uitk-interactive-rating-value{--egds-legacy-color:#191e3b;color:var(--egds-on-surface,var(--egds-legacy-color));font-size:.75rem;font-weight:400;line-height:1rem}.uitk-interactive-rating-error{--egds-legacy-color:#a7183c;color:var(--egds-critical,var(--egds-legacy-color));font-size:.75rem;font-weight:400;grid-area:errors;line-height:1rem;margin-block-start:.25rem}.uitk-layout-columns-2{column-count:2}.uitk-layout-columns-3{column-count:3}.uitk-layout-columns-4{column-count:4}.uitk-layout-columns-5{column-count:5}.uitk-layout-columns-6{column-count:6}.uitk-layout-columns-8{column-count:8}.uitk-layout-columns-12{column-count:12}.uitk-layout-columns-minwidth-zero{column-width:0}.uitk-layout-columns-minwidth-half{column-width:2px}.uitk-layout-columns-minwidth-one{column-width:.25rem}.uitk-layout-columns-minwidth-one_and_half{column-width:.375rem}.uitk-layout-columns-minwidth-two{column-width:.5rem}.uitk-layout-columns-minwidth-three{column-width:.75rem}.uitk-layout-columns-minwidth-four{column-width:1rem}.uitk-layout-columns-minwidth-four_and_half{column-width:1.125rem}.uitk-layout-columns-minwidth-five{column-width:1.25rem}.uitk-layout-columns-minwidth-six{column-width:1.5rem}.uitk-layout-columns-minwidth-eight{column-width:2rem}.uitk-layout-columns-minwidth-nine{column-width:2.25rem}.uitk-layout-columns-minwidth-eleven{column-width:2.75rem}.uitk-layout-columns-minwidth-twelve{column-width:3rem}.uitk-layout-columns-minwidth-fifteen{column-width:3.75rem}.uitk-layout-columns-minwidth-sixteen{column-width:4rem}.uitk-layout-columns-minwidth-twenty_four{column-width:6rem}.uitk-layout-columns-minwidth-seventy_two{column-width:18rem}.uitk-layout-columns-minwidth-quarter_width{column-width:25%}.uitk-layout-columns-minwidth-half_width{column-width:50%}.uitk-layout-columns-minwidth-third_width{column-width:33.3%}.uitk-layout-columns-minwidth-full_width{column-width:100%}.uitk-layout-columns-gap-half{column-gap:1px}.uitk-layout-columns-gap-one{column-gap:.125rem}.uitk-layout-columns-gap-two{column-gap:.25rem}.uitk-layout-columns-gap-three{column-gap:.375rem}.uitk-layout-columns-gap-four{column-gap:.5rem}.uitk-layout-columns-gap-six{column-gap:.75rem}.uitk-layout-columns-gap-twelve{column-gap:1.5rem}.uitk-layout-columns-gap-xsmall{column-gap:calc(var(--egds-spacing-extra-small)/2)}.uitk-layout-columns-gap-small{column-gap:calc(var(--egds-spacing-small)/2)}.uitk-layout-columns-gap-medium{column-gap:calc(var(--egds-spacing-medium)/2)}.uitk-layout-columns-gap-large{column-gap:calc(var(--egds-spacing-large)/2)}.uitk-layout-columns-gap-xlarge{column-gap:calc(var(--egds-spacing-extra-large)/2)}.uitk-layout-columns-no-break{break-inside:avoid}.uitk-layout-columns-item-force-no-break{display:inline-block}.uitk-layout-columns-item-column-span-all{column-span:all}.uitk-layout-columns-item-break-after-avoid{break-after:avoid}.uitk-layout-columns-item-break-before-avoid{break-before:avoid}.uitk-layout-columns-item-break-inside-avoid{break-inside:avoid}.uitk-layout-flex{display:flex}.uitk-layout-flex-inline{display:inline-flex}.uitk-layout-flex-align-content-center{align-content:center}.uitk-layout-flex-align-content-flex-end{align-content:flex-end}.uitk-layout-flex-align-content-flex-start{align-content:flex-start}.uitk-layout-flex-align-content-space-around{align-content:space-around}.uitk-layout-flex-align-content-space-between{align-content:space-between}.uitk-layout-flex-align-items-center{align-items:center}.uitk-layout-flex-align-items-flex-end{align-items:flex-end}.uitk-layout-flex-align-items-flex-start{align-items:flex-start}.uitk-layout-flex-align-items-stretch{align-items:stretch}.uitk-layout-flex-flex-direction-row{flex-direction:row}.uitk-layout-flex-flex-direction-row-reverse{flex-direction:row-reverse}.uitk-layout-flex-flex-direction-column{flex-direction:column}.uitk-layout-flex-flex-direction-column-reverse{flex-direction:column-reverse}.uitk-layout-flex-flex-wrap-nowrap{flex-wrap:nowrap}.uitk-layout-flex-flex-wrap-wrap{flex-wrap:wrap}.uitk-layout-flex-flex-wrap-wrap-reverse{flex-wrap:wrap-reverse}.uitk-layout-flex-justify-content-center{justify-content:center}.uitk-layout-flex-justify-content-flex-end{justify-content:flex-end}.uitk-layout-flex-justify-content-flex-start{justify-content:flex-start}.uitk-layout-flex-justify-content-space-around{justify-content:space-around}.uitk-layout-flex-justify-content-space-between{justify-content:space-between}.uitk-layout-flex-block-size-full-size{block-size:100%}.uitk-layout-flex-gap-half{gap:2px}.uitk-layout-flex-gap-one{gap:.25rem}.uitk-layout-flex-gap-two{gap:.5rem}.uitk-layout-flex-gap-three{gap:.75rem}.uitk-layout-flex-gap-four{gap:1rem}.uitk-layout-flex-gap-six{gap:1.5rem}.uitk-layout-flex-gap-twelve{gap:3rem}.uitk-layout-flex-gap-xsmall{gap:var(--egds-spacing-extra-small)}.uitk-layout-flex-gap-small{gap:var(--egds-spacing-small)}.uitk-layout-flex-gap-medium{gap:var(--egds-spacing-medium)}.uitk-layout-flex-gap-large{gap:var(--egds-spacing-large)}.uitk-layout-flex-gap-xlarge{gap:var(--egds-spacing-extra-large)}.uitk-layout-flex-item-align-self-center{align-self:center}.uitk-layout-flex-item-align-self-flex-end{align-self:flex-end}.uitk-layout-flex-item-align-self-flex-start{align-self:flex-start}.uitk-layout-flex-item-align-self-stretch{align-self:stretch}.uitk-layout-flex-item-flex-grow-0{flex-grow:0}.uitk-layout-flex-item-flex-grow-1{flex-grow:1}.uitk-layout-flex-item-flex-grow-2{flex-grow:2}.uitk-layout-flex-item-flex-grow-3{flex-grow:3}.uitk-layout-flex-item-flex-grow-4{flex-grow:4}.uitk-layout-flex-item-flex-grow-5{flex-grow:5}.uitk-layout-flex-item-flex-grow-6{flex-grow:6}.uitk-layout-flex-item-flex-grow-7{flex-grow:7}.uitk-layout-flex-item-flex-grow-8{flex-grow:8}.uitk-layout-flex-item-flex-grow-9{flex-grow:9}.uitk-layout-flex-item-flex-grow-10{flex-grow:10}.uitk-layout-flex-item-flex-shrink-0{flex-shrink:0}.uitk-layout-flex-item-flex-shrink-1{flex-shrink:1}.uitk-layout-flex-item-flex-basis-zero{flex-basis:0px}.uitk-layout-flex-item-max-width-zero{max-inline-size:0}.uitk-layout-flex-item-flex-basis-fifteen{flex-basis:3.75rem}.uitk-layout-flex-item-max-width-fifteen{max-inline-size:3.75rem}.uitk-layout-flex-item-flex-basis-sixteen{flex-basis:4rem}.uitk-layout-flex-item-max-width-sixteen{max-inline-size:4rem}.uitk-layout-flex-item-flex-basis-twenty_four{flex-basis:6rem}.uitk-layout-flex-item-max-width-twenty_four{max-inline-size:6rem}.uitk-layout-flex-item-flex-basis-seventy_two{flex-basis:18rem}.uitk-layout-flex-item-max-width-seventy_two{max-inline-size:18rem}.uitk-layout-flex-item-flex-basis-seventy_six{flex-basis:19rem}.uitk-layout-flex-item-max-width-seventy_six{max-inline-size:19rem}.uitk-layout-flex-item-flex-basis-eighty_eight{flex-basis:22rem}.uitk-layout-flex-item-max-width-eighty_eight{max-inline-size:22rem}.uitk-layout-flex-item-flex-basis-ninety_six{flex-basis:24rem}.uitk-layout-flex-item-max-width-ninety_six{max-inline-size:24rem}.uitk-layout-flex-item-flex-basis-one_hundred_four{flex-basis:26rem}.uitk-layout-flex-item-max-width-one_hundred_four{max-inline-size:26rem}.uitk-layout-flex-item-flex-basis-one_hundred_twelve{flex-basis:28rem}.uitk-layout-flex-item-max-width-one_hundred_twelve{max-inline-size:28rem}.uitk-layout-flex-item-flex-basis-one_hundred_twenty{flex-basis:30rem}.uitk-layout-flex-item-max-width-one_hundred_twenty{max-inline-size:30rem}.uitk-layout-flex-item-flex-basis-full_width{flex-basis:100%}.uitk-layout-flex-item-max-width-full_width{max-inline-size:100%}.uitk-layout-flex-item-flex-basis-half_width{flex-basis:50%}.uitk-layout-flex-item-max-width-half_width{max-inline-size:50%}.uitk-layout-flex-item-flex-basis-third_width{flex-basis:33.33%}.uitk-layout-flex-item-max-width-third_width{max-inline-size:33.33%}.uitk-layout-flex-item-flex-basis-quarter_width{flex-basis:25%}.uitk-layout-flex-item-max-width-quarter_width{max-inline-size:25%}.uitk-layout-flex-item-flex-basis-0x{flex-basis:0px}.uitk-layout-flex-item-max-width-0x{max-inline-size:0}.uitk-layout-flex-item-flex-basis-0x__half{flex-basis:2px}.uitk-layout-flex-item-max-width-0x__half{max-inline-size:2px}.uitk-layout-flex-item-flex-basis-0x__quarter{flex-basis:1px}.uitk-layout-flex-item-max-width-0x__quarter{max-inline-size:1px}.uitk-layout-flex-item-flex-basis-1x{flex-basis:0.25rem}.uitk-layout-flex-item-max-width-1x{max-inline-size:.25rem}.uitk-layout-flex-item-flex-basis-1x__half{flex-basis:0.375rem}.uitk-layout-flex-item-max-width-1x__half{max-inline-size:.375rem}.uitk-layout-flex-item-flex-basis-2x{flex-basis:0.5rem}.uitk-layout-flex-item-max-width-2x{max-inline-size:.5rem}.uitk-layout-flex-item-flex-basis-3x{flex-basis:0.75rem}.uitk-layout-flex-item-max-width-3x{max-inline-size:.75rem}.uitk-layout-flex-item-flex-basis-3x__half{flex-basis:0.875rem}.uitk-layout-flex-item-max-width-3x__half{max-inline-size:.875rem}.uitk-layout-flex-item-flex-basis-4x{flex-basis:1rem}.uitk-layout-flex-item-max-width-4x{max-inline-size:1rem}.uitk-layout-flex-item-flex-basis-4x__half{flex-basis:1.125rem}.uitk-layout-flex-item-max-width-4x__half{max-inline-size:1.125rem}.uitk-layout-flex-item-flex-basis-5x{flex-basis:1.25rem}.uitk-layout-flex-item-max-width-5x{max-inline-size:1.25rem}.uitk-layout-flex-item-flex-basis-6x{flex-basis:1.5rem}.uitk-layout-flex-item-max-width-6x{max-inline-size:1.5rem}.uitk-layout-flex-item-flex-basis-7x{flex-basis:1.75rem}.uitk-layout-flex-item-max-width-7x{max-inline-size:1.75rem}.uitk-layout-flex-item-flex-basis-8x{flex-basis:2rem}.uitk-layout-flex-item-max-width-8x{max-inline-size:2rem}.uitk-layout-flex-item-flex-basis-9x{flex-basis:2.25rem}.uitk-layout-flex-item-max-width-9x{max-inline-size:2.25rem}.uitk-layout-flex-item-flex-basis-10x{flex-basis:2.5rem}.uitk-layout-flex-item-max-width-10x{max-inline-size:2.5rem}.uitk-layout-flex-item-flex-basis-11x{flex-basis:2.75rem}.uitk-layout-flex-item-max-width-11x{max-inline-size:2.75rem}.uitk-layout-flex-item-flex-basis-12x{flex-basis:3rem}.uitk-layout-flex-item-max-width-12x{max-inline-size:3rem}.uitk-layout-flex-item-flex-basis-13x{flex-basis:3.25rem}.uitk-layout-flex-item-max-width-13x{max-inline-size:3.25rem}.uitk-layout-flex-item-flex-basis-14x{flex-basis:3.5rem}.uitk-layout-flex-item-max-width-14x{max-inline-size:3.5rem}.uitk-layout-flex-item-flex-basis-15x{flex-basis:3.75rem}.uitk-layout-flex-item-max-width-15x{max-inline-size:3.75rem}.uitk-layout-flex-item-flex-basis-16x{flex-basis:4rem}.uitk-layout-flex-item-max-width-16x{max-inline-size:4rem}.uitk-layout-flex-item-flex-basis-17x{flex-basis:4.25rem}.uitk-layout-flex-item-max-width-17x{max-inline-size:4.25rem}.uitk-layout-flex-item-flex-basis-18x{flex-basis:4.5rem}.uitk-layout-flex-item-max-width-18x{max-inline-size:4.5rem}.uitk-layout-flex-item-flex-basis-24x{flex-basis:6rem}.uitk-layout-flex-item-max-width-24x{max-inline-size:6rem}.uitk-layout-flex-item-flex-basis-30x{flex-basis:7.5rem}.uitk-layout-flex-item-max-width-30x{max-inline-size:7.5rem}.uitk-layout-flex-item-flex-basis-37x{flex-basis:9.25rem}.uitk-layout-flex-item-max-width-37x{max-inline-size:9.25rem}.uitk-layout-flex-item-flex-basis-38x{flex-basis:9.5rem}.uitk-layout-flex-item-max-width-38x{max-inline-size:9.5rem}.uitk-layout-flex-item-flex-basis-40x{flex-basis:10rem}.uitk-layout-flex-item-max-width-40x{max-inline-size:10rem}.uitk-layout-flex-item-flex-basis-48x{flex-basis:12rem}.uitk-layout-flex-item-max-width-48x{max-inline-size:12rem}.uitk-layout-flex-item-flex-basis-70x{flex-basis:17.5rem}.uitk-layout-flex-item-max-width-70x{max-inline-size:17.5rem}.uitk-layout-flex-item-flex-basis-72x{flex-basis:18rem}.uitk-layout-flex-item-max-width-72x{max-inline-size:18rem}.uitk-layout-flex-item-flex-basis-76x{flex-basis:19rem}.uitk-layout-flex-item-max-width-76x{max-inline-size:19rem}.uitk-layout-flex-item-flex-basis-88x{flex-basis:22rem}.uitk-layout-flex-item-max-width-88x{max-inline-size:22rem}.uitk-layout-flex-item-flex-basis-96x{flex-basis:24rem}.uitk-layout-flex-item-max-width-96x{max-inline-size:24rem}.uitk-layout-flex-item-flex-basis-104x{flex-basis:26rem}.uitk-layout-flex-item-max-width-104x{max-inline-size:26rem}.uitk-layout-flex-item-flex-basis-112x{flex-basis:28rem}.uitk-layout-flex-item-max-width-112x{max-inline-size:28rem}.uitk-layout-flex-item-flex-basis-120x{flex-basis:30rem}.uitk-layout-flex-item-max-width-120x{max-inline-size:30rem}.uitk-layout-flex-item-flex-basis-180x{flex-basis:45rem}.uitk-layout-flex-item-max-width-180x{max-inline-size:45rem}.uitk-layout-flex-item-flex-basis-312x{flex-basis:78rem}.uitk-layout-flex-item-max-width-312x{max-inline-size:78rem}.uitk-layout-flex-item-flex-basis-500x{flex-basis:125rem}.uitk-layout-flex-item-max-width-500x{max-inline-size:125rem}:root{--egds-spacing-extra-small:0.25rem;--egds-spacing-small:0.5rem;--egds-spacing-medium:1rem;--egds-spacing-large:1.5rem;--egds-spacing-extra-large:2rem;--egds-spacing-section-medium:2rem;--egds-spacing-section-large:3rem;--egds-spacing-layout-horiz-medium:2rem;--egds-spacing-layout-vert-medium:2rem;--egds-spacing-layout-horiz-large:3rem;--egds-spacing-layout-vert-large:3rem;--egds-spacing-layout-min-page-margin-small:1.5rem;--egds-spacing-layout-min-page-margin-large:3rem}.uitk-layout-grid{--uitk-layoutgrid-egds-size__0x:0px;--uitk-layoutgrid-egds-size__0x__half:2px;--uitk-layoutgrid-egds-size__0x__quarter:1px;--uitk-layoutgrid-egds-size__1x:0.25rem;--uitk-layoutgrid-egds-size__1x__half:0.375rem;--uitk-layoutgrid-egds-size__2x:0.5rem;--uitk-layoutgrid-egds-size__3x:0.75rem;--uitk-layoutgrid-egds-size__3x__half:0.875rem;--uitk-layoutgrid-egds-size__4x:1rem;--uitk-layoutgrid-egds-size__4x__half:1.125rem;--uitk-layoutgrid-egds-size__5x:1.25rem;--uitk-layoutgrid-egds-size__6x:1.5rem;--uitk-layoutgrid-egds-size__7x:1.75rem;--uitk-layoutgrid-egds-size__8x:2rem;--uitk-layoutgrid-egds-size__9x:2.25rem;--uitk-layoutgrid-egds-size__10x:2.5rem;--uitk-layoutgrid-egds-size__11x:2.75rem;--uitk-layoutgrid-egds-size__12x:3rem;--uitk-layoutgrid-egds-size__13x:3.25rem;--uitk-layoutgrid-egds-size__14x:3.5rem;--uitk-layoutgrid-egds-size__15x:3.75rem;--uitk-layoutgrid-egds-size__16x:4rem;--uitk-layoutgrid-egds-size__17x:4.25rem;--uitk-layoutgrid-egds-size__18x:4.5rem;--uitk-layoutgrid-egds-size__24x:6rem;--uitk-layoutgrid-egds-size__30x:7.5rem;--uitk-layoutgrid-egds-size__37x:9.25rem;--uitk-layoutgrid-egds-size__38x:9.5rem;--uitk-layoutgrid-egds-size__40x:10rem;--uitk-layoutgrid-egds-size__48x:12rem;--uitk-layoutgrid-egds-size__70x:17.5rem;--uitk-layoutgrid-egds-size__72x:18rem;--uitk-layoutgrid-egds-size__76x:19rem;--uitk-layoutgrid-egds-size__88x:22rem;--uitk-layoutgrid-egds-size__96x:24rem;--uitk-layoutgrid-egds-size__104x:26rem;--uitk-layoutgrid-egds-size__112x:28rem;--uitk-layoutgrid-egds-size__120x:30rem;--uitk-layoutgrid-egds-size__180x:45rem;--uitk-layoutgrid-egds-size__312x:78rem;--uitk-layoutgrid-egds-size__500x:125rem}.uitk-layout-grid-has-space{--uitk-layoutgrid-space-half:2px;--uitk-layoutgrid-space-one:0.25rem;--uitk-layoutgrid-space-two:0.5rem;--uitk-layoutgrid-space-three:0.75rem;--uitk-layoutgrid-space-four:1rem;--uitk-layoutgrid-space-six:1.5rem;--uitk-layoutgrid-space-twelve:3rem;--uitk-layoutgrid-space-xsmall:var(--egds-spacing-extra-small);--uitk-layoutgrid-space-small:var(--egds-spacing-small);--uitk-layoutgrid-space-medium:var(--egds-spacing-medium);--uitk-layoutgrid-space-large:var(--egds-spacing-large);--uitk-layoutgrid-space-xlarge:var(--egds-spacing-extra-large)}.uitk-layout-grid-has-columns-using-auto-grid,.uitk-layout-grid-has-rows-using-auto-grid{--uitk-layoutgrid-egds-size__zero:0px;--uitk-layoutgrid-egds-size__fifteen:3.75rem;--uitk-layoutgrid-egds-size__sixteen:4rem;--uitk-layoutgrid-egds-size__twenty_four:6rem;--uitk-layoutgrid-egds-size__seventy_two:18rem;--uitk-layoutgrid-egds-size__seventy_six:19rem;--uitk-layoutgrid-egds-size__eighty_eight:22rem;--uitk-layoutgrid-egds-size__ninety_six:24rem;--uitk-layoutgrid-egds-size__one_hundred_four:26rem;--uitk-layoutgrid-egds-size__one_hundred_twelve:28rem;--uitk-layoutgrid-egds-size__one_hundred_twenty:30rem;--uitk-layoutgrid-egds-size__full_width:100%}.uitk-layout-grid-display-grid{display:grid}.uitk-layout-grid-display-inline-grid{display:inline-grid}.uitk-layout-grid-has-areas{grid-template-areas:var(--uitk-layoutgrid-areas,initial)}.uitk-layout-grid-has-auto-columns{grid-auto-columns:var(--uitk-layoutgrid-auto-columns)}.uitk-layout-grid-has-auto-rows{grid-auto-rows:var(--uitk-layoutgrid-auto-rows)}.uitk-layout-grid-has-columns,.uitk-layout-grid-has-columns-using-auto-grid{grid-template-columns:var(--uitk-layoutgrid-columns,initial)}.uitk-layout-grid-has-rows,.uitk-layout-grid-has-rows-using-auto-grid{grid-template-rows:var(--uitk-layoutgrid-rows,initial)}.uitk-layout-grid-has-space{grid-column-gap:var(--uitk-layoutgrid-column-gap,initial);grid-row-gap:var(--uitk-layoutgrid-row-gap,initial)}.uitk-layout-grid-block-size-full_size{block-size:100%}.uitk-layout-grid-block-size-explicit_size{block-size:var(--uitk-layoutgrid-block-size)}.uitk-layout-grid-min-block-size-viewport-size{min-block-size:100vh}.uitk-layout-grid-align-items-start{align-items:start}.uitk-layout-grid-justify-items-start{justify-items:start}.uitk-layout-grid-align-items-end{align-items:end}.uitk-layout-grid-justify-items-end{justify-items:end}.uitk-layout-grid-align-items-center{align-items:center}.uitk-layout-grid-justify-items-center{justify-items:center}.uitk-layout-grid-align-items-stretch{align-items:stretch}.uitk-layout-grid-justify-items-stretch{justify-items:stretch}.uitk-layout-grid-align-content-start{align-content:start}.uitk-layout-grid-justify-content-start{justify-content:start}.uitk-layout-grid-align-content-end{align-content:end}.uitk-layout-grid-justify-content-end{justify-content:end}.uitk-layout-grid-align-content-center{align-content:center}.uitk-layout-grid-justify-content-center{justify-content:center}.uitk-layout-grid-align-content-stretch{align-content:stretch}.uitk-layout-grid-justify-content-stretch{justify-content:stretch}.uitk-layout-grid-align-content-space-around{align-content:space-around}.uitk-layout-grid-justify-content-space-around{justify-content:space-around}.uitk-layout-grid-align-content-space-between{align-content:space-between}.uitk-layout-grid-justify-content-space-between{justify-content:space-between}.uitk-layout-grid-align-content-space-evenly{align-content:space-evenly}.uitk-layout-grid-justify-content-space-evenly{justify-content:space-evenly}.uitk-layout-grid-auto-flow-row{grid-auto-flow:row}.uitk-layout-grid-auto-flow-column{grid-auto-flow:column}.uitk-layout-grid-auto-flow-dense{grid-auto-flow:dense}.uitk-layout-grid-auto-flow-row-dense{grid-auto-flow:row dense}.uitk-layout-grid-auto-flow-column-dense{grid-auto-flow:column dense}.uitk-layout-grid-item-has-column-end{grid-column-end:var(--uitk-layoutgrid-column-end,initial)}.uitk-layout-grid-item-has-column-start{grid-column-start:var(--uitk-layoutgrid-column-start,initial)}.uitk-layout-grid-item-has-row-end{grid-row-end:var(--uitk-layoutgrid-row-end,initial)}.uitk-layout-grid-item-has-row-start{grid-row-start:var(--uitk-layoutgrid-row-start,initial)}.uitk-layout-grid-item-align-self-start{align-self:start}.uitk-layout-grid-item-justify-self-start{justify-self:start}.uitk-layout-grid-item-align-self-end{align-self:end}.uitk-layout-grid-item-justify-self-end{justify-self:end}.uitk-layout-grid-item-align-self-center{align-self:center}.uitk-layout-grid-item-justify-self-center{justify-self:center}.uitk-layout-grid-item-align-self-stretch{align-self:stretch}.uitk-layout-grid-item-justify-self-stretch{justify-self:stretch}@media screen and (min-width:36rem){.uitk-layout-grid-has-areas-by-medium{grid-template-areas:var(--uitk-layoutgrid-areas-medium)}.uitk-layout-grid-has-columns-by-medium{grid-template-columns:var(--uitk-layoutgrid-columns-medium)}.uitk-layout-grid-has-rows-by-medium{grid-template-rows:var(--uitk-layoutgrid-rows-medium)}.uitk-layout-grid-item-has-column-end-by-medium{grid-column-end:var(--uitk-layoutgrid-column-end-medium)}.uitk-layout-grid-item-has-column-start-by-medium{grid-column-start:var(--uitk-layoutgrid-column-start-medium)}.uitk-layout-grid-item-has-row-end-by-medium{grid-row-end:var(--uitk-layoutgrid-row-end-medium)}.uitk-layout-grid-item-has-row-start-by-medium{grid-row-start:var(--uitk-layoutgrid-row-start-medium)}}@media screen and (min-width:62rem){.uitk-layout-grid-has-areas-by-large{grid-template-areas:var(--uitk-layoutgrid-areas-large)}.uitk-layout-grid-has-columns-by-large{grid-template-columns:var(--uitk-layoutgrid-columns-large)}.uitk-layout-grid-has-rows-by-large{grid-template-rows:var(--uitk-layoutgrid-rows-large)}.uitk-layout-grid-item-has-column-end-by-large{grid-column-end:var(--uitk-layoutgrid-column-end-large)}.uitk-layout-grid-item-has-column-start-by-large{grid-column-start:var(--uitk-layoutgrid-column-start-large)}.uitk-layout-grid-item-has-row-end-by-large{grid-row-end:var(--uitk-layoutgrid-row-end-large)}.uitk-layout-grid-item-has-row-start-by-large{grid-row-start:var(--uitk-layoutgrid-row-start-large)}}@media screen and (min-width:75rem){.uitk-layout-grid-has-areas-by-extra_large{grid-template-areas:var(--uitk-layoutgrid-areas-extra_large)}.uitk-layout-grid-has-columns-by-extra_large{grid-template-columns:var(--uitk-layoutgrid-columns-extra_large)}.uitk-layout-grid-has-rows-by-extra_large{grid-template-rows:var(--uitk-layoutgrid-rows-extra_large)}.uitk-layout-grid-item-has-column-end-by-extra_large{grid-column-end:var(--uitk-layoutgrid-column-end-extra_large)}.uitk-layout-grid-item-has-column-start-by-extra_large{grid-column-start:var(--uitk-layoutgrid-column-start-extra_large)}.uitk-layout-grid-item-has-row-end-by-extra_large{grid-row-end:var(--uitk-layoutgrid-row-end-extra_large)}.uitk-layout-grid-item-has-row-start-by-extra_large{grid-row-start:var(--uitk-layoutgrid-row-start-extra_large)}}.uitk-layout-position-custom{inset-block-end:var(--uitk-custom-bottom-position,auto);inset-block-start:var(--uitk-custom-top-position,auto);inset-inline-end:var(--uitk-custom-right-position,auto);inset-inline-start:var(--uitk-custom-left-position,auto)}.uitk-layout-position-absolute{position:absolute}.uitk-layout-position-relative{position:relative}.uitk-layout-position-sticky{position:sticky}.uitk-layout-position-fixed{position:fixed}.uitk-layout-position-zindex-layer1{z-index:100}.uitk-layout-position-zindex-layer2{z-index:200}.uitk-layout-position-zindex-layer3{z-index:300}.uitk-layout-position-zindex-layer4{z-index:400}.uitk-layout-position-zindex-layer5{z-index:500}.uitk-layout-position-zindex-layer6{z-index:600}.uitk-layout-position-zindex-layer7{z-index:700}.uitk-layout-position-display-block{display:block}.uitk-layout-position-display-inline-block{display:inline-block}.uitk-layout-position-display-inline{display:inline}.uitk-layout-position-pointerevents-none{pointer-events:none}.uitk-layout-position-pointerevents-auto{pointer-events:auto}.uitk-layout-position-top-zero{top:0}.uitk-layout-position-top-half{top:2px}.uitk-layout-position-top-one{top:.25rem}.uitk-layout-position-top-two{top:.5rem}.uitk-layout-position-top-three{top:.75rem}.uitk-layout-position-top-four{top:1rem}.uitk-layout-position-top-six{top:1.5rem}.uitk-layout-position-top-twelve{top:3rem}.uitk-layout-position-top-minus-half{top:-2px}.uitk-layout-position-top-minus-one{top:-.25rem}.uitk-layout-position-top-minus-two{top:-.5rem}.uitk-layout-position-top-minus-three{top:-.75rem}.uitk-layout-position-top-minus-four{top:-1rem}.uitk-layout-position-top-minus-six{top:-1.5rem}.uitk-layout-position-top-minus-twelve{top:-3rem}.uitk-layout-position-top-center{top:50%;transform:translateY(-50%)}[dir=ltr] .uitk-layout-position-right-zero{right:0}[dir=rtl] .uitk-layout-position-right-zero{left:0}[dir=ltr] .uitk-layout-position-right-half{right:2px}[dir=rtl] .uitk-layout-position-right-half{left:2px}[dir=ltr] .uitk-layout-position-right-one{right:.25rem}[dir=rtl] .uitk-layout-position-right-one{left:.25rem}[dir=ltr] .uitk-layout-position-right-two{right:.5rem}[dir=rtl] .uitk-layout-position-right-two{left:.5rem}[dir=ltr] .uitk-layout-position-right-three{right:.75rem}[dir=rtl] .uitk-layout-position-right-three{left:.75rem}[dir=ltr] .uitk-layout-position-right-four{right:1rem}[dir=rtl] .uitk-layout-position-right-four{left:1rem}[dir=ltr] .uitk-layout-position-right-six{right:1.5rem}[dir=rtl] .uitk-layout-position-right-six{left:1.5rem}[dir=ltr] .uitk-layout-position-right-twelve{right:3rem}[dir=rtl] .uitk-layout-position-right-twelve{left:3rem}[dir=ltr] .uitk-layout-position-right-minus-half{right:-2px}[dir=rtl] .uitk-layout-position-right-minus-half{left:-2px}[dir=ltr] .uitk-layout-position-right-minus-one{right:-.25rem}[dir=rtl] .uitk-layout-position-right-minus-one{left:-.25rem}[dir=ltr] .uitk-layout-position-right-minus-two{right:-.5rem}[dir=rtl] .uitk-layout-position-right-minus-two{left:-.5rem}[dir=ltr] .uitk-layout-position-right-minus-three{right:-.75rem}[dir=rtl] .uitk-layout-position-right-minus-three{left:-.75rem}[dir=ltr] .uitk-layout-position-right-minus-four{right:-1rem}[dir=rtl] .uitk-layout-position-right-minus-four{left:-1rem}[dir=ltr] .uitk-layout-position-right-minus-six{right:-1.5rem}[dir=rtl] .uitk-layout-position-right-minus-six{left:-1.5rem}[dir=ltr] .uitk-layout-position-right-minus-twelve{right:-3rem}[dir=rtl] .uitk-layout-position-right-minus-twelve{left:-3rem}.uitk-layout-position-right-center{right:50%;transform:translateX(-50%)}.uitk-layout-position-bottom-zero{bottom:0}.uitk-layout-position-bottom-half{bottom:2px}.uitk-layout-position-bottom-one{bottom:.25rem}.uitk-layout-position-bottom-two{bottom:.5rem}.uitk-layout-position-bottom-three{bottom:.75rem}.uitk-layout-position-bottom-four{bottom:1rem}.uitk-layout-position-bottom-six{bottom:1.5rem}.uitk-layout-position-bottom-twelve{bottom:3rem}.uitk-layout-position-bottom-minus-half{bottom:-2px}.uitk-layout-position-bottom-minus-one{bottom:-.25rem}.uitk-layout-position-bottom-minus-two{bottom:-.5rem}.uitk-layout-position-bottom-minus-three{bottom:-.75rem}.uitk-layout-position-bottom-minus-four{bottom:-1rem}.uitk-layout-position-bottom-minus-six{bottom:-1.5rem}.uitk-layout-position-bottom-minus-twelve{bottom:-3rem}.uitk-layout-position-bottom-center{bottom:50%;transform:translateY(-50%)}[dir=ltr] .uitk-layout-position-left-zero{left:0}[dir=rtl] .uitk-layout-position-left-zero{right:0}[dir=ltr] .uitk-layout-position-left-half{left:2px}[dir=rtl] .uitk-layout-position-left-half{right:2px}[dir=ltr] .uitk-layout-position-left-one{left:.25rem}[dir=rtl] .uitk-layout-position-left-one{right:.25rem}[dir=ltr] .uitk-layout-position-left-two{left:.5rem}[dir=rtl] .uitk-layout-position-left-two{right:.5rem}[dir=ltr] .uitk-layout-position-left-three{left:.75rem}[dir=rtl] .uitk-layout-position-left-three{right:.75rem}[dir=ltr] .uitk-layout-position-left-four{left:1rem}[dir=rtl] .uitk-layout-position-left-four{right:1rem}[dir=ltr] .uitk-layout-position-left-six{left:1.5rem}[dir=rtl] .uitk-layout-position-left-six{right:1.5rem}[dir=ltr] .uitk-layout-position-left-twelve{left:3rem}[dir=rtl] .uitk-layout-position-left-twelve{right:3rem}[dir=ltr] .uitk-layout-position-left-minus-half{left:-2px}[dir=rtl] .uitk-layout-position-left-minus-half{right:-2px}[dir=ltr] .uitk-layout-position-left-minus-one{left:-.25rem}[dir=rtl] .uitk-layout-position-left-minus-one{right:-.25rem}[dir=ltr] .uitk-layout-position-left-minus-two{left:-.5rem}[dir=rtl] .uitk-layout-position-left-minus-two{right:-.5rem}[dir=ltr] .uitk-layout-position-left-minus-three{left:-.75rem}[dir=rtl] .uitk-layout-position-left-minus-three{right:-.75rem}[dir=ltr] .uitk-layout-position-left-minus-four{left:-1rem}[dir=rtl] .uitk-layout-position-left-minus-four{right:-1rem}[dir=ltr] .uitk-layout-position-left-minus-six{left:-1.5rem}[dir=rtl] .uitk-layout-position-left-minus-six{right:-1.5rem}[dir=ltr] .uitk-layout-position-left-minus-twelve{left:-3rem}[dir=rtl] .uitk-layout-position-left-minus-twelve{right:-3rem}.uitk-layout-position-left-center{left:50%;transform:translateX(-50%)}.uitk-layout-position-bottom-center.uitk-layout-position-left-center,.uitk-layout-position-bottom-center.uitk-layout-position-right-center,.uitk-layout-position-top-center.uitk-layout-position-left-center,.uitk-layout-position-top-center.uitk-layout-position-right-center{transform:translateX(-50%) translateY(-50%)}.uitk-link{--int__egds-link__theme:var(--egds-secondary);--int__egds-link__inverse__theme:var(--egds-inverse-on-surface);--egds-legacy-color:#1668e3;--egds-legacy-font-weight:500;background-color:transparent;color:var(--egds-link__theme,var(--int__egds-link__theme,var(--egds-legacy-color)));font-weight:var(--egds-link__font-weight,var(--egds-legacy-font-weight));position:var(--egds-link__position);text-decoration:none;z-index:var(--egds-link__z_index)}.uitk-link:hover{--egds-legacy-hover-color:#1668e3;color:var(--egds-link__theme,var(--int__egds-link__theme,var(--egds-legacy-hover-color)));text-decoration:underline}.uitk-link:active{--egds-legacy-active-color:#1668e3;color:var(--egds-link__theme,var(--int__egds-link__theme,var(--egds-legacy-active-color)));text-decoration:underline}.uitk-link-disabled,.uitk-link:disabled{opacity:.36}.uitk-link-disabled{pointer-events:none}.uitk-link-layout-default{inline-size:100%}.uitk-link-layout-default:not(summary){display:flex}.uitk-link-layout-inline{--egds-legacy-font-weight:400;display:inline;font-weight:var(--egds-link__font-weight,var(--egds-legacy-font-weight));text-decoration:underline}.uitk-link-no-wrap{white-space:nowrap}button.uitk-link-layout-inline{display:inline}.uitk-link-align-center{justify-content:center;text-align:center}.uitk-link-align-left{justify-content:flex-start;text-align:start}.uitk-link-align-right{justify-content:flex-end;text-align:end}[dir=rtl] .uitk-link-align-right{text-align:start}.uitk-link-theme-inverse{--egds-legacy-inverse-color:#fff;text-decoration:underline}.uitk-link-theme-inverse,.uitk-link-theme-inverse:visited{color:var(--egds-link__theme,var(--int__egds-link__inverse__theme,var(--egds-legacy-inverse-color)))}.uitk-link-theme-inverse:visited{text-decoration:none}.uitk-link-theme-inverse:active,.uitk-link-theme-inverse:hover{color:var(--egds-link__theme,var(--int__egds-link__inverse__theme,var(--egds-legacy-inverse-color)));text-decoration:underline}.uitk-link-inverse-icon{--egds-legacy-inverse-fill-color:#fff;color:var(--egds-link__theme,var(--int__egds-link__inverse__theme,var(--egds-legacy-inverse-fill-color)))}.uitk-link-small{--egds-legacy-font-size:0.75rem;--egds-legacy-line-height:1rem;font-size:var(--egds-link__font-size,var(--egds-legacy-font-size));gap:.25rem;line-height:var(--egds-link__line-height,var(--egds-legacy-line-height))}.uitk-link-icon-small{block-size:1rem;inline-size:1rem;margin-block-start:0;min-inline-size:1rem}.uitk-link-medium{--egds-legacy-font-size:0.875rem;--egds-legacy-line-height:1.125rem;font-size:var(--egds-link__font-size,var(--egds-legacy-font-size));gap:.5rem;line-height:var(--egds-link__line-height,var(--egds-legacy-line-height))}.uitk-link-icon-medium{block-size:1rem;inline-size:1rem;margin-block-start:.0625rem;min-inline-size:1rem}.uitk-link-large{--egds-legacy-font-size:1rem;--egds-legacy-line-height:1.25rem;font-size:var(--egds-link__font-size,var(--egds-legacy-font-size));gap:.5rem;line-height:var(--egds-link__line-height,var(--egds-legacy-line-height))}.uitk-link-icon-large{block-size:1rem;inline-size:1rem;margin-block-start:.125rem;min-inline-size:1rem}.uitk-typelist{--egds-legacy-color:#191e3b;color:var(--egds-on-surface,var(--egds-legacy-color));counter-reset:olcounter;list-style:none}.uitk-typelist-orientation-inline{display:flex;flex-wrap:wrap;gap:.5rem 1.5rem}.uitk-typelist-orientation-stacked{display:grid;gap:.5rem}.uitk-typelist-size-1{font-size:1rem;font-weight:400;line-height:1.25rem}.uitk-typelist-size-2{font-size:.875rem;font-weight:400;line-height:1.125rem}.uitk-typelist-size-3{font-size:.75rem;font-weight:400;line-height:1rem}.uitk-typelist-spacing{margin-block-start:.5rem}.uitk-typelist-item{color:var(--int__egds-text__color,var(--egds-legacy-color))}.uitk-typelist-item-indent:not(.uitk-typelist-item-bullet-none){display:grid}.uitk-typelist-item-indent:not(.uitk-typelist-item-bullet-none)>.uitk-typelist{grid-column:2}.uitk-typelist-item-bullet{color:var(--int__egds-text__color,var(--egds-legacy-color));fill:var(--int__egds-fill__color,var(--egds-legacy-fill-color))}li .uitk-typelist-item-bulletchar-bullet-tiered-numbered:before{content:counters(olcounter,".") ". "}span li .uitk-typelist-item-bulletchar-bullet-tiered-numbered:before{content:counters(olcounter,".") " "}.uitk-typelist-item-bulletchar-bullet-tiered-numbered{counter-increment:olcounter}.uitk-typelist-item-bullet-none.uitk-typelist-item-indent.uitk-typelist-item-size-1>.uitk-typelist{text-indent:1.75rem}.uitk-typelist-item-bullet-none.uitk-typelist-item-indent.uitk-typelist-item-size-2>.uitk-typelist,.uitk-typelist-item-bullet-none.uitk-typelist-item-indent.uitk-typelist-item-size-3>.uitk-typelist{text-indent:1.5rem}.uitk-typelist-item-bullet-icon-default-theme,.uitk-typelist-item-bullet-icon-emphasis-theme{--egds-legacy-color:#191e3b;--int__egds-text__color:var(--egds-on-surface)}.uitk-typelist-item-bullet-icon-muted-theme{--int__egds-text__color:var(--egds-on-surface-variant)}.uitk-typelist-item-bullet-icon-positive-theme{--egds-legacy-color:#227950;--int__egds-text__color:var(--egds-positive)}.uitk-typelist-item-bullet-icon-negative-theme{--egds-legacy-color:#a7183c;--int__egds-text__color:var(--egds-critical)}.uitk-typelist-item-bulletchar-bullet-ordered:before{content:counter(olcounter) ".";counter-increment:olcounter}.uitk-typelist-item-bulletchar-bullet-unordered:before{content:"•"}.uitk-typelist-item-icon{align-items:center;display:flex}.uitk-typelist-item-size-1.uitk-typelist-item-no-indent:not(.uitk-typelist-item-bullet-none)>span:first-of-type:not(.uitk-typelist-item-bulletchar-bullet-tiered-numbered){inline-size:2rem}.uitk-typelist-item-size-1.uitk-typelist-item-bullet-icon-alternate{grid-template-columns:2rem 1fr;min-block-size:1.5rem}.uitk-typelist-item-size-1.uitk-typelist-item-bullet-icon-alternate>.uitk-typelist-item-icon{block-size:1.25rem;--egds-icons__size__block:1.5rem;--egds-icons__size__inline:1.5rem}.uitk-typelist-item-size-1.uitk-typelist-item-no-indent:not(.uitk-typelist-item-bullet-none)>span:first-of-type:not(.uitk-typelist-item-bulletchar-bullet-tiered-numbered){display:inline-block;inline-size:1.625rem}.uitk-typelist-item-size-1.uitk-typelist-item-bullet-tiered-numbered{grid-template-columns:auto 1fr}.uitk-typelist-item-size-1.uitk-typelist-item-bullet-icon-standard{grid-template-columns:1.625rem 1fr;min-block-size:1.125rem}.uitk-typelist-item-size-1.uitk-typelist-item-bullet-icon-standard>.uitk-typelist-item-icon{block-size:1.25rem;--egds-icons__size__block:1.125rem;--egds-icons__size__inline:1.125rem}.uitk-typelist-item-size-1.uitk-typelist-item-bullet-ordered,.uitk-typelist-item-size-1.uitk-typelist-item-bullet-unordered{grid-template-columns:1.75rem 1fr}.uitk-typelist-item-bulletchar.uitk-typelist-item-bulletchar-bullet-tiered-numbered:before{padding-inline-end:.5rem}.uitk-typelist-item-size-2.uitk-typelist-item-no-indent:not(.uitk-typelist-item-bullet-none)>span:first-of-type:not(.uitk-typelist-item-bulletchar-bullet-tiered-numbered){inline-size:2rem}.uitk-typelist-item-size-2.uitk-typelist-item-bullet-icon-alternate{grid-template-columns:2rem 1fr;min-block-size:1.5rem}.uitk-typelist-item-size-2.uitk-typelist-item-bullet-icon-alternate>.uitk-typelist-item-icon{block-size:1.125rem;--egds-icons__size__block:1.5rem;--egds-icons__size__inline:1.5rem}.uitk-typelist-item-size-2.uitk-typelist-item-no-indent:not(.uitk-typelist-item-bullet-none)>span:first-of-type:not(.uitk-typelist-item-bulletchar-bullet-tiered-numbered){display:inline-block;inline-size:1.625rem}.uitk-typelist-item-size-2.uitk-typelist-item-bullet-tiered-numbered{grid-template-columns:auto 1fr}.uitk-typelist-item-size-2.uitk-typelist-item-bullet-icon-standard{grid-template-columns:1.625rem 1fr;min-block-size:1.125rem}.uitk-typelist-item-size-2.uitk-typelist-item-bullet-icon-standard>.uitk-typelist-item-icon{block-size:1.125rem;--egds-icons__size__block:1.125rem;--egds-icons__size__inline:1.125rem}.uitk-typelist-item-size-2.uitk-typelist-item-bullet-ordered,.uitk-typelist-item-size-2.uitk-typelist-item-bullet-unordered{grid-template-columns:1.5rem 1fr}.uitk-typelist-item-bulletchar.uitk-typelist-item-bulletchar-bullet-tiered-numbered:before{display:inline-block;padding-inline-end:.25rem}.uitk-typelist-item-size-3.uitk-typelist-item-no-indent:not(.uitk-typelist-item-bullet-none)>span:first-of-type:not(.uitk-typelist-item-bulletchar-bullet-tiered-numbered){inline-size:1.375rem}.uitk-typelist-item-size-3.uitk-typelist-item-bullet-icon-alternate{grid-template-columns:1.375rem 1fr;min-block-size:1.125rem}.uitk-typelist-item-size-3.uitk-typelist-item-bullet-icon-alternate>.uitk-typelist-item-icon{block-size:1rem;--egds-icons__size__block:1.125rem;--egds-icons__size__inline:1.125rem}.uitk-typelist-item-size-3.uitk-typelist-item-no-indent:not(.uitk-typelist-item-bullet-none)>span:first-of-type:not(.uitk-typelist-item-bulletchar-bullet-tiered-numbered){display:inline-block;inline-size:1.25rem}.uitk-typelist-item-size-3.uitk-typelist-item-bullet-tiered-numbered{grid-template-columns:auto 1fr}.uitk-typelist-item-size-3.uitk-typelist-item-bullet-icon-standard{grid-template-columns:1.25rem 1fr;min-block-size:1rem}.uitk-typelist-item-size-3.uitk-typelist-item-bullet-icon-standard>.uitk-typelist-item-icon{block-size:1rem;--egds-icons__size__block:1rem;--egds-icons__size__inline:1rem}.uitk-typelist-item-size-3.uitk-typelist-item-bullet-ordered,.uitk-typelist-item-size-3.uitk-typelist-item-bullet-unordered{grid-template-columns:1.5rem 1fr}.uitk-typelist-item-default-theme,.uitk-typelist-item-emphasis-theme{--egds-legacy-color:#191e3b;--int__egds-text__color:var(--egds-on-surface)}.uitk-typelist-item-muted-theme{--int__egds-text__color:var(--egds-on-surface-variant)}.uitk-typelist-item-positive-theme{--egds-legacy-color:#227950;--int__egds-text__color:var(--egds-positive)}.uitk-typelist-item-negative-theme{--egds-legacy-color:#a7183c;--int__egds-text__color:var(--egds-negative)}@keyframes inner-circle{0%{transform:rotate(0deg)}to{transform:rotate(1turn)}}@keyframes fade-in{0%{opacity:0}to{opacity:1}}.uitk-loader{border-radius:50%;display:inline-block}.uitk-loader:before{--egds-legacy-border-color:#1668e3;animation:inner-circle .8s linear infinite;aspect-ratio:1/1;border-block-end-color:var(--egds-primary,var(--loading_spinner__border_color));border-block-start-color:rgba(22,104,227,.28);border-inline-color:rgba(22,104,227,.28);border-radius:50%;border-style:solid;border-width:.375rem;content:"";display:block;inline-size:2.25rem}@media (prefers-reduced-motion:reduce){.uitk-loader:before{animation-duration:1.6s}}[dir=rtl] .uitk-loader:before{animation-direction:reverse}.uitk-loader-small:before{border-width:.25rem;inline-size:1.5rem}.uitk-loader-dark:before{--egds-legacy-border-color:#fff;border-block-end-color:#fff;border-block-start-color:hsla(0,0%,100%,.28);border-inline-color:hsla(0,0%,100%,.28)}.uitk-loader-animate{animation:fade-in .3s cubic-bezier(.5,0,.5,1)}.uitk-loader-page{--egds-legacy-background-color:#fff;aspect-ratio:1/1;background-color:var(--egds-surface-high-elevation,var(--egds-legacy-background-color));box-shadow:0 .375rem 2.25rem rgba(12,14,28,.12);inline-size:3rem;inset-block-end:0;inset-inline-start:50%;opacity:0;padding:.375rem;position:fixed;transform:translate(-50%,100%);transition:transform .06s cubic-bezier(.4,0,1,1),opacity 0s .12s;z-index:1000}.uitk-loader-page.is-visible{opacity:1;transform:translate(-50%,-2.5rem);transition:transform .12s cubic-bezier(0,0,.2,1)}.uitk-loader-container{display:grid;grid-template-areas:"content"}.uitk-loader-wrapper{grid-area:content;margin-block-start:5.5rem;place-self:start center;z-index:1}.uitk-loader-content{grid-area:content;opacity:0;place-self:stretch}.uitk-loader-content.is-visible{margin-block-start:0;opacity:1}.uitk-eg-maps{--uitk-map__route__border_color:#191e3b;--uitk-map__route__border_width:0.25rem;--uitk-map__obfuscate_fill_color:hsla(225,8%,81%,.56);--uitk-map__obfuscate_line_color:#191e3b;background-position-x:1px;display:flex;flex-flow:column;overflow:hidden}.uitk-eg-maps .uitk-eg-maps-page-loader{inset-block-start:100%;position:absolute;transform:translate(-50%);transition:.2s cubic-bezier(0,0,.2,1)}.uitk-eg-maps .uitk-eg-maps-page-loader[aria-hidden=false]{inset-block-start:50%;transform:translate(-50%,-50%)}.uitk-eg-maps-container{flex-grow:1;inline-size:100%;inset-inline-start:0;overflow:hidden;position:relative}.uitk-eg-maps{--label-shadow-offset:2px;--label-shadow-offset-1:0.7654px;--label-shadow-offset-2:1.4142px;--label-shadow-offset-3:1.8478px;--label-shadow-negative-offset:-2px;--label-shadow-negative-offset-1:-0.7654px;--label-shadow-negative-offset-2:-1.4142px;--label-shadow-negative-offset-3:-1.8478px;--label-shadow-offset-zero:0px}.uitk-eg-maps .pin-marker,.uitk-eg-maps .pin-obfuscate-marker{margin-bottom:unset}.uitk-eg-maps .pin-marker.place .frame,.uitk-eg-maps .pin-obfuscate-marker.place .frame{border-radius:2500rem;height:1.5rem;min-width:1.5rem}.uitk-eg-maps .pin-marker.place .frame .uitk-eg-maps-primary-icon,.uitk-eg-maps .pin-obfuscate-marker.place .frame .uitk-eg-maps-primary-icon{height:1rem;inline-size:1rem;min-width:1rem}.uitk-eg-maps .pin-marker.place.unknown .uitk-eg-maps-primary-icon,.uitk-eg-maps .pin-obfuscate-marker.place.unknown .uitk-eg-maps-primary-icon{color:#fff}.uitk-eg-maps .pin-marker.place.unknown.frame-pin .frame,.uitk-eg-maps .pin-obfuscate-marker.place.unknown.frame-pin .frame{align-items:center;background:#676a7d;border:1px solid #fff;filter:drop-shadow(0 2px .25rem rgba(16,16,16,.2));justify-content:center;margin-bottom:unset;padding-inline-end:.25rem;padding-inline-start:.25rem}.uitk-eg-maps .pin-marker.place.unknown.frame-pin .frame:before,.uitk-eg-maps .pin-obfuscate-marker.place.unknown.frame-pin .frame:before{border-color:#fff transparent transparent;border-style:solid;border-width:.375rem calc(.1875rem + 1px) 1px;content:"";position:absolute;top:100%;transform:translateX(-50%) translateY(0)}.uitk-eg-maps .pin-marker.place.unknown.frame-pin .frame:after,.uitk-eg-maps .pin-obfuscate-marker.place.unknown.frame-pin .frame:after{border-color:#676a7d transparent transparent;border-style:solid;border-width:.375rem .1875rem 0;content:"";position:absolute;top:100%;transform:translateX(-50%) translateY(-1px)}.uitk-eg-maps .pin-marker.place.unknown.frame-circle .frame,.uitk-eg-maps .pin-obfuscate-marker.place.unknown.frame-circle .frame{background:#676a7d;border:1px solid #fff;filter:drop-shadow(0 2px .25rem rgba(16,16,16,.2))}.uitk-eg-maps .pin-marker.place.unknown:hover .uitk-eg-maps-primary-icon,.uitk-eg-maps .pin-obfuscate-marker.place.unknown:hover .uitk-eg-maps-primary-icon{color:#fff}.uitk-eg-maps .pin-marker.place.unknown:hover.frame-pin .frame,.uitk-eg-maps .pin-obfuscate-marker.place.unknown:hover.frame-pin .frame{align-items:center;background:#4d5167;border:1px solid #fff;filter:drop-shadow(0 2px .25rem rgba(16,16,16,.2));justify-content:center;margin-bottom:unset;padding-inline-end:.25rem;padding-inline-start:.25rem}.uitk-eg-maps .pin-marker.place.unknown:hover.frame-pin .frame:before,.uitk-eg-maps .pin-obfuscate-marker.place.unknown:hover.frame-pin .frame:before{border-color:#fff transparent transparent;border-style:solid;border-width:.375rem calc(.1875rem + 1px) 1px;content:"";position:absolute;top:100%;transform:translateX(-50%) translateY(0)}.uitk-eg-maps .pin-marker.place.unknown:hover.frame-pin .frame:after,.uitk-eg-maps .pin-obfuscate-marker.place.unknown:hover.frame-pin .frame:after{border-color:#4d5167 transparent transparent;border-style:solid;border-width:.375rem .1875rem 0;content:"";position:absolute;top:100%;transform:translateX(-50%) translateY(-1px)}.uitk-eg-maps .pin-marker.place.unknown:hover.frame-circle .frame,.uitk-eg-maps .pin-obfuscate-marker.place.unknown:hover.frame-circle .frame{background:#4d5167;border:1px solid #fff;filter:drop-shadow(0 2px .25rem rgba(16,16,16,.2))}.uitk-eg-maps .pin-marker.place.unknown.hl .uitk-eg-maps-primary-icon,.uitk-eg-maps .pin-obfuscate-marker.place.unknown.hl .uitk-eg-maps-primary-icon{color:#fff}.uitk-eg-maps .pin-marker.place.unknown.hl.frame-pin .frame,.uitk-eg-maps .pin-obfuscate-marker.place.unknown.hl.frame-pin .frame{align-items:center;background:#191e3b;border:1px solid #191e3b;filter:drop-shadow(0 2px .25rem rgba(16,16,16,.2));justify-content:center;margin-bottom:unset;padding-inline-end:.25rem;padding-inline-start:.25rem}.uitk-eg-maps .pin-marker.place.unknown.hl.frame-pin .frame:before,.uitk-eg-maps .pin-obfuscate-marker.place.unknown.hl.frame-pin .frame:before{border-color:#191e3b transparent transparent;border-style:solid;border-width:.375rem calc(.1875rem + 1px) 1px;content:"";position:absolute;top:100%;transform:translateX(-50%) translateY(0)}.uitk-eg-maps .pin-marker.place.unknown.hl.frame-pin .frame:after,.uitk-eg-maps .pin-obfuscate-marker.place.unknown.hl.frame-pin .frame:after{border-color:#191e3b transparent transparent;border-style:solid;border-width:.375rem .1875rem 0;content:"";position:absolute;top:100%;transform:translateX(-50%) translateY(-1px)}.uitk-eg-maps .pin-marker.place.unknown.hl.frame-circle .frame,.uitk-eg-maps .pin-obfuscate-marker.place.unknown.hl.frame-circle .frame{background:#191e3b;border:1px solid #191e3b;filter:drop-shadow(0 2px .25rem rgba(16,16,16,.2))}.uitk-eg-maps .pin-marker.place.unknown.hl:hover .uitk-eg-maps-primary-icon,.uitk-eg-maps .pin-obfuscate-marker.place.unknown.hl:hover .uitk-eg-maps-primary-icon{color:#fff}.uitk-eg-maps .pin-marker.place.unknown.hl:hover.frame-pin .frame,.uitk-eg-maps .pin-obfuscate-marker.place.unknown.hl:hover.frame-pin .frame{align-items:center;background:#4d5167;border:1px solid #191e3b;filter:drop-shadow(0 2px .25rem rgba(16,16,16,.2));justify-content:center;margin-bottom:unset;padding-inline-end:.25rem;padding-inline-start:.25rem}.uitk-eg-maps .pin-marker.place.unknown.hl:hover.frame-pin .frame:before,.uitk-eg-maps .pin-obfuscate-marker.place.unknown.hl:hover.frame-pin .frame:before{border-color:#191e3b transparent transparent;border-style:solid;border-width:.375rem calc(.1875rem + 1px) 1px;content:"";position:absolute;top:100%;transform:translateX(-50%) translateY(0)}.uitk-eg-maps .pin-marker.place.unknown.hl:hover.frame-pin .frame:after,.uitk-eg-maps .pin-obfuscate-marker.place.unknown.hl:hover.frame-pin .frame:after{border-color:#4d5167 transparent transparent;border-style:solid;border-width:.375rem .1875rem 0;content:"";position:absolute;top:100%;transform:translateX(-50%) translateY(-1px)}.uitk-eg-maps .pin-marker.place.unknown.hl:hover.frame-circle .frame,.uitk-eg-maps .pin-obfuscate-marker.place.unknown.hl:hover.frame-circle .frame{background:#4d5167;border:1px solid #191e3b;filter:drop-shadow(0 2px .25rem rgba(16,16,16,.2))}.uitk-eg-maps .pin-marker.place.unknown.focal .frame,.uitk-eg-maps .pin-obfuscate-marker.place.unknown.focal .frame{border-radius:2500rem;height:2.25rem;min-width:2.25rem}.uitk-eg-maps .pin-marker.place.unknown.focal .frame .uitk-eg-maps-primary-icon,.uitk-eg-maps .pin-obfuscate-marker.place.unknown.focal .frame .uitk-eg-maps-primary-icon{height:1.5rem;inline-size:1.5rem;min-width:1.5rem}.uitk-eg-maps .pin-marker.place.unknown.focal.not-hl .uitk-eg-maps-primary-icon,.uitk-eg-maps .pin-obfuscate-marker.place.unknown.focal.not-hl .uitk-eg-maps-primary-icon{color:#191e3b}.uitk-eg-maps .pin-marker.place.unknown.focal.not-hl.frame-pin .frame,.uitk-eg-maps .pin-obfuscate-marker.place.unknown.focal.not-hl.frame-pin .frame{align-items:center;background:#fff;border:1px solid #191e3b;filter:drop-shadow(0 2px .25rem rgba(16,16,16,.2));justify-content:center;margin-bottom:unset;padding-inline-end:.25rem;padding-inline-start:.25rem}.uitk-eg-maps .pin-marker.place.unknown.focal.not-hl.frame-pin .frame:before,.uitk-eg-maps .pin-obfuscate-marker.place.unknown.focal.not-hl.frame-pin .frame:before{border-color:#191e3b transparent transparent;border-style:solid;border-width:.375rem calc(.1875rem + 1px) 1px;content:"";position:absolute;top:100%;transform:translateX(-50%) translateY(0)}.uitk-eg-maps .pin-marker.place.unknown.focal.not-hl.frame-pin .frame:after,.uitk-eg-maps .pin-obfuscate-marker.place.unknown.focal.not-hl.frame-pin .frame:after{border-color:#fff transparent transparent;border-style:solid;border-width:.375rem .1875rem 0;content:"";position:absolute;top:100%;transform:translateX(-50%) translateY(-1px)}.uitk-eg-maps .pin-marker.place.unknown.focal.not-hl.frame-circle .frame,.uitk-eg-maps .pin-obfuscate-marker.place.unknown.focal.not-hl.frame-circle .frame{background:#fff;border:1px solid #191e3b;filter:drop-shadow(0 2px .25rem rgba(16,16,16,.2))}.uitk-eg-maps .pin-marker.place.unknown.traveler .uitk-eg-maps-primary-icon,.uitk-eg-maps .pin-marker.place.unknown.traveler.hl .uitk-eg-maps-primary-icon,.uitk-eg-maps .pin-obfuscate-marker.place.unknown.traveler .uitk-eg-maps-primary-icon,.uitk-eg-maps .pin-obfuscate-marker.place.unknown.traveler.hl .uitk-eg-maps-primary-icon{display:none}.uitk-eg-maps .pin-marker.place.unknown.traveler.frame-pin .frame,.uitk-eg-maps .pin-marker.place.unknown.traveler.hl.frame-pin .frame,.uitk-eg-maps .pin-obfuscate-marker.place.unknown.traveler.frame-pin .frame,.uitk-eg-maps .pin-obfuscate-marker.place.unknown.traveler.hl.frame-pin .frame{align-items:center;background:--map__pin__place__default__icon__fill_color;background:#3d84f0;border:none;box-shadow:inset 0 0 0 3px #fff,0 0 0 1px #caccd2;cursor:inherit;filter:drop-shadow(0 2px .25rem rgba(16,16,16,.2));justify-content:center;padding-inline-end:.25rem;padding-inline-start:.25rem}.uitk-eg-maps .pin-marker.place.unknown.traveler.frame-pin .frame:after,.uitk-eg-maps .pin-marker.place.unknown.traveler.frame-pin .frame:before,.uitk-eg-maps .pin-marker.place.unknown.traveler.hl.frame-pin .frame:after,.uitk-eg-maps .pin-marker.place.unknown.traveler.hl.frame-pin .frame:before,.uitk-eg-maps .pin-obfuscate-marker.place.unknown.traveler.frame-pin .frame:after,.uitk-eg-maps .pin-obfuscate-marker.place.unknown.traveler.frame-pin .frame:before,.uitk-eg-maps .pin-obfuscate-marker.place.unknown.traveler.hl.frame-pin .frame:after,.uitk-eg-maps .pin-obfuscate-marker.place.unknown.traveler.hl.frame-pin .frame:before{display:none}.uitk-eg-maps .pin-marker.place.flightPath .frame,.uitk-eg-maps .pin-obfuscate-marker.place.flightPath .frame{transform:translateY(-.313rem)}.uitk-eg-maps .pin-marker.place.flightPath:after,.uitk-eg-maps .pin-obfuscate-marker.place.flightPath:after{background-color:#000;border-radius:50em;content:"";display:block;height:.313rem;left:50%;position:absolute;top:100%;transform:translateX(-50%);width:.313rem}.uitk-eg-maps .pin-marker.product .frame,.uitk-eg-maps .pin-marker.property .frame,.uitk-eg-maps .pin-obfuscate-marker.product .frame,.uitk-eg-maps .pin-obfuscate-marker.property .frame{border-radius:2500rem;height:1.75rem;min-width:1.75rem}.uitk-eg-maps .pin-marker.product .frame .uitk-eg-maps-primary-icon,.uitk-eg-maps .pin-marker.property .frame .uitk-eg-maps-primary-icon,.uitk-eg-maps .pin-obfuscate-marker.product .frame .uitk-eg-maps-primary-icon,.uitk-eg-maps .pin-obfuscate-marker.property .frame .uitk-eg-maps-primary-icon{height:1.125rem;inline-size:1.125rem;min-width:1.125rem}.uitk-eg-maps .pin-marker.product.available.not-hl .uitk-eg-maps-primary-icon,.uitk-eg-maps .pin-marker.product.filtered.not-hl .uitk-eg-maps-primary-icon,.uitk-eg-maps .pin-marker.product.unknown.not-hl .uitk-eg-maps-primary-icon,.uitk-eg-maps .pin-marker.property.available.not-hl .uitk-eg-maps-primary-icon,.uitk-eg-maps .pin-marker.property.filtered.not-hl .uitk-eg-maps-primary-icon,.uitk-eg-maps .pin-marker.property.unknown.not-hl .uitk-eg-maps-primary-icon,.uitk-eg-maps .pin-obfuscate-marker.product.available.not-hl .uitk-eg-maps-primary-icon,.uitk-eg-maps .pin-obfuscate-marker.product.filtered.not-hl .uitk-eg-maps-primary-icon,.uitk-eg-maps .pin-obfuscate-marker.product.unknown.not-hl .uitk-eg-maps-primary-icon,.uitk-eg-maps .pin-obfuscate-marker.property.available.not-hl .uitk-eg-maps-primary-icon,.uitk-eg-maps .pin-obfuscate-marker.property.filtered.not-hl .uitk-eg-maps-primary-icon,.uitk-eg-maps .pin-obfuscate-marker.property.unknown.not-hl .uitk-eg-maps-primary-icon{color:#191e3b}.uitk-eg-maps .pin-marker.product.available.not-hl.frame-pin .frame,.uitk-eg-maps .pin-marker.product.filtered.not-hl.frame-pin .frame,.uitk-eg-maps .pin-marker.product.unknown.not-hl.frame-pin .frame,.uitk-eg-maps .pin-marker.property.available.not-hl.frame-pin .frame,.uitk-eg-maps .pin-marker.property.filtered.not-hl.frame-pin .frame,.uitk-eg-maps .pin-marker.property.unknown.not-hl.frame-pin .frame,.uitk-eg-maps .pin-obfuscate-marker.product.available.not-hl.frame-pin .frame,.uitk-eg-maps .pin-obfuscate-marker.product.filtered.not-hl.frame-pin .frame,.uitk-eg-maps .pin-obfuscate-marker.product.unknown.not-hl.frame-pin .frame,.uitk-eg-maps .pin-obfuscate-marker.property.available.not-hl.frame-pin .frame,.uitk-eg-maps .pin-obfuscate-marker.property.filtered.not-hl.frame-pin .frame,.uitk-eg-maps .pin-obfuscate-marker.property.unknown.not-hl.frame-pin .frame{align-items:center;background:#fff;border:1px solid #818494;filter:drop-shadow(0 2px .25rem rgba(16,16,16,.2));justify-content:center;margin-bottom:unset;padding-inline-end:.25rem;padding-inline-start:.25rem}.uitk-eg-maps .pin-marker.product.available.not-hl.frame-pin .frame:before,.uitk-eg-maps .pin-marker.product.filtered.not-hl.frame-pin .frame:before,.uitk-eg-maps .pin-marker.product.unknown.not-hl.frame-pin .frame:before,.uitk-eg-maps .pin-marker.property.available.not-hl.frame-pin .frame:before,.uitk-eg-maps .pin-marker.property.filtered.not-hl.frame-pin .frame:before,.uitk-eg-maps .pin-marker.property.unknown.not-hl.frame-pin .frame:before,.uitk-eg-maps .pin-obfuscate-marker.product.available.not-hl.frame-pin .frame:before,.uitk-eg-maps .pin-obfuscate-marker.product.filtered.not-hl.frame-pin .frame:before,.uitk-eg-maps .pin-obfuscate-marker.product.unknown.not-hl.frame-pin .frame:before,.uitk-eg-maps .pin-obfuscate-marker.property.available.not-hl.frame-pin .frame:before,.uitk-eg-maps .pin-obfuscate-marker.property.filtered.not-hl.frame-pin .frame:before,.uitk-eg-maps .pin-obfuscate-marker.property.unknown.not-hl.frame-pin .frame:before{border-color:#818494 transparent transparent;border-style:solid;border-width:.375rem calc(.1875rem + 1px) 1px;content:"";position:absolute;top:100%;transform:translateX(-50%) translateY(0)}.uitk-eg-maps .pin-marker.product.available.not-hl.frame-pin .frame:after,.uitk-eg-maps .pin-marker.product.filtered.not-hl.frame-pin .frame:after,.uitk-eg-maps .pin-marker.product.unknown.not-hl.frame-pin .frame:after,.uitk-eg-maps .pin-marker.property.available.not-hl.frame-pin .frame:after,.uitk-eg-maps .pin-marker.property.filtered.not-hl.frame-pin .frame:after,.uitk-eg-maps .pin-marker.property.unknown.not-hl.frame-pin .frame:after,.uitk-eg-maps .pin-obfuscate-marker.product.available.not-hl.frame-pin .frame:after,.uitk-eg-maps .pin-obfuscate-marker.product.filtered.not-hl.frame-pin .frame:after,.uitk-eg-maps .pin-obfuscate-marker.product.unknown.not-hl.frame-pin .frame:after,.uitk-eg-maps .pin-obfuscate-marker.property.available.not-hl.frame-pin .frame:after,.uitk-eg-maps .pin-obfuscate-marker.property.filtered.not-hl.frame-pin .frame:after,.uitk-eg-maps .pin-obfuscate-marker.property.unknown.not-hl.frame-pin .frame:after{border-color:#fff transparent transparent;border-style:solid;border-width:.375rem .1875rem 0;content:"";position:absolute;top:100%;transform:translateX(-50%) translateY(-1px)}.uitk-eg-maps .pin-marker.product.available.not-hl.frame-circle .frame,.uitk-eg-maps .pin-marker.product.filtered.not-hl.frame-circle .frame,.uitk-eg-maps .pin-marker.product.unknown.not-hl.frame-circle .frame,.uitk-eg-maps .pin-marker.property.available.not-hl.frame-circle .frame,.uitk-eg-maps .pin-marker.property.filtered.not-hl.frame-circle .frame,.uitk-eg-maps .pin-marker.property.unknown.not-hl.frame-circle .frame,.uitk-eg-maps .pin-obfuscate-marker.product.available.not-hl.frame-circle .frame,.uitk-eg-maps .pin-obfuscate-marker.product.filtered.not-hl.frame-circle .frame,.uitk-eg-maps .pin-obfuscate-marker.product.unknown.not-hl.frame-circle .frame,.uitk-eg-maps .pin-obfuscate-marker.property.available.not-hl.frame-circle .frame,.uitk-eg-maps .pin-obfuscate-marker.property.filtered.not-hl.frame-circle .frame,.uitk-eg-maps .pin-obfuscate-marker.property.unknown.not-hl.frame-circle .frame{background:#fff;border:1px solid #818494;filter:drop-shadow(0 2px .25rem rgba(16,16,16,.2))}.uitk-eg-maps .pin-marker.product.available.not-hl.viewed .uitk-eg-maps-primary-icon,.uitk-eg-maps .pin-marker.product.filtered.not-hl.viewed .uitk-eg-maps-primary-icon,.uitk-eg-maps .pin-marker.product.unknown.not-hl.viewed .uitk-eg-maps-primary-icon,.uitk-eg-maps .pin-marker.property.available.not-hl.viewed .uitk-eg-maps-primary-icon,.uitk-eg-maps .pin-marker.property.filtered.not-hl.viewed .uitk-eg-maps-primary-icon,.uitk-eg-maps .pin-marker.property.unknown.not-hl.viewed .uitk-eg-maps-primary-icon,.uitk-eg-maps .pin-obfuscate-marker.product.available.not-hl.viewed .uitk-eg-maps-primary-icon,.uitk-eg-maps .pin-obfuscate-marker.product.filtered.not-hl.viewed .uitk-eg-maps-primary-icon,.uitk-eg-maps .pin-obfuscate-marker.product.unknown.not-hl.viewed .uitk-eg-maps-primary-icon,.uitk-eg-maps .pin-obfuscate-marker.property.available.not-hl.viewed .uitk-eg-maps-primary-icon,.uitk-eg-maps .pin-obfuscate-marker.property.filtered.not-hl.viewed .uitk-eg-maps-primary-icon,.uitk-eg-maps .pin-obfuscate-marker.property.unknown.not-hl.viewed .uitk-eg-maps-primary-icon{color:#191e3b}.uitk-eg-maps .pin-marker.product.available.not-hl.viewed.frame-pin .frame,.uitk-eg-maps .pin-marker.product.filtered.not-hl.viewed.frame-pin .frame,.uitk-eg-maps .pin-marker.product.unknown.not-hl.viewed.frame-pin .frame,.uitk-eg-maps .pin-marker.property.available.not-hl.viewed.frame-pin .frame,.uitk-eg-maps .pin-marker.property.filtered.not-hl.viewed.frame-pin .frame,.uitk-eg-maps .pin-marker.property.unknown.not-hl.viewed.frame-pin .frame,.uitk-eg-maps .pin-obfuscate-marker.product.available.not-hl.viewed.frame-pin .frame,.uitk-eg-maps .pin-obfuscate-marker.product.filtered.not-hl.viewed.frame-pin .frame,.uitk-eg-maps .pin-obfuscate-marker.product.unknown.not-hl.viewed.frame-pin .frame,.uitk-eg-maps .pin-obfuscate-marker.property.available.not-hl.viewed.frame-pin .frame,.uitk-eg-maps .pin-obfuscate-marker.property.filtered.not-hl.viewed.frame-pin .frame,.uitk-eg-maps .pin-obfuscate-marker.property.unknown.not-hl.viewed.frame-pin .frame{align-items:center;background:var(--map__pin__product__viewed__background_color);border:1px solid #818494;filter:drop-shadow(0 2px .25rem rgba(16,16,16,.2));justify-content:center;margin-bottom:unset;padding-inline-end:.25rem;padding-inline-start:.25rem}.uitk-eg-maps .pin-marker.product.available.not-hl.viewed.frame-pin .frame:before,.uitk-eg-maps .pin-marker.product.filtered.not-hl.viewed.frame-pin .frame:before,.uitk-eg-maps .pin-marker.product.unknown.not-hl.viewed.frame-pin .frame:before,.uitk-eg-maps .pin-marker.property.available.not-hl.viewed.frame-pin .frame:before,.uitk-eg-maps .pin-marker.property.filtered.not-hl.viewed.frame-pin .frame:before,.uitk-eg-maps .pin-marker.property.unknown.not-hl.viewed.frame-pin .frame:before,.uitk-eg-maps .pin-obfuscate-marker.product.available.not-hl.viewed.frame-pin .frame:before,.uitk-eg-maps .pin-obfuscate-marker.product.filtered.not-hl.viewed.frame-pin .frame:before,.uitk-eg-maps .pin-obfuscate-marker.product.unknown.not-hl.viewed.frame-pin .frame:before,.uitk-eg-maps .pin-obfuscate-marker.property.available.not-hl.viewed.frame-pin .frame:before,.uitk-eg-maps .pin-obfuscate-marker.property.filtered.not-hl.viewed.frame-pin .frame:before,.uitk-eg-maps .pin-obfuscate-marker.property.unknown.not-hl.viewed.frame-pin .frame:before{border-color:#818494 transparent transparent;border-style:solid;border-width:.375rem calc(.1875rem + 1px) 1px;content:"";position:absolute;top:100%;transform:translateX(-50%) translateY(0)}.uitk-eg-maps .pin-marker.product.available.not-hl.viewed.frame-pin .frame:after,.uitk-eg-maps .pin-marker.product.filtered.not-hl.viewed.frame-pin .frame:after,.uitk-eg-maps .pin-marker.product.unknown.not-hl.viewed.frame-pin .frame:after,.uitk-eg-maps .pin-marker.property.available.not-hl.viewed.frame-pin .frame:after,.uitk-eg-maps .pin-marker.property.filtered.not-hl.viewed.frame-pin .frame:after,.uitk-eg-maps .pin-marker.property.unknown.not-hl.viewed.frame-pin .frame:after,.uitk-eg-maps .pin-obfuscate-marker.product.available.not-hl.viewed.frame-pin .frame:after,.uitk-eg-maps .pin-obfuscate-marker.product.filtered.not-hl.viewed.frame-pin .frame:after,.uitk-eg-maps .pin-obfuscate-marker.product.unknown.not-hl.viewed.frame-pin .frame:after,.uitk-eg-maps .pin-obfuscate-marker.property.available.not-hl.viewed.frame-pin .frame:after,.uitk-eg-maps .pin-obfuscate-marker.property.filtered.not-hl.viewed.frame-pin .frame:after,.uitk-eg-maps .pin-obfuscate-marker.property.unknown.not-hl.viewed.frame-pin .frame:after{border-color:var(--map__pin__product__viewed__background_color) transparent transparent;border-style:solid;border-width:.375rem .1875rem 0;content:"";position:absolute;top:100%;transform:translateX(-50%) translateY(-1px)}.uitk-eg-maps .pin-marker.product.available.not-hl.viewed.frame-circle .frame,.uitk-eg-maps .pin-marker.product.filtered.not-hl.viewed.frame-circle .frame,.uitk-eg-maps .pin-marker.product.unknown.not-hl.viewed.frame-circle .frame,.uitk-eg-maps .pin-marker.property.available.not-hl.viewed.frame-circle .frame,.uitk-eg-maps .pin-marker.property.filtered.not-hl.viewed.frame-circle .frame,.uitk-eg-maps .pin-marker.property.unknown.not-hl.viewed.frame-circle .frame,.uitk-eg-maps .pin-obfuscate-marker.product.available.not-hl.viewed.frame-circle .frame,.uitk-eg-maps .pin-obfuscate-marker.product.filtered.not-hl.viewed.frame-circle .frame,.uitk-eg-maps .pin-obfuscate-marker.product.unknown.not-hl.viewed.frame-circle .frame,.uitk-eg-maps .pin-obfuscate-marker.property.available.not-hl.viewed.frame-circle .frame,.uitk-eg-maps .pin-obfuscate-marker.property.filtered.not-hl.viewed.frame-circle .frame,.uitk-eg-maps .pin-obfuscate-marker.property.unknown.not-hl.viewed.frame-circle .frame{background:var(--map__pin__product__viewed__background_color);border:1px solid #818494;filter:drop-shadow(0 2px .25rem rgba(16,16,16,.2))}.uitk-eg-maps .pin-marker.product.available.not-hl.viewed:hover .uitk-eg-maps-primary-icon,.uitk-eg-maps .pin-marker.product.available.not-hl:hover .uitk-eg-maps-primary-icon,.uitk-eg-maps .pin-marker.product.filtered.not-hl.viewed:hover .uitk-eg-maps-primary-icon,.uitk-eg-maps .pin-marker.product.filtered.not-hl:hover .uitk-eg-maps-primary-icon,.uitk-eg-maps .pin-marker.product.unknown.not-hl.viewed:hover .uitk-eg-maps-primary-icon,.uitk-eg-maps .pin-marker.product.unknown.not-hl:hover .uitk-eg-maps-primary-icon,.uitk-eg-maps .pin-marker.property.available.not-hl.viewed:hover .uitk-eg-maps-primary-icon,.uitk-eg-maps .pin-marker.property.available.not-hl:hover .uitk-eg-maps-primary-icon,.uitk-eg-maps .pin-marker.property.filtered.not-hl.viewed:hover .uitk-eg-maps-primary-icon,.uitk-eg-maps .pin-marker.property.filtered.not-hl:hover .uitk-eg-maps-primary-icon,.uitk-eg-maps .pin-marker.property.unknown.not-hl.viewed:hover .uitk-eg-maps-primary-icon,.uitk-eg-maps .pin-marker.property.unknown.not-hl:hover .uitk-eg-maps-primary-icon,.uitk-eg-maps .pin-obfuscate-marker.product.available.not-hl.viewed:hover .uitk-eg-maps-primary-icon,.uitk-eg-maps .pin-obfuscate-marker.product.available.not-hl:hover .uitk-eg-maps-primary-icon,.uitk-eg-maps .pin-obfuscate-marker.product.filtered.not-hl.viewed:hover .uitk-eg-maps-primary-icon,.uitk-eg-maps .pin-obfuscate-marker.product.filtered.not-hl:hover .uitk-eg-maps-primary-icon,.uitk-eg-maps .pin-obfuscate-marker.product.unknown.not-hl.viewed:hover .uitk-eg-maps-primary-icon,.uitk-eg-maps .pin-obfuscate-marker.product.unknown.not-hl:hover .uitk-eg-maps-primary-icon,.uitk-eg-maps .pin-obfuscate-marker.property.available.not-hl.viewed:hover .uitk-eg-maps-primary-icon,.uitk-eg-maps .pin-obfuscate-marker.property.available.not-hl:hover .uitk-eg-maps-primary-icon,.uitk-eg-maps .pin-obfuscate-marker.property.filtered.not-hl.viewed:hover .uitk-eg-maps-primary-icon,.uitk-eg-maps .pin-obfuscate-marker.property.filtered.not-hl:hover .uitk-eg-maps-primary-icon,.uitk-eg-maps .pin-obfuscate-marker.property.unknown.not-hl.viewed:hover .uitk-eg-maps-primary-icon,.uitk-eg-maps .pin-obfuscate-marker.property.unknown.not-hl:hover .uitk-eg-maps-primary-icon{color:#191e3b}.uitk-eg-maps .pin-marker.product.available.not-hl.viewed:hover.frame-pin .frame,.uitk-eg-maps .pin-marker.product.available.not-hl:hover.frame-pin .frame,.uitk-eg-maps .pin-marker.product.filtered.not-hl.viewed:hover.frame-pin .frame,.uitk-eg-maps .pin-marker.product.filtered.not-hl:hover.frame-pin .frame,.uitk-eg-maps .pin-marker.product.unknown.not-hl.viewed:hover.frame-pin .frame,.uitk-eg-maps .pin-marker.product.unknown.not-hl:hover.frame-pin .frame,.uitk-eg-maps .pin-marker.property.available.not-hl.viewed:hover.frame-pin .frame,.uitk-eg-maps .pin-marker.property.available.not-hl:hover.frame-pin .frame,.uitk-eg-maps .pin-marker.property.filtered.not-hl.viewed:hover.frame-pin .frame,.uitk-eg-maps .pin-marker.property.filtered.not-hl:hover.frame-pin .frame,.uitk-eg-maps .pin-marker.property.unknown.not-hl.viewed:hover.frame-pin .frame,.uitk-eg-maps .pin-marker.property.unknown.not-hl:hover.frame-pin .frame,.uitk-eg-maps .pin-obfuscate-marker.product.available.not-hl.viewed:hover.frame-pin .frame,.uitk-eg-maps .pin-obfuscate-marker.product.available.not-hl:hover.frame-pin .frame,.uitk-eg-maps .pin-obfuscate-marker.product.filtered.not-hl.viewed:hover.frame-pin .frame,.uitk-eg-maps .pin-obfuscate-marker.product.filtered.not-hl:hover.frame-pin .frame,.uitk-eg-maps .pin-obfuscate-marker.product.unknown.not-hl.viewed:hover.frame-pin .frame,.uitk-eg-maps .pin-obfuscate-marker.product.unknown.not-hl:hover.frame-pin .frame,.uitk-eg-maps .pin-obfuscate-marker.property.available.not-hl.viewed:hover.frame-pin .frame,.uitk-eg-maps .pin-obfuscate-marker.property.available.not-hl:hover.frame-pin .frame,.uitk-eg-maps .pin-obfuscate-marker.property.filtered.not-hl.viewed:hover.frame-pin .frame,.uitk-eg-maps .pin-obfuscate-marker.property.filtered.not-hl:hover.frame-pin .frame,.uitk-eg-maps .pin-obfuscate-marker.property.unknown.not-hl.viewed:hover.frame-pin .frame,.uitk-eg-maps .pin-obfuscate-marker.property.unknown.not-hl:hover.frame-pin .frame{align-items:center;background:#f3f3f5;border:1px solid #818494;filter:drop-shadow(0 2px .25rem rgba(16,16,16,.2));justify-content:center;margin-bottom:unset;padding-inline-end:.25rem;padding-inline-start:.25rem}.uitk-eg-maps .pin-marker.product.available.not-hl.viewed:hover.frame-pin .frame:before,.uitk-eg-maps .pin-marker.product.available.not-hl:hover.frame-pin .frame:before,.uitk-eg-maps .pin-marker.product.filtered.not-hl.viewed:hover.frame-pin .frame:before,.uitk-eg-maps .pin-marker.product.filtered.not-hl:hover.frame-pin .frame:before,.uitk-eg-maps .pin-marker.product.unknown.not-hl.viewed:hover.frame-pin .frame:before,.uitk-eg-maps .pin-marker.product.unknown.not-hl:hover.frame-pin .frame:before,.uitk-eg-maps .pin-marker.property.available.not-hl.viewed:hover.frame-pin .frame:before,.uitk-eg-maps .pin-marker.property.available.not-hl:hover.frame-pin .frame:before,.uitk-eg-maps .pin-marker.property.filtered.not-hl.viewed:hover.frame-pin .frame:before,.uitk-eg-maps .pin-marker.property.filtered.not-hl:hover.frame-pin .frame:before,.uitk-eg-maps .pin-marker.property.unknown.not-hl.viewed:hover.frame-pin .frame:before,.uitk-eg-maps .pin-marker.property.unknown.not-hl:hover.frame-pin .frame:before,.uitk-eg-maps .pin-obfuscate-marker.product.available.not-hl.viewed:hover.frame-pin .frame:before,.uitk-eg-maps .pin-obfuscate-marker.product.available.not-hl:hover.frame-pin .frame:before,.uitk-eg-maps .pin-obfuscate-marker.product.filtered.not-hl.viewed:hover.frame-pin .frame:before,.uitk-eg-maps .pin-obfuscate-marker.product.filtered.not-hl:hover.frame-pin .frame:before,.uitk-eg-maps .pin-obfuscate-marker.product.unknown.not-hl.viewed:hover.frame-pin .frame:before,.uitk-eg-maps .pin-obfuscate-marker.product.unknown.not-hl:hover.frame-pin .frame:before,.uitk-eg-maps .pin-obfuscate-marker.property.available.not-hl.viewed:hover.frame-pin .frame:before,.uitk-eg-maps .pin-obfuscate-marker.property.available.not-hl:hover.frame-pin .frame:before,.uitk-eg-maps .pin-obfuscate-marker.property.filtered.not-hl.viewed:hover.frame-pin .frame:before,.uitk-eg-maps .pin-obfuscate-marker.property.filtered.not-hl:hover.frame-pin .frame:before,.uitk-eg-maps .pin-obfuscate-marker.property.unknown.not-hl.viewed:hover.frame-pin .frame:before,.uitk-eg-maps .pin-obfuscate-marker.property.unknown.not-hl:hover.frame-pin .frame:before{border-color:#818494 transparent transparent;border-style:solid;border-width:.375rem calc(.1875rem + 1px) 1px;content:"";position:absolute;top:100%;transform:translateX(-50%) translateY(0)}.uitk-eg-maps .pin-marker.product.available.not-hl.viewed:hover.frame-pin .frame:after,.uitk-eg-maps .pin-marker.product.available.not-hl:hover.frame-pin .frame:after,.uitk-eg-maps .pin-marker.product.filtered.not-hl.viewed:hover.frame-pin .frame:after,.uitk-eg-maps .pin-marker.product.filtered.not-hl:hover.frame-pin .frame:after,.uitk-eg-maps .pin-marker.product.unknown.not-hl.viewed:hover.frame-pin .frame:after,.uitk-eg-maps .pin-marker.product.unknown.not-hl:hover.frame-pin .frame:after,.uitk-eg-maps .pin-marker.property.available.not-hl.viewed:hover.frame-pin .frame:after,.uitk-eg-maps .pin-marker.property.available.not-hl:hover.frame-pin .frame:after,.uitk-eg-maps .pin-marker.property.filtered.not-hl.viewed:hover.frame-pin .frame:after,.uitk-eg-maps .pin-marker.property.filtered.not-hl:hover.frame-pin .frame:after,.uitk-eg-maps .pin-marker.property.unknown.not-hl.viewed:hover.frame-pin .frame:after,.uitk-eg-maps .pin-marker.property.unknown.not-hl:hover.frame-pin .frame:after,.uitk-eg-maps .pin-obfuscate-marker.product.available.not-hl.viewed:hover.frame-pin .frame:after,.uitk-eg-maps .pin-obfuscate-marker.product.available.not-hl:hover.frame-pin .frame:after,.uitk-eg-maps .pin-obfuscate-marker.product.filtered.not-hl.viewed:hover.frame-pin .frame:after,.uitk-eg-maps .pin-obfuscate-marker.product.filtered.not-hl:hover.frame-pin .frame:after,.uitk-eg-maps .pin-obfuscate-marker.product.unknown.not-hl.viewed:hover.frame-pin .frame:after,.uitk-eg-maps .pin-obfuscate-marker.product.unknown.not-hl:hover.frame-pin .frame:after,.uitk-eg-maps .pin-obfuscate-marker.property.available.not-hl.viewed:hover.frame-pin .frame:after,.uitk-eg-maps .pin-obfuscate-marker.property.available.not-hl:hover.frame-pin .frame:after,.uitk-eg-maps .pin-obfuscate-marker.property.filtered.not-hl.viewed:hover.frame-pin .frame:after,.uitk-eg-maps .pin-obfuscate-marker.property.filtered.not-hl:hover.frame-pin .frame:after,.uitk-eg-maps .pin-obfuscate-marker.property.unknown.not-hl.viewed:hover.frame-pin .frame:after,.uitk-eg-maps .pin-obfuscate-marker.property.unknown.not-hl:hover.frame-pin .frame:after{border-color:#f3f3f5 transparent transparent;border-style:solid;border-width:.375rem .1875rem 0;content:"";position:absolute;top:100%;transform:translateX(-50%) translateY(-1px)}.uitk-eg-maps .pin-marker.product.available.not-hl.viewed:hover.frame-circle .frame,.uitk-eg-maps .pin-marker.product.available.not-hl:hover.frame-circle .frame,.uitk-eg-maps .pin-marker.product.filtered.not-hl.viewed:hover.frame-circle .frame,.uitk-eg-maps .pin-marker.product.filtered.not-hl:hover.frame-circle .frame,.uitk-eg-maps .pin-marker.product.unknown.not-hl.viewed:hover.frame-circle .frame,.uitk-eg-maps .pin-marker.product.unknown.not-hl:hover.frame-circle .frame,.uitk-eg-maps .pin-marker.property.available.not-hl.viewed:hover.frame-circle .frame,.uitk-eg-maps .pin-marker.property.available.not-hl:hover.frame-circle .frame,.uitk-eg-maps .pin-marker.property.filtered.not-hl.viewed:hover.frame-circle .frame,.uitk-eg-maps .pin-marker.property.filtered.not-hl:hover.frame-circle .frame,.uitk-eg-maps .pin-marker.property.unknown.not-hl.viewed:hover.frame-circle .frame,.uitk-eg-maps .pin-marker.property.unknown.not-hl:hover.frame-circle .frame,.uitk-eg-maps .pin-obfuscate-marker.product.available.not-hl.viewed:hover.frame-circle .frame,.uitk-eg-maps .pin-obfuscate-marker.product.available.not-hl:hover.frame-circle .frame,.uitk-eg-maps .pin-obfuscate-marker.product.filtered.not-hl.viewed:hover.frame-circle .frame,.uitk-eg-maps .pin-obfuscate-marker.product.filtered.not-hl:hover.frame-circle .frame,.uitk-eg-maps .pin-obfuscate-marker.product.unknown.not-hl.viewed:hover.frame-circle .frame,.uitk-eg-maps .pin-obfuscate-marker.product.unknown.not-hl:hover.frame-circle .frame,.uitk-eg-maps .pin-obfuscate-marker.property.available.not-hl.viewed:hover.frame-circle .frame,.uitk-eg-maps .pin-obfuscate-marker.property.available.not-hl:hover.frame-circle .frame,.uitk-eg-maps .pin-obfuscate-marker.property.filtered.not-hl.viewed:hover.frame-circle .frame,.uitk-eg-maps .pin-obfuscate-marker.property.filtered.not-hl:hover.frame-circle .frame,.uitk-eg-maps .pin-obfuscate-marker.property.unknown.not-hl.viewed:hover.frame-circle .frame,.uitk-eg-maps .pin-obfuscate-marker.property.unknown.not-hl:hover.frame-circle .frame{background:#f3f3f5;border:1px solid #818494;filter:drop-shadow(0 2px .25rem rgba(16,16,16,.2))}.uitk-eg-maps .pin-marker.product.available.hl .uitk-eg-maps-primary-icon,.uitk-eg-maps .pin-marker.product.filtered.hl .uitk-eg-maps-primary-icon,.uitk-eg-maps .pin-marker.product.unknown.hl .uitk-eg-maps-primary-icon,.uitk-eg-maps .pin-marker.property.available.hl .uitk-eg-maps-primary-icon,.uitk-eg-maps .pin-marker.property.filtered.hl .uitk-eg-maps-primary-icon,.uitk-eg-maps .pin-marker.property.unknown.hl .uitk-eg-maps-primary-icon,.uitk-eg-maps .pin-obfuscate-marker.product.available.hl .uitk-eg-maps-primary-icon,.uitk-eg-maps .pin-obfuscate-marker.product.filtered.hl .uitk-eg-maps-primary-icon,.uitk-eg-maps .pin-obfuscate-marker.product.unknown.hl .uitk-eg-maps-primary-icon,.uitk-eg-maps .pin-obfuscate-marker.property.available.hl .uitk-eg-maps-primary-icon,.uitk-eg-maps .pin-obfuscate-marker.property.filtered.hl .uitk-eg-maps-primary-icon,.uitk-eg-maps .pin-obfuscate-marker.property.unknown.hl .uitk-eg-maps-primary-icon{color:#fff}.uitk-eg-maps .pin-marker.product.available.hl.frame-pin .frame,.uitk-eg-maps .pin-marker.product.filtered.hl.frame-pin .frame,.uitk-eg-maps .pin-marker.product.unknown.hl.frame-pin .frame,.uitk-eg-maps .pin-marker.property.available.hl.frame-pin .frame,.uitk-eg-maps .pin-marker.property.filtered.hl.frame-pin .frame,.uitk-eg-maps .pin-marker.property.unknown.hl.frame-pin .frame,.uitk-eg-maps .pin-obfuscate-marker.product.available.hl.frame-pin .frame,.uitk-eg-maps .pin-obfuscate-marker.product.filtered.hl.frame-pin .frame,.uitk-eg-maps .pin-obfuscate-marker.product.unknown.hl.frame-pin .frame,.uitk-eg-maps .pin-obfuscate-marker.property.available.hl.frame-pin .frame,.uitk-eg-maps .pin-obfuscate-marker.property.filtered.hl.frame-pin .frame,.uitk-eg-maps .pin-obfuscate-marker.property.unknown.hl.frame-pin .frame{align-items:center;background:#191e3b;border:1px solid #191e3b;filter:drop-shadow(0 2px .25rem rgba(16,16,16,.2));justify-content:center;margin-bottom:unset;padding-inline-end:.25rem;padding-inline-start:.25rem}.uitk-eg-maps .pin-marker.product.available.hl.frame-pin .frame:before,.uitk-eg-maps .pin-marker.product.filtered.hl.frame-pin .frame:before,.uitk-eg-maps .pin-marker.product.unknown.hl.frame-pin .frame:before,.uitk-eg-maps .pin-marker.property.available.hl.frame-pin .frame:before,.uitk-eg-maps .pin-marker.property.filtered.hl.frame-pin .frame:before,.uitk-eg-maps .pin-marker.property.unknown.hl.frame-pin .frame:before,.uitk-eg-maps .pin-obfuscate-marker.product.available.hl.frame-pin .frame:before,.uitk-eg-maps .pin-obfuscate-marker.product.filtered.hl.frame-pin .frame:before,.uitk-eg-maps .pin-obfuscate-marker.product.unknown.hl.frame-pin .frame:before,.uitk-eg-maps .pin-obfuscate-marker.property.available.hl.frame-pin .frame:before,.uitk-eg-maps .pin-obfuscate-marker.property.filtered.hl.frame-pin .frame:before,.uitk-eg-maps .pin-obfuscate-marker.property.unknown.hl.frame-pin .frame:before{border-color:#191e3b transparent transparent;border-style:solid;border-width:.375rem calc(.1875rem + 1px) 1px;content:"";position:absolute;top:100%;transform:translateX(-50%) translateY(0)}.uitk-eg-maps .pin-marker.product.available.hl.frame-pin .frame:after,.uitk-eg-maps .pin-marker.product.filtered.hl.frame-pin .frame:after,.uitk-eg-maps .pin-marker.product.unknown.hl.frame-pin .frame:after,.uitk-eg-maps .pin-marker.property.available.hl.frame-pin .frame:after,.uitk-eg-maps .pin-marker.property.filtered.hl.frame-pin .frame:after,.uitk-eg-maps .pin-marker.property.unknown.hl.frame-pin .frame:after,.uitk-eg-maps .pin-obfuscate-marker.product.available.hl.frame-pin .frame:after,.uitk-eg-maps .pin-obfuscate-marker.product.filtered.hl.frame-pin .frame:after,.uitk-eg-maps .pin-obfuscate-marker.product.unknown.hl.frame-pin .frame:after,.uitk-eg-maps .pin-obfuscate-marker.property.available.hl.frame-pin .frame:after,.uitk-eg-maps .pin-obfuscate-marker.property.filtered.hl.frame-pin .frame:after,.uitk-eg-maps .pin-obfuscate-marker.property.unknown.hl.frame-pin .frame:after{border-color:#191e3b transparent transparent;border-style:solid;border-width:.375rem .1875rem 0;content:"";position:absolute;top:100%;transform:translateX(-50%) translateY(-1px)}.uitk-eg-maps .pin-marker.product.available.hl.frame-circle .frame,.uitk-eg-maps .pin-marker.product.filtered.hl.frame-circle .frame,.uitk-eg-maps .pin-marker.product.unknown.hl.frame-circle .frame,.uitk-eg-maps .pin-marker.property.available.hl.frame-circle .frame,.uitk-eg-maps .pin-marker.property.filtered.hl.frame-circle .frame,.uitk-eg-maps .pin-marker.property.unknown.hl.frame-circle .frame,.uitk-eg-maps .pin-obfuscate-marker.product.available.hl.frame-circle .frame,.uitk-eg-maps .pin-obfuscate-marker.product.filtered.hl.frame-circle .frame,.uitk-eg-maps .pin-obfuscate-marker.product.unknown.hl.frame-circle .frame,.uitk-eg-maps .pin-obfuscate-marker.property.available.hl.frame-circle .frame,.uitk-eg-maps .pin-obfuscate-marker.property.filtered.hl.frame-circle .frame,.uitk-eg-maps .pin-obfuscate-marker.property.unknown.hl.frame-circle .frame{background:#191e3b;border:1px solid #191e3b;filter:drop-shadow(0 2px .25rem rgba(16,16,16,.2))}.uitk-eg-maps .pin-marker.product.available.hl:hover .uitk-eg-maps-primary-icon,.uitk-eg-maps .pin-marker.product.filtered.hl:hover .uitk-eg-maps-primary-icon,.uitk-eg-maps .pin-marker.product.unknown.hl:hover .uitk-eg-maps-primary-icon,.uitk-eg-maps .pin-marker.property.available.hl:hover .uitk-eg-maps-primary-icon,.uitk-eg-maps .pin-marker.property.filtered.hl:hover .uitk-eg-maps-primary-icon,.uitk-eg-maps .pin-marker.property.unknown.hl:hover .uitk-eg-maps-primary-icon,.uitk-eg-maps .pin-obfuscate-marker.product.available.hl:hover .uitk-eg-maps-primary-icon,.uitk-eg-maps .pin-obfuscate-marker.product.filtered.hl:hover .uitk-eg-maps-primary-icon,.uitk-eg-maps .pin-obfuscate-marker.product.unknown.hl:hover .uitk-eg-maps-primary-icon,.uitk-eg-maps .pin-obfuscate-marker.property.available.hl:hover .uitk-eg-maps-primary-icon,.uitk-eg-maps .pin-obfuscate-marker.property.filtered.hl:hover .uitk-eg-maps-primary-icon,.uitk-eg-maps .pin-obfuscate-marker.property.unknown.hl:hover .uitk-eg-maps-primary-icon{color:#fff}.uitk-eg-maps .pin-marker.product.available.hl:hover.frame-pin .frame,.uitk-eg-maps .pin-marker.product.filtered.hl:hover.frame-pin .frame,.uitk-eg-maps .pin-marker.product.unknown.hl:hover.frame-pin .frame,.uitk-eg-maps .pin-marker.property.available.hl:hover.frame-pin .frame,.uitk-eg-maps .pin-marker.property.filtered.hl:hover.frame-pin .frame,.uitk-eg-maps .pin-marker.property.unknown.hl:hover.frame-pin .frame,.uitk-eg-maps .pin-obfuscate-marker.product.available.hl:hover.frame-pin .frame,.uitk-eg-maps .pin-obfuscate-marker.product.filtered.hl:hover.frame-pin .frame,.uitk-eg-maps .pin-obfuscate-marker.product.unknown.hl:hover.frame-pin .frame,.uitk-eg-maps .pin-obfuscate-marker.property.available.hl:hover.frame-pin .frame,.uitk-eg-maps .pin-obfuscate-marker.property.filtered.hl:hover.frame-pin .frame,.uitk-eg-maps .pin-obfuscate-marker.property.unknown.hl:hover.frame-pin .frame{align-items:center;background:#4d5167;border:1px solid #f3f3f5;filter:drop-shadow(0 2px .25rem rgba(16,16,16,.2));justify-content:center;margin-bottom:unset;padding-inline-end:.25rem;padding-inline-start:.25rem}.uitk-eg-maps .pin-marker.product.available.hl:hover.frame-pin .frame:before,.uitk-eg-maps .pin-marker.product.filtered.hl:hover.frame-pin .frame:before,.uitk-eg-maps .pin-marker.product.unknown.hl:hover.frame-pin .frame:before,.uitk-eg-maps .pin-marker.property.available.hl:hover.frame-pin .frame:before,.uitk-eg-maps .pin-marker.property.filtered.hl:hover.frame-pin .frame:before,.uitk-eg-maps .pin-marker.property.unknown.hl:hover.frame-pin .frame:before,.uitk-eg-maps .pin-obfuscate-marker.product.available.hl:hover.frame-pin .frame:before,.uitk-eg-maps .pin-obfuscate-marker.product.filtered.hl:hover.frame-pin .frame:before,.uitk-eg-maps .pin-obfuscate-marker.product.unknown.hl:hover.frame-pin .frame:before,.uitk-eg-maps .pin-obfuscate-marker.property.available.hl:hover.frame-pin .frame:before,.uitk-eg-maps .pin-obfuscate-marker.property.filtered.hl:hover.frame-pin .frame:before,.uitk-eg-maps .pin-obfuscate-marker.property.unknown.hl:hover.frame-pin .frame:before{border-color:#f3f3f5 transparent transparent;border-style:solid;border-width:.375rem calc(.1875rem + 1px) 1px;content:"";position:absolute;top:100%;transform:translateX(-50%) translateY(0)}.uitk-eg-maps .pin-marker.product.available.hl:hover.frame-pin .frame:after,.uitk-eg-maps .pin-marker.product.filtered.hl:hover.frame-pin .frame:after,.uitk-eg-maps .pin-marker.product.unknown.hl:hover.frame-pin .frame:after,.uitk-eg-maps .pin-marker.property.available.hl:hover.frame-pin .frame:after,.uitk-eg-maps .pin-marker.property.filtered.hl:hover.frame-pin .frame:after,.uitk-eg-maps .pin-marker.property.unknown.hl:hover.frame-pin .frame:after,.uitk-eg-maps .pin-obfuscate-marker.product.available.hl:hover.frame-pin .frame:after,.uitk-eg-maps .pin-obfuscate-marker.product.filtered.hl:hover.frame-pin .frame:after,.uitk-eg-maps .pin-obfuscate-marker.product.unknown.hl:hover.frame-pin .frame:after,.uitk-eg-maps .pin-obfuscate-marker.property.available.hl:hover.frame-pin .frame:after,.uitk-eg-maps .pin-obfuscate-marker.property.filtered.hl:hover.frame-pin .frame:after,.uitk-eg-maps .pin-obfuscate-marker.property.unknown.hl:hover.frame-pin .frame:after{border-color:#4d5167 transparent transparent;border-style:solid;border-width:.375rem .1875rem 0;content:"";position:absolute;top:100%;transform:translateX(-50%) translateY(-1px)}.uitk-eg-maps .pin-marker.product.available.hl:hover.frame-circle .frame,.uitk-eg-maps .pin-marker.product.filtered.hl:hover.frame-circle .frame,.uitk-eg-maps .pin-marker.product.unknown.hl:hover.frame-circle .frame,.uitk-eg-maps .pin-marker.property.available.hl:hover.frame-circle .frame,.uitk-eg-maps .pin-marker.property.filtered.hl:hover.frame-circle .frame,.uitk-eg-maps .pin-marker.property.unknown.hl:hover.frame-circle .frame,.uitk-eg-maps .pin-obfuscate-marker.product.available.hl:hover.frame-circle .frame,.uitk-eg-maps .pin-obfuscate-marker.product.filtered.hl:hover.frame-circle .frame,.uitk-eg-maps .pin-obfuscate-marker.product.unknown.hl:hover.frame-circle .frame,.uitk-eg-maps .pin-obfuscate-marker.property.available.hl:hover.frame-circle .frame,.uitk-eg-maps .pin-obfuscate-marker.property.filtered.hl:hover.frame-circle .frame,.uitk-eg-maps .pin-obfuscate-marker.property.unknown.hl:hover.frame-circle .frame{background:#4d5167;border:1px solid #f3f3f5;filter:drop-shadow(0 2px .25rem rgba(16,16,16,.2))}.uitk-eg-maps .pin-marker.product.available.focal .frame,.uitk-eg-maps .pin-marker.product.filtered.focal .frame,.uitk-eg-maps .pin-marker.product.unknown.focal .frame,.uitk-eg-maps .pin-marker.property.available.focal .frame,.uitk-eg-maps .pin-marker.property.filtered.focal .frame,.uitk-eg-maps .pin-marker.property.unknown.focal .frame,.uitk-eg-maps .pin-obfuscate-marker.product.available.focal .frame,.uitk-eg-maps .pin-obfuscate-marker.product.filtered.focal .frame,.uitk-eg-maps .pin-obfuscate-marker.product.unknown.focal .frame,.uitk-eg-maps .pin-obfuscate-marker.property.available.focal .frame,.uitk-eg-maps .pin-obfuscate-marker.property.filtered.focal .frame,.uitk-eg-maps .pin-obfuscate-marker.property.unknown.focal .frame{border-radius:2500rem;height:2.25rem;min-width:2.25rem}.uitk-eg-maps .pin-marker.product.available.focal .frame .uitk-eg-maps-primary-icon,.uitk-eg-maps .pin-marker.product.filtered.focal .frame .uitk-eg-maps-primary-icon,.uitk-eg-maps .pin-marker.product.unknown.focal .frame .uitk-eg-maps-primary-icon,.uitk-eg-maps .pin-marker.property.available.focal .frame .uitk-eg-maps-primary-icon,.uitk-eg-maps .pin-marker.property.filtered.focal .frame .uitk-eg-maps-primary-icon,.uitk-eg-maps .pin-marker.property.unknown.focal .frame .uitk-eg-maps-primary-icon,.uitk-eg-maps .pin-obfuscate-marker.product.available.focal .frame .uitk-eg-maps-primary-icon,.uitk-eg-maps .pin-obfuscate-marker.product.filtered.focal .frame .uitk-eg-maps-primary-icon,.uitk-eg-maps .pin-obfuscate-marker.product.unknown.focal .frame .uitk-eg-maps-primary-icon,.uitk-eg-maps .pin-obfuscate-marker.property.available.focal .frame .uitk-eg-maps-primary-icon,.uitk-eg-maps .pin-obfuscate-marker.property.filtered.focal .frame .uitk-eg-maps-primary-icon,.uitk-eg-maps .pin-obfuscate-marker.property.unknown.focal .frame .uitk-eg-maps-primary-icon{height:1.5rem;inline-size:1.5rem;min-width:1.5rem}.uitk-eg-maps .pin-marker.product.available.focal.not-hl .uitk-eg-maps-primary-icon,.uitk-eg-maps .pin-marker.product.filtered.focal.not-hl .uitk-eg-maps-primary-icon,.uitk-eg-maps .pin-marker.product.unknown.focal.not-hl .uitk-eg-maps-primary-icon,.uitk-eg-maps .pin-marker.property.available.focal.not-hl .uitk-eg-maps-primary-icon,.uitk-eg-maps .pin-marker.property.filtered.focal.not-hl .uitk-eg-maps-primary-icon,.uitk-eg-maps .pin-marker.property.unknown.focal.not-hl .uitk-eg-maps-primary-icon,.uitk-eg-maps .pin-obfuscate-marker.product.available.focal.not-hl .uitk-eg-maps-primary-icon,.uitk-eg-maps .pin-obfuscate-marker.product.filtered.focal.not-hl .uitk-eg-maps-primary-icon,.uitk-eg-maps .pin-obfuscate-marker.product.unknown.focal.not-hl .uitk-eg-maps-primary-icon,.uitk-eg-maps .pin-obfuscate-marker.property.available.focal.not-hl .uitk-eg-maps-primary-icon,.uitk-eg-maps .pin-obfuscate-marker.property.filtered.focal.not-hl .uitk-eg-maps-primary-icon,.uitk-eg-maps .pin-obfuscate-marker.property.unknown.focal.not-hl .uitk-eg-maps-primary-icon{color:#191e3b}.uitk-eg-maps .pin-marker.product.available.focal.not-hl.frame-pin .frame,.uitk-eg-maps .pin-marker.product.filtered.focal.not-hl.frame-pin .frame,.uitk-eg-maps .pin-marker.product.unknown.focal.not-hl.frame-pin .frame,.uitk-eg-maps .pin-marker.property.available.focal.not-hl.frame-pin .frame,.uitk-eg-maps .pin-marker.property.filtered.focal.not-hl.frame-pin .frame,.uitk-eg-maps .pin-marker.property.unknown.focal.not-hl.frame-pin .frame,.uitk-eg-maps .pin-obfuscate-marker.product.available.focal.not-hl.frame-pin .frame,.uitk-eg-maps .pin-obfuscate-marker.product.filtered.focal.not-hl.frame-pin .frame,.uitk-eg-maps .pin-obfuscate-marker.product.unknown.focal.not-hl.frame-pin .frame,.uitk-eg-maps .pin-obfuscate-marker.property.available.focal.not-hl.frame-pin .frame,.uitk-eg-maps .pin-obfuscate-marker.property.filtered.focal.not-hl.frame-pin .frame,.uitk-eg-maps .pin-obfuscate-marker.property.unknown.focal.not-hl.frame-pin .frame{align-items:center;background:#fff;border:1px solid #191e3b;filter:drop-shadow(0 2px .25rem rgba(16,16,16,.2));justify-content:center;margin-bottom:unset;padding-inline-end:.25rem;padding-inline-start:.25rem}.uitk-eg-maps .pin-marker.product.available.focal.not-hl.frame-pin .frame:before,.uitk-eg-maps .pin-marker.product.filtered.focal.not-hl.frame-pin .frame:before,.uitk-eg-maps .pin-marker.product.unknown.focal.not-hl.frame-pin .frame:before,.uitk-eg-maps .pin-marker.property.available.focal.not-hl.frame-pin .frame:before,.uitk-eg-maps .pin-marker.property.filtered.focal.not-hl.frame-pin .frame:before,.uitk-eg-maps .pin-marker.property.unknown.focal.not-hl.frame-pin .frame:before,.uitk-eg-maps .pin-obfuscate-marker.product.available.focal.not-hl.frame-pin .frame:before,.uitk-eg-maps .pin-obfuscate-marker.product.filtered.focal.not-hl.frame-pin .frame:before,.uitk-eg-maps .pin-obfuscate-marker.product.unknown.focal.not-hl.frame-pin .frame:before,.uitk-eg-maps .pin-obfuscate-marker.property.available.focal.not-hl.frame-pin .frame:before,.uitk-eg-maps .pin-obfuscate-marker.property.filtered.focal.not-hl.frame-pin .frame:before,.uitk-eg-maps .pin-obfuscate-marker.property.unknown.focal.not-hl.frame-pin .frame:before{border-color:#191e3b transparent transparent;border-style:solid;border-width:.375rem calc(.1875rem + 1px) 1px;content:"";position:absolute;top:100%;transform:translateX(-50%) translateY(0)}.uitk-eg-maps .pin-marker.product.available.focal.not-hl.frame-pin .frame:after,.uitk-eg-maps .pin-marker.product.filtered.focal.not-hl.frame-pin .frame:after,.uitk-eg-maps .pin-marker.product.unknown.focal.not-hl.frame-pin .frame:after,.uitk-eg-maps .pin-marker.property.available.focal.not-hl.frame-pin .frame:after,.uitk-eg-maps .pin-marker.property.filtered.focal.not-hl.frame-pin .frame:after,.uitk-eg-maps .pin-marker.property.unknown.focal.not-hl.frame-pin .frame:after,.uitk-eg-maps .pin-obfuscate-marker.product.available.focal.not-hl.frame-pin .frame:after,.uitk-eg-maps .pin-obfuscate-marker.product.filtered.focal.not-hl.frame-pin .frame:after,.uitk-eg-maps .pin-obfuscate-marker.product.unknown.focal.not-hl.frame-pin .frame:after,.uitk-eg-maps .pin-obfuscate-marker.property.available.focal.not-hl.frame-pin .frame:after,.uitk-eg-maps .pin-obfuscate-marker.property.filtered.focal.not-hl.frame-pin .frame:after,.uitk-eg-maps .pin-obfuscate-marker.property.unknown.focal.not-hl.frame-pin .frame:after{border-color:#fff transparent transparent;border-style:solid;border-width:.375rem .1875rem 0;content:"";position:absolute;top:100%;transform:translateX(-50%) translateY(-1px)}.uitk-eg-maps .pin-marker.product.available.focal.not-hl.frame-circle .frame,.uitk-eg-maps .pin-marker.product.filtered.focal.not-hl.frame-circle .frame,.uitk-eg-maps .pin-marker.product.unknown.focal.not-hl.frame-circle .frame,.uitk-eg-maps .pin-marker.property.available.focal.not-hl.frame-circle .frame,.uitk-eg-maps .pin-marker.property.filtered.focal.not-hl.frame-circle .frame,.uitk-eg-maps .pin-marker.property.unknown.focal.not-hl.frame-circle .frame,.uitk-eg-maps .pin-obfuscate-marker.product.available.focal.not-hl.frame-circle .frame,.uitk-eg-maps .pin-obfuscate-marker.product.filtered.focal.not-hl.frame-circle .frame,.uitk-eg-maps .pin-obfuscate-marker.product.unknown.focal.not-hl.frame-circle .frame,.uitk-eg-maps .pin-obfuscate-marker.property.available.focal.not-hl.frame-circle .frame,.uitk-eg-maps .pin-obfuscate-marker.property.filtered.focal.not-hl.frame-circle .frame,.uitk-eg-maps .pin-obfuscate-marker.property.unknown.focal.not-hl.frame-circle .frame{background:#fff;border:1px solid #191e3b;filter:drop-shadow(0 2px .25rem rgba(16,16,16,.2))}.uitk-eg-maps .pin-marker.product.available.focal.not-hl.viewed .uitk-eg-maps-primary-icon,.uitk-eg-maps .pin-marker.product.filtered.focal.not-hl.viewed .uitk-eg-maps-primary-icon,.uitk-eg-maps .pin-marker.product.unknown.focal.not-hl.viewed .uitk-eg-maps-primary-icon,.uitk-eg-maps .pin-marker.property.available.focal.not-hl.viewed .uitk-eg-maps-primary-icon,.uitk-eg-maps .pin-marker.property.filtered.focal.not-hl.viewed .uitk-eg-maps-primary-icon,.uitk-eg-maps .pin-marker.property.unknown.focal.not-hl.viewed .uitk-eg-maps-primary-icon,.uitk-eg-maps .pin-obfuscate-marker.product.available.focal.not-hl.viewed .uitk-eg-maps-primary-icon,.uitk-eg-maps .pin-obfuscate-marker.product.filtered.focal.not-hl.viewed .uitk-eg-maps-primary-icon,.uitk-eg-maps .pin-obfuscate-marker.product.unknown.focal.not-hl.viewed .uitk-eg-maps-primary-icon,.uitk-eg-maps .pin-obfuscate-marker.property.available.focal.not-hl.viewed .uitk-eg-maps-primary-icon,.uitk-eg-maps .pin-obfuscate-marker.property.filtered.focal.not-hl.viewed .uitk-eg-maps-primary-icon,.uitk-eg-maps .pin-obfuscate-marker.property.unknown.focal.not-hl.viewed .uitk-eg-maps-primary-icon{color:#191e3b}.uitk-eg-maps .pin-marker.product.available.focal.not-hl.viewed.frame-pin .frame,.uitk-eg-maps .pin-marker.product.filtered.focal.not-hl.viewed.frame-pin .frame,.uitk-eg-maps .pin-marker.product.unknown.focal.not-hl.viewed.frame-pin .frame,.uitk-eg-maps .pin-marker.property.available.focal.not-hl.viewed.frame-pin .frame,.uitk-eg-maps .pin-marker.property.filtered.focal.not-hl.viewed.frame-pin .frame,.uitk-eg-maps .pin-marker.property.unknown.focal.not-hl.viewed.frame-pin .frame,.uitk-eg-maps .pin-obfuscate-marker.product.available.focal.not-hl.viewed.frame-pin .frame,.uitk-eg-maps .pin-obfuscate-marker.product.filtered.focal.not-hl.viewed.frame-pin .frame,.uitk-eg-maps .pin-obfuscate-marker.product.unknown.focal.not-hl.viewed.frame-pin .frame,.uitk-eg-maps .pin-obfuscate-marker.property.available.focal.not-hl.viewed.frame-pin .frame,.uitk-eg-maps .pin-obfuscate-marker.property.filtered.focal.not-hl.viewed.frame-pin .frame,.uitk-eg-maps .pin-obfuscate-marker.property.unknown.focal.not-hl.viewed.frame-pin .frame{align-items:center;background:var(--map__pin__product__viewed__background_color);border:1px solid #191e3b;filter:drop-shadow(0 2px .25rem rgba(16,16,16,.2));justify-content:center;margin-bottom:unset;padding-inline-end:.25rem;padding-inline-start:.25rem}.uitk-eg-maps .pin-marker.product.available.focal.not-hl.viewed.frame-pin .frame:before,.uitk-eg-maps .pin-marker.product.filtered.focal.not-hl.viewed.frame-pin .frame:before,.uitk-eg-maps .pin-marker.product.unknown.focal.not-hl.viewed.frame-pin .frame:before,.uitk-eg-maps .pin-marker.property.available.focal.not-hl.viewed.frame-pin .frame:before,.uitk-eg-maps .pin-marker.property.filtered.focal.not-hl.viewed.frame-pin .frame:before,.uitk-eg-maps .pin-marker.property.unknown.focal.not-hl.viewed.frame-pin .frame:before,.uitk-eg-maps .pin-obfuscate-marker.product.available.focal.not-hl.viewed.frame-pin .frame:before,.uitk-eg-maps .pin-obfuscate-marker.product.filtered.focal.not-hl.viewed.frame-pin .frame:before,.uitk-eg-maps .pin-obfuscate-marker.product.unknown.focal.not-hl.viewed.frame-pin .frame:before,.uitk-eg-maps .pin-obfuscate-marker.property.available.focal.not-hl.viewed.frame-pin .frame:before,.uitk-eg-maps .pin-obfuscate-marker.property.filtered.focal.not-hl.viewed.frame-pin .frame:before,.uitk-eg-maps .pin-obfuscate-marker.property.unknown.focal.not-hl.viewed.frame-pin .frame:before{border-color:#191e3b transparent transparent;border-style:solid;border-width:.375rem calc(.1875rem + 1px) 1px;content:"";position:absolute;top:100%;transform:translateX(-50%) translateY(0)}.uitk-eg-maps .pin-marker.product.available.focal.not-hl.viewed.frame-pin .frame:after,.uitk-eg-maps .pin-marker.product.filtered.focal.not-hl.viewed.frame-pin .frame:after,.uitk-eg-maps .pin-marker.product.unknown.focal.not-hl.viewed.frame-pin .frame:after,.uitk-eg-maps .pin-marker.property.available.focal.not-hl.viewed.frame-pin .frame:after,.uitk-eg-maps .pin-marker.property.filtered.focal.not-hl.viewed.frame-pin .frame:after,.uitk-eg-maps .pin-marker.property.unknown.focal.not-hl.viewed.frame-pin .frame:after,.uitk-eg-maps .pin-obfuscate-marker.product.available.focal.not-hl.viewed.frame-pin .frame:after,.uitk-eg-maps .pin-obfuscate-marker.product.filtered.focal.not-hl.viewed.frame-pin .frame:after,.uitk-eg-maps .pin-obfuscate-marker.product.unknown.focal.not-hl.viewed.frame-pin .frame:after,.uitk-eg-maps .pin-obfuscate-marker.property.available.focal.not-hl.viewed.frame-pin .frame:after,.uitk-eg-maps .pin-obfuscate-marker.property.filtered.focal.not-hl.viewed.frame-pin .frame:after,.uitk-eg-maps .pin-obfuscate-marker.property.unknown.focal.not-hl.viewed.frame-pin .frame:after{border-color:var(--map__pin__product__viewed__background_color) transparent transparent;border-style:solid;border-width:.375rem .1875rem 0;content:"";position:absolute;top:100%;transform:translateX(-50%) translateY(-1px)}.uitk-eg-maps .pin-marker.product.available.focal.not-hl.viewed.frame-circle .frame,.uitk-eg-maps .pin-marker.product.filtered.focal.not-hl.viewed.frame-circle .frame,.uitk-eg-maps .pin-marker.product.unknown.focal.not-hl.viewed.frame-circle .frame,.uitk-eg-maps .pin-marker.property.available.focal.not-hl.viewed.frame-circle .frame,.uitk-eg-maps .pin-marker.property.filtered.focal.not-hl.viewed.frame-circle .frame,.uitk-eg-maps .pin-marker.property.unknown.focal.not-hl.viewed.frame-circle .frame,.uitk-eg-maps .pin-obfuscate-marker.product.available.focal.not-hl.viewed.frame-circle .frame,.uitk-eg-maps .pin-obfuscate-marker.product.filtered.focal.not-hl.viewed.frame-circle .frame,.uitk-eg-maps .pin-obfuscate-marker.product.unknown.focal.not-hl.viewed.frame-circle .frame,.uitk-eg-maps .pin-obfuscate-marker.property.available.focal.not-hl.viewed.frame-circle .frame,.uitk-eg-maps .pin-obfuscate-marker.property.filtered.focal.not-hl.viewed.frame-circle .frame,.uitk-eg-maps .pin-obfuscate-marker.property.unknown.focal.not-hl.viewed.frame-circle .frame{background:var(--map__pin__product__viewed__background_color);border:1px solid #191e3b;filter:drop-shadow(0 2px .25rem rgba(16,16,16,.2))}.uitk-eg-maps .pin-marker.product.available.focal.not-hl.viewed:hover .uitk-eg-maps-primary-icon,.uitk-eg-maps .pin-marker.product.available.focal.not-hl:hover .uitk-eg-maps-primary-icon,.uitk-eg-maps .pin-marker.product.filtered.focal.not-hl.viewed:hover .uitk-eg-maps-primary-icon,.uitk-eg-maps .pin-marker.product.filtered.focal.not-hl:hover .uitk-eg-maps-primary-icon,.uitk-eg-maps .pin-marker.product.unknown.focal.not-hl.viewed:hover .uitk-eg-maps-primary-icon,.uitk-eg-maps .pin-marker.product.unknown.focal.not-hl:hover .uitk-eg-maps-primary-icon,.uitk-eg-maps .pin-marker.property.available.focal.not-hl.viewed:hover .uitk-eg-maps-primary-icon,.uitk-eg-maps .pin-marker.property.available.focal.not-hl:hover .uitk-eg-maps-primary-icon,.uitk-eg-maps .pin-marker.property.filtered.focal.not-hl.viewed:hover .uitk-eg-maps-primary-icon,.uitk-eg-maps .pin-marker.property.filtered.focal.not-hl:hover .uitk-eg-maps-primary-icon,.uitk-eg-maps .pin-marker.property.unknown.focal.not-hl.viewed:hover .uitk-eg-maps-primary-icon,.uitk-eg-maps .pin-marker.property.unknown.focal.not-hl:hover .uitk-eg-maps-primary-icon,.uitk-eg-maps .pin-obfuscate-marker.product.available.focal.not-hl.viewed:hover .uitk-eg-maps-primary-icon,.uitk-eg-maps .pin-obfuscate-marker.product.available.focal.not-hl:hover .uitk-eg-maps-primary-icon,.uitk-eg-maps .pin-obfuscate-marker.product.filtered.focal.not-hl.viewed:hover .uitk-eg-maps-primary-icon,.uitk-eg-maps .pin-obfuscate-marker.product.filtered.focal.not-hl:hover .uitk-eg-maps-primary-icon,.uitk-eg-maps .pin-obfuscate-marker.product.unknown.focal.not-hl.viewed:hover .uitk-eg-maps-primary-icon,.uitk-eg-maps .pin-obfuscate-marker.product.unknown.focal.not-hl:hover .uitk-eg-maps-primary-icon,.uitk-eg-maps .pin-obfuscate-marker.property.available.focal.not-hl.viewed:hover .uitk-eg-maps-primary-icon,.uitk-eg-maps .pin-obfuscate-marker.property.available.focal.not-hl:hover .uitk-eg-maps-primary-icon,.uitk-eg-maps .pin-obfuscate-marker.property.filtered.focal.not-hl.viewed:hover .uitk-eg-maps-primary-icon,.uitk-eg-maps .pin-obfuscate-marker.property.filtered.focal.not-hl:hover .uitk-eg-maps-primary-icon,.uitk-eg-maps .pin-obfuscate-marker.property.unknown.focal.not-hl.viewed:hover .uitk-eg-maps-primary-icon,.uitk-eg-maps .pin-obfuscate-marker.property.unknown.focal.not-hl:hover .uitk-eg-maps-primary-icon{color:#191e3b}.uitk-eg-maps .pin-marker.product.available.focal.not-hl.viewed:hover.frame-pin .frame,.uitk-eg-maps .pin-marker.product.available.focal.not-hl:hover.frame-pin .frame,.uitk-eg-maps .pin-marker.product.filtered.focal.not-hl.viewed:hover.frame-pin .frame,.uitk-eg-maps .pin-marker.product.filtered.focal.not-hl:hover.frame-pin .frame,.uitk-eg-maps .pin-marker.product.unknown.focal.not-hl.viewed:hover.frame-pin .frame,.uitk-eg-maps .pin-marker.product.unknown.focal.not-hl:hover.frame-pin .frame,.uitk-eg-maps .pin-marker.property.available.focal.not-hl.viewed:hover.frame-pin .frame,.uitk-eg-maps .pin-marker.property.available.focal.not-hl:hover.frame-pin .frame,.uitk-eg-maps .pin-marker.property.filtered.focal.not-hl.viewed:hover.frame-pin .frame,.uitk-eg-maps .pin-marker.property.filtered.focal.not-hl:hover.frame-pin .frame,.uitk-eg-maps .pin-marker.property.unknown.focal.not-hl.viewed:hover.frame-pin .frame,.uitk-eg-maps .pin-marker.property.unknown.focal.not-hl:hover.frame-pin .frame,.uitk-eg-maps .pin-obfuscate-marker.product.available.focal.not-hl.viewed:hover.frame-pin .frame,.uitk-eg-maps .pin-obfuscate-marker.product.available.focal.not-hl:hover.frame-pin .frame,.uitk-eg-maps .pin-obfuscate-marker.product.filtered.focal.not-hl.viewed:hover.frame-pin .frame,.uitk-eg-maps .pin-obfuscate-marker.product.filtered.focal.not-hl:hover.frame-pin .frame,.uitk-eg-maps .pin-obfuscate-marker.product.unknown.focal.not-hl.viewed:hover.frame-pin .frame,.uitk-eg-maps .pin-obfuscate-marker.product.unknown.focal.not-hl:hover.frame-pin .frame,.uitk-eg-maps .pin-obfuscate-marker.property.available.focal.not-hl.viewed:hover.frame-pin .frame,.uitk-eg-maps .pin-obfuscate-marker.property.available.focal.not-hl:hover.frame-pin .frame,.uitk-eg-maps .pin-obfuscate-marker.property.filtered.focal.not-hl.viewed:hover.frame-pin .frame,.uitk-eg-maps .pin-obfuscate-marker.property.filtered.focal.not-hl:hover.frame-pin .frame,.uitk-eg-maps .pin-obfuscate-marker.property.unknown.focal.not-hl.viewed:hover.frame-pin .frame,.uitk-eg-maps .pin-obfuscate-marker.property.unknown.focal.not-hl:hover.frame-pin .frame{align-items:center;background:#f3f3f5;border:1px solid #191e3b;filter:drop-shadow(0 2px .25rem rgba(16,16,16,.2));justify-content:center;margin-bottom:unset;padding-inline-end:.25rem;padding-inline-start:.25rem}.uitk-eg-maps .pin-marker.product.available.focal.not-hl.viewed:hover.frame-pin .frame:before,.uitk-eg-maps .pin-marker.product.available.focal.not-hl:hover.frame-pin .frame:before,.uitk-eg-maps .pin-marker.product.filtered.focal.not-hl.viewed:hover.frame-pin .frame:before,.uitk-eg-maps .pin-marker.product.filtered.focal.not-hl:hover.frame-pin .frame:before,.uitk-eg-maps .pin-marker.product.unknown.focal.not-hl.viewed:hover.frame-pin .frame:before,.uitk-eg-maps .pin-marker.product.unknown.focal.not-hl:hover.frame-pin .frame:before,.uitk-eg-maps .pin-marker.property.available.focal.not-hl.viewed:hover.frame-pin .frame:before,.uitk-eg-maps .pin-marker.property.available.focal.not-hl:hover.frame-pin .frame:before,.uitk-eg-maps .pin-marker.property.filtered.focal.not-hl.viewed:hover.frame-pin .frame:before,.uitk-eg-maps .pin-marker.property.filtered.focal.not-hl:hover.frame-pin .frame:before,.uitk-eg-maps .pin-marker.property.unknown.focal.not-hl.viewed:hover.frame-pin .frame:before,.uitk-eg-maps .pin-marker.property.unknown.focal.not-hl:hover.frame-pin .frame:before,.uitk-eg-maps .pin-obfuscate-marker.product.available.focal.not-hl.viewed:hover.frame-pin .frame:before,.uitk-eg-maps .pin-obfuscate-marker.product.available.focal.not-hl:hover.frame-pin .frame:before,.uitk-eg-maps .pin-obfuscate-marker.product.filtered.focal.not-hl.viewed:hover.frame-pin .frame:before,.uitk-eg-maps .pin-obfuscate-marker.product.filtered.focal.not-hl:hover.frame-pin .frame:before,.uitk-eg-maps .pin-obfuscate-marker.product.unknown.focal.not-hl.viewed:hover.frame-pin .frame:before,.uitk-eg-maps .pin-obfuscate-marker.product.unknown.focal.not-hl:hover.frame-pin .frame:before,.uitk-eg-maps .pin-obfuscate-marker.property.available.focal.not-hl.viewed:hover.frame-pin .frame:before,.uitk-eg-maps .pin-obfuscate-marker.property.available.focal.not-hl:hover.frame-pin .frame:before,.uitk-eg-maps .pin-obfuscate-marker.property.filtered.focal.not-hl.viewed:hover.frame-pin .frame:before,.uitk-eg-maps .pin-obfuscate-marker.property.filtered.focal.not-hl:hover.frame-pin .frame:before,.uitk-eg-maps .pin-obfuscate-marker.property.unknown.focal.not-hl.viewed:hover.frame-pin .frame:before,.uitk-eg-maps .pin-obfuscate-marker.property.unknown.focal.not-hl:hover.frame-pin .frame:before{border-color:#191e3b transparent transparent;border-style:solid;border-width:.375rem calc(.1875rem + 1px) 1px;content:"";position:absolute;top:100%;transform:translateX(-50%) translateY(0)}.uitk-eg-maps .pin-marker.product.available.focal.not-hl.viewed:hover.frame-pin .frame:after,.uitk-eg-maps .pin-marker.product.available.focal.not-hl:hover.frame-pin .frame:after,.uitk-eg-maps .pin-marker.product.filtered.focal.not-hl.viewed:hover.frame-pin .frame:after,.uitk-eg-maps .pin-marker.product.filtered.focal.not-hl:hover.frame-pin .frame:after,.uitk-eg-maps .pin-marker.product.unknown.focal.not-hl.viewed:hover.frame-pin .frame:after,.uitk-eg-maps .pin-marker.product.unknown.focal.not-hl:hover.frame-pin .frame:after,.uitk-eg-maps .pin-marker.property.available.focal.not-hl.viewed:hover.frame-pin .frame:after,.uitk-eg-maps .pin-marker.property.available.focal.not-hl:hover.frame-pin .frame:after,.uitk-eg-maps .pin-marker.property.filtered.focal.not-hl.viewed:hover.frame-pin .frame:after,.uitk-eg-maps .pin-marker.property.filtered.focal.not-hl:hover.frame-pin .frame:after,.uitk-eg-maps .pin-marker.property.unknown.focal.not-hl.viewed:hover.frame-pin .frame:after,.uitk-eg-maps .pin-marker.property.unknown.focal.not-hl:hover.frame-pin .frame:after,.uitk-eg-maps .pin-obfuscate-marker.product.available.focal.not-hl.viewed:hover.frame-pin .frame:after,.uitk-eg-maps .pin-obfuscate-marker.product.available.focal.not-hl:hover.frame-pin .frame:after,.uitk-eg-maps .pin-obfuscate-marker.product.filtered.focal.not-hl.viewed:hover.frame-pin .frame:after,.uitk-eg-maps .pin-obfuscate-marker.product.filtered.focal.not-hl:hover.frame-pin .frame:after,.uitk-eg-maps .pin-obfuscate-marker.product.unknown.focal.not-hl.viewed:hover.frame-pin .frame:after,.uitk-eg-maps .pin-obfuscate-marker.product.unknown.focal.not-hl:hover.frame-pin .frame:after,.uitk-eg-maps .pin-obfuscate-marker.property.available.focal.not-hl.viewed:hover.frame-pin .frame:after,.uitk-eg-maps .pin-obfuscate-marker.property.available.focal.not-hl:hover.frame-pin .frame:after,.uitk-eg-maps .pin-obfuscate-marker.property.filtered.focal.not-hl.viewed:hover.frame-pin .frame:after,.uitk-eg-maps .pin-obfuscate-marker.property.filtered.focal.not-hl:hover.frame-pin .frame:after,.uitk-eg-maps .pin-obfuscate-marker.property.unknown.focal.not-hl.viewed:hover.frame-pin .frame:after,.uitk-eg-maps .pin-obfuscate-marker.property.unknown.focal.not-hl:hover.frame-pin .frame:after{border-color:#f3f3f5 transparent transparent;border-style:solid;border-width:.375rem .1875rem 0;content:"";position:absolute;top:100%;transform:translateX(-50%) translateY(-1px)}.uitk-eg-maps .pin-marker.product.available.focal.not-hl.viewed:hover.frame-circle .frame,.uitk-eg-maps .pin-marker.product.available.focal.not-hl:hover.frame-circle .frame,.uitk-eg-maps .pin-marker.product.filtered.focal.not-hl.viewed:hover.frame-circle .frame,.uitk-eg-maps .pin-marker.product.filtered.focal.not-hl:hover.frame-circle .frame,.uitk-eg-maps .pin-marker.product.unknown.focal.not-hl.viewed:hover.frame-circle .frame,.uitk-eg-maps .pin-marker.product.unknown.focal.not-hl:hover.frame-circle .frame,.uitk-eg-maps .pin-marker.property.available.focal.not-hl.viewed:hover.frame-circle .frame,.uitk-eg-maps .pin-marker.property.available.focal.not-hl:hover.frame-circle .frame,.uitk-eg-maps .pin-marker.property.filtered.focal.not-hl.viewed:hover.frame-circle .frame,.uitk-eg-maps .pin-marker.property.filtered.focal.not-hl:hover.frame-circle .frame,.uitk-eg-maps .pin-marker.property.unknown.focal.not-hl.viewed:hover.frame-circle .frame,.uitk-eg-maps .pin-marker.property.unknown.focal.not-hl:hover.frame-circle .frame,.uitk-eg-maps .pin-obfuscate-marker.product.available.focal.not-hl.viewed:hover.frame-circle .frame,.uitk-eg-maps .pin-obfuscate-marker.product.available.focal.not-hl:hover.frame-circle .frame,.uitk-eg-maps .pin-obfuscate-marker.product.filtered.focal.not-hl.viewed:hover.frame-circle .frame,.uitk-eg-maps .pin-obfuscate-marker.product.filtered.focal.not-hl:hover.frame-circle .frame,.uitk-eg-maps .pin-obfuscate-marker.product.unknown.focal.not-hl.viewed:hover.frame-circle .frame,.uitk-eg-maps .pin-obfuscate-marker.product.unknown.focal.not-hl:hover.frame-circle .frame,.uitk-eg-maps .pin-obfuscate-marker.property.available.focal.not-hl.viewed:hover.frame-circle .frame,.uitk-eg-maps .pin-obfuscate-marker.property.available.focal.not-hl:hover.frame-circle .frame,.uitk-eg-maps .pin-obfuscate-marker.property.filtered.focal.not-hl.viewed:hover.frame-circle .frame,.uitk-eg-maps .pin-obfuscate-marker.property.filtered.focal.not-hl:hover.frame-circle .frame,.uitk-eg-maps .pin-obfuscate-marker.property.unknown.focal.not-hl.viewed:hover.frame-circle .frame,.uitk-eg-maps .pin-obfuscate-marker.property.unknown.focal.not-hl:hover.frame-circle .frame{background:#f3f3f5;border:1px solid #191e3b;filter:drop-shadow(0 2px .25rem rgba(16,16,16,.2))}.uitk-eg-maps .pin-marker.product.available.focal.hl .uitk-eg-maps-primary-icon,.uitk-eg-maps .pin-marker.product.filtered.focal.hl .uitk-eg-maps-primary-icon,.uitk-eg-maps .pin-marker.product.unknown.focal.hl .uitk-eg-maps-primary-icon,.uitk-eg-maps .pin-marker.property.available.focal.hl .uitk-eg-maps-primary-icon,.uitk-eg-maps .pin-marker.property.filtered.focal.hl .uitk-eg-maps-primary-icon,.uitk-eg-maps .pin-marker.property.unknown.focal.hl .uitk-eg-maps-primary-icon,.uitk-eg-maps .pin-obfuscate-marker.product.available.focal.hl .uitk-eg-maps-primary-icon,.uitk-eg-maps .pin-obfuscate-marker.product.filtered.focal.hl .uitk-eg-maps-primary-icon,.uitk-eg-maps .pin-obfuscate-marker.product.unknown.focal.hl .uitk-eg-maps-primary-icon,.uitk-eg-maps .pin-obfuscate-marker.property.available.focal.hl .uitk-eg-maps-primary-icon,.uitk-eg-maps .pin-obfuscate-marker.property.filtered.focal.hl .uitk-eg-maps-primary-icon,.uitk-eg-maps .pin-obfuscate-marker.property.unknown.focal.hl .uitk-eg-maps-primary-icon{color:#fff}.uitk-eg-maps .pin-marker.product.available.focal.hl.frame-pin .frame,.uitk-eg-maps .pin-marker.product.filtered.focal.hl.frame-pin .frame,.uitk-eg-maps .pin-marker.product.unknown.focal.hl.frame-pin .frame,.uitk-eg-maps .pin-marker.property.available.focal.hl.frame-pin .frame,.uitk-eg-maps .pin-marker.property.filtered.focal.hl.frame-pin .frame,.uitk-eg-maps .pin-marker.property.unknown.focal.hl.frame-pin .frame,.uitk-eg-maps .pin-obfuscate-marker.product.available.focal.hl.frame-pin .frame,.uitk-eg-maps .pin-obfuscate-marker.product.filtered.focal.hl.frame-pin .frame,.uitk-eg-maps .pin-obfuscate-marker.product.unknown.focal.hl.frame-pin .frame,.uitk-eg-maps .pin-obfuscate-marker.property.available.focal.hl.frame-pin .frame,.uitk-eg-maps .pin-obfuscate-marker.property.filtered.focal.hl.frame-pin .frame,.uitk-eg-maps .pin-obfuscate-marker.property.unknown.focal.hl.frame-pin .frame{align-items:center;background:#191e3b;border:1px solid #191e3b;filter:drop-shadow(0 2px .25rem rgba(16,16,16,.2));justify-content:center;margin-bottom:unset;padding-inline-end:.25rem;padding-inline-start:.25rem}.uitk-eg-maps .pin-marker.product.available.focal.hl.frame-pin .frame:before,.uitk-eg-maps .pin-marker.product.filtered.focal.hl.frame-pin .frame:before,.uitk-eg-maps .pin-marker.product.unknown.focal.hl.frame-pin .frame:before,.uitk-eg-maps .pin-marker.property.available.focal.hl.frame-pin .frame:before,.uitk-eg-maps .pin-marker.property.filtered.focal.hl.frame-pin .frame:before,.uitk-eg-maps .pin-marker.property.unknown.focal.hl.frame-pin .frame:before,.uitk-eg-maps .pin-obfuscate-marker.product.available.focal.hl.frame-pin .frame:before,.uitk-eg-maps .pin-obfuscate-marker.product.filtered.focal.hl.frame-pin .frame:before,.uitk-eg-maps .pin-obfuscate-marker.product.unknown.focal.hl.frame-pin .frame:before,.uitk-eg-maps .pin-obfuscate-marker.property.available.focal.hl.frame-pin .frame:before,.uitk-eg-maps .pin-obfuscate-marker.property.filtered.focal.hl.frame-pin .frame:before,.uitk-eg-maps .pin-obfuscate-marker.property.unknown.focal.hl.frame-pin .frame:before{border-color:#191e3b transparent transparent;border-style:solid;border-width:.375rem calc(.1875rem + 1px) 1px;content:"";position:absolute;top:100%;transform:translateX(-50%) translateY(0)}.uitk-eg-maps .pin-marker.product.available.focal.hl.frame-pin .frame:after,.uitk-eg-maps .pin-marker.product.filtered.focal.hl.frame-pin .frame:after,.uitk-eg-maps .pin-marker.product.unknown.focal.hl.frame-pin .frame:after,.uitk-eg-maps .pin-marker.property.available.focal.hl.frame-pin .frame:after,.uitk-eg-maps .pin-marker.property.filtered.focal.hl.frame-pin .frame:after,.uitk-eg-maps .pin-marker.property.unknown.focal.hl.frame-pin .frame:after,.uitk-eg-maps .pin-obfuscate-marker.product.available.focal.hl.frame-pin .frame:after,.uitk-eg-maps .pin-obfuscate-marker.product.filtered.focal.hl.frame-pin .frame:after,.uitk-eg-maps .pin-obfuscate-marker.product.unknown.focal.hl.frame-pin .frame:after,.uitk-eg-maps .pin-obfuscate-marker.property.available.focal.hl.frame-pin .frame:after,.uitk-eg-maps .pin-obfuscate-marker.property.filtered.focal.hl.frame-pin .frame:after,.uitk-eg-maps .pin-obfuscate-marker.property.unknown.focal.hl.frame-pin .frame:after{border-color:#191e3b transparent transparent;border-style:solid;border-width:.375rem .1875rem 0;content:"";position:absolute;top:100%;transform:translateX(-50%) translateY(-1px)}.uitk-eg-maps .pin-marker.product.available.focal.hl.frame-circle .frame,.uitk-eg-maps .pin-marker.product.filtered.focal.hl.frame-circle .frame,.uitk-eg-maps .pin-marker.product.unknown.focal.hl.frame-circle .frame,.uitk-eg-maps .pin-marker.property.available.focal.hl.frame-circle .frame,.uitk-eg-maps .pin-marker.property.filtered.focal.hl.frame-circle .frame,.uitk-eg-maps .pin-marker.property.unknown.focal.hl.frame-circle .frame,.uitk-eg-maps .pin-obfuscate-marker.product.available.focal.hl.frame-circle .frame,.uitk-eg-maps .pin-obfuscate-marker.product.filtered.focal.hl.frame-circle .frame,.uitk-eg-maps .pin-obfuscate-marker.product.unknown.focal.hl.frame-circle .frame,.uitk-eg-maps .pin-obfuscate-marker.property.available.focal.hl.frame-circle .frame,.uitk-eg-maps .pin-obfuscate-marker.property.filtered.focal.hl.frame-circle .frame,.uitk-eg-maps .pin-obfuscate-marker.property.unknown.focal.hl.frame-circle .frame{background:#191e3b;border:1px solid #191e3b;filter:drop-shadow(0 2px .25rem rgba(16,16,16,.2))}.uitk-eg-maps .pin-marker.product.available.focal.hl:hover .uitk-eg-maps-primary-icon,.uitk-eg-maps .pin-marker.product.filtered.focal.hl:hover .uitk-eg-maps-primary-icon,.uitk-eg-maps .pin-marker.product.unknown.focal.hl:hover .uitk-eg-maps-primary-icon,.uitk-eg-maps .pin-marker.property.available.focal.hl:hover .uitk-eg-maps-primary-icon,.uitk-eg-maps .pin-marker.property.filtered.focal.hl:hover .uitk-eg-maps-primary-icon,.uitk-eg-maps .pin-marker.property.unknown.focal.hl:hover .uitk-eg-maps-primary-icon,.uitk-eg-maps .pin-obfuscate-marker.product.available.focal.hl:hover .uitk-eg-maps-primary-icon,.uitk-eg-maps .pin-obfuscate-marker.product.filtered.focal.hl:hover .uitk-eg-maps-primary-icon,.uitk-eg-maps .pin-obfuscate-marker.product.unknown.focal.hl:hover .uitk-eg-maps-primary-icon,.uitk-eg-maps .pin-obfuscate-marker.property.available.focal.hl:hover .uitk-eg-maps-primary-icon,.uitk-eg-maps .pin-obfuscate-marker.property.filtered.focal.hl:hover .uitk-eg-maps-primary-icon,.uitk-eg-maps .pin-obfuscate-marker.property.unknown.focal.hl:hover .uitk-eg-maps-primary-icon{color:#fff}.uitk-eg-maps .pin-marker.product.available.focal.hl:hover.frame-pin .frame,.uitk-eg-maps .pin-marker.product.filtered.focal.hl:hover.frame-pin .frame,.uitk-eg-maps .pin-marker.product.unknown.focal.hl:hover.frame-pin .frame,.uitk-eg-maps .pin-marker.property.available.focal.hl:hover.frame-pin .frame,.uitk-eg-maps .pin-marker.property.filtered.focal.hl:hover.frame-pin .frame,.uitk-eg-maps .pin-marker.property.unknown.focal.hl:hover.frame-pin .frame,.uitk-eg-maps .pin-obfuscate-marker.product.available.focal.hl:hover.frame-pin .frame,.uitk-eg-maps .pin-obfuscate-marker.product.filtered.focal.hl:hover.frame-pin .frame,.uitk-eg-maps .pin-obfuscate-marker.product.unknown.focal.hl:hover.frame-pin .frame,.uitk-eg-maps .pin-obfuscate-marker.property.available.focal.hl:hover.frame-pin .frame,.uitk-eg-maps .pin-obfuscate-marker.property.filtered.focal.hl:hover.frame-pin .frame,.uitk-eg-maps .pin-obfuscate-marker.property.unknown.focal.hl:hover.frame-pin .frame{align-items:center;background:#4d5167;border:1px solid #191e3b;filter:drop-shadow(0 2px .25rem rgba(16,16,16,.2));justify-content:center;margin-bottom:unset;padding-inline-end:.25rem;padding-inline-start:.25rem}.uitk-eg-maps .pin-marker.product.available.focal.hl:hover.frame-pin .frame:before,.uitk-eg-maps .pin-marker.product.filtered.focal.hl:hover.frame-pin .frame:before,.uitk-eg-maps .pin-marker.product.unknown.focal.hl:hover.frame-pin .frame:before,.uitk-eg-maps .pin-marker.property.available.focal.hl:hover.frame-pin .frame:before,.uitk-eg-maps .pin-marker.property.filtered.focal.hl:hover.frame-pin .frame:before,.uitk-eg-maps .pin-marker.property.unknown.focal.hl:hover.frame-pin .frame:before,.uitk-eg-maps .pin-obfuscate-marker.product.available.focal.hl:hover.frame-pin .frame:before,.uitk-eg-maps .pin-obfuscate-marker.product.filtered.focal.hl:hover.frame-pin .frame:before,.uitk-eg-maps .pin-obfuscate-marker.product.unknown.focal.hl:hover.frame-pin .frame:before,.uitk-eg-maps .pin-obfuscate-marker.property.available.focal.hl:hover.frame-pin .frame:before,.uitk-eg-maps .pin-obfuscate-marker.property.filtered.focal.hl:hover.frame-pin .frame:before,.uitk-eg-maps .pin-obfuscate-marker.property.unknown.focal.hl:hover.frame-pin .frame:before{border-color:#191e3b transparent transparent;border-style:solid;border-width:.375rem calc(.1875rem + 1px) 1px;content:"";position:absolute;top:100%;transform:translateX(-50%) translateY(0)}.uitk-eg-maps .pin-marker.product.available.focal.hl:hover.frame-pin .frame:after,.uitk-eg-maps .pin-marker.product.filtered.focal.hl:hover.frame-pin .frame:after,.uitk-eg-maps .pin-marker.product.unknown.focal.hl:hover.frame-pin .frame:after,.uitk-eg-maps .pin-marker.property.available.focal.hl:hover.frame-pin .frame:after,.uitk-eg-maps .pin-marker.property.filtered.focal.hl:hover.frame-pin .frame:after,.uitk-eg-maps .pin-marker.property.unknown.focal.hl:hover.frame-pin .frame:after,.uitk-eg-maps .pin-obfuscate-marker.product.available.focal.hl:hover.frame-pin .frame:after,.uitk-eg-maps .pin-obfuscate-marker.product.filtered.focal.hl:hover.frame-pin .frame:after,.uitk-eg-maps .pin-obfuscate-marker.product.unknown.focal.hl:hover.frame-pin .frame:after,.uitk-eg-maps .pin-obfuscate-marker.property.available.focal.hl:hover.frame-pin .frame:after,.uitk-eg-maps .pin-obfuscate-marker.property.filtered.focal.hl:hover.frame-pin .frame:after,.uitk-eg-maps .pin-obfuscate-marker.property.unknown.focal.hl:hover.frame-pin .frame:after{border-color:#4d5167 transparent transparent;border-style:solid;border-width:.375rem .1875rem 0;content:"";position:absolute;top:100%;transform:translateX(-50%) translateY(-1px)}.uitk-eg-maps .pin-marker.product.available.focal.hl:hover.frame-circle .frame,.uitk-eg-maps .pin-marker.product.filtered.focal.hl:hover.frame-circle .frame,.uitk-eg-maps .pin-marker.product.unknown.focal.hl:hover.frame-circle .frame,.uitk-eg-maps .pin-marker.property.available.focal.hl:hover.frame-circle .frame,.uitk-eg-maps .pin-marker.property.filtered.focal.hl:hover.frame-circle .frame,.uitk-eg-maps .pin-marker.property.unknown.focal.hl:hover.frame-circle .frame,.uitk-eg-maps .pin-obfuscate-marker.product.available.focal.hl:hover.frame-circle .frame,.uitk-eg-maps .pin-obfuscate-marker.product.filtered.focal.hl:hover.frame-circle .frame,.uitk-eg-maps .pin-obfuscate-marker.product.unknown.focal.hl:hover.frame-circle .frame,.uitk-eg-maps .pin-obfuscate-marker.property.available.focal.hl:hover.frame-circle .frame,.uitk-eg-maps .pin-obfuscate-marker.property.filtered.focal.hl:hover.frame-circle .frame,.uitk-eg-maps .pin-obfuscate-marker.property.unknown.focal.hl:hover.frame-circle .frame{background:#4d5167;border:1px solid #191e3b;filter:drop-shadow(0 2px .25rem rgba(16,16,16,.2))}.uitk-eg-maps .pin-marker.product.available.recommended.not-hl .uitk-eg-maps-primary-icon,.uitk-eg-maps .pin-marker.product.filtered.recommended.not-hl .uitk-eg-maps-primary-icon,.uitk-eg-maps .pin-marker.product.unknown.recommended.not-hl .uitk-eg-maps-primary-icon,.uitk-eg-maps .pin-marker.property.available.recommended.not-hl .uitk-eg-maps-primary-icon,.uitk-eg-maps .pin-marker.property.filtered.recommended.not-hl .uitk-eg-maps-primary-icon,.uitk-eg-maps .pin-marker.property.unknown.recommended.not-hl .uitk-eg-maps-primary-icon,.uitk-eg-maps .pin-obfuscate-marker.product.available.recommended.not-hl .uitk-eg-maps-primary-icon,.uitk-eg-maps .pin-obfuscate-marker.product.filtered.recommended.not-hl .uitk-eg-maps-primary-icon,.uitk-eg-maps .pin-obfuscate-marker.product.unknown.recommended.not-hl .uitk-eg-maps-primary-icon,.uitk-eg-maps .pin-obfuscate-marker.property.available.recommended.not-hl .uitk-eg-maps-primary-icon,.uitk-eg-maps .pin-obfuscate-marker.property.filtered.recommended.not-hl .uitk-eg-maps-primary-icon,.uitk-eg-maps .pin-obfuscate-marker.property.unknown.recommended.not-hl .uitk-eg-maps-primary-icon{color:#191e3b}.uitk-eg-maps .pin-marker.product.available.recommended.not-hl.frame-pin .frame,.uitk-eg-maps .pin-marker.product.filtered.recommended.not-hl.frame-pin .frame,.uitk-eg-maps .pin-marker.product.unknown.recommended.not-hl.frame-pin .frame,.uitk-eg-maps .pin-marker.property.available.recommended.not-hl.frame-pin .frame,.uitk-eg-maps .pin-marker.property.filtered.recommended.not-hl.frame-pin .frame,.uitk-eg-maps .pin-marker.property.unknown.recommended.not-hl.frame-pin .frame,.uitk-eg-maps .pin-obfuscate-marker.product.available.recommended.not-hl.frame-pin .frame,.uitk-eg-maps .pin-obfuscate-marker.product.filtered.recommended.not-hl.frame-pin .frame,.uitk-eg-maps .pin-obfuscate-marker.product.unknown.recommended.not-hl.frame-pin .frame,.uitk-eg-maps .pin-obfuscate-marker.property.available.recommended.not-hl.frame-pin .frame,.uitk-eg-maps .pin-obfuscate-marker.property.filtered.recommended.not-hl.frame-pin .frame,.uitk-eg-maps .pin-obfuscate-marker.property.unknown.recommended.not-hl.frame-pin .frame{align-items:center;background:#ecf4fd;border:1px solid #1668e3;filter:drop-shadow(0 2px .25rem rgba(16,16,16,.2));justify-content:center;margin-bottom:unset;padding-inline-end:.25rem;padding-inline-start:.25rem}.uitk-eg-maps .pin-marker.product.available.recommended.not-hl.frame-pin .frame:before,.uitk-eg-maps .pin-marker.product.filtered.recommended.not-hl.frame-pin .frame:before,.uitk-eg-maps .pin-marker.product.unknown.recommended.not-hl.frame-pin .frame:before,.uitk-eg-maps .pin-marker.property.available.recommended.not-hl.frame-pin .frame:before,.uitk-eg-maps .pin-marker.property.filtered.recommended.not-hl.frame-pin .frame:before,.uitk-eg-maps .pin-marker.property.unknown.recommended.not-hl.frame-pin .frame:before,.uitk-eg-maps .pin-obfuscate-marker.product.available.recommended.not-hl.frame-pin .frame:before,.uitk-eg-maps .pin-obfuscate-marker.product.filtered.recommended.not-hl.frame-pin .frame:before,.uitk-eg-maps .pin-obfuscate-marker.product.unknown.recommended.not-hl.frame-pin .frame:before,.uitk-eg-maps .pin-obfuscate-marker.property.available.recommended.not-hl.frame-pin .frame:before,.uitk-eg-maps .pin-obfuscate-marker.property.filtered.recommended.not-hl.frame-pin .frame:before,.uitk-eg-maps .pin-obfuscate-marker.property.unknown.recommended.not-hl.frame-pin .frame:before{border-color:#1668e3 transparent transparent;border-style:solid;border-width:.375rem calc(.1875rem + 1px) 1px;content:"";position:absolute;top:100%;transform:translateX(-50%) translateY(0)}.uitk-eg-maps .pin-marker.product.available.recommended.not-hl.frame-pin .frame:after,.uitk-eg-maps .pin-marker.product.filtered.recommended.not-hl.frame-pin .frame:after,.uitk-eg-maps .pin-marker.product.unknown.recommended.not-hl.frame-pin .frame:after,.uitk-eg-maps .pin-marker.property.available.recommended.not-hl.frame-pin .frame:after,.uitk-eg-maps .pin-marker.property.filtered.recommended.not-hl.frame-pin .frame:after,.uitk-eg-maps .pin-marker.property.unknown.recommended.not-hl.frame-pin .frame:after,.uitk-eg-maps .pin-obfuscate-marker.product.available.recommended.not-hl.frame-pin .frame:after,.uitk-eg-maps .pin-obfuscate-marker.product.filtered.recommended.not-hl.frame-pin .frame:after,.uitk-eg-maps .pin-obfuscate-marker.product.unknown.recommended.not-hl.frame-pin .frame:after,.uitk-eg-maps .pin-obfuscate-marker.property.available.recommended.not-hl.frame-pin .frame:after,.uitk-eg-maps .pin-obfuscate-marker.property.filtered.recommended.not-hl.frame-pin .frame:after,.uitk-eg-maps .pin-obfuscate-marker.property.unknown.recommended.not-hl.frame-pin .frame:after{border-color:#ecf4fd transparent transparent;border-style:solid;border-width:.375rem .1875rem 0;content:"";position:absolute;top:100%;transform:translateX(-50%) translateY(-1px)}.uitk-eg-maps .pin-marker.product.available.recommended.not-hl.frame-circle .frame,.uitk-eg-maps .pin-marker.product.filtered.recommended.not-hl.frame-circle .frame,.uitk-eg-maps .pin-marker.product.unknown.recommended.not-hl.frame-circle .frame,.uitk-eg-maps .pin-marker.property.available.recommended.not-hl.frame-circle .frame,.uitk-eg-maps .pin-marker.property.filtered.recommended.not-hl.frame-circle .frame,.uitk-eg-maps .pin-marker.property.unknown.recommended.not-hl.frame-circle .frame,.uitk-eg-maps .pin-obfuscate-marker.product.available.recommended.not-hl.frame-circle .frame,.uitk-eg-maps .pin-obfuscate-marker.product.filtered.recommended.not-hl.frame-circle .frame,.uitk-eg-maps .pin-obfuscate-marker.product.unknown.recommended.not-hl.frame-circle .frame,.uitk-eg-maps .pin-obfuscate-marker.property.available.recommended.not-hl.frame-circle .frame,.uitk-eg-maps .pin-obfuscate-marker.property.filtered.recommended.not-hl.frame-circle .frame,.uitk-eg-maps .pin-obfuscate-marker.property.unknown.recommended.not-hl.frame-circle .frame{background:#ecf4fd;border:1px solid #1668e3;filter:drop-shadow(0 2px .25rem rgba(16,16,16,.2))}.uitk-eg-maps .pin-marker.product.available.recommended.not-hl:hover .uitk-eg-maps-primary-icon,.uitk-eg-maps .pin-marker.product.filtered.recommended.not-hl:hover .uitk-eg-maps-primary-icon,.uitk-eg-maps .pin-marker.product.unknown.recommended.not-hl:hover .uitk-eg-maps-primary-icon,.uitk-eg-maps .pin-marker.property.available.recommended.not-hl:hover .uitk-eg-maps-primary-icon,.uitk-eg-maps .pin-marker.property.filtered.recommended.not-hl:hover .uitk-eg-maps-primary-icon,.uitk-eg-maps .pin-marker.property.unknown.recommended.not-hl:hover .uitk-eg-maps-primary-icon,.uitk-eg-maps .pin-obfuscate-marker.product.available.recommended.not-hl:hover .uitk-eg-maps-primary-icon,.uitk-eg-maps .pin-obfuscate-marker.product.filtered.recommended.not-hl:hover .uitk-eg-maps-primary-icon,.uitk-eg-maps .pin-obfuscate-marker.product.unknown.recommended.not-hl:hover .uitk-eg-maps-primary-icon,.uitk-eg-maps .pin-obfuscate-marker.property.available.recommended.not-hl:hover .uitk-eg-maps-primary-icon,.uitk-eg-maps .pin-obfuscate-marker.property.filtered.recommended.not-hl:hover .uitk-eg-maps-primary-icon,.uitk-eg-maps .pin-obfuscate-marker.property.unknown.recommended.not-hl:hover .uitk-eg-maps-primary-icon{color:#191e3b}.uitk-eg-maps .pin-marker.product.available.recommended.not-hl:hover.frame-pin .frame,.uitk-eg-maps .pin-marker.product.filtered.recommended.not-hl:hover.frame-pin .frame,.uitk-eg-maps .pin-marker.product.unknown.recommended.not-hl:hover.frame-pin .frame,.uitk-eg-maps .pin-marker.property.available.recommended.not-hl:hover.frame-pin .frame,.uitk-eg-maps .pin-marker.property.filtered.recommended.not-hl:hover.frame-pin .frame,.uitk-eg-maps .pin-marker.property.unknown.recommended.not-hl:hover.frame-pin .frame,.uitk-eg-maps .pin-obfuscate-marker.product.available.recommended.not-hl:hover.frame-pin .frame,.uitk-eg-maps .pin-obfuscate-marker.product.filtered.recommended.not-hl:hover.frame-pin .frame,.uitk-eg-maps .pin-obfuscate-marker.product.unknown.recommended.not-hl:hover.frame-pin .frame,.uitk-eg-maps .pin-obfuscate-marker.property.available.recommended.not-hl:hover.frame-pin .frame,.uitk-eg-maps .pin-obfuscate-marker.property.filtered.recommended.not-hl:hover.frame-pin .frame,.uitk-eg-maps .pin-obfuscate-marker.property.unknown.recommended.not-hl:hover.frame-pin .frame{align-items:center;background:#c8dff9;border:1px solid #1668e3;filter:drop-shadow(0 2px .25rem rgba(16,16,16,.2));justify-content:center;margin-bottom:unset;padding-inline-end:.25rem;padding-inline-start:.25rem}.uitk-eg-maps .pin-marker.product.available.recommended.not-hl:hover.frame-pin .frame:before,.uitk-eg-maps .pin-marker.product.filtered.recommended.not-hl:hover.frame-pin .frame:before,.uitk-eg-maps .pin-marker.product.unknown.recommended.not-hl:hover.frame-pin .frame:before,.uitk-eg-maps .pin-marker.property.available.recommended.not-hl:hover.frame-pin .frame:before,.uitk-eg-maps .pin-marker.property.filtered.recommended.not-hl:hover.frame-pin .frame:before,.uitk-eg-maps .pin-marker.property.unknown.recommended.not-hl:hover.frame-pin .frame:before,.uitk-eg-maps .pin-obfuscate-marker.product.available.recommended.not-hl:hover.frame-pin .frame:before,.uitk-eg-maps .pin-obfuscate-marker.product.filtered.recommended.not-hl:hover.frame-pin .frame:before,.uitk-eg-maps .pin-obfuscate-marker.product.unknown.recommended.not-hl:hover.frame-pin .frame:before,.uitk-eg-maps .pin-obfuscate-marker.property.available.recommended.not-hl:hover.frame-pin .frame:before,.uitk-eg-maps .pin-obfuscate-marker.property.filtered.recommended.not-hl:hover.frame-pin .frame:before,.uitk-eg-maps .pin-obfuscate-marker.property.unknown.recommended.not-hl:hover.frame-pin .frame:before{border-color:#1668e3 transparent transparent;border-style:solid;border-width:.375rem calc(.1875rem + 1px) 1px;content:"";position:absolute;top:100%;transform:translateX(-50%) translateY(0)}.uitk-eg-maps .pin-marker.product.available.recommended.not-hl:hover.frame-pin .frame:after,.uitk-eg-maps .pin-marker.product.filtered.recommended.not-hl:hover.frame-pin .frame:after,.uitk-eg-maps .pin-marker.product.unknown.recommended.not-hl:hover.frame-pin .frame:after,.uitk-eg-maps .pin-marker.property.available.recommended.not-hl:hover.frame-pin .frame:after,.uitk-eg-maps .pin-marker.property.filtered.recommended.not-hl:hover.frame-pin .frame:after,.uitk-eg-maps .pin-marker.property.unknown.recommended.not-hl:hover.frame-pin .frame:after,.uitk-eg-maps .pin-obfuscate-marker.product.available.recommended.not-hl:hover.frame-pin .frame:after,.uitk-eg-maps .pin-obfuscate-marker.product.filtered.recommended.not-hl:hover.frame-pin .frame:after,.uitk-eg-maps .pin-obfuscate-marker.product.unknown.recommended.not-hl:hover.frame-pin .frame:after,.uitk-eg-maps .pin-obfuscate-marker.property.available.recommended.not-hl:hover.frame-pin .frame:after,.uitk-eg-maps .pin-obfuscate-marker.property.filtered.recommended.not-hl:hover.frame-pin .frame:after,.uitk-eg-maps .pin-obfuscate-marker.property.unknown.recommended.not-hl:hover.frame-pin .frame:after{border-color:#c8dff9 transparent transparent;border-style:solid;border-width:.375rem .1875rem 0;content:"";position:absolute;top:100%;transform:translateX(-50%) translateY(-1px)}.uitk-eg-maps .pin-marker.product.available.recommended.not-hl:hover.frame-circle .frame,.uitk-eg-maps .pin-marker.product.filtered.recommended.not-hl:hover.frame-circle .frame,.uitk-eg-maps .pin-marker.product.unknown.recommended.not-hl:hover.frame-circle .frame,.uitk-eg-maps .pin-marker.property.available.recommended.not-hl:hover.frame-circle .frame,.uitk-eg-maps .pin-marker.property.filtered.recommended.not-hl:hover.frame-circle .frame,.uitk-eg-maps .pin-marker.property.unknown.recommended.not-hl:hover.frame-circle .frame,.uitk-eg-maps .pin-obfuscate-marker.product.available.recommended.not-hl:hover.frame-circle .frame,.uitk-eg-maps .pin-obfuscate-marker.product.filtered.recommended.not-hl:hover.frame-circle .frame,.uitk-eg-maps .pin-obfuscate-marker.product.unknown.recommended.not-hl:hover.frame-circle .frame,.uitk-eg-maps .pin-obfuscate-marker.property.available.recommended.not-hl:hover.frame-circle .frame,.uitk-eg-maps .pin-obfuscate-marker.property.filtered.recommended.not-hl:hover.frame-circle .frame,.uitk-eg-maps .pin-obfuscate-marker.property.unknown.recommended.not-hl:hover.frame-circle .frame{background:#c8dff9;border:1px solid #1668e3;filter:drop-shadow(0 2px .25rem rgba(16,16,16,.2))}.uitk-eg-maps .pin-marker.product.available.recommended.hl .uitk-eg-maps-primary-icon,.uitk-eg-maps .pin-marker.product.filtered.recommended.hl .uitk-eg-maps-primary-icon,.uitk-eg-maps .pin-marker.product.unknown.recommended.hl .uitk-eg-maps-primary-icon,.uitk-eg-maps .pin-marker.property.available.recommended.hl .uitk-eg-maps-primary-icon,.uitk-eg-maps .pin-marker.property.filtered.recommended.hl .uitk-eg-maps-primary-icon,.uitk-eg-maps .pin-marker.property.unknown.recommended.hl .uitk-eg-maps-primary-icon,.uitk-eg-maps .pin-obfuscate-marker.product.available.recommended.hl .uitk-eg-maps-primary-icon,.uitk-eg-maps .pin-obfuscate-marker.product.filtered.recommended.hl .uitk-eg-maps-primary-icon,.uitk-eg-maps .pin-obfuscate-marker.product.unknown.recommended.hl .uitk-eg-maps-primary-icon,.uitk-eg-maps .pin-obfuscate-marker.property.available.recommended.hl .uitk-eg-maps-primary-icon,.uitk-eg-maps .pin-obfuscate-marker.property.filtered.recommended.hl .uitk-eg-maps-primary-icon,.uitk-eg-maps .pin-obfuscate-marker.property.unknown.recommended.hl .uitk-eg-maps-primary-icon{color:#fff}.uitk-eg-maps .pin-marker.product.available.recommended.hl.frame-pin .frame,.uitk-eg-maps .pin-marker.product.filtered.recommended.hl.frame-pin .frame,.uitk-eg-maps .pin-marker.product.unknown.recommended.hl.frame-pin .frame,.uitk-eg-maps .pin-marker.property.available.recommended.hl.frame-pin .frame,.uitk-eg-maps .pin-marker.property.filtered.recommended.hl.frame-pin .frame,.uitk-eg-maps .pin-marker.property.unknown.recommended.hl.frame-pin .frame,.uitk-eg-maps .pin-obfuscate-marker.product.available.recommended.hl.frame-pin .frame,.uitk-eg-maps .pin-obfuscate-marker.product.filtered.recommended.hl.frame-pin .frame,.uitk-eg-maps .pin-obfuscate-marker.product.unknown.recommended.hl.frame-pin .frame,.uitk-eg-maps .pin-obfuscate-marker.property.available.recommended.hl.frame-pin .frame,.uitk-eg-maps .pin-obfuscate-marker.property.filtered.recommended.hl.frame-pin .frame,.uitk-eg-maps .pin-obfuscate-marker.property.unknown.recommended.hl.frame-pin .frame{align-items:center;background:#191e3b;border:1px solid #676a7d;filter:drop-shadow(0 2px .25rem rgba(16,16,16,.2));justify-content:center;margin-bottom:unset;padding-inline-end:.25rem;padding-inline-start:.25rem}.uitk-eg-maps .pin-marker.product.available.recommended.hl.frame-pin .frame:before,.uitk-eg-maps .pin-marker.product.filtered.recommended.hl.frame-pin .frame:before,.uitk-eg-maps .pin-marker.product.unknown.recommended.hl.frame-pin .frame:before,.uitk-eg-maps .pin-marker.property.available.recommended.hl.frame-pin .frame:before,.uitk-eg-maps .pin-marker.property.filtered.recommended.hl.frame-pin .frame:before,.uitk-eg-maps .pin-marker.property.unknown.recommended.hl.frame-pin .frame:before,.uitk-eg-maps .pin-obfuscate-marker.product.available.recommended.hl.frame-pin .frame:before,.uitk-eg-maps .pin-obfuscate-marker.product.filtered.recommended.hl.frame-pin .frame:before,.uitk-eg-maps .pin-obfuscate-marker.product.unknown.recommended.hl.frame-pin .frame:before,.uitk-eg-maps .pin-obfuscate-marker.property.available.recommended.hl.frame-pin .frame:before,.uitk-eg-maps .pin-obfuscate-marker.property.filtered.recommended.hl.frame-pin .frame:before,.uitk-eg-maps .pin-obfuscate-marker.property.unknown.recommended.hl.frame-pin .frame:before{border-color:#676a7d transparent transparent;border-style:solid;border-width:.375rem calc(.1875rem + 1px) 1px;content:"";position:absolute;top:100%;transform:translateX(-50%) translateY(0)}.uitk-eg-maps .pin-marker.product.available.recommended.hl.frame-pin .frame:after,.uitk-eg-maps .pin-marker.product.filtered.recommended.hl.frame-pin .frame:after,.uitk-eg-maps .pin-marker.product.unknown.recommended.hl.frame-pin .frame:after,.uitk-eg-maps .pin-marker.property.available.recommended.hl.frame-pin .frame:after,.uitk-eg-maps .pin-marker.property.filtered.recommended.hl.frame-pin .frame:after,.uitk-eg-maps .pin-marker.property.unknown.recommended.hl.frame-pin .frame:after,.uitk-eg-maps .pin-obfuscate-marker.product.available.recommended.hl.frame-pin .frame:after,.uitk-eg-maps .pin-obfuscate-marker.product.filtered.recommended.hl.frame-pin .frame:after,.uitk-eg-maps .pin-obfuscate-marker.product.unknown.recommended.hl.frame-pin .frame:after,.uitk-eg-maps .pin-obfuscate-marker.property.available.recommended.hl.frame-pin .frame:after,.uitk-eg-maps .pin-obfuscate-marker.property.filtered.recommended.hl.frame-pin .frame:after,.uitk-eg-maps .pin-obfuscate-marker.property.unknown.recommended.hl.frame-pin .frame:after{border-color:#191e3b transparent transparent;border-style:solid;border-width:.375rem .1875rem 0;content:"";position:absolute;top:100%;transform:translateX(-50%) translateY(-1px)}.uitk-eg-maps .pin-marker.product.available.recommended.hl.frame-circle .frame,.uitk-eg-maps .pin-marker.product.filtered.recommended.hl.frame-circle .frame,.uitk-eg-maps .pin-marker.product.unknown.recommended.hl.frame-circle .frame,.uitk-eg-maps .pin-marker.property.available.recommended.hl.frame-circle .frame,.uitk-eg-maps .pin-marker.property.filtered.recommended.hl.frame-circle .frame,.uitk-eg-maps .pin-marker.property.unknown.recommended.hl.frame-circle .frame,.uitk-eg-maps .pin-obfuscate-marker.product.available.recommended.hl.frame-circle .frame,.uitk-eg-maps .pin-obfuscate-marker.product.filtered.recommended.hl.frame-circle .frame,.uitk-eg-maps .pin-obfuscate-marker.product.unknown.recommended.hl.frame-circle .frame,.uitk-eg-maps .pin-obfuscate-marker.property.available.recommended.hl.frame-circle .frame,.uitk-eg-maps .pin-obfuscate-marker.property.filtered.recommended.hl.frame-circle .frame,.uitk-eg-maps .pin-obfuscate-marker.property.unknown.recommended.hl.frame-circle .frame{background:#191e3b;border:1px solid #676a7d;filter:drop-shadow(0 2px .25rem rgba(16,16,16,.2))}.uitk-eg-maps .pin-marker.product.available.recommended.hl:hover .uitk-eg-maps-primary-icon,.uitk-eg-maps .pin-marker.product.filtered.recommended.hl:hover .uitk-eg-maps-primary-icon,.uitk-eg-maps .pin-marker.product.unknown.recommended.hl:hover .uitk-eg-maps-primary-icon,.uitk-eg-maps .pin-marker.property.available.recommended.hl:hover .uitk-eg-maps-primary-icon,.uitk-eg-maps .pin-marker.property.filtered.recommended.hl:hover .uitk-eg-maps-primary-icon,.uitk-eg-maps .pin-marker.property.unknown.recommended.hl:hover .uitk-eg-maps-primary-icon,.uitk-eg-maps .pin-obfuscate-marker.product.available.recommended.hl:hover .uitk-eg-maps-primary-icon,.uitk-eg-maps .pin-obfuscate-marker.product.filtered.recommended.hl:hover .uitk-eg-maps-primary-icon,.uitk-eg-maps .pin-obfuscate-marker.product.unknown.recommended.hl:hover .uitk-eg-maps-primary-icon,.uitk-eg-maps .pin-obfuscate-marker.property.available.recommended.hl:hover .uitk-eg-maps-primary-icon,.uitk-eg-maps .pin-obfuscate-marker.property.filtered.recommended.hl:hover .uitk-eg-maps-primary-icon,.uitk-eg-maps .pin-obfuscate-marker.property.unknown.recommended.hl:hover .uitk-eg-maps-primary-icon{color:#fff}.uitk-eg-maps .pin-marker.product.available.recommended.hl:hover.frame-pin .frame,.uitk-eg-maps .pin-marker.product.filtered.recommended.hl:hover.frame-pin .frame,.uitk-eg-maps .pin-marker.product.unknown.recommended.hl:hover.frame-pin .frame,.uitk-eg-maps .pin-marker.property.available.recommended.hl:hover.frame-pin .frame,.uitk-eg-maps .pin-marker.property.filtered.recommended.hl:hover.frame-pin .frame,.uitk-eg-maps .pin-marker.property.unknown.recommended.hl:hover.frame-pin .frame,.uitk-eg-maps .pin-obfuscate-marker.product.available.recommended.hl:hover.frame-pin .frame,.uitk-eg-maps .pin-obfuscate-marker.product.filtered.recommended.hl:hover.frame-pin .frame,.uitk-eg-maps .pin-obfuscate-marker.product.unknown.recommended.hl:hover.frame-pin .frame,.uitk-eg-maps .pin-obfuscate-marker.property.available.recommended.hl:hover.frame-pin .frame,.uitk-eg-maps .pin-obfuscate-marker.property.filtered.recommended.hl:hover.frame-pin .frame,.uitk-eg-maps .pin-obfuscate-marker.property.unknown.recommended.hl:hover.frame-pin .frame{align-items:center;background:#4d5167;border:1px solid #676a7d;filter:drop-shadow(0 2px .25rem rgba(16,16,16,.2));justify-content:center;margin-bottom:unset;padding-inline-end:.25rem;padding-inline-start:.25rem}.uitk-eg-maps .pin-marker.product.available.recommended.hl:hover.frame-pin .frame:before,.uitk-eg-maps .pin-marker.product.filtered.recommended.hl:hover.frame-pin .frame:before,.uitk-eg-maps .pin-marker.product.unknown.recommended.hl:hover.frame-pin .frame:before,.uitk-eg-maps .pin-marker.property.available.recommended.hl:hover.frame-pin .frame:before,.uitk-eg-maps .pin-marker.property.filtered.recommended.hl:hover.frame-pin .frame:before,.uitk-eg-maps .pin-marker.property.unknown.recommended.hl:hover.frame-pin .frame:before,.uitk-eg-maps .pin-obfuscate-marker.product.available.recommended.hl:hover.frame-pin .frame:before,.uitk-eg-maps .pin-obfuscate-marker.product.filtered.recommended.hl:hover.frame-pin .frame:before,.uitk-eg-maps .pin-obfuscate-marker.product.unknown.recommended.hl:hover.frame-pin .frame:before,.uitk-eg-maps .pin-obfuscate-marker.property.available.recommended.hl:hover.frame-pin .frame:before,.uitk-eg-maps .pin-obfuscate-marker.property.filtered.recommended.hl:hover.frame-pin .frame:before,.uitk-eg-maps .pin-obfuscate-marker.property.unknown.recommended.hl:hover.frame-pin .frame:before{border-color:#676a7d transparent transparent;border-style:solid;border-width:.375rem calc(.1875rem + 1px) 1px;content:"";position:absolute;top:100%;transform:translateX(-50%) translateY(0)}.uitk-eg-maps .pin-marker.product.available.recommended.hl:hover.frame-pin .frame:after,.uitk-eg-maps .pin-marker.product.filtered.recommended.hl:hover.frame-pin .frame:after,.uitk-eg-maps .pin-marker.product.unknown.recommended.hl:hover.frame-pin .frame:after,.uitk-eg-maps .pin-marker.property.available.recommended.hl:hover.frame-pin .frame:after,.uitk-eg-maps .pin-marker.property.filtered.recommended.hl:hover.frame-pin .frame:after,.uitk-eg-maps .pin-marker.property.unknown.recommended.hl:hover.frame-pin .frame:after,.uitk-eg-maps .pin-obfuscate-marker.product.available.recommended.hl:hover.frame-pin .frame:after,.uitk-eg-maps .pin-obfuscate-marker.product.filtered.recommended.hl:hover.frame-pin .frame:after,.uitk-eg-maps .pin-obfuscate-marker.product.unknown.recommended.hl:hover.frame-pin .frame:after,.uitk-eg-maps .pin-obfuscate-marker.property.available.recommended.hl:hover.frame-pin .frame:after,.uitk-eg-maps .pin-obfuscate-marker.property.filtered.recommended.hl:hover.frame-pin .frame:after,.uitk-eg-maps .pin-obfuscate-marker.property.unknown.recommended.hl:hover.frame-pin .frame:after{border-color:#4d5167 transparent transparent;border-style:solid;border-width:.375rem .1875rem 0;content:"";position:absolute;top:100%;transform:translateX(-50%) translateY(-1px)}.uitk-eg-maps .pin-marker.product.available.recommended.hl:hover.frame-circle .frame,.uitk-eg-maps .pin-marker.product.filtered.recommended.hl:hover.frame-circle .frame,.uitk-eg-maps .pin-marker.product.unknown.recommended.hl:hover.frame-circle .frame,.uitk-eg-maps .pin-marker.property.available.recommended.hl:hover.frame-circle .frame,.uitk-eg-maps .pin-marker.property.filtered.recommended.hl:hover.frame-circle .frame,.uitk-eg-maps .pin-marker.property.unknown.recommended.hl:hover.frame-circle .frame,.uitk-eg-maps .pin-obfuscate-marker.product.available.recommended.hl:hover.frame-circle .frame,.uitk-eg-maps .pin-obfuscate-marker.product.filtered.recommended.hl:hover.frame-circle .frame,.uitk-eg-maps .pin-obfuscate-marker.product.unknown.recommended.hl:hover.frame-circle .frame,.uitk-eg-maps .pin-obfuscate-marker.property.available.recommended.hl:hover.frame-circle .frame,.uitk-eg-maps .pin-obfuscate-marker.property.filtered.recommended.hl:hover.frame-circle .frame,.uitk-eg-maps .pin-obfuscate-marker.property.unknown.recommended.hl:hover.frame-circle .frame{background:#4d5167;border:1px solid #676a7d;filter:drop-shadow(0 2px .25rem rgba(16,16,16,.2))}.uitk-eg-maps .pin-marker.product.available.recommended .marker-labels-aligner .marker-label-text,.uitk-eg-maps .pin-marker.product.available.recommended .marker-labels-aligner .marker-sublabel-text,.uitk-eg-maps .pin-marker.product.filtered.recommended .marker-labels-aligner .marker-label-text,.uitk-eg-maps .pin-marker.product.filtered.recommended .marker-labels-aligner .marker-sublabel-text,.uitk-eg-maps .pin-marker.product.unknown.recommended .marker-labels-aligner .marker-label-text,.uitk-eg-maps .pin-marker.product.unknown.recommended .marker-labels-aligner .marker-sublabel-text,.uitk-eg-maps .pin-marker.property.available.recommended .marker-labels-aligner .marker-label-text,.uitk-eg-maps .pin-marker.property.available.recommended .marker-labels-aligner .marker-sublabel-text,.uitk-eg-maps .pin-marker.property.filtered.recommended .marker-labels-aligner .marker-label-text,.uitk-eg-maps .pin-marker.property.filtered.recommended .marker-labels-aligner .marker-sublabel-text,.uitk-eg-maps .pin-marker.property.unknown.recommended .marker-labels-aligner .marker-label-text,.uitk-eg-maps .pin-marker.property.unknown.recommended .marker-labels-aligner .marker-sublabel-text,.uitk-eg-maps .pin-obfuscate-marker.product.available.recommended .marker-labels-aligner .marker-label-text,.uitk-eg-maps .pin-obfuscate-marker.product.available.recommended .marker-labels-aligner .marker-sublabel-text,.uitk-eg-maps .pin-obfuscate-marker.product.filtered.recommended .marker-labels-aligner .marker-label-text,.uitk-eg-maps .pin-obfuscate-marker.product.filtered.recommended .marker-labels-aligner .marker-sublabel-text,.uitk-eg-maps .pin-obfuscate-marker.product.unknown.recommended .marker-labels-aligner .marker-label-text,.uitk-eg-maps .pin-obfuscate-marker.product.unknown.recommended .marker-labels-aligner .marker-sublabel-text,.uitk-eg-maps .pin-obfuscate-marker.property.available.recommended .marker-labels-aligner .marker-label-text,.uitk-eg-maps .pin-obfuscate-marker.property.available.recommended .marker-labels-aligner .marker-sublabel-text,.uitk-eg-maps .pin-obfuscate-marker.property.filtered.recommended .marker-labels-aligner .marker-label-text,.uitk-eg-maps .pin-obfuscate-marker.property.filtered.recommended .marker-labels-aligner .marker-sublabel-text,.uitk-eg-maps .pin-obfuscate-marker.property.unknown.recommended .marker-labels-aligner .marker-label-text,.uitk-eg-maps .pin-obfuscate-marker.property.unknown.recommended .marker-labels-aligner .marker-sublabel-text{color:var(--text_color__dark)}.uitk-eg-maps .pin-marker.product.booked.not-hl .uitk-eg-maps-primary-icon,.uitk-eg-maps .pin-marker.property.booked.not-hl .uitk-eg-maps-primary-icon,.uitk-eg-maps .pin-obfuscate-marker.product.booked.not-hl .uitk-eg-maps-primary-icon,.uitk-eg-maps .pin-obfuscate-marker.property.booked.not-hl .uitk-eg-maps-primary-icon{color:#191e3b}.uitk-eg-maps .pin-marker.product.booked.not-hl.frame-pin .frame,.uitk-eg-maps .pin-marker.property.booked.not-hl.frame-pin .frame,.uitk-eg-maps .pin-obfuscate-marker.product.booked.not-hl.frame-pin .frame,.uitk-eg-maps .pin-obfuscate-marker.property.booked.not-hl.frame-pin .frame{align-items:center;background:#e6f7e9;border:1px solid #1668e3;filter:drop-shadow(0 2px .25rem rgba(16,16,16,.2));justify-content:center;margin-bottom:unset;padding-inline-end:.25rem;padding-inline-start:.25rem}.uitk-eg-maps .pin-marker.product.booked.not-hl.frame-pin .frame:before,.uitk-eg-maps .pin-marker.property.booked.not-hl.frame-pin .frame:before,.uitk-eg-maps .pin-obfuscate-marker.product.booked.not-hl.frame-pin .frame:before,.uitk-eg-maps .pin-obfuscate-marker.property.booked.not-hl.frame-pin .frame:before{border-color:#1668e3 transparent transparent;border-style:solid;border-width:.375rem calc(.1875rem + 1px) 1px;content:"";position:absolute;top:100%;transform:translateX(-50%) translateY(0)}.uitk-eg-maps .pin-marker.product.booked.not-hl.frame-pin .frame:after,.uitk-eg-maps .pin-marker.property.booked.not-hl.frame-pin .frame:after,.uitk-eg-maps .pin-obfuscate-marker.product.booked.not-hl.frame-pin .frame:after,.uitk-eg-maps .pin-obfuscate-marker.property.booked.not-hl.frame-pin .frame:after{border-color:#e6f7e9 transparent transparent;border-style:solid;border-width:.375rem .1875rem 0;content:"";position:absolute;top:100%;transform:translateX(-50%) translateY(-1px)}.uitk-eg-maps .pin-marker.product.booked.not-hl.frame-circle .frame,.uitk-eg-maps .pin-marker.property.booked.not-hl.frame-circle .frame,.uitk-eg-maps .pin-obfuscate-marker.product.booked.not-hl.frame-circle .frame,.uitk-eg-maps .pin-obfuscate-marker.property.booked.not-hl.frame-circle .frame{background:#e6f7e9;border:1px solid #1668e3;filter:drop-shadow(0 2px .25rem rgba(16,16,16,.2))}.uitk-eg-maps .pin-marker.product.booked.not-hl:hover .uitk-eg-maps-primary-icon,.uitk-eg-maps .pin-marker.property.booked.not-hl:hover .uitk-eg-maps-primary-icon,.uitk-eg-maps .pin-obfuscate-marker.product.booked.not-hl:hover .uitk-eg-maps-primary-icon,.uitk-eg-maps .pin-obfuscate-marker.property.booked.not-hl:hover .uitk-eg-maps-primary-icon{color:#191e3b}.uitk-eg-maps .pin-marker.product.booked.not-hl:hover.frame-pin .frame,.uitk-eg-maps .pin-marker.property.booked.not-hl:hover.frame-pin .frame,.uitk-eg-maps .pin-obfuscate-marker.product.booked.not-hl:hover.frame-pin .frame,.uitk-eg-maps .pin-obfuscate-marker.property.booked.not-hl:hover.frame-pin .frame{align-items:center;background:#beecc6;border:1px solid #1668e3;filter:drop-shadow(0 2px .25rem rgba(16,16,16,.2));justify-content:center;margin-bottom:unset;padding-inline-end:.25rem;padding-inline-start:.25rem}.uitk-eg-maps .pin-marker.product.booked.not-hl:hover.frame-pin .frame:before,.uitk-eg-maps .pin-marker.property.booked.not-hl:hover.frame-pin .frame:before,.uitk-eg-maps .pin-obfuscate-marker.product.booked.not-hl:hover.frame-pin .frame:before,.uitk-eg-maps .pin-obfuscate-marker.property.booked.not-hl:hover.frame-pin .frame:before{border-color:#1668e3 transparent transparent;border-style:solid;border-width:.375rem calc(.1875rem + 1px) 1px;content:"";position:absolute;top:100%;transform:translateX(-50%) translateY(0)}.uitk-eg-maps .pin-marker.product.booked.not-hl:hover.frame-pin .frame:after,.uitk-eg-maps .pin-marker.property.booked.not-hl:hover.frame-pin .frame:after,.uitk-eg-maps .pin-obfuscate-marker.product.booked.not-hl:hover.frame-pin .frame:after,.uitk-eg-maps .pin-obfuscate-marker.property.booked.not-hl:hover.frame-pin .frame:after{border-color:#beecc6 transparent transparent;border-style:solid;border-width:.375rem .1875rem 0;content:"";position:absolute;top:100%;transform:translateX(-50%) translateY(-1px)}.uitk-eg-maps .pin-marker.product.booked.not-hl:hover.frame-circle .frame,.uitk-eg-maps .pin-marker.property.booked.not-hl:hover.frame-circle .frame,.uitk-eg-maps .pin-obfuscate-marker.product.booked.not-hl:hover.frame-circle .frame,.uitk-eg-maps .pin-obfuscate-marker.property.booked.not-hl:hover.frame-circle .frame{background:#beecc6;border:1px solid #1668e3;filter:drop-shadow(0 2px .25rem rgba(16,16,16,.2))}.uitk-eg-maps .pin-marker.product.booked.not-hl .uitk-eg-maps-primary-icon.check_circle,.uitk-eg-maps .pin-marker.property.booked.not-hl .uitk-eg-maps-primary-icon.check_circle,.uitk-eg-maps .pin-obfuscate-marker.product.booked.not-hl .uitk-eg-maps-primary-icon.check_circle,.uitk-eg-maps .pin-obfuscate-marker.property.booked.not-hl .uitk-eg-maps-primary-icon.check_circle{fill:#227950}.uitk-eg-maps .pin-marker.product.booked.hl .uitk-eg-maps-primary-icon,.uitk-eg-maps .pin-marker.property.booked.hl .uitk-eg-maps-primary-icon,.uitk-eg-maps .pin-obfuscate-marker.product.booked.hl .uitk-eg-maps-primary-icon,.uitk-eg-maps .pin-obfuscate-marker.property.booked.hl .uitk-eg-maps-primary-icon{color:#fff}.uitk-eg-maps .pin-marker.product.booked.hl.frame-pin .frame,.uitk-eg-maps .pin-marker.property.booked.hl.frame-pin .frame,.uitk-eg-maps .pin-obfuscate-marker.product.booked.hl.frame-pin .frame,.uitk-eg-maps .pin-obfuscate-marker.property.booked.hl.frame-pin .frame{align-items:center;background:#191e3b;border:1px solid #676a7d;filter:drop-shadow(0 2px .25rem rgba(16,16,16,.2));justify-content:center;margin-bottom:unset;padding-inline-end:.25rem;padding-inline-start:.25rem}.uitk-eg-maps .pin-marker.product.booked.hl.frame-pin .frame:before,.uitk-eg-maps .pin-marker.property.booked.hl.frame-pin .frame:before,.uitk-eg-maps .pin-obfuscate-marker.product.booked.hl.frame-pin .frame:before,.uitk-eg-maps .pin-obfuscate-marker.property.booked.hl.frame-pin .frame:before{border-color:#676a7d transparent transparent;border-style:solid;border-width:.375rem calc(.1875rem + 1px) 1px;content:"";position:absolute;top:100%;transform:translateX(-50%) translateY(0)}.uitk-eg-maps .pin-marker.product.booked.hl.frame-pin .frame:after,.uitk-eg-maps .pin-marker.property.booked.hl.frame-pin .frame:after,.uitk-eg-maps .pin-obfuscate-marker.product.booked.hl.frame-pin .frame:after,.uitk-eg-maps .pin-obfuscate-marker.property.booked.hl.frame-pin .frame:after{border-color:#191e3b transparent transparent;border-style:solid;border-width:.375rem .1875rem 0;content:"";position:absolute;top:100%;transform:translateX(-50%) translateY(-1px)}.uitk-eg-maps .pin-marker.product.booked.hl.frame-circle .frame,.uitk-eg-maps .pin-marker.property.booked.hl.frame-circle .frame,.uitk-eg-maps .pin-obfuscate-marker.product.booked.hl.frame-circle .frame,.uitk-eg-maps .pin-obfuscate-marker.property.booked.hl.frame-circle .frame{background:#191e3b;border:1px solid #676a7d;filter:drop-shadow(0 2px .25rem rgba(16,16,16,.2))}.uitk-eg-maps .pin-marker.product.booked.hl:hover .uitk-eg-maps-primary-icon,.uitk-eg-maps .pin-marker.property.booked.hl:hover .uitk-eg-maps-primary-icon,.uitk-eg-maps .pin-obfuscate-marker.product.booked.hl:hover .uitk-eg-maps-primary-icon,.uitk-eg-maps .pin-obfuscate-marker.property.booked.hl:hover .uitk-eg-maps-primary-icon{color:#fff}.uitk-eg-maps .pin-marker.product.booked.hl:hover.frame-pin .frame,.uitk-eg-maps .pin-marker.property.booked.hl:hover.frame-pin .frame,.uitk-eg-maps .pin-obfuscate-marker.product.booked.hl:hover.frame-pin .frame,.uitk-eg-maps .pin-obfuscate-marker.property.booked.hl:hover.frame-pin .frame{align-items:center;background:#4d5167;border:1px solid #676a7d;filter:drop-shadow(0 2px .25rem rgba(16,16,16,.2));justify-content:center;margin-bottom:unset;padding-inline-end:.25rem;padding-inline-start:.25rem}.uitk-eg-maps .pin-marker.product.booked.hl:hover.frame-pin .frame:before,.uitk-eg-maps .pin-marker.property.booked.hl:hover.frame-pin .frame:before,.uitk-eg-maps .pin-obfuscate-marker.product.booked.hl:hover.frame-pin .frame:before,.uitk-eg-maps .pin-obfuscate-marker.property.booked.hl:hover.frame-pin .frame:before{border-color:#676a7d transparent transparent;border-style:solid;border-width:.375rem calc(.1875rem + 1px) 1px;content:"";position:absolute;top:100%;transform:translateX(-50%) translateY(0)}.uitk-eg-maps .pin-marker.product.booked.hl:hover.frame-pin .frame:after,.uitk-eg-maps .pin-marker.property.booked.hl:hover.frame-pin .frame:after,.uitk-eg-maps .pin-obfuscate-marker.product.booked.hl:hover.frame-pin .frame:after,.uitk-eg-maps .pin-obfuscate-marker.property.booked.hl:hover.frame-pin .frame:after{border-color:#4d5167 transparent transparent;border-style:solid;border-width:.375rem .1875rem 0;content:"";position:absolute;top:100%;transform:translateX(-50%) translateY(-1px)}.uitk-eg-maps .pin-marker.product.booked.hl:hover.frame-circle .frame,.uitk-eg-maps .pin-marker.property.booked.hl:hover.frame-circle .frame,.uitk-eg-maps .pin-obfuscate-marker.product.booked.hl:hover.frame-circle .frame,.uitk-eg-maps .pin-obfuscate-marker.property.booked.hl:hover.frame-circle .frame{background:#4d5167;border:1px solid #676a7d;filter:drop-shadow(0 2px .25rem rgba(16,16,16,.2))}.uitk-eg-maps .pin-marker.product.booked.hl .uitk-eg-maps-primary-icon.check_circle,.uitk-eg-maps .pin-marker.property.booked.hl .uitk-eg-maps-primary-icon.check_circle,.uitk-eg-maps .pin-obfuscate-marker.product.booked.hl .uitk-eg-maps-primary-icon.check_circle,.uitk-eg-maps .pin-obfuscate-marker.property.booked.hl .uitk-eg-maps-primary-icon.check_circle{fill:#fff}.uitk-eg-maps .pin-marker.product.booked .marker-labels-aligner .marker-label-text,.uitk-eg-maps .pin-marker.product.booked .marker-labels-aligner .marker-sublabel-text,.uitk-eg-maps .pin-marker.property.booked .marker-labels-aligner .marker-label-text,.uitk-eg-maps .pin-marker.property.booked .marker-labels-aligner .marker-sublabel-text,.uitk-eg-maps .pin-obfuscate-marker.product.booked .marker-labels-aligner .marker-label-text,.uitk-eg-maps .pin-obfuscate-marker.product.booked .marker-labels-aligner .marker-sublabel-text,.uitk-eg-maps .pin-obfuscate-marker.property.booked .marker-labels-aligner .marker-label-text,.uitk-eg-maps .pin-obfuscate-marker.property.booked .marker-labels-aligner .marker-sublabel-text{color:var(--text_color__dark)}.uitk-eg-maps .pin-marker.product.sold_out,.uitk-eg-maps .pin-marker.property.sold_out,.uitk-eg-maps .pin-obfuscate-marker.product.sold_out,.uitk-eg-maps .pin-obfuscate-marker.property.sold_out{margin-top:-1px}.uitk-eg-maps .pin-marker.product.sold_out .frame,.uitk-eg-maps .pin-marker.property.sold_out .frame,.uitk-eg-maps .pin-obfuscate-marker.product.sold_out .frame,.uitk-eg-maps .pin-obfuscate-marker.property.sold_out .frame{border-radius:2500rem}.uitk-eg-maps .pin-marker.product.sold_out .frame .uitk-eg-maps-primary-icon,.uitk-eg-maps .pin-marker.property.sold_out .frame .uitk-eg-maps-primary-icon,.uitk-eg-maps .pin-obfuscate-marker.product.sold_out .frame .uitk-eg-maps-primary-icon,.uitk-eg-maps .pin-obfuscate-marker.property.sold_out .frame .uitk-eg-maps-primary-icon{height:1rem;inline-size:1rem;min-width:1rem}.uitk-eg-maps .pin-marker.product.sold_out .frame,.uitk-eg-maps .pin-marker.property.sold_out .frame,.uitk-eg-maps .pin-obfuscate-marker.product.sold_out .frame,.uitk-eg-maps .pin-obfuscate-marker.property.sold_out .frame{height:1.5rem;min-width:1.5rem}.uitk-eg-maps .pin-marker.product.sold_out.not-hl .uitk-eg-maps-primary-icon,.uitk-eg-maps .pin-marker.property.sold_out.not-hl .uitk-eg-maps-primary-icon,.uitk-eg-maps .pin-obfuscate-marker.product.sold_out.not-hl .uitk-eg-maps-primary-icon,.uitk-eg-maps .pin-obfuscate-marker.property.sold_out.not-hl .uitk-eg-maps-primary-icon{color:#676a7d}.uitk-eg-maps .pin-marker.product.sold_out.not-hl.frame-pin .frame,.uitk-eg-maps .pin-marker.property.sold_out.not-hl.frame-pin .frame,.uitk-eg-maps .pin-obfuscate-marker.product.sold_out.not-hl.frame-pin .frame,.uitk-eg-maps .pin-obfuscate-marker.property.sold_out.not-hl.frame-pin .frame{align-items:center;background:#fff;border:1px solid #818494;filter:drop-shadow(0 2px .25rem rgba(16,16,16,.2));justify-content:center;margin-bottom:unset;padding-inline-end:.25rem;padding-inline-start:.25rem}.uitk-eg-maps .pin-marker.product.sold_out.not-hl.frame-pin .frame:before,.uitk-eg-maps .pin-marker.property.sold_out.not-hl.frame-pin .frame:before,.uitk-eg-maps .pin-obfuscate-marker.product.sold_out.not-hl.frame-pin .frame:before,.uitk-eg-maps .pin-obfuscate-marker.property.sold_out.not-hl.frame-pin .frame:before{border-color:#818494 transparent transparent;border-style:solid;border-width:.375rem calc(.1875rem + 1px) 1px;content:"";position:absolute;top:100%;transform:translateX(-50%) translateY(0)}.uitk-eg-maps .pin-marker.product.sold_out.not-hl.frame-pin .frame:after,.uitk-eg-maps .pin-marker.property.sold_out.not-hl.frame-pin .frame:after,.uitk-eg-maps .pin-obfuscate-marker.product.sold_out.not-hl.frame-pin .frame:after,.uitk-eg-maps .pin-obfuscate-marker.property.sold_out.not-hl.frame-pin .frame:after{border-color:#fff transparent transparent;border-style:solid;border-width:.375rem .1875rem 0;content:"";position:absolute;top:100%;transform:translateX(-50%) translateY(-1px)}.uitk-eg-maps .pin-marker.product.sold_out.not-hl.frame-circle .frame,.uitk-eg-maps .pin-marker.property.sold_out.not-hl.frame-circle .frame,.uitk-eg-maps .pin-obfuscate-marker.product.sold_out.not-hl.frame-circle .frame,.uitk-eg-maps .pin-obfuscate-marker.property.sold_out.not-hl.frame-circle .frame{background:#fff;border:1px solid #818494;filter:drop-shadow(0 2px .25rem rgba(16,16,16,.2))}.uitk-eg-maps .pin-marker.product.sold_out.not-hl.viewed .uitk-eg-maps-primary-icon,.uitk-eg-maps .pin-marker.property.sold_out.not-hl.viewed .uitk-eg-maps-primary-icon,.uitk-eg-maps .pin-obfuscate-marker.product.sold_out.not-hl.viewed .uitk-eg-maps-primary-icon,.uitk-eg-maps .pin-obfuscate-marker.property.sold_out.not-hl.viewed .uitk-eg-maps-primary-icon{color:#676a7d}.uitk-eg-maps .pin-marker.product.sold_out.not-hl.viewed.frame-pin .frame,.uitk-eg-maps .pin-marker.property.sold_out.not-hl.viewed.frame-pin .frame,.uitk-eg-maps .pin-obfuscate-marker.product.sold_out.not-hl.viewed.frame-pin .frame,.uitk-eg-maps .pin-obfuscate-marker.property.sold_out.not-hl.viewed.frame-pin .frame{align-items:center;background:var(--map__pin__unavailable__viewed__background_color);border:1px solid #818494;filter:drop-shadow(0 2px .25rem rgba(16,16,16,.2));justify-content:center;margin-bottom:unset;padding-inline-end:.25rem;padding-inline-start:.25rem}.uitk-eg-maps .pin-marker.product.sold_out.not-hl.viewed.frame-pin .frame:before,.uitk-eg-maps .pin-marker.property.sold_out.not-hl.viewed.frame-pin .frame:before,.uitk-eg-maps .pin-obfuscate-marker.product.sold_out.not-hl.viewed.frame-pin .frame:before,.uitk-eg-maps .pin-obfuscate-marker.property.sold_out.not-hl.viewed.frame-pin .frame:before{border-color:#818494 transparent transparent;border-style:solid;border-width:.375rem calc(.1875rem + 1px) 1px;content:"";position:absolute;top:100%;transform:translateX(-50%) translateY(0)}.uitk-eg-maps .pin-marker.product.sold_out.not-hl.viewed.frame-pin .frame:after,.uitk-eg-maps .pin-marker.property.sold_out.not-hl.viewed.frame-pin .frame:after,.uitk-eg-maps .pin-obfuscate-marker.product.sold_out.not-hl.viewed.frame-pin .frame:after,.uitk-eg-maps .pin-obfuscate-marker.property.sold_out.not-hl.viewed.frame-pin .frame:after{border-color:var(--map__pin__unavailable__viewed__background_color) transparent transparent;border-style:solid;border-width:.375rem .1875rem 0;content:"";position:absolute;top:100%;transform:translateX(-50%) translateY(-1px)}.uitk-eg-maps .pin-marker.product.sold_out.not-hl.viewed.frame-circle .frame,.uitk-eg-maps .pin-marker.property.sold_out.not-hl.viewed.frame-circle .frame,.uitk-eg-maps .pin-obfuscate-marker.product.sold_out.not-hl.viewed.frame-circle .frame,.uitk-eg-maps .pin-obfuscate-marker.property.sold_out.not-hl.viewed.frame-circle .frame{background:var(--map__pin__unavailable__viewed__background_color);border:1px solid #818494;filter:drop-shadow(0 2px .25rem rgba(16,16,16,.2))}.uitk-eg-maps .pin-marker.product.sold_out.not-hl.viewed:hover .uitk-eg-maps-primary-icon,.uitk-eg-maps .pin-marker.product.sold_out.not-hl:hover .uitk-eg-maps-primary-icon,.uitk-eg-maps .pin-marker.property.sold_out.not-hl.viewed:hover .uitk-eg-maps-primary-icon,.uitk-eg-maps .pin-marker.property.sold_out.not-hl:hover .uitk-eg-maps-primary-icon,.uitk-eg-maps .pin-obfuscate-marker.product.sold_out.not-hl.viewed:hover .uitk-eg-maps-primary-icon,.uitk-eg-maps .pin-obfuscate-marker.product.sold_out.not-hl:hover .uitk-eg-maps-primary-icon,.uitk-eg-maps .pin-obfuscate-marker.property.sold_out.not-hl.viewed:hover .uitk-eg-maps-primary-icon,.uitk-eg-maps .pin-obfuscate-marker.property.sold_out.not-hl:hover .uitk-eg-maps-primary-icon{color:#191e3b}.uitk-eg-maps .pin-marker.product.sold_out.not-hl.viewed:hover.frame-pin .frame,.uitk-eg-maps .pin-marker.product.sold_out.not-hl:hover.frame-pin .frame,.uitk-eg-maps .pin-marker.property.sold_out.not-hl.viewed:hover.frame-pin .frame,.uitk-eg-maps .pin-marker.property.sold_out.not-hl:hover.frame-pin .frame,.uitk-eg-maps .pin-obfuscate-marker.product.sold_out.not-hl.viewed:hover.frame-pin .frame,.uitk-eg-maps .pin-obfuscate-marker.product.sold_out.not-hl:hover.frame-pin .frame,.uitk-eg-maps .pin-obfuscate-marker.property.sold_out.not-hl.viewed:hover.frame-pin .frame,.uitk-eg-maps .pin-obfuscate-marker.property.sold_out.not-hl:hover.frame-pin .frame{align-items:center;background:#f3f3f5;border:1px solid #818494;filter:drop-shadow(0 2px .25rem rgba(16,16,16,.2));justify-content:center;margin-bottom:unset;padding-inline-end:.25rem;padding-inline-start:.25rem}.uitk-eg-maps .pin-marker.product.sold_out.not-hl.viewed:hover.frame-pin .frame:before,.uitk-eg-maps .pin-marker.product.sold_out.not-hl:hover.frame-pin .frame:before,.uitk-eg-maps .pin-marker.property.sold_out.not-hl.viewed:hover.frame-pin .frame:before,.uitk-eg-maps .pin-marker.property.sold_out.not-hl:hover.frame-pin .frame:before,.uitk-eg-maps .pin-obfuscate-marker.product.sold_out.not-hl.viewed:hover.frame-pin .frame:before,.uitk-eg-maps .pin-obfuscate-marker.product.sold_out.not-hl:hover.frame-pin .frame:before,.uitk-eg-maps .pin-obfuscate-marker.property.sold_out.not-hl.viewed:hover.frame-pin .frame:before,.uitk-eg-maps .pin-obfuscate-marker.property.sold_out.not-hl:hover.frame-pin .frame:before{border-color:#818494 transparent transparent;border-style:solid;border-width:.375rem calc(.1875rem + 1px) 1px;content:"";position:absolute;top:100%;transform:translateX(-50%) translateY(0)}.uitk-eg-maps .pin-marker.product.sold_out.not-hl.viewed:hover.frame-pin .frame:after,.uitk-eg-maps .pin-marker.product.sold_out.not-hl:hover.frame-pin .frame:after,.uitk-eg-maps .pin-marker.property.sold_out.not-hl.viewed:hover.frame-pin .frame:after,.uitk-eg-maps .pin-marker.property.sold_out.not-hl:hover.frame-pin .frame:after,.uitk-eg-maps .pin-obfuscate-marker.product.sold_out.not-hl.viewed:hover.frame-pin .frame:after,.uitk-eg-maps .pin-obfuscate-marker.product.sold_out.not-hl:hover.frame-pin .frame:after,.uitk-eg-maps .pin-obfuscate-marker.property.sold_out.not-hl.viewed:hover.frame-pin .frame:after,.uitk-eg-maps .pin-obfuscate-marker.property.sold_out.not-hl:hover.frame-pin .frame:after{border-color:#f3f3f5 transparent transparent;border-style:solid;border-width:.375rem .1875rem 0;content:"";position:absolute;top:100%;transform:translateX(-50%) translateY(-1px)}.uitk-eg-maps .pin-marker.product.sold_out.not-hl.viewed:hover.frame-circle .frame,.uitk-eg-maps .pin-marker.product.sold_out.not-hl:hover.frame-circle .frame,.uitk-eg-maps .pin-marker.property.sold_out.not-hl.viewed:hover.frame-circle .frame,.uitk-eg-maps .pin-marker.property.sold_out.not-hl:hover.frame-circle .frame,.uitk-eg-maps .pin-obfuscate-marker.product.sold_out.not-hl.viewed:hover.frame-circle .frame,.uitk-eg-maps .pin-obfuscate-marker.product.sold_out.not-hl:hover.frame-circle .frame,.uitk-eg-maps .pin-obfuscate-marker.property.sold_out.not-hl.viewed:hover.frame-circle .frame,.uitk-eg-maps .pin-obfuscate-marker.property.sold_out.not-hl:hover.frame-circle .frame{background:#f3f3f5;border:1px solid #818494;filter:drop-shadow(0 2px .25rem rgba(16,16,16,.2))}.uitk-eg-maps .pin-marker.product.sold_out.hl .uitk-eg-maps-primary-icon,.uitk-eg-maps .pin-marker.property.sold_out.hl .uitk-eg-maps-primary-icon,.uitk-eg-maps .pin-obfuscate-marker.product.sold_out.hl .uitk-eg-maps-primary-icon,.uitk-eg-maps .pin-obfuscate-marker.property.sold_out.hl .uitk-eg-maps-primary-icon{color:#fff}.uitk-eg-maps .pin-marker.product.sold_out.hl.frame-pin .frame,.uitk-eg-maps .pin-marker.property.sold_out.hl.frame-pin .frame,.uitk-eg-maps .pin-obfuscate-marker.product.sold_out.hl.frame-pin .frame,.uitk-eg-maps .pin-obfuscate-marker.property.sold_out.hl.frame-pin .frame{align-items:center;background:#191e3b;border:1px solid #191e3b;filter:drop-shadow(0 2px .25rem rgba(16,16,16,.2));justify-content:center;margin-bottom:unset;padding-inline-end:.25rem;padding-inline-start:.25rem}.uitk-eg-maps .pin-marker.product.sold_out.hl.frame-pin .frame:before,.uitk-eg-maps .pin-marker.property.sold_out.hl.frame-pin .frame:before,.uitk-eg-maps .pin-obfuscate-marker.product.sold_out.hl.frame-pin .frame:before,.uitk-eg-maps .pin-obfuscate-marker.property.sold_out.hl.frame-pin .frame:before{border-color:#191e3b transparent transparent;border-style:solid;border-width:.375rem calc(.1875rem + 1px) 1px;content:"";position:absolute;top:100%;transform:translateX(-50%) translateY(0)}.uitk-eg-maps .pin-marker.product.sold_out.hl.frame-pin .frame:after,.uitk-eg-maps .pin-marker.property.sold_out.hl.frame-pin .frame:after,.uitk-eg-maps .pin-obfuscate-marker.product.sold_out.hl.frame-pin .frame:after,.uitk-eg-maps .pin-obfuscate-marker.property.sold_out.hl.frame-pin .frame:after{border-color:#191e3b transparent transparent;border-style:solid;border-width:.375rem .1875rem 0;content:"";position:absolute;top:100%;transform:translateX(-50%) translateY(-1px)}.uitk-eg-maps .pin-marker.product.sold_out.hl.frame-circle .frame,.uitk-eg-maps .pin-marker.property.sold_out.hl.frame-circle .frame,.uitk-eg-maps .pin-obfuscate-marker.product.sold_out.hl.frame-circle .frame,.uitk-eg-maps .pin-obfuscate-marker.property.sold_out.hl.frame-circle .frame{background:#191e3b;border:1px solid #191e3b;filter:drop-shadow(0 2px .25rem rgba(16,16,16,.2))}.uitk-eg-maps .pin-marker.product.sold_out.hl:hover .uitk-eg-maps-primary-icon,.uitk-eg-maps .pin-marker.property.sold_out.hl:hover .uitk-eg-maps-primary-icon,.uitk-eg-maps .pin-obfuscate-marker.product.sold_out.hl:hover .uitk-eg-maps-primary-icon,.uitk-eg-maps .pin-obfuscate-marker.property.sold_out.hl:hover .uitk-eg-maps-primary-icon{color:#fff}.uitk-eg-maps .pin-marker.product.sold_out.hl:hover.frame-pin .frame,.uitk-eg-maps .pin-marker.property.sold_out.hl:hover.frame-pin .frame,.uitk-eg-maps .pin-obfuscate-marker.product.sold_out.hl:hover.frame-pin .frame,.uitk-eg-maps .pin-obfuscate-marker.property.sold_out.hl:hover.frame-pin .frame{align-items:center;background:#4d5167;border:1px solid #191e3b;filter:drop-shadow(0 2px .25rem rgba(16,16,16,.2));justify-content:center;margin-bottom:unset;padding-inline-end:.25rem;padding-inline-start:.25rem}.uitk-eg-maps .pin-marker.product.sold_out.hl:hover.frame-pin .frame:before,.uitk-eg-maps .pin-marker.property.sold_out.hl:hover.frame-pin .frame:before,.uitk-eg-maps .pin-obfuscate-marker.product.sold_out.hl:hover.frame-pin .frame:before,.uitk-eg-maps .pin-obfuscate-marker.property.sold_out.hl:hover.frame-pin .frame:before{border-color:#191e3b transparent transparent;border-style:solid;border-width:.375rem calc(.1875rem + 1px) 1px;content:"";position:absolute;top:100%;transform:translateX(-50%) translateY(0)}.uitk-eg-maps .pin-marker.product.sold_out.hl:hover.frame-pin .frame:after,.uitk-eg-maps .pin-marker.property.sold_out.hl:hover.frame-pin .frame:after,.uitk-eg-maps .pin-obfuscate-marker.product.sold_out.hl:hover.frame-pin .frame:after,.uitk-eg-maps .pin-obfuscate-marker.property.sold_out.hl:hover.frame-pin .frame:after{border-color:#4d5167 transparent transparent;border-style:solid;border-width:.375rem .1875rem 0;content:"";position:absolute;top:100%;transform:translateX(-50%) translateY(-1px)}.uitk-eg-maps .pin-marker.product.sold_out.hl:hover.frame-circle .frame,.uitk-eg-maps .pin-marker.property.sold_out.hl:hover.frame-circle .frame,.uitk-eg-maps .pin-obfuscate-marker.product.sold_out.hl:hover.frame-circle .frame,.uitk-eg-maps .pin-obfuscate-marker.property.sold_out.hl:hover.frame-circle .frame{background:#4d5167;border:1px solid #191e3b;filter:drop-shadow(0 2px .25rem rgba(16,16,16,.2))}.uitk-eg-maps .pin-marker.hl.available .frame,.uitk-eg-maps .pin-marker.hl.filtered .frame,.uitk-eg-maps .pin-marker.hl.sold_out .frame,.uitk-eg-maps .pin-marker.hl.unknown .frame,.uitk-eg-maps .pin-marker.not-hl.available .frame,.uitk-eg-maps .pin-marker.not-hl.filtered .frame,.uitk-eg-maps .pin-marker.not-hl.sold_out .frame,.uitk-eg-maps .pin-marker.not-hl.unknown .frame,.uitk-eg-maps .pin-obfuscate--marker.not-hl.unknown .frame,.uitk-eg-maps .pin-obfuscate-marker.hl.available .frame,.uitk-eg-maps .pin-obfuscate-marker.hl.filtered .frame,.uitk-eg-maps .pin-obfuscate-marker.hl.sold_out .frame,.uitk-eg-maps .pin-obfuscate-marker.hl.unknown .frame,.uitk-eg-maps .pin-obfuscate-marker.not-hl.available .frame,.uitk-eg-maps .pin-obfuscate-marker.not-hl.filtered .frame,.uitk-eg-maps .pin-obfuscate-marker.not-hl.sold_out .frame,.uitk-eg-maps .price-marker.hl.available .price-label,.uitk-eg-maps .price-marker.hl.filtered .price-label,.uitk-eg-maps .price-marker.not-hl.available .price-label,.uitk-eg-maps .price-marker.not-hl.filtered .price-label,.uitk-eg-maps .price-obfuscate-marker.hl.available .price-label,.uitk-eg-maps .price-obfuscate-marker.not-hl.available .price-label,.uitk-eg-maps .text-marker.hl.available .text-label,.uitk-eg-maps .text-marker.hl.filtered .text-label,.uitk-eg-maps .text-marker.hl.sold_out .text-label,.uitk-eg-maps .text-marker.hl.unknown .text-label,.uitk-eg-maps .text-marker.not-hl.available .text-label,.uitk-eg-maps .text-marker.not-hl.filtered .text-label,.uitk-eg-maps .text-marker.not-hl.sold_out .text-label,.uitk-eg-maps .text-marker.not-hl.unknown .text-label{box-shadow:none}.uitk-eg-maps .price-marker,.uitk-eg-maps .text-marker{transform:translateY(-.375rem)}.uitk-eg-maps .product.price-marker .price-label,.uitk-eg-maps .product.price-obfuscate-marker .price-label,.uitk-eg-maps .product.text-marker .text-label,.uitk-eg-maps .property.price-marker .price-label,.uitk-eg-maps .property.price-obfuscate-marker .price-label,.uitk-eg-maps .property.text-marker .text-label{align-items:center;border-radius:2500rem;box-shadow:none;display:flex;height:1.75rem;height:28px;margin-bottom:unset}.uitk-eg-maps .product.price-marker .price-label .price-content,.uitk-eg-maps .product.price-obfuscate-marker .price-label .price-content,.uitk-eg-maps .product.text-marker .text-label .text-content,.uitk-eg-maps .property.price-marker .price-label .price-content,.uitk-eg-maps .property.price-obfuscate-marker .price-label .price-content,.uitk-eg-maps .property.text-marker .text-label .text-content{font-family:Centra No2,-apple-system,BlinkMacSystemFont,Segoe UI,Roboto,Helvetica Neue,Arial,sans-serif;font-size:.875rem;font-weight:500;line-height:1.125rem}.uitk-eg-maps .product.price-marker .price-label,.uitk-eg-maps .product.price-obfuscate-marker .price-label,.uitk-eg-maps .product.text-marker .text-label,.uitk-eg-maps .property.price-marker .price-label,.uitk-eg-maps .property.price-obfuscate-marker .price-label,.uitk-eg-maps .property.text-marker .text-label{filter:drop-shadow(0 2px .25rem rgba(16,16,16,.2));padding:unset;padding-left:.5rem;padding-right:.5rem}.uitk-eg-maps .product.price-marker.available.not-hl .price-label,.uitk-eg-maps .product.price-obfuscate-marker.available.not-hl .price-label,.uitk-eg-maps .product.text-marker.available.not-hl .text-label,.uitk-eg-maps .product.text-marker.unknown.not-hl .text-label,.uitk-eg-maps .property.price-marker.available.not-hl .price-label,.uitk-eg-maps .property.price-obfuscate-marker.available.not-hl .price-label,.uitk-eg-maps .property.text-marker.available.not-hl .text-label,.uitk-eg-maps .property.text-marker.unknown.not-hl .text-label{background:#fff;border:1px solid #818494;color:#191e3b;pointer-events:auto}.uitk-eg-maps .product.price-marker.available.not-hl .price-label:before,.uitk-eg-maps .product.price-obfuscate-marker.available.not-hl .price-label:before,.uitk-eg-maps .product.text-marker.available.not-hl .text-label:before,.uitk-eg-maps .product.text-marker.unknown.not-hl .text-label:before,.uitk-eg-maps .property.price-marker.available.not-hl .price-label:before,.uitk-eg-maps .property.price-obfuscate-marker.available.not-hl .price-label:before,.uitk-eg-maps .property.text-marker.available.not-hl .text-label:before,.uitk-eg-maps .property.text-marker.unknown.not-hl .text-label:before{border-color:#818494 transparent transparent;border-style:solid;border-width:.375rem calc(.1875rem + 1px) 1px;content:"";position:absolute;top:100%;transform:translateX(-50%) translateY(0)}.uitk-eg-maps .product.price-marker.available.not-hl .price-label:after,.uitk-eg-maps .product.price-obfuscate-marker.available.not-hl .price-label:after,.uitk-eg-maps .product.text-marker.available.not-hl .text-label:after,.uitk-eg-maps .product.text-marker.unknown.not-hl .text-label:after,.uitk-eg-maps .property.price-marker.available.not-hl .price-label:after,.uitk-eg-maps .property.price-obfuscate-marker.available.not-hl .price-label:after,.uitk-eg-maps .property.text-marker.available.not-hl .text-label:after,.uitk-eg-maps .property.text-marker.unknown.not-hl .text-label:after{border-color:#fff transparent transparent;border-style:solid;border-width:.375rem .1875rem 0;content:"";position:absolute;top:100%;transform:translateX(-50%) translateY(-1px)}.uitk-eg-maps .product.price-marker.available.not-hl.viewed .price-label,.uitk-eg-maps .product.price-obfuscate-marker.available.not-hl.viewed .price-label,.uitk-eg-maps .product.text-marker.available.not-hl.viewed .text-label,.uitk-eg-maps .product.text-marker.unknown.not-hl.viewed .text-label,.uitk-eg-maps .property.price-marker.available.not-hl.viewed .price-label,.uitk-eg-maps .property.price-obfuscate-marker.available.not-hl.viewed .price-label,.uitk-eg-maps .property.text-marker.available.not-hl.viewed .text-label,.uitk-eg-maps .property.text-marker.unknown.not-hl.viewed .text-label{background:var(--map__pin__product__viewed__background_color);border:1px solid #818494;color:#191e3b;pointer-events:auto}.uitk-eg-maps .product.price-marker.available.not-hl.viewed .price-label:before,.uitk-eg-maps .product.price-obfuscate-marker.available.not-hl.viewed .price-label:before,.uitk-eg-maps .product.text-marker.available.not-hl.viewed .text-label:before,.uitk-eg-maps .product.text-marker.unknown.not-hl.viewed .text-label:before,.uitk-eg-maps .property.price-marker.available.not-hl.viewed .price-label:before,.uitk-eg-maps .property.price-obfuscate-marker.available.not-hl.viewed .price-label:before,.uitk-eg-maps .property.text-marker.available.not-hl.viewed .text-label:before,.uitk-eg-maps .property.text-marker.unknown.not-hl.viewed .text-label:before{border-color:#818494 transparent transparent;border-style:solid;border-width:.375rem calc(.1875rem + 1px) 1px;content:"";position:absolute;top:100%;transform:translateX(-50%) translateY(0)}.uitk-eg-maps .product.price-marker.available.not-hl.viewed .price-label:after,.uitk-eg-maps .product.price-obfuscate-marker.available.not-hl.viewed .price-label:after,.uitk-eg-maps .product.text-marker.available.not-hl.viewed .text-label:after,.uitk-eg-maps .product.text-marker.unknown.not-hl.viewed .text-label:after,.uitk-eg-maps .property.price-marker.available.not-hl.viewed .price-label:after,.uitk-eg-maps .property.price-obfuscate-marker.available.not-hl.viewed .price-label:after,.uitk-eg-maps .property.text-marker.available.not-hl.viewed .text-label:after,.uitk-eg-maps .property.text-marker.unknown.not-hl.viewed .text-label:after{border-color:var(--map__pin__product__viewed__background_color) transparent transparent;border-style:solid;border-width:.375rem .1875rem 0;content:"";position:absolute;top:100%;transform:translateX(-50%) translateY(-1px)}.uitk-eg-maps .product.price-marker.available.not-hl:hover .price-label,.uitk-eg-maps .product.price-obfuscate-marker.available.not-hl:hover .price-label,.uitk-eg-maps .product.text-marker.available.not-hl:hover .text-label,.uitk-eg-maps .product.text-marker.unknown.not-hl:hover .text-label,.uitk-eg-maps .property.price-marker.available.not-hl:hover .price-label,.uitk-eg-maps .property.price-obfuscate-marker.available.not-hl:hover .price-label,.uitk-eg-maps .property.text-marker.available.not-hl:hover .text-label,.uitk-eg-maps .property.text-marker.unknown.not-hl:hover .text-label{background:#f3f3f5;border:1px solid #818494;color:#191e3b;pointer-events:auto}.uitk-eg-maps .product.price-marker.available.not-hl:hover .price-label:before,.uitk-eg-maps .product.price-obfuscate-marker.available.not-hl:hover .price-label:before,.uitk-eg-maps .product.text-marker.available.not-hl:hover .text-label:before,.uitk-eg-maps .product.text-marker.unknown.not-hl:hover .text-label:before,.uitk-eg-maps .property.price-marker.available.not-hl:hover .price-label:before,.uitk-eg-maps .property.price-obfuscate-marker.available.not-hl:hover .price-label:before,.uitk-eg-maps .property.text-marker.available.not-hl:hover .text-label:before,.uitk-eg-maps .property.text-marker.unknown.not-hl:hover .text-label:before{border-color:#818494 transparent transparent;border-style:solid;border-width:.375rem calc(.1875rem + 1px) 1px;content:"";position:absolute;top:100%;transform:translateX(-50%) translateY(0)}.uitk-eg-maps .product.price-marker.available.not-hl:hover .price-label:after,.uitk-eg-maps .product.price-obfuscate-marker.available.not-hl:hover .price-label:after,.uitk-eg-maps .product.text-marker.available.not-hl:hover .text-label:after,.uitk-eg-maps .product.text-marker.unknown.not-hl:hover .text-label:after,.uitk-eg-maps .property.price-marker.available.not-hl:hover .price-label:after,.uitk-eg-maps .property.price-obfuscate-marker.available.not-hl:hover .price-label:after,.uitk-eg-maps .property.text-marker.available.not-hl:hover .text-label:after,.uitk-eg-maps .property.text-marker.unknown.not-hl:hover .text-label:after{border-color:#f3f3f5 transparent transparent;border-style:solid;border-width:.375rem .1875rem 0;content:"";position:absolute;top:100%;transform:translateX(-50%) translateY(-1px)}.uitk-eg-maps .product.price-marker.available.hl .price-label,.uitk-eg-maps .product.price-obfuscate-marker.available.hl .price-label,.uitk-eg-maps .product.text-marker.available.hl .text-label,.uitk-eg-maps .property.price-marker.available.hl .price-label,.uitk-eg-maps .property.price-obfuscate-marker.available.hl .price-label,.uitk-eg-maps .property.text-marker.available.hl .text-label{background:#191e3b;border:1px solid #191e3b;color:#fff;pointer-events:auto}.uitk-eg-maps .product.price-marker.available.hl .price-label:before,.uitk-eg-maps .product.price-obfuscate-marker.available.hl .price-label:before,.uitk-eg-maps .product.text-marker.available.hl .text-label:before,.uitk-eg-maps .property.price-marker.available.hl .price-label:before,.uitk-eg-maps .property.price-obfuscate-marker.available.hl .price-label:before,.uitk-eg-maps .property.text-marker.available.hl .text-label:before{border-color:#191e3b transparent transparent;border-style:solid;border-width:.375rem calc(.1875rem + 1px) 1px;content:"";position:absolute;top:100%;transform:translateX(-50%) translateY(0)}.uitk-eg-maps .product.price-marker.available.hl .price-label:after,.uitk-eg-maps .product.price-obfuscate-marker.available.hl .price-label:after,.uitk-eg-maps .product.text-marker.available.hl .text-label:after,.uitk-eg-maps .property.price-marker.available.hl .price-label:after,.uitk-eg-maps .property.price-obfuscate-marker.available.hl .price-label:after,.uitk-eg-maps .property.text-marker.available.hl .text-label:after{border-color:#191e3b transparent transparent;border-style:solid;border-width:.375rem .1875rem 0;content:"";position:absolute;top:100%;transform:translateX(-50%) translateY(-1px)}.uitk-eg-maps .product.price-marker.available.hl:hover .price-label,.uitk-eg-maps .product.price-obfuscate-marker.available.hl:hover .price-label,.uitk-eg-maps .product.text-marker.available.hl:hover .text-label,.uitk-eg-maps .property.price-marker.available.hl:hover .price-label,.uitk-eg-maps .property.price-obfuscate-marker.available.hl:hover .price-label,.uitk-eg-maps .property.text-marker.available.hl:hover .text-label{background:#4d5167;border:1px solid #f3f3f5;color:#fff;pointer-events:auto}.uitk-eg-maps .product.price-marker.available.hl:hover .price-label:before,.uitk-eg-maps .product.price-obfuscate-marker.available.hl:hover .price-label:before,.uitk-eg-maps .product.text-marker.available.hl:hover .text-label:before,.uitk-eg-maps .property.price-marker.available.hl:hover .price-label:before,.uitk-eg-maps .property.price-obfuscate-marker.available.hl:hover .price-label:before,.uitk-eg-maps .property.text-marker.available.hl:hover .text-label:before{border-color:#f3f3f5 transparent transparent;border-style:solid;border-width:.375rem calc(.1875rem + 1px) 1px;content:"";position:absolute;top:100%;transform:translateX(-50%) translateY(0)}.uitk-eg-maps .product.price-marker.available.hl:hover .price-label:after,.uitk-eg-maps .product.price-obfuscate-marker.available.hl:hover .price-label:after,.uitk-eg-maps .product.text-marker.available.hl:hover .text-label:after,.uitk-eg-maps .property.price-marker.available.hl:hover .price-label:after,.uitk-eg-maps .property.price-obfuscate-marker.available.hl:hover .price-label:after,.uitk-eg-maps .property.text-marker.available.hl:hover .text-label:after{border-color:#4d5167 transparent transparent;border-style:solid;border-width:.375rem .1875rem 0;content:"";position:absolute;top:100%;transform:translateX(-50%) translateY(-1px)}.uitk-eg-maps .place.text-marker .text-label{align-items:center;border-radius:2500rem;box-shadow:none;display:flex;filter:drop-shadow(0 2px .25rem rgba(16,16,16,.2));height:1.5rem;padding-left:.5rem;padding-right:.5rem}.uitk-eg-maps .place.text-marker .text-label .text-content{font-size:.75rem;font-weight:500;line-height:1rem}.uitk-eg-maps .place.text-marker.unknown.not-hl .text-label{background:#676a7d;border:1px solid #fff;color:#fff;pointer-events:auto}.uitk-eg-maps .place.text-marker.unknown.not-hl .text-label:before{border-color:#fff transparent transparent;border-style:solid;border-width:.375rem calc(.1875rem + 1px) 1px;content:"";position:absolute;top:100%;transform:translateX(-50%) translateY(0)}.uitk-eg-maps .place.text-marker.unknown.not-hl .text-label:after{border-color:#676a7d transparent transparent;border-style:solid;border-width:.375rem .1875rem 0;content:"";position:absolute;top:100%;transform:translateX(-50%) translateY(-1px)}.uitk-eg-maps .place.text-marker.unknown.not-hl:hover .text-label{background:#4d5167;border:1px solid #fff;color:#fff;pointer-events:auto}.uitk-eg-maps .place.text-marker.unknown.not-hl:hover .text-label:before{border-color:#fff transparent transparent;border-style:solid;border-width:.375rem calc(.1875rem + 1px) 1px;content:"";position:absolute;top:100%;transform:translateX(-50%) translateY(0)}.uitk-eg-maps .place.text-marker.unknown.not-hl:hover .text-label:after{border-color:#4d5167 transparent transparent;border-style:solid;border-width:.375rem .1875rem 0;content:"";position:absolute;top:100%;transform:translateX(-50%) translateY(-1px)}.uitk-eg-maps .place.text-marker.unknown.hl .text-label{background:#191e3b;border:1px solid #191e3b;color:#fff;pointer-events:auto}.uitk-eg-maps .place.text-marker.unknown.hl .text-label:before{border-color:#191e3b transparent transparent;border-style:solid;border-width:.375rem calc(.1875rem + 1px) 1px;content:"";position:absolute;top:100%;transform:translateX(-50%) translateY(0)}.uitk-eg-maps .place.text-marker.unknown.hl .text-label:after{border-color:#191e3b transparent transparent;border-style:solid;border-width:.375rem .1875rem 0;content:"";position:absolute;top:100%;transform:translateX(-50%) translateY(-1px)}.uitk-eg-maps .place.text-marker.unknown.hl:hover .text-label{background:#4d5167;border:1px solid #191e3b;color:#fff;pointer-events:auto}.uitk-eg-maps .place.text-marker.unknown.hl:hover .text-label:before{border-color:#191e3b transparent transparent;border-style:solid;border-width:.375rem calc(.1875rem + 1px) 1px;content:"";position:absolute;top:100%;transform:translateX(-50%) translateY(0)}.uitk-eg-maps .place.text-marker.unknown.hl:hover .text-label:after{border-color:#4d5167 transparent transparent;border-style:solid;border-width:.375rem .1875rem 0;content:"";position:absolute;top:100%;transform:translateX(-50%) translateY(-1px)}.uitk-eg-maps .focal .uitk-eg-maps-secondary-icon{right:0;top:0}.uitk-eg-maps .member_deal.hl .uitk-eg-maps-primary-icon.onekeycoin{fill:#fff}.uitk-eg-maps .member_deal .uitk-eg-maps-primary-icon.onekeycoin{fill:#5e187e;height:.875rem;min-inline-size:0;width:.875rem}.uitk-eg-maps .member_deal .uitk-eg-maps-secondary-icon.favorite{fill:#818494}.uitk-eg-maps .pin-obfuscate-marker .uitk-eg-maps-secondary-icon{right:0;top:0}.uitk-eg-maps .uitk-eg-maps-secondary-icon{position:absolute;right:-2px;top:-2px}.uitk-eg-maps .uitk-eg-maps-secondary-icon.favorite{block-size:.75rem;inline-size:.75rem;min-inline-size:.75rem;fill:#e61e43;stroke-width:1px;stroke:#fff}.uitk-eg-maps .pin-obfuscate-marker>.pin-marker>.marker-icon-inter{pointer-events:auto;transform:translateY(50%)}.uitk-eg-maps .pin-obfuscate-marker>.pin-marker>.marker-icon-inter .marker-labels-container.below{padding-top:.313rem}.uitk-eg-maps .cluster-marker{filter:drop-shadow(0 2px .25rem rgba(16,16,16,.2))}.uitk-eg-maps .cluster-marker.hl .cluster-label{background:#191e3b;border:1px solid #191e3b;color:#fff}.uitk-eg-maps .cluster-marker.hl .cluster-label:hover{background:#4d5167;border:1px solid #f3f3f5;color:#fff}.uitk-eg-maps .cluster-marker .cluster-label{align-items:center;background:#fff;border:1px solid #818494;border-radius:2500rem;box-shadow:none;color:#191e3b;display:flex;height:1.75rem;padding-left:.5rem;padding-right:.5rem}.uitk-eg-maps .cluster-marker .cluster-label:hover{background:#f3f3f5;border:1px solid #818494;color:#191e3b}.uitk-eg-maps .cluster-marker .cluster-label .cluster-label-content{font-size:.875rem;font-weight:500;line-height:1.125rem}.uitk-eg-maps .marker-labels-container .marker-label-text{filter:drop-shadow(0 2px .25rem rgba(16,16,16,.2));font-size:.75rem;font-weight:500;line-height:1rem;text-shadow:var(--label-shadow-offset) var(--label-shadow-offset-zero) 0 #fff,var(--label-shadow-offset-3) var(--label-shadow-offset-1) 0 #fff,var(--label-shadow-offset-2) var(--label-shadow-offset-2) 0 #fff,var(--label-shadow-offset-1) var(--label-shadow-offset-3) 0 #fff,var(--label-shadow-offset-zero) var(--label-shadow-offset) 0 #fff,var(--label-shadow-negative-offset-1) var(--label-shadow-offset-3) 0 #fff,var(--label-shadow-negative-offset-2) var(--label-shadow-offset-2) 0 #fff,var(--label-shadow-negative-offset-3) var(--label-shadow-offset-1) 0 #fff,var(--label-shadow-negative-offset) var(--label-shadow-offset-zero) 0 #fff,var(--label-shadow-negative-offset-3) var(--label-shadow-negative-offset-1) 0 #fff,var(--label-shadow-negative-offset-2) var(--label-shadow-negative-offset-2) 0 #fff,var(--label-shadow-negative-offset-1) var(--label-shadow-negative-offset-3) 0 #fff,var(--label-shadow-offset-zero) var(--label-shadow-negative-offset) 0 #fff,var(--label-shadow-offset-1) var(--label-shadow-negative-offset-3) 0 #fff,var(--label-shadow-offset-2) var(--label-shadow-negative-offset-2) 0 #fff,var(--label-shadow-offset-3) var(--label-shadow-negative-offset-1) 0 #fff}.uitk-eg-maps .frame-pin .marker-labels-aligner.above,.uitk-eg-maps .marker-labels-aligner.above{margin-bottom:.25rem}.uitk-eg-maps .frame-pin .marker-labels-aligner.right,.uitk-eg-maps .marker-labels-aligner.right{margin-left:.25rem}.uitk-eg-maps .frame-pin .marker-labels-aligner.left,.uitk-eg-maps .marker-labels-aligner.left{margin-right:.25rem}.uitk-eg-maps .product .marker-labels-container .marker-label-text,.uitk-eg-maps .property .marker-labels-container .marker-label-text{color:#191e3b}.uitk-eg-maps .place.not-hl .marker-labels-container .marker-label-text{color:#676a7d}.uitk-eg-maps .place.hl .marker-labels-container .marker-label-text,.uitk-eg-maps .place.hl:hover .marker-labels-container .marker-label-text,.uitk-eg-maps .place.not-hl:hover .marker-labels-container .marker-label-text{color:#191e3b}.uitk-eg-maps .popup .popup-close-button.close-button{display:none}.uitk-eg-maps .popup.above,.uitk-eg-maps .popup.below,.uitk-eg-maps .popup.bottom,.uitk-eg-maps .popup.top{background-color:transparent;box-shadow:none}.uitk-eg-maps .popup.above:after,.uitk-eg-maps .popup.above:before,.uitk-eg-maps .popup.below:after,.uitk-eg-maps .popup.below:before,.uitk-eg-maps .popup.bottom:after,.uitk-eg-maps .popup.bottom:before,.uitk-eg-maps .popup.top:after,.uitk-eg-maps .popup.top:before{display:none}.uitk-eg-maps-container .gmnoprint:not(.gm-style-cc)>div:not(.gm-style-cc){background-color:#fff!important;border-radius:.5rem!important}.uitk-eg-maps-container .gmnoprint:not(.gm-style-cc)>div:not(.gm-style-cc) .gm-control-active img{fill:#191e3b}.uitk-eg-maps-container .gm-style-cc>div:first-child>div:nth-child(2){background-color:hsla(0,0%,100%,.56)!important;height:.875rem!important}.uitk-eg-maps-container .gm-style-cc>div:nth-child(2){color:#191e3b!important;font-size:.625rem!important;font-weight:300;line-height:.75rem}.uitk-eg-maps-container .gm-style>div:nth-child(14)>div>a>div,.uitk-eg-maps-container .gm-style>div:nth-child(14)>div>a>div>img{height:1.25rem!important;width:auto!important}/*! keyboard-css v1.2.4 | (c) 2020  | MIT License | https://github.com/shhdharmen/keyboard-css.git */.kbc-button{-webkit-backface-visibility:hidden;backface-visibility:hidden;background-color:#fff;border:1px solid #e6e6e6;border-radius:.25rem;box-shadow:0 0 #d9d9d9,0 0 #d9d9d9,0 1px #d9d9d9,0 2px #d9d9d9,2px 1px .25rem #adb5bd,0 -1px 1px #adb5bd;color:#343a40;display:inline-block;font-family:SFMono-Regular,Menlo,Monaco,Consolas,Liberation Mono,Courier New,monospace;font-size:.7rem;font-weight:400;padding:.1rem .3rem;text-align:left;transform:translateY(-3px) translateZ(.313rem);transform-style:preserve-3d;transition:all .25s cubic-bezier(.2,1,.2,1)}.keyboard-features-focus-area{background-color:transparent;border:2px solid #0e77cd;height:calc(100vh - 21.25rem);left:calc(50% - 6.25rem);left:50%;max-height:12.5rem;min-height:6.25rem;pointer-events:none;position:relative;top:50%;transform:translateX(-50%) translateY(-50%);width:12.5rem}@media (max-height:43.75rem){.keyboard-features-focus-area{top:calc(50% - 3.125rem)}}.keyboard-features-dialog{background-color:#fff;border-radius:3px;bottom:0;box-shadow:0 0 .25rem 2px #e0e0e0;left:50%;padding:3px;position:absolute;width:37.5rem}@media (max-width:39.938rem){.keyboard-features-dialog{max-width:25rem;width:calc(100vw - .625rem)}}.keyboard-features-list{display:grid;font:.75rem/135% arial,helvetica,clean,sans-serif;grid-template-columns:1fr 1fr 1fr;list-style-type:none;margin:.5rem 0 0;padding-inline-start:.625rem}.keyboard-features-list.no-data{display:none}@media (max-width:39.938rem){.keyboard-features-list{grid-auto-flow:column;grid-template-columns:1fr 1fr;grid-template-rows:1fr 1fr 1fr 1fr 1fr}}.keyboard-features-list-element-div{display:flex;width:10.875rem}.keyboard-features-list-element-info{display:block;height:1.375rem;overflow-x:hidden;text-overflow:ellipsis;white-space:nowrap}.keyboard-features-list-nav-next .keyboard-features-list-element-info,.keyboard-features-list-nav-previous .keyboard-features-list-element-info{font-style:italic;margin-left:.625rem}.keyboard-features-list-no-feature-message{display:none}.no-data~.keyboard-features-list-no-feature-message{align-items:center;display:flex;height:5.25rem;justify-content:center;width:36.875rem}.keyboard-features-list-element{height:1.375rem;margin:0;opacity:1;padding:3px 1.375rem 3px 0}.keyboard-features-list-element.disabled{opacity:.5}.keyboard-features-list-element.no-data{opacity:0}.keyboard-features-not-in-list-marker,.mapboxgl-marker.keyboard-features-not-in-list-marker{opacity:.3}.kbc-button.keyboard-features-list-element-number{height:1rem;margin-right:.25rem}.mapbox div.keyboard-features-list-element-icon.pin-marker{position:relative}div.keyboard-features-list-element-icon{padding-right:2px;transform:translateY(-3px)}div.keyboard-features-list-element-icon.pin-marker{position:"unset"}div.keyboard-features-list-element-icon.pin-marker.dom-marker{position:relative}div.keyboard-features-list-element-icon.pin-marker.place{transform:translateX(2px) translateY(-.313rem) scale(.8)}div.keyboard-features-list-element-icon.price-marker,div.keyboard-features-list-element-icon.text-marker{position:unset;transform:translateY(-3px)}div.keyboard-features-list-element-icon.price-marker.dom-marker,div.keyboard-features-list-element-icon.text-marker.dom-marker{position:relative}div.keyboard-features-list-element-icon.cluster-marker{position:unset;transform:translateY(-1px)}div.keyboard-features-list-element-icon.pin-obfuscate-marker{position:unset;transform:translateY(-.375rem) scale(.8)}div.keyboard-features-list-element-icon.pin-obfuscate-marker.dom-marker .pin-marker{position:relative}div.keyboard-features-list-element-icon.pin-obfuscate-marker .pin-marker{left:50%;position:relative;top:100%}div.keyboard-features-list-element-icon.pin-obfuscate-marker .obfuscate-marker{left:calc(50% - 1px);position:absolute;top:calc(100% - .313rem);z-index:-1}div.keyboard-features-list-element-icon.pin-obfuscate-marker .obfuscate-marker img.obfuscate-marker-icon{height:1.125rem;width:1.125rem}div.keyboard-features-list-element-icon.price-obfuscate-marker{position:unset;transform:translateY(-3px) scale(.8)}div.keyboard-features-list-element-icon.price-obfuscate-marker .price-marker{left:50%;position:relative;top:100%}div.keyboard-features-list-element-icon.price-obfuscate-marker .obfuscate-marker{left:calc(50% - 1px);position:absolute;top:calc(100% - .313rem);z-index:-1}div.keyboard-features-list-element-icon.price-obfuscate-marker .obfuscate-marker .obfuscate-marker-icon{height:1.125rem;width:1.125rem}div.keyboard-features-list-element-icon.obfuscate-marker{position:unset}div.keyboard-features-list-element-icon.obfuscate-marker .obfuscate-marker-icon{height:1.25rem;margin-top:unset;max-height:unset;max-width:unset;min-height:unset;min-width:unset;width:1.25rem}div.keyboard-features-list-element-icon.markerClone{background-color:var(--fillcolor);border:var(--linewidth) solid var(--linecolor);border-radius:50%;height:.75rem;margin-right:2px;transform:translateY(40%);width:1.25rem}div.keyboard-features-list-element-icon.markerClone .pin-marker{transform:scale(.8) translate(-10%,-70%)}div.keyboard-features-list-element-icon.markerClone .price-marker{transform:scale(.8) translate(-15%,-50%)}.keyboard-features-icon{height:1.25rem;left:2px;opacity:.5;position:absolute;top:0}.google-maps .keyboard-features-dialog{transform:translateX(-50%) translateY(-.938rem)}.mapbox .keyboard-features-dialog{transform:translateX(-50%) translateY(-1.25rem)}.egmaps.mapbox{font-family:Roboto,Arial,sans-serif}.frame .marker-icon{display:flex}.frame-pin .marker-labels-aligner.right{margin-left:.25rem}.frame-pin .marker-labels-aligner.left{margin-right:.25rem}.frame-pin .marker-labels-aligner.above{margin-bottom:.25rem}.frame-pin .marker-labels-aligner.below{margin-top:.25rem}.frame-pin .frame{align-items:center;border-radius:62.5rem;cursor:pointer;display:flex;justify-content:center;margin-bottom:.25rem;min-height:.75rem;min-width:.75rem;padding:2px;position:relative}.frame-pin .frame:before{border-style:solid;border-width:.375rem .25rem;bottom:-.75rem}.frame-pin .frame:after,.frame-pin .frame:before{content:" ";display:block;height:0;left:50%;position:absolute;transform:translateX(-50%);width:0}.frame-pin .frame:after{border-style:solid;border-width:.25rem 2px;bottom:-.5rem}.frame-circle .marker-labels-aligner.right{margin-left:.25rem}.frame-circle .marker-labels-aligner.left{margin-right:.25rem}.frame-circle .marker-labels-aligner.above{margin-bottom:.25rem}.frame-circle .marker-labels-aligner.below{margin-top:.25rem}.frame-circle .frame{align-items:center;border-radius:62.5rem;cursor:pointer;display:flex;justify-content:center;margin-bottom:.25rem;min-height:.75rem;min-width:.75rem;padding:2px;position:relative}.frame-circle:not(.pin-obfuscate-marker) .frame{transform:translateY(50%)}.google-maps .dom-marker.cluster-marker,.google-maps .dom-marker.obfuscate-marker,.google-maps .dom-marker.pin-marker,.google-maps .dom-marker.pin-obfuscate-marker .pin-marker,.google-maps .dom-marker.price-marker,.google-maps .dom-marker.price-obfuscate-marker .price-marker,.google-maps .dom-marker.text-marker,.mapbox .cluster-marker,.mapbox .obfuscate-marker,.mapbox .pin-marker,.mapbox .price-marker,.mapbox .text-marker{position:absolute}.price-marker.marker-hidden{visibility:hidden}.price-marker .price-label{align-items:center;border-radius:62.5rem;cursor:pointer;display:flex;font-size:.688rem;font-weight:500;justify-content:center;line-height:.875rem;margin-bottom:.25rem;min-height:.75rem;min-width:.75rem;padding:3px .375rem 1px;position:relative;text-align:center;white-space:nowrap}.price-marker .price-label:before{border-style:solid;border-width:.375rem;bottom:-.75rem}.price-marker .price-label:after,.price-marker .price-label:before{content:" ";display:block;height:0;left:50%;position:absolute;transform:translateX(-50%);width:0}.price-marker .price-label:after{border-style:solid;border-width:.25rem;bottom:-.5rem}.text-marker.marker-hidden{visibility:hidden}.text-marker .text-label{align-items:center;border-radius:62.5rem;cursor:pointer;display:flex;font-size:.688rem;font-weight:500;justify-content:center;line-height:.875rem;margin-bottom:.25rem;min-height:.75rem;min-width:.75rem;padding:3px .375rem 1px;position:relative;text-align:center;white-space:nowrap}.text-marker .text-label:before{border-style:solid;border-width:.375rem;bottom:-.75rem}.text-marker .text-label:after,.text-marker .text-label:before{content:" ";display:block;height:0;left:50%;position:absolute;transform:translateX(-50%);width:0}.text-marker .text-label:after{border-style:solid;border-width:.25rem;bottom:-.5rem}.pin-marker.marker-hidden{visibility:hidden}.pin-marker .marker-icon{cursor:pointer;position:relative;vertical-align:bottom}.corner-icon{position:absolute}.corner-icon.top-right{right:0;top:0}.corner-icon.top-left{left:0;top:0}.corner-icon.bottom-right{bottom:0;right:0}.corner-icon.bottom-left{bottom:0;left:0}.inner-icon{display:contents}.cluster-label{align-items:center;background-color:#fff;border-radius:62.5rem;box-shadow:0 0 0 1px #e0e0e0;color:#212121;cursor:pointer;display:flex;font-size:.688rem;font-weight:500;justify-content:center;line-height:.875rem;margin-bottom:0;min-height:.75rem;min-width:.75rem;padding:3px .5rem;position:relative;text-align:center;white-space:pre-wrap}.hl .cluster-label{background-color:#212121;box-shadow:0 0 0 1px #212121;color:#fff}.pin-marker .price-label,.pin-marker .text-label,.price-marker .price-label,.price-marker .text-label,.price-obfuscate-marker .price-label,.price-obfuscate-marker .text-label,.text-marker .price-label,.text-marker .text-label{display:flex;pointer-events:auto}.pin-marker .frame,.pin-marker .price-label,.pin-marker .text-label,.price-marker .frame,.price-marker .price-label,.price-marker .text-label,.price-obfuscate-marker .frame,.price-obfuscate-marker .price-label,.price-obfuscate-marker .text-label,.text-marker .frame,.text-marker .price-label,.text-marker .text-label{background-color:#fff;box-shadow:0 0 0 1px #e0e0e0;color:#212121}.pin-marker .frame:before,.pin-marker .price-label:before,.pin-marker .text-label:before,.price-marker .frame:before,.price-marker .price-label:before,.price-marker .text-label:before,.price-obfuscate-marker .frame:before,.price-obfuscate-marker .price-label:before,.price-obfuscate-marker .text-label:before,.text-marker .frame:before,.text-marker .price-label:before,.text-marker .text-label:before{border-color:#e0e0e0 rgba(255,0,0,0) rgba(255,0,0,0)}.pin-marker .frame:after,.pin-marker .price-label:after,.pin-marker .text-label:after,.price-marker .frame:after,.price-marker .price-label:after,.price-marker .text-label:after,.price-obfuscate-marker .frame:after,.price-obfuscate-marker .price-label:after,.price-obfuscate-marker .text-label:after,.text-marker .frame:after,.text-marker .price-label:after,.text-marker .text-label:after{border-color:#fff rgba(255,0,0,0) rgba(255,0,0,0)}.pin-marker.not-hl.available .frame,.pin-marker.not-hl.available .price-label,.pin-marker.not-hl.available .text-label,.price-marker.not-hl.available .frame,.price-marker.not-hl.available .price-label,.price-marker.not-hl.available .text-label,.price-obfuscate-marker.not-hl.available .frame,.price-obfuscate-marker.not-hl.available .price-label,.price-obfuscate-marker.not-hl.available .text-label,.text-marker.not-hl.available .frame,.text-marker.not-hl.available .price-label,.text-marker.not-hl.available .text-label{background-color:#fff;box-shadow:0 0 0 1px #e0e0e0;color:#212121}.pin-marker.not-hl.available .frame:before,.pin-marker.not-hl.available .price-label:before,.pin-marker.not-hl.available .text-label:before,.price-marker.not-hl.available .frame:before,.price-marker.not-hl.available .price-label:before,.price-marker.not-hl.available .text-label:before,.price-obfuscate-marker.not-hl.available .frame:before,.price-obfuscate-marker.not-hl.available .price-label:before,.price-obfuscate-marker.not-hl.available .text-label:before,.text-marker.not-hl.available .frame:before,.text-marker.not-hl.available .price-label:before,.text-marker.not-hl.available .text-label:before{border-color:#e0e0e0 rgba(255,0,0,0) rgba(255,0,0,0)}.pin-marker.not-hl.available .frame:after,.pin-marker.not-hl.available .price-label:after,.pin-marker.not-hl.available .text-label:after,.price-marker.not-hl.available .frame:after,.price-marker.not-hl.available .price-label:after,.price-marker.not-hl.available .text-label:after,.price-obfuscate-marker.not-hl.available .frame:after,.price-obfuscate-marker.not-hl.available .price-label:after,.price-obfuscate-marker.not-hl.available .text-label:after,.text-marker.not-hl.available .frame:after,.text-marker.not-hl.available .price-label:after,.text-marker.not-hl.available .text-label:after{border-color:#fff rgba(255,0,0,0) rgba(255,0,0,0)}.pin-marker.not-hl.filtered .frame,.pin-marker.not-hl.filtered .price-label,.pin-marker.not-hl.filtered .text-label,.price-marker.not-hl.filtered .frame,.price-marker.not-hl.filtered .price-label,.price-marker.not-hl.filtered .text-label,.price-obfuscate-marker.not-hl.filtered .frame,.price-obfuscate-marker.not-hl.filtered .price-label,.price-obfuscate-marker.not-hl.filtered .text-label,.text-marker.not-hl.filtered .frame,.text-marker.not-hl.filtered .price-label,.text-marker.not-hl.filtered .text-label{background-color:#e7ea93;box-shadow:0 0 0 1px #fff;color:#fff}.pin-marker.not-hl.filtered .frame:before,.pin-marker.not-hl.filtered .price-label:before,.pin-marker.not-hl.filtered .text-label:before,.price-marker.not-hl.filtered .frame:before,.price-marker.not-hl.filtered .price-label:before,.price-marker.not-hl.filtered .text-label:before,.price-obfuscate-marker.not-hl.filtered .frame:before,.price-obfuscate-marker.not-hl.filtered .price-label:before,.price-obfuscate-marker.not-hl.filtered .text-label:before,.text-marker.not-hl.filtered .frame:before,.text-marker.not-hl.filtered .price-label:before,.text-marker.not-hl.filtered .text-label:before{border-color:#fff rgba(255,0,0,0) rgba(255,0,0,0)}.pin-marker.not-hl.filtered .frame:after,.pin-marker.not-hl.filtered .price-label:after,.pin-marker.not-hl.filtered .text-label:after,.price-marker.not-hl.filtered .frame:after,.price-marker.not-hl.filtered .price-label:after,.price-marker.not-hl.filtered .text-label:after,.price-obfuscate-marker.not-hl.filtered .frame:after,.price-obfuscate-marker.not-hl.filtered .price-label:after,.price-obfuscate-marker.not-hl.filtered .text-label:after,.text-marker.not-hl.filtered .frame:after,.text-marker.not-hl.filtered .price-label:after,.text-marker.not-hl.filtered .text-label:after{border-color:#e7ea93 rgba(255,0,0,0) rgba(255,0,0,0)}.pin-marker.not-hl.sold_out .frame,.pin-marker.not-hl.sold_out .price-label,.pin-marker.not-hl.sold_out .text-label,.price-marker.not-hl.sold_out .frame,.price-marker.not-hl.sold_out .price-label,.price-marker.not-hl.sold_out .text-label,.price-obfuscate-marker.not-hl.sold_out .frame,.price-obfuscate-marker.not-hl.sold_out .price-label,.price-obfuscate-marker.not-hl.sold_out .text-label,.text-marker.not-hl.sold_out .frame,.text-marker.not-hl.sold_out .price-label,.text-marker.not-hl.sold_out .text-label{background-color:#fff;box-shadow:0 0 0 1px #e0e0e0;color:#212121}.pin-marker.not-hl.sold_out .frame:before,.pin-marker.not-hl.sold_out .price-label:before,.pin-marker.not-hl.sold_out .text-label:before,.price-marker.not-hl.sold_out .frame:before,.price-marker.not-hl.sold_out .price-label:before,.price-marker.not-hl.sold_out .text-label:before,.price-obfuscate-marker.not-hl.sold_out .frame:before,.price-obfuscate-marker.not-hl.sold_out .price-label:before,.price-obfuscate-marker.not-hl.sold_out .text-label:before,.text-marker.not-hl.sold_out .frame:before,.text-marker.not-hl.sold_out .price-label:before,.text-marker.not-hl.sold_out .text-label:before{border-color:#e0e0e0 rgba(255,0,0,0) rgba(255,0,0,0)}.pin-marker.not-hl.sold_out .frame:after,.pin-marker.not-hl.sold_out .price-label:after,.pin-marker.not-hl.sold_out .text-label:after,.price-marker.not-hl.sold_out .frame:after,.price-marker.not-hl.sold_out .price-label:after,.price-marker.not-hl.sold_out .text-label:after,.price-obfuscate-marker.not-hl.sold_out .frame:after,.price-obfuscate-marker.not-hl.sold_out .price-label:after,.price-obfuscate-marker.not-hl.sold_out .text-label:after,.text-marker.not-hl.sold_out .frame:after,.text-marker.not-hl.sold_out .price-label:after,.text-marker.not-hl.sold_out .text-label:after{border-color:#fff rgba(255,0,0,0) rgba(255,0,0,0)}.pin-marker.not-hl.unknown .frame,.pin-marker.not-hl.unknown .price-label,.pin-marker.not-hl.unknown .text-label,.price-marker.not-hl.unknown .frame,.price-marker.not-hl.unknown .price-label,.price-marker.not-hl.unknown .text-label,.price-obfuscate-marker.not-hl.unknown .frame,.price-obfuscate-marker.not-hl.unknown .price-label,.price-obfuscate-marker.not-hl.unknown .text-label,.text-marker.not-hl.unknown .frame,.text-marker.not-hl.unknown .price-label,.text-marker.not-hl.unknown .text-label{background-color:#fff;box-shadow:0 0 0 1px #e0e0e0;color:#6f6f6f}.pin-marker.not-hl.unknown .frame:before,.pin-marker.not-hl.unknown .price-label:before,.pin-marker.not-hl.unknown .text-label:before,.price-marker.not-hl.unknown .frame:before,.price-marker.not-hl.unknown .price-label:before,.price-marker.not-hl.unknown .text-label:before,.price-obfuscate-marker.not-hl.unknown .frame:before,.price-obfuscate-marker.not-hl.unknown .price-label:before,.price-obfuscate-marker.not-hl.unknown .text-label:before,.text-marker.not-hl.unknown .frame:before,.text-marker.not-hl.unknown .price-label:before,.text-marker.not-hl.unknown .text-label:before{border-color:#e0e0e0 rgba(255,0,0,0) rgba(255,0,0,0)}.pin-marker.not-hl.unknown .frame:after,.pin-marker.not-hl.unknown .price-label:after,.pin-marker.not-hl.unknown .text-label:after,.price-marker.not-hl.unknown .frame:after,.price-marker.not-hl.unknown .price-label:after,.price-marker.not-hl.unknown .text-label:after,.price-obfuscate-marker.not-hl.unknown .frame:after,.price-obfuscate-marker.not-hl.unknown .price-label:after,.price-obfuscate-marker.not-hl.unknown .text-label:after,.text-marker.not-hl.unknown .frame:after,.text-marker.not-hl.unknown .price-label:after,.text-marker.not-hl.unknown .text-label:after{border-color:#fff rgba(255,0,0,0) rgba(255,0,0,0)}.pin-marker.not-hl.unknown.place .frame,.pin-marker.not-hl.unknown.place .price-label,.pin-marker.not-hl.unknown.place .text-label,.price-marker.not-hl.unknown.place .frame,.price-marker.not-hl.unknown.place .price-label,.price-marker.not-hl.unknown.place .text-label,.price-obfuscate-marker.not-hl.unknown.place .frame,.price-obfuscate-marker.not-hl.unknown.place .price-label,.price-obfuscate-marker.not-hl.unknown.place .text-label,.text-marker.not-hl.unknown.place .frame,.text-marker.not-hl.unknown.place .price-label,.text-marker.not-hl.unknown.place .text-label{background-color:#858585;box-shadow:0 0 0 1px #fff;color:#fff}.pin-marker.not-hl.unknown.place .frame:before,.pin-marker.not-hl.unknown.place .price-label:before,.pin-marker.not-hl.unknown.place .text-label:before,.price-marker.not-hl.unknown.place .frame:before,.price-marker.not-hl.unknown.place .price-label:before,.price-marker.not-hl.unknown.place .text-label:before,.price-obfuscate-marker.not-hl.unknown.place .frame:before,.price-obfuscate-marker.not-hl.unknown.place .price-label:before,.price-obfuscate-marker.not-hl.unknown.place .text-label:before,.text-marker.not-hl.unknown.place .frame:before,.text-marker.not-hl.unknown.place .price-label:before,.text-marker.not-hl.unknown.place .text-label:before{border-color:#fff rgba(255,0,0,0) rgba(255,0,0,0)}.pin-marker.not-hl.unknown.place .frame:after,.pin-marker.not-hl.unknown.place .price-label:after,.pin-marker.not-hl.unknown.place .text-label:after,.price-marker.not-hl.unknown.place .frame:after,.price-marker.not-hl.unknown.place .price-label:after,.price-marker.not-hl.unknown.place .text-label:after,.price-obfuscate-marker.not-hl.unknown.place .frame:after,.price-obfuscate-marker.not-hl.unknown.place .price-label:after,.price-obfuscate-marker.not-hl.unknown.place .text-label:after,.text-marker.not-hl.unknown.place .frame:after,.text-marker.not-hl.unknown.place .price-label:after,.text-marker.not-hl.unknown.place .text-label:after{border-color:#858585 rgba(255,0,0,0) rgba(255,0,0,0)}.pin-marker.hl .frame,.pin-marker.hl .price-label,.pin-marker.hl .text-label,.price-marker.hl .frame,.price-marker.hl .price-label,.price-marker.hl .text-label,.price-obfuscate-marker.hl .frame,.price-obfuscate-marker.hl .price-label,.price-obfuscate-marker.hl .text-label,.text-marker.hl .frame,.text-marker.hl .price-label,.text-marker.hl .text-label{background-color:#212121;box-shadow:0 0 0 1px #212121;color:#fff}.pin-marker.hl .frame:after,.pin-marker.hl .frame:before,.pin-marker.hl .price-label:after,.pin-marker.hl .price-label:before,.pin-marker.hl .text-label:after,.pin-marker.hl .text-label:before,.price-marker.hl .frame:after,.price-marker.hl .frame:before,.price-marker.hl .price-label:after,.price-marker.hl .price-label:before,.price-marker.hl .text-label:after,.price-marker.hl .text-label:before,.price-obfuscate-marker.hl .frame:after,.price-obfuscate-marker.hl .frame:before,.price-obfuscate-marker.hl .price-label:after,.price-obfuscate-marker.hl .price-label:before,.price-obfuscate-marker.hl .text-label:after,.price-obfuscate-marker.hl .text-label:before,.text-marker.hl .frame:after,.text-marker.hl .frame:before,.text-marker.hl .price-label:after,.text-marker.hl .price-label:before,.text-marker.hl .text-label:after,.text-marker.hl .text-label:before{border-color:#212121 rgba(255,0,0,0) rgba(255,0,0,0)}.pin-marker.hl.place .frame,.pin-marker.hl.place .price-label,.pin-marker.hl.place .text-label,.price-marker.hl.place .frame,.price-marker.hl.place .price-label,.price-marker.hl.place .text-label,.price-obfuscate-marker.hl.place .frame,.price-obfuscate-marker.hl.place .price-label,.price-obfuscate-marker.hl.place .text-label,.text-marker.hl.place .frame,.text-marker.hl.place .price-label,.text-marker.hl.place .text-label{background-color:#000;box-shadow:0 0 0 1px #000;color:#fff}.pin-marker.hl.place .frame:after,.pin-marker.hl.place .frame:before,.pin-marker.hl.place .price-label:after,.pin-marker.hl.place .price-label:before,.pin-marker.hl.place .text-label:after,.pin-marker.hl.place .text-label:before,.price-marker.hl.place .frame:after,.price-marker.hl.place .frame:before,.price-marker.hl.place .price-label:after,.price-marker.hl.place .price-label:before,.price-marker.hl.place .text-label:after,.price-marker.hl.place .text-label:before,.price-obfuscate-marker.hl.place .frame:after,.price-obfuscate-marker.hl.place .frame:before,.price-obfuscate-marker.hl.place .price-label:after,.price-obfuscate-marker.hl.place .price-label:before,.price-obfuscate-marker.hl.place .text-label:after,.price-obfuscate-marker.hl.place .text-label:before,.text-marker.hl.place .frame:after,.text-marker.hl.place .frame:before,.text-marker.hl.place .price-label:after,.text-marker.hl.place .price-label:before,.text-marker.hl.place .text-label:after,.text-marker.hl.place .text-label:before{border-color:#000 rgba(255,0,0,0) rgba(255,0,0,0)}.obfuscate-marker{border-radius:50%}.obfuscate-marker.marker-hidden{visibility:hidden}.obfuscate-marker .obfuscate-marker-icon{-webkit-box-flex:1;-moz-box-flex:1;align-self:flex-end;border-radius:50%;cursor:pointer;display:inline-block;flex:1;max-height:100%;max-width:100%;min-height:100%;min-width:100%}.pin-obfuscate-marker{position:absolute}.pin-obfuscate-marker .obfuscate-marker{cursor:unset;position:absolute}.pin-obfuscate-marker .obfuscate-marker .obfuscate-marker-icon{cursor:unset;margin-left:-50%;margin-top:-50%}.pin-obfuscate-marker.marker-hidden{visibility:hidden}.pin-obfuscate-marker .pin-marker .marker-icon-inter{left:-50%;margin-top:-100%;position:relative;transform:translateY(.25rem)}.pin-obfuscate-marker.frame-circle .pin-marker .marker-icon-inter{transform:translateY(50%)}.price-obfuscate-marker{position:absolute}.price-obfuscate-marker .obfuscate-marker{cursor:unset;position:absolute}.price-obfuscate-marker .obfuscate-marker .obfuscate-marker-icon{cursor:unset;margin-left:-50%;margin-top:-50%}.price-obfuscate-marker.marker-hidden{visibility:hidden}.price-obfuscate-marker .price-marker .price-label{left:-50%;position:relative;top:-1.438rem}.mapbox .price-obfuscate-marker .marker-labels-aligner.above{padding-bottom:0}.price-obfuscate-marker .marker-labels-aligner.left{right:50%;top:-50%;transform:translateX(-100%) translateY(-50%)}.price-obfuscate-marker .marker-labels-aligner.right{left:50%;top:-50%;transform:translateY(-50%)}.price-obfuscate-marker .marker-labels-aligner.above{bottom:calc(100% + 1.438rem);right:50%}.price-obfuscate-marker .marker-labels-aligner.below{right:50%;top:0;transform:unset}.mapbox .marker-labels-container{font:.625rem Helvetica Neue,Arial,Helvetica,sans-serif}.mapbox .marker-label-text{font:.75rem Helvetica Neue,Arial,Helvetica,sans-serif}.mapbox .marker-sublabel-text{font:.625rem Helvetica Neue,Arial,Helvetica,sans-serif}.marker-labels-aligner{display:flex;position:absolute;width:100%}.marker-labels-aligner.text-label-hidden{display:none}.marker-labels-aligner.right{left:100%;top:50%;transform:translateY(-50%)}.marker-labels-aligner.right .marker-label-text{flex:0 0 auto;margin:0}.marker-labels-aligner.above{bottom:100%;justify-content:center;padding-bottom:1px;text-align:center}.marker-labels-aligner.above .marker-label-text{flex:0 0 auto;margin:0}.marker-labels-aligner.left{justify-content:flex-end;right:100%;text-align:right;top:50%;transform:translateY(-50%)}.marker-labels-aligner.left .marker-label-text{flex:0 0 auto;margin:0}.marker-labels-aligner.below{justify-content:center;text-align:center}.marker-labels-aligner.below .marker-label-text{flex:0 0 auto;margin:0}.marker-labels-aligner.center{justify-content:center;top:50%;transform:translateY(-50%)}.marker-labels-aligner .marker-label-text{color:maroon;font-size:.75rem;font-weight:500}.marker-labels-aligner .marker-sublabel-text{color:maroon;font-size:.625rem;font-weight:500}.marker-labels-aligner .marker-sublabel-text.text-sub-label-hidden{display:none}.marker-labels-aligner .marker-label-text,.marker-labels-aligner .marker-sublabel-text{cursor:pointer;display:inline-block;text-shadow:-1px -1px 0 #fff,0 -1px 0 #fff,1px -1px 0 #fff,1px 0 0 #fff,1px 1px 0 #fff,0 1px 0 #fff,-1px 1px 0 #fff,-1px 0 0 #fff,-2px -2px 0 #fff,0 -2px 0 #fff,2px -2px 0 #fff,2px 0 0 #fff,2px 2px 0 #fff,0 2px 0 #fff,-2px 2px 0 #fff,-2px 0 0 #fff;white-space:pre-line;width:max-content}.obfuscate-marker:not(.keyboard-features-list-element-icon){min-height:1.875rem;min-width:1.875rem}.google-maps .price-obfuscate-marker .price-marker{pointer-events:none;top:1px}.google-maps div[class$=-marker-view]{will-change:unset!important}.mapbox .obfuscate-marker{cursor:pointer}.mapbox .obfuscate-marker .obfuscate-marker-icon{top:-.25rem}.mapbox .pin-obfuscate-marker .pin-marker .marker-icon-inter{transform:translateY(2px)}.mapbox .pin-obfuscate-marker .pin-marker .marker-icon-inter .marker-icon:not(component-icon){top:-2px}.mapbox .pin-obfuscate-marker .pin-marker .marker-icon-inter .marker-icon.component-icon{top:1px}.mapbox .pin-obfuscate-marker.frame-circle .pin-marker .marker-icon-inter{transform:translateY(50%)}.mapbox .pin-obfuscate-marker.frame-circle .pin-marker .marker-icon-inter .marker-icon.component-icon,.mapbox .pin-obfuscate-marker.frame-circle .pin-marker .marker-icon-inter .marker-icon:not(component-icon){top:unset}.popup{background-color:#fff;border-radius:2px;box-shadow:0 0 0 1px #6f6f6f;color:#000;cursor:pointer;display:inline-block;font-size:.688rem;font-weight:500;line-height:.875rem;margin-bottom:.25rem;min-height:.75rem;min-width:.75rem;padding:.375rem .75rem .25rem .375rem;position:relative;text-align:center;white-space:nowrap}.popup.above,.popup.top{transform:translateY(-1.875rem)}.popup.above:before,.popup.top:before{border:.375rem solid rgba(255,0,0,0);border-top-color:#6f6f6f;bottom:-.75rem}.popup.above:after,.popup.above:before,.popup.top:after,.popup.top:before{content:" ";display:block;height:0;left:50%;position:absolute;transform:translateX(-50%);width:0}.popup.above:after,.popup.top:after{border:.25rem solid rgba(255,0,0,0);border-top-color:#fff;bottom:-.5rem}.popup.below:before,.popup.bottom:before{border:.375rem solid rgba(255,0,0,0);border-bottom-color:#6f6f6f;top:-.75rem}.popup.below:after,.popup.below:before,.popup.bottom:after,.popup.bottom:before{content:" ";display:block;height:0;left:50%;position:absolute;transform:translateX(-50%);width:0}.popup.below:after,.popup.bottom:after{border:.25rem solid rgba(255,0,0,0);border-bottom-color:#fff;top:-.5rem}.close-button{background-color:#fff;border:1px solid gray;cursor:pointer;height:.5rem;position:absolute;right:1px;top:1px;width:.5rem}.close-button>.leftright{transform:rotate(45deg)}.close-button>.leftright,.close-button>.rightleft{background-color:gray;border-radius:2px;height:2px;margin-top:3px;position:absolute;transition:all .2s ease-in;width:.5rem}.close-button>.rightleft{transform:rotate(-45deg)}.close-button label{color:#fff;opacity:0;transition:all .3s ease-in}.close-button:hover label{opacity:1}.close-button .close{margin:2px 0 0 2px;position:absolute}.close-button:hover .leftright{background-color:#82bcf7;transform:rotate(135deg)}.close-button:hover .rightleft{background-color:#82bcf7;transform:rotate(45deg)}.default-popup-content{height:100%;max-width:12.5rem}.default-popup-content>span{font-size:.688rem;font-weight:400;text-align:justify;white-space:normal}.google-maps .popup.top{transform:translateY(-1.5rem)}.google-maps .popup.below,.google-maps .popup.bottom{transform:translateY(.25rem)}/*! animate.css - https://animate.style/ Version - 4.1.0 Licensed under the MIT license - http://opensource.org/licenses/MIT Copyright (c) 2020 Animate.css */:root{--animate-duration:1s;--animate-delay:1s;--animate-repeat:1}.animate__animated{animation-duration:1s;animation-duration:var(--animate-duration);animation-fill-mode:both}.animate__animated.animate__infinite{animation-iteration-count:infinite}.animate__animated.animate__repeat-1{animation-iteration-count:1;animation-iteration-count:var(--animate-repeat)}.animate__animated.animate__repeat-2{animation-iteration-count:2;animation-iteration-count:calc(var(--animate-repeat)*2)}.animate__animated.animate__repeat-3{animation-iteration-count:3;animation-iteration-count:calc(var(--animate-repeat)*3)}.animate__animated.animate__delay-1s{animation-delay:1s;animation-delay:var(--animate-delay)}.animate__animated.animate__delay-2s{animation-delay:2s;animation-delay:calc(var(--animate-delay)*2)}.animate__animated.animate__delay-3s{animation-delay:3s;animation-delay:calc(var(--animate-delay)*3)}.animate__animated.animate__delay-4s{animation-delay:4s;animation-delay:calc(var(--animate-delay)*4)}.animate__animated.animate__delay-5s{animation-delay:5s;animation-delay:calc(var(--animate-delay)*5)}.animate__animated.animate__faster{animation-duration:.5s;animation-duration:calc(var(--animate-duration)/2)}.animate__animated.animate__fast{animation-duration:.8s;animation-duration:calc(var(--animate-duration)*.8)}.animate__animated.animate__slow{animation-duration:2s;animation-duration:calc(var(--animate-duration)*2)}.animate__animated.animate__slower{animation-duration:3s;animation-duration:calc(var(--animate-duration)*3)}@media (prefers-reduced-motion:reduce),print{.animate__animated{animation-duration:1ms!important;animation-iteration-count:1!important;transition-duration:1ms!important}.animate__animated[class*=Out]{opacity:0}}@keyframes bounce{0%,20%,53%,to{animation-timing-function:cubic-bezier(.215,.61,.355,1);transform:translateZ(0)}40%,43%{animation-timing-function:cubic-bezier(.755,.05,.855,.06);transform:translate3d(0,-1.875rem,0) scaleY(1.1)}70%{animation-timing-function:cubic-bezier(.755,.05,.855,.06);transform:translate3d(0,-.938rem,0) scaleY(1.05)}80%{transform:translateZ(0) scaleY(.95);transition-timing-function:cubic-bezier(.215,.61,.355,1)}90%{transform:translate3d(0,-.25rem,0) scaleY(1.02)}}.animate__bounce{animation-name:bounce;transform-origin:center bottom}.mapboxgl-control-container .mapboxgl-ctrl-top-right{z-index:1000002}.mapboxgl-marker .pin-marker,.mapboxgl-marker .price-marker{left:50%;top:50%}.egmaps{height:100%;width:100%}.egmaps.keyboard-features-enabled>.mapboxgl-canvas-container>.mapboxgl-canvas:focus,.egmaps.keyboard-features-enabled>div>div.gm-style>div:focus>div{outline:1px auto -webkit-focus-ring-color}.no-text-overflow{overflow-x:hidden;text-overflow:ellipsis;white-space:nowrap}div.copyrights{bottom:0;opacity:.7;position:absolute}div.copyrights div.copyright{box-sizing:border-box;color:#6f6f6f;display:inline-block;padding:0 .375rem;position:relative;text-align:right;vertical-align:middle;white-space:nowrap}.google-maps div.copyrights div.copyright{background-color:#f5f5f5;height:.875rem;line-height:.875rem;font:.625rem Roboto,Arial,sans-serif;right:12.188rem;z-index:1000001}.mapbox div.copyrights div.copyright{background-color:#fff;height:1.25rem;line-height:1.125rem;font:.75rem/135% Helvetica Neue,Arial,Helvetica,sans-serif;right:17.5rem;z-index:2}.uitk-mark{--mark-size-4:1rem;--mark-size-5:1.25rem;--mark-size-6:1.5rem;--mark-size-7:1.75rem;--mark-size-8:2rem;--mark-size-9:2.25rem;--mark-size-10:2.5rem;--mark-size-11:2.75rem;--mark-size-12:3rem;--mark-size-13:3.25rem;--mark-size-14:3.5rem;--mark-size-15:3.75rem;--mark-size-16:4rem;--mark-size-17:4.25rem;--mark-size-18:4.5rem;--mark-size-24:6rem;--mark-size-30:7.5rem;--mark-size-37:9.25rem;--mark-size-38:9.5rem;--mark-size-40:10rem;--mark-size-48:12rem;--mark-size-72:18rem;--mark-size-large:2rem;--mark-size-mlarge:2.25rem;--mark-size-medium:1.5rem;--mark-size-small:1.125rem;--mark-size-xsmall:1rem;--uitk-mark-token-size:var(--mark-size-medium);display:inline-flex;fill:currentcolor;max-block-size:100%;max-inline-size:100%;padding-block:var(--egds-mark__padding__inline,0);padding-inline:var(--egds-mark__padding__block,0)}.uitk-mark svg{inline-size:auto}.uitk-mark-landscape-oriented{block-size:var(--egds-mark__size__block,var(--uitk-mark-token-size));inline-size:var(--egds-mark__size__inline,initial);min-inline-size:var(--uitk-mark-token-size)}.uitk-mark-portrait-oriented{block-size:var(--egds-mark__size__block,initial);inline-size:var(--egds-mark__size__inline,var(--uitk-mark-token-size));min-block-size:var(--uitk-mark-token-size)}.uitk-mark-flag{--int__egds-mark__size__block:0.875rem;--int__egds-mark__size__inline:1.25rem;block-size:var(--egds-mark__size__block,var(--int__egds-mark__size__block));inline-size:var(--egds-mark__size__inline,var(--int__egds-mark__size__inline))}.uitk-media-gallery-thumbnail-view{list-style:none}.uitk-media-gallery-thumbnail{position:relative}.uitk-media-gallery-thumbnail-link{background:transparent;block-size:100%;inline-size:100%;inset-block-start:0;inset-inline-start:0;position:absolute}.uitk-media-gallery-image{align-items:center;block-size:100%;display:flex;inline-size:100%;position:absolute}.uitk-media-gallery-image .uitk-image_media-gallery-image{background-color:transparent;place-self:unset}.uitk-media-gallery-image-next{transform:translateX(100%)}.uitk-media-gallery-image-queued{display:none}.uitk-media-gallery-image-animating-next .uitk-media-gallery-image,.uitk-media-gallery-image-animating-prev .uitk-media-gallery-image{transition:transform .2s ease}[dir=ltr] .uitk-media-gallery-image-animating-next .uitk-media-gallery-image-active,[dir=ltr] .uitk-media-gallery-image-prev,[dir=rtl] .uitk-media-gallery-image-animating-prev .uitk-media-gallery-image-active,[dir=rtl] .uitk-media-gallery-image-next{transform:translateX(-100%)}[dir=ltr] .uitk-media-gallery-image-animating-prev .uitk-media-gallery-image-active,[dir=ltr] .uitk-media-gallery-image-next,[dir=rtl] .uitk-media-gallery-image-animating-next .uitk-media-gallery-image-active,[dir=rtl] .uitk-media-gallery-image-prev{transform:translateX(100%)}.uitk-media-gallery-image-animating-next .uitk-media-gallery-image-next,.uitk-media-gallery-image-animating-prev .uitk-media-gallery-image-prev{transform:translateX(0)}.uitk-media-gallery-image-size-auto .uitk-image_media-gallery-image .uitk-image-media_media-gallery-image{block-size:auto;inline-size:auto;margin:auto}.uitk-media-gallery-controls-wrapper{inline-size:8rem;inset-block-end:3rem;position:absolute;z-index:500}@media (orientation:landscape){.uitk-media-gallery-controls-wrapper{inline-size:98%;inset-block-end:45%;inset-inline-start:.5rem}.uitk-media-gallery-image-size-auto .uitk-image_media-gallery-image .uitk-image-media_media-gallery-image{max-block-size:100%;max-inline-size:inherit}}@media (orientation:portrait){.uitk-media-gallery-controls-wrapper{inline-size:8rem;inset-block-end:3rem;inset-inline-start:50%}[dir=ltr] .uitk-media-gallery-controls-wrapper{transform:translate(-50%)}[dir=rtl] .uitk-media-gallery-controls-wrapper{transform:translate(50%)}.uitk-media-gallery-image-size-auto .uitk-image_media-gallery-image .uitk-image-media_media-gallery-image{max-block-size:inherit;max-inline-size:100%}}.truncate-lines-2{overflow:hidden;text-overflow:ellipsis;white-space:nowrap}@supports (-webkit-line-clamp:2){.truncate-lines-2{-webkit-box-orient:vertical;/*! autoprefixer: off */display:box;-webkit-line-clamp:2;overflow:hidden;white-space:normal}}@keyframes menu-grow-right{0%{transform:translate(50%,-50%) scale(0)}to{transform:translate(var(--menu-grow-x),var(--menu-grow-y)) scale(1)}}@keyframes menu-grow-left{0%{transform:translate(-50%,-50%) scale(0)}to{transform:translate(var(--menu-grow-x),var(--menu-grow-y)) scale(1)}}@keyframes menu-fade-in{0%{opacity:0}to{opacity:1}}@keyframes menu-fade-out{0%{opacity:1}to{opacity:0}}.uitk-menu{display:inherit;max-inline-size:100%;position:relative}.uitk-menu-pos-left{inset-inline-start:0}.uitk-menu-pos-right{inset-inline-end:0}.uitk-menu-title{--egds-legacy-color:#191e3b;color:var(--egds-on-surface,var(--egds-legacy-color));font-size:1.25rem;font-weight:500;line-height:1.5rem;padding-block:.75rem;padding-inline:1.5rem}.uitk-menu-container-text-nowrap{--egds-switch__content__white_space:nowrap}.uitk-menu-container-text-nowrap .uitk-list-item{white-space:nowrap}.uitk-menu-container{--egds-legacy-background-color:#fff;background-color:var(--egds-surface-high-elevation,var(--egds-legacy-background-color));border-radius:.5rem;box-shadow:0 2px .75rem rgba(12,14,28,.08);flex-direction:column;inline-size:var(--egds-menu__container__size__inline,auto);inset-block-start:var(--egds-menu__container__block_start_inset,100%);line-height:1.25;max-block-size:var(--egds-menu__container__size__block_min,calc(100vh - var(--spacing__12x)*2));max-inline-size:100vw;min-inline-size:var(--egds-menu__container__size__inline_min,--menu__container__min__sizing_width);overflow-x:hidden;overflow-y:auto;padding-block:.75rem;padding-inline:0;position:absolute;z-index:400}.uitk-menu-container.uitk-menu-container-over-trigger{inset-block-start:0}.uitk-menu-mounted .uitk-menu-container{display:none;margin-block-start:.75rem;opacity:0;pointer-events:none}@supports (-webkit-hyphens:none) and (stroke-color:transparent){.uitk-menu-mounted .uitk-menu-container.uitk-menu-container-autoposition{animation-fill-mode:none,forwards;transform:translate(var(--menu-offset-translate-x),var(--menu-offset-translate-y))}.uitk-menu-mounted .uitk-menu-container.uitk-menu-container-autoposition.uitk-menu-container-has-intersection-root-el{animation:none;opacity:1;transform:translate(var(--menu-grow-x),var(--menu-grow-y))}}.uitk-menu-checkbox:focus+.uitk-menu-trigger-wrapper .uitk-menu-trigger{--egds-legacy-color:#1668e3;outline:auto var(--egds-outline-focus,var(--egds-legacy-color)) .313rem}.uitk-menu-checkbox:not(:checked)~.uitk-menu-container{display:none}.uitk-menu-checkbox:checked~.uitk-menu-container{display:block}.uitk-menu-trigger{--egds-link__size__block__min:2.25rem;--egds-link__padding__block:0.5rem;--egds-link__padding__inline:0}.uitk-menu-icon-trigger{--egds-legacy-fill-color:#191e3b;background-color:transparent;block-size:2.75rem;border-radius:0;border-style:solid;border-width:0;color:var(--egds-on-surface,var(--egds-legacy-fill-color));inline-size:2.75rem}.uitk-menu-icon-trigger:active,.uitk-menu-icon-trigger:focus,.uitk-menu-icon-trigger:focus-within,.uitk-menu-icon-trigger:hover{background-color:rgba(12,14,28,.1)}.uitk-menu-mounted .uitk-menu-container{animation-duration:60ms;animation-fill-mode:forwards;animation-iteration-count:1;animation-name:menu-fade-out}.uitk-menu-mounted .uitk-menu-container.uitk-menu-open{animation-delay:0ms,60ms;animation-duration:.18s,60ms;display:flex;pointer-events:auto}.uitk-menu-mounted .uitk-menu-container.uitk-menu-open.uitk-menu-pos-left{animation-name:menu-grow-left,menu-fade-in}.uitk-menu-mounted .uitk-menu-container.uitk-menu-open.uitk-menu-pos-right,[dir=rtl] .uitk-menu-mounted .uitk-menu-container.uitk-menu-open.uitk-menu-pos-left{animation-name:menu-grow-right,menu-fade-in}[dir=rtl] .uitk-menu-mounted .uitk-menu-container.uitk-menu-open.uitk-menu-pos-right{animation-name:menu-grow-left,menu-fade-in}.uitk-menu-mounted .uitk-menu-container.uitk-menu-open>*{animation-delay:80ms;animation-duration:80ms;animation-name:menu-fade-in}.uitk-menu-mounted .uitk-menu-container.uitk-menu-open .uitk-list{display:block}.uitk-menu-mounted .uitk-menu-container.animation-disabled{animation-duration:0s}.uitk-list{box-sizing:border-box;display:flex;flex-direction:column}.uitk-list .uitk-list-title{font-weight:700}.uitk-list .uitk-list-item,.uitk-list .uitk-list-title{--egds-legacy-color:#191e3b;color:var(--egds-on-surface,var(--egds-legacy-color));display:flex;font-size:.875rem;line-height:1.125rem;padding-block:.75rem;padding-inline:1.5rem}.uitk-list .uitk-list-item{align-items:center;background-color:transparent;font-weight:400;inline-size:100%;justify-content:flex-start;text-decoration:none;-webkit-user-select:none;user-select:none}.uitk-list .uitk-list-item:active{--egds-legacy-background-color:rgba(12,14,28,.1);background-color:var(--egds-surface-container,var(--egds-legacy-background-color));color:var(--egds-on-surface,inherit)}.uitk-list .uitk-list-item:hover{--egds-legacy-background-color:rgba(12,14,28,.05);background-color:var(--egds-surface-container-variant,var(--egds-legacy-background-color));color:var(--egds-on-surface,inherit);text-decoration:none}.uitk-list .uitk-list-item:focus{--egds-legacy-border-color:#1668e3;box-shadow:inset 0 0 0 2px var(--egds-outline-focus,var(--egds-legacy-border-color));outline:none}.uitk-list .uitk-list-item-disabled,.uitk-list .uitk-list-item:disabled{opacity:.36;pointer-events:none}.uitk-list .uitk-list-item>.uitk-menu-list-item-check,.uitk-list .uitk-list-item>.uitk-menu-list-item-icon{align-self:start}.uitk-list .uitk-list-item>.uitk-menu-list-item-icon{padding-inline-end:.5rem}.uitk-list .uitk-list-item>.uitk-menu-list-item-check{margin-inline-start:1rem}.uitk-list .uitk-list-item>.uitk-menu-list-item-label{padding-block-start:2px}.uitk-list .uitk-list-divider{--egds-legacy-border-color:#b1b3bd;block-size:0;border:none;border-block-end:1px solid var(--egds-outline,var(--egds-legacy-border-color))}.uitk-more-info-trigger{align-items:flex-start;background-color:transparent;color:var(--int__egds-text__color,var(--egds-legacy-color));display:inline-flex;position:var(--egds-more-info-trigger__position);text-decoration:none;z-index:var(--egds-more-info-trigger__z_index,2)}.uitk-more-info-trigger:visited{text-decoration:none}@media (any-pointer:fine){.uitk-more-info-trigger:hover{text-decoration:underline}}.uitk-more-info-trigger:active{text-decoration:underline}.uitk-more-info-trigger-icon-container{align-items:center;display:flex}.uitk-more-info-trigger-icon{block-size:1.125rem;fill:var(--int__egds-fill__color,var(--egds-legacy-fill-color))}.uitk-more-info-trigger-size-small{font-size:.75rem;gap:.25rem;line-height:1rem}.uitk-more-info-trigger-size-small-icon-container{block-size:1rem}.uitk-more-info-trigger-size-medium{font-size:.875rem;gap:.25rem;line-height:1.25rem}.uitk-more-info-trigger-size-medium-icon-container{block-size:1.25rem}.uitk-more-info-trigger-size-large{font-size:1rem;gap:.25rem;line-height:1.5rem}.uitk-more-info-trigger-size-large-icon-container{block-size:1.5rem}.uitk-more-info-trigger-weight-regular{font-weight:400}.uitk-more-info-trigger-weight-bold{font-weight:700}.uitk-more-info-trigger-icon-theme-default,.uitk-more-info-trigger-icon-theme-emphasis{--egds-legacy-fill-color:#191e3b;--int__egds-fill__color:var(--egds-on-surface)}.uitk-more-info-trigger-icon-theme-inverse{--egds-legacy-fill-color:#fff;--int__egds-fill__color:var(--egds-inverse-on-surface)}.uitk-more-info-trigger-icon-theme-positive{--egds-legacy-fill-color:#227950;--int__egds-fill__color:var(--egds-positive)}.uitk-more-info-trigger-icon-theme-negative{--egds-legacy-fill-color:#a7183c;--int__egds-fill__color:var(--egds-critical)}.uitk-more-info-trigger-theme-default,.uitk-more-info-trigger-theme-emphasis{--egds-legacy-color:#191e3b;--int__egds-text__color:var(--egds-on-surface)}.uitk-more-info-trigger-theme-inverse{--egds-legacy-color:#fff;--int__egds-text__color:var(--egds-inverse-on-surface)}.uitk-more-info-trigger-theme-positive{--egds-legacy-color:#227950;--int__egds-text__color:var(--egds-positive)}.uitk-more-info-trigger-theme-negative{--egds-legacy-color:#a7183c;--int__egds-text__color:var(--egds-critical)}.uitk-more-info-trigger-align-leading{text-align:start}.uitk-more-info-trigger-align-center{text-align:center}.uitk-more-info-trigger-align-trailing{text-align:end}.uitk-pill{align-items:stretch;block-size:2rem;display:inline-flex;min-inline-size:2.75rem}.uitk-pill~.uitk-pill{margin-inline-start:.5rem}.uitk-pill-disabled{cursor:not-allowed;opacity:.36}.uitk-pill-disabled .uitk-pill-disabled{opacity:1}.uitk-pill-content{--egds-legacy-background-color:#fff;--egds-legacy-color:#191e3b;--egds-legacy-border-color:#818494;align-items:center;background-color:var(--egds-surface-low-elevation,var(--egds-legacy-background-color));border-radius:2500rem;box-shadow:inset 0 0 0 1px var(--egds-outline,var(--egds-legacy-border-color));color:var(--egds-on-surface,var(--egds-legacy-color));display:inline-flex;font-size:.875rem;font-weight:400;justify-content:center;line-height:1.125rem;padding-block:0;padding-inline:.75rem}.uitk-pill:not(.uitk-pill-disabled) .uitk-pill-content{cursor:pointer}.uitk-pill-text{max-inline-size:12rem;overflow:hidden;text-overflow:ellipsis;white-space:nowrap}.uitk-pill-icon{--egds-legacy-color:#191e3b;block-size:1rem;color:var(--egds-on-surface,var(--egds-legacy-color));inline-size:1rem;min-inline-size:1rem;padding-inline-end:.25rem}.uitk-pill-action-icon,.uitk-pill-trigger-icon{margin-inline-start:.5rem}.uitk-pill-action-icon{--egds-legacy-color:#1668e3;color:var(--egds-on-surface,var(--egds-legacy-color))}.uitk-pill-action-icon,.uitk-pill-trigger-icon{block-size:1rem;inline-size:1rem}.uitk-pill-removable.uitk-pill-content,.uitk-pill-selected,.uitk-pill-standard:checked~.uitk-pill-content{--egds-legacy-background-color:#ecf4fd;--egds-legacy-border-color:#1668e3;--egds-legacy-color:#1668e3;--egds-legacy-fill:#1668e3;background-color:var(--egds-secondary-container-variant,var(--egds-legacy-background-color));box-shadow:inset 0 0 0 2px var(--egds-on-surface,var(--egds-legacy-border-color));color:var(--egds-on-surface,var(--egds-legacy-color))}.uitk-pill-removable.uitk-pill-content .uitk-pill-icon,.uitk-pill-selected .uitk-pill-icon,.uitk-pill-standard:checked~.uitk-pill-content .uitk-pill-icon{color:var(--egds-on-surface,var(--egds-legacy-fill))}.uitk-pill-removable.uitk-pill-content .uitk-trigger-icon,.uitk-pill-selected .uitk-trigger-icon,.uitk-pill-standard:checked~.uitk-pill-content .uitk-trigger-icon{color:var(--egds-on-secondary,var(--egds-legacy-fill))}.uitk-pill-removable.uitk-pill-content.uitk-pill-active,.uitk-pill-selected.uitk-pill-active,.uitk-pill-standard:checked~.uitk-pill-content.uitk-pill-active{--egds-legacy-background-color:#c8dff9;background-color:var(--egds-secondary-container,var(--egds-legacy-background-color))}.uitk-pill:not(.uitk-pill-disabled):hover .uitk-pill-content,.uitk-pill:not(.uitk-pill-disabled):hover.uitk-pill-content{--egds-legacy-background-color:#ecf4fd;background-color:var(--egds-secondary-container-variant,var(--egds-legacy-background-color))}.uitk-pill-active,.uitk-pill:not(.uitk-pill-disabled):active .uitk-pill-content,.uitk-pill:not(.uitk-pill-disabled):active.uitk-pill-content{--egds-legacy-background-color:#c8dff9;background-color:var(--egds-secondary-container,var(--egds-legacy-background-color))}.uitk-pill-trigger-toggle-state{--egds-legacy-background-color:#c8dff9;background-color:var(--egds-secondary-container-variant,var(--egds-legacy-background-color));box-shadow:inset 0 0 0 2px var(--egds-on-surface,var(--egds-legacy-border-color));color:var(--egds-on-surface)}.uitk-pill button:focus-visible~.uitk-pill-content,.uitk-pill input:focus-visible~.uitk-pill-content,.uitk-pill:focus-visible .uitk-pill-content{--egds-legacy-color:#1668e3;outline:auto var(--egds-outline-focus,var(--egds-legacy-color)) .313rem}.uitk-pill-container{display:flex;flex-wrap:nowrap;margin-block:-.75rem 0;margin-inline:-.25rem;overflow:auto;position:relative}.uitk-pill-container-wrap{flex-wrap:wrap;overflow:visible}.uitk-pill-container-align-center{justify-content:center}.uitk-pill-container .uitk-pill{flex-shrink:0;margin-block:.75rem 0;margin-inline:.25rem}.uitk-price-lockup{background-color:transparent}.uitk-price-lockup.align-start{justify-content:flex-start;text-align:start}.uitk-price-lockup.align-start .uitk-price-strikethrough{display:flex;flex-direction:row-reverse;justify-content:flex-end}.uitk-price-lockup.align-end{justify-content:flex-end;text-align:end}.uitk-price-lockup .uitk-price-strikethrough{color:#191e3b;display:inline-flex;font-size:.875rem;line-height:1.125rem;margin-inline-end:.25rem;text-decoration:line-through;transform:translateY(1px);vertical-align:text-top}.uitk-price-lockup .uitk-lockup-points,.uitk-price-lockup .uitk-lockup-price{color:#191e3b;font-size:1.75rem;font-weight:700;line-height:2rem}.uitk-price-lockup .uitk-price-subtext{color:#191e3b;font-size:.625rem;line-height:1.285}.uitk-price-lockup .uitk-price-subtext-padded{padding-block-start:.25rem}.uitk-progress-bar-label{font-weight:400;max-inline-size:28rem}.uitk-progress-bar-label,.uitk-progress-bar-value{--egds-legacy-color:#191e3b;color:var(--egds-on-surface,var(--egds-legacy-color));font-size:.75rem;line-height:1rem}.uitk-progress-bar-value{font-weight:500}.uitk-progress-bar-track{--egds-legacy-background-color:rgba(77,81,103,.28);background:none;block-size:.5rem;border-radius:.25rem;margin-block-start:.5rem;position:relative}.uitk-progress-bar-track:before{background:var(--egds-on-surface-variant,var(--egds-legacy-background-color));block-size:100%;border-radius:inherit;content:"";inline-size:100%;opacity:var(--egds-opacity-default,unset);position:absolute;z-index:0}.uitk-progress-bar-fill{block-size:.5rem;border-radius:.25rem;position:relative;z-index:1}.uitk-progress-bar-standard{--egds-legacy-background-color:#4d5167;background-color:var(--egds-on-surface,var(--egds-legacy-background-color))}.uitk-progress-bar-muted{--egds-legacy-background-color:#818494;background-color:var(--egds-on-surface-variant,var(--egds-legacy-background-color))}.uitk-progress-bar-positive{--egds-legacy-background-color:#227950;background-color:var(--egds-positive,var(--egds-legacy-background-color))}.uitk-radio-button{line-height:1.4285714286;padding-block-end:.5rem;padding-block-start:.5rem;padding-inline-start:.25rem;position:relative}.uitk-radio-button input[type=radio]{box-sizing:content-box;opacity:0;position:absolute;z-index:1}.uitk-radio-button.is-disabled:hover input[type=radio],.uitk-radio-button.is-disabled:hover input[type=radio]:disabled{opacity:0}.uitk-radio-button-group{border:none}.uitk-radio-button input:checked+.uitk-radio-button-control:before{inset-block-start:-2px;inset-inline-start:-2px}.uitk-radio-button-label{--egds-legacy-color:#191e3b;color:var(--egds-on-surface,var(--egds-legacy-color));display:grid;font-size:.875rem;font-weight:400;grid-auto-rows:min-content;grid-template-areas:"radio label" ".     desc";grid-template-columns:min-content 1fr;line-height:1.125rem}.uitk-radio-button-label .uitk-radio-button-control{grid-area:radio}.uitk-radio-button-label .uitk-radio-button-description{grid-area:desc}.uitk-radio-button-label .uitk-radio-button-content{grid-area:label}.uitk-radio-button-label .uitk-radio-button-label-suffix{--egds-legacy-color:#191e3b;color:var(--egds-on-surface,var(--egds-legacy-color));font-size:.875rem;font-weight:700;line-height:1.125rem}.uitk-radio-button-label-haslabelsuffix{grid-template-areas:"radio label space suffix" ".     desc  desc  desc";grid-template-columns:min-content 1fr 1rem min-content}.uitk-radio-button-label-haslabelsuffix .uitk-radio-button-label-suffix{grid-area:suffix;white-space:nowrap}.uitk-radio-button:not(.is-disabled) .uitk-radio-button-label{cursor:pointer}.uitk-radio-button.is-disabled .uitk-radio-button input[type=radio]{opacity:0}.uitk-radio-button .uitk-radio-button-content .uitk-radio-button-description{--egds-legacy-color:#191e3b;color:var(--egds-on-surface,var(--egds-legacy-color));font-size:.75rem;font-weight:400;line-height:1rem;margin-block-start:2px}.uitk-radio-button input:not(:checked)+.uitk-radio-button-control{--egds-legacy-background-color:#fff;--egds-legacy-border-color:#1668e3;background-color:var(--egds-surface,var(--egds-legacy-background-color));block-size:calc(1rem - 2px);border-color:var(--egds-outline,var(--egds-legacy-border-color));border-width:0;box-shadow:0 0 0 2px var(--egds-outline,var(--egds-legacy-border-color));inline-size:calc(1rem - 2px);margin-block-end:.0625rem;margin-block-start:.0625rem;margin-inline-end:calc(.5rem + 2px);margin-inline-start:0}@media (pointer:fine){.uitk-radio-button input:not(:checked):hover:not(:disabled)+.uitk-radio-button-control{--egds-legacy-border-color:#1668e3;border-color:var(--egds-secondary,var(--egds-legacy-border-color));border-width:0;box-shadow:0 0 0 .25rem var(--egds-secondary,var(--egds-legacy-border-color))}}.uitk-radio-button input:not(:checked):focus+.uitk-radio-button-control{--egds-legacy-border-color:#1668e3;border-color:var(--egds-outline-focus,var(--egds-legacy-border-color));border-width:0;box-shadow:0 0 0 .25rem var(--egds-outline-focus,var(--egds-legacy-border-color))}.uitk-radio-button:not(.uitk-radio-button-disabled) input:checked+.uitk-radio-button-control{--egds-legacy-background-color:#fff;--egds-legacy-fill-color:#1668e3;--egds-legacy-border-color:#1668e3;background:var(--egds-secondary,var(--egds-legacy-fill-color));block-size:calc(1rem - 2px);border-color:var(--egds-secondary,var(--egds-legacy-border-color));border-width:0;box-shadow:0 0 0 2px var(--egds-outline-focus,var(--egds-legacy-border-color)),inset 0 0 0 2px var(--egds-surface,var(--egds-legacy-background-color));inline-size:calc(1rem - 2px);margin-block-end:.0625rem;margin-block-start:.0625rem;margin-inline-end:calc(.5rem + 2px);margin-inline-start:0}.uitk-radio-button:not(.uitk-radio-button-disabled) input:checked+.uitk-radio-button-control:before{--egds-legacy-border-color:#1668e3;border-color:var(--egds-outline-focus,var(--egds-legacy-border-color))}.uitk-radio-button:not(.uitk-radio-button-disabled) input:checked:focus+.uitk-radio-button-control{--egds-legacy-background-color:#fff;--egds-legacy-border-color:#1668e3;border-color:var(--egds-surface,var(--egds-legacy-background-color));border-width:0;box-shadow:0 0 0 .25rem var(--egds-secondary,var(--egds-legacy-border-color)),inset 0 0 0 2px var(--egds-surface,var(--egds-legacy-background-color))}fieldset.uitk-radio-button-group .uitk-radio-button-error{--egds-legacy-color:#a7183c;color:var(--egds-critical,var(--egds-legacy-color));font-size:.75rem;font-weight:400;line-height:1rem;margin-block-start:2px}.uitk-radio-button-control{cursor:pointer;pointer-events:none}.uitk-radio-button-control:after{transition:transform .16s cubic-bezier(.22,.61,.36,1)}.uitk-radio-button-control,.uitk-radio-button-control:before{block-size:1rem;border-radius:50%;border-style:solid;inline-size:1rem;position:relative}.uitk-radio-button-control:before{border:1px solid transparent;content:"";display:block;opacity:1}.uitk-radio-button-control:not(.uitk-radio-button-has-reduced-motion):before{transition-duration:.3s;transition-property:transform,opacity;transition-timing-function:cubic-bezier(.38,.33,.02,1.01)}input:checked+.uitk-radio-button-control:before{opacity:0;position:absolute;transform:scale(2.5);transform-origin:50%}.uitk-radio-button-disabled{cursor:not-allowed;opacity:.36;pointer-events:none}.uitk-radio-button-required-asterisk{--egds-legacy-color:#a7183c;color:var(--egds-critical,var(--egds-legacy-color))}.uitk-rating{--egds-legacy-color:#676a7d;color:var(--egds-tertiary,var(--egds-legacy-color));display:inline-flex;padding-block:.125em;padding-inline:0}.uitk-rating-icon{block-size:1rem;inline-size:1rem}.uitk-rating-icon,.uitk-rating-icon:last-child{margin-inline-end:0}.uitk-scrim{border-radius:var(--egds-scrim__border_radius,0);color:#fff;inset-block-end:0;inset-inline-end:0;inset-inline-start:0;margin:0;pointer-events:none;position:var(--egds-scrim__position,absolute);z-index:var(--egds-scrim__z_index,auto)}.uitk-scrim *{pointer-events:auto}.uitk-scrim.overlay{--egds-legacy-background-color:rgba(12,14,28,.5);background:none;block-size:100%;z-index:0}.uitk-scrim.overlay:before{background:var(--egds-scrim,var(--egds-legacy-background-color));block-size:100%;border-radius:inherit;content:"";inline-size:100%;inset-block-start:0;inset-inline-start:0;opacity:var(--egds-overlay-scrim-opacity,1);position:absolute;z-index:-1}.uitk-scrim.fade-bottom{--egds-legacy-scrim:linear-gradient(180deg,rgba(12,14,28,0) 1rem,rgba(12,14,28,.11) 2rem,rgba(12,14,28,.32) 3.1rem,rgba(12,14,28,.5) 4.625rem);background-image:var(--egds-bottom-scrim,var(--egds-legacy-scrim));padding-block:3.5rem .75rem;padding-inline:.75rem}.uitk-scrim.fade-leading,.uitk-scrim.fade-trailing{block-size:100%}[dir=ltr] .uitk-scrim.fade-leading{--egds-legacy-scrim:linear-gradient(270deg,hsla(0,0%,100%,0),#fff);background-image:var(--egds-primary-leading-scrim,var(--egds-legacy-scrim))}[dir=ltr] .uitk-scrim.fade-leading.secondary-background{--egds-legacy-scrim:linear-gradient(270deg,hsla(42,56%,96%,0),#fbf8f1);background-image:var(--egds-secondary-leading-scrim,var(--egds-legacy-scrim))}[dir=ltr] .uitk-scrim.fade-trailing{--egds-legacy-scrim:linear-gradient(90deg,hsla(0,0%,100%,0),#fff);background-image:var(--egds-primary-trailing-scrim,var(--egds-legacy-scrim))}[dir=ltr] .uitk-scrim.fade-trailing.secondary-background{--egds-legacy-scrim:linear-gradient(90deg,hsla(42,56%,96%,0),#fbf8f1);background-image:var(--egds-secondary-trailing-scrim,var(--egds-legacy-scrim))}[dir=rtl] .uitk-scrim.fade-leading{--egds-legacy-scrim:linear-gradient(90deg,hsla(0,0%,100%,0),#fff);background-image:var(--egds-primary-trailing-scrim,var(--egds-legacy-scrim))}[dir=rtl] .uitk-scrim.fade-leading.secondary-background{--egds-legacy-scrim:linear-gradient(90deg,hsla(42,56%,96%,0),#fbf8f1);background-image:var(--egds-secondary-trailing-scrim,var(--egds-legacy-scrim))}[dir=rtl] .uitk-scrim.fade-trailing{--egds-legacy-scrim:linear-gradient(270deg,hsla(0,0%,100%,0),#fff);background-image:var(--egds-primary-leading-scrim,var(--egds-legacy-scrim))}[dir=rtl] .uitk-scrim.fade-trailing.secondary-background{--egds-legacy-scrim:linear-gradient(270deg,hsla(42,56%,96%,0),#fbf8f1);background-image:var(--egds-secondary-leading-scrim,var(--egds-legacy-scrim))}.uitk-scrim.fade-button{--egds-legacy-scrim:linear-gradient(0deg,hsla(0,0%,100%,.75) 88%,hsla(0,0%,100%,0));background-image:var(--egds-button-scrim,var(--egds-legacy-scrim));padding-block:.75rem;padding-inline:.75rem}.uitk-scrollable{block-size:100%}.uitk-scrollable-horizontal{display:flex;overflow-x:auto}.uitk-scrollable-vertical{overflow-y:auto}.uitk-side-sheet{inline-size:100%;max-inline-size:30rem;min-inline-size:18rem}.uitk-side-sheet-columns-1,.uitk-side-sheet-columns-10,.uitk-side-sheet-columns-11,.uitk-side-sheet-columns-12,.uitk-side-sheet-columns-2,.uitk-side-sheet-columns-3,.uitk-side-sheet-columns-4,.uitk-side-sheet-columns-5,.uitk-side-sheet-columns-6,.uitk-side-sheet-columns-7,.uitk-side-sheet-columns-8,.uitk-side-sheet-columns-9{max-inline-size:unset;min-inline-size:unset}.uitk-sheet{--egds-legacy-background-color:#fff;--sheet-background-color:var(--egds-surface-high-elevation,var(--egds-legacy-background-color));background-color:var(--sheet-background-color);box-shadow:0 2px .75rem rgba(12,14,28,.08);inset-block-end:0;position:fixed}.uitk-sheet .uitk-sheet{--egds-sheet-bottom__position:absolute}.uitk-sheet-content{flex-grow:1;overflow-y:auto;overscroll-behavior:contain;position:relative}.uitk-sheet-content-padded{padding-block-end:1.5rem;padding-block-start:1.5rem;padding-inline-end:1.5rem;padding-inline-start:1.5rem}.uitk-sheet-content-medium{--uitk-content-medium-size:36rem;margin-block:0;margin-inline:auto;max-inline-size:Min(100%,var(--uitk-content-medium-size))}.uitk-sheet-content-extra-large{--uitk-content-extra-large-size:103.75rem;margin-block:0;margin-inline:auto;max-inline-size:Min(100%,var(--uitk-content-extra-large-size))}.uitk-sheet-footer{--egds-legacy-background-color:#fff;background-color:var(--egds-surface-high-elevation,var(--egds-legacy-background-color));box-shadow:0 2px .75rem rgba(12,14,28,.08);position:relative;z-index:200}.uitk-sheet-close-button-container{align-items:center;block-size:3rem;display:flex;inline-size:3rem;justify-content:center}.uitk-bottom-sheet{--egds-legacy-background-color:#fff;--egds-toolbar__border_radius_start_end:1rem;--egds-toolbar__border_radius_start_start:1rem;--bottom-sheet-background-color:var(
    --egds-sheet__background,var(--egds-surface-medium-elevation,var(--egds-legacy-background-color))
  );background:var(--bottom-sheet-background-color);block-size:var(--uitk-bottom-sheet-height,initial);border-start-end-radius:1rem;border-start-start-radius:1rem;box-shadow:0 2px .75rem rgba(12,14,28,.08);display:flex;flex-direction:column;inset-inline-end:0;inset-inline-start:0;margin:auto;max-block-size:50%;max-inline-size:45rem;min-block-size:3rem;overflow-y:auto;position:var(--egds-sheet-bottom__position,fixed);transition:block-size .15s ease;transition-timing-function:ease;z-index:400}@media screen and (min-width:36rem){.uitk-bottom-sheet{max-block-size:50%}}.uitk-bottom-sheet.uitk-sheet-enter{transform:translateY(100vh)}.uitk-bottom-sheet.uitk-sheet-exit{transform:translateY(0)}.uitk-bottom-sheet.uitk-sheet-enter-active{transform:translateY(0);transition:transform .3s ease-out;transition-timing-function:ease-out}.uitk-bottom-sheet.uitk-sheet-exit-active{transform:translateY(100vh);transition:transform .3s ease-in;transition-timing-function:ease-in}.uitk-bottom-sheet-full-width{max-inline-size:unset}.uitk-bottom-sheet-expanded{block-size:50vh}.uitk-centered-sheet{block-size:var(--uitk-centered-sheet-height);border-radius:1rem;box-shadow:0 2px .75rem rgba(12,14,28,.08);display:flex;flex-direction:column;inline-size:clamp(Min(100%,var(--uitk-centered-sheet-min-size)),calc(100% - 6rem),var(--uitk-centered-sheet-max-size));inset-block-end:auto;margin-inline-end:3rem;margin-inline-start:3rem;max-block-size:calc(100% - 6rem);overflow-y:auto}.uitk-centered-sheet-medium{--uitk-centered-sheet-min-size:32.5rem;--uitk-centered-sheet-max-size:45rem}@media screen and (max-width:32.5rem){.uitk-centered-sheet-medium{border-radius:0}}.uitk-centered-sheet-small{--uitk-centered-sheet-min-size:17.5rem;--uitk-centered-sheet-max-size:30rem}@media screen and (max-width:17.5rem){.uitk-centered-sheet-small{border-radius:0}}.uitk-full-sheet{--full-sheet-background-color:var(--egds-background-color);background-color:var(--full-sheet-background-color);block-size:100%;display:flex;flex-direction:column;inline-size:100%}.uitk-full-sheet-standard{--egds-legacy-background-color:#fff;--egds-background-color:var(--egds-surface,var(--egds-legacy-background-color))}.uitk-full-sheet-dark{--egds-legacy-background-color:#0c0e1c;--egds-background-color:var(--egds-overlay,var(--egds-legacy-background-color))}.uitk-popover-sheet{animation-duration:60ms;animation-fill-mode:forwards;animation-iteration-count:1;animation-name:sheet-fade-out;border-radius:.5rem;inset-block-end:unset;inset-block-start:var(--uitk-popover-sheet-block-pos,initial);inset-inline-start:var(--uitk-popover-sheet-inline-pos-ltr,initial);max-block-size:calc(100vh - 6rem);max-inline-size:100vw;min-block-size:3rem;min-inline-size:3rem;overflow-x:hidden;overflow-y:auto;position:absolute;z-index:400}[dir=rtl] .uitk-popover-sheet{inset-inline-start:var(--uitk-popover-sheet-inline-pos-rtl,initial)}.uitk-popover-sheet-has-block-start-margin{margin-block-start:.75rem}.uitk-popover-sheet-has-intersection-root-el{max-inline-size:var(--uitk-popover-sheet-max-inline-size)}.uitk-popover-sheet-open{animation-delay:0ms,60ms;animation-duration:.18s,60ms;animation-fill-mode:forwards,forwards;display:block;opacity:0;pointer-events:auto;transform:scale(0)}.uitk-popover-sheet-open.uitk-popover-sheet-inline-pos-leading{animation-name:sheet-grow-left,sheet-fade-in}.uitk-popover-sheet-open.uitk-popover-sheet-inline-pos-trailing,[dir=rtl] .uitk-popover-sheet-open.uitk-popover-sheet-inline-pos-leading{animation-name:sheet-grow-right,sheet-fade-in}[dir=rtl] .uitk-popover-sheet-open.uitk-popover-sheet-inline-pos-trailing{animation-name:sheet-grow-left,sheet-fade-in}.uitk-popover-sheet-open.uitk-popover-sheet-block-pos-leading{transform-origin:50% 100%}@supports (-webkit-hyphens:none) and (stroke-color:transparent){.uitk-popover-sheet-open.uitk-popover-sheet-inline-pos-leading,.uitk-popover-sheet-open.uitk-popover-sheet-inline-pos-trailing{animation-fill-mode:none,forwards;transform:translate(var(--uitk-popover-sheet-offset-translate-x),var(--uitk-popover-sheet-offset-translate-y))}.uitk-popover-sheet-open.uitk-popover-sheet-inline-pos-leading.uitk-popover-sheet-has-intersection-root-el,.uitk-popover-sheet-open.uitk-popover-sheet-inline-pos-trailing.uitk-popover-sheet-has-intersection-root-el{animation:none;opacity:1;transform:translate(var(--uitk-popover-sheet-grow-x),var(--uitk-popover-sheet-grow-y))}}.uitk-popover-sheet-open>*{animation-delay:80ms;animation-duration:80ms;animation-fill-mode:forwards;animation-name:sheet-fade-in;opacity:0}.uitk-side-sheet{block-size:100%;display:flex;flex-direction:column;z-index:700}.uitk-side-sheet:not(.uitk-side-sheet-has-overflow){overflow-y:hidden}.uitk-side-sheet.uitk-sheet-enter-active{transition:transform .2s cubic-bezier(0,0,.2,1)}[dir=ltr] .uitk-side-sheet.uitk-sheet-enter{transform:translateX(100vw)}[dir=ltr] .uitk-side-sheet.uitk-sheet-enter.uitk-side-sheet-position-leading,[dir=rtl] .uitk-side-sheet.uitk-sheet-enter,[dir=rtl] .uitk-side-sheet.uitk-sheet-enter.uitk-side-sheet-position-trailing{transform:translateX(-100vw)}[dir=ltr] .uitk-side-sheet.uitk-sheet-enter.uitk-side-sheet-position-trailing,[dir=rtl] .uitk-side-sheet.uitk-sheet-enter.uitk-side-sheet-position-leading{transform:translateX(100vw)}[dir=ltr] .uitk-side-sheet.uitk-sheet-enter-active.uitk-side-sheet-position-leading,[dir=ltr] .uitk-side-sheet.uitk-sheet-enter-active.uitk-side-sheet-position-trailing,[dir=rtl] .uitk-side-sheet.uitk-sheet-enter-active.uitk-side-sheet-position-leading,[dir=rtl] .uitk-side-sheet.uitk-sheet-enter-active.uitk-side-sheet-position-trailing{transform:translateX(0)}.uitk-side-sheet.uitk-sheet-exit-active{transition:transform .12s cubic-bezier(.4,0,1,1)}[dir=ltr] .uitk-side-sheet.uitk-sheet-exit,[dir=rtl] .uitk-side-sheet.uitk-sheet-exit{transform:translateX(0)}[dir=ltr] .uitk-side-sheet.uitk-sheet-exit-active{transform:translateX(100vw)}[dir=ltr] .uitk-side-sheet.uitk-sheet-exit-active.uitk-side-sheet-position-leading,[dir=rtl] .uitk-side-sheet.uitk-sheet-exit-active,[dir=rtl] .uitk-side-sheet.uitk-sheet-exit-active.uitk-side-sheet-position-trailing{transform:translateX(-100vw)}[dir=ltr] .uitk-side-sheet.uitk-sheet-exit-active.uitk-side-sheet-position-trailing,[dir=rtl] .uitk-side-sheet.uitk-sheet-exit-active.uitk-side-sheet-position-leading{transform:translateX(100vw)}.uitk-side-sheet-position-trailing{inset-inline-end:0}.uitk-side-sheet-position-leading{inset-inline-start:0}.uitk-side-sheet-columns-1{inline-size:8.3333333333vw}.uitk-side-sheet-columns-2{inline-size:16.6666666667vw}.uitk-side-sheet-columns-3{inline-size:25vw}.uitk-side-sheet-columns-4{inline-size:33.3333333333vw}.uitk-side-sheet-columns-5{inline-size:41.6666666667vw}.uitk-side-sheet-columns-6{inline-size:50vw}.uitk-side-sheet-columns-7{inline-size:58.3333333333vw}.uitk-side-sheet-columns-8{inline-size:66.6666666667vw}.uitk-side-sheet-columns-9{inline-size:75vw}.uitk-side-sheet-columns-10{inline-size:83.3333333333vw}.uitk-side-sheet-columns-11{inline-size:91.6666666667vw}.uitk-side-sheet-columns-12{inline-size:100vw}@keyframes alternating-fade{0%{opacity:1}50%{opacity:.5}to{opacity:1}}.uitk-skeleton-line{--egds-fallback-height:0.75rem;block-size:var(--text-size,var(--egds-fallback-height));border-radius:calc(var(--text-size, var(--egds-fallback-height))/2);inline-size:100%;position:relative}.uitk-skeleton-line-primary{max-inline-size:9.5rem}.uitk-skeleton-line-secondary{max-inline-size:4.25rem}.uitk-skeleton-block{inset:0;position:absolute}.uitk-skeleton-block-rounded{--egds-fallback-corner-radius:0.5rem;border-radius:var(--corner-radius,var(--egds-fallback-corner-radius))}.uitk-skeleton:not(.uitk-skeleton-animation){--egds-legacy-background-color:#dfe0e4;background-color:var(--egds-surface-container,var(--egds-legacy-background-color))}.uitk-skeleton-animation{display:block;overflow:hidden}.uitk-skeleton-animation:before{--egds-legacy-background-color:#dfe0e4;animation:alternating-fade 2s linear infinite forwards;animation-delay:var(--delay);background-color:var(--egds-surface-container,var(--egds-legacy-background-color));block-size:100%;content:"";display:block;inline-size:100%;opacity:1;position:absolute}[dir=rtl] .uitk-skeleton-animation:before{animation-direction:reverse}@media (prefers-reduced-motion){.uitk-skeleton-animation:before{animation:none;background-image:none}}.skeleton-is-hidden{visibility:hidden}.uitk-skip-link{--egds-legacy-background-color:#fff;background-color:var(--egds-surface-high-elevation,var(--egds-legacy-background-color));border-radius:.5rem;box-shadow:0 2px .75rem rgba(12,14,28,.08);flex-direction:column;inset-block-start:100%;inset-block-start:.75rem;line-height:1.25;max-inline-size:100vw;min-inline-size:3rem;overflow-x:hidden;overflow-y:auto;padding-block:.75rem;padding-inline:0;position:absolute;z-index:300}[dir=ltr] .uitk-skip-link{inset-inline-start:.75rem}[dir=rtl] .uitk-skip-link{inset-inline-end:.75rem}.uitk-skip-link-is-visually-hidden:not(:focus-within):not(:active){block-size:1px;border:0;clip:rect(0 0 0 0);inline-size:1px;margin:-1px;overflow:hidden;padding:0;position:absolute}[dir=ltr]{--slider-track-direction:to right;--background-position-x:0%;--slider-input-direction:ltr;--touch-target-position-spacing-change:0.625rem - (0.5rem/2)}[dir=rtl]{--slider-track-direction:to left;--background-position-x:100%;--slider-input-direction:rtl;--touch-target-position-spacing-change:0.625rem}.uitk-slider-container{--step:0;--tickIntervalPerc:calc(100/((var(--max) - var(--min))/var(--step)));--container-padding:1.25rem;margin-inline-end:.75rem;margin-inline-start:.75rem;padding-block-start:var(--container-padding);position:relative}@supports (-webkit-appearance:none) and (not (-moz-appearance:none)){.uitk-slider-container{container:egds-slider-container/inline-size}}.uitk-slider-container-disabled{opacity:.36}.uitk-slider-container-no-step{background:none}.uitk-slider-container-has-ticks:before{--egds-legacy-background-color:#818494;background:linear-gradient(var(--slider-track-direction),var(--egds-on-surface-variant,var(--egds-legacy-background-color)) 2px,transparent 1px) repeat-x;background-origin:content-box;background-position-x:var(--background-position-x);background-position-y:50%;background-size:calc((100% - 2px)*var(--tickIntervalPerc)/100) .25rem;block-size:calc(100% - var(--container-padding));content:"";inline-size:100%;pointer-events:none;position:absolute;z-index:1}.uitk-slider-output{--egds-legacy-color:#191e3b;color:var(--egds-on-surface,var(--egds-legacy-color));font-size:.875rem;font-weight:400;line-height:1.125rem}.uitk-slider-input{-webkit-appearance:none;appearance:none;background-color:transparent;direction:var(--slider-input-direction);display:block;inline-size:100%}@supports (--css:variables){.uitk-slider-input{block-size:2.75rem}.uitk-slider-input:focus-visible{outline:none}.uitk-slider-input:focus-visible::-webkit-slider-thumb{--egds-legacy-border-color:#1668e3;--egds-legacy-background-color:rgba(22,104,227,.28);block-size:1.5rem;cursor:grabbing;inline-size:1.5rem}@-moz-document url-prefix(){.uitk-slider-input:focus-visible::-webkit-slider-thumb{block-size:1.5rem;border-width:.625rem;box-shadow:0 0 0 0 var(--egds-secondary,var(--egds-legacy-border-color)) inset,0 0 0 .75rem var(--egds-secondary-opacity-xx-low,var(--egds-legacy-background-color))}}.uitk-slider-input:focus-visible::-moz-range-thumb{--egds-legacy-border-color:#1668e3;--egds-legacy-background-color:rgba(22,104,227,.28);block-size:1.5rem;cursor:grabbing;inline-size:1.5rem}@-moz-document url-prefix(){.uitk-slider-input:focus-visible::-moz-range-thumb{block-size:1.5rem;border-width:.625rem;box-shadow:0 0 0 0 var(--egds-secondary,var(--egds-legacy-border-color)) inset,0 0 0 .75rem var(--egds-secondary-opacity-xx-low,var(--egds-legacy-background-color))}}.uitk-slider-input::-webkit-slider-thumb{--egds-legacy-color:#1668e3;--egds-legacy-border-color:#1668e3;-webkit-appearance:none;appearance:none;background-clip:content-box;background-color:var(--egds-secondary,var(--egds-legacy-color));block-size:1.5rem;border-radius:50%;box-shadow:none;box-sizing:content-box;cursor:grab;inline-size:1.5rem;margin-inline-start:.5rem;transform:translateY(calc(-1.375rem - -1px))}@supports (-webkit-appearance:none) and (not (-moz-appearance:none)){.uitk-slider-input::-webkit-slider-thumb{border:.625rem solid transparent}}@-moz-document url-prefix(){.uitk-slider-input::-webkit-slider-thumb{box-shadow:0 0 0 0 var(--egds-secondary,var(--egds-legacy-border-color)) inset;margin-block-start:.625rem;-webkit-transition:box-shadow .2s ease;transition:box-shadow .2s ease}}.uitk-slider-input::-moz-range-thumb{--egds-legacy-color:#1668e3;--egds-legacy-border-color:#1668e3;appearance:none;background-clip:content-box;background-color:var(--egds-secondary,var(--egds-legacy-color));block-size:1.5rem;border:0;border-radius:50%;box-sizing:content-box;cursor:grab;inline-size:1.5rem;margin-inline-start:.5rem;transform:translateY(calc(-1.375rem - -1px));transform:scale(1)}@supports (-webkit-appearance:none) and (not (-moz-appearance:none)){.uitk-slider-input::-moz-range-thumb{border:.625rem solid transparent}}@-moz-document url-prefix(){.uitk-slider-input::-moz-range-thumb{box-shadow:0 0 0 0 var(--egds-secondary,var(--egds-legacy-border-color)) inset;margin-block-start:.625rem;-moz-transition:box-shadow .2s ease;transition:box-shadow .2s ease}}.uitk-slider-input:focus::-webkit-slider-thumb{block-size:1.5rem;border-width:.625rem;inline-size:1.5rem}.uitk-slider-input:focus::-moz-range-thumb{block-size:1.5rem;border-width:.625rem;inline-size:1.5rem}.uitk-slider-input:active::-webkit-slider-thumb{--egds-legacy-border-color:#1668e3;--egds-legacy-background-color:rgba(22,104,227,.28);block-size:1.5rem;cursor:grabbing;inline-size:1.5rem}@-moz-document url-prefix(){.uitk-slider-input:active::-webkit-slider-thumb{block-size:1.5rem;border-width:.625rem;box-shadow:0 0 0 0 var(--egds-secondary,var(--egds-legacy-border-color)) inset,0 0 0 .75rem var(--egds-secondary-opacity-xx-low,var(--egds-legacy-background-color))}}.uitk-slider-input:active::-moz-range-thumb{--egds-legacy-border-color:#1668e3;--egds-legacy-background-color:rgba(22,104,227,.28);block-size:1.5rem;cursor:grabbing;inline-size:1.5rem}@-moz-document url-prefix(){.uitk-slider-input:active::-moz-range-thumb{block-size:1.5rem;border-width:.625rem;box-shadow:0 0 0 0 var(--egds-secondary,var(--egds-legacy-border-color)) inset,0 0 0 .75rem var(--egds-secondary-opacity-xx-low,var(--egds-legacy-background-color))}}.uitk-slider-input.slider-primary::-webkit-slider-thumb{position:absolute;z-index:2}[dir=ltr] .uitk-slider-input.slider-primary::-webkit-slider-thumb{inset-inline-start:calc(var(--slider-primary) - 2rem)}@-moz-document url-prefix(){[dir=ltr] .uitk-slider-input.slider-primary::-webkit-slider-thumb{inset-inline-start:calc(var(--slider-primary) - 1.375rem)}}[dir=rtl] .uitk-slider-input.slider-primary::-webkit-slider-thumb{inset-inline-end:calc(100% - var(--slider-primary) - 1.5rem)}@-moz-document url-prefix(){[dir=rtl] .uitk-slider-input.slider-primary::-webkit-slider-thumb{inset-inline-end:calc(100% - var(--slider-primary) - .875rem)}}.uitk-slider-input.slider-primary::-moz-range-thumb{position:absolute;z-index:2}[dir=ltr] .uitk-slider-input.slider-primary::-moz-range-thumb{inset-inline-start:calc(var(--slider-primary) - 2rem)}@-moz-document url-prefix(){[dir=ltr] .uitk-slider-input.slider-primary::-moz-range-thumb{inset-inline-start:calc(var(--slider-primary) - 1.375rem)}}[dir=rtl] .uitk-slider-input.slider-primary::-moz-range-thumb{inset-inline-end:calc(100% - var(--slider-primary) - 1.5rem)}@-moz-document url-prefix(){[dir=rtl] .uitk-slider-input.slider-primary::-moz-range-thumb{inset-inline-end:calc(100% - var(--slider-primary) - .875rem)}}.uitk-slider-input.slider-secondary::-webkit-slider-thumb{position:absolute;z-index:2}[dir=ltr] .uitk-slider-input.slider-secondary::-webkit-slider-thumb{inset-inline-start:calc(var(--slider-secondary) - 2rem)}@-moz-document url-prefix(){[dir=ltr] .uitk-slider-input.slider-secondary::-webkit-slider-thumb{inset-inline-start:calc(var(--slider-secondary) - 1.375rem)}}[dir=rtl] .uitk-slider-input.slider-secondary::-webkit-slider-thumb{inset-inline-end:calc(100% - var(--slider-secondary) - 1.5rem)}@-moz-document url-prefix(){[dir=rtl] .uitk-slider-input.slider-secondary::-webkit-slider-thumb{inset-inline-end:calc(100% - var(--slider-secondary) - .875rem)}}.uitk-slider-input.slider-secondary::-moz-range-thumb{position:absolute;z-index:2}[dir=ltr] .uitk-slider-input.slider-secondary::-moz-range-thumb{inset-inline-start:calc(var(--slider-secondary) - 2rem)}@-moz-document url-prefix(){[dir=ltr] .uitk-slider-input.slider-secondary::-moz-range-thumb{inset-inline-start:calc(var(--slider-secondary) - 1.375rem)}}[dir=rtl] .uitk-slider-input.slider-secondary::-moz-range-thumb{inset-inline-end:calc(100% - var(--slider-secondary) - 1.5rem)}@-moz-document url-prefix(){[dir=rtl] .uitk-slider-input.slider-secondary::-moz-range-thumb{inset-inline-end:calc(100% - var(--slider-secondary) - .875rem)}}.uitk-slider-input.uitk-slider-input-active::-webkit-slider-thumb{z-index:5}.uitk-slider-input.uitk-slider-input-active::-moz-range-thumb{z-index:5}.uitk-slider-input::-webkit-slider-runnable-track{--egds-legacy-background-color:rgba(77,81,103,.28);background-color:var(--egds-outline-variant,var(--egds-legacy-background-color));block-size:2px;border-radius:2px;inline-size:100%}.uitk-slider-input::-moz-range-track{--egds-legacy-background-color:rgba(77,81,103,.28);background-color:var(--egds-outline-variant,var(--egds-legacy-background-color));block-size:2px;border-radius:2px;inline-size:100%}.uitk-slider-input.slider-primary::-webkit-slider-runnable-track{--egds-legacy-color:#1668e3;background-image:linear-gradient(var(--slider-track-direction),transparent 0,transparent var(--slider-primary),var(--egds-secondary,var(--egds-legacy-color)) var(--slider-primary),var(--egds-secondary,var(--egds-legacy-color)) calc(100% - .75rem),transparent calc(100% - .75rem))}.uitk-slider-input.slider-primary::-moz-range-track{--egds-legacy-color:#1668e3;background-image:linear-gradient(var(--slider-track-direction),transparent 0,transparent var(--slider-primary),var(--egds-secondary,var(--egds-legacy-color)) var(--slider-primary),var(--egds-secondary,var(--egds-legacy-color)) calc(100% - .75rem),transparent calc(100% - .75rem))}.uitk-slider-input.slider-secondary::-webkit-slider-runnable-track{--egds-legacy-color:#1668e3;--offset-left:-2px;background-image:linear-gradient(var(--slider-track-direction),transparent 0,transparent calc(.75rem + var(--offset-left)),var(--egds-secondary,var(--egds-legacy-color)) calc(.75rem - .5px + var(--offset-left)),var(--egds-secondary,var(--egds-legacy-color)) calc(var(--slider-secondary) + var(--offset-left)),transparent calc(var(--slider-secondary) + var(--offset-left)),transparent 100%)}@-moz-document url-prefix(){.uitk-slider-input.slider-secondary::-webkit-slider-runnable-track{background-image:linear-gradient(var(--slider-track-direction),transparent 0,transparent .75rem,var(--egds-secondary,var(--egds-legacy-color)) .75rem,var(--egds-secondary,var(--egds-legacy-color)) var(--slider-secondary),transparent var(--slider-secondary),transparent 100%)}}.uitk-slider-input.slider-secondary::-moz-range-track{--egds-legacy-color:#1668e3;--offset-left:-2px;background-image:linear-gradient(var(--slider-track-direction),transparent 0,transparent calc(.75rem + var(--offset-left)),var(--egds-secondary,var(--egds-legacy-color)) calc(.75rem - .5px + var(--offset-left)),var(--egds-secondary,var(--egds-legacy-color)) calc(var(--slider-secondary) + var(--offset-left)),transparent calc(var(--slider-secondary) + var(--offset-left)),transparent 100%)}@-moz-document url-prefix(){.uitk-slider-input.slider-secondary::-moz-range-track{background-image:linear-gradient(var(--slider-track-direction),transparent 0,transparent .75rem,var(--egds-secondary,var(--egds-legacy-color)) .75rem,var(--egds-secondary,var(--egds-legacy-color)) var(--slider-secondary),transparent var(--slider-secondary),transparent 100%)}}.uitk-slider-input.slider-primary.slider-single::-webkit-slider-runnable-track{--egds-legacy-color:#1668e3;background-image:linear-gradient(var(--slider-track-direction),var(--egds-secondary,var(--egds-legacy-color)) 0,var(--egds-secondary,var(--egds-legacy-color)) var(--slider-primary),transparent var(--slider-primary),transparent 100%)}.uitk-slider-input.slider-primary.slider-single::-moz-range-track{--egds-legacy-color:#1668e3;background-image:linear-gradient(var(--slider-track-direction),var(--egds-secondary,var(--egds-legacy-color)) 0,var(--egds-secondary,var(--egds-legacy-color)) var(--slider-primary),transparent var(--slider-primary),transparent 100%)}.uitk-slider{--egds-min-touch-target:2.75rem;--egds-legacy-color:#1668e3;--egds-legacy-border-color:#1668e3;--egds-legacy-background-color:rgba(22,104,227,.28);position:relative}@supports (-webkit-appearance:none) and (not (-moz-appearance:none)){.uitk-slider:has(.uitk-slider-input:active):after{box-shadow:0 0 0 0 var(--egds-secondary,var(--egds-legacy-border-color)) inset,0 0 0 .75rem var(--egds-secondary-opacity-xx-low,var(--egds-legacy-background-color))}.uitk-slider:has(.slider-primary):after{--slider-position:var(--slider-primary)}.uitk-slider:has(.slider-secondary):after{--slider-position:var(--slider-secondary)}.uitk-slider:has(.slider-primary):after,.uitk-slider:has(.slider-secondary):after{block-size:1.5rem;border-radius:50%;box-shadow:0 0 0 0 var(--egds-secondary,var(--egds-legacy-border-color)) inset;content:"";inline-size:1.5rem;inset-block-start:.625rem;inset-inline-start:calc(var(--slider-position) - var(--touch-target-position-spacing-change));position:absolute;transition:box-shadow .2s ease;z-index:1}.uitk-slider:has(.slider-secondary):before{block-size:100%;content:"";display:block;inline-size:Max(calc(100cqi/var(--max)),calc(var(--egds-min-touch-target) - 1.5rem));inset-block-start:0;inset-inline-start:0;position:absolute}@supports not (container-name:container){.uitk-slider:has(.slider-secondary):before{inline-size:calc(var(--egds-min-touch-target) - 1.5rem)}}}.uitk-slider~.uitk-slider{inset-block-start:0;inset-block-start:1.25rem;inset-inline-end:0;position:absolute}.uitk-slider-output{inset-block-start:0;inset-inline-start:0;position:absolute}.uitk-slider-output~.uitk-slider-output{inset-inline:auto 0}}.uitk-spacing{--egds-legacy-spacing-border-color:#dfe0e4}.uitk-spacing-margin-half,.uitk-spacing-margin-small-half{margin:2px}.uitk-spacing-margin-one,.uitk-spacing-margin-small-one{margin:.25rem}.uitk-spacing-margin-small-two,.uitk-spacing-margin-two{margin:.5rem}.uitk-spacing-margin-small-three,.uitk-spacing-margin-three{margin:.75rem}.uitk-spacing-margin-four,.uitk-spacing-margin-small-four{margin:1rem}.uitk-spacing-margin-six,.uitk-spacing-margin-small-six{margin:1.5rem}.uitk-spacing-margin-eight,.uitk-spacing-margin-small-eight{margin:2rem}.uitk-spacing-margin-small-twelve,.uitk-spacing-margin-twelve{margin:3rem}.uitk-spacing-margin-sixteen,.uitk-spacing-margin-small-sixteen{margin:4rem}.uitk-spacing-margin-small-xsmall,.uitk-spacing-margin-xsmall{margin:var(--egds-spacing-extra-small)}.uitk-spacing-margin-small,.uitk-spacing-margin-small-small{margin:var(--egds-spacing-small)}.uitk-spacing-margin-medium,.uitk-spacing-margin-small-medium{margin:var(--egds-spacing-medium)}.uitk-spacing-margin-large,.uitk-spacing-margin-small-large{margin:var(--egds-spacing-large)}.uitk-spacing-margin-small-xlarge,.uitk-spacing-margin-xlarge{margin:var(--egds-spacing-extra-large)}.uitk-spacing-margin-small-unset,.uitk-spacing-margin-unset{margin:unset}@media screen and (min-width:36rem){.uitk-spacing-margin-medium-half{margin:2px}.uitk-spacing-margin-medium-one{margin:.25rem}.uitk-spacing-margin-medium-two{margin:.5rem}.uitk-spacing-margin-medium-three{margin:.75rem}.uitk-spacing-margin-medium-four{margin:1rem}.uitk-spacing-margin-medium-six{margin:1.5rem}.uitk-spacing-margin-medium-eight{margin:2rem}.uitk-spacing-margin-medium-twelve{margin:3rem}.uitk-spacing-margin-medium-sixteen{margin:4rem}.uitk-spacing-margin-medium-xsmall{margin:var(--egds-spacing-extra-small)}.uitk-spacing-margin-medium-small{margin:var(--egds-spacing-small)}.uitk-spacing-margin-medium-medium{margin:var(--egds-spacing-medium)}.uitk-spacing-margin-medium-large{margin:var(--egds-spacing-large)}.uitk-spacing-margin-medium-xlarge{margin:var(--egds-spacing-extra-large)}.uitk-spacing-margin-medium-unset{margin:unset}}@media screen and (min-width:62rem){.uitk-spacing-margin-large-half{margin:2px}.uitk-spacing-margin-large-one{margin:.25rem}.uitk-spacing-margin-large-two{margin:.5rem}.uitk-spacing-margin-large-three{margin:.75rem}.uitk-spacing-margin-large-four{margin:1rem}.uitk-spacing-margin-large-six{margin:1.5rem}.uitk-spacing-margin-large-eight{margin:2rem}.uitk-spacing-margin-large-twelve{margin:3rem}.uitk-spacing-margin-large-sixteen{margin:4rem}.uitk-spacing-margin-large-xsmall{margin:var(--egds-spacing-extra-small)}.uitk-spacing-margin-large-small{margin:var(--egds-spacing-small)}.uitk-spacing-margin-large-medium{margin:var(--egds-spacing-medium)}.uitk-spacing-margin-large-large{margin:var(--egds-spacing-large)}.uitk-spacing-margin-large-xlarge{margin:var(--egds-spacing-extra-large)}.uitk-spacing-margin-large-unset{margin:unset}}@media screen and (min-width:75rem){.uitk-spacing-margin-extra_large-half{margin:2px}.uitk-spacing-margin-extra_large-one{margin:.25rem}.uitk-spacing-margin-extra_large-two{margin:.5rem}.uitk-spacing-margin-extra_large-three{margin:.75rem}.uitk-spacing-margin-extra_large-four{margin:1rem}.uitk-spacing-margin-extra_large-six{margin:1.5rem}.uitk-spacing-margin-extra_large-eight{margin:2rem}.uitk-spacing-margin-extra_large-twelve{margin:3rem}.uitk-spacing-margin-extra_large-sixteen{margin:4rem}.uitk-spacing-margin-extra_large-xsmall{margin:var(--egds-spacing-extra-small)}.uitk-spacing-margin-extra_large-small{margin:var(--egds-spacing-small)}.uitk-spacing-margin-extra_large-medium{margin:var(--egds-spacing-medium)}.uitk-spacing-margin-extra_large-large{margin:var(--egds-spacing-large)}.uitk-spacing-margin-extra_large-xlarge{margin:var(--egds-spacing-extra-large)}.uitk-spacing-margin-extra_large-unset{margin:unset}}.uitk-spacing-margin-blockstart-half,.uitk-spacing-margin-small-blockstart-half{margin-block-start:2px}.uitk-spacing-margin-blockstart-one,.uitk-spacing-margin-small-blockstart-one{margin-block-start:.25rem}.uitk-spacing-margin-blockstart-two,.uitk-spacing-margin-small-blockstart-two{margin-block-start:.5rem}.uitk-spacing-margin-blockstart-three,.uitk-spacing-margin-small-blockstart-three{margin-block-start:.75rem}.uitk-spacing-margin-blockstart-four,.uitk-spacing-margin-small-blockstart-four{margin-block-start:1rem}.uitk-spacing-margin-blockstart-six,.uitk-spacing-margin-small-blockstart-six{margin-block-start:1.5rem}.uitk-spacing-margin-blockstart-eight,.uitk-spacing-margin-small-blockstart-eight{margin-block-start:2rem}.uitk-spacing-margin-blockstart-twelve,.uitk-spacing-margin-small-blockstart-twelve{margin-block-start:3rem}.uitk-spacing-margin-blockstart-sixteen,.uitk-spacing-margin-small-blockstart-sixteen{margin-block-start:4rem}.uitk-spacing-margin-blockstart-xsmall,.uitk-spacing-margin-small-blockstart-xsmall{margin-block-start:var(--egds-spacing-extra-small)}.uitk-spacing-margin-blockstart-small,.uitk-spacing-margin-small-blockstart-small{margin-block-start:var(--egds-spacing-small)}.uitk-spacing-margin-blockstart-medium,.uitk-spacing-margin-small-blockstart-medium{margin-block-start:var(--egds-spacing-medium)}.uitk-spacing-margin-blockstart-large,.uitk-spacing-margin-small-blockstart-large{margin-block-start:var(--egds-spacing-large)}.uitk-spacing-margin-blockstart-xlarge,.uitk-spacing-margin-small-blockstart-xlarge{margin-block-start:var(--egds-spacing-extra-large)}.uitk-spacing-margin-blockstart-unset,.uitk-spacing-margin-small-blockstart-unset{margin-block-start:unset}@media screen and (min-width:36rem){.uitk-spacing-margin-medium-blockstart-half{margin-block-start:2px}.uitk-spacing-margin-medium-blockstart-one{margin-block-start:.25rem}.uitk-spacing-margin-medium-blockstart-two{margin-block-start:.5rem}.uitk-spacing-margin-medium-blockstart-three{margin-block-start:.75rem}.uitk-spacing-margin-medium-blockstart-four{margin-block-start:1rem}.uitk-spacing-margin-medium-blockstart-six{margin-block-start:1.5rem}.uitk-spacing-margin-medium-blockstart-eight{margin-block-start:2rem}.uitk-spacing-margin-medium-blockstart-twelve{margin-block-start:3rem}.uitk-spacing-margin-medium-blockstart-sixteen{margin-block-start:4rem}.uitk-spacing-margin-medium-blockstart-xsmall{margin-block-start:var(--egds-spacing-extra-small)}.uitk-spacing-margin-medium-blockstart-small{margin-block-start:var(--egds-spacing-small)}.uitk-spacing-margin-medium-blockstart-medium{margin-block-start:var(--egds-spacing-medium)}.uitk-spacing-margin-medium-blockstart-large{margin-block-start:var(--egds-spacing-large)}.uitk-spacing-margin-medium-blockstart-xlarge{margin-block-start:var(--egds-spacing-extra-large)}.uitk-spacing-margin-medium-blockstart-unset{margin-block-start:unset}}@media screen and (min-width:62rem){.uitk-spacing-margin-large-blockstart-half{margin-block-start:2px}.uitk-spacing-margin-large-blockstart-one{margin-block-start:.25rem}.uitk-spacing-margin-large-blockstart-two{margin-block-start:.5rem}.uitk-spacing-margin-large-blockstart-three{margin-block-start:.75rem}.uitk-spacing-margin-large-blockstart-four{margin-block-start:1rem}.uitk-spacing-margin-large-blockstart-six{margin-block-start:1.5rem}.uitk-spacing-margin-large-blockstart-eight{margin-block-start:2rem}.uitk-spacing-margin-large-blockstart-twelve{margin-block-start:3rem}.uitk-spacing-margin-large-blockstart-sixteen{margin-block-start:4rem}.uitk-spacing-margin-large-blockstart-xsmall{margin-block-start:var(--egds-spacing-extra-small)}.uitk-spacing-margin-large-blockstart-small{margin-block-start:var(--egds-spacing-small)}.uitk-spacing-margin-large-blockstart-medium{margin-block-start:var(--egds-spacing-medium)}.uitk-spacing-margin-large-blockstart-large{margin-block-start:var(--egds-spacing-large)}.uitk-spacing-margin-large-blockstart-xlarge{margin-block-start:var(--egds-spacing-extra-large)}.uitk-spacing-margin-large-blockstart-unset{margin-block-start:unset}}@media screen and (min-width:75rem){.uitk-spacing-margin-extra_large-blockstart-half{margin-block-start:2px}.uitk-spacing-margin-extra_large-blockstart-one{margin-block-start:.25rem}.uitk-spacing-margin-extra_large-blockstart-two{margin-block-start:.5rem}.uitk-spacing-margin-extra_large-blockstart-three{margin-block-start:.75rem}.uitk-spacing-margin-extra_large-blockstart-four{margin-block-start:1rem}.uitk-spacing-margin-extra_large-blockstart-six{margin-block-start:1.5rem}.uitk-spacing-margin-extra_large-blockstart-eight{margin-block-start:2rem}.uitk-spacing-margin-extra_large-blockstart-twelve{margin-block-start:3rem}.uitk-spacing-margin-extra_large-blockstart-sixteen{margin-block-start:4rem}.uitk-spacing-margin-extra_large-blockstart-xsmall{margin-block-start:var(--egds-spacing-extra-small)}.uitk-spacing-margin-extra_large-blockstart-small{margin-block-start:var(--egds-spacing-small)}.uitk-spacing-margin-extra_large-blockstart-medium{margin-block-start:var(--egds-spacing-medium)}.uitk-spacing-margin-extra_large-blockstart-large{margin-block-start:var(--egds-spacing-large)}.uitk-spacing-margin-extra_large-blockstart-xlarge{margin-block-start:var(--egds-spacing-extra-large)}.uitk-spacing-margin-extra_large-blockstart-unset{margin-block-start:unset}}.uitk-spacing-margin-blockend-half,.uitk-spacing-margin-small-blockend-half{margin-block-end:2px}.uitk-spacing-margin-blockend-one,.uitk-spacing-margin-small-blockend-one{margin-block-end:.25rem}.uitk-spacing-margin-blockend-two,.uitk-spacing-margin-small-blockend-two{margin-block-end:.5rem}.uitk-spacing-margin-blockend-three,.uitk-spacing-margin-small-blockend-three{margin-block-end:.75rem}.uitk-spacing-margin-blockend-four,.uitk-spacing-margin-small-blockend-four{margin-block-end:1rem}.uitk-spacing-margin-blockend-six,.uitk-spacing-margin-small-blockend-six{margin-block-end:1.5rem}.uitk-spacing-margin-blockend-eight,.uitk-spacing-margin-small-blockend-eight{margin-block-end:2rem}.uitk-spacing-margin-blockend-twelve,.uitk-spacing-margin-small-blockend-twelve{margin-block-end:3rem}.uitk-spacing-margin-blockend-sixteen,.uitk-spacing-margin-small-blockend-sixteen{margin-block-end:4rem}.uitk-spacing-margin-blockend-xsmall,.uitk-spacing-margin-small-blockend-xsmall{margin-block-end:var(--egds-spacing-extra-small)}.uitk-spacing-margin-blockend-small,.uitk-spacing-margin-small-blockend-small{margin-block-end:var(--egds-spacing-small)}.uitk-spacing-margin-blockend-medium,.uitk-spacing-margin-small-blockend-medium{margin-block-end:var(--egds-spacing-medium)}.uitk-spacing-margin-blockend-large,.uitk-spacing-margin-small-blockend-large{margin-block-end:var(--egds-spacing-large)}.uitk-spacing-margin-blockend-xlarge,.uitk-spacing-margin-small-blockend-xlarge{margin-block-end:var(--egds-spacing-extra-large)}.uitk-spacing-margin-blockend-unset,.uitk-spacing-margin-small-blockend-unset{margin-block-end:unset}@media screen and (min-width:36rem){.uitk-spacing-margin-medium-blockend-half{margin-block-end:2px}.uitk-spacing-margin-medium-blockend-one{margin-block-end:.25rem}.uitk-spacing-margin-medium-blockend-two{margin-block-end:.5rem}.uitk-spacing-margin-medium-blockend-three{margin-block-end:.75rem}.uitk-spacing-margin-medium-blockend-four{margin-block-end:1rem}.uitk-spacing-margin-medium-blockend-six{margin-block-end:1.5rem}.uitk-spacing-margin-medium-blockend-eight{margin-block-end:2rem}.uitk-spacing-margin-medium-blockend-twelve{margin-block-end:3rem}.uitk-spacing-margin-medium-blockend-sixteen{margin-block-end:4rem}.uitk-spacing-margin-medium-blockend-xsmall{margin-block-end:var(--egds-spacing-extra-small)}.uitk-spacing-margin-medium-blockend-small{margin-block-end:var(--egds-spacing-small)}.uitk-spacing-margin-medium-blockend-medium{margin-block-end:var(--egds-spacing-medium)}.uitk-spacing-margin-medium-blockend-large{margin-block-end:var(--egds-spacing-large)}.uitk-spacing-margin-medium-blockend-xlarge{margin-block-end:var(--egds-spacing-extra-large)}.uitk-spacing-margin-medium-blockend-unset{margin-block-end:unset}}@media screen and (min-width:62rem){.uitk-spacing-margin-large-blockend-half{margin-block-end:2px}.uitk-spacing-margin-large-blockend-one{margin-block-end:.25rem}.uitk-spacing-margin-large-blockend-two{margin-block-end:.5rem}.uitk-spacing-margin-large-blockend-three{margin-block-end:.75rem}.uitk-spacing-margin-large-blockend-four{margin-block-end:1rem}.uitk-spacing-margin-large-blockend-six{margin-block-end:1.5rem}.uitk-spacing-margin-large-blockend-eight{margin-block-end:2rem}.uitk-spacing-margin-large-blockend-twelve{margin-block-end:3rem}.uitk-spacing-margin-large-blockend-sixteen{margin-block-end:4rem}.uitk-spacing-margin-large-blockend-xsmall{margin-block-end:var(--egds-spacing-extra-small)}.uitk-spacing-margin-large-blockend-small{margin-block-end:var(--egds-spacing-small)}.uitk-spacing-margin-large-blockend-medium{margin-block-end:var(--egds-spacing-medium)}.uitk-spacing-margin-large-blockend-large{margin-block-end:var(--egds-spacing-large)}.uitk-spacing-margin-large-blockend-xlarge{margin-block-end:var(--egds-spacing-extra-large)}.uitk-spacing-margin-large-blockend-unset{margin-block-end:unset}}@media screen and (min-width:75rem){.uitk-spacing-margin-extra_large-blockend-half{margin-block-end:2px}.uitk-spacing-margin-extra_large-blockend-one{margin-block-end:.25rem}.uitk-spacing-margin-extra_large-blockend-two{margin-block-end:.5rem}.uitk-spacing-margin-extra_large-blockend-three{margin-block-end:.75rem}.uitk-spacing-margin-extra_large-blockend-four{margin-block-end:1rem}.uitk-spacing-margin-extra_large-blockend-six{margin-block-end:1.5rem}.uitk-spacing-margin-extra_large-blockend-eight{margin-block-end:2rem}.uitk-spacing-margin-extra_large-blockend-twelve{margin-block-end:3rem}.uitk-spacing-margin-extra_large-blockend-sixteen{margin-block-end:4rem}.uitk-spacing-margin-extra_large-blockend-xsmall{margin-block-end:var(--egds-spacing-extra-small)}.uitk-spacing-margin-extra_large-blockend-small{margin-block-end:var(--egds-spacing-small)}.uitk-spacing-margin-extra_large-blockend-medium{margin-block-end:var(--egds-spacing-medium)}.uitk-spacing-margin-extra_large-blockend-large{margin-block-end:var(--egds-spacing-large)}.uitk-spacing-margin-extra_large-blockend-xlarge{margin-block-end:var(--egds-spacing-extra-large)}.uitk-spacing-margin-extra_large-blockend-unset{margin-block-end:unset}}.uitk-spacing-margin-inlinestart-half,.uitk-spacing-margin-small-inlinestart-half{margin-inline-start:2px}.uitk-spacing-margin-inlinestart-one,.uitk-spacing-margin-small-inlinestart-one{margin-inline-start:.25rem}.uitk-spacing-margin-inlinestart-two,.uitk-spacing-margin-small-inlinestart-two{margin-inline-start:.5rem}.uitk-spacing-margin-inlinestart-three,.uitk-spacing-margin-small-inlinestart-three{margin-inline-start:.75rem}.uitk-spacing-margin-inlinestart-four,.uitk-spacing-margin-small-inlinestart-four{margin-inline-start:1rem}.uitk-spacing-margin-inlinestart-six,.uitk-spacing-margin-small-inlinestart-six{margin-inline-start:1.5rem}.uitk-spacing-margin-inlinestart-eight,.uitk-spacing-margin-small-inlinestart-eight{margin-inline-start:2rem}.uitk-spacing-margin-inlinestart-twelve,.uitk-spacing-margin-small-inlinestart-twelve{margin-inline-start:3rem}.uitk-spacing-margin-inlinestart-sixteen,.uitk-spacing-margin-small-inlinestart-sixteen{margin-inline-start:4rem}.uitk-spacing-margin-inlinestart-xsmall,.uitk-spacing-margin-small-inlinestart-xsmall{margin-inline-start:var(--egds-spacing-extra-small)}.uitk-spacing-margin-inlinestart-small,.uitk-spacing-margin-small-inlinestart-small{margin-inline-start:var(--egds-spacing-small)}.uitk-spacing-margin-inlinestart-medium,.uitk-spacing-margin-small-inlinestart-medium{margin-inline-start:var(--egds-spacing-medium)}.uitk-spacing-margin-inlinestart-large,.uitk-spacing-margin-small-inlinestart-large{margin-inline-start:var(--egds-spacing-large)}.uitk-spacing-margin-inlinestart-xlarge,.uitk-spacing-margin-small-inlinestart-xlarge{margin-inline-start:var(--egds-spacing-extra-large)}.uitk-spacing-margin-inlinestart-unset,.uitk-spacing-margin-small-inlinestart-unset{margin-inline-start:unset}@media screen and (min-width:36rem){.uitk-spacing-margin-medium-inlinestart-half{margin-inline-start:2px}.uitk-spacing-margin-medium-inlinestart-one{margin-inline-start:.25rem}.uitk-spacing-margin-medium-inlinestart-two{margin-inline-start:.5rem}.uitk-spacing-margin-medium-inlinestart-three{margin-inline-start:.75rem}.uitk-spacing-margin-medium-inlinestart-four{margin-inline-start:1rem}.uitk-spacing-margin-medium-inlinestart-six{margin-inline-start:1.5rem}.uitk-spacing-margin-medium-inlinestart-eight{margin-inline-start:2rem}.uitk-spacing-margin-medium-inlinestart-twelve{margin-inline-start:3rem}.uitk-spacing-margin-medium-inlinestart-sixteen{margin-inline-start:4rem}.uitk-spacing-margin-medium-inlinestart-xsmall{margin-inline-start:var(--egds-spacing-extra-small)}.uitk-spacing-margin-medium-inlinestart-small{margin-inline-start:var(--egds-spacing-small)}.uitk-spacing-margin-medium-inlinestart-medium{margin-inline-start:var(--egds-spacing-medium)}.uitk-spacing-margin-medium-inlinestart-large{margin-inline-start:var(--egds-spacing-large)}.uitk-spacing-margin-medium-inlinestart-xlarge{margin-inline-start:var(--egds-spacing-extra-large)}.uitk-spacing-margin-medium-inlinestart-unset{margin-inline-start:unset}}@media screen and (min-width:62rem){.uitk-spacing-margin-large-inlinestart-half{margin-inline-start:2px}.uitk-spacing-margin-large-inlinestart-one{margin-inline-start:.25rem}.uitk-spacing-margin-large-inlinestart-two{margin-inline-start:.5rem}.uitk-spacing-margin-large-inlinestart-three{margin-inline-start:.75rem}.uitk-spacing-margin-large-inlinestart-four{margin-inline-start:1rem}.uitk-spacing-margin-large-inlinestart-six{margin-inline-start:1.5rem}.uitk-spacing-margin-large-inlinestart-eight{margin-inline-start:2rem}.uitk-spacing-margin-large-inlinestart-twelve{margin-inline-start:3rem}.uitk-spacing-margin-large-inlinestart-sixteen{margin-inline-start:4rem}.uitk-spacing-margin-large-inlinestart-xsmall{margin-inline-start:var(--egds-spacing-extra-small)}.uitk-spacing-margin-large-inlinestart-small{margin-inline-start:var(--egds-spacing-small)}.uitk-spacing-margin-large-inlinestart-medium{margin-inline-start:var(--egds-spacing-medium)}.uitk-spacing-margin-large-inlinestart-large{margin-inline-start:var(--egds-spacing-large)}.uitk-spacing-margin-large-inlinestart-xlarge{margin-inline-start:var(--egds-spacing-extra-large)}.uitk-spacing-margin-large-inlinestart-unset{margin-inline-start:unset}}@media screen and (min-width:75rem){.uitk-spacing-margin-extra_large-inlinestart-half{margin-inline-start:2px}.uitk-spacing-margin-extra_large-inlinestart-one{margin-inline-start:.25rem}.uitk-spacing-margin-extra_large-inlinestart-two{margin-inline-start:.5rem}.uitk-spacing-margin-extra_large-inlinestart-three{margin-inline-start:.75rem}.uitk-spacing-margin-extra_large-inlinestart-four{margin-inline-start:1rem}.uitk-spacing-margin-extra_large-inlinestart-six{margin-inline-start:1.5rem}.uitk-spacing-margin-extra_large-inlinestart-eight{margin-inline-start:2rem}.uitk-spacing-margin-extra_large-inlinestart-twelve{margin-inline-start:3rem}.uitk-spacing-margin-extra_large-inlinestart-sixteen{margin-inline-start:4rem}.uitk-spacing-margin-extra_large-inlinestart-xsmall{margin-inline-start:var(--egds-spacing-extra-small)}.uitk-spacing-margin-extra_large-inlinestart-small{margin-inline-start:var(--egds-spacing-small)}.uitk-spacing-margin-extra_large-inlinestart-medium{margin-inline-start:var(--egds-spacing-medium)}.uitk-spacing-margin-extra_large-inlinestart-large{margin-inline-start:var(--egds-spacing-large)}.uitk-spacing-margin-extra_large-inlinestart-xlarge{margin-inline-start:var(--egds-spacing-extra-large)}.uitk-spacing-margin-extra_large-inlinestart-unset{margin-inline-start:unset}}.uitk-spacing-margin-inlineend-half,.uitk-spacing-margin-small-inlineend-half{margin-inline-end:2px}.uitk-spacing-margin-inlineend-one,.uitk-spacing-margin-small-inlineend-one{margin-inline-end:.25rem}.uitk-spacing-margin-inlineend-two,.uitk-spacing-margin-small-inlineend-two{margin-inline-end:.5rem}.uitk-spacing-margin-inlineend-three,.uitk-spacing-margin-small-inlineend-three{margin-inline-end:.75rem}.uitk-spacing-margin-inlineend-four,.uitk-spacing-margin-small-inlineend-four{margin-inline-end:1rem}.uitk-spacing-margin-inlineend-six,.uitk-spacing-margin-small-inlineend-six{margin-inline-end:1.5rem}.uitk-spacing-margin-inlineend-eight,.uitk-spacing-margin-small-inlineend-eight{margin-inline-end:2rem}.uitk-spacing-margin-inlineend-twelve,.uitk-spacing-margin-small-inlineend-twelve{margin-inline-end:3rem}.uitk-spacing-margin-inlineend-sixteen,.uitk-spacing-margin-small-inlineend-sixteen{margin-inline-end:4rem}.uitk-spacing-margin-inlineend-xsmall,.uitk-spacing-margin-small-inlineend-xsmall{margin-inline-end:var(--egds-spacing-extra-small)}.uitk-spacing-margin-inlineend-small,.uitk-spacing-margin-small-inlineend-small{margin-inline-end:var(--egds-spacing-small)}.uitk-spacing-margin-inlineend-medium,.uitk-spacing-margin-small-inlineend-medium{margin-inline-end:var(--egds-spacing-medium)}.uitk-spacing-margin-inlineend-large,.uitk-spacing-margin-small-inlineend-large{margin-inline-end:var(--egds-spacing-large)}.uitk-spacing-margin-inlineend-xlarge,.uitk-spacing-margin-small-inlineend-xlarge{margin-inline-end:var(--egds-spacing-extra-large)}.uitk-spacing-margin-inlineend-unset,.uitk-spacing-margin-small-inlineend-unset{margin-inline-end:unset}@media screen and (min-width:36rem){.uitk-spacing-margin-medium-inlineend-half{margin-inline-end:2px}.uitk-spacing-margin-medium-inlineend-one{margin-inline-end:.25rem}.uitk-spacing-margin-medium-inlineend-two{margin-inline-end:.5rem}.uitk-spacing-margin-medium-inlineend-three{margin-inline-end:.75rem}.uitk-spacing-margin-medium-inlineend-four{margin-inline-end:1rem}.uitk-spacing-margin-medium-inlineend-six{margin-inline-end:1.5rem}.uitk-spacing-margin-medium-inlineend-eight{margin-inline-end:2rem}.uitk-spacing-margin-medium-inlineend-twelve{margin-inline-end:3rem}.uitk-spacing-margin-medium-inlineend-sixteen{margin-inline-end:4rem}.uitk-spacing-margin-medium-inlineend-xsmall{margin-inline-end:var(--egds-spacing-extra-small)}.uitk-spacing-margin-medium-inlineend-small{margin-inline-end:var(--egds-spacing-small)}.uitk-spacing-margin-medium-inlineend-medium{margin-inline-end:var(--egds-spacing-medium)}.uitk-spacing-margin-medium-inlineend-large{margin-inline-end:var(--egds-spacing-large)}.uitk-spacing-margin-medium-inlineend-xlarge{margin-inline-end:var(--egds-spacing-extra-large)}.uitk-spacing-margin-medium-inlineend-unset{margin-inline-end:unset}}@media screen and (min-width:62rem){.uitk-spacing-margin-large-inlineend-half{margin-inline-end:2px}.uitk-spacing-margin-large-inlineend-one{margin-inline-end:.25rem}.uitk-spacing-margin-large-inlineend-two{margin-inline-end:.5rem}.uitk-spacing-margin-large-inlineend-three{margin-inline-end:.75rem}.uitk-spacing-margin-large-inlineend-four{margin-inline-end:1rem}.uitk-spacing-margin-large-inlineend-six{margin-inline-end:1.5rem}.uitk-spacing-margin-large-inlineend-eight{margin-inline-end:2rem}.uitk-spacing-margin-large-inlineend-twelve{margin-inline-end:3rem}.uitk-spacing-margin-large-inlineend-sixteen{margin-inline-end:4rem}.uitk-spacing-margin-large-inlineend-xsmall{margin-inline-end:var(--egds-spacing-extra-small)}.uitk-spacing-margin-large-inlineend-small{margin-inline-end:var(--egds-spacing-small)}.uitk-spacing-margin-large-inlineend-medium{margin-inline-end:var(--egds-spacing-medium)}.uitk-spacing-margin-large-inlineend-large{margin-inline-end:var(--egds-spacing-large)}.uitk-spacing-margin-large-inlineend-xlarge{margin-inline-end:var(--egds-spacing-extra-large)}.uitk-spacing-margin-large-inlineend-unset{margin-inline-end:unset}}@media screen and (min-width:75rem){.uitk-spacing-margin-extra_large-inlineend-half{margin-inline-end:2px}.uitk-spacing-margin-extra_large-inlineend-one{margin-inline-end:.25rem}.uitk-spacing-margin-extra_large-inlineend-two{margin-inline-end:.5rem}.uitk-spacing-margin-extra_large-inlineend-three{margin-inline-end:.75rem}.uitk-spacing-margin-extra_large-inlineend-four{margin-inline-end:1rem}.uitk-spacing-margin-extra_large-inlineend-six{margin-inline-end:1.5rem}.uitk-spacing-margin-extra_large-inlineend-eight{margin-inline-end:2rem}.uitk-spacing-margin-extra_large-inlineend-twelve{margin-inline-end:3rem}.uitk-spacing-margin-extra_large-inlineend-sixteen{margin-inline-end:4rem}.uitk-spacing-margin-extra_large-inlineend-xsmall{margin-inline-end:var(--egds-spacing-extra-small)}.uitk-spacing-margin-extra_large-inlineend-small{margin-inline-end:var(--egds-spacing-small)}.uitk-spacing-margin-extra_large-inlineend-medium{margin-inline-end:var(--egds-spacing-medium)}.uitk-spacing-margin-extra_large-inlineend-large{margin-inline-end:var(--egds-spacing-large)}.uitk-spacing-margin-extra_large-inlineend-xlarge{margin-inline-end:var(--egds-spacing-extra-large)}.uitk-spacing-margin-extra_large-inlineend-unset{margin-inline-end:unset}}.uitk-spacing-margin-small-unset-half,.uitk-spacing-margin-unset-half{margin-unset:2px}.uitk-spacing-margin-small-unset-one,.uitk-spacing-margin-unset-one{margin-unset:.25rem}.uitk-spacing-margin-small-unset-two,.uitk-spacing-margin-unset-two{margin-unset:.5rem}.uitk-spacing-margin-small-unset-three,.uitk-spacing-margin-unset-three{margin-unset:.75rem}.uitk-spacing-margin-small-unset-four,.uitk-spacing-margin-unset-four{margin-unset:1rem}.uitk-spacing-margin-small-unset-six,.uitk-spacing-margin-unset-six{margin-unset:1.5rem}.uitk-spacing-margin-small-unset-eight,.uitk-spacing-margin-unset-eight{margin-unset:2rem}.uitk-spacing-margin-small-unset-twelve,.uitk-spacing-margin-unset-twelve{margin-unset:3rem}.uitk-spacing-margin-small-unset-sixteen,.uitk-spacing-margin-unset-sixteen{margin-unset:4rem}.uitk-spacing-margin-small-unset-xsmall,.uitk-spacing-margin-unset-xsmall{margin-unset:var(--egds-spacing-extra-small)}.uitk-spacing-margin-small-unset-small,.uitk-spacing-margin-unset-small{margin-unset:var(--egds-spacing-small)}.uitk-spacing-margin-small-unset-medium,.uitk-spacing-margin-unset-medium{margin-unset:var(--egds-spacing-medium)}.uitk-spacing-margin-small-unset-large,.uitk-spacing-margin-unset-large{margin-unset:var(--egds-spacing-large)}.uitk-spacing-margin-small-unset-xlarge,.uitk-spacing-margin-unset-xlarge{margin-unset:var(--egds-spacing-extra-large)}.uitk-spacing-margin-small-unset-unset,.uitk-spacing-margin-unset-unset{margin-unset:unset}@media screen and (min-width:36rem){.uitk-spacing-margin-medium-unset-half{margin-unset:2px}.uitk-spacing-margin-medium-unset-one{margin-unset:.25rem}.uitk-spacing-margin-medium-unset-two{margin-unset:.5rem}.uitk-spacing-margin-medium-unset-three{margin-unset:.75rem}.uitk-spacing-margin-medium-unset-four{margin-unset:1rem}.uitk-spacing-margin-medium-unset-six{margin-unset:1.5rem}.uitk-spacing-margin-medium-unset-eight{margin-unset:2rem}.uitk-spacing-margin-medium-unset-twelve{margin-unset:3rem}.uitk-spacing-margin-medium-unset-sixteen{margin-unset:4rem}.uitk-spacing-margin-medium-unset-xsmall{margin-unset:var(--egds-spacing-extra-small)}.uitk-spacing-margin-medium-unset-small{margin-unset:var(--egds-spacing-small)}.uitk-spacing-margin-medium-unset-medium{margin-unset:var(--egds-spacing-medium)}.uitk-spacing-margin-medium-unset-large{margin-unset:var(--egds-spacing-large)}.uitk-spacing-margin-medium-unset-xlarge{margin-unset:var(--egds-spacing-extra-large)}.uitk-spacing-margin-medium-unset-unset{margin-unset:unset}}@media screen and (min-width:62rem){.uitk-spacing-margin-large-unset-half{margin-unset:2px}.uitk-spacing-margin-large-unset-one{margin-unset:.25rem}.uitk-spacing-margin-large-unset-two{margin-unset:.5rem}.uitk-spacing-margin-large-unset-three{margin-unset:.75rem}.uitk-spacing-margin-large-unset-four{margin-unset:1rem}.uitk-spacing-margin-large-unset-six{margin-unset:1.5rem}.uitk-spacing-margin-large-unset-eight{margin-unset:2rem}.uitk-spacing-margin-large-unset-twelve{margin-unset:3rem}.uitk-spacing-margin-large-unset-sixteen{margin-unset:4rem}.uitk-spacing-margin-large-unset-xsmall{margin-unset:var(--egds-spacing-extra-small)}.uitk-spacing-margin-large-unset-small{margin-unset:var(--egds-spacing-small)}.uitk-spacing-margin-large-unset-medium{margin-unset:var(--egds-spacing-medium)}.uitk-spacing-margin-large-unset-large{margin-unset:var(--egds-spacing-large)}.uitk-spacing-margin-large-unset-xlarge{margin-unset:var(--egds-spacing-extra-large)}.uitk-spacing-margin-large-unset-unset{margin-unset:unset}}@media screen and (min-width:75rem){.uitk-spacing-margin-extra_large-unset-half{margin-unset:2px}.uitk-spacing-margin-extra_large-unset-one{margin-unset:.25rem}.uitk-spacing-margin-extra_large-unset-two{margin-unset:.5rem}.uitk-spacing-margin-extra_large-unset-three{margin-unset:.75rem}.uitk-spacing-margin-extra_large-unset-four{margin-unset:1rem}.uitk-spacing-margin-extra_large-unset-six{margin-unset:1.5rem}.uitk-spacing-margin-extra_large-unset-eight{margin-unset:2rem}.uitk-spacing-margin-extra_large-unset-twelve{margin-unset:3rem}.uitk-spacing-margin-extra_large-unset-sixteen{margin-unset:4rem}.uitk-spacing-margin-extra_large-unset-xsmall{margin-unset:var(--egds-spacing-extra-small)}.uitk-spacing-margin-extra_large-unset-small{margin-unset:var(--egds-spacing-small)}.uitk-spacing-margin-extra_large-unset-medium{margin-unset:var(--egds-spacing-medium)}.uitk-spacing-margin-extra_large-unset-large{margin-unset:var(--egds-spacing-large)}.uitk-spacing-margin-extra_large-unset-xlarge{margin-unset:var(--egds-spacing-extra-large)}.uitk-spacing-margin-extra_large-unset-unset{margin-unset:unset}}.uitk-spacing-margin-inline-half,.uitk-spacing-margin-small-inline-half{margin-inline:2px}.uitk-spacing-margin-inline-one,.uitk-spacing-margin-small-inline-one{margin-inline:.25rem}.uitk-spacing-margin-inline-two,.uitk-spacing-margin-small-inline-two{margin-inline:.5rem}.uitk-spacing-margin-inline-three,.uitk-spacing-margin-small-inline-three{margin-inline:.75rem}.uitk-spacing-margin-inline-four,.uitk-spacing-margin-small-inline-four{margin-inline:1rem}.uitk-spacing-margin-inline-six,.uitk-spacing-margin-small-inline-six{margin-inline:1.5rem}.uitk-spacing-margin-inline-eight,.uitk-spacing-margin-small-inline-eight{margin-inline:2rem}.uitk-spacing-margin-inline-twelve,.uitk-spacing-margin-small-inline-twelve{margin-inline:3rem}.uitk-spacing-margin-inline-sixteen,.uitk-spacing-margin-small-inline-sixteen{margin-inline:4rem}.uitk-spacing-margin-inline-xsmall,.uitk-spacing-margin-small-inline-xsmall{margin-inline:var(--egds-spacing-extra-small)}.uitk-spacing-margin-inline-small,.uitk-spacing-margin-small-inline-small{margin-inline:var(--egds-spacing-small)}.uitk-spacing-margin-inline-medium,.uitk-spacing-margin-small-inline-medium{margin-inline:var(--egds-spacing-medium)}.uitk-spacing-margin-inline-large,.uitk-spacing-margin-small-inline-large{margin-inline:var(--egds-spacing-large)}.uitk-spacing-margin-inline-xlarge,.uitk-spacing-margin-small-inline-xlarge{margin-inline:var(--egds-spacing-extra-large)}.uitk-spacing-margin-inline-unset,.uitk-spacing-margin-small-inline-unset{margin-inline:unset}@media screen and (min-width:36rem){.uitk-spacing-margin-medium-inline-half{margin-inline:2px}.uitk-spacing-margin-medium-inline-one{margin-inline:.25rem}.uitk-spacing-margin-medium-inline-two{margin-inline:.5rem}.uitk-spacing-margin-medium-inline-three{margin-inline:.75rem}.uitk-spacing-margin-medium-inline-four{margin-inline:1rem}.uitk-spacing-margin-medium-inline-six{margin-inline:1.5rem}.uitk-spacing-margin-medium-inline-eight{margin-inline:2rem}.uitk-spacing-margin-medium-inline-twelve{margin-inline:3rem}.uitk-spacing-margin-medium-inline-sixteen{margin-inline:4rem}.uitk-spacing-margin-medium-inline-xsmall{margin-inline:var(--egds-spacing-extra-small)}.uitk-spacing-margin-medium-inline-small{margin-inline:var(--egds-spacing-small)}.uitk-spacing-margin-medium-inline-medium{margin-inline:var(--egds-spacing-medium)}.uitk-spacing-margin-medium-inline-large{margin-inline:var(--egds-spacing-large)}.uitk-spacing-margin-medium-inline-xlarge{margin-inline:var(--egds-spacing-extra-large)}.uitk-spacing-margin-medium-inline-unset{margin-inline:unset}}@media screen and (min-width:62rem){.uitk-spacing-margin-large-inline-half{margin-inline:2px}.uitk-spacing-margin-large-inline-one{margin-inline:.25rem}.uitk-spacing-margin-large-inline-two{margin-inline:.5rem}.uitk-spacing-margin-large-inline-three{margin-inline:.75rem}.uitk-spacing-margin-large-inline-four{margin-inline:1rem}.uitk-spacing-margin-large-inline-six{margin-inline:1.5rem}.uitk-spacing-margin-large-inline-eight{margin-inline:2rem}.uitk-spacing-margin-large-inline-twelve{margin-inline:3rem}.uitk-spacing-margin-large-inline-sixteen{margin-inline:4rem}.uitk-spacing-margin-large-inline-xsmall{margin-inline:var(--egds-spacing-extra-small)}.uitk-spacing-margin-large-inline-small{margin-inline:var(--egds-spacing-small)}.uitk-spacing-margin-large-inline-medium{margin-inline:var(--egds-spacing-medium)}.uitk-spacing-margin-large-inline-large{margin-inline:var(--egds-spacing-large)}.uitk-spacing-margin-large-inline-xlarge{margin-inline:var(--egds-spacing-extra-large)}.uitk-spacing-margin-large-inline-unset{margin-inline:unset}}@media screen and (min-width:75rem){.uitk-spacing-margin-extra_large-inline-half{margin-inline:2px}.uitk-spacing-margin-extra_large-inline-one{margin-inline:.25rem}.uitk-spacing-margin-extra_large-inline-two{margin-inline:.5rem}.uitk-spacing-margin-extra_large-inline-three{margin-inline:.75rem}.uitk-spacing-margin-extra_large-inline-four{margin-inline:1rem}.uitk-spacing-margin-extra_large-inline-six{margin-inline:1.5rem}.uitk-spacing-margin-extra_large-inline-eight{margin-inline:2rem}.uitk-spacing-margin-extra_large-inline-twelve{margin-inline:3rem}.uitk-spacing-margin-extra_large-inline-sixteen{margin-inline:4rem}.uitk-spacing-margin-extra_large-inline-xsmall{margin-inline:var(--egds-spacing-extra-small)}.uitk-spacing-margin-extra_large-inline-small{margin-inline:var(--egds-spacing-small)}.uitk-spacing-margin-extra_large-inline-medium{margin-inline:var(--egds-spacing-medium)}.uitk-spacing-margin-extra_large-inline-large{margin-inline:var(--egds-spacing-large)}.uitk-spacing-margin-extra_large-inline-xlarge{margin-inline:var(--egds-spacing-extra-large)}.uitk-spacing-margin-extra_large-inline-unset{margin-inline:unset}}.uitk-spacing-margin-block-half,.uitk-spacing-margin-small-block-half{margin-block:2px}.uitk-spacing-margin-block-one,.uitk-spacing-margin-small-block-one{margin-block:.25rem}.uitk-spacing-margin-block-two,.uitk-spacing-margin-small-block-two{margin-block:.5rem}.uitk-spacing-margin-block-three,.uitk-spacing-margin-small-block-three{margin-block:.75rem}.uitk-spacing-margin-block-four,.uitk-spacing-margin-small-block-four{margin-block:1rem}.uitk-spacing-margin-block-six,.uitk-spacing-margin-small-block-six{margin-block:1.5rem}.uitk-spacing-margin-block-eight,.uitk-spacing-margin-small-block-eight{margin-block:2rem}.uitk-spacing-margin-block-twelve,.uitk-spacing-margin-small-block-twelve{margin-block:3rem}.uitk-spacing-margin-block-sixteen,.uitk-spacing-margin-small-block-sixteen{margin-block:4rem}.uitk-spacing-margin-block-xsmall,.uitk-spacing-margin-small-block-xsmall{margin-block:var(--egds-spacing-extra-small)}.uitk-spacing-margin-block-small,.uitk-spacing-margin-small-block-small{margin-block:var(--egds-spacing-small)}.uitk-spacing-margin-block-medium,.uitk-spacing-margin-small-block-medium{margin-block:var(--egds-spacing-medium)}.uitk-spacing-margin-block-large,.uitk-spacing-margin-small-block-large{margin-block:var(--egds-spacing-large)}.uitk-spacing-margin-block-xlarge,.uitk-spacing-margin-small-block-xlarge{margin-block:var(--egds-spacing-extra-large)}.uitk-spacing-margin-block-unset,.uitk-spacing-margin-small-block-unset{margin-block:unset}@media screen and (min-width:36rem){.uitk-spacing-margin-medium-block-half{margin-block:2px}.uitk-spacing-margin-medium-block-one{margin-block:.25rem}.uitk-spacing-margin-medium-block-two{margin-block:.5rem}.uitk-spacing-margin-medium-block-three{margin-block:.75rem}.uitk-spacing-margin-medium-block-four{margin-block:1rem}.uitk-spacing-margin-medium-block-six{margin-block:1.5rem}.uitk-spacing-margin-medium-block-eight{margin-block:2rem}.uitk-spacing-margin-medium-block-twelve{margin-block:3rem}.uitk-spacing-margin-medium-block-sixteen{margin-block:4rem}.uitk-spacing-margin-medium-block-xsmall{margin-block:var(--egds-spacing-extra-small)}.uitk-spacing-margin-medium-block-small{margin-block:var(--egds-spacing-small)}.uitk-spacing-margin-medium-block-medium{margin-block:var(--egds-spacing-medium)}.uitk-spacing-margin-medium-block-large{margin-block:var(--egds-spacing-large)}.uitk-spacing-margin-medium-block-xlarge{margin-block:var(--egds-spacing-extra-large)}.uitk-spacing-margin-medium-block-unset{margin-block:unset}}@media screen and (min-width:62rem){.uitk-spacing-margin-large-block-half{margin-block:2px}.uitk-spacing-margin-large-block-one{margin-block:.25rem}.uitk-spacing-margin-large-block-two{margin-block:.5rem}.uitk-spacing-margin-large-block-three{margin-block:.75rem}.uitk-spacing-margin-large-block-four{margin-block:1rem}.uitk-spacing-margin-large-block-six{margin-block:1.5rem}.uitk-spacing-margin-large-block-eight{margin-block:2rem}.uitk-spacing-margin-large-block-twelve{margin-block:3rem}.uitk-spacing-margin-large-block-sixteen{margin-block:4rem}.uitk-spacing-margin-large-block-xsmall{margin-block:var(--egds-spacing-extra-small)}.uitk-spacing-margin-large-block-small{margin-block:var(--egds-spacing-small)}.uitk-spacing-margin-large-block-medium{margin-block:var(--egds-spacing-medium)}.uitk-spacing-margin-large-block-large{margin-block:var(--egds-spacing-large)}.uitk-spacing-margin-large-block-xlarge{margin-block:var(--egds-spacing-extra-large)}.uitk-spacing-margin-large-block-unset{margin-block:unset}}@media screen and (min-width:75rem){.uitk-spacing-margin-extra_large-block-half{margin-block:2px}.uitk-spacing-margin-extra_large-block-one{margin-block:.25rem}.uitk-spacing-margin-extra_large-block-two{margin-block:.5rem}.uitk-spacing-margin-extra_large-block-three{margin-block:.75rem}.uitk-spacing-margin-extra_large-block-four{margin-block:1rem}.uitk-spacing-margin-extra_large-block-six{margin-block:1.5rem}.uitk-spacing-margin-extra_large-block-eight{margin-block:2rem}.uitk-spacing-margin-extra_large-block-twelve{margin-block:3rem}.uitk-spacing-margin-extra_large-block-sixteen{margin-block:4rem}.uitk-spacing-margin-extra_large-block-xsmall{margin-block:var(--egds-spacing-extra-small)}.uitk-spacing-margin-extra_large-block-small{margin-block:var(--egds-spacing-small)}.uitk-spacing-margin-extra_large-block-medium{margin-block:var(--egds-spacing-medium)}.uitk-spacing-margin-extra_large-block-large{margin-block:var(--egds-spacing-large)}.uitk-spacing-margin-extra_large-block-xlarge{margin-block:var(--egds-spacing-extra-large)}.uitk-spacing-margin-extra_large-block-unset{margin-block:unset}}.uitk-spacing-padding-half,.uitk-spacing-padding-small-half{padding:2px}.uitk-spacing-padding-one,.uitk-spacing-padding-small-one{padding:.25rem}.uitk-spacing-padding-small-two,.uitk-spacing-padding-two{padding:.5rem}.uitk-spacing-padding-small-three,.uitk-spacing-padding-three{padding:.75rem}.uitk-spacing-padding-four,.uitk-spacing-padding-small-four{padding:1rem}.uitk-spacing-padding-six,.uitk-spacing-padding-small-six{padding:1.5rem}.uitk-spacing-padding-eight,.uitk-spacing-padding-small-eight{padding:2rem}.uitk-spacing-padding-small-twelve,.uitk-spacing-padding-twelve{padding:3rem}.uitk-spacing-padding-sixteen,.uitk-spacing-padding-small-sixteen{padding:4rem}.uitk-spacing-padding-small-xsmall,.uitk-spacing-padding-xsmall{padding:var(--egds-spacing-extra-small)}.uitk-spacing-padding-small,.uitk-spacing-padding-small-small{padding:var(--egds-spacing-small)}.uitk-spacing-padding-medium,.uitk-spacing-padding-small-medium{padding:var(--egds-spacing-medium)}.uitk-spacing-padding-large,.uitk-spacing-padding-small-large{padding:var(--egds-spacing-large)}.uitk-spacing-padding-small-xlarge,.uitk-spacing-padding-xlarge{padding:var(--egds-spacing-extra-large)}.uitk-spacing-padding-small-unset,.uitk-spacing-padding-unset{padding:unset}@media screen and (min-width:36rem){.uitk-spacing-padding-medium-half{padding:2px}.uitk-spacing-padding-medium-one{padding:.25rem}.uitk-spacing-padding-medium-two{padding:.5rem}.uitk-spacing-padding-medium-three{padding:.75rem}.uitk-spacing-padding-medium-four{padding:1rem}.uitk-spacing-padding-medium-six{padding:1.5rem}.uitk-spacing-padding-medium-eight{padding:2rem}.uitk-spacing-padding-medium-twelve{padding:3rem}.uitk-spacing-padding-medium-sixteen{padding:4rem}.uitk-spacing-padding-medium-xsmall{padding:var(--egds-spacing-extra-small)}.uitk-spacing-padding-medium-small{padding:var(--egds-spacing-small)}.uitk-spacing-padding-medium-medium{padding:var(--egds-spacing-medium)}.uitk-spacing-padding-medium-large{padding:var(--egds-spacing-large)}.uitk-spacing-padding-medium-xlarge{padding:var(--egds-spacing-extra-large)}.uitk-spacing-padding-medium-unset{padding:unset}}@media screen and (min-width:62rem){.uitk-spacing-padding-large-half{padding:2px}.uitk-spacing-padding-large-one{padding:.25rem}.uitk-spacing-padding-large-two{padding:.5rem}.uitk-spacing-padding-large-three{padding:.75rem}.uitk-spacing-padding-large-four{padding:1rem}.uitk-spacing-padding-large-six{padding:1.5rem}.uitk-spacing-padding-large-eight{padding:2rem}.uitk-spacing-padding-large-twelve{padding:3rem}.uitk-spacing-padding-large-sixteen{padding:4rem}.uitk-spacing-padding-large-xsmall{padding:var(--egds-spacing-extra-small)}.uitk-spacing-padding-large-small{padding:var(--egds-spacing-small)}.uitk-spacing-padding-large-medium{padding:var(--egds-spacing-medium)}.uitk-spacing-padding-large-large{padding:var(--egds-spacing-large)}.uitk-spacing-padding-large-xlarge{padding:var(--egds-spacing-extra-large)}.uitk-spacing-padding-large-unset{padding:unset}}@media screen and (min-width:75rem){.uitk-spacing-padding-extra_large-half{padding:2px}.uitk-spacing-padding-extra_large-one{padding:.25rem}.uitk-spacing-padding-extra_large-two{padding:.5rem}.uitk-spacing-padding-extra_large-three{padding:.75rem}.uitk-spacing-padding-extra_large-four{padding:1rem}.uitk-spacing-padding-extra_large-six{padding:1.5rem}.uitk-spacing-padding-extra_large-eight{padding:2rem}.uitk-spacing-padding-extra_large-twelve{padding:3rem}.uitk-spacing-padding-extra_large-sixteen{padding:4rem}.uitk-spacing-padding-extra_large-xsmall{padding:var(--egds-spacing-extra-small)}.uitk-spacing-padding-extra_large-small{padding:var(--egds-spacing-small)}.uitk-spacing-padding-extra_large-medium{padding:var(--egds-spacing-medium)}.uitk-spacing-padding-extra_large-large{padding:var(--egds-spacing-large)}.uitk-spacing-padding-extra_large-xlarge{padding:var(--egds-spacing-extra-large)}.uitk-spacing-padding-extra_large-unset{padding:unset}}.uitk-spacing-padding-blockstart-half,.uitk-spacing-padding-small-blockstart-half{padding-block-start:2px}.uitk-spacing-padding-blockstart-one,.uitk-spacing-padding-small-blockstart-one{padding-block-start:.25rem}.uitk-spacing-padding-blockstart-two,.uitk-spacing-padding-small-blockstart-two{padding-block-start:.5rem}.uitk-spacing-padding-blockstart-three,.uitk-spacing-padding-small-blockstart-three{padding-block-start:.75rem}.uitk-spacing-padding-blockstart-four,.uitk-spacing-padding-small-blockstart-four{padding-block-start:1rem}.uitk-spacing-padding-blockstart-six,.uitk-spacing-padding-small-blockstart-six{padding-block-start:1.5rem}.uitk-spacing-padding-blockstart-eight,.uitk-spacing-padding-small-blockstart-eight{padding-block-start:2rem}.uitk-spacing-padding-blockstart-twelve,.uitk-spacing-padding-small-blockstart-twelve{padding-block-start:3rem}.uitk-spacing-padding-blockstart-sixteen,.uitk-spacing-padding-small-blockstart-sixteen{padding-block-start:4rem}.uitk-spacing-padding-blockstart-xsmall,.uitk-spacing-padding-small-blockstart-xsmall{padding-block-start:var(--egds-spacing-extra-small)}.uitk-spacing-padding-blockstart-small,.uitk-spacing-padding-small-blockstart-small{padding-block-start:var(--egds-spacing-small)}.uitk-spacing-padding-blockstart-medium,.uitk-spacing-padding-small-blockstart-medium{padding-block-start:var(--egds-spacing-medium)}.uitk-spacing-padding-blockstart-large,.uitk-spacing-padding-small-blockstart-large{padding-block-start:var(--egds-spacing-large)}.uitk-spacing-padding-blockstart-xlarge,.uitk-spacing-padding-small-blockstart-xlarge{padding-block-start:var(--egds-spacing-extra-large)}.uitk-spacing-padding-blockstart-unset,.uitk-spacing-padding-small-blockstart-unset{padding-block-start:unset}@media screen and (min-width:36rem){.uitk-spacing-padding-medium-blockstart-half{padding-block-start:2px}.uitk-spacing-padding-medium-blockstart-one{padding-block-start:.25rem}.uitk-spacing-padding-medium-blockstart-two{padding-block-start:.5rem}.uitk-spacing-padding-medium-blockstart-three{padding-block-start:.75rem}.uitk-spacing-padding-medium-blockstart-four{padding-block-start:1rem}.uitk-spacing-padding-medium-blockstart-six{padding-block-start:1.5rem}.uitk-spacing-padding-medium-blockstart-eight{padding-block-start:2rem}.uitk-spacing-padding-medium-blockstart-twelve{padding-block-start:3rem}.uitk-spacing-padding-medium-blockstart-sixteen{padding-block-start:4rem}.uitk-spacing-padding-medium-blockstart-xsmall{padding-block-start:var(--egds-spacing-extra-small)}.uitk-spacing-padding-medium-blockstart-small{padding-block-start:var(--egds-spacing-small)}.uitk-spacing-padding-medium-blockstart-medium{padding-block-start:var(--egds-spacing-medium)}.uitk-spacing-padding-medium-blockstart-large{padding-block-start:var(--egds-spacing-large)}.uitk-spacing-padding-medium-blockstart-xlarge{padding-block-start:var(--egds-spacing-extra-large)}.uitk-spacing-padding-medium-blockstart-unset{padding-block-start:unset}}@media screen and (min-width:62rem){.uitk-spacing-padding-large-blockstart-half{padding-block-start:2px}.uitk-spacing-padding-large-blockstart-one{padding-block-start:.25rem}.uitk-spacing-padding-large-blockstart-two{padding-block-start:.5rem}.uitk-spacing-padding-large-blockstart-three{padding-block-start:.75rem}.uitk-spacing-padding-large-blockstart-four{padding-block-start:1rem}.uitk-spacing-padding-large-blockstart-six{padding-block-start:1.5rem}.uitk-spacing-padding-large-blockstart-eight{padding-block-start:2rem}.uitk-spacing-padding-large-blockstart-twelve{padding-block-start:3rem}.uitk-spacing-padding-large-blockstart-sixteen{padding-block-start:4rem}.uitk-spacing-padding-large-blockstart-xsmall{padding-block-start:var(--egds-spacing-extra-small)}.uitk-spacing-padding-large-blockstart-small{padding-block-start:var(--egds-spacing-small)}.uitk-spacing-padding-large-blockstart-medium{padding-block-start:var(--egds-spacing-medium)}.uitk-spacing-padding-large-blockstart-large{padding-block-start:var(--egds-spacing-large)}.uitk-spacing-padding-large-blockstart-xlarge{padding-block-start:var(--egds-spacing-extra-large)}.uitk-spacing-padding-large-blockstart-unset{padding-block-start:unset}}@media screen and (min-width:75rem){.uitk-spacing-padding-extra_large-blockstart-half{padding-block-start:2px}.uitk-spacing-padding-extra_large-blockstart-one{padding-block-start:.25rem}.uitk-spacing-padding-extra_large-blockstart-two{padding-block-start:.5rem}.uitk-spacing-padding-extra_large-blockstart-three{padding-block-start:.75rem}.uitk-spacing-padding-extra_large-blockstart-four{padding-block-start:1rem}.uitk-spacing-padding-extra_large-blockstart-six{padding-block-start:1.5rem}.uitk-spacing-padding-extra_large-blockstart-eight{padding-block-start:2rem}.uitk-spacing-padding-extra_large-blockstart-twelve{padding-block-start:3rem}.uitk-spacing-padding-extra_large-blockstart-sixteen{padding-block-start:4rem}.uitk-spacing-padding-extra_large-blockstart-xsmall{padding-block-start:var(--egds-spacing-extra-small)}.uitk-spacing-padding-extra_large-blockstart-small{padding-block-start:var(--egds-spacing-small)}.uitk-spacing-padding-extra_large-blockstart-medium{padding-block-start:var(--egds-spacing-medium)}.uitk-spacing-padding-extra_large-blockstart-large{padding-block-start:var(--egds-spacing-large)}.uitk-spacing-padding-extra_large-blockstart-xlarge{padding-block-start:var(--egds-spacing-extra-large)}.uitk-spacing-padding-extra_large-blockstart-unset{padding-block-start:unset}}.uitk-spacing-padding-blockend-half,.uitk-spacing-padding-small-blockend-half{padding-block-end:2px}.uitk-spacing-padding-blockend-one,.uitk-spacing-padding-small-blockend-one{padding-block-end:.25rem}.uitk-spacing-padding-blockend-two,.uitk-spacing-padding-small-blockend-two{padding-block-end:.5rem}.uitk-spacing-padding-blockend-three,.uitk-spacing-padding-small-blockend-three{padding-block-end:.75rem}.uitk-spacing-padding-blockend-four,.uitk-spacing-padding-small-blockend-four{padding-block-end:1rem}.uitk-spacing-padding-blockend-six,.uitk-spacing-padding-small-blockend-six{padding-block-end:1.5rem}.uitk-spacing-padding-blockend-eight,.uitk-spacing-padding-small-blockend-eight{padding-block-end:2rem}.uitk-spacing-padding-blockend-twelve,.uitk-spacing-padding-small-blockend-twelve{padding-block-end:3rem}.uitk-spacing-padding-blockend-sixteen,.uitk-spacing-padding-small-blockend-sixteen{padding-block-end:4rem}.uitk-spacing-padding-blockend-xsmall,.uitk-spacing-padding-small-blockend-xsmall{padding-block-end:var(--egds-spacing-extra-small)}.uitk-spacing-padding-blockend-small,.uitk-spacing-padding-small-blockend-small{padding-block-end:var(--egds-spacing-small)}.uitk-spacing-padding-blockend-medium,.uitk-spacing-padding-small-blockend-medium{padding-block-end:var(--egds-spacing-medium)}.uitk-spacing-padding-blockend-large,.uitk-spacing-padding-small-blockend-large{padding-block-end:var(--egds-spacing-large)}.uitk-spacing-padding-blockend-xlarge,.uitk-spacing-padding-small-blockend-xlarge{padding-block-end:var(--egds-spacing-extra-large)}.uitk-spacing-padding-blockend-unset,.uitk-spacing-padding-small-blockend-unset{padding-block-end:unset}@media screen and (min-width:36rem){.uitk-spacing-padding-medium-blockend-half{padding-block-end:2px}.uitk-spacing-padding-medium-blockend-one{padding-block-end:.25rem}.uitk-spacing-padding-medium-blockend-two{padding-block-end:.5rem}.uitk-spacing-padding-medium-blockend-three{padding-block-end:.75rem}.uitk-spacing-padding-medium-blockend-four{padding-block-end:1rem}.uitk-spacing-padding-medium-blockend-six{padding-block-end:1.5rem}.uitk-spacing-padding-medium-blockend-eight{padding-block-end:2rem}.uitk-spacing-padding-medium-blockend-twelve{padding-block-end:3rem}.uitk-spacing-padding-medium-blockend-sixteen{padding-block-end:4rem}.uitk-spacing-padding-medium-blockend-xsmall{padding-block-end:var(--egds-spacing-extra-small)}.uitk-spacing-padding-medium-blockend-small{padding-block-end:var(--egds-spacing-small)}.uitk-spacing-padding-medium-blockend-medium{padding-block-end:var(--egds-spacing-medium)}.uitk-spacing-padding-medium-blockend-large{padding-block-end:var(--egds-spacing-large)}.uitk-spacing-padding-medium-blockend-xlarge{padding-block-end:var(--egds-spacing-extra-large)}.uitk-spacing-padding-medium-blockend-unset{padding-block-end:unset}}@media screen and (min-width:62rem){.uitk-spacing-padding-large-blockend-half{padding-block-end:2px}.uitk-spacing-padding-large-blockend-one{padding-block-end:.25rem}.uitk-spacing-padding-large-blockend-two{padding-block-end:.5rem}.uitk-spacing-padding-large-blockend-three{padding-block-end:.75rem}.uitk-spacing-padding-large-blockend-four{padding-block-end:1rem}.uitk-spacing-padding-large-blockend-six{padding-block-end:1.5rem}.uitk-spacing-padding-large-blockend-eight{padding-block-end:2rem}.uitk-spacing-padding-large-blockend-twelve{padding-block-end:3rem}.uitk-spacing-padding-large-blockend-sixteen{padding-block-end:4rem}.uitk-spacing-padding-large-blockend-xsmall{padding-block-end:var(--egds-spacing-extra-small)}.uitk-spacing-padding-large-blockend-small{padding-block-end:var(--egds-spacing-small)}.uitk-spacing-padding-large-blockend-medium{padding-block-end:var(--egds-spacing-medium)}.uitk-spacing-padding-large-blockend-large{padding-block-end:var(--egds-spacing-large)}.uitk-spacing-padding-large-blockend-xlarge{padding-block-end:var(--egds-spacing-extra-large)}.uitk-spacing-padding-large-blockend-unset{padding-block-end:unset}}@media screen and (min-width:75rem){.uitk-spacing-padding-extra_large-blockend-half{padding-block-end:2px}.uitk-spacing-padding-extra_large-blockend-one{padding-block-end:.25rem}.uitk-spacing-padding-extra_large-blockend-two{padding-block-end:.5rem}.uitk-spacing-padding-extra_large-blockend-three{padding-block-end:.75rem}.uitk-spacing-padding-extra_large-blockend-four{padding-block-end:1rem}.uitk-spacing-padding-extra_large-blockend-six{padding-block-end:1.5rem}.uitk-spacing-padding-extra_large-blockend-eight{padding-block-end:2rem}.uitk-spacing-padding-extra_large-blockend-twelve{padding-block-end:3rem}.uitk-spacing-padding-extra_large-blockend-sixteen{padding-block-end:4rem}.uitk-spacing-padding-extra_large-blockend-xsmall{padding-block-end:var(--egds-spacing-extra-small)}.uitk-spacing-padding-extra_large-blockend-small{padding-block-end:var(--egds-spacing-small)}.uitk-spacing-padding-extra_large-blockend-medium{padding-block-end:var(--egds-spacing-medium)}.uitk-spacing-padding-extra_large-blockend-large{padding-block-end:var(--egds-spacing-large)}.uitk-spacing-padding-extra_large-blockend-xlarge{padding-block-end:var(--egds-spacing-extra-large)}.uitk-spacing-padding-extra_large-blockend-unset{padding-block-end:unset}}.uitk-spacing-padding-inlinestart-half,.uitk-spacing-padding-small-inlinestart-half{padding-inline-start:2px}.uitk-spacing-padding-inlinestart-one,.uitk-spacing-padding-small-inlinestart-one{padding-inline-start:.25rem}.uitk-spacing-padding-inlinestart-two,.uitk-spacing-padding-small-inlinestart-two{padding-inline-start:.5rem}.uitk-spacing-padding-inlinestart-three,.uitk-spacing-padding-small-inlinestart-three{padding-inline-start:.75rem}.uitk-spacing-padding-inlinestart-four,.uitk-spacing-padding-small-inlinestart-four{padding-inline-start:1rem}.uitk-spacing-padding-inlinestart-six,.uitk-spacing-padding-small-inlinestart-six{padding-inline-start:1.5rem}.uitk-spacing-padding-inlinestart-eight,.uitk-spacing-padding-small-inlinestart-eight{padding-inline-start:2rem}.uitk-spacing-padding-inlinestart-twelve,.uitk-spacing-padding-small-inlinestart-twelve{padding-inline-start:3rem}.uitk-spacing-padding-inlinestart-sixteen,.uitk-spacing-padding-small-inlinestart-sixteen{padding-inline-start:4rem}.uitk-spacing-padding-inlinestart-xsmall,.uitk-spacing-padding-small-inlinestart-xsmall{padding-inline-start:var(--egds-spacing-extra-small)}.uitk-spacing-padding-inlinestart-small,.uitk-spacing-padding-small-inlinestart-small{padding-inline-start:var(--egds-spacing-small)}.uitk-spacing-padding-inlinestart-medium,.uitk-spacing-padding-small-inlinestart-medium{padding-inline-start:var(--egds-spacing-medium)}.uitk-spacing-padding-inlinestart-large,.uitk-spacing-padding-small-inlinestart-large{padding-inline-start:var(--egds-spacing-large)}.uitk-spacing-padding-inlinestart-xlarge,.uitk-spacing-padding-small-inlinestart-xlarge{padding-inline-start:var(--egds-spacing-extra-large)}.uitk-spacing-padding-inlinestart-unset,.uitk-spacing-padding-small-inlinestart-unset{padding-inline-start:unset}@media screen and (min-width:36rem){.uitk-spacing-padding-medium-inlinestart-half{padding-inline-start:2px}.uitk-spacing-padding-medium-inlinestart-one{padding-inline-start:.25rem}.uitk-spacing-padding-medium-inlinestart-two{padding-inline-start:.5rem}.uitk-spacing-padding-medium-inlinestart-three{padding-inline-start:.75rem}.uitk-spacing-padding-medium-inlinestart-four{padding-inline-start:1rem}.uitk-spacing-padding-medium-inlinestart-six{padding-inline-start:1.5rem}.uitk-spacing-padding-medium-inlinestart-eight{padding-inline-start:2rem}.uitk-spacing-padding-medium-inlinestart-twelve{padding-inline-start:3rem}.uitk-spacing-padding-medium-inlinestart-sixteen{padding-inline-start:4rem}.uitk-spacing-padding-medium-inlinestart-xsmall{padding-inline-start:var(--egds-spacing-extra-small)}.uitk-spacing-padding-medium-inlinestart-small{padding-inline-start:var(--egds-spacing-small)}.uitk-spacing-padding-medium-inlinestart-medium{padding-inline-start:var(--egds-spacing-medium)}.uitk-spacing-padding-medium-inlinestart-large{padding-inline-start:var(--egds-spacing-large)}.uitk-spacing-padding-medium-inlinestart-xlarge{padding-inline-start:var(--egds-spacing-extra-large)}.uitk-spacing-padding-medium-inlinestart-unset{padding-inline-start:unset}}@media screen and (min-width:62rem){.uitk-spacing-padding-large-inlinestart-half{padding-inline-start:2px}.uitk-spacing-padding-large-inlinestart-one{padding-inline-start:.25rem}.uitk-spacing-padding-large-inlinestart-two{padding-inline-start:.5rem}.uitk-spacing-padding-large-inlinestart-three{padding-inline-start:.75rem}.uitk-spacing-padding-large-inlinestart-four{padding-inline-start:1rem}.uitk-spacing-padding-large-inlinestart-six{padding-inline-start:1.5rem}.uitk-spacing-padding-large-inlinestart-eight{padding-inline-start:2rem}.uitk-spacing-padding-large-inlinestart-twelve{padding-inline-start:3rem}.uitk-spacing-padding-large-inlinestart-sixteen{padding-inline-start:4rem}.uitk-spacing-padding-large-inlinestart-xsmall{padding-inline-start:var(--egds-spacing-extra-small)}.uitk-spacing-padding-large-inlinestart-small{padding-inline-start:var(--egds-spacing-small)}.uitk-spacing-padding-large-inlinestart-medium{padding-inline-start:var(--egds-spacing-medium)}.uitk-spacing-padding-large-inlinestart-large{padding-inline-start:var(--egds-spacing-large)}.uitk-spacing-padding-large-inlinestart-xlarge{padding-inline-start:var(--egds-spacing-extra-large)}.uitk-spacing-padding-large-inlinestart-unset{padding-inline-start:unset}}@media screen and (min-width:75rem){.uitk-spacing-padding-extra_large-inlinestart-half{padding-inline-start:2px}.uitk-spacing-padding-extra_large-inlinestart-one{padding-inline-start:.25rem}.uitk-spacing-padding-extra_large-inlinestart-two{padding-inline-start:.5rem}.uitk-spacing-padding-extra_large-inlinestart-three{padding-inline-start:.75rem}.uitk-spacing-padding-extra_large-inlinestart-four{padding-inline-start:1rem}.uitk-spacing-padding-extra_large-inlinestart-six{padding-inline-start:1.5rem}.uitk-spacing-padding-extra_large-inlinestart-eight{padding-inline-start:2rem}.uitk-spacing-padding-extra_large-inlinestart-twelve{padding-inline-start:3rem}.uitk-spacing-padding-extra_large-inlinestart-sixteen{padding-inline-start:4rem}.uitk-spacing-padding-extra_large-inlinestart-xsmall{padding-inline-start:var(--egds-spacing-extra-small)}.uitk-spacing-padding-extra_large-inlinestart-small{padding-inline-start:var(--egds-spacing-small)}.uitk-spacing-padding-extra_large-inlinestart-medium{padding-inline-start:var(--egds-spacing-medium)}.uitk-spacing-padding-extra_large-inlinestart-large{padding-inline-start:var(--egds-spacing-large)}.uitk-spacing-padding-extra_large-inlinestart-xlarge{padding-inline-start:var(--egds-spacing-extra-large)}.uitk-spacing-padding-extra_large-inlinestart-unset{padding-inline-start:unset}}.uitk-spacing-padding-inlineend-half,.uitk-spacing-padding-small-inlineend-half{padding-inline-end:2px}.uitk-spacing-padding-inlineend-one,.uitk-spacing-padding-small-inlineend-one{padding-inline-end:.25rem}.uitk-spacing-padding-inlineend-two,.uitk-spacing-padding-small-inlineend-two{padding-inline-end:.5rem}.uitk-spacing-padding-inlineend-three,.uitk-spacing-padding-small-inlineend-three{padding-inline-end:.75rem}.uitk-spacing-padding-inlineend-four,.uitk-spacing-padding-small-inlineend-four{padding-inline-end:1rem}.uitk-spacing-padding-inlineend-six,.uitk-spacing-padding-small-inlineend-six{padding-inline-end:1.5rem}.uitk-spacing-padding-inlineend-eight,.uitk-spacing-padding-small-inlineend-eight{padding-inline-end:2rem}.uitk-spacing-padding-inlineend-twelve,.uitk-spacing-padding-small-inlineend-twelve{padding-inline-end:3rem}.uitk-spacing-padding-inlineend-sixteen,.uitk-spacing-padding-small-inlineend-sixteen{padding-inline-end:4rem}.uitk-spacing-padding-inlineend-xsmall,.uitk-spacing-padding-small-inlineend-xsmall{padding-inline-end:var(--egds-spacing-extra-small)}.uitk-spacing-padding-inlineend-small,.uitk-spacing-padding-small-inlineend-small{padding-inline-end:var(--egds-spacing-small)}.uitk-spacing-padding-inlineend-medium,.uitk-spacing-padding-small-inlineend-medium{padding-inline-end:var(--egds-spacing-medium)}.uitk-spacing-padding-inlineend-large,.uitk-spacing-padding-small-inlineend-large{padding-inline-end:var(--egds-spacing-large)}.uitk-spacing-padding-inlineend-xlarge,.uitk-spacing-padding-small-inlineend-xlarge{padding-inline-end:var(--egds-spacing-extra-large)}.uitk-spacing-padding-inlineend-unset,.uitk-spacing-padding-small-inlineend-unset{padding-inline-end:unset}@media screen and (min-width:36rem){.uitk-spacing-padding-medium-inlineend-half{padding-inline-end:2px}.uitk-spacing-padding-medium-inlineend-one{padding-inline-end:.25rem}.uitk-spacing-padding-medium-inlineend-two{padding-inline-end:.5rem}.uitk-spacing-padding-medium-inlineend-three{padding-inline-end:.75rem}.uitk-spacing-padding-medium-inlineend-four{padding-inline-end:1rem}.uitk-spacing-padding-medium-inlineend-six{padding-inline-end:1.5rem}.uitk-spacing-padding-medium-inlineend-eight{padding-inline-end:2rem}.uitk-spacing-padding-medium-inlineend-twelve{padding-inline-end:3rem}.uitk-spacing-padding-medium-inlineend-sixteen{padding-inline-end:4rem}.uitk-spacing-padding-medium-inlineend-xsmall{padding-inline-end:var(--egds-spacing-extra-small)}.uitk-spacing-padding-medium-inlineend-small{padding-inline-end:var(--egds-spacing-small)}.uitk-spacing-padding-medium-inlineend-medium{padding-inline-end:var(--egds-spacing-medium)}.uitk-spacing-padding-medium-inlineend-large{padding-inline-end:var(--egds-spacing-large)}.uitk-spacing-padding-medium-inlineend-xlarge{padding-inline-end:var(--egds-spacing-extra-large)}.uitk-spacing-padding-medium-inlineend-unset{padding-inline-end:unset}}@media screen and (min-width:62rem){.uitk-spacing-padding-large-inlineend-half{padding-inline-end:2px}.uitk-spacing-padding-large-inlineend-one{padding-inline-end:.25rem}.uitk-spacing-padding-large-inlineend-two{padding-inline-end:.5rem}.uitk-spacing-padding-large-inlineend-three{padding-inline-end:.75rem}.uitk-spacing-padding-large-inlineend-four{padding-inline-end:1rem}.uitk-spacing-padding-large-inlineend-six{padding-inline-end:1.5rem}.uitk-spacing-padding-large-inlineend-eight{padding-inline-end:2rem}.uitk-spacing-padding-large-inlineend-twelve{padding-inline-end:3rem}.uitk-spacing-padding-large-inlineend-sixteen{padding-inline-end:4rem}.uitk-spacing-padding-large-inlineend-xsmall{padding-inline-end:var(--egds-spacing-extra-small)}.uitk-spacing-padding-large-inlineend-small{padding-inline-end:var(--egds-spacing-small)}.uitk-spacing-padding-large-inlineend-medium{padding-inline-end:var(--egds-spacing-medium)}.uitk-spacing-padding-large-inlineend-large{padding-inline-end:var(--egds-spacing-large)}.uitk-spacing-padding-large-inlineend-xlarge{padding-inline-end:var(--egds-spacing-extra-large)}.uitk-spacing-padding-large-inlineend-unset{padding-inline-end:unset}}@media screen and (min-width:75rem){.uitk-spacing-padding-extra_large-inlineend-half{padding-inline-end:2px}.uitk-spacing-padding-extra_large-inlineend-one{padding-inline-end:.25rem}.uitk-spacing-padding-extra_large-inlineend-two{padding-inline-end:.5rem}.uitk-spacing-padding-extra_large-inlineend-three{padding-inline-end:.75rem}.uitk-spacing-padding-extra_large-inlineend-four{padding-inline-end:1rem}.uitk-spacing-padding-extra_large-inlineend-six{padding-inline-end:1.5rem}.uitk-spacing-padding-extra_large-inlineend-eight{padding-inline-end:2rem}.uitk-spacing-padding-extra_large-inlineend-twelve{padding-inline-end:3rem}.uitk-spacing-padding-extra_large-inlineend-sixteen{padding-inline-end:4rem}.uitk-spacing-padding-extra_large-inlineend-xsmall{padding-inline-end:var(--egds-spacing-extra-small)}.uitk-spacing-padding-extra_large-inlineend-small{padding-inline-end:var(--egds-spacing-small)}.uitk-spacing-padding-extra_large-inlineend-medium{padding-inline-end:var(--egds-spacing-medium)}.uitk-spacing-padding-extra_large-inlineend-large{padding-inline-end:var(--egds-spacing-large)}.uitk-spacing-padding-extra_large-inlineend-xlarge{padding-inline-end:var(--egds-spacing-extra-large)}.uitk-spacing-padding-extra_large-inlineend-unset{padding-inline-end:unset}}.uitk-spacing-padding-small-unset-half,.uitk-spacing-padding-unset-half{padding-unset:2px}.uitk-spacing-padding-small-unset-one,.uitk-spacing-padding-unset-one{padding-unset:.25rem}.uitk-spacing-padding-small-unset-two,.uitk-spacing-padding-unset-two{padding-unset:.5rem}.uitk-spacing-padding-small-unset-three,.uitk-spacing-padding-unset-three{padding-unset:.75rem}.uitk-spacing-padding-small-unset-four,.uitk-spacing-padding-unset-four{padding-unset:1rem}.uitk-spacing-padding-small-unset-six,.uitk-spacing-padding-unset-six{padding-unset:1.5rem}.uitk-spacing-padding-small-unset-eight,.uitk-spacing-padding-unset-eight{padding-unset:2rem}.uitk-spacing-padding-small-unset-twelve,.uitk-spacing-padding-unset-twelve{padding-unset:3rem}.uitk-spacing-padding-small-unset-sixteen,.uitk-spacing-padding-unset-sixteen{padding-unset:4rem}.uitk-spacing-padding-small-unset-xsmall,.uitk-spacing-padding-unset-xsmall{padding-unset:var(--egds-spacing-extra-small)}.uitk-spacing-padding-small-unset-small,.uitk-spacing-padding-unset-small{padding-unset:var(--egds-spacing-small)}.uitk-spacing-padding-small-unset-medium,.uitk-spacing-padding-unset-medium{padding-unset:var(--egds-spacing-medium)}.uitk-spacing-padding-small-unset-large,.uitk-spacing-padding-unset-large{padding-unset:var(--egds-spacing-large)}.uitk-spacing-padding-small-unset-xlarge,.uitk-spacing-padding-unset-xlarge{padding-unset:var(--egds-spacing-extra-large)}.uitk-spacing-padding-small-unset-unset,.uitk-spacing-padding-unset-unset{padding-unset:unset}@media screen and (min-width:36rem){.uitk-spacing-padding-medium-unset-half{padding-unset:2px}.uitk-spacing-padding-medium-unset-one{padding-unset:.25rem}.uitk-spacing-padding-medium-unset-two{padding-unset:.5rem}.uitk-spacing-padding-medium-unset-three{padding-unset:.75rem}.uitk-spacing-padding-medium-unset-four{padding-unset:1rem}.uitk-spacing-padding-medium-unset-six{padding-unset:1.5rem}.uitk-spacing-padding-medium-unset-eight{padding-unset:2rem}.uitk-spacing-padding-medium-unset-twelve{padding-unset:3rem}.uitk-spacing-padding-medium-unset-sixteen{padding-unset:4rem}.uitk-spacing-padding-medium-unset-xsmall{padding-unset:var(--egds-spacing-extra-small)}.uitk-spacing-padding-medium-unset-small{padding-unset:var(--egds-spacing-small)}.uitk-spacing-padding-medium-unset-medium{padding-unset:var(--egds-spacing-medium)}.uitk-spacing-padding-medium-unset-large{padding-unset:var(--egds-spacing-large)}.uitk-spacing-padding-medium-unset-xlarge{padding-unset:var(--egds-spacing-extra-large)}.uitk-spacing-padding-medium-unset-unset{padding-unset:unset}}@media screen and (min-width:62rem){.uitk-spacing-padding-large-unset-half{padding-unset:2px}.uitk-spacing-padding-large-unset-one{padding-unset:.25rem}.uitk-spacing-padding-large-unset-two{padding-unset:.5rem}.uitk-spacing-padding-large-unset-three{padding-unset:.75rem}.uitk-spacing-padding-large-unset-four{padding-unset:1rem}.uitk-spacing-padding-large-unset-six{padding-unset:1.5rem}.uitk-spacing-padding-large-unset-eight{padding-unset:2rem}.uitk-spacing-padding-large-unset-twelve{padding-unset:3rem}.uitk-spacing-padding-large-unset-sixteen{padding-unset:4rem}.uitk-spacing-padding-large-unset-xsmall{padding-unset:var(--egds-spacing-extra-small)}.uitk-spacing-padding-large-unset-small{padding-unset:var(--egds-spacing-small)}.uitk-spacing-padding-large-unset-medium{padding-unset:var(--egds-spacing-medium)}.uitk-spacing-padding-large-unset-large{padding-unset:var(--egds-spacing-large)}.uitk-spacing-padding-large-unset-xlarge{padding-unset:var(--egds-spacing-extra-large)}.uitk-spacing-padding-large-unset-unset{padding-unset:unset}}@media screen and (min-width:75rem){.uitk-spacing-padding-extra_large-unset-half{padding-unset:2px}.uitk-spacing-padding-extra_large-unset-one{padding-unset:.25rem}.uitk-spacing-padding-extra_large-unset-two{padding-unset:.5rem}.uitk-spacing-padding-extra_large-unset-three{padding-unset:.75rem}.uitk-spacing-padding-extra_large-unset-four{padding-unset:1rem}.uitk-spacing-padding-extra_large-unset-six{padding-unset:1.5rem}.uitk-spacing-padding-extra_large-unset-eight{padding-unset:2rem}.uitk-spacing-padding-extra_large-unset-twelve{padding-unset:3rem}.uitk-spacing-padding-extra_large-unset-sixteen{padding-unset:4rem}.uitk-spacing-padding-extra_large-unset-xsmall{padding-unset:var(--egds-spacing-extra-small)}.uitk-spacing-padding-extra_large-unset-small{padding-unset:var(--egds-spacing-small)}.uitk-spacing-padding-extra_large-unset-medium{padding-unset:var(--egds-spacing-medium)}.uitk-spacing-padding-extra_large-unset-large{padding-unset:var(--egds-spacing-large)}.uitk-spacing-padding-extra_large-unset-xlarge{padding-unset:var(--egds-spacing-extra-large)}.uitk-spacing-padding-extra_large-unset-unset{padding-unset:unset}}.uitk-spacing-padding-inline-half,.uitk-spacing-padding-small-inline-half{padding-inline:2px}.uitk-spacing-padding-inline-one,.uitk-spacing-padding-small-inline-one{padding-inline:.25rem}.uitk-spacing-padding-inline-two,.uitk-spacing-padding-small-inline-two{padding-inline:.5rem}.uitk-spacing-padding-inline-three,.uitk-spacing-padding-small-inline-three{padding-inline:.75rem}.uitk-spacing-padding-inline-four,.uitk-spacing-padding-small-inline-four{padding-inline:1rem}.uitk-spacing-padding-inline-six,.uitk-spacing-padding-small-inline-six{padding-inline:1.5rem}.uitk-spacing-padding-inline-eight,.uitk-spacing-padding-small-inline-eight{padding-inline:2rem}.uitk-spacing-padding-inline-twelve,.uitk-spacing-padding-small-inline-twelve{padding-inline:3rem}.uitk-spacing-padding-inline-sixteen,.uitk-spacing-padding-small-inline-sixteen{padding-inline:4rem}.uitk-spacing-padding-inline-xsmall,.uitk-spacing-padding-small-inline-xsmall{padding-inline:var(--egds-spacing-extra-small)}.uitk-spacing-padding-inline-small,.uitk-spacing-padding-small-inline-small{padding-inline:var(--egds-spacing-small)}.uitk-spacing-padding-inline-medium,.uitk-spacing-padding-small-inline-medium{padding-inline:var(--egds-spacing-medium)}.uitk-spacing-padding-inline-large,.uitk-spacing-padding-small-inline-large{padding-inline:var(--egds-spacing-large)}.uitk-spacing-padding-inline-xlarge,.uitk-spacing-padding-small-inline-xlarge{padding-inline:var(--egds-spacing-extra-large)}.uitk-spacing-padding-inline-unset,.uitk-spacing-padding-small-inline-unset{padding-inline:unset}@media screen and (min-width:36rem){.uitk-spacing-padding-medium-inline-half{padding-inline:2px}.uitk-spacing-padding-medium-inline-one{padding-inline:.25rem}.uitk-spacing-padding-medium-inline-two{padding-inline:.5rem}.uitk-spacing-padding-medium-inline-three{padding-inline:.75rem}.uitk-spacing-padding-medium-inline-four{padding-inline:1rem}.uitk-spacing-padding-medium-inline-six{padding-inline:1.5rem}.uitk-spacing-padding-medium-inline-eight{padding-inline:2rem}.uitk-spacing-padding-medium-inline-twelve{padding-inline:3rem}.uitk-spacing-padding-medium-inline-sixteen{padding-inline:4rem}.uitk-spacing-padding-medium-inline-xsmall{padding-inline:var(--egds-spacing-extra-small)}.uitk-spacing-padding-medium-inline-small{padding-inline:var(--egds-spacing-small)}.uitk-spacing-padding-medium-inline-medium{padding-inline:var(--egds-spacing-medium)}.uitk-spacing-padding-medium-inline-large{padding-inline:var(--egds-spacing-large)}.uitk-spacing-padding-medium-inline-xlarge{padding-inline:var(--egds-spacing-extra-large)}.uitk-spacing-padding-medium-inline-unset{padding-inline:unset}}@media screen and (min-width:62rem){.uitk-spacing-padding-large-inline-half{padding-inline:2px}.uitk-spacing-padding-large-inline-one{padding-inline:.25rem}.uitk-spacing-padding-large-inline-two{padding-inline:.5rem}.uitk-spacing-padding-large-inline-three{padding-inline:.75rem}.uitk-spacing-padding-large-inline-four{padding-inline:1rem}.uitk-spacing-padding-large-inline-six{padding-inline:1.5rem}.uitk-spacing-padding-large-inline-eight{padding-inline:2rem}.uitk-spacing-padding-large-inline-twelve{padding-inline:3rem}.uitk-spacing-padding-large-inline-sixteen{padding-inline:4rem}.uitk-spacing-padding-large-inline-xsmall{padding-inline:var(--egds-spacing-extra-small)}.uitk-spacing-padding-large-inline-small{padding-inline:var(--egds-spacing-small)}.uitk-spacing-padding-large-inline-medium{padding-inline:var(--egds-spacing-medium)}.uitk-spacing-padding-large-inline-large{padding-inline:var(--egds-spacing-large)}.uitk-spacing-padding-large-inline-xlarge{padding-inline:var(--egds-spacing-extra-large)}.uitk-spacing-padding-large-inline-unset{padding-inline:unset}}@media screen and (min-width:75rem){.uitk-spacing-padding-extra_large-inline-half{padding-inline:2px}.uitk-spacing-padding-extra_large-inline-one{padding-inline:.25rem}.uitk-spacing-padding-extra_large-inline-two{padding-inline:.5rem}.uitk-spacing-padding-extra_large-inline-three{padding-inline:.75rem}.uitk-spacing-padding-extra_large-inline-four{padding-inline:1rem}.uitk-spacing-padding-extra_large-inline-six{padding-inline:1.5rem}.uitk-spacing-padding-extra_large-inline-eight{padding-inline:2rem}.uitk-spacing-padding-extra_large-inline-twelve{padding-inline:3rem}.uitk-spacing-padding-extra_large-inline-sixteen{padding-inline:4rem}.uitk-spacing-padding-extra_large-inline-xsmall{padding-inline:var(--egds-spacing-extra-small)}.uitk-spacing-padding-extra_large-inline-small{padding-inline:var(--egds-spacing-small)}.uitk-spacing-padding-extra_large-inline-medium{padding-inline:var(--egds-spacing-medium)}.uitk-spacing-padding-extra_large-inline-large{padding-inline:var(--egds-spacing-large)}.uitk-spacing-padding-extra_large-inline-xlarge{padding-inline:var(--egds-spacing-extra-large)}.uitk-spacing-padding-extra_large-inline-unset{padding-inline:unset}}.uitk-spacing-padding-block-half,.uitk-spacing-padding-small-block-half{padding-block:2px}.uitk-spacing-padding-block-one,.uitk-spacing-padding-small-block-one{padding-block:.25rem}.uitk-spacing-padding-block-two,.uitk-spacing-padding-small-block-two{padding-block:.5rem}.uitk-spacing-padding-block-three,.uitk-spacing-padding-small-block-three{padding-block:.75rem}.uitk-spacing-padding-block-four,.uitk-spacing-padding-small-block-four{padding-block:1rem}.uitk-spacing-padding-block-six,.uitk-spacing-padding-small-block-six{padding-block:1.5rem}.uitk-spacing-padding-block-eight,.uitk-spacing-padding-small-block-eight{padding-block:2rem}.uitk-spacing-padding-block-twelve,.uitk-spacing-padding-small-block-twelve{padding-block:3rem}.uitk-spacing-padding-block-sixteen,.uitk-spacing-padding-small-block-sixteen{padding-block:4rem}.uitk-spacing-padding-block-xsmall,.uitk-spacing-padding-small-block-xsmall{padding-block:var(--egds-spacing-extra-small)}.uitk-spacing-padding-block-small,.uitk-spacing-padding-small-block-small{padding-block:var(--egds-spacing-small)}.uitk-spacing-padding-block-medium,.uitk-spacing-padding-small-block-medium{padding-block:var(--egds-spacing-medium)}.uitk-spacing-padding-block-large,.uitk-spacing-padding-small-block-large{padding-block:var(--egds-spacing-large)}.uitk-spacing-padding-block-xlarge,.uitk-spacing-padding-small-block-xlarge{padding-block:var(--egds-spacing-extra-large)}.uitk-spacing-padding-block-unset,.uitk-spacing-padding-small-block-unset{padding-block:unset}@media screen and (min-width:36rem){.uitk-spacing-padding-medium-block-half{padding-block:2px}.uitk-spacing-padding-medium-block-one{padding-block:.25rem}.uitk-spacing-padding-medium-block-two{padding-block:.5rem}.uitk-spacing-padding-medium-block-three{padding-block:.75rem}.uitk-spacing-padding-medium-block-four{padding-block:1rem}.uitk-spacing-padding-medium-block-six{padding-block:1.5rem}.uitk-spacing-padding-medium-block-eight{padding-block:2rem}.uitk-spacing-padding-medium-block-twelve{padding-block:3rem}.uitk-spacing-padding-medium-block-sixteen{padding-block:4rem}.uitk-spacing-padding-medium-block-xsmall{padding-block:var(--egds-spacing-extra-small)}.uitk-spacing-padding-medium-block-small{padding-block:var(--egds-spacing-small)}.uitk-spacing-padding-medium-block-medium{padding-block:var(--egds-spacing-medium)}.uitk-spacing-padding-medium-block-large{padding-block:var(--egds-spacing-large)}.uitk-spacing-padding-medium-block-xlarge{padding-block:var(--egds-spacing-extra-large)}.uitk-spacing-padding-medium-block-unset{padding-block:unset}}@media screen and (min-width:62rem){.uitk-spacing-padding-large-block-half{padding-block:2px}.uitk-spacing-padding-large-block-one{padding-block:.25rem}.uitk-spacing-padding-large-block-two{padding-block:.5rem}.uitk-spacing-padding-large-block-three{padding-block:.75rem}.uitk-spacing-padding-large-block-four{padding-block:1rem}.uitk-spacing-padding-large-block-six{padding-block:1.5rem}.uitk-spacing-padding-large-block-eight{padding-block:2rem}.uitk-spacing-padding-large-block-twelve{padding-block:3rem}.uitk-spacing-padding-large-block-sixteen{padding-block:4rem}.uitk-spacing-padding-large-block-xsmall{padding-block:var(--egds-spacing-extra-small)}.uitk-spacing-padding-large-block-small{padding-block:var(--egds-spacing-small)}.uitk-spacing-padding-large-block-medium{padding-block:var(--egds-spacing-medium)}.uitk-spacing-padding-large-block-large{padding-block:var(--egds-spacing-large)}.uitk-spacing-padding-large-block-xlarge{padding-block:var(--egds-spacing-extra-large)}.uitk-spacing-padding-large-block-unset{padding-block:unset}}@media screen and (min-width:75rem){.uitk-spacing-padding-extra_large-block-half{padding-block:2px}.uitk-spacing-padding-extra_large-block-one{padding-block:.25rem}.uitk-spacing-padding-extra_large-block-two{padding-block:.5rem}.uitk-spacing-padding-extra_large-block-three{padding-block:.75rem}.uitk-spacing-padding-extra_large-block-four{padding-block:1rem}.uitk-spacing-padding-extra_large-block-six{padding-block:1.5rem}.uitk-spacing-padding-extra_large-block-eight{padding-block:2rem}.uitk-spacing-padding-extra_large-block-twelve{padding-block:3rem}.uitk-spacing-padding-extra_large-block-sixteen{padding-block:4rem}.uitk-spacing-padding-extra_large-block-xsmall{padding-block:var(--egds-spacing-extra-small)}.uitk-spacing-padding-extra_large-block-small{padding-block:var(--egds-spacing-small)}.uitk-spacing-padding-extra_large-block-medium{padding-block:var(--egds-spacing-medium)}.uitk-spacing-padding-extra_large-block-large{padding-block:var(--egds-spacing-large)}.uitk-spacing-padding-extra_large-block-xlarge{padding-block:var(--egds-spacing-extra-large)}.uitk-spacing-padding-extra_large-block-unset{padding-block:unset}}.uitk-spacing-border-blockstart,.uitk-spacing-border-small-blockstart{border-block-start:1px solid var(--egds-outline-variant,var(--egds-legacy-spacing-border-color))}@media screen and (min-width:36rem){.uitk-spacing-border-medium-blockstart{border-block-start:1px solid var(--egds-outline-variant,var(--egds-legacy-spacing-border-color))}}@media screen and (min-width:62rem){.uitk-spacing-border-large-blockstart{border-block-start:1px solid var(--egds-outline-variant,var(--egds-legacy-spacing-border-color))}}@media screen and (min-width:75rem){.uitk-spacing-border-extra_large-blockstart{border-block-start:1px solid var(--egds-outline-variant,var(--egds-legacy-spacing-border-color))}}.uitk-spacing-border-blockend,.uitk-spacing-border-small-blockend{border-block-end:1px solid var(--egds-outline-variant,var(--egds-legacy-spacing-border-color))}@media screen and (min-width:36rem){.uitk-spacing-border-medium-blockend{border-block-end:1px solid var(--egds-outline-variant,var(--egds-legacy-spacing-border-color))}}@media screen and (min-width:62rem){.uitk-spacing-border-large-blockend{border-block-end:1px solid var(--egds-outline-variant,var(--egds-legacy-spacing-border-color))}}@media screen and (min-width:75rem){.uitk-spacing-border-extra_large-blockend{border-block-end:1px solid var(--egds-outline-variant,var(--egds-legacy-spacing-border-color))}}.uitk-spacing-border-inlinestart,.uitk-spacing-border-small-inlinestart{border-inline-start:1px solid var(--egds-outline-variant,var(--egds-legacy-spacing-border-color))}@media screen and (min-width:36rem){.uitk-spacing-border-medium-inlinestart{border-inline-start:1px solid var(--egds-outline-variant,var(--egds-legacy-spacing-border-color))}}@media screen and (min-width:62rem){.uitk-spacing-border-large-inlinestart{border-inline-start:1px solid var(--egds-outline-variant,var(--egds-legacy-spacing-border-color))}}@media screen and (min-width:75rem){.uitk-spacing-border-extra_large-inlinestart{border-inline-start:1px solid var(--egds-outline-variant,var(--egds-legacy-spacing-border-color))}}.uitk-spacing-border-inlineend,.uitk-spacing-border-small-inlineend{border-inline-end:1px solid var(--egds-outline-variant,var(--egds-legacy-spacing-border-color))}@media screen and (min-width:36rem){.uitk-spacing-border-medium-inlineend{border-inline-end:1px solid var(--egds-outline-variant,var(--egds-legacy-spacing-border-color))}}@media screen and (min-width:62rem){.uitk-spacing-border-large-inlineend{border-inline-end:1px solid var(--egds-outline-variant,var(--egds-legacy-spacing-border-color))}}@media screen and (min-width:75rem){.uitk-spacing-border-extra_large-inlineend{border-inline-end:1px solid var(--egds-outline-variant,var(--egds-legacy-spacing-border-color))}}.uitk-spacing-border-small-unset,.uitk-spacing-border-unset{border-unset:1px solid var(--egds-outline-variant,var(--egds-legacy-spacing-border-color))}@media screen and (min-width:36rem){.uitk-spacing-border-medium-unset{border:unset}}@media screen and (min-width:62rem){.uitk-spacing-border-large-unset{border:unset}}@media screen and (min-width:75rem){.uitk-spacing-border-extra_large-unset{border:unset}}.uitk-spacing-hr{border-block-end:none;clear:both}.uitk-step-input-mounted .uitk-step-input-value{pointer-events:none}.uitk-step-input-label-section{font-size:.875rem;line-height:1.125rem}.uitk-step-input-description,.uitk-step-input-label-section{--egds-legacy-color:#191e3b;color:var(--egds-on-surface,var(--egds-legacy-color));font-weight:400}.uitk-step-input-description{display:block;font-size:.75rem;line-height:1rem;margin-block-start:2px}.uitk-step-input-value{background:transparent;color:var(--egds-on-surface,var(--egds-legacy-color));font-size:.875rem;inline-size:1.5rem;line-height:1.125rem;text-align:center;--egds-legacy-color:#191e3b}.uitk-step-input-touch-target{align-items:center;background:transparent;block-size:3rem;display:flex;inline-size:3rem;justify-content:center}.uitk-step-input-touch-target .uitk-step-input-button{--egds-legacy-background-color:#fff;--egds-legacy-border-color:#818494;align-items:center;background:var(--egds-surface-low-elevation,var(--egds-legacy-background-color));block-size:2rem;border-color:var(--egds-outline,var(--egds-legacy-border-color));border-radius:2500rem;border-style:solid;border-width:1px;display:flex;inline-size:2rem;justify-content:center}.uitk-step-input-touch-target svg.uitk-step-input-icon{--egds-legacy-fill-color:#191e3b;block-size:1rem;box-sizing:border-box;fill:var(--egds-on-surface,var(--egds-legacy-fill-color));inline-size:1rem}.uitk-step-input-touch-target:hover .uitk-step-input-button{--egds-legacy-border-color:#1668e3;background-color:var(--egds-secondary-container-variant);border-color:var(--egds-outline,var(--egds-legacy-border-color));border-width:1px}.uitk-step-input-touch-target:hover svg.uitk-step-input-icon{--egds-legacy-fill-color:#1668e3;fill:var(--egds-on-surface,var(--egds-legacy-fill-color))}.uitk-step-input-touch-target:active .uitk-step-input-button{--egds-legacy-border-color:#1668e3;background-color:var(--egds-secondary-container);border-color:var(--egds-outline,var(--egds-legacy-border-color));border-width:1px}.uitk-step-input-touch-target:active svg.uitk-step-input-icon{--egds-legacy-fill-color:#1668e3;fill:var(--egds-on-surface,var(--egds-legacy-fill-color))}.uitk-step-input-touch-target:focus .uitk-step-input-button{--egds-legacy-border-color:#1668e3;border-color:var(--egds-outline-focus,var(--egds-legacy-border-color));border-width:2px}.uitk-step-input-touch-target:focus svg.uitk-step-input-icon{--egds-legacy-fill-color:#1668e3;fill:var(--egds-on-surface,var(--egds-legacy-fill-color))}.uitk-step-input-required-asterisk{--egds-legacy-color:#a7183c;color:var(--egds-critical,var(--egds-legacy-color))}[dir=ltr] .uitk-step-input-required-asterisk{margin-inline-start:.25rem}[dir=rtl] .uitk-step-input-required-asterisk{margin-inline-end:.25rem}.uitk-sticky-fixed .uitk-sticky-inner,.uitk-sticky-hidden .uitk-sticky-inner{inset-block-start:0;position:fixed}.uitk-sticky-hidden .uitk-sticky-inner{transform:translateY(-100%);transition:transform .1s ease}.uitk-sticky-hidden.uitk-sticky-fixed .uitk-sticky-inner{transform:translateY(0)}.uitk-switch-content{grid-area:content;padding-block-start:2px;white-space:var(--egds-switch__content__white_space)}.uitk-switch-label{cursor:pointer;font-size:.875rem;line-height:1.125rem}.uitk-switch-description,.uitk-switch-label{--egds-legacy-color:#191e3b;color:var(--egds-on-surface,var(--egds-legacy-color));font-weight:400}.uitk-switch-description{font-size:.75rem;line-height:1rem;margin-block-start:2px}.uitk-switch-theme-standard{display:grid;grid-gap:.5rem;grid-template:"control content"/2.75rem 1fr}.uitk-switch-theme-standard.uitk-switch-position-trailing{grid-template:"content control"/1fr 2.75rem}.uitk-switch-theme-standard.uitk-switch-position-trailing .uitk-switch-content{margin-inline-end:.5rem;margin-inline-start:0}.uitk-switch-theme-standard .uitk-switch-control{border-style:solid;border-width:calc(.25rem - 2px);position:relative;--egds-legacy-background-color:#fff;--egds-legacy-border-color:#191e3b;background-color:var(--egds-on-surface-variant,var(--egds-legacy-background-color));block-size:1.5rem;border-color:var(--egds-on-surface-variant,var(--egds-legacy-border-color));border-radius:.75rem;grid-area:control}@media (prefers-reduced-motion:no-preference){.uitk-switch-theme-standard .uitk-switch-control:before{block-size:1rem;border:1px solid transparent;border-radius:50%;border-style:solid;border-width:calc(.25rem - 2px);content:"";display:block;inline-size:1rem;inset-block-start:2px;inset-inline-start:2px;opacity:1;position:relative;transition-duration:.3s;transition-property:transform,opacity;transition-timing-function:cubic-bezier(.38,.33,.02,1.01)}}.uitk-switch-theme-standard .uitk-switch-control-handle{--egds-legacy-background-color:#4d5167;background-color:var(--egds-surface,var(--egds-legacy-background-color));block-size:1rem;border-radius:50%;display:flex;inline-size:1rem;inset-block-start:2px;inset-inline-start:2px;padding:2px;pointer-events:none;position:absolute}.uitk-switch-theme-standard .uitk-switch-control-handle svg{--egds-legacy-fill-color:#fff;--egds-icons__size__block:100%;--egds-icons__theme:var(--egds-on-surface,var(--egds-legacy-fill-color));--egds-icons__size__inline:100%;--egds-icons__size__min_inline:0;z-index:100}.uitk-switch-theme-standard .uitk-switch-error{--egds-legacy-color:#a7183c;color:var(--egds-critical,var(--egds-legacy-color));font-size:.75rem;line-height:1rem}.uitk-switch-theme-standard .uitk-switch-group .content-toggle-main-inactive{max-block-size:7.5rem}.uitk-switch-theme-standard .uitk-switch-input,.uitk-switch-theme-standard .uitk-switch-input:disabled{block-size:1.5rem;grid-area:control;inline-size:100%;opacity:0;z-index:100}.uitk-switch-theme-standard .uitk-switch-input:checked+.uitk-switch-control,.uitk-switch-theme-standard .uitk-switch-input:disabled:checked+.uitk-switch-control{--egds-legacy-background-color:#ecf4fd;--egds-legacy-border-color:#0e3672;background-color:var(--egds-secondary,var(--egds-legacy-background-color));border-color:var(--egds-secondary,var(--egds-legacy-border-color))}.uitk-switch-theme-standard .uitk-switch-input:checked+.uitk-switch-control:before,.uitk-switch-theme-standard .uitk-switch-input:disabled:checked+.uitk-switch-control:before{inset-block-start:0;inset-inline-start:1.5rem;opacity:0;position:absolute;transform:scale(2.5);transform-origin:50%}.uitk-switch-theme-standard .uitk-switch-input:checked+.uitk-switch-control .uitk-switch-control-handle,.uitk-switch-theme-standard .uitk-switch-input:checked+.uitk-switch-control:before,.uitk-switch-theme-standard .uitk-switch-input:disabled:checked+.uitk-switch-control .uitk-switch-control-handle,.uitk-switch-theme-standard .uitk-switch-input:disabled:checked+.uitk-switch-control:before{--egds-legacy-border-color:#0e3672;border-color:var(--egds-secondary,var(--egds-legacy-border-color))}.uitk-switch-theme-standard .uitk-switch-input:checked+.uitk-switch-control .uitk-switch-control-handle,.uitk-switch-theme-standard .uitk-switch-input:disabled:checked+.uitk-switch-control .uitk-switch-control-handle{inset-inline-start:calc(100% - 1rem - 2px);--egds-legacy-background-color:#0e3672;background-color:var(--egds-surface,var(--egds-legacy-background-color))}.uitk-switch-theme-standard .uitk-switch-input:checked+.uitk-switch-control svg,.uitk-switch-theme-standard .uitk-switch-input:disabled:checked+.uitk-switch-control svg{--egds-legacy-fill-color:#fff;--egds-icons__theme:var(--egds-secondary,var(--egds-legacy-fill-color))}.uitk-switch-theme-standard .uitk-switch-input:disabled:focus+.uitk-switch-control .uitk-switch-control-handle,.uitk-switch-theme-standard .uitk-switch-input:focus+.uitk-switch-control .uitk-switch-control-handle{--egds-legacy-border-color:#191e3b;box-shadow:0 0 0 .25rem var(--egds-on-surface-variant,var(--egds-legacy-border-color));pointer-events:none}.uitk-switch-theme-standard .uitk-switch-input:checked:focus+.uitk-switch-control .uitk-switch-control-handle,.uitk-switch-theme-standard .uitk-switch-input:disabled:checked:focus+.uitk-switch-control .uitk-switch-control-handle{--egds-legacy-border-color:#0e3672;box-shadow:0 0 0 .25rem var(--egds-outline-focus,var(--egds-legacy-border-color))}.uitk-switch-theme-always-light{display:grid;grid-gap:.5rem;grid-template:"control content"/2.75rem 1fr}.uitk-switch-theme-always-light.uitk-switch-position-trailing{grid-template:"content control"/1fr 2.75rem}.uitk-switch-theme-always-light.uitk-switch-position-trailing .uitk-switch-content{margin-inline-end:.5rem;margin-inline-start:0}.uitk-switch-theme-always-light .uitk-switch-content{grid-area:content;padding-block-start:2px}.uitk-switch-theme-always-light .uitk-switch-label{--egds-legacy-color:#fff;color:var(--egds-on-surface,var(--egds-legacy-color));cursor:pointer;font-size:.875rem;font-weight:400;line-height:1.125rem}.uitk-switch-theme-always-light .uitk-switch-description{--egds-legacy-color:#fff;color:var(--egds-on-surface,var(--egds-legacy-color));font-size:.75rem;font-weight:400;line-height:1rem;margin-block-start:2px}.uitk-switch-theme-always-light .uitk-switch-control{border-style:solid;border-width:calc(.25rem - 2px);position:relative;--egds-legacy-background-color:hsla(0,0%,100%,0);--egds-legacy-border-color:#fff;background:var(--egds-surface,var(--egds-legacy-background-color));block-size:1.5rem;border-color:var(--egds-outline,var(--egds-legacy-border-color));border-radius:.75rem;grid-area:control}@media (prefers-reduced-motion:no-preference){.uitk-switch-theme-always-light .uitk-switch-control:before{block-size:1rem;border:1px solid transparent;border-radius:50%;border-style:solid;border-width:calc(.25rem - 2px);content:"";display:block;inline-size:1rem;inset-block-start:2px;inset-inline-start:2px;opacity:1;position:relative;transition-duration:.3s;transition-property:transform,opacity;transition-timing-function:cubic-bezier(.38,.33,.02,1.01)}}.uitk-switch-theme-always-light .uitk-switch-control-handle{--egds-legacy-background-color:#fff;background-color:var(--egds-on-surface,var(--egds-legacy-background-color));block-size:1rem;border-radius:50%;display:flex;inline-size:1rem;inset-block-start:2px;inset-inline-start:2px;padding:2px;pointer-events:none;position:absolute}.uitk-switch-theme-always-light .uitk-switch-control-handle svg{--egds-legacy-fill-color:var(----switch__light__handle__unselected__icon__fill_color);--egds-icons__size__block:100%;--egds-icons__theme:var(--egds-surface,var(--egds-legacy-fill-color));--egds-icons__size__inline:100%;--egds-icons__size__min_inline:0;z-index:100}.uitk-switch-theme-always-light .uitk-switch-error{--egds-legacy-color:#a7183c;color:var(--egds-critical,var(--egds-legacy-color));font-size:.75rem;line-height:1rem}.uitk-switch-theme-always-light .uitk-switch-group .content-toggle-main-inactive{max-block-size:7.5rem}.uitk-switch-theme-always-light .uitk-switch-input,.uitk-switch-theme-always-light .uitk-switch-input:disabled{block-size:1.5rem;grid-area:control;inline-size:100%;opacity:0;z-index:100}.uitk-switch-theme-always-light .uitk-switch-input:checked+.uitk-switch-control,.uitk-switch-theme-always-light .uitk-switch-input:disabled:checked+.uitk-switch-control{--egds-legacy-background-color:#fff;--egds-legacy-border-color:#fff;background-color:var(--egds-secondary,var(--egds-legacy-background-color));border-color:var(--egds-secondary,var(--egds-legacy-border-color))}.uitk-switch-theme-always-light .uitk-switch-input:checked+.uitk-switch-control:before,.uitk-switch-theme-always-light .uitk-switch-input:disabled:checked+.uitk-switch-control:before{inset-block-start:0;inset-inline-start:1.5rem;opacity:0;position:absolute;transform:scale(2.5);transform-origin:50%}.uitk-switch-theme-always-light .uitk-switch-input:checked+.uitk-switch-control .uitk-switch-control-handle,.uitk-switch-theme-always-light .uitk-switch-input:checked+.uitk-switch-control:before,.uitk-switch-theme-always-light .uitk-switch-input:disabled:checked+.uitk-switch-control .uitk-switch-control-handle,.uitk-switch-theme-always-light .uitk-switch-input:disabled:checked+.uitk-switch-control:before{--egds-legacy-border-color:#fff;border-color:var(--egds-secondary,var(--egds-legacy-border-color))}.uitk-switch-theme-always-light .uitk-switch-input:checked+.uitk-switch-control .uitk-switch-control-handle,.uitk-switch-theme-always-light .uitk-switch-input:disabled:checked+.uitk-switch-control .uitk-switch-control-handle{inset-inline-start:calc(100% - 1rem - 2px);--egds-legacy-background-color:#0c0e1c;background-color:var(--egds-surface,var(--egds-legacy-background-color))}.uitk-switch-theme-always-light .uitk-switch-input:checked+.uitk-switch-control .svg,.uitk-switch-theme-always-light .uitk-switch-input:disabled:checked+.uitk-switch-control .svg{--egds-legacy-fill-color:var(----switch__light__handle__selected__icon__fill_color);--egds-icons__theme:var(--egds-secondary,var(--egds-legacy-fill-color))}.uitk-switch-theme-always-light .uitk-switch-input:disabled:focus+.uitk-switch-control .uitk-switch-control-handle,.uitk-switch-theme-always-light .uitk-switch-input:focus+.uitk-switch-control .uitk-switch-control-handle{--egds-legacy-border-color:#fff;box-shadow:0 0 0 2px var(--egds-on-surface,var(--egds-legacy-border-color));pointer-events:none}.uitk-switch-theme-always-light .uitk-switch-input:checked:focus+.uitk-switch-control .uitk-switch-control-handle,.uitk-switch-theme-always-light .uitk-switch-input:disabled:checked:focus+.uitk-switch-control .uitk-switch-control-handle{--egds-legacy-border-color:#0c0e1c;box-shadow:0 0 0 2px var(--egds-surface,var(--egds-legacy-border-color))}.uitk-switch-label.is-required .uitk-switch-required-asterisk{--egds-legacy-color:#a7183c;color:var(--egds-critical,var(--egds-legacy-color))}.uitk-favorite-switch{block-size:3rem;inline-size:3rem;position:var(--egds-favorite-switch__position,relative);z-index:var(--egds-favorite-switch__z_index,200)}.uitk-favorite-switch-input{-webkit-appearance:none;appearance:none}.uitk-favorite-switch.is-disabled .uitk-favorite-switch-control{cursor:not-allowed}.uitk-favorite-switch-control{block-size:100%;cursor:pointer;display:block;position:relative}.uitk-favorite-switch-control:before{--egds-legacy-background-color:#fff;background-color:var(--egds-surface-low-elevation,var(--egds-legacy-background-color));content:" ";display:block}.uitk-favorite-switch-control:before,.uitk-favorite-switch-input{block-size:2rem;border-radius:2500rem;inline-size:2rem;margin-block-start:-1rem;margin-inline-start:-1rem}.uitk-favorite-switch-border,.uitk-favorite-switch-control:before,.uitk-favorite-switch-fill,.uitk-favorite-switch-input{inset-block-start:50%;inset-inline-start:50%;position:absolute}.uitk-favorite-switch-border,.uitk-favorite-switch-fill{block-size:1.5rem;inline-size:1.5rem;margin-block-start:-.75rem;margin-inline-start:-.75rem}.uitk-favorite-switch-border{--egds-legacy-fill-color:#191e3b;fill:var(--egds-on-surface,var(--egds-legacy-fill-color))}.uitk-favorite-switch-fill{fill:transparent}.uitk-favorite-switch-input-is-checked .uitk-favorite-switch-border,.uitk-favorite-switch-input-is-checked .uitk-favorite-switch-fill{--egds-legacy-fill-color:#e61e43;fill:var(--egds-critical,var(--egds-legacy-fill-color))}@media (any-pointer:fine){.uitk-favorite-switch:hover{cursor:pointer}.uitk-favorite-switch:active:not(.is-disabled) .uitk-favorite-switch-border,.uitk-favorite-switch:active:not(.is-disabled) .uitk-favorite-switch-input-is-checked .uitk-favorite-switch-border,.uitk-favorite-switch:active:not(.is-disabled) .uitk-favorite-switch-input-is-checked .uitk-favorite-switch-fill,.uitk-favorite-switch:hover:not(.is-disabled) .uitk-favorite-switch-border,.uitk-favorite-switch:hover:not(.is-disabled) .uitk-favorite-switch-input-is-checked .uitk-favorite-switch-border,.uitk-favorite-switch:hover:not(.is-disabled) .uitk-favorite-switch-input-is-checked .uitk-favorite-switch-fill{--egds-legacy-fill-color:#e61e43;fill:var(--egds-on-critical-container,var(--egds-legacy-fill-color))}}.uitk-table{--egds-legacy-color:#191e3b;border-collapse:collapse;border-spacing:0;color:var(--egds-on-surface,var(--egds-legacy-color));min-block-size:100%;min-inline-size:100%;table-layout:fixed}.uitk-table-fixed-width-columns{inline-size:100%;min-inline-size:unset;white-space:normal}.uitk-table-has-background{--egds-legacy-background-color:#fff;background-color:var(--egds-surface,var(--table__background_color))}.uitk-table-col-inlinesize-equal{inline-size:100%}.uitk-table-striped-even .uitk-table-row:nth-child(2n) td.uitk-table-cell,.uitk-table-striped-odd .uitk-table-row:nth-child(odd) td.uitk-table-cell{--egds-legacy-background-color:#fbf8f1;background-color:var(--egds-surface-container-variant,var(--table__background_color))}.uitk-table-border{--egds-legacy-border-color:#dfe0e4;border-block:1px solid var(--egds-outline-variant,var(--egds-legacy-border-color));border-inline:1px solid var(--egds-outline-variant,var(--egds-legacy-border-color))}.uitk-table-rounded{border-collapse:separate;border-radius:.5rem}.uitk-table-rounded .uitk-table-row:first-child .uitk-table-cell-header:first-child{border-start-start-radius:.5rem}.uitk-table-rounded .uitk-table-row:first-child .uitk-table-cell-header:last-child{border-start-end-radius:.5rem}.uitk-table-rounded .uitk-table-row:last-child>:first-child:not(.uitk-table-cell-header){border-end-start-radius:.5rem}.uitk-table-rounded .uitk-table-row:last-child>:last-child:not(.uitk-table-cell-header){border-end-end-radius:.5rem}.uitk-table-head-frozen th{inset-block-start:0;position:sticky;z-index:10}.uitk-table-head-frozen-gradient th:before{background:linear-gradient(rgba(0,0,0,.1),transparent);block-size:3.5px;content:"";inset-block-end:-3.5px;inset-inline:0 0;position:absolute}.uitk-table-head-frozen-border th:after{--egds-legacy-border-color:#dfe0e4;border-block-end:1px solid var(--egds-outline-variant,var(--egds-legacy-border-color));content:"";inset-block-end:0;inset-inline:0 0;position:absolute}.uitk-table-head-frozen th:first-child{z-index:100}.uitk-table-body-frozen tr:first-child td,.uitk-table-body-frozen tr:first-child th{inset-block-start:0;position:sticky;z-index:10}.uitk-table-body-frozen tr:first-child td:before,.uitk-table-body-frozen tr:first-child th:before{background:linear-gradient(rgba(0,0,0,.1),transparent);block-size:3.5px;content:"";inset-block-end:-3.5px;inset-inline:0 0;position:absolute}.uitk-table-body-frozen tr:first-child td:first-child,.uitk-table-body-frozen tr:first-child th:first-child{z-index:100}.uitk-table-row.uitk-table-row-selected .uitk-table-cell{--egds-legacy-background-color:#ecf4fd;background-color:var(--egds-secondary-container-variant,var(--egds-legacy-background-color))}.uitk-table-row-has-expansion-trigger+.uitk-table-row .uitk-table-row-expansion-content{max-block-size:0;overflow:hidden;transition:max-block-size .4s ease}.uitk-table-row-has-expansion-trigger+.uitk-table-row .uitk-table-cell-expandable{padding-block:0;transition:padding .4s ease}.uitk-table-row-has-expansion-trigger-active+.uitk-table-row .uitk-table-row-expansion-content{max-block-size:62.5rem;overflow:auto;transition:max-block-size .5s ease-out}.uitk-table-row-has-expansion-trigger-active+.uitk-table-row .uitk-table-cell-expandable{padding-block:.75rem}.uitk-table-relative-container{position:relative}.uitk-table-container-overflow-inline-scroll{overflow-x:auto}.uitk-table-container-scroll-middle:not(.uitk-table-container-trailing-frozen-column):after,.uitk-table-container-scroll-start:not(.uitk-table-container-trailing-frozen-column):before{background:linear-gradient(90deg,transparent,rgba(0,0,0,.1));content:"";inline-size:3.5px;inset-block:0 0;inset-inline-end:0;position:absolute;z-index:101}.uitk-table-container-scroll-end:not(.uitk-table-container-leading-frozen-column):before,.uitk-table-container-scroll-middle:not(.uitk-table-container-leading-frozen-column):before{background:linear-gradient(90deg,rgba(0,0,0,.1),transparent);content:"";inline-size:3.5px;inset-block:0 0;position:absolute;z-index:101}.uitk-table-caption{--egds-legacy-background-color:#fff;background-color:var(--egds-surface,var(--table__background_color));font-size:1rem;line-height:1.25rem;padding-block:1rem;padding-inline:1rem;text-align:start}.uitk-table-border-column .uitk-table-caption,.uitk-table-border-row .uitk-table-caption{--egds-legacy-border-color:#dfe0e4;border-block-end:1px solid var(--egds-outline-variant,var(--egds-legacy-border-color))}.uitk-table-cell{--egds-legacy-background-color:#fff;--egds-legacy-color:#191e3b;background-color:var(--egds-surface,var(--egds-legacy-background-color));color:var(--egds-on-surface,var(--egds-legacy-color));font-size:.875rem;font-weight:400;line-height:1.125rem;min-inline-size:4.5rem;padding-block:.75rem;padding-inline:.75rem}.uitk-table-cell-frozen-leading{inset-inline-start:0;position:sticky}.uitk-table-cell-frozen-leading-gradient:before{background:linear-gradient(90deg,rgba(0,0,0,.1),transparent);content:"";inline-size:3.5px;inset-block:0 0;inset-inline-end:-3.5px;position:absolute}.uitk-table-cell-frozen-leading-border:after{--egds-legacy-border-color:#dfe0e4;border-inline-end:1px solid var(--egds-outline-variant,var(--egds-legacy-border-color));content:"";inset-block:0 0;inset-inline-end:0;position:absolute}.uitk-table-cell-frozen-trailing{inset-inline-end:0;position:sticky}.uitk-table-cell-frozen-trailing-gradient:before{background:linear-gradient(90deg,transparent,rgba(0,0,0,.1));content:"";inline-size:3.5px;inset-block:0 0;inset-inline-start:-3.5px;position:absolute}.uitk-table-cell-frozen-trailing-border:after{--egds-legacy-border-color:#dfe0e4;border-inline-start:1px solid var(--egds-outline-variant,var(--egds-legacy-border-color));content:"";inset-block:0 0;inset-inline-start:0;position:absolute}@supports not (inset-inline-start:0){[dir=ltr] .uitk-table-cell-frozen-leading,[dir=rtl] .uitk-table-cell-frozen-trailing{left:0}[dir=ltr] .uitk-table-cell-frozen-trailing,[dir=rtl] .uitk-table-cell-frozen-leading{right:0}}.uitk-table-cell-striped{--egds-legacy-background-color:#fbf8f1;background-color:var(--egds-surface-container-variant,var(--table__background_color))}.uitk-table-cell-highlight{background-color:#fefaec;color:#191e3b}.uitk-table-cell-highlight-alternate{background-color:#fcf2c5;color:#191e3b}.uitk-table-cell-fixed-width-column{white-space:normal;word-break:break-word}.uitk-table-cell-expansion{min-inline-size:unset}.uitk-table-cell-expansion .uitk-table-expando-trigger-icon{--egds-legacy-fill-color:#191e3b;block-size:1.5rem;fill:var(--egds-on-surface,var(--egds-legacy-fill-color));inline-size:1.5rem;min-inline-size:1.5rem;transform:rotate(0deg);transition:all .3s}html[dir=ltr] .uitk-table-cell-expansion .uitk-table-expando-trigger-icon-active{transform:rotate(-180deg)}html[dir=rtl] .uitk-table-cell-expansion .uitk-table-expando-trigger-icon-active{transform:rotate(180deg)}.uitk-table-cell.uitk-table-cell-action{min-inline-size:unset}.uitk-table-cell-border-horizontal{--egds-legacy-border-color:#dfe0e4;border-block-end:1px solid var(--egds-outline-variant,var(--egds-legacy-border-color))}.uitk-table-cell-border-vertical{--egds-legacy-border-color:#dfe0e4;border-inline-end:1px solid var(--egds-outline-variant,var(--egds-legacy-border-color))}.uitk-table-cell-align-leading{text-align:left}.uitk-table-cell-align-center{text-align:center}.uitk-table-cell-align-trailing{text-align:right}.uitk-table-cell-align-top{vertical-align:top}.uitk-table-cell-align-middle{vertical-align:middle}.uitk-table-cell-align-bottom{vertical-align:bottom}.uitk-table-cell-header{font-size:.875rem;font-weight:700;line-height:1.125rem;max-inline-size:100%;white-space:normal}.uitk-table-cell-header,.uitk-table-cell-header-sorting{--egds-legacy-color:#191e3b;color:var(--egds-on-surface,var(--egds-legacy-color))}.uitk-table-cell-header-sorting{--egds-legacy-fill-color:#676a7d;--egds-icons__theme:var(--egds-secondary,var(--egds-legacy-fill-color))}.uitk-table-cell-header-sorting-ascending:hover,.uitk-table-cell-header-sorting-descending:hover{--egds-legacy-color:#1668e3;--egds-legacy-fill-color:#1668e3;--egds-icons__theme:var(--egds-secondary,var(--egds-legacy-fill-color));color:var(--egds-secondary,var(--egds-legacy-color))}.uitk-table-cell-header-sorting-ascending:hover .uitk-table-cell-icon,.uitk-table-cell-header-sorting-descending:hover .uitk-table-cell-icon{display:none}.uitk-table-cell-header-sorting-ascending:hover .uitk-table-cell-icon-hidden,.uitk-table-cell-header-sorting-descending:hover .uitk-table-cell-icon-hidden{display:inline-flex}.uitk-table-cell-header-sorting-ascending,.uitk-table-cell-header-sorting-descending{--egds-legacy-color:#191e3b;--egds-legacy-fill-color:#191e3b;--egds-icons__theme:var(--egds-secondary,var(--egds-legacy-fill-color));color:var(--egds-secondary,var(--egds-legacy-color))}.uitk-table-cell-header-sorting-ascending .uitk-table-cell-icon-hidden,.uitk-table-cell-header-sorting-descending .uitk-table-cell-icon-hidden{display:none}.uitk-table-cell-header-sorting-ascending:active,.uitk-table-cell-header-sorting-descending:active{--egds-legacy-color:#191e3b;--egds-legacy-fill-color:#191e3b;--egds-icons__theme:var(--egds-secondary,var(--egds-legacy-fill-color));color:var(--egds-secondary,var(--egds-legacy-color))}.uitk-table-cell-header-sorting .uitk-table-cell-icon-hidden{display:none}.uitk-table-cell-padding-zero{padding-block:0;padding-inline:0}.uitk-table-cell-padding-graphic{padding-block:.5rem;padding-inline:.75rem;text-align:-webkit-center;text-align:-moz-center}.uitk-table-cell-verticalalign-baseline{vertical-align:baseline}.uitk-table-cell-verticalalign-sub{vertical-align:sub}.uitk-table-cell-verticalalign-super{vertical-align:super}.uitk-table-cell-verticalalign-text-top{vertical-align:text-top}.uitk-table-cell-verticalalign-text-bottom{vertical-align:text-bottom}.uitk-table-cell-verticalalign-middle{vertical-align:middle}.uitk-table-cell-verticalalign-top{vertical-align:top}.uitk-table-cell-verticalalign-bottom{vertical-align:bottom}.uitk-table-cell-textalign-left{text-align:start}.uitk-table-cell-textalign-right{text-align:end}.uitk-table-cell-textalign-center{text-align:center}.uitk-table-cell-textalign-justify{text-align:justify}.uitk-table-cell-textalign-justify-all{text-align:justify-all}.uitk-table-cell-textalign-start{text-align:start}.uitk-table-cell-textalign-match-parent{text-align:match-parent}.uitk-table-cell-border{--egds-legacy-border-color:#dfe0e4}.uitk-table-cell-border-row{border-block-end:1px solid var(--egds-outline-variant,var(--egds-legacy-border-color))}.uitk-table-cell-border-column{border-inline-end:1px solid var(--egds-outline-variant,var(--egds-legacy-border-color))}.uitk-table-cell-border-full{border-block:1px solid var(--egds-outline-variant,var(--egds-legacy-border-color))}.uitk-table-cell-border-internal{border-block-start:1px solid var(--egds-outline-variant,var(--egds-legacy-border-color))}.uitk-table-cell-border-internal+.uitk-table-cell-border-internal{border-inline-start:1px solid var(--egds-outline-variant,var(--egds-legacy-border-color))}.uitk-table-col-size-10-percent{inline-size:10%}.uitk-table-col-size-20-percent{inline-size:20%}.uitk-table-col-size-30-percent{inline-size:30%}.uitk-table-col-size-40-percent{inline-size:40%}.uitk-table-col-size-50-percent{inline-size:50%}.uitk-table-col-size-60-percent{inline-size:60%}.uitk-table-col-size-70-percent{inline-size:70%}.uitk-table-col-size-80-percent{inline-size:80%}.uitk-table-col-size-90-percent{inline-size:90%}.uitk-table-col-size-100-percent{inline-size:100%}.uitk-table-caption-start{text-align:start}.uitk-table-cell-textalign-end{text-align:end}.uitk-table-cell-border-column,.uitk-table-cell-border-internal+.uitk-table-cell-border-internal{border-inline-end:1px solid var(--egds-outline-variant,var(--egds-legacy-border-color));--egds-legacy-border-color:#dfe0e4;border-inline-start:1px solid var(--egds-outline-variant,var(--egds-legacy-border-color))}.uitk-table-header-button{background:none;color:inherit;font:inherit}.uitk-table .uitk-table-row-menu{position:sticky;z-index:1}.uitk-tabs{--egds-legacy-background-color:#fff;background-color:var(--egds-surface,var(--egds-legacy-background-color));display:flex;list-style:none;min-block-size:2.75rem;position:relative}.uitk-tabs-with-border{--egds-legacy-border-color:#dfe0e4;box-shadow:0 1px 0 0 var(--egds-outline-variant,var(--egds-legacy-border-color))}.uitk-tabs-container{position:relative}.uitk-tabs-equal-width{column-gap:.75rem;padding-block:0;padding-inline:.75rem}.uitk-tabs-equal-width .uitk-tab{flex:1}.uitk-tabs-equal-width .uitk-tab-anchor,.uitk-tabs-natural{padding-block:0;padding-inline:.75rem}.uitk-tabs-natural{block-size:2.75rem;column-gap:1.5rem;-webkit-overflow-scrolling:touch;-ms-overflow-style:none;overflow-x:scroll;overflow-y:hidden;scrollbar-width:none;white-space:nowrap}.uitk-tabs-natural-center-align{justify-content:center}.uitk-tabs-natural .uitk-tab-anchor{outline-offset:-1px;padding-block:0;padding-inline:0}.uitk-tabs-natural::-webkit-scrollbar{block-size:0;display:none;inline-size:0}.uitk-tabs-unmounted .uitk-tab-anchor-selected{--egds-legacy-border-color:#e61e43;box-shadow:inset 0 -2px 0 var(--egds-secondary,var(--egds-legacy-border-color))}.background-secondary{--egds-legacy-background-color:#fbf8f1;background:var(--egds-surface-container-variant,var(--egds-legacy-background-color))}.uitk-tab{cursor:pointer;text-align:center}.uitk-tab-highlighter{--egds-legacy-background-color:#e61e43;background-color:var(--egds-secondary,var(--egds-legacy-background-color));block-size:2px;inset-block-end:0;inset-inline-start:0;position:absolute;transform:scaleY(1);transform-origin:center bottom;transition:transform 275ms ease,inline-size 275ms ease,inset-inline-start 275ms ease,inset-block-start 275ms ease}.uitk-tab-text{--egds-legacy-color:#191e3b;color:var(--egds-on-surface,var(--egds-legacy-color));font-size:.875rem;font-weight:500;line-height:1.125rem}.uitk-tab-anchor{block-size:100%;display:flex;flex-direction:column;justify-content:center;text-decoration:none}.uitk-tab-anchor:hover{--egds-legacy-border-color:#191e3b;--egds-legacy-color:#191e3b;box-shadow:inset 0 -2px 0 0 var(--egds-on-surface,var(--egds-legacy-border-color));color:var(--egds-on-surface,var(--egds-legacy-color));text-decoration:none;transition:box-shadow 275ms ease}.uitk-tab-anchor:hover .uitk-tab-text{color:inherit}.uitk-tab-anchor:active{--egds-legacy-border-color:#191e3b;box-shadow:inset 0 -4px 0 0 var(--egds-on-surface,var(--egds-legacy-border-color));transition:box-shadow 275ms ease}.uitk-tab-anchor-selected,.uitk-tab-anchor-selected:hover{--egds-legacy-color:#e61e43;box-shadow:none;color:var(--egds-secondary,var(--egds-legacy-color))}.uitk-tab-anchor-selected .uitk-tab-text,.uitk-tab-anchor-selected:hover .uitk-tab-text{color:inherit}.uitk-tab-anchor-disabled{opacity:.36}.uitk-tabs-content{padding-block-start:.75rem}.uitk-tabs-content .uitk-tabs-pane{display:none}.uitk-tabs-content .active{display:block}.uitk-type-style-display-small{--egds-type-style-font-size:var(--egds-type-style-display-small-font-size);--egds-link__font-size:var(--egds-type-style-display-small-font-size);--egds-type-style-line-height:var(--egds-type-style-display-small-line-height);--egds-link__line-height:var(--egds-type-style-display-small-line-height);--egds-type-style-letter-spacing:var(--egds-type-style-display-small-font-tracking);--egds-type-style-font-weight:var(--egds-type-style-display-font-weight);--egds-link__font-weight:var(--egds-type-style-display-font-weight);--egds-type-style-font-family:var(--egds-type-style-display-font-name)}.uitk-type-style-display-medium{--egds-type-style-font-size:var(--egds-type-style-display-medium-font-size);--egds-link__font-size:var(--egds-type-style-display-medium-font-size);--egds-type-style-line-height:var(--egds-type-style-display-medium-line-height);--egds-link__line-height:var(--egds-type-style-display-medium-line-height);--egds-type-style-letter-spacing:var(--egds-type-style-display-medium-font-tracking);--egds-type-style-font-weight:var(--egds-type-style-display-font-weight);--egds-link__font-weight:var(--egds-type-style-display-font-weight);--egds-type-style-font-family:var(--egds-type-style-display-font-name)}.uitk-type-style-headline-small{--egds-type-style-font-size:var(--egds-type-style-headline-small-font-size);--egds-link__font-size:var(--egds-type-style-headline-small-font-size);--egds-type-style-line-height:var(--egds-type-style-headline-small-line-height);--egds-link__line-height:var(--egds-type-style-headline-small-line-height);--egds-type-style-letter-spacing:var(--egds-type-style-headline-small-font-tracking);--egds-type-style-font-weight:var(--egds-type-style-headline-font-weight);--egds-link__font-weight:var(--egds-type-style-headline-font-weight);--egds-type-style-font-family:var(--egds-type-style-headline-font-name)}.uitk-type-style-headline-medium{--egds-type-style-font-size:var(--egds-type-style-headline-medium-font-size);--egds-link__font-size:var(--egds-type-style-headline-medium-font-size);--egds-type-style-line-height:var(--egds-type-style-headline-medium-line-height);--egds-link__line-height:var(--egds-type-style-headline-medium-line-height);--egds-type-style-letter-spacing:var(--egds-type-style-headline-medium-font-tracking);--egds-type-style-font-weight:var(--egds-type-style-headline-font-weight);--egds-link__font-weight:var(--egds-type-style-headline-font-weight);--egds-type-style-font-family:var(--egds-type-style-headline-font-name)}.uitk-type-style-headline-large{--egds-type-style-font-size:var(--egds-type-style-headline-large-font-size);--egds-link__font-size:var(--egds-type-style-headline-large-font-size);--egds-type-style-line-height:var(--egds-type-style-headline-large-line-height);--egds-link__line-height:var(--egds-type-style-headline-large-line-height);--egds-type-style-letter-spacing:var(--egds-type-style-headline-large-font-tracking);--egds-type-style-font-weight:var(--egds-type-style-headline-font-weight);--egds-link__font-weight:var(--egds-type-style-headline-font-weight);--egds-type-style-font-family:var(--egds-type-style-headline-font-name)}.uitk-type-style-headline-extra-large{--egds-type-style-font-size:var(--egds-type-style-headline-extra-large-font-size);--egds-link__font-size:var(--egds-type-style-headline-extra-large-font-size);--egds-type-style-line-height:var(--egds-type-style-headline-extra-large-line-height);--egds-link__line-height:var(--egds-type-style-headline-extra-large-line-height);--egds-type-style-letter-spacing:var(--egds-type-style-headline-extra-large-font-tracking);--egds-type-style-font-weight:var(--egds-type-style-headline-font-weight);--egds-link__font-weight:var(--egds-type-style-headline-font-weight);--egds-type-style-font-family:var(--egds-type-style-headline-font-name)}.uitk-type-style-headline-overline{--egds-type-style-font-size:var(--egds-type-style-headline-overline-font-size);--egds-link__font-size:var(--egds-type-style-headline-overline-font-size);--egds-type-style-line-height:var(--egds-type-style-headline-overline-line-height);--egds-link__line-height:var(--egds-type-style-headline-overline-line-height);--egds-type-style-letter-spacing:var(--egds-type-style-headline-overline-font-tracking);--egds-type-style-font-weight:var(--egds-type-style-headline-font-weight);--egds-link__font-weight:var(--egds-type-style-headline-font-weight);--egds-type-style-font-family:var(--egds-type-style-headline-font-name);--egds-type-style-text-transform:uppercase}.uitk-type-style-text-small{--egds-type-style-font-size:var(--egds-type-style-text-small-font-size);--egds-link__font-size:var(--egds-type-style-text-small-font-size);--egds-type-style-line-height:var(--egds-type-style-text-small-line-height);--egds-link__line-height:var(--egds-type-style-text-small-line-height);--egds-type-style-letter-spacing:var(--egds-type-style-text-small-font-tracking);--egds-type-style-font-weight:var(--egds-type-style-text-font-weight);--egds-link__font-weight:var(--egds-type-style-text-font-weight);--egds-type-style-font-family:var(--egds-type-style-text-font-name)}.uitk-type-style-text-medium{--egds-type-style-font-size:var(--egds-type-style-text-medium-font-size);--egds-link__font-size:var(--egds-type-style-text-medium-font-size);--egds-type-style-line-height:var(--egds-type-style-text-medium-line-height);--egds-link__line-height:var(--egds-type-style-text-medium-line-height);--egds-type-style-letter-spacing:var(--egds-type-style-text-medium-font-tracking);--egds-type-style-font-weight:var(--egds-type-style-text-font-weight);--egds-link__font-weight:var(--egds-type-style-text-font-weight);--egds-type-style-font-family:var(--egds-type-style-text-font-name)}.uitk-type-style-text-large{--egds-type-style-font-size:var(--egds-type-style-text-large-font-size);--egds-link__font-size:var(--egds-type-style-text-large-font-size);--egds-type-style-line-height:var(--egds-type-style-text-large-line-height);--egds-link__line-height:var(--egds-type-style-text-large-line-height);--egds-type-style-letter-spacing:var(--egds-type-style-text-large-font-tracking);--egds-type-style-font-weight:var(--egds-type-style-text-font-weight);--egds-link__font-weight:var(--egds-type-style-text-font-weight);--egds-type-style-font-family:var(--egds-type-style-text-font-name)}.uitk-type-style-paragraph-small{--egds-type-style-font-size:var(--egds-type-style-text-small-font-size);--egds-link__font-size:var(--egds-type-style-text-small-font-size);--egds-type-style-line-height:var(--egds-type-style-text-small-line-height-variant);--egds-link__line-height:var(--egds-type-style-text-small-line-height-variant);--egds-type-style-letter-spacing:var(--egds-type-style-text-small-font-tracking);--egds-type-style-font-weight:var(--egds-type-style-text-font-weight);--egds-link__font-weight:var(--egds-type-style-text-font-weight);--egds-type-style-font-family:var(--egds-type-style-text-font-name)}.uitk-type-style-paragraph-medium{--egds-type-style-font-size:var(--egds-type-style-text-medium-font-size);--egds-link__font-size:var(--egds-type-style-text-medium-font-size);--egds-type-style-line-height:var(--egds-type-style-text-medium-line-height-variant);--egds-link__line-height:var(--egds-type-style-text-medium-line-height-variant);--egds-type-style-letter-spacing:var(--egds-type-style-text-medium-font-tracking);--egds-type-style-font-weight:var(--egds-type-style-text-font-weight);--egds-link__font-weight:var(--egds-type-style-text-font-weight);--egds-type-style-font-family:var(--egds-type-style-text-font-name)}.uitk-type-style-paragraph-large{--egds-type-style-font-size:var(--egds-type-style-text-large-font-size);--egds-link__font-size:var(--egds-type-style-text-large-font-size);--egds-type-style-line-height:var(--egds-type-style-text-large-line-height-variant);--egds-link__line-height:var(--egds-type-style-text-large-line-height-variant);--egds-type-style-letter-spacing:var(--egds-type-style-text-large-font-tracking);--egds-type-style-font-weight:var(--egds-type-style-text-font-weight);--egds-link__font-weight:var(--egds-type-style-text-font-weight);--egds-type-style-font-family:var(--egds-type-style-text-font-name)}.uitk-type-style-display-medium,.uitk-type-style-display-small,.uitk-type-style-headline-extra-large,.uitk-type-style-headline-large,.uitk-type-style-headline-medium,.uitk-type-style-headline-overline,.uitk-type-style-headline-small,.uitk-type-style-paragraph-large,.uitk-type-style-paragraph-medium,.uitk-type-style-paragraph-small,.uitk-type-style-text-large,.uitk-type-style-text-medium,.uitk-type-style-text-small{font:var(--egds-type-style-font-weight) var(--egds-type-style-font-size)/var(--egds-type-style-line-height) var(--egds-type-style-font-family);letter-spacing:var(--egds-type-style-text-medium-font-tracking)}.uitk-type-style-headline-overline{text-transform:uppercase}.uitk-type-900{--egds-legacy-font-size:3.5rem;--egds-legacy-font-weight: ;--egds-legacy-line-height:3.5rem}.uitk-type-800{--egds-legacy-font-size:2.625rem;--egds-legacy-font-weight: ;--egds-legacy-line-height:2.75rem}.uitk-type-700{--egds-legacy-font-size:2.25rem;--egds-legacy-font-weight: ;--egds-legacy-line-height:2.5rem}.uitk-type-600{--egds-legacy-font-size:1.75rem;--egds-legacy-font-weight: ;--egds-legacy-line-height:2rem}.uitk-type-500{--egds-legacy-font-size:1.25rem;--egds-legacy-font-weight: ;--egds-legacy-line-height:1.5rem}.uitk-type-400{--egds-legacy-font-size:1rem;--egds-legacy-font-weight: ;--egds-legacy-line-height:1.25rem}.site-header,.site-header-expanded,.sub-header,.uitk-type-300{--egds-legacy-font-size:0.875rem;--egds-legacy-font-weight: ;--egds-legacy-line-height:1.125rem}.uitk-type-200{--egds-legacy-font-size:0.75rem;--egds-legacy-font-weight: ;--egds-legacy-line-height:1rem}.uitk-type-100{--egds-legacy-font-size:0.625rem;--egds-legacy-font-weight: ;--egds-legacy-line-height:0.75rem}.uitk-heading-1{--egds-legacy-font-size:3.5rem;--egds-legacy-font-weight:500;--egds-legacy-line-height:3.5rem}.uitk-heading-2{--egds-legacy-font-size:2.625rem;--egds-legacy-font-weight:500;--egds-legacy-line-height:2.75rem}.uitk-heading-3{--egds-legacy-font-size:2.25rem;--egds-legacy-font-weight:500;--egds-legacy-line-height:2.5rem}.uitk-heading-4{--egds-legacy-font-size:1.75rem;--egds-legacy-font-weight:500;--egds-legacy-line-height:2rem}.uitk-heading-5{--egds-legacy-font-size:1.25rem;--egds-legacy-font-weight:500;--egds-legacy-line-height:1.5rem}.uitk-heading-6{--egds-legacy-font-size:1rem;--egds-legacy-font-weight:500;--egds-legacy-line-height:1.25rem}.uitk-heading-7{--egds-legacy-font-size:0.875rem;--egds-legacy-font-weight:500;--egds-legacy-line-height:1.125rem}.uitk-heading-8{--egds-legacy-font-size:0.75rem;--egds-legacy-font-weight:500;--egds-legacy-line-height:1rem}.uitk-subheading{--egds-legacy-font-size:0.875rem;--egds-legacy-font-weight:400;--egds-legacy-line-height:1.125rem}.uitk-paragraph-1{--egds-legacy-font-size:1rem;--egds-legacy-font-weight:400;--egds-legacy-line-height:1.5rem}.uitk-paragraph-2{--egds-legacy-font-size:0.875rem;--egds-legacy-font-weight:400;--egds-legacy-line-height:1.25rem}.uitk-paragraph-3{--egds-legacy-font-size:0.75rem;--egds-legacy-font-weight:400;--egds-legacy-line-height:1rem}.site-header,.site-header-expanded,.sub-header,.uitk-heading-1,.uitk-heading-2,.uitk-heading-3,.uitk-heading-4,.uitk-heading-5,.uitk-heading-6,.uitk-heading-7,.uitk-heading-8,.uitk-paragraph-1,.uitk-paragraph-2,.uitk-paragraph-3,.uitk-subheading,.uitk-type-100,.uitk-type-200,.uitk-type-300,.uitk-type-400,.uitk-type-500,.uitk-type-600,.uitk-type-700,.uitk-type-800,.uitk-type-900{font-size:var(--egds-type-style-font-size,var(--egds-legacy-font-size));font-weight:var(--egds-type-style-font-weight,var(--egds-legacy-font-weight));line-height:var(--egds-type-style-line-height,var(--egds-legacy-line-height))}.uitk-heading{color:var(--egds-heading__color,var(--int__egds-text__color,var(--egds-legacy-color)))}.uitk-heading,.uitk-subheading{--int__egds-text__color:var(--egds-on-surface);--egds-legacy-color:#191e3b}.uitk-subheading{color:var(--egds-subheading__color,var(--int__egds-text__color,var(--egds-legacy-color)))}.uitk-paragraph{--int__egds-text__color:var(--egds-on-surface);--egds-legacy-color:#191e3b;color:var(--egds-paragraph__color,var(--int__egds-text__color,var(--egds-legacy-color)))}:is(.uitk-heading,.uitk-subheading,.uitk-paragraph,.uitk-text).in-bottom-scrim,:is(.uitk-heading,.uitk-subheading,.uitk-paragraph,.uitk-text).in-overlay-scrim{--egds-legacy-color:#fff;--egds-legacy-shadow:0px 0px 0px rgba(12,14,28,0);color:var(--egds-on-overlay,var(--egds-legacy-color));text-shadow:var(--egds-scrim-shadow,var(--egds-legacy-shadow))}.uitk-heading.in-bottom-scrim{--egds-legacy-font-size:2.25rem;--egds-legacy-font-weight:500}.uitk-heading.in-bottom-scrim,.uitk-subheading.in-bottom-scrim{font-size:var(--egds-type-style-font-size,var(--egds-legacy-font-size));font-weight:var(--egds-type-style-font-weight,var(--egds-legacy-font-weight))}.uitk-subheading.in-bottom-scrim{--egds-legacy-font-size:1.25rem;--egds-legacy-font-weight:500}:is(.uitk-paragraph,.uitk-text).in-bottom-scrim{--egds-legacy-font-size:0.875rem;--egds-legacy-font-weight:400;font-size:var(--egds-type-style-font-size,var(--egds-legacy-font-size));font-weight:var(--egds-type-style-font-weight,var(--egds-legacy-font-weight))}.uitk-heading.in-dialog{--egds-legacy-color:#191e3b;--egds-legacy-font-size:1.25rem;--egds-legacy-font-weight:700;--egds-legacy-line-height:1.5rem}.uitk-paragraph.in-dialog{--egds-legacy-color:#191e3b;--egds-legacy-font-size:0.875rem;--egds-legacy-font-weight:400;--egds-legacy-line-height:1.125rem}.uitk-heading.in-dialog,.uitk-paragraph.in-dialog{--int__egds-text__color:var(--egds-on-surface);font-size:var(--egds-type-style-font-size,var(--egds-legacy-font-size));font-weight:var(--egds-type-style-font-weight,var(--egds-legacy-font-weight));line-height:var(--egds-type-style-line-height,var(--egds-legacy-line-height))}.uitk-heading.in-dialog{margin-block-end:.5rem}.uitk-text{color:var(--egds-text__color,var(--int__egds-text__color,var(--egds-legacy-color)));font-synthesis:style;opacity:var(--egds-text__opacity,1)}.uitk-text-default-theme,.uitk-text-emphasis-theme,.uitk-text-standard-theme{--egds-legacy-color:#191e3b;--int__egds-text__color:var(--egds-on-surface)}.uitk-text-secondary-theme{--egds-legacy-color:#676a7d;--int__egds-text__color:var(--egds-on-surface-variant)}.uitk-text-positive-theme{--egds-legacy-color:#227950;--int__egds-text__color:var(--egds-positive)}.uitk-text-negative-theme{--egds-legacy-color:#a7183c;--int__egds-text__color:var(--egds-critical)}.uitk-text-inverse-theme{--egds-legacy-color:#fff;--int__egds-text__color:var(--egds-inverse-on-surface)}.uitk-text-light-theme{--egds-legacy-color:#fff;--int__egds-text__color:var(--egds-on-overlay)}.uitk-text-loyalty-theme{color:#7b1fa2}.uitk-text-global-loyalty-theme{color:#213470}.uitk-text-spacing-half{margin-block-start:2px}.uitk-text-spacing-one{margin-block-start:.25rem}.uitk-text-spacing-two{margin-block-start:.5rem}.uitk-text-spacing-three{margin-block-start:.75rem}.uitk-text-spacing-four{margin-block-start:1rem}.uitk-text-spacing-six{margin-block-start:1.5rem}.uitk-text-white-space-normal{white-space:normal}.uitk-text-white-space-nowrap{white-space:nowrap}.uitk-text-white-space-pre{white-space:pre}.uitk-text-white-space-pre-wrap{white-space:pre-wrap}.uitk-text-white-space-pre-line{white-space:pre-line}.uitk-text-white-space-break-spaces{white-space:break-spaces}sub.uitk-text,sup.uitk-text{--egds-legacy-line-height:1;line-height:var(--egds-type-style-line-height,var(--egds-legacy-line-height))}.uitk-paragraph{margin-block-start:1rem}.uitk-paragraph:first-child{margin-block-start:0}.uitk-heading+.uitk-subheading{margin-block-start:.25rem}@supports (-webkit-line-clamp:1){.truncate,.truncate-lines-2,.truncate-lines-3,.truncate-lines-4{-webkit-box-orient:vertical;/*! autoprefixer: off */display:-webkit-box;overflow:hidden;white-space:normal}.truncate-lines-2{-webkit-line-clamp:2}.truncate-lines-3{-webkit-line-clamp:3}.truncate{-webkit-line-clamp:1}.truncate-lines-4{-webkit-line-clamp:4}}.uitk-type-bold{--egds-legacy-font-weight:700}.uitk-type-bold,.uitk-type-medium{font-weight:var(--egds-type-style-font-weight,var(--egds-legacy-font-weight))}.uitk-type-medium{--egds-legacy-font-weight:500}.uitk-type-regular{--egds-legacy-font-weight:400}.uitk-type-light,.uitk-type-regular{font-weight:var(--egds-type-style-font-weight,var(--egds-legacy-font-weight))}.uitk-type-light{--egds-legacy-font-weight:300}.uitk-toast{--egds-legacy-background-color:#0c0e1c;--egds-legacy-color:#fff;align-items:center;background-color:var(--egds-inverse-surface,var(--egds-legacy-background-color));border-radius:.5rem;box-shadow:0 .375rem 2.25rem rgba(12,14,28,.12);color:var(--egds-inverse-on-surface,var(--egds-legacy-color));flex-wrap:wrap;font-size:.875rem;font-weight:300;inline-size:100%;line-height:1.125rem;max-inline-size:30rem;padding:.75rem}.uitk-toast-inner-wrapper{align-items:center;display:flex}.uitk-toast-inner-wrapper .uitk-toast-action-container{margin-inline-start:.5rem}.uitk-toast-inner-wrapper-stacked{align-items:start;flex-direction:column}.uitk-toast-inner-wrapper-stacked .uitk-toast-action-container{align-self:flex-end;margin-block-start:.5rem;margin-inline-start:unset}.uitk-toast-slide{inset-block-end:-9.375rem;inset-inline-end:0;inset-inline-start:0;margin:auto;position:fixed;z-index:1000}.uitk-toast-slide.uitk-toast-enter-done{inset-block-end:0}.uitk-toast-slide.uitk-toast-appear,.uitk-toast-slide.uitk-toast-enter{transform:translateY(0)}.uitk-toast-slide.uitk-toast-appear-active,.uitk-toast-slide.uitk-toast-enter-active{transform:translateY(-9.375rem);transition:transform .2s cubic-bezier(0,0,.2,1)}.uitk-toast-slide.uitk-toast-exit{transform:translateY(-9.375rem)}.uitk-toast-slide.uitk-toast-exit-active{transform:translateY(0);transition:transform .12s cubic-bezier(.4,0,1,1)}.uitk-toast-content{color:inherit;flex:1 1 66%;font-size:.875rem;font-weight:300}.uitk-toast.uitk-toast-slide{inset-block-end:-8.625rem;margin:auto}.uitk-toast.uitk-toast-slide.uitk-toast-enter-done{inset-block-end:.75rem}@media screen and (max-width:36rem){.uitk-toast{inline-size:calc(100vw - 1rem)}}@property --egds-toolbar-page-margin{inherits:false;syntax:"*"}@property --egds-toolbar-page-margin-small{inherits:false;initial-value:0;syntax:"*"}@property --egds-toolbar-page-margin-medium{inherits:false;syntax:"*"}@property --egds-toolbar-page-margin-large{inherits:false;syntax:"*"}@property --egds-toolbar-page-margin-extra_large{inherits:false;syntax:"*"}.uitk-toolbar{--egds-legacy-background-color:#fff;--toolbar-background-color:var(--egds-surface,var(--egds-legacy-background-color));align-items:center;background-color:var(--full-sheet-background-color,var(--bottom-sheet-background-color,var(--sheet-background-color,var(--toolbar-background-color))));border-start-end-radius:var(--egds-toolbar__border_radius_start_end,0);border-start-start-radius:var(--egds-toolbar__border_radius_start_start,0);box-shadow:0 0 0 rgba(12,14,28,0);display:grid;flex-shrink:0;grid-template:". navigation titles actions ." 3.5rem "children children children children children"/var(--egds-toolbar-page-margin,var(--egds-toolbar-page-margin-small,0)) max-content 1fr max-content var(--egds-toolbar-page-margin,var(--egds-toolbar-page-margin-small,0));position:relative;z-index:200}.uitk-toolbar>.uitk-toolbar-button:first-of-type{grid-area:navigation}.uitk-toolbar-titles{grid-area:titles;overflow:hidden}.uitk-toolbar:not(:has(>.uitk-toolbar-button)):not(.uitk-toolbar-has-page-margin) .uitk-toolbar-titles{padding-inline-start:.75rem}.uitk-toolbar:not(:has(.uitk-toolbar-actions)):not(.uitk-toolbar-has-page-margin) .uitk-toolbar-titles{padding-inline-end:.75rem}.uitk-toolbar-actions{display:flex;grid-area:actions}.uitk-toolbar-children{grid-area:children}.uitk-toolbar-has-placeholder{grid-template-rows:min-content}.uitk-toolbar-floating{background:var(--egds-surface-medium-elevation);box-shadow:0 2px .75rem rgba(12,14,28,.08)}.uitk-toolbar-subtitle,.uitk-toolbar-title{overflow:hidden;text-overflow:ellipsis;white-space:nowrap}.uitk-toolbar-title{--egds-legacy-color:#191e3b;color:var(--egds-on-surface,var(--egds-legacy-color));font-size:1rem;font-weight:700;line-height:1.25rem}.uitk-toolbar-subtitle{--egds-legacy-color:#191e3b;color:var(--egds-on-surface-variant,var(--egds-legacy-color));font-size:.75rem;font-weight:400;line-height:1rem}.uitk-toolbar~.uitk-map-viewer-map{inset-block-start:3.5rem}@media screen and (min-width:36rem){.uitk-toolbar{--egds-toolbar-page-margin:var(--egds-toolbar-page-margin-medium,var(--egds-toolbar-page-margin-small))}}@media screen and (min-width:62rem){.uitk-toolbar{--egds-toolbar-page-margin:var(
      --egds-toolbar-page-margin-large,var(--egds-toolbar-page-margin-medium,var(--egds-toolbar-page-margin-small))
    )}}@media screen and (min-width:75rem){.uitk-toolbar{--egds-toolbar-page-margin:var(
      --egds-toolbar-page-margin-extra_large,var(
        --egds-toolbar-page-margin-large,var(--egds-toolbar-page-margin-medium,var(--egds-toolbar-page-margin-small))
      )
    )}}.uitk-toolbar-button{--egds-legacy-color:#e61e43;--egds-icons__theme:var(--egds-secondary,var(--egds-legacy-color));--egds-icons__size__block:1.5rem;--egds-icons__size__inline:1.5rem;align-items:center;background-color:transparent;display:flex;justify-content:center;overflow:hidden}.uitk-toolbar-button-icon-only{aspect-ratio:1;inline-size:3rem}.uitk-toolbar-button-has-label{margin-inline:.25rem}.uitk-toolbar-button-content{align-items:center;background-color:var(--egds-surface-low-elevation,unset);display:flex;justify-content:center;overflow:hidden;position:relative;z-index:0}@supports not (color:color-mix(in srgb,red,white)){.uitk-toolbar-button-content:before{border-radius:inherit;content:"";inset:0;position:absolute;z-index:-1}}.uitk-toolbar-button-content-icon-only{aspect-ratio:1;border-radius:2500rem;inline-size:2.25rem}.uitk-toolbar-button-content-has-label{block-size:2.25rem;border-radius:2500rem;padding-inline:.5rem}.uitk-toolbar-button-content-label{--egds-legacy-color:#e61e43;color:var(--egds-secondary,var(--egds-legacy-color));font-size:1rem;font-weight:700;line-height:1.25rem;overflow:hidden;padding-inline:.25rem;text-overflow:ellipsis;vertical-align:middle;white-space:nowrap}.uitk-toolbar-button:hover .uitk-toolbar-button-content{--egds-legacy-background-color:#c8dff9;background-color:color-mix(in srgb,var(--egds-secondary-container,var(--egds-legacy-background-color)) var(--egds-button-opacity-overlay-hover),transparent)}@supports not (color:color-mix(in srgb,red,white)){.uitk-toolbar-button:hover .uitk-toolbar-button-content:before{background-color:var(--egds-secondary-container,var(--egds-legacy-background-color));opacity:var(--egds-button-opacity-overlay-hover,unset)}}.uitk-toolbar-button:active .uitk-toolbar-button-content{--egds-legacy-background-color:#c8dff9;background-color:color-mix(in srgb,var(--egds-secondary-container,var(--egds-legacy-background-color)) var(--egds-button-opacity-overlay-active),transparent)}@supports not (color:color-mix(in srgb,red,white)){.uitk-toolbar-button:active .uitk-toolbar-button-content:before{background-color:var(--egds-secondary-container,var(--egds-legacy-background-color));opacity:var(--button-opacity-overlay-active,unset)}}.uitk-toolbar-button:focus,.uitk-toolbar-button:focus-visible{outline:none}.uitk-toolbar-button:focus .uitk-toolbar-button-content,.uitk-toolbar-button:focus-visible .uitk-toolbar-button-content{outline:1px auto Highlight;outline:1px solid -webkit-focus-ring-color}.uitk-toolbar-button:focus .uitk-toolbar-button-content-has-label,.uitk-toolbar-button:focus-visible .uitk-toolbar-button-content-has-label{outline-offset:-3px}@keyframes toolbarText{0%{opacity:0}to{opacity:1}}@keyframes toolbarElevation{0%{box-shadow:unset}to{background:var(--egds-surface-medium-elevation);box-shadow:0 2px .75rem rgba(12,14,28,.08)}}@supports (animation-timeline:auto){.uitk-toolbar-animated,.uitk-toolbar-precedes-scroll-under-element .uitk-toolbar-titles{animation-fill-mode:both;animation-timing-function:linear;animation-timeline:scroll(block)}.uitk-toolbar-animated{animation-name:toolbarElevation;animation-range:entry 0 exit 3.5rem}@starting-style{.uitk-toolbar-animated{box-shadow:unset}}.uitk-toolbar-precedes-scroll-under-element .uitk-toolbar-titles{animation-name:toolbarText;animation-range-end:entry calc(var(--scroll-under-element-blocksize, var(--sizing__14x)) + 3.5rem);animation-range-start:entry var(--scroll-under-element-blocksize,var(--sizing__14x))}@starting-style{.uitk-toolbar-precedes-scroll-under-element .uitk-toolbar-titles{opacity:0}}}@supports not (animation-timeline:auto){.uitk-toolbar-floating{transition:box-shadow .2s ease-in-out}.uitk-toolbar-precedes-scroll-under-element .uitk-toolbar-titles{opacity:0;transition:opacity .2s ease-in-out}.uitk-toolbar-precedes-scroll-under-element.uitk-toolbar-floating .uitk-toolbar-titles{opacity:1}}.uitk-toolbar-transparent{--toolbar-background-color:transparent;box-shadow:none;margin-block-end:-3.5rem}.uitk-toolbar-transparent .uitk-toolbar-button{padding:.375rem}.uitk-toolbar-transparent .uitk-toolbar-button-content{--egds-legacy-background-color:#fff;background-color:var(--egds-surface-medium-elevation,var(--egds-legacy-background-color));box-shadow:0 2px .75rem rgba(12,14,28,.08);transition:box-shadow .2s ease-in-out}.uitk-toolbar-transparent .uitk-toolbar-button:active .uitk-toolbar-button-content:before,.uitk-toolbar-transparent .uitk-toolbar-button:hover .uitk-toolbar-button-content:before{--egds-legacy-background-color:#c8dff9;background-color:var(--egds-secondary-container,var(--egds-legacy-background-color));opacity:var(--egds-full-opacity,unset)}.uitk-toolbar-transparent-with-overlay{margin-block-end:-3.5rem}.uitk-toolbar-transparent-with-overlay .uitk-toolbar-content{z-index:300}.uitk-toolbar-transparent-with-overlay .uitk-toolbar-button-content{--egds-legacy-background-color:rgba(12,14,28,.6);background-color:color-mix(in srgb,var(--egds-overlay,var(--egds-legacy-background-color)) var(--egds-button-opacity-overlay-default),transparent);box-shadow:none}@supports not (color:color-mix(in srgb,red,white)){.uitk-toolbar-transparent-with-overlay .uitk-toolbar-button-content:before{background-color:var(--egds-overlay,var(--egds-legacy-background-color));opacity:var(--egds-button-opacity-overlay-default,unset)}}.uitk-toolbar-transparent-with-overlay .uitk-toolbar-button-content-label{--egds-legacy-color:#fff;color:var(--egds-on-overlay,var(--egds-legacy-color))}.uitk-toolbar-transparent-with-overlay .uitk-toolbar-button-content .uitk-icon{--egds-legacy-fill-color:#fff;color:var(--egds-on-overlay,var(--egds-legacy-fill-color))}.uitk-toolbar-transparent-with-overlay .uitk-toolbar-button:hover .uitk-toolbar-button-content{--egds-legacy-background-color:rgba(12,14,28,.8);background-color:color-mix(in srgb,var(--egds-overlay,var(--egds-legacy-background-color)) var(--egds-button-opacity-overlay-hover),transparent)}@supports not (color:color-mix(in srgb,red,white)){.uitk-toolbar-transparent-with-overlay .uitk-toolbar-button:hover .uitk-toolbar-button-content:before{background-color:var(--egds-overlay,var(--egds-legacy-background-color));opacity:var(--egds-button-opacity-overlay-hover,unset)}}.uitk-toolbar-transparent-with-overlay .uitk-toolbar-button:active .uitk-toolbar-button-content{--egds-legacy-background-color:#0c0e1c;background-color:color-mix(in srgb,var(--egds-overlay,var(--egds-legacy-background-color)) var(--egds-button-opacity-overlay-active),transparent)}@supports not (color:color-mix(in srgb,red,white)){.uitk-toolbar-transparent-with-overlay .uitk-toolbar-button:active .uitk-toolbar-button-content:before{background-color:var(--egds-overlay,var(--egds-legacy-background-color));opacity:var(--egds-button-opacity-overlay-active,unset)}}.uitk-typeahead-dialog,.uitk-typeahead-menu{--egds-menu__container__size__inline:100%;--egds-menu__container__block_start_inset:0;--egds-menu__container__size__block_min:27.375rem;--egds-menu__container__size__inline_min:23.438rem}.uitk-typeahead-dialog .uitk-typeahead-input-wrapper,.uitk-typeahead-menu .uitk-typeahead-input-wrapper{--egds-legacy-border-color:#dfe0e4;box-shadow:0 1px 0 0 var(--egds-outline-variant,var(--egds-legacy-border-color));flex-wrap:wrap;inset-block-start:0;padding-inline-end:0;position:sticky}.uitk-typeahead-dialog .uitk-typeahead-input-wrapper .uitk-clear-button,.uitk-typeahead-menu .uitk-typeahead-input-wrapper .uitk-clear-button{inline-size:3rem}.uitk-typeahead-dialog .uitk-typeahead-input-wrapper .uitk-typeahead-input,.uitk-typeahead-menu .uitk-typeahead-input-wrapper .uitk-typeahead-input{border-width:0;box-shadow:none;font-size:1.75rem;font-weight:700;line-height:2rem;padding-inline-end:3rem;padding-inline-start:1.5rem}.uitk-typeahead-dialog .uitk-typeahead-input-wrapper .uitk-typeahead-input-v2,.uitk-typeahead-menu .uitk-typeahead-input-wrapper .uitk-typeahead-input-v2{margin-inline-start:0}.uitk-typeahead-dialog .uitk-typeahead-input-wrapper .uitk-typeahead-input::placeholder,.uitk-typeahead-menu .uitk-typeahead-input-wrapper .uitk-typeahead-input::placeholder{--egds-legacy-color:#676a7d;color:var(--egds-on-surface-variant,var(--egds-legacy-color));font-size:1.75rem;font-weight:700}.uitk-typeahead-dialog .uitk-typeahead-input-wrapper-field,.uitk-typeahead-menu .uitk-typeahead-input-wrapper-field{flex-grow:1;order:1}.uitk-typeahead-dialog .uitk-typeahead-input-wrapper+.uitk-typeahead-dialog-content,.uitk-typeahead-menu .uitk-typeahead-input-wrapper+.uitk-typeahead-dialog-content{padding-inline-end:0;padding-inline-start:0}.uitk-typeahead-dialog .uitk-typeahead-google-logo,.uitk-typeahead-menu .uitk-typeahead-google-logo{inline-size:100%;inset-block-end:0;padding-block-end:.75rem;padding-block-start:.75rem;padding-inline-end:1rem;padding-inline-start:1rem;text-align:end}.uitk-typeahead-dialog .uitk-typeahead-result-title-label,.uitk-typeahead-menu .uitk-typeahead-result-title-label{--egds-legacy-color:#191e3b;color:var(--egds-on-surface,var(--egds-legacy-color));font-family:[object Object];font-size:.875rem;font-weight:700;line-height:1.125rem}.uitk-typeahead-dialog .uitk-typeahead-result-item,.uitk-typeahead-menu .uitk-typeahead-result-item{font-size:.875rem;line-height:1.125rem}.uitk-typeahead-dialog .uitk-typeahead-result-item.uitk-typeahead-result-item-hover,.uitk-typeahead-menu .uitk-typeahead-result-item.uitk-typeahead-result-item-hover{--egds-legacy-background-color:var(
    --action_list_item__hover__background_color
  );background-color:var(--egds-secondary-container-variant,var(--egds-legacy-background-color))}.uitk-typeahead-dialog .uitk-typeahead-result-item .result-item-button,.uitk-typeahead-menu .uitk-typeahead-result-item .result-item-button{background:transparent;block-size:100%;flex-wrap:nowrap;inline-size:100%;inset-block:0;inset-inline:0;min-block-size:1.125rem;padding:0;position:absolute}.uitk-typeahead-dialog .uitk-typeahead-result-item .result-item-button:hover,.uitk-typeahead-menu .uitk-typeahead-result-item .result-item-button:hover{text-decoration:none}.uitk-typeahead-dialog .uitk-typeahead-result-item .result-item-button[disabled] .uitk-typeahead-button-label,.uitk-typeahead-menu .uitk-typeahead-result-item .result-item-button[disabled] .uitk-typeahead-button-label{inline-size:60%;margin-inline-start:0}.uitk-typeahead-dialog .uitk-typeahead-result-item .result-item-button.has-subtext,.uitk-typeahead-menu .uitk-typeahead-result-item .result-item-button.has-subtext{padding-block-end:0;padding-block-start:0}.uitk-typeahead-dialog .uitk-typeahead-result-item svg,.uitk-typeahead-menu .uitk-typeahead-result-item svg{--egds-legacy-fill-color:#191e3b;--egds-icons__theme:var(--egds-on-surface,var(--egds-legacy-fill-color))}.uitk-typeahead-dialog .uitk-typeahead-result-item .uitk-typeahead-button-label,.uitk-typeahead-menu .uitk-typeahead-result-item .uitk-typeahead-button-label{--egds-legacy-color:#191e3b;color:var(--egds-on-surface,var(--egds-legacy-color));display:inline-flex;flex-direction:column;font-size:.875rem;font-weight:500;line-height:1.125rem;text-align:start}.uitk-typeahead-dialog .uitk-typeahead-result-item .uitk-typeahead-button-label b,.uitk-typeahead-menu .uitk-typeahead-result-item .uitk-typeahead-button-label b{font-weight:500}.uitk-typeahead-dialog .uitk-typeahead-result-item.has-subtext,.uitk-typeahead-menu .uitk-typeahead-result-item.has-subtext{font-weight:400}.uitk-typeahead-dialog .uitk-typeahead-result-item.has-subtext .is-subText,.uitk-typeahead-menu .uitk-typeahead-result-item.has-subtext .is-subText{--egds-legacy-color:#191e3b;color:var(--egds-on-surface-variant,var(--egds-legacy-color));font-family:[object Object];font-size:.875rem;font-weight:400;line-height:1.125rem}.uitk-typeahead-dialog .uitk-typeahead-result-item.is-child,.uitk-typeahead-menu .uitk-typeahead-result-item.is-child{padding-inline-start:2rem}.uitk-typeahead-dialog .uitk-typeahead-result-item.is-child .uitk-typeahead-button-label,.uitk-typeahead-menu .uitk-typeahead-result-item.is-child .uitk-typeahead-button-label{--egds-legacy-color:#191e3b;color:var(--egds-on-surface,var(--egds-legacy-color))}.uitk-typeahead-dialog .uitk-typeahead-result-item.is-child svg,.uitk-typeahead-menu .uitk-typeahead-result-item.is-child svg{--egds-legacy-fill-color:#191e3b;--egds-icons__theme:var(--egds-on-surface,var(--egds-legacy-fill-color))}.uitk-typeahead-dialog .uitk-typeahead-result-item.uitk-typeahead-current-location .uitk-button-typeahead .uitk-typeahead-button-label,.uitk-typeahead-dialog .uitk-typeahead-result-item.uitk-typeahead-current-location .uitk-button-typeahead svg,.uitk-typeahead-menu .uitk-typeahead-result-item.uitk-typeahead-current-location .uitk-button-typeahead .uitk-typeahead-button-label,.uitk-typeahead-menu .uitk-typeahead-result-item.uitk-typeahead-current-location .uitk-button-typeahead svg{--egds-legacy-color:#191e3b;--egds-icons__theme:var(--egds-on-surface,var(--egds-legacy-color))}.uitk-typeahead-dialog .uitk-typeahead-result-item.disabled .uitk-button-typeahead .uitk-typeahead-button-label,.uitk-typeahead-dialog .uitk-typeahead-result-item.disabled .uitk-button-typeahead svg,.uitk-typeahead-menu .uitk-typeahead-result-item.disabled .uitk-button-typeahead .uitk-typeahead-button-label,.uitk-typeahead-menu .uitk-typeahead-result-item.disabled .uitk-button-typeahead svg{--egds-legacy-color:#191e3b;--egds-icons__theme:var(--egds-on-surface-variant,var(--egds-legacy-color))}.uitk-typeahead-dialog .truncate,.uitk-typeahead-menu .truncate{overflow:hidden;text-overflow:ellipsis;white-space:nowrap}.uitk-typeahead-button-label{margin-inline-start:.5rem}.uitk-typeahead-menu{display:block;position:relative}.uitk-typeahead-menu .uitk-typeahead-menu-container{inline-size:100%;inset-block-start:0;min-block-size:27.25rem;min-inline-size:23.438rem}.uitk-typeahead-menu .uitk-typeahead-menu-container.is-multi{block-size:32.25rem}.uitk-typeahead-menu .uitk-typeahead-input-wrapper{--egds-field__size__inline:100%;z-index:400}.uitk-typeahead-menu .uitk-typeahead-input-wrapper .uitk-typeahead-input-v2{block-size:4.5rem}.uitk-typeahead-dialog{--egds-scrim__position:"sticky";--egds-scrim__z_index:400;block-size:100%;inline-size:100%;inset-block-start:0;overflow-y:auto}.uitk-typeahead-dialog-bg-default{background-color:var(--egds-none,var(--dialog__full_screen__default__background_color))}.uitk-typeahead-dialog-bg-dark{background-color:var(--egds-none,var(--dialog__full_screen__dark__background_color))}.uitk-typeahead-dialog-bg-canvas{background-color:var(--egds-none,var(--dialog__full_screen__canvas__background_color))}.uitk-typeahead-dialog-layer{background:rgba(0,0,0,.4);inset:0;overflow-y:auto;position:fixed;z-index:700}.uitk-typeahead-dialog-layer-responsive{align-items:center;display:flex;justify-content:center}.uitk-typeahead-dialog-content{overflow:visible}@media screen and (max-width:35.938rem){.uitk-typeahead-dialog-layer{block-size:var(--vh,inherit)}.uitk-typeahead .uitk-typeahead-dialog{max-block-size:unset;min-inline-size:unset}}@media screen and (min-width:36rem){.uitk-typeahead .uitk-typeahead-dialog-centered{margin-block:0;margin-inline:3rem;max-block-size:calc(100vh - 6rem);max-inline-size:36rem;position:relative}}.uitk-typeahead-menu-footer{border-block-start:1px solid #cccfdb;inset-block-end:0;margin-block-start:auto;padding-block-end:.75rem;padding-block-start:.75rem;padding-inline-end:.75rem;padding-inline-start:.75rem;position:sticky}.uitk-typeahead-dialog{--egds-legacy-background-color:#fff;background-color:var(--egds-surface-high-elevation,var(--egds-legacy-background-color))}.uitk-menu-container .uitk-typeahead-multi-selection-results{max-block-size:27.375rem;overflow-y:scroll}.uitk-typeahead-results-selections .uitk-typeahead-pills{padding-block-end:0;padding-block-start:.75rem;padding-inline-end:1rem;padding-inline-start:1rem}.uitk-typeahead-pills{display:flex;flex-wrap:wrap;gap:.5rem .5rem}.uitk-typeahead-pills .uitk-typeahead-pill-removable~.uitk-typeahead-pill-removable{margin-inline-start:0}.uitk-typeahead-multi-selection-results .uitk-typeahead-result-title,.uitk-typeahead-results .uitk-typeahead-result-title{background-color:initial}.uitk-typeahead-results-selections .uitk-typeahead-result-title-label{padding-inline-start:1rem}.uitk-typeahead-results-skeleton-container{padding-inline-start:1.5rem}.uitk-typeahead-results-skeleton-first{margin-block-start:1.125rem}.uitk-typeahead-results-skeleton-second{margin-block:2.25rem}.uitk-no-outline :focus{outline:none}.uitk-video,.uitk-video-layer-controls-link{block-size:100%;inline-size:100%;position:absolute}.uitk-video .uitk-video-hide-controls,.uitk-video-layer-controls-link .uitk-video-hide-controls{block-size:1px;border:0;clip:rect(0 0 0 0);inline-size:1px;margin:-1px;overflow:hidden;padding:0;position:absolute}.uitk-video-layer-controls-link{background-color:transparent;block-size:100%;inline-size:100%;inset-block:0;inset-inline-start:0;overflow:hidden;position:absolute;white-space:nowrap}.uitk-video-layer-controls-link:focus+.uitk-video-play-button-wrapper{--egds-legacy-color:#1668e3;outline:auto var(--egds-outline-focus,var(--egds-legacy-color)) .313rem}.uitk-video-basic,.uitk-video-basic video{block-size:100%;inline-size:100%}.uitk-video-basic video{object-fit:cover}.uitk-view-row{--egds-legacy-primary-background-color:#fff;--egds-legacy-secondary-background-color:#fbf8f1;display:grid;grid-auto-columns:minmax(0,1fr);grid-gap:1.5rem}.uitk-view-row-theme-primary{background:var(--egds-surface,var(--egds-legacy-primary-background-color))}.uitk-view-row-theme-secondary{background:var(--egds-surface-container-variant,var(--egds-legacy-secondary-background-color))}.uitk-view-row-theme-brand_promo_primary{background:#191e3b}.uitk-view-row-theme-none{background:transparent}@media screen and (max-width:35.938rem){.uitk-view-row{padding-inline-end:1rem;padding-inline-start:1rem}}@media screen and (min-width:36rem){.uitk-view-row{padding-inline-end:1.5rem;padding-inline-start:1.5rem}}@media screen and (min-width:75rem){.uitk-view-row{justify-content:center}.uitk-view-row-adslot-false{grid-template-columns:minmax(0,75rem)}}@media screen and (min-width:75rem) and (min-width:75rem){.uitk-view-row-adslot-true{grid-template-columns:minmax(0,63.5rem) 10rem}}@media screen and (min-width:calc(75rem + 10rem * 2 + 1.5rem * 2)){.uitk-view-row-adslot-true{--uitk-adslot-extra-large:75rem;grid-template-columns:10rem minmax(0,var(--uitk-adslot-extra-large)) 10rem;padding-inline-end:unset;padding-inline-start:unset}.uitk-view-row-adslot-true>:first-child{grid-column-start:2}}.uitk-text-highlight-color{background-color:#f5d95c;color:#0c0e1c}.uitk-centered-sheet-xxxlarge{--uitk-centered-sheet-min-size:32.5rem!important;--uitk-centered-sheet-max-size:75rem!important}@media screen and (max-width:32.5rem){.uitk-centered-sheet-xxxlarge{border-radius:0}}.uitk-centered-sheet-xxlarge{--uitk-centered-sheet-min-size:32.5rem!important;--uitk-centered-sheet-max-size:63.75rem!important}@media screen and (max-width:32.5rem){.uitk-centered-sheet-xxlarge{border-radius:0}}.uitk-centered-sheet-xlarge{--uitk-centered-sheet-min-size:32.5rem!important;--uitk-centered-sheet-max-size:57.5rem!important}@media screen and (max-width:32.5rem){.uitk-centered-sheet-xlarge{border-radius:0}}.uitk-centered-sheet-large{--uitk-centered-sheet-min-size:32.5rem!important;--uitk-centered-sheet-max-size:51.25rem!important}@media screen and (max-width:32.5rem){.uitk-centered-sheet-large{border-radius:0}}.uitk-centered-sheet-small-outer-space{inline-size:clamp(Min(100%,var(--uitk-centered-sheet-min-size)),calc(100% - 1.5rem),var(--uitk-centered-sheet-max-size))!important}@media screen and (max-width:32.5rem){.uitk-centered-sheet-small-outer-space{border-radius:1rem!important}}.egds-team-video-player{block-size:100%;display:block;inline-size:100%;inset-block-end:0;inset-block-start:0;inset-inline-end:0;inset-inline-start:0;object-fit:cover;position:absolute}.video-player-controls-bottomRight{inset-block-end:.5rem;inset-inline-end:.5rem;position:absolute;z-index:200}.video-player-controls-bottomLeft{inset-block-end:.5rem;inset-inline-start:.5rem;position:absolute;z-index:200}.video-player-controls-center{inset-block-start:50%;inset-inline-start:50%;position:absolute;transform:translate(-50%,-50%);z-index:200}.video-player-loader{z-index:10}.calendar-date-background{inline-size:100%;inset:0;overflow:hidden;position:absolute;z-index:-1}.calendar-date-background-positive{background:#227950;color:#fff}.calendar-date-background-negative{background:#ffefef}.calendar-date-background-neutral{background:#ad8f0b}.calendar-date-background-circle{border:2px solid #fff;border-radius:2500rem}.calendar-date-background-rounded{border:2px solid #fff;border-radius:.5rem}.calendar-date-background-flat{border:unset;border-radius:unset}.single-select-pill{align-items:stretch;block-size:2rem;display:inline-flex;min-inline-size:2.75rem}.single-select-pill~.single-select-pill{margin-inline-start:.5rem}.single-select-pill-disabled{cursor:not-allowed;opacity:.36}.single-select-pill-disabled .single-select-pill-disabled{opacity:1}.single-select-pill-content{align-items:center;background-color:#fff;border-radius:2500rem;box-shadow:inset 0 0 0 1px #818494;color:#191e3b;cursor:pointer;display:inline-flex;font-size:.875rem;font-weight:400;justify-content:center;line-height:1.125rem;padding-block:0;padding-inline:.75rem}.single-select-pill-text{max-inline-size:12rem;overflow:hidden;text-overflow:ellipsis;white-space:nowrap}.single-select-pill-icon{block-size:1rem;color:#191e3b;inline-size:1rem;min-inline-size:1rem;padding-inline-end:.25rem}.single-select-pill-action-icon,.single-select-pill-trigger-icon{margin-inline-start:.5rem}.single-select-pill-action-icon{color:#1668e3}.single-select-pill-action-icon,.single-select-pill-trigger-icon{block-size:1rem;inline-size:1rem}.single-select-pill-removable.single-select-pill-content,.single-select-pill-selected,.single-select-pill-standard:checked~.single-select-pill-content{background-color:#ecf4fd;box-shadow:inset 0 0 0 2px #1668e3;color:#1668e3}.single-select-pill-removable.single-select-pill-content .single-select-pill-icon,.single-select-pill-removable.single-select-pill-content-trigger-icon,.single-select-pill-selected .single-select-pill-icon,.single-select-pill-selected-trigger-icon,.single-select-pill-standard:checked~.single-select-pill-content .single-select-pill-icon,.single-select-pill-standard:checked~.single-select-pill-content-trigger-icon{color:#1668e3}.single-select-pill-removable.single-select-pill-content.single-select-pill-active,.single-select-pill-selected.single-select-pill-active,.single-select-pill-standard:checked~.single-select-pill-content.single-select-pill-active{background-color:#c8dff9}.single-select-pill:hover .single-select-pill-content,.single-select-pill:hover.single-select-pill-content{background-color:#ecf4fd}.single-select-pill-active,.single-select-pill-trigger-toggle-state,.single-select-pill:active .single-select-pill-content,.single-select-pill:active.single-select-pill-content{background-color:#c8dff9}.single-select-pill button:focus~.single-select-pill-content,.single-select-pill input:focus~.single-select-pill-content,.single-select-pill:focus .single-select-pill-content{--egds-legacy-color:#1668e3;outline:auto var(--egds-outline-focus,var(--egds-legacy-color)) .313rem}.single-select-pill-wrapper{overflow:auto;padding-bottom:2px}.single-select-pill-wrapper .single-select-pill{flex-shrink:0;margin:.75rem .25rem 0}.view-row{display:grid;grid-auto-columns:minmax(0,1fr);grid-gap:1.5rem}.view-row-theme-primary{background:#fff}.view-row-theme-secondary{background:#fbf8f1}.view-row-theme-brand_promo_primary{background:#191e3b}.view-row-theme-none{background:transparent}@media screen and (max-width:35.938rem){.view-row-padded-true{padding-inline-end:1rem;padding-inline-start:1rem}}@media screen and (min-width:36rem){.view-row-padded-true{padding-inline-end:1.5rem;padding-inline-start:1.5rem}}@media screen and (min-width:75rem){.view-row-padded-true{justify-content:center}.view-row-adslot-false{grid-template-columns:minmax(0,75rem)}}@media screen and (min-width:75rem) and (min-width:75rem){.view-row-adslot-true{grid-template-columns:minmax(0,63.5rem) 10rem}}@media screen and (min-width:calc(75rem + 10rem * 2 + 1.5rem * 2)){.view-row-adslot-true{grid-template-columns:10rem minmax(0,75rem) 10rem;padding-inline-end:unset;padding-inline-start:unset}.view-row-adslot-true>:first-child{grid-column-start:2}}.uitk-field input.typeahead-custom-text-input{background-color:transparent;block-size:4.5rem;border-block-end:1px var(--egds-outline-variant,var(--typeahead__toolbar__border_color)) solid;border-radius:0;border-width:0 0 1px;box-shadow:none;font-size:1.75rem;font-weight:700;line-height:2rem;margin-inline-start:0;outline:none;padding-inline-end:3rem;padding-inline-start:1.5rem;position:relative;z-index:2}.uitk-field input.typeahead-custom-text-input::placeholder{--egds-legacy-color:#676a7d;color:var(--egds-on-surface-variant,var(--egds-legacy-color));font-size:1.75rem;font-weight:700}.uitk-field input.typeahead-custom-text-input:focus{border-block-end:1px var(--egds-outline-variant,var(--typeahead__toolbar__border_color)) solid;box-shadow:none;outline:none}.uitk-clear-button{z-index:2}.uitk-field input.predictive-text{background-color:transparent;block-size:4.5rem;font-size:1.75rem;font-weight:700;line-height:2rem;padding-inline-end:3rem;padding-inline-start:1.5rem;--egds-legacy-color:#676a7d;color:var(--egds-on-surface-variant,var(--egds-legacy-color));inline-size:100%;inset-inline-start:0;position:absolute;text-align:start;z-index:1}.typeahead-custom-text-input-cta{--egds-legacy-fill-color:#191e3b;align-items:center;background:transparent;block-size:3rem;color:var(--egds-on-surface,var(--egds-legacy-fill-color));display:flex;inline-size:2.625rem;inset-block-start:50%;inset-inline-end:0;justify-content:center;padding:0;position:absolute;transform:translateY(-50%)}@supports not (inset-inline-end:0){[dir=ltr] .typeahead-custom-text-input-cta{right:0}[dir=rtl] .typeahead-custom-text-input-cta{left:0}}.typeahead-custom-text-input-cta:hover{--egds-legacy-fill-color:#191e3b;color:var(--egds-on-surface,var(--egds-legacy-fill-color))}.button-toggle-custom-content{--egds-legacy-border-color:#818494;--content-border-width:1px;--content-border-color:var(--egds-outline,var(--egds-legacy-border-color))}.button-toggle-custom-content-is-disabled{cursor:not-allowed;opacity:.36}.button-toggle-custom-content-is-disabled .button-toggle-custom-content-is-disabled{opacity:1}.button-toggle-custom-content-container{--egds-legacy-background-color:rgba(12,14,28,0);--egds-legacy-color:#191e3b;background-color:var(--egds-surface-low-elevation,var(--egds-legacy-background-color));block-size:100%;border-radius:.5rem;box-shadow:inset 0 0 0 var(--content-border-width) var(--content-border-color);color:var(--egds-on-surface,var(--egds-legacy-color));cursor:pointer;display:block;min-block-size:2.25rem;padding-block:.5rem;padding-inline:.5rem}@media (hover:hover){.button-toggle-custom-content:hover .button-toggle-custom-content-container{--egds-legacy-background-color:#ecf4fd;background-color:var(--egds-secondary-container-variant,var(--egds-legacy-background-color))}}.button-toggle-custom-content:active .button-toggle-custom-content-container{--egds-legacy-background-color:#c8dff9;background-color:var(--egds-secondary-container,var(--egds-legacy-background-color))}.button-toggle-custom-content-is-checked{--egds-legacy-border-color:#1668e3;--content-border-width:2px;--content-border-color:var(--egds-on-surface,var(--egds-legacy-border-color))}.button-toggle-custom-content-is-checked .button-toggle-custom-content-container,.button-toggle-custom-content-is-checked:hover .button-toggle-custom-content-container{--egds-legacy-background-color:#ecf4fd;--egds-legacy-color:#1668e3;background-color:var(--egds-secondary-container-variant,var(--egds-legacy-background-color));color:var(--egds-on-surface,var(--egds-legacy-color))}.button-toggle-custom-content-is-checked:active .button-toggle-custom-content-container{--egds-legacy-background-color:#c8dff9;--egds-legacy-color:#1668e3;background-color:var(--egds-secondary-container,var(--egds-legacy-background-color));color:var(--egds-on-surface,var(--egds-legacy-color))}.button-toggle-custom-content .button-toggle-custom-content-container:has(.button-toggle-custom-content-input:focus-visible){--egds-legacy-border-color:#1668e3;--content-border-width:2px;--content-border-color:var(--egds-outline-focus,var(--egds-legacy-border-color))}.egds-radio-button-trigger{position:relative}.egds-radio-button-trigger input[type=radio]{-webkit-appearance:none;appearance:none;opacity:1;position:absolute}.egds-radio-button-trigger-group{border:none}.egds-radio-button-trigger-icon{fill:#fff}.egds-radio-button-trigger input:checked+.egds-radio-button-trigger-label{background-color:#c8dff9;border:solid;border-color:#818494;border-width:1px}.egds-radio-button-trigger input:checked+.egds-radio-button-trigger-label .egds-radio-button-trigger-icon{fill:#0d4eaf}.egds-radio-button-trigger-label{background-color:#343b53;border-radius:25000rem;margin:auto;position:relative;transition:.5s}.egds-radio-button-trigger-label .egds-radio-button-trigger-content{inset-block-start:50%;inset-inline-start:50%;position:absolute;transform:translate(-50%,80%)}.egds-yaxis-line{block-size:100%;border-inline-start:1px solid;color:#d7d4d2;inset-inline-start:50%;position:relative}.layout-grid-column-heading{align-content:center;border-block-end:1px solid var(--egds-outline-variant,var(--egds-legacy-border-color));box-sizing:border-box;inline-size:100%;justify-content:center;padding-block-end:1rem;--egds-legacy-border-color:#dfe0e4}.layout-grid-column-heading-interactive:hover{--egds-legacy-border-color:#191e3b;border-block-end:3px solid var(--egds-on-surface,var(--egds-legacy-border-color));cursor:pointer;padding-block-end:.875rem}.layout-grid-column-heading-selected{align-content:center;border-block-end:3px solid var(--egds-secondary,var(--egds-legacy-background-color));box-sizing:border-box;cursor:pointer;inline-size:100%;justify-content:center;padding-block-end:.875rem;--egds-legacy-background-color:#e61e43}.layout-grid-column-heading-text{color:var(--egds-on-surface,var(--egds-legacy-color));--egds-legacy-color:#191e3b}.layout-grid-column-heading-text,.layout-grid-column-heading-text-selected{align-self:center;box-sizing:border-box;font-size:.875rem;font-weight:500;justify-self:center}.layout-grid-column-heading-text-selected{box-shadow:none;color:var(--egds-secondary,var(--egds-legacy-color));--egds-legacy-color:#e61e43}.grid-item-component-react{background-color:#4d5167;inline-size:2rem}.grid-item-component-react-selected{background-color:#c8dff9;border:1px solid #818494}.grid-item-component-react-border-radius-all{border-radius:25000rem}.grid-item-component-react-border-radius-top{border-radius:25000rem 25000rem 0 0}.range-indicator{margin-block-start:1.75rem}.range-indicator-dot{fill:#fff;stroke:#191e3b;stroke-width:2px}.range-indicator-grid{grid-gap:.375rem .25rem}.range-indicator-indicator{align-items:center;display:inline-flex;flex-direction:column;gap:.375rem;inset-block-end:2.25rem;position:relative}.range-indicator-indicator .uitk-badge{border-radius:156.25rem}.range-indicator-segment{block-size:.25rem;border-radius:.25rem}.range-indicator-segment__negative{background-color:#a7183c}.range-indicator-segment__neutral{background-color:#caccd2}.range-indicator-segment__positive{background-color:#57ca61}.range-indicator-segment__very-positive{background-color:#227950}.range-indicator-badge{background:#000;color:#fff}.calendar-rates-background{inline-size:100%;inset:0;overflow:hidden;position:absolute;z-index:-1}.calendar-rates-background-positive{background:#e6f7e9}.calendar-rates-background-negative{background:#ffefef}.calendar-rates-background-neutral{background:#ad8f0b}.calendar-rates-background-circle{border:2px solid #fff;border-radius:2500rem}.calendar-rates-background-rounded{border:2px solid #fff;border-radius:.5rem}.calendar-rates-background-flat{border:unset;border-radius:unset}.favorite-button{background-color:#fff;border-radius:2500rem;border-style:solid;cursor:pointer}.favorite-button-wrapper{align-items:center;block-size:3rem;cursor:pointer;display:flex;inline-size:3rem;justify-content:center;position:relative}.favorite-button-button-no-label{block-size:2rem;border-color:#fff;display:block;inline-size:2rem;padding:0;position:relative}.favorite-button-button-no-label:before{margin-block-start:-1rem;margin-inline-start:-1rem}.favorite-button-button-with-label{border-color:#caccd2;border-width:1px;color:#4d5167;display:inline-flex;font-family:[object Object];font-size:.75rem;font-weight:500;padding:0}.favorite-button-text{block-size:1rem;margin-block-end:.5rem;margin-block-start:.5rem;margin-inline-end:.625rem;margin-inline-start:2.25rem;max-inline-size:12rem;overflow:hidden;text-overflow:ellipsis;white-space:nowrap}.favorite-button-border-default,.favorite-button-fill-default{block-size:1.5rem;inline-size:1.5rem;inset-block-start:50%;inset-inline-start:50%;margin-block-start:-.75rem;margin-inline-start:-.75rem;position:absolute}.favorite-button-border,.favorite-button-fill{block-size:1.5rem;inline-size:1.5rem}.favorite-button-border-pill,.favorite-button-fill-pill{margin-block-end:.25rem;margin-block-start:.25rem;margin-inline-start:.5rem;position:absolute}.favorite-button-border-color-default{fill:#191e3b}.favorite-button-border-color-highlighed{fill:#e61e43}.favorite-button-fill{fill:transparent}.favorite-button-button-is-checked .favorite-button-border,.favorite-button-button-is-checked .favorite-button-fill{fill:#e61e43}@media (any-pointer:fine){.favorite-button:hover{cursor:pointer}.favorite-button:hover .favorite-button-border{fill:#e61e43}}.uitk-avatar{align-items:center;border-radius:2500rem;display:flex;justify-content:center}.uitk-avatar-hasborder{--egds-legacy-border-color:#dfe0e4;border:1px solid var(--egds-outline-variant,var(--egds-legacy-border-color))}.uitk-avatar-text{--egds-legacy-background-color:#fbf8f1;--egds-legacy-color:#191e3b;color:var(--egds-on-tertiary,var(--egds-legacy-color))}.uitk-avatar-icon,.uitk-avatar-text{background-color:var(--egds-tertiary,var(--egds-legacy-background-color))}.uitk-avatar-icon{--egds-legacy-background-color:#fbf8f1;--egds-legacy-fill-color:#191e3b;--egds-icons__theme:var(--egds-on-tertiary,var(--egds-legacy-fill-color))}.uitk-avatar-small{block-size:1.5rem;inline-size:1.5rem}.uitk-avatar-text-small{font-size:.75rem;font-weight:700;line-height:1rem}.uitk-avatar.uitk-avatar-icon-small{--egds-icons__size__block:1rem;--egds-icons__size__inline:1rem}.uitk-avatar-medium{block-size:2.25rem;inline-size:2.25rem}.uitk-avatar-text-medium{font-size:.75rem;font-weight:700;line-height:1rem}.uitk-avatar.uitk-avatar-icon-medium{--egds-icons__size__block:1.125rem;--egds-icons__size__inline:1.125rem}.uitk-avatar-large{block-size:3rem;inline-size:3rem}.uitk-avatar-text-large{font-size:1rem;font-weight:700;line-height:1.25rem}.uitk-avatar.uitk-avatar-icon-large{--egds-icons__size__block:1.5rem;--egds-icons__size__inline:1.5rem}.uitk-avatar-extra_large{block-size:4rem;inline-size:4rem}.uitk-avatar-text-extra_large{font-size:1.25rem;font-weight:700;line-height:1.5rem}.uitk-avatar.uitk-avatar-icon-extra_large{--egds-icons__size__block:2rem;--egds-icons__size__inline:2rem}.uitk-avatar-image{object-fit:cover;overflow:hidden}.uitk-avatar-placeholder{--uitk-avatar-placeholder-withurl:url(data:image/png;base64,iVBORw0KGgoAAAANSUhEUgAAAQAAAAEACAYAAABccqhmAAAACXBIWXMAABYlAAAWJQFJUiTwAAAAAXNSR0IArs4c6QAAAARnQU1BAACxjwv8YQUAAA3WSURBVHgB7d0PbxNHGsfxuVNc1ZFs1ESKIyUI+xojQgUVpQfcG7g3cC/hXujd6XpVWxVoQUpQnCqpiE9J1LiKIyWV7NN1fxs2BEiIjb2zs/N8P9Iq0AKCeOc3zzz7Z/7w17/9/f8OgEl/dADMIgAAwwgAwDACADCMAAAMIwAAwwgAwDACADCMAAAMIwAAwwgAwDACADCMAAAMIwAAwwgAwDACADCMAAAMIwAAwwgAwDACADCMAAAMIwAAwwgAwDACADCMAAAMIwAAwwgAwDACADCMAAAMIwAAwwgAwDACADCMAAAMIwAAwwgAwDACADCMAAAMIwAAwwgAwLAZh6jNzlZdrVZPv9ZrNVetVtPjo48qbmbmzY//+PjEDYcDNxgMXf+o705OfnP9ft8dHPQc4kQARKZSqbh6veYajQXXWGikA39Up7/29NfPz8+98f8UAr1ez+3u7aehgDgQAJHQgF1eWnKLi413ZvZp/fk62u2VpDI4cS93uq7b7aZVA8qLACgxzfaa6VvNG8msX3e+aAlxMwkCHTtJEHQ2NwmCkiIASmp5eSkdgBqMRf89dBAE5UQAlExahq+svLNGLxpBUE4EQEmo3G+3P03K/aYLmUJA4bTR2UzDAGEjAEpA6/sv798rvNwflf6en9+9k152XFt/4RAuAiBwmlE/u72aS2c/b61WM70q8c2337EkCBR3AgZMl9w0k5Zx8GdUDTx6+MDrVQqMjgAI1O3bt9IufwwIgXARAAHS4A+92TeuSmWGEAgQARAYlf2xDf4MIRAeAiAg7Vd318VMIaArGuM8o4D8EACBaDQa0Q/+TNYT0L0NKBYBEADNhp8l635LFAK3V239m0NEAATg/hfluclnmnSPQ7N5w6E4BEDBWq2m6abYzXabfkCBCIAC6cS3su6/jJqCq7dWHYpBABRIT/WV+S6/aVlcXAju6UYrCICCaPbXGhinFIbwjwAoCCf8m7JXjsEvAqAAzP4XIxT9IwAKwIl+MaoA/wgAz3T3G7P/5fSSU/hDAHjGCf5+y0vL3CLsEQHgmd7dj8vpvgBtbAI/CACPNLOxxr0aIekPAeARg380ejISfhAAHs3PfeJwNS0DZg0+HFUEAsAj7dKL0VAt+UEAeMRJPboajUAvCABPrl1j9h9HnWrJCwLAE576Gw/vCPCDAPDE4ht/JsH3yw8CwBO62uPje5Y/AgAwjADwhJJ2fDM8E5A7AgDB0g1ByBcBgGANBkOHfBEAnpycnDiMZzgYOOSLAECwBkMqgLwRAJ4cUwGMbUAFkDsCwJMhs9lYDg/7DvkjADzhhB7P/whMLwgAT9QEpAoY3eERgekDAeARVcDoDg5+dcgfAeDREbPayPp9vlc+EAAe7e7tO1zt+PiE+yY8IQA86veP6AOMoNfrOfhBAHik69q7u3sO77fT7Tr4QQB4xsn9fir/Dw6oAHwhADzTyc0y4HKU/34RAAXY2tp2uNhGZ9PBHwKgAFvbPzu8a2enS/ffMwKgAGoG6mTHm5j9/SMACqKTnV7Aa8z+xSAACqKTnV7Aa8z+xSAACqRegC57WddJBj+zfzEIgAKpF/Ds+XNnmQKQpmhxCICC6b6A7e1tZ9XjJ09580+BCIAAbHR+MrkUUOnPU3/FIgACoBnwm2+/M3VVYG9vn8ZfAAiAQKgJ9uMzG/0AVTtW/q2hIwACoicF19bXXcw0+FXtsO4PAwEQmK2tn9O1cYyywc8lv3AQAAHS2ji2EGDwh4kACJRCQOvkGBqD6vQz+MPE9qsB0/3xuk/g0cMHbna2nNuL69+wtv6CNX+gqAACp1lTs2fZnh7Uzr5ra+tpFcPgDxcVQAlklwgPej3XXlkJvhroJVXLD8nfl5I/fARAiWRLgpvtFbe8vORCo1m/0+lwb3+JEAAlk1UDahKGEgQa+HqeQQOfcr9cCICSCiEIGPjlRwCU3PkgmJ+fc63mDVev111eNOj39/bcy26X13dHgACIhIJAPQId1Wo1DYPFRsPVarWJm4a6jq8GpB7g0e5GzPbxIAAidD4MRIGgEFBlUK1+7Gars64y8+5HPxgO3TAZ3MfJ79ehwa4/iwEfLwLAAA1iHZTseBs3AgGGEQCAYQQAYBgBABhGAACGEQCAYQQAYBgBABhGAACGEQCAYQQAYBgBABhGAACGEQCAYQQAYBgBABhGAACGEQCAYQQAYBgBABhGAACGEQCAYQQAYBj7AkSmUqkkx4yr1erp19lq1c0kXyszFTczc/r/dOjHF8m29NYWYMPh4HRjkOHQHR+fnP1cP0YcCICS0k4/GuTpjj+1mqvXa+mgnnQbsFF/v7YLU0j0j/pJKPyW/pxtw8qHACgBbemlAa5jfm4uGaSzyWAv9qPLNiDVHoTnqUI4PDxyR0kwHCaB0Ov1CIWAEQCBUQk/lwzy+flPkpm97q5dqxc+2MehfQh1LC4unP23LBR6v/bS7clULSAMBEDBNOA1szcaC+nsnufW3kV5OxSGSU/hl196BEIACIACaJ3daDRcY2HhnRLaAlU0CoMsELKNS3f39lkyeEYAeKKBrlm+sdCYuFEXG1UHy8tL6SEKg51uNw0DrjjkiwDIUTbory8vl2odXzR937LKiDDIF2fllGl2X1pacn9qNRn0U3BRGOzsdB2mgzN0CtTI00navHHD5JrelywMbrZX0jDobG5SFUyIAJiABn6zeYPZ3rPzPQOqgslw1n4AzULtlRVm+wCcrwo2Opv0CsZEAIyBgR8uVQWf372TXlJ8mVQD3aQqIAiuRgCMgIFfHgoCVQNZRUAQvB8B8B66K+/26i0GfkkpBK4nfQJVBJ0kDPAuAuACau6125+6VrPpUG5ZRaAgUEVAs/BNBMBbWq1mesLQ1Y9L1iPQnZjrL9ZZFrzCWf6KbuC5e+cO5X7ksmcQVA2wLCAAUq0Ws741+rwXGwvu8ZOnpqsB0+8E1Fr/blIWqtHH4LdHTd5HDx+cPYRkkdmzXiW/PnytDWFX1hvQV4tLApMBoOT/y6MHzPo4oyWB3sD07PlzU+8jMLcEULnH4MdF1Bx89PDPpt7XYCoANPhV7jH4cZmsL2AlBMwEQDb4gauoH6AQUJM4diYCQKn+2e1VB4xKIXD/i3sudtEHgEq5L+/fo+zH2HRTmC4Rxyz6ANDdfVzqw4dqtZpR3ycQdQC02zzCi8ndXl2NtikYbQDoA9OruoBJaTPV1Vtx9pCiDQC9wIN1P6ZF9wjEWE1GGQCa/S3f3418aFKJTZQBEOMHheKpAoht78YoA4DGH/KiR4hjEl0AaPBz2Q95iW1pGV8AzDH7Iz+aXGK6RTi6AJgjAJCzmM6x6AJA12yBPM1WP3axiC4AYuvSIjzViO4KjC4AhsOhAzCa6AJgo9NxQF70BuGtrZ9dLKILAH04e3v7DsiD3hmoDUhjEeWNQD8+e87OL5g6vTX44KDnYhJlAOitrkpqYFo0oWxE+NrwaJ8GVFKvra87YFIa/N98+52LUdQvBKEfgGlYW38R1br/vOhfCUY/AJPQun9vb8/FKvoAUD9A5Rv3B2BcW9vbUa77zzPxWnCVb98/fuKAUfX7/WT2/8nFzszGIGoKajkAXEVLxu8fPzWxR6CprcF2dromd4DF6LKOf6xNv7eZ2xxUazpCABcZDIamBr+YCwAhBPA2i4NfTAaAEALIZINfjT9rzAaAEAKwPPjFdAAIIWCX9cEvvD/LubObPbSXIGyw1u2/jPkKIEMlYAeD/zUC4ByFwOMnT7ltOGIq97/6z9cM/ldYArxld3fPHR723aOHD6LdEtoq3du/tvbC4TUqgAtodrDeHIrN2to6g/8CBMAlFAL//upr+gIll633t7bjeZHnNLEEuIL6AsdJGGjHYZYE5dI76LkfnsX1Es9pIwBGoIeI9DThl/fvsfFISajkZ9a/GkuAEbEkKAeV/PqcGPyjoQIYk5YEL5OKgKsE4VGXXy/xsPAc/7QQAB9A1cA//vkvd7O94lqtppuZ4dtYJF2t0Ys7Y3tnvw+cuRPIqgEFwfLykoNfupe/0+lQ7k+AAJiQqgG9auyg1+NKgUdqzGrWp9yfDAEwJTohdagSIAjyo0t7G5vxbdFVFAJgyrIg0LJgaWmJIJgSBn4+CICcZP2B60lFQBB8OAZ+vgiAHKk/oCDQwdJgPAx8PwgAT873CK4nFcHc/JzDm9TV3+nuJN+n//IglicEgGdZEFSr1bRPMDc3Z74q0Gy/u7+ffl/o6vtFABQku3woi4sN11hYcI1Gw1UqNj6Sk+OTZLbvpgebtxaHAAiAXkKiw7nnZ2EQY2Wgsl7bteueCdb2YSAAAvM6DJybT/oEjcaCu1arl7JnoDV9T4M9ObTFNjN9eAiAgGmWzGbKSqXi6vWam08qAx21ej245YLKeg34w6Oj9O9NIy98BEBJqDl2PhBE7ybQMqFeq6U/rlY/To7Z3INBA72fDPLjk+Okl/FbOtD7/SMaeCVEAJTY6cDrny0ZMqoWdJVBQaCvs9XTXkL2tVq9vLcwGA7d8NVA1puQ9HMNbDUtdVDGx4UAiJAGLLMxRsEbgQDDCADAMAIAMIwAAAwjAADDCADAMAIAMIwAAAwjAADDCADAMAIAMIwAAAwjAADDCADAMAIAMIwAAAwjAADDCADAMAIAMIwAAAwjAADDCADAMAIAMIwAAAwjAADDCADAMAIAMIwAAAwjAADDCADAMAIAMIwAAAwjAADDfgcThqCm4sINnwAAAABJRU5ErkJggg==);background:var(--uitk-avatar-placeholder-withurl) no-repeat center;background-size:cover}.uitk-avatar-icon-lowtier,.uitk-avatar-text-lowtier{background-color:#213470}.uitk-button-tertiary[data-context=global_navigation]:hover .uitk-avatar-icon-lowtier,.uitk-button-tertiary[data-context=global_navigation]:hover .uitk-avatar-text-lowtier{background-color:#191e3b}.uitk-button-tertiary[data-context=global_navigation] .uitk-icon.uitk-avatar-icon-lowtier,.uitk-button-tertiary[data-context=global_navigation] .uitk-icon.uitk-avatar-text-lowtier{background-color:#213470}.uitk-avatar-icon-midtier,.uitk-avatar-text-midtier{background-color:#707480}.uitk-button-tertiary[data-context=global_navigation]:hover .uitk-avatar-icon-midtier,.uitk-button-tertiary[data-context=global_navigation]:hover .uitk-avatar-text-midtier{background-color:#191e3b}.uitk-button-tertiary[data-context=global_navigation] .uitk-icon.uitk-avatar-icon-midtier,.uitk-button-tertiary[data-context=global_navigation] .uitk-icon.uitk-avatar-text-midtier{background-color:#707480}.uitk-avatar-icon-hightier,.uitk-avatar-text-hightier{background-color:#8b6400}.uitk-button-tertiary[data-context=global_navigation]:hover .uitk-avatar-icon-hightier,.uitk-button-tertiary[data-context=global_navigation]:hover .uitk-avatar-text-hightier{background-color:#191e3b}.uitk-button-tertiary[data-context=global_navigation] .uitk-icon.uitk-avatar-icon-hightier,.uitk-button-tertiary[data-context=global_navigation] .uitk-icon.uitk-avatar-text-hightier{background-color:#8b6400}.uitk-avatar-icon-extrahightier,.uitk-avatar-text-extrahightier{background-color:#202029}.uitk-button-tertiary[data-context=global_navigation]:hover .uitk-avatar-icon-extrahightier,.uitk-button-tertiary[data-context=global_navigation]:hover .uitk-avatar-text-extrahightier{background-color:#191e3b}.uitk-button-tertiary[data-context=global_navigation] .uitk-icon.uitk-avatar-icon-extrahightier,.uitk-button-tertiary[data-context=global_navigation] .uitk-icon.uitk-avatar-text-extrahightier{background-color:#202029}@keyframes sheet-grow-right{0%{transform:translate(50%,-50%) scale(0)}to{transform:translate(var(--uitk-popover-sheet-grow-x),var(--uitk-popover-sheet-grow-y)) scale(1)}}@keyframes sheet-grow-left{0%{transform:translate(-50%,-50%) scale(0)}to{transform:translate(var(--uitk-popover-sheet-grow-x),var(--uitk-popover-sheet-grow-y)) scale(1)}}@keyframes sheet-fade-in{0%{opacity:0}to{opacity:1}}@keyframes sheet-fade-out{0%{opacity:1;transform:translate(var(--uitk-popover-sheet-grow-x),var(--uitk-popover-sheet-grow-y))}to{opacity:0;transform:translate(var(--uitk-popover-sheet-grow-x),var(--uitk-popover-sheet-grow-y))}}.egds-server-sheet{--egds-legacy-background-color:#fff;background-color:var(--egds-surface-high-elevation,var(--egds-legacy-background-color));box-shadow:0 2px .75rem rgba(12,14,28,.08);inset-block-end:0;position:fixed}.egds-server-sheet .uitk-sheet{--egds-sheet-bottom__position:absolute}.egds-server-sheet-content{flex-grow:1;overflow-y:auto;overscroll-behavior:contain;position:relative}.egds-server-sheet-content-padded{padding-block-end:1.5rem;padding-block-start:1.5rem;padding-inline-end:1.5rem;padding-inline-start:1.5rem}.egds-server-sheet-content-medium{--uitk-content-medium-size:36rem;margin-block:0;margin-inline:auto;max-inline-size:Min(100%,var(--uitk-content-medium-size))}.egds-server-sheet-content-extra-large{--uitk-content-extra-large-size:103.75rem;margin-block:0;margin-inline:auto;max-inline-size:Min(100%,var(--uitk-content-extra-large-size))}.egds-server-sheet-footer{--egds-legacy-background-color:#fff;background-color:var(--egds-surface-high-elevation,var(--egds-legacy-background-color));box-shadow:0 2px .75rem rgba(12,14,28,.08);position:relative;z-index:200}.egds-server-sheet-close-button-container{align-items:center;block-size:3rem;display:flex;inline-size:3rem;justify-content:center}.has-uitk-sheet{min-block-size:100vb;overflow:hidden}@supports not (block-size:1vb){.has-uitk-sheet{min-block-size:100vh}}.has-dialog .app-layer-base{transform:unset!important}.egds-server-dialog{--egds-legacy-background-color:#fff;background-color:var(--egds-surface-high-elevation,var(--egds-legacy-background-color));block-size:auto;border-radius:1rem;margin-block:0;margin-inline:3rem;max-block-size:calc(100vh - 6rem);max-inline-size:36rem;opacity:1;position:relative}.egds-server-dialog.egds-server-dialog-sheet.egds-dialog-fullscreen{block-size:100%;border-radius:0;inline-size:100%;inset-block-start:0;inset-inline-start:0;margin:0;max-block-size:100%;max-inline-size:100%;overflow:hidden;position:absolute}.egds-server-dialog.egds-server-dialog-sheet.egds-dialog-fullscreen-bg-default{--egds-legacy-background-color:#fff;background-color:var(--egds-surface-high-elevation,var(--egds-legacy-background-color))}.egds-server-dialog.egds-server-dialog-sheet.egds-dialog-fullscreen-bg-dark{--egds-legacy-background-color:#0c0e1c;background-color:var(--egds-overlay,var(--egds-legacy-background-color))}.egds-server-dialog.egds-server-dialog-sheet.egds-dialog-fullscreen-bg-canvas{--egds-legacy-background-color:#fbf8f1;background-color:var(--egds-surface-high-elevation,var(--egds-legacy-background-color))}.egds-server-dialog.egds-server-dialog-sheet.egds-dialog-fullscreen .egds-dialog-content{block-size:100%}.egds-server-dialog.egds-server-dialog-sheet.egds-dialog-fullscreen .egds-dialog-content-wrapper{max-block-size:100%}.egds-server-dialog-content{overflow:auto}.egds-server-dialog-content-wrapper{block-size:100%;display:flex;flex-direction:column;max-block-size:calc(100vh - 6rem);position:relative}.egds-server-dialog-content-wrapper .egds-dialog-content-container{overflow:auto}.egds-server-dialog-footer{display:flex;padding-block-start:1rem}.egds-server-dialog-footer-stacked{flex-direction:column}.egds-server-dialog-footer-stacked .egds-dialog-footer-section{margin-block-end:.75rem}.egds-server-dialog-footer-stacked .egds-dialog-footer-section:last-child{margin-block-end:0}.egds-server-dialog-footer:not(.egds-dialog-footer-stacked) .egds-dialog-footer-section{margin-inline-end:.75rem}.egds-server-dialog-footer:not(.egds-dialog-footer-stacked) .egds-dialog-footer-section:not(:first-child){padding-inline-start:0}.egds-server-dialog-footer:not(.egds-dialog-footer-stacked) .egds-dialog-footer-section:last-child{margin-inline-end:0}.egds-server-dialog-footer-section{flex-grow:1;inline-size:100%}.egds-server-dialog-footer-button{inline-size:100%}.egds-server-dialog-layer-responsive{align-items:center;display:flex;justify-content:center}.egds-server-dialog-layer{background:rgba(0,0,0,.4);inset:0;overflow-y:auto;position:fixed;z-index:700}@media screen and (max-width:var(breakpoint__small__max)){.egds-dialog-layer{block-size:var(--vh,inherit)}}@media screen and (min-width:var(breakpoint__medium__min)){.egds-dialog.egds-dialog-fullscreen.egds-dialog-sheet{border-radius:0;margin-block:0;margin-inline:3rem;max-block-size:calc(100vh - 6rem);max-inline-size:36rem;position:relative}.egds-dialog.egds-dialog-fullscreen.egds-dialog-sheet.egds-dialog-height-auto{block-size:auto}}.egds-dialog.egds-dialog-sheet.egds-dialog-fullscreen-strict{margin:auto;max-block-size:100%;max-inline-size:100%}.egds-dialog.egds-dialog-sheet.egds-dialog-fullscreen-strict .egds-dialog-content{inline-size:100%;margin-block:0;margin-inline:auto;max-inline-size:36rem}.egds-dialog.egds-dialog-sheet.egds-dialog-fullscreen-strict.egds-dialog-wide-content .egds-dialog-content{inline-size:100%;max-inline-size:75rem}.egds-full-server-sheet{background-color:var(--egds-background-color);block-size:100%;display:flex;flex-direction:column;inline-size:100%;inset:0;overflow-y:auto;position:fixed;z-index:700}.egds-full-server-sheet-standard{--egds-legacy-background-color:#fff;--egds-background-color:var(--egds-surface,var(--egds-legacy-background-color))}.egds-full-server-sheet-dark{--egds-legacy-background-color:#0c0e1c;--egds-background-color:var(--egds-overlay,var(--egds-legacy-background-color))}@media screen and (max-width:35.938rem){.egds-full-server-sheet{block-size:var(--vh,inherit)}}.egds-centered-server-sheet{block-size:var(--uitk-centered-sheet-height);border-radius:1rem;box-shadow:0 2px .75rem rgba(12,14,28,.08);display:flex;flex-direction:column;inline-size:clamp(Min(100%,var(--uitk-centered-sheet-min-size)),calc(100% - 6rem),var(--uitk-centered-sheet-max-size));inset-block-end:auto;margin-inline-end:3rem;margin-inline-start:3rem;max-block-size:calc(100% - 6rem);overflow-y:auto}.egds-centered-server-sheet-medium{--uitk-centered-sheet-min-size:32.5rem;--uitk-centered-sheet-max-size:45rem}@media screen and (max-width:32.5rem){.egds-centered-server-sheet-medium{border-radius:0}}.egds-centered-server-sheet-small{--uitk-centered-sheet-min-size:17.5rem;--uitk-centered-sheet-max-size:30rem}@media screen and (max-width:17.5rem){.egds-centered-server-sheet-small{border-radius:0}}.page-header{box-shadow:0 1px 0 0 rgba(12,14,28,.12);position:relative;width:100%;z-index:500}.header-region,.secondary-header-region{align-items:center;background-color:#fff;border-top:solid #e61e43;display:flex;flex-direction:column;justify-content:center;width:100%}.secondary-header-region{background-color:#fff;border-top:solid #fff}.site-header,.sub-header{align-items:center;display:flex;height:2.75rem;justify-content:space-between;width:100%}.site-header .navigation-bar>*,.sub-header .navigation-bar>*{display:flex;justify-content:center;width:2.75rem}.site-header .navigation-bar .uitk-button:hover,.sub-header .navigation-bar .uitk-button:hover{background:none}.site-header .navigation-bar #mobile-app-download-button .uitk-button:hover,.sub-header .navigation-bar #mobile-app-download-button .uitk-button:hover{background-color:#ecf4fd}.site-header .header-links__item a,.sub-header .header-links__item a{font-size:.875rem;font-weight:400}.site-header .drop-menu-button,.sub-header .drop-menu-button{background:none;border:0;min-height:0;min-width:0;padding:0}.site-header .header-logo,.sub-header .header-logo{line-height:0}.site-header .header-logo img,.sub-header .header-logo img{height:1.75rem;max-width:40vw}.site-header .header-logo img.extra-small-logo,.sub-header .header-logo img.extra-small-logo{height:1.125rem}.site-header .header-logo img.small-logo,.sub-header .header-logo img.small-logo{height:1.75rem}.site-header .header-logo img.large-logo,.sub-header .header-logo img.large-logo{height:2rem}.site-header .loyalty-cobrand-header-links,.sub-header .loyalty-cobrand-header-links{flex-wrap:nowrap;text-align:center}.site-header .loyalty-cobrand-header-links>*>.header-links__item,.sub-header .loyalty-cobrand-header-links>*>.header-links__item{margin-left:-.5rem}.site-header .loyalty_text,.sub-header .loyalty_text{font-weight:400}.site-header-expanded{align-items:center;display:flex;height:4rem;justify-content:space-between;width:100%}.site-header-expanded .navigation-bar-expanded>*{display:flex;justify-content:center}.site-header-expanded .navigation-bar-expanded .uitk-button:hover{background:none}.site-header-expanded .navigation-bar-expanded .sign-in-expanded span{color:#e61e43}.site-header-expanded .drop-menu-button{background:none;border:0;min-height:0;min-width:0;padding:0}.site-header-expanded .header-logo{line-height:0}.site-header-expanded .header-logo img{height:1.75rem;max-width:40vw}.site-header-expanded .header-logo img.extra-small-logo{height:1.125rem}.site-header-expanded .header-logo img.small-logo{height:1.75rem}.site-header-expanded .header-logo img.large-logo{height:2rem}.header-minimal-image-toolbar{width:100%}.header-links__nav .uitk-button-tertiary:hover .uitk-button-container{background-color:transparent}.header-links__nav .uitk-menu-icon-trigger{width:100%}.header-links__nav .uitk-button-text{color:#4d5167;font-size:.875rem}.header-links__nav .uitk-icon{color:#4d5167}.header-links__item{font-weight:500}.header-links__item a{color:#e61e43}.header-links__item a:hover{text-decoration:none}.header-links__item.active{border-bottom-width:2px;border-color:#191e3b}.header-links__item.active a{color:#191e3b}.linkbar{display:block;height:2.25rem;min-height:auto;-webkit-overflow-scrolling:touch;overflow-x:auto;white-space:nowrap}.linkbar::-webkit-scrollbar{background:transparent;height:0}.linkbar__nav{display:flex;height:100%}.linkbar__link{align-items:center;border-bottom:3px solid transparent;color:#4d5167;display:inline-flex;flex:1 0 auto;padding:0 .75rem}.linkbar__link.current{border-color:#e61e43;color:#191e3b}.footer{color:#4d5167;flex:0;padding:.75rem .5rem 5.75rem}.footer-container{align-self:flex-end}.footer-link-list{line-height:1.5rem;padding:0}.footer-link-list li{display:inline-block;padding-right:.75rem}.footer-link-list a{color:inherit;white-space:nowrap}.footer-link-list a .screen-reader-only-hidden{border:0;clip:rect(0 0 0 0);height:1px;margin:-1px;overflow:hidden;padding:0;position:absolute;width:1px}.footer-link-list a .screen-reader-only-hidden.focusable:active,.footer-link-list a .screen-reader-only-hidden.focusable:focus{clip:auto;height:auto;margin:0;overflow:visible;position:static;width:auto}.footer-legal-text{margin:auto;max-width:100%}.legal{margin-top:auto}.eg-stripe-toolbar{background-color:#0d4eaf;box-shadow:0 1px 0 0 rgba(12,14,28,.12);position:relative;z-index:200}.eg-stripe-toolbar-container{margin:auto}@keyframes menu-grow-down{0%{transform:translateY(-100%);z-index:-100}to{transform:translateY(.01vh);z-index:1}}.custom-menu-pos-left{left:0}.custom-menu-pos-right{right:0}.menu-right-mobile-position{right:-6.5rem}.custom-menu{align-self:center;display:inline-flex}.custom-menu .custom-menu-language-item{text-transform:capitalize}.custom-menu .loyalty-badge{border:1px solid #fff}.custom-menu .custom-menu-container{background-color:#fff;border-radius:.5rem;box-shadow:0 .5rem 1rem 0 rgba(12,14,28,.24);flex-direction:column;line-height:1.25;max-width:23.438rem;min-width:3rem;overflow-x:hidden;overflow-y:auto;position:absolute;top:2.625rem;width:100vw}.custom-menu .custom-menu-container .uitk-link .custom-menu-text-link{color:#1668e3;padding:0}.custom-menu .custom-menu-container .uitk-link .screen-reader-select-hidden{-webkit-touch-callout:none;-webkit-user-select:none;user-select:none}.custom-menu .custom-menu-active * .uitk-button-text,.custom-menu .custom-menu-active .uitk-button-text{color:#191e3b}.custom-menu .custom-menu-active * .uitk-icon,.custom-menu .custom-menu-active .uitk-icon{fill:#191e3b}.custom-menu-section h3.custom-menu-section-label{color:#31374f;font-size:1.25rem;padding:.75rem 1.5rem}.custom-menu-section-card-container{max-height:15.625rem;overflow-y:hidden}.custom-menu-section-card-container.visible{max-height:none;overflow-y:auto}.uitk-button.is-hidden{display:none}.view-all{margin:0;width:100%}.view-all .uitk-button-container{background-color:#fff;border-color:#cccfdb;border-width:1px;color:#005aeb}.custom-menu-mounted .custom-menu-container{display:none;opacity:0;pointer-events:none}.custom-menu-checkbox:not(:checked)~.custom-menu-container{display:none}.custom-menu-checkbox:checked~.custom-menu-container{display:block}.custom-menu-container{display:none}.custom-menu-mounted .custom-menu-container{animation-duration:60ms;animation-fill-mode:forwards;animation-iteration-count:1;animation-name:menu-fade-out}.custom-menu-mounted .custom-menu-container.custom-menu-open{animation-delay:0ms,60ms;animation-duration:.18s,60ms;display:flex;pointer-events:auto}.custom-menu-mounted .custom-menu-container.custom-menu-open.custom-menu-pos-left,.custom-menu-mounted .custom-menu-container.custom-menu-open.custom-menu-pos-right{animation-name:menu-grow-down,menu-fade-in}.custom-menu-mounted .custom-menu-container.custom-menu-open>*{animation-delay:80ms;animation-duration:80ms;animation-name:menu-fade-in}.custom-menu-mounted .custom-menu-container.animation-disabled{animation-duration:0s}@media only screen and (max-width:35.938rem){#gc-custom-header-tool-bar-shop-menu,#header-toolbar-nav{display:none}.custom-menu-mounted .custom-menu-container.custom-menu-open{animation-delay:0ms,60ms;animation-duration:.18s,60ms}.custom-menu-section{padding-bottom:.75rem}}@media only screen and (min-width:36rem){#header-toolbar-nav{display:flex}#gc-custom-header-nav-bar-shop-menu{display:none}.custom-menu-mounted .custom-menu-container.custom-menu-open{animation-delay:0ms,60ms;animation-duration:.18s,60ms}.custom-menu-section{padding-bottom:.75rem;padding-top:.313rem}.view-all{padding:0;position:absolute;right:0;top:.625rem;width:auto}.view-all .uitk-button-container{border:0}.custom-menu-pos-left{left:-.5rem}}@media only screen and (min-width:62rem){.custom-menu-mounted .custom-menu-container.custom-menu-open{animation-delay:0ms,60ms;animation-duration:.18s,60ms}.account-balance-details .gc-header-custom-menu-trigger .uitk-button-container span.uitk-button-text{max-width:31.25rem}.gc-header-custom-menu-trigger .uitk-button-container span.uitk-button-text{display:inline;max-width:8.125rem;overflow:hidden;text-overflow:ellipsis;white-space:nowrap}}.site-header .header-logo{vertical-align:text-top}.page-header{border-top-width:0}.page-header .uitk-button.all-x-padding-three{padding-left:.75rem;padding-right:.75rem}.header-region.bsa-background-color{background-color:#fff}.site-header{height:3rem}.site-header .uitk-menu .uitk-button{font-size:.875rem;font-weight:500}.site-header .navigation-bar>*{width:3rem}.site-header .global-nav-header-links__nav>*>*>.uitk-button,.site-header .global-nav-header-links__nav>*>*>.uitk-button div,.site-header .global-nav-header-links__nav>*>.uitk-button,.site-header .global-nav-header-links__nav>*>.uitk-button div,.site-header .global-nav-header-links__nav>.uitk-button,.site-header .global-nav-header-links__nav>.uitk-button div,.site-header .navigation-bar>*>*>.uitk-button,.site-header .navigation-bar>*>*>.uitk-button div,.site-header .navigation-bar>*>.uitk-button,.site-header .navigation-bar>*>.uitk-button div,.site-header .navigation-bar>.uitk-button,.site-header .navigation-bar>.uitk-button div,.sub-header .global-nav-header-links__nav>*>*>.uitk-button,.sub-header .global-nav-header-links__nav>*>*>.uitk-button div,.sub-header .global-nav-header-links__nav>*>.uitk-button,.sub-header .global-nav-header-links__nav>*>.uitk-button div,.sub-header .global-nav-header-links__nav>.uitk-button,.sub-header .global-nav-header-links__nav>.uitk-button div,.sub-header .navigation-bar>*>*>.uitk-button,.sub-header .navigation-bar>*>*>.uitk-button div,.sub-header .navigation-bar>*>.uitk-button,.sub-header .navigation-bar>*>.uitk-button div,.sub-header .navigation-bar>.uitk-button,.sub-header .navigation-bar>.uitk-button div{background:none;color:#e61e43;font-size:.875rem;font-weight:500}.site-header .global-nav-header-links__nav>*>*>.uitk-button div:hover,.site-header .global-nav-header-links__nav>*>*>.uitk-button:hover,.site-header .global-nav-header-links__nav>*>.uitk-button div:hover,.site-header .global-nav-header-links__nav>*>.uitk-button:hover,.site-header .global-nav-header-links__nav>.uitk-button div:hover,.site-header .global-nav-header-links__nav>.uitk-button:hover,.site-header .navigation-bar>*>*>.uitk-button div:hover,.site-header .navigation-bar>*>*>.uitk-button:hover,.site-header .navigation-bar>*>.uitk-button div:hover,.site-header .navigation-bar>*>.uitk-button:hover,.site-header .navigation-bar>.uitk-button div:hover,.site-header .navigation-bar>.uitk-button:hover,.sub-header .global-nav-header-links__nav>*>*>.uitk-button div:hover,.sub-header .global-nav-header-links__nav>*>*>.uitk-button:hover,.sub-header .global-nav-header-links__nav>*>.uitk-button div:hover,.sub-header .global-nav-header-links__nav>*>.uitk-button:hover,.sub-header .global-nav-header-links__nav>.uitk-button div:hover,.sub-header .global-nav-header-links__nav>.uitk-button:hover,.sub-header .navigation-bar>*>*>.uitk-button div:hover,.sub-header .navigation-bar>*>*>.uitk-button:hover,.sub-header .navigation-bar>*>.uitk-button div:hover,.sub-header .navigation-bar>*>.uitk-button:hover,.sub-header .navigation-bar>.uitk-button div:hover,.sub-header .navigation-bar>.uitk-button:hover{color:#191e3b;fill:#191e3b}.site-header .navigation-bar>*,.sub-header .navigation-bar>*{width:inherit}.uitk-list-divider{border:none;border-bottom:1px solid #999ca8;box-sizing:border-box;display:flex;flex-direction:column;margin:.75rem 0}.uitk-menu-icon-trigger{width:inherit}.sub-header{height:3rem}.sub-header,.sub-header .loyalty_text .uitk-text,.sub-header a{color:#31374f}.site-header.my-list__icon.uitk-button-old:not([class~=uitk-button-action]):not([class~=uitk-button-old-link]):not([class~=uitk-step-input-button]){padding:0 .75rem}.no-stripe{border-top:none}.global_navigation__header__default__max_width{max-width:78rem}.global-nav-header-links__nav .uitk-button-tertiary:hover .uitk-button-container{background-color:transparent}.global-nav-header-links__nav .uitk-menu-icon-trigger{width:100%}.global-nav-header-links__nav .header-links__item a{font-size:.875rem;font-weight:500}.global-nav-header-links__nav .uitk-button-text{color:#e61e43;font-size:.875rem}.global-nav-header-links__item{font-weight:500}.global-nav-header-links__item a{color:#e61e43}.global-nav-header-links__item a:hover{color:#191e3b;text-decoration:none}.global-nav-header-links__item.active{border-bottom-width:2px;border-color:#191e3b}.global-nav-header-links__item.active a{color:#191e3b}.header-guest-heading .heading-container{padding:1.5rem 1.5rem .75rem}.header-guest-heading .heading-container.one-key-account-menu{padding:1.5rem}.header-guest-heading .heading-container .actions{padding-top:1.5rem}.header-guest-heading .heading-container .actions a[data-stid=link-header-account-owner-signin]{margin-top:.5rem}.header-guest-heading .heading-container .uitk-button{font-size:1rem;font-weight:500;height:2.5rem}.header-guest-heading .heading-container .uitk-button-primary .uitk-button,.header-guest-heading .heading-container .uitk-button-primary .uitk-button:hover{color:#fff}.header-guest-heading .heading-container .uitk-button-primary:hover{background-color:#999ca8}.header-guest-heading .heading-container .uitk-button-tertiary{margin-top:.5rem}.header-guest-heading .heading-container .uitk-button-tertiary .uitk-button{color:#e61e43}.header-guest-heading .heading-container .uitk-button-tertiary .uitk-button:hover{color:#a7183c}.header-guest-heading .heading-container .uitk-button-tertiary:hover *{background-color:hsla(0,0%,100%,0)}.header-signed-in-heading .heading-container{padding:1.5rem 1.5rem .75rem}.uitk-icon-loyalty-lowtier{color:#213470}.uitk-button-tertiary[data-context=global_navigation]:hover .uitk-icon.uitk-icon-loyalty-lowtier{color:#191e3b}.uitk-button-tertiary[data-context=global_navigation] .uitk-icon.uitk-icon-loyalty-lowtier{color:#213470}.uitk-icon-loyalty-midtier{color:#707480}.uitk-button-tertiary[data-context=global_navigation]:hover .uitk-icon.uitk-icon-loyalty-midtier{color:#191e3b}.uitk-button-tertiary[data-context=global_navigation] .uitk-icon.uitk-icon-loyalty-midtier{color:#707480}.uitk-icon-loyalty-hightier{color:#8b6400}.uitk-button-tertiary[data-context=global_navigation]:hover .uitk-icon.uitk-icon-loyalty-hightier{color:#191e3b}.uitk-button-tertiary[data-context=global_navigation] .uitk-icon.uitk-icon-loyalty-hightier{color:#8b6400}.uitk-icon-loyalty-extrahightier{color:#202029}.uitk-button-tertiary[data-context=global_navigation]:hover .uitk-icon.uitk-icon-loyalty-extrahightier{color:#191e3b}.uitk-button-tertiary[data-context=global_navigation] .uitk-icon.uitk-icon-loyalty-extrahightier{color:#202029}.uitk-text-loyalty-lowtier{color:#213470}.uitk-button-tertiary[data-context=global_navigation]:hover .uitk-text.uitk-text-loyalty-lowtier{color:#191e3b}.uitk-button-tertiary[data-context=global_navigation] .uitk-text.uitk-text-loyalty-lowtier{color:#213470}.uitk-text-loyalty-midtier{color:#707480}.uitk-button-tertiary[data-context=global_navigation]:hover .uitk-text.uitk-text-loyalty-midtier{color:#191e3b}.uitk-button-tertiary[data-context=global_navigation] .uitk-text.uitk-text-loyalty-midtier{color:#707480}.uitk-text-loyalty-hightier{color:#8b6400}.uitk-button-tertiary[data-context=global_navigation]:hover .uitk-text.uitk-text-loyalty-hightier{color:#191e3b}.uitk-button-tertiary[data-context=global_navigation] .uitk-text.uitk-text-loyalty-hightier{color:#8b6400}.uitk-text-loyalty-extrahightier{color:#202029}.uitk-button-tertiary[data-context=global_navigation]:hover .uitk-text.uitk-text-loyalty-extrahightier{color:#191e3b}.uitk-button-tertiary[data-context=global_navigation] .uitk-text.uitk-text-loyalty-extrahightier{color:#202029}.uitk-button-tertiary-large-icon .uitk-icon{block-size:1.5rem;inline-size:1.5rem;min-inline-size:1.5rem}.gdpr-banner-explicit{background-color:#31374f}.gdpr-banner-explicit__content{margin:auto;max-width:75rem}.gdpr-banner-explicit__content p{color:#fff}.gdpr-banner-explicit__content p a{font-size:1rem;line-height:1.25rem}@media only screen and (max-width:35.938rem){.gdpr-banner-explicit__content{flex-wrap:wrap}}.gdpr-banner-explicit__content__button-area{margin:auto 0 auto auto}.page-header #gdpr-banner{width:100%}.mad-marquee-container{margin:0 auto;max-width:75rem;padding-bottom:.75rem}.mad-marquee-container.bex-homepage-module,.mad-marquee-container.comet-homepage-module{max-width:78rem}.SimpleContainer{margin-left:auto;margin-right:auto;max-width:40.625rem;width:100%}.SimpleContainer>div,.SimpleContainer>h2{padding-left:.75rem;padding-right:.75rem}.SimpleContainer>.GridContainer,.SimpleContainer>.LazyLoadRegion,.SimpleContainer>.SimpleContainer,.SimpleContainer>.SpacingContainer.inlineSpacingContainerUnset{padding-left:0;padding-right:0}.SimpleContainer.bex-homepage-module,.SimpleContainer.comet-homepage-module{max-width:78rem}.SimpleContainer.comet-homepage-module>div{padding-bottom:.75rem;padding-top:.75rem}.SimpleContainer.whiteBackground{background:#fff}.SimpleContainer .wizard-padding{max-width:78rem;padding-left:1.5rem;padding-right:1.5rem}.SimpleContainer.storefrontWizard,.SimpleContainer.wizardHero{position:relative}.SimpleContainer .NativeCardPadding{padding-left:0}@media (min-width:62rem){.SimpleContainer .NativeShowcasePadding{padding-right:0}}@media screen and (max-width:61.938rem){.SimpleContainer .NativeShowcasePadding{padding-bottom:0}}.SimpleContainer.wizardHero.fullWidth{background:none;margin-bottom:0;max-width:100%;padding-bottom:0}.SimpleContainer.wizardHero.fullWidth .DestinationHero{background-position:50%;margin-bottom:0}.SimpleContainer.wizardHero.fullWidth.bottomPadding{padding-bottom:4rem}@media screen and (min-width:36rem){.SimpleContainer.wizardHero.fullWidth.bottomPadding{padding-bottom:6rem}.SimpleContainer.wizardHero.fullWidth.bottomPadding .DestinationHero{min-height:26.875rem!important}}@media screen and (min-width:62rem){.SimpleContainer.wizardHero.fullWidth.bottomPadding{padding-bottom:5.75rem}.SimpleContainer.wizardHero.fullWidth.bottomPadding .DestinationHero{height:26.875rem}}.SimpleContainer.wizardHero .CenteredDestinationWizard.SimpleContainer{height:100%;left:0;position:absolute;right:0;top:0}.SimpleContainer.wizardHero .SimpleContainer{position:relative}.SimpleContainer.wizardHero .Editorial.confidenceMessage:last-child{padding-bottom:1.5rem}.SimpleContainer.region-without-border{border:none}.SimpleContainer .SEOLinks{padding-left:.75rem}.SimpleContainer .SEOLinks .Links,.SimpleContainer .SEOLinks h2{padding-left:0}.SimpleContainer.storefrontWizard{background:#fff;margin-bottom:.75rem;padding-bottom:.75rem}@media (min-width:62rem){.SimpleContainer.storefrontWizard{max-width:100%;padding-left:calc(50% - 37.5rem);padding-right:calc(50% - 37.5rem)}}.SimpleContainer.dxPageContent>div{margin-bottom:1.5rem;margin-top:0;padding-bottom:0;padding-top:0}.fullScreenWidth{min-width:100%}@media screen and (max-width:35.938rem){.SimpleContainer .SimpleContainer.wizardHero{margin-left:0;margin-right:0}.bex-homepage-module,.comet-homepage-module{padding-left:.75rem;padding-right:.75rem}.SimpleContainer .wizard-padding,.SimpleContainer.heroEditorial{padding-left:0;padding-right:0}.backgroundBright1Surface{background-color:#e61e43}}@media (min-width:36rem){.SimpleContainer{max-width:61.938rem}.bex-homepage-module,.comet-homepage-module{padding-left:.75rem;padding-right:.75rem}}@media (min-width:62rem){.SimpleContainer{align-content:flex-start;flex-grow:0;max-width:75rem}.SimpleContainer.bex-homepage-module{padding-left:.75rem;padding-right:.75rem}.SimpleContainer.bex-homepage-module .SimpleContainer{max-width:78rem}.SimpleContainer.comet-homepage-module{padding-left:.75rem;padding-right:.75rem}.SimpleContainer.comet-homepage-module .SimpleContainer{max-width:78rem}.SimpleContainer.dxPageContent>div{padding-left:0;padding-right:0}}.SpacingContainer:empty{display:none}.SpacingContainer:not(:has(>:not(:empty))){display:none}.SpacingContainer:has(>.LazyLoadRegion>:not(.lazyload-placeholder):empty){display:none}p{margin-top:1rem}p:first-child{margin-top:0}.Editorial .noBackground{background:none}.Editorial .header{cursor:pointer;width:100%}.Editorial .header .allBorderZero{border:0}.Editorial .header h2{flex:1}.Editorial .confidenceMessageItem{word-break:keep-all}.Editorial .confidenceMessageItem [style]{color:inherit!important}.Editorial .confidenceMessageItem b,.Editorial .confidenceMessageItem strong{font-weight:400}.Editorial .cardWithLinkText a{min-height:auto}.Editorial .editorialTextColumn{column-count:1}.Editorial .editorialTextColumn div h4{margin-bottom:1rem}.Editorial .editorialTextColumn div p{padding-bottom:1rem}.Editorial .singleColumn h2{margin-bottom:1.5rem}.Editorial .singleColumn div>div:not(:only-of-type):not(:first-child){margin-top:1.5rem}.Editorial .singleColumn div p{margin-top:.5rem}.Editorial .blossomLightGrey h2{margin-bottom:0}.Editorial .editorialTextColumn a,.Editorial .singleColumn a{text-decoration:underline}.Editorial .editorialTextColumn h2:not(:first-child),.Editorial .editorialTextColumn h3:not(:first-child),.Editorial .editorialTextColumn h4:not(:first-child),.Editorial .editorialTextColumn h5:not(:first-child),.Editorial .singleColumn h2:not(:first-child),.Editorial .singleColumn h3:not(:first-child),.Editorial .singleColumn h4:not(:first-child),.Editorial .singleColumn h5:not(:first-child){margin-top:1.5rem}.Editorial .editorialTextColumn p,.Editorial .singleColumn p{margin-top:.5rem}.Editorial .editorialTextColumn p:first-child,.Editorial .singleColumn p:first-child{margin-top:0}.Editorial .editorialContent{width:100%}.Editorial .infoMessage{cursor:pointer;display:inline}.Editorial .infoMessage span{margin-right:.25rem}.Editorial .snippet{max-height:9.5rem;min-height:9.5rem}@media screen and (max-width:35.938rem){.Editorial .snippet{max-height:10.5rem;min-height:10.5rem}}@media screen and (min-width:62rem){.Editorial .editorialTextColumn{column-count:2}.Editorial .editorialTextColumn li{break-inside:avoid-column}}.Editorial .uitk-type-900{font-size:3.5rem;line-height:3.5rem}.Editorial .uitk-type-800{font-size:2.625rem;line-height:2.75rem}.Editorial .uitk-type-700{font-size:2.25rem;line-height:2.5rem}.Editorial .uitk-type-600{font-size:1.75rem;line-height:2rem}.Editorial .uitk-type-500{font-size:1.25rem;line-height:1.5rem}.Editorial .uitk-type-400{font-size:1rem;line-height:1.25rem}.Editorial .site-header,.Editorial .site-header-expanded,.Editorial .sub-header,.Editorial .uitk-type-300{font-size:.875rem;line-height:1.125rem}.Editorial .uitk-type-200{font-size:.75rem;line-height:1rem}.Editorial .uitk-type-100{font-size:.625rem;line-height:.75rem}.Editorial .uitk-type-heading-600{font-size:1.75rem;font-weight:500}.Editorial .uitk-type-heading-500{font-size:1.25rem;font-weight:500}.Editorial .uitk-type-heading-400{font-size:1rem;font-weight:500}.Editorial .uitk-type-heading-300{font-size:.875rem;font-weight:500}.Editorial .uitk-type-display-900{font-size:3.5rem;font-weight:500}.Editorial .uitk-type-display-800{font-size:2.625rem;font-weight:500}.Editorial .uitk-type-display-700{font-size:2.25rem;font-weight:500}.editorialImage{width:100%}.editorial-images-flex-container .images-size{height:2.75rem}.editorial-images-flex-container .uitk-image-placeholder{position:inherit}.editorialInfoDialog{margin:1.5rem;transform:translateY(100%);width:inherit}.ntsFlex .ntsFlexRatio{padding-bottom:15.5rem}.contentVideoContainer{height:0;padding-top:56.25%}@media (max-width:35.938rem){.SimpleContainer>.SimpleContainer:last-child>.editorialSpacing{padding-bottom:0}}.Links .uitk-expando-card-item{margin:0}.Links .no-bullet{list-style:none}.TabGroup .links-item-center h3{text-align:center}.TabGroup.no-card .uitk-card{background:none}.TabGroup.no-card .uitk-card-text-segment{padding-left:0;padding-right:0}.LinksGridItem{width:100%}.DestinationHero{background-position:bottom;background-size:cover;min-height:20rem}.DestinationHero.searchFormView{min-height:29rem}.DestinationHero.withAltAttr{padding:0}.DestinationHero.search-form-view-with-bottom-overlap{border-radius:.25rem;height:100%;margin-left:20%;width:80%}@media screen and (min-width:62rem){.DestinationHero{height:31.25rem}.DestinationHero.searchFormView{min-height:36rem}}@media screen and (max-width:35.938rem){.DestinationHero.search-form-view-with-bottom-overlap{border-radius:0;height:auto;margin-left:0;min-height:11rem;width:100%}}.DestinationHero.wizardImage{margin-bottom:.75rem}@media screen and (min-width:62rem){.DestinationHero.wizardImage{height:auto;min-height:11.25rem}}@media screen and (max-width:35.938rem){.DestinationHero.wizardImage{min-height:8.75rem}}.DestinationHeroDx .large-icon .uitk-icon.uitk-favorite-switch-fill{height:calc(3rem - 2px);width:calc(3rem - 2px)}.DestinationHeroDx .large-icon .uitk-icon.uitk-favorite-switch-border{height:3rem;width:3rem}.DestinationHeroDx .AttributionText{z-index:51}.DestinationHeroDx .GalleryCarousel{margin:0 -.75rem}.DestinationHeroDx>.SimpleContainer>div{width:auto}.SimpleContainer .WizardHeroWithHeadings{padding-left:unset;padding-right:unset}.WizardHeroWithHeadings .heroImageHeadings h1,.WizardHeroWithHeadings .heroImageHeadings h2{color:#fff;text-shadow:0 0 0 #dfe0e4}.SimpleContainer .WizardHotelPWAv2Row{padding-left:unset;padding-right:unset}.WizardHotelPWAv2Row .wizardCard{border-bottom:1px solid #cccfdb}@media (min-width:36rem){.WizardHotelPWA .airlineAgeRules{display:inline;padding-left:.5rem}}@media (min-width:62rem){.WizardHotelPWA .airlineAgeRules{display:flex;padding-left:0}}.WizardHotelPWA .airlineChildSeating .uitk-radio-group{display:inline-flex}.WizardHotelPWA .airlineChildSeatingText{display:inline}.WizardHotelPWA .checkboxesContainer{align-items:center;display:flex}.WizardHotelPWA .packageCheckbox{display:inline-block}@media (min-width:36rem){.WizardHotelPWA .packageDisabledMessage{display:inline-block;flex-wrap:wrap}}.WizardHotelPWA .guests-input{color:transparent;cursor:pointer;text-shadow:0 0 0 #191e3b}.WizardHotelPWA .sticky{background:#fff;box-shadow:0 2px .25rem rgba(0,0,0,.2);left:0;margin:0 auto;max-width:75rem;padding:.75rem .75rem 0;position:fixed;right:0;top:-6.25rem;transform:translateY(6.188rem);transition:transform .2s ease-in-out;z-index:300}.WizardHotelPWA .sticky h1{color:#191e3b}.WizardHotelPWA .stickyWillExit{padding:0;transition:none}.WizardHotelPWA .absolute{position:absolute}.WizardHotelPWA .centerWizard{margin:0 auto;max-width:75rem}.WizardHotelPWA .StickyCTAMobile{background:#fff;bottom:0;box-shadow:0 2px .25rem rgba(0,0,0,.2);left:0;position:fixed;right:0;transform:translateY(100%);z-index:300}.WizardHotelPWA .StickyCTAMobile.slide-in-enter{transform:translateY(100%)}.WizardHotelPWA .StickyCTAMobile.slide-in-enter-active{transform:translateY(0);transition:transform .3s ease-in-out}.WizardHotelPWA .StickyCTAMobile.slide-in-enter-done,.WizardHotelPWA .StickyCTAMobile.slide-in-exit{transform:translateY(0)}.WizardHotelPWA .StickyCTAMobile.slide-in-exit-active{transform:translateY(100%);transition:transform .3s ease-in-out}.WizardHotelPWA .StickyCTAMobile.slide-in-exit-done{transform:translateY(100%)}.DestinationHero.wizard~.CenteredDestinationWizard .WizardHotelPWA-wrapper,.DestinationHero.wizard~.WizardHotelPWA .WizardHotelPWA-wrapper{flex:1 auto;width:100%}.DestinationHero.wizard~.CenteredDestinationWizard .titlePage,.DestinationHero.wizard~.WizardHotelPWA .titlePage{color:#fff}@media (min-width:36rem){.DestinationHero.wizard~.CenteredDestinationWizard .titlePage,.DestinationHero.wizard~.WizardHotelPWA .titlePage{font-size:2.625rem;line-height:2.75rem}}@media (min-width:62rem){.DestinationHero.wizard~.CenteredDestinationWizard .titlePage,.DestinationHero.wizard~.WizardHotelPWA .titlePage{font-size:3.5rem;line-height:3.5rem}}.DestinationHero.wizard~.CenteredDestinationWizard .subTitlePage,.DestinationHero.wizard~.WizardHotelPWA .subTitlePage{color:#fff}@media (min-width:36rem){.DestinationHero.wizard~.CenteredDestinationWizard .subTitlePage,.DestinationHero.wizard~.WizardHotelPWA .subTitlePage{font-size:2.25rem;line-height:2.5rem}}@media (min-width:62rem){.DestinationHero.wizard~.CenteredDestinationWizard .subTitlePage,.DestinationHero.wizard~.WizardHotelPWA .subTitlePage{font-size:2.625rem;line-height:2.75rem;padding-left:1px}}.DestinationHero.wizard~.CenteredDestinationWizard .is-invalid .uitk-validation-error,.DestinationHero.wizard~.WizardHotelPWA .is-invalid .uitk-validation-error{background-color:#a7183c;border-radius:.75rem;color:#fff;padding:.25rem .75rem}.DestinationHero.wizard~.WizardHotelPWA{align-items:center;display:flex;flex-wrap:wrap;height:100%;left:0;position:absolute;top:0}@media screen and (min-width:36rem){.DestinationHero.wizard~.WizardHotelPWA.search-form-bex{padding-block-end:5rem;position:relative;top:2.5rem}}@media screen and (min-width:62rem){.DestinationHero.wizard~.WizardHotelPWA.search-form-bex{padding-left:0}}@media screen and (max-width:35.938rem){.DestinationHero.wizard~.WizardHotelPWA.search-form-bex{padding-block-end:0;padding-left:.75rem;position:absolute;top:0}}.DestinationHero.wizard~.WizardHotelPWA.bottomSlideView{padding-block-end:5rem;position:relative;top:4rem}.DestinationHero.wizard~.CenteredDestinationWizard .WizardHotelPWA{align-items:center;display:flex;flex-wrap:wrap;height:100%}.DestinationHero.wizard.withAttributionText~.WizardHotelPWA{top:-.7em}.WizardFlightPWALP-Wrapper .is-hidden,.guests-hidden{display:none}@media screen and (max-width:61.938rem){.WizardFlightPWALP-Wrapper.landing-page-ux-tweaks{height:21.875rem}.WizardFlightPWALP-Wrapper.landing-page{height:29.375rem}}@media screen and (min-width:62rem){.WizardFlightPWALP-Wrapper.landing-page-ux-tweaks{height:15.625rem}.WizardFlightPWALP-Wrapper.landing-page{height:20rem}}@media screen and (min-width:36rem){.WizardRegionHotwire--SingleLob .WizardFlightPWAHotwire #flight-type-menu>button{color:#fff}}.CallToAction{cursor:pointer}.CallToAction .cardAffinityHeading{color:#fff;left:50%;position:absolute;top:50%;transform:translate(-50%,-50%);white-space:normal}.CallToAction .uitk-card{height:100%}.AttributionText{background-color:rgba(0,0,0,.5);bottom:0;color:#fff;font-size:.625rem;margin:.25rem 0 0 auto;max-width:100%;position:absolute;right:0;text-align:right;text-decoration:none;width:100%}.AttributionText a{color:#fff}.AttributionTextScrim a{color:#fff;z-index:2}.AttributionTextAlternate{font-size:.75rem;padding-bottom:2rem}.AttributionTextAlternate .uitk-link{display:inline}.GalleryMosaic{align-items:center;display:flex;position:relative}.GalleryMosaic .uitk-image-placeholder{transition:transform 375ms ease;will-change:transform}.GalleryMosaic .uitk-image{cursor:pointer;overflow:hidden;position:relative}.GalleryMosaic .uitk-image:hover .uitk-image-placeholder{transform:scale(1.1)}.GalleryMosaic .uitk-image-link:focus-visible{outline:2px auto -webkit-focus-ring-color;outline-offset:-2px}.GalleryMosaic .galleryMosaicButton{background:none;border-radius:0;bottom:0;color:#fff;font-size:.875rem;font-weight:500;margin:0 .75rem .625rem 0;position:absolute;right:0;text-shadow:0 0 1px rgba(0,11,38,.5),0 1px 2px rgba(0,11,38,.6)}.GalleryMosaic .galleryMosaicButton .uitk-button-container{padding:0}.GalleryMosaic .galleryMosaicButton .uitk-icon{margin-left:.25rem;transform:translateY(-.25rem)}@media (-ms-high-contrast:active),(hover:hover),all and (-ms-high-contrast:none){.GalleryMosaic .galleryMosaicButton:active .uitk-icon,.GalleryMosaic .galleryMosaicButton:hover .uitk-icon{color:#fff}}.GalleryMosaic .galleryMosaicScrim{bottom:0;left:auto;position:absolute;right:0;z-index:50}.GalleryMosaic .galleryMosaicThumbs{display:flex;flex-wrap:wrap}.GalleryMosaic--1 .galleryMosaicHero,.GalleryMosaic--1 .galleryMosaicScrim{width:100%}.GalleryMosaic--2 .galleryMosaicHero{width:50%}.GalleryMosaic--2 .galleryMosaicHero .galleryMosaicThumb{border-right:1px solid #fff}.GalleryMosaic--2 .galleryMosaicThumbs{width:50%}.GalleryMosaic--2 .galleryMosaicThumbs .galleryMosaicThumb{border-left:1px solid #fff;width:100%}.GalleryMosaic--2 .galleryMosaicScrim{width:50%}.GalleryMosaic--3 .galleryMosaicHero{width:66.6667%}.GalleryMosaic--3 .galleryMosaicThumbs{width:33.3333%}.GalleryMosaic--3 .galleryMosaicThumbs .galleryMosaicThumb{border-left:1px solid #fff;width:100%}.GalleryMosaic--3 .galleryMosaicThumbs .galleryMosaicThumb:nth-child(2){border-top:1px solid #fff}.GalleryMosaic--3 .galleryMosaicScrim{width:33.3333%}.GalleryMosaic--4 .galleryMosaicHero{width:75%}.GalleryMosaic--4 .galleryMosaicThumbs{width:25%}.GalleryMosaic--4 .galleryMosaicThumbs .galleryMosaicThumb{border-left:1px solid #fff;width:100%}.GalleryMosaic--4 .galleryMosaicThumbs .galleryMosaicThumb:nth-child(2),.GalleryMosaic--4 .galleryMosaicThumbs .galleryMosaicThumb:nth-child(3){border-top:1px solid #fff}.GalleryMosaic--4 .galleryMosaicScrim{width:25%}.GalleryMosaic--5 .galleryMosaicHero,.GalleryMosaic--5 .galleryMosaicThumbs{width:50%}.GalleryMosaic--5 .galleryMosaicThumbs .galleryMosaicThumb{border-left:1px solid #fff;width:50%}.GalleryMosaic--5 .galleryMosaicThumbs .galleryMosaicThumb:nth-child(3),.GalleryMosaic--5 .galleryMosaicThumbs .galleryMosaicThumb:nth-child(4){border-top:1px solid #fff}.GalleryMosaic--5 .galleryMosaicScrim{width:25%}.SimpleContainer .CTACarouselRegion{padding-left:0;padding-right:.75rem}.MobileConfidenceMessagesCarouselRegion .desktopViewContainer{background:#fff}.MobileConfidenceMessagesCarouselRegion .desktopViewContainer>.desktopViewSubContainer{margin:auto;max-width:75rem}.MobileConfidenceMessagesCarouselRegion .confidenceMessageItem{margin:0}.TabGroup #uitk-tabs-container{position:relative}.TabGroup .uitk-card.cardBorder .uitk-card{border:1px solid #dfe0e4}.TabGroup .uitk-tabs-pane{height:10.938rem;overflow:auto}@media (max-width:35.938rem){.TabGroup.affinityTabGroup{padding-top:0}.TabGroup.affinityTabGroup,.TabGroup.dynamicHeightTabGroup{padding-left:0;padding-right:0}}.TabGroup.dynamicHeightTabGroup .uitk-tabs-pane{height:auto;overflow:auto;padding-left:.75rem;padding-right:.75rem}.LinkJuice .header{width:100%}.LinkJuice .header .uitk-card-text-segment{cursor:pointer}.LinkJuice .collapsedLink{display:none}.LinkJuice .uitk-expando-peek-main-active>*>:after{white-space:normal}.background-color-white{background-color:#fff}.NativeAdContainerRegion{overflow-y:hidden}.NativeAdContainerRegion .uitk-card-empty{padding-bottom:80%}@media screen and (min-width:61.938rem){.NativeAdContainerRegion .fallback #media-content{overflow:hidden}.NativeAdContainerRegion .fallback #media-content.cardWithLink{height:15.25rem}}.NativeAdContainerRegion#native-ad-NTS1 .uitk-card-empty{padding-bottom:15.5rem}.NativeAdContainerRegion#native-ad-NMC1 .uitk-card-empty{padding-bottom:11.563rem}.NativeAdContainerRegion meso-native.is-visually-hidden{height:auto;width:0;clip:unset}.NativeAdContainerRegion div#card-content div.uitk-card-content-section{margin-bottom:auto;margin-top:auto}.NativeAdContainerRegion div#card-content div.uitk-card-content-section div div p{font-size:.875rem;font-weight:400;line-height:calc($font-leading / $font-size)}@media screen and (max-width:36rem){.NativeAdContainerRegion .Editorial .snippet{max-height:calc(9.25rem + 2px);min-height:calc(9.25rem + 2px)}}@media screen and (min-width:36rem){.NativeAdContainerRegion .uitk-card-empty{padding-bottom:39%}}.NativeAdContainerRegion#native-ad-NMC3{padding-bottom:.25rem}@media screen and (max-width:61.938rem){.NativeAdContainerRegion#native-ad-NMC3{padding-bottom:.75rem}.NativeAdContainerRegion#native-ad-NMC1 .Editorial{margin-bottom:0}}@media screen and (min-width:62rem){.NativeAdContainerRegion#native-ad-NTS1{padding-left:0}}@media screen and (max-width:35.938rem){.NativeAdContainerRegion#native-ad-NMC3{padding-bottom:.75rem}.NativeAdContainerRegion#native-ad-NMC1 .uitk-card-empty{padding-bottom:24.875rem}}meso-collapsible-group{line-height:0}meso-collapsible-group .meso-native-card-center-stage,meso-collapsible-group .meso-native-card-full-bleed,meso-collapsible-group .meso-native-card-small{overflow-y:hidden}@media (max-width:35.938rem){meso-collapsible-group .meso-native-card-full-bleed .uitk-card-empty{padding-bottom:27rem}}@media not all and (max-width:35.938rem){meso-collapsible-group .meso-native-card-full-bleed .uitk-card-empty{padding-bottom:14.25rem}}meso-collapsible-group .SponsoredContentMarquee{display:flex;flex-direction:row}meso-collapsible-group .SponsoredContentMarquee meso-native-marquee-gallery-tile{--header-text-color:#191e3b;--header-font-size:1.25rem;--header-font-weight:500;--header-line-height:1.5rem;--offer-text-text-color:#4d5167;--offer-text-font-size:0.875rem;--offer-text-font-weight:300;--offer-text-line-height:1.125rem;--link-color-default:#1668e3;--link-color-hover:#1668e3;--link-color-active:#1668e3;--link-size:0.875rem;--link-weight:500;--link-line-height:calc(1.125rem / 0.875rem);--card-padding:0.75rem;--card-border-color:#999ca8;--card-border-radius:1rem;--spacing-two:0.5rem;--spacing-three:0.75rem;--pill-bg-color:#fff;--pill-corner-radius:0.25rem;--pill-txt-color:#191e3b;--pill-font-wt:700;--pill-font-size:0.625rem}meso-collapsible-group .SponsoredContentMarquee meso-native-marquee-gallery-tile[breakpoint=small]{--card-flex-direction:column}meso-collapsible-group .meso-native-card-center-stage{height:calc(19.5rem + 4px)}meso-collapsible-group .meso-native-card-center-stage .uitk-card-empty{padding-bottom:calc(19.5rem + 4px)}meso-collapsible-group .meso-native-card-center-stage .SponsoredContentMarquee{display:flex;flex-direction:row}meso-collapsible-group .meso-native-card-center-stage .SponsoredContentMarquee meso-native-marquee-gallery-tile{--tile-height:19.625rem;--content-direction:row;--logo-display:flex;--content-justification:unset;--collection-flex-dir:column;--card-flex-direction:column;--figure-flex:1 1 70%;--content-flex:1 1 auto}meso-collapsible-group .meso-native-card-small{height:calc(9.25rem + 4px)}meso-collapsible-group .meso-native-card-small .uitk-card-empty{padding-bottom:calc(9.25rem + 4px)}meso-collapsible-group .meso-native-card-small .SponsoredContentMarquee meso-native-marquee-gallery-tile{--card-padding:0.75rem;--spacing-three:0.75rem;--card-flex-direction:row;--figure-flex:1 1 5rem;--content-flex:1 1 66.6%;--tile-height:9.375rem;--content-direction:column;--logo-display:none;--content-justification:center}.StorefrontWizardRegion{background-color:#fff}.StorefrontWizardRegion .SimpleContainer{max-width:78rem}.StorefrontWizardRegion .ssr-lob-btn{color:inherit}.StorefrontWizardRegion .prevent-justify-center{margin-right:auto}@media screen and (max-width:35.938rem){.StorefrontWizardRegion #editorial-1{padding-top:0}}.lobNavigationWrapper{position:relative}.lobNavigationWrapper .lobItem{min-width:6rem}.lobNavigationWrapper .lobNavigationScrim{width:1.5rem}.lobNavigationWrapper .lobNavigationScrimRight{left:unset;right:0}.SwapLocations{right:1em;top:36%}.SwapLocations,.SwapLocationsDesktop{background-color:#fff;border:1px solid #999ca8;border-radius:50%;height:1.75rem;position:absolute;width:1.75rem;z-index:1}.SwapLocationsDesktop{left:48.75%;top:20%;transform:rotate(90deg)}.GroundTransportationLocation,.Location.locationWithSwap{position:relative}@media screen and (min-width:61.938rem){.GroundTransportationLocation .common-swap-button{left:47%}.GroundTransportationLocation .gt-swap-button{left:48.6%}}.GroundTransportationLocation .iconColor{color:#e61e43}.MerchCampaign .uitk-height-item{height:100%}.MerchCampaign .uitk-carousel-item-container li{min-width:0}.CentralizedWizardRegion{background-color:#fff}.CentralizedWizardRegion .SimpleContainer{max-width:78rem}.CentralizedWizardRegion.comet-homepage-module{margin-bottom:1.5rem}.AffinityRegion{position:relative}.AffinityRegion.backgroundWhite{background-color:#fff}@media (min-width:36rem){.AffinityRegion.affinityMain{padding:0 1.5rem}}.AffinityRegion .affinityImage{height:6rem;margin-bottom:1rem;width:100%}@media screen and (min-width:36rem){.AffinityRegion .affinityImage{height:15.125rem}}.CallToActionGroupRegion .CallToAction{padding-left:0}.HotelInventoryCard{height:100%;overflow:hidden}.HotelInventoryCard .separatorLineWidth{width:17.5rem}.HotelInventoryCard .uitk-badge-vip{z-index:100}.HotelInventoryCard .disclaimerInfoIcon{position:relative;z-index:101}.Deals .placeholder-header{height:2rem;padding-bottom:0;width:30%}.Deals .placeholder-subheader{height:1rem;padding-bottom:0;width:30%}.Deals .placeholder-card{padding-bottom:70%}.Deals .deals-error-fallback-image{height:10rem;margin-left:auto;margin-right:auto;width:10rem}.Deals .uitk-carousel-item-container li{min-width:0}.pageWhiteBackground{background-color:#fff}.pageNeutral150Background{background-color:#f3f3f5}.CampaignPlaceholder .carousel-component ul{padding-left:.75rem}.CampaignPlaceholder .placeholder-card{padding-bottom:70%}.CampaignPlaceholder .placeholder-header{height:2rem;padding-bottom:0;width:30%}.CampaignPlaceholder .placeholder-subheader{height:1rem;padding-bottom:0;width:30%}.CampaignHeader .terms-conditions-text{text-decoration:underline}.center-campaignCopyAlignment{background-color:#fff;text-align:center}.center_termsAndConditions{display:grid!important;text-align:center;text-decoration:underline}.vrFooter{border-radius:0;border-top-left-radius:1rem;border-top-right-radius:1rem;color:#31374f;margin-bottom:-.5rem;text-shadow:none}.vrScrim{border:none}.DestinationOfferPriceInfo .disclaimerInfoIcon{background-color:transparent;position:relative;vertical-align:top;z-index:101}.FullBleedCard{overflow:hidden}.FullBleedCard .cardContent{color:#fff}.FlightInventoryCard .flightOfferName{color:#191e3b}.FlightInventoryCard .airlinesIcon{height:1.5rem}.FlightInventoryCard .price-prefix{vertical-align:super}.PackageInventoryCard .airlinesIcon{height:1.5rem}.PackageInventoryCard .price-prefix{vertical-align:super}.PackageInventoryCard .uitk-badge-vip{z-index:100}.ActivityInventoryCard{height:100%}.tooltip{position:absolute;width:auto}.tooltip:after{border:1px dashed #999ca8;content:"";height:50%;left:50%;position:absolute;top:100%}.tooltip .toolTipContent{max-width:12rem}.StorefrontWizardRegionCOMET .cometBackgroundImageFigure{min-height:30.313rem;padding-bottom:.75rem}.StorefrontWizardRegionCOMET .cometBackgroundImageFigure .noContentVisibility{content-visibility:unset}.StorefrontWizardRegionCOMET.comet-homepage-module{padding-bottom:.75rem;padding-left:0;padding-right:0}.StorefrontWizardRegionCOMET.comet-homepage-module .cometBackgroundImageFigure{margin-bottom:1.5rem}.StorefrontWizardRegionCOMET.comet-homepage-module .cometBackgroundImageFigure .noContentVisibility{content-visibility:unset}.StorefrontWizardRegionCOMET .wizardCard{max-width:78rem}@media (min-width:36rem){.StorefrontWizardRegionCOMET .cometImageBackground{height:30.313rem}.StorefrontWizardRegionCOMET .wizardCard .uitk-card{padding-bottom:2rem;padding-left:1.5rem;padding-right:1.5rem}}@media screen and (max-width:35.938rem){.StorefrontWizardRegionCOMET .cometImageBackground{height:10.625rem}.StorefrontWizardRegionCOMET .cometBackgroundImageFigure{min-height:10.625rem}.StorefrontWizardRegionCOMET.comet-homepage-module .cometBackgroundImageFigure{margin-bottom:0}}.StorefrontWizardRegionCOMET .cometHeading{color:#fff;max-width:78rem;position:relative}.StorefrontWizardRegionCOMET .mobileCardRadius .uitk-card{border-radius:0}.StorefrontWizardRegionCOMET .customerNotificationSquare{margin-left:auto;margin-right:auto;max-width:78rem;position:relative}.StorefrontWizardRegionCOMET .customerNotificationSquare:empty{display:none}.WizardRegionHotwire{position:relative}.SimpleContainer>.WizardRegionHotwire{padding:0}@media (min-width:75rem){.SimpleContainer>.WizardRegionHotwire{margin:0 .75rem}}.WizardRegionHotwire--Heading .uitk-heading-3,.WizardRegionHotwire--Heading .uitk-heading-5{color:#fff;text-shadow:0 0 0 rgba(12,14,28,0)}.WizardRegionHotwire--Background{background-position:100%;background-size:cover;border-bottom-left-radius:max(0px,min(.25rem,calc(999900vw - 999900%)));border-bottom-right-radius:max(0px,min(.25rem,calc(999900vw - 999900%)));min-height:31.25rem;width:100%}.WizardRegionHotwire .packages,.WizardRegionHotwire--MultiLob .WizardRegionHotwire--Background{min-height:36.313rem}.HotwireMarketingBanner~.WizardRegionHotwire .WizardRegionHotwire--Background{border-radius:max(0px,min(.25rem,calc(999900vw - 999900%)))}.WizardRegionHotwire--Content{height:100%;left:0;position:absolute;width:100%}.WizardRegionHotwire--Content .is-invalid .uitk-validation-error{background-color:#a7183c;border-radius:.75rem;color:#fff;padding:.25rem .75rem}.WizardRegionHotwire .DestinationHero{display:none}.WizardRegionHotwire .attribution-text{padding:.5rem 0 .25rem}.WizardRegionHotwire .destination-hero:hover{text-decoration:underline}.WizardRegionHotwire .uitk-pill.active{display:inline-flex}.bex-travel-advisory-with-chatbot-link{background-color:#fff;color:#191e3b}.bex-travel-advisory-with-chatbot-link .link{color:#191e3b;text-decoration:underline;white-space:nowrap}.bex-travel-advisory-with-chatbot-link .text-block{white-space:nowrap}.sr-only{border:0;clip:rect(0 0 0 0);height:1px;margin:-1px;overflow:hidden;padding:0;position:absolute;width:1px}.reasons-to-believe .SimpleContainer{background-color:#fff;max-width:75rem}.HotwireDeals img.car-deal-img{max-height:4.375rem;max-width:7.813rem}.HotwireDeals img.car-deal-img.car-deal-img-no-td{margin-top:calc(3rem - 2px)}.HotwireDeals img.car-vendor-logo{height:1rem}.HotwireDeals .uitk-badge-text,.HotwireDeals .uitk-price-subtext{white-space:nowrap}.HotwireDeals .uitk-price-lockup{text-align:right}.HotwireDeals .uitk-price-lockup .uitk-price-strikethrough{justify-content:end}.HotwireDeals--DefaultDealsCard .uitk-price-lockup .uitk-lockup-price{color:#e61e43}.HotwireDeals--NearbyDealsCard .uitk-price-lockup .uitk-lockup-price,.HotwireDeals--NearbyDealsCard .uitk-price-lockup .uitk-price-strikethrough,.HotwireDeals--NearbyDealsCard .uitk-price-lockup .uitk-price-subtext{color:#fff}.HotwireDeals--NearbyDealsCard .uitk-scrim .uitk-badge-deal-generic{text-shadow:none}.HotwireDeals--ShowMoreDealsCard{background-image:url(https://ak-secure.hotwirestatic.com/current/static/images/common/background/pattern_gray_tiled-sm.png?impolicy=uhph);background-repeat:repeat}.HotwireDeals--ShowMoreDealsCard--Content{width:100%}.HotwireDeals--ShowMoreDealsCard--Content--Text{color:#e61e43}.NativeTileShowcaseItemRegion{margin-left:0;margin-right:0}.NativeTileShowcaseItemRegion .NativeAdContainerRegion div[role=banner]{height:calc(16.25rem + 2px)}.HotwireMarketingBanner .display-inline,.HotwireMarketingBanner .display-inline .uitk-heading-7{display:inline}.HotwireMarketingBanner .uitk-link{white-space:nowrap}.HotwireMarketingBanner .uitk-card.red{background:#818494}.HotwireMarketingBanner .uitk-card.red,.HotwireMarketingBanner .uitk-card.red .uitk-heading-7,.HotwireMarketingBanner .uitk-card.red .uitk-link,.HotwireMarketingBanner .uitk-card.teal,.HotwireMarketingBanner .uitk-card.teal .uitk-heading-7,.HotwireMarketingBanner .uitk-card.teal .uitk-link{color:#fff}.HotwireMarketingBanner .uitk-card.teal{background:#3d84f0}.HotwireMarketingBanner .uitk-card.white .uitk-link{color:#3d84f0}.HotwireMarketingBanner .HotwireDiscountCodeBanner .HotwireDiscountCodeBanner--Heading,.HotwireMarketingBanner .HotwireDiscountCodeBanner .HotwireDiscountCodeBanner--Timer{color:#e61e43}.HotwireMarketingBanner .HotwireDiscountCodeBanner.error{background-color:#c72800;color:#fff}.HotwireMarketingBanner .HotwireDiscountCodeBanner.error .uitk-heading-7{color:#fff}.HotwireMarketingBanner .uitk-card-content-section.uitk-card{background-color:transparent;min-height:4.25rem}@media screen and (min-width:36rem){.HotwireMarketingBanner .uitk-card-content-section.uitk-card{min-height:3.125rem}}.wizardCard .uitk-card:not(.uitk-card-has-overflow){overflow:unset}@media (-ms-high-contrast:active),(-ms-high-contrast:none){.wizardCard .uitk-card:not(.uitk-card-has-overflow){overflow:visible}}.CollapsedWizard{width:100%}.ToggleContainer .uitk-expando-card-content.active{max-height:500 rem}.CustomerNotificationsWrapper>div:empty{display:none}@media screen and (min-width:36rem){.WizardRegionHotwire--SingleLob .WizardPackagePWAHotwire .error,.WizardRegionHotwire--SingleLob .WizardPackagePWAHotwire .error .uitk-heading-7,.WizardRegionHotwire--SingleLob .WizardPackagePWAHotwire .subtitle,.WizardRegionHotwire--SingleLob .WizardPackagePWAHotwire .subtitle .uitk-heading-7,.WizardRegionHotwire--SingleLob .WizardPackagePWAHotwire .uitk-checkbox-switch-label,.WizardRegionHotwire--SingleLob .WizardPackagePWAHotwire .uitk-checkbox-switch-label .uitk-heading-7{color:#fff}}.WizardRegionHotwire--SingleLob .WizardPackagePWAHotwire .uitk-pill-content{background-color:#fff;color:#191e3b}.WizardRegionHotwire--SingleLob .WizardPackagePWAHotwire button.ssr-link-pill{background:none}.EditorialHeroBanner .editorial-hero-heading{color:#fff}.ValuePropositionBannerLP>.uitk-card{background-color:#e61e43}.ValuePropositionBannerLP .uitk-heading,.ValuePropositionBannerLP .uitk-heading .uitk-link,.ValuePropositionBannerLP .uitk-heading .uitk-text{color:#fff}.ValuePropositionBanner>.uitk-card{background-color:#e61e43}.ValuePropositionBanner .uitk-heading,.ValuePropositionBanner .uitk-heading .uitk-link,.ValuePropositionBanner .uitk-heading .uitk-text{color:#fff}.ValuePropositionBanner .uitk-carousel .uitk-card{background-color:#a1122c}.ValuePropositionBanner .uitk-carousel .uitk-icon,.ValuePropositionBanner .uitk-carousel .uitk-text{color:#fff}.ValuePropositionBannerVrboPartnerSite>.uitk-card{background-color:#fbf8f1}.ValuePropositionBannerVrboPartnerSite .uitk-heading .uitk-text{color:#191e3b}.ValuePropositionBannerVrboPartnerSite .uitk-carousel .uitk-card{background-color:#fbece9}.ValuePropositionBannerVrboPartnerSite .uitk-carousel .uitk-icon,.ValuePropositionBannerVrboPartnerSite .uitk-carousel .uitk-text{color:#191e3b}.hero-card-region-children #lodgingSearchFormSection{margin:0}.hero-card-region-children .uitk-tabs{border-top-left-radius:1rem;border-top-right-radius:1rem}.hero-card-region-children .uitk-card-has-border:before{border:none}.RecentSearches .uitk-icon-spotlight-has-background:before{background-color:#c8dff9}.RecentSearches .uitk-icon-spotlight-has-background .uitk-icon{color:#191e3b}.MarqueeAdRegion{overflow-y:hidden}.MarqueeAdRegion .uitk-card-empty{padding-bottom:80%}.MarqueeAdRegion .Editorial #media-content{overflow:hidden}.MarqueeAdRegion .Editorial #media-content.cardWithLink{height:15.25rem}@media screen and (min-width:61.938rem){.Editorial #media-content{overflow:hidden}.Editorial #media-content.cardWithLink{height:15.25rem}}.wizardHero .StickyCTAMobileLSH{background:#fff;bottom:0;box-shadow:0 2px .25rem rgba(0,0,0,.2);left:0;position:fixed;right:0;transform:translateY(100%);z-index:300}.wizardHero .StickyCTAMobileLSH.slide-in-enter{transform:translateY(100%)}.wizardHero .StickyCTAMobileLSH.slide-in-enter-active{transform:translateY(0);transition:transform .3s ease-in-out}.wizardHero .StickyCTAMobileLSH.slide-in-enter-done,.wizardHero .StickyCTAMobileLSH.slide-in-exit{transform:translateY(0)}.wizardHero .StickyCTAMobileLSH.slide-in-exit-active{transform:translateY(100%);transition:transform .3s ease-in-out}.wizardHero .StickyCTAMobileLSH.slide-in-exit-done{transform:translateY(100%)}.redirect-banner-designV1{background-color:#4d5167;color:#fff;font-size:.875rem;font-weight:400;line-height:1.125rem;width:100%}.redirect-banner-designV1 .redirect-banner-content{padding:1rem}.redirect-banner-designV1 .redirect-banner-close{background:transparent}.redirect-banner-designV2{background-color:#4d5167;bottom:0;color:#fff;font-size:.875rem;font-weight:400;line-height:1.125rem;padding:1rem;position:fixed;width:100%}.redirect-banner-designV2 .redirect-banner-button{align-items:center;display:flex;flex-grow:2;justify-content:flex-end;margin-left:.375rem}.redirect-banner-designV2 .redirect-banner-button .uitk-button-container{border-width:2px}.redirect-banner-designV2 .redirect-banner-button .left-span{padding-left:1rem}.redirect-banner-designV2 .redirect-banner-button .right-span{padding-right:1rem}.Destination-Discovery,.Destination-Discovery-Where-To-Stay,.Neighborhood-Discovery,.Travel-Guide-Activities{color:#4d5167}.Destination-Discovery .TripPlanning,.Destination-Discovery-Where-To-Stay .TripPlanning,.Neighborhood-Discovery .TripPlanning,.Travel-Guide-Activities .TripPlanning{background-color:#dfe0e4}.Destination-Discovery .site-footer-background,.Destination-Discovery-Where-To-Stay .site-footer-background,.Neighborhood-Discovery .site-footer-background,.Travel-Guide-Activities .site-footer-background{margin:0 auto;max-width:75rem;padding-left:.75rem;padding-right:.75rem}.Destination-Discovery .uitk-gallery-carousel-item-200,.Destination-Discovery-Where-To-Stay .uitk-gallery-carousel-item-200,.Neighborhood-Discovery .uitk-gallery-carousel-item-200,.Travel-Guide-Activities .uitk-gallery-carousel-item-200{transform:translateX(200%)}.Destination-Discovery .uitk-gallery-carousel-item-300,.Destination-Discovery-Where-To-Stay .uitk-gallery-carousel-item-300,.Neighborhood-Discovery .uitk-gallery-carousel-item-300,.Travel-Guide-Activities .uitk-gallery-carousel-item-300{transform:translateX(300%)}.Destination-Discovery .uitk-gallery-carousel-item-400,.Destination-Discovery-Where-To-Stay .uitk-gallery-carousel-item-400,.Neighborhood-Discovery .uitk-gallery-carousel-item-400,.Travel-Guide-Activities .uitk-gallery-carousel-item-400{transform:translateX(400%)}.Destination-Discovery .whiteBackground,.Destination-Discovery-Where-To-Stay .whiteBackground,.Neighborhood-Discovery .whiteBackground,.Travel-Guide-Activities .whiteBackground{background:#fff}@media (min-width:62rem){.Destination-Discovery-Where-To-Stay>div:nth-last-child(3),.Destination-Discovery>div:nth-last-child(3),.Neighborhood-Discovery>div:nth-last-child(3),.Travel-Guide-Activities>div:nth-last-child(3){margin-bottom:0}}.Destination-Discovery .footer,.Destination-Discovery-Where-To-Stay .footer,.Neighborhood-Discovery .footer,.Travel-Guide-Activities .footer{max-width:unset}.Destination-Discovery .z-index-350,.Destination-Discovery-Where-To-Stay .z-index-350,.Neighborhood-Discovery .z-index-350,.Travel-Guide-Activities .z-index-350{z-index:350}.GalleryCarousel .uitk-scrim{z-index:250}.Vacation-Attraction .whiteBackground{background:#fff}.Hotel-Reviews{background-color:#fff}.Hotel-Information .SimpleContainer{max-width:40.625rem}@media screen and (min-width:62rem){.Hotel-Information .SimpleContainer{max-width:75rem}}.uitk-dialog-content .uitk-tabs-container .uitk-tabs{overflow-x:scroll;overflow-y:hidden}.egds-team-screen-layout{display:grid;grid-template-columns:100%;row-gap:3rem}.egds-team-pattern-screen-layout-basic,.egds-team-screen-layout{--standard__spacing__extra_small:0.25rem;--standard__spacing__small:0.5rem;--standard__spacing__medium:1rem;--standard__spacing__large:1.5rem;--standard__spacing__extra_large:2rem;--standard__spacing__section_medium:2rem;--standard__spacing__section_large:3rem;--standard__spacing__layout_horiz_medium:2rem;--standard__spacing__layout_horiz_large:3rem;--standard__spacing__layout_vert_medium:2rem;--standard__spacing__layout_vert_large:3rem;--standard__spacing__layout_min_page_margin_small:1.5rem;--standard__spacing__layout_min_page_margin_large:3rem}.egds-team-pattern-screen-layout-basic{margin-block-start:1.5rem}.egds-team-pattern-screen-layout-basic.noTopSpacing{margin-block-start:0}.egds-team-section{--standard__spacing__extra_small:0.25rem;--standard__spacing__small:0.5rem;--standard__spacing__medium:1rem;--standard__spacing__large:1.5rem;--standard__spacing__extra_large:2rem;--standard__spacing__section_medium:2rem;--standard__spacing__section_large:3rem;--standard__spacing__layout_horiz_medium:2rem;--standard__spacing__layout_horiz_large:3rem;--standard__spacing__layout_vert_medium:2rem;--standard__spacing__layout_vert_large:3rem;--standard__spacing__layout_min_page_margin_small:1.5rem;--standard__spacing__layout_min_page_margin_large:3rem;display:grid;grid-template-columns:100%;row-gap:2rem}.egds-team-section.hide-when-all-blocks-empty:has(.egds-team-block-wrapper>.wrapped-block:empty){display:none}.egds-team-section.hide-when-all-blocks-empty:has(.egds-team-block-wrapper>:not(.wrapped-block:empty)){display:grid}.egds-team-section-grid{column-gap:2rem;display:grid;grid-auto-flow:row;row-gap:2rem}.egds-team-section-grid,.egds-team-section-grid.baseline-grid-constrained{--standard__spacing__extra_small:0.25rem;--standard__spacing__small:0.5rem;--standard__spacing__medium:1rem;--standard__spacing__large:1.5rem;--standard__spacing__extra_large:2rem;--standard__spacing__section_medium:2rem;--standard__spacing__section_large:3rem;--standard__spacing__layout_horiz_medium:2rem;--standard__spacing__layout_horiz_large:3rem;--standard__spacing__layout_vert_medium:2rem;--standard__spacing__layout_vert_large:3rem;--standard__spacing__layout_min_page_margin_small:1.5rem;--standard__spacing__layout_min_page_margin_large:3rem}.egds-team-section-grid.baseline-grid-constrained{inline-size:calc(100% - 3rem);margin-inline-end:auto;margin-inline-start:auto;max-inline-size:75rem}.egds-team-section-grid.hide-when-all-blocks-empty:has(.egds-team-block-wrapper>.wrapped-block:empty){display:none}.egds-team-section-grid.hide-when-all-blocks-empty:has(.egds-team-block-wrapper>:not(.wrapped-block:empty)){display:grid}.egds-team-section-grid .egds-team-section-grid-item.hide-when-all-blocks-empty:has(.egds-team-block-wrapper>.wrapped-block:empty){display:none}.egds-team-section-grid .egds-team-section-grid-item.hide-when-all-blocks-empty:has(.egds-team-block-wrapper>:not(.wrapped-block:empty)){display:block}.egds-team-block-wrapper{--standard__spacing__extra_small:0.25rem;--standard__spacing__small:0.5rem;--standard__spacing__medium:1rem;--standard__spacing__large:1.5rem;--standard__spacing__extra_large:2rem;--standard__spacing__section_medium:2rem;--standard__spacing__section_large:3rem;--standard__spacing__layout_horiz_medium:2rem;--standard__spacing__layout_horiz_large:3rem;--standard__spacing__layout_vert_medium:2rem;--standard__spacing__layout_vert_large:3rem;--standard__spacing__layout_min_page_margin_small:1.5rem;--standard__spacing__layout_min_page_margin_large:3rem;inline-size:100%}.egds-team-block-wrapper .wrapped-block{inline-size:100%}.egds-team-block-wrapper:has(.wrapped-block:empty){display:none}.egds-team-block-wrapper:has(:not(.wrapped-block:empty)){display:block}.egds-team-block-wrapper .baseline-grid-constrained{--standard__spacing__extra_small:0.25rem;--standard__spacing__small:0.5rem;--standard__spacing__medium:1rem;--standard__spacing__large:1.5rem;--standard__spacing__extra_large:2rem;--standard__spacing__section_medium:2rem;--standard__spacing__section_large:3rem;--standard__spacing__layout_horiz_medium:2rem;--standard__spacing__layout_horiz_large:3rem;--standard__spacing__layout_vert_medium:2rem;--standard__spacing__layout_vert_large:3rem;--standard__spacing__layout_min_page_margin_small:1.5rem;--standard__spacing__layout_min_page_margin_large:3rem;inline-size:calc(100% - 3rem);margin-inline-end:auto;margin-inline-start:auto;max-inline-size:75rem}.egds-team-block-link{position:relative}.egds-team-block-link,.egds-team-block-link-link{background:transparent;block-size:100%;display:block;inline-size:100%;overflow:hidden}.egds-team-block-link-link{inset-block-start:0;inset-inline-start:0;outline:none;position:absolute;white-space:nowrap;z-index:100}body:not(.egds-no-outline) .egds-team-block-link-link:focus,body:not(.uitk-no-outline) .egds-team-block-link-link:focus{border:2px solid #1668e3}.egds-team-card-border-radius-increase-has-border:before,.egds-team-card-border-radius-increase-has-breakpoint-driven-border.egds-team-card-border-radius-increase-has-border-at-small-true:before,.egds-team-card-border-radius-increase-has-placeholder-border:before,.egds-team-card-border-radius-increase-selected:before{block-size:100%;border-radius:1.5rem;content:" ";display:block;inline-size:100%;inset-block-start:0;inset-inline-start:0;pointer-events:none;position:absolute;z-index:100}@supports not (inset-block-start:0){.egds-team-card-border-radius-increase-has-border:before,.egds-team-card-border-radius-increase-has-breakpoint-driven-border.egds-team-card-border-radius-increase-has-border-at-small-true:before,.egds-team-card-border-radius-increase-has-placeholder-border:before,.egds-team-card-border-radius-increase-selected:before{left:0;top:0}}.egds-team-card-border-radius-increase{--egds-legacy-border-color:#dfe0e4;position:relative}.egds-team-card-border-radius-increase-containerized{container-name:egds-team-card;container-type:inline-size}.egds-team-card-border-radius-increase-empty{padding-block-end:50%}.egds-team-card-border-radius-increase-has-border:before{border:1px solid var(--egds-card__border_color,var(--egds-outline-variant,var(--egds-legacy-border-color)))}.egds-team-card-border-radius-increase-has-placeholder-border:before{border:2px dashed var(--egds-card__border_color,var(--egds-outline-variant,var(--egds-legacy-border-color)))}.egds-team-card-border-radius-increase-ratio-1-1{padding-block-end:100%}.egds-team-card-border-radius-increase-ratio-1-2{padding-block-end:50%}.egds-team-card-border-radius-increase-ratio-1-3{padding-block-end:33.3333333333%}.egds-team-card-border-radius-increase-ratio-1-4{padding-block-end:25%}.egds-team-card-border-radius-increase-ratio-1-5{padding-block-end:20%}.egds-team-card-border-radius-increase-ratio-1-6{padding-block-end:16.6666666667%}.egds-team-card-border-radius-increase-has-primary-theme{--egds-legacy-background-color:#fff;background:var(--egds-card__background,var(--egds-surface-low-elevation,var(--egds-legacy-background-color)));background-size:cover}.egds-team-card-border-radius-increase-has-secondary-theme{--egds-legacy-background-color:#fbf8f1;background:var(--egds-card__background,var(--egds-surface-container-variant,var(--egds-legacy-background-color)));background-size:cover}.egds-team-card-border-radius-increase-has-highlight-theme{--egds-legacy-background-color:#fbece9;background:var(--egds-card__background,var(--egds-primary-container-variant,var(--egds-legacy-background-color)));background-size:cover}.egds-team-card-border-radius-increase-has-global-loyalty-standard-theme{background-color:#191e3b}.egds-team-card-border-radius-increase-has-global-loyalty-low-theme{background-color:#213470}.egds-team-card-border-radius-increase-has-global-loyalty-middle-theme{background-color:#707480}.egds-team-card-border-radius-increase-has-global-loyalty-high-theme{background-color:#8b6400}.egds-team-card-border-radius-increase-has-global-loyalty-extra-high-theme{background-color:#202029}.egds-team-card-border-radius-increase:not(.uitk-card-has-overflow){overflow:hidden}.egds-team-card-border-radius-increase-padded:not(.uitk-card-empty):not(.uitk-card-placeholder){padding:.75rem}.egds-team-card-border-radius-increase-placeholder-ratio-1-1{padding-block-end:100%}.egds-team-card-border-radius-increase-placeholder-ratio-1-2{padding-block-end:50%}.egds-team-card-border-radius-increase-placeholder-ratio-1-3{padding-block-end:33.3333333333%}.egds-team-card-border-radius-increase-placeholder-ratio-1-4{padding-block-end:25%}.egds-team-card-border-radius-increase-placeholder-ratio-1-5{padding-block-end:20%}.egds-team-card-border-radius-increase-placeholder-ratio-1-6{padding-block-end:16.6666666667%}.egds-team-card-border-radius-increase-placeholder-has-action{background-color:#b1b3bd;position:relative}.egds-team-card-border-radius-increase-placeholder-has-action-inner{block-size:100%;inline-size:100%;position:absolute}.egds-team-card-border-radius-increase-placeholder-animate-from-light{background-color:#999ca8;overflow:hidden;position:relative}.egds-team-card-border-radius-increase-placeholder-animate-from-light:before{animation:placeholder-opacity .75s linear infinite;background-color:#b1b3bd;block-size:1%;content:"";inline-size:1%;position:absolute;transform:scale(200);transform-origin:top left}@media (prefers-reduced-motion){.egds-team-card-border-radius-increase-placeholder-animate-from-light:before{animation:none}}.egds-team-card-border-radius-increase-placeholder-animate-from-dark{background-color:#b1b3bd;overflow:hidden;position:relative}.egds-team-card-border-radius-increase-placeholder-animate-from-dark:before{animation:placeholder-opacity .75s linear infinite;background-color:#999ca8;block-size:1%;content:"";inline-size:1%;position:absolute;transform:scale(200);transform-origin:top left}@media (prefers-reduced-motion){.egds-team-card-border-radius-increase-placeholder-animate-from-dark:before{animation:none}}.egds-team-card-border-radius-increase-selected{--egds-legacy-border-color:#191e3b}.egds-team-card-border-radius-increase-selected:before{border:2px solid var(--egds-secondary,var(--egds-legacy-border-color))}.egds-team-card-border-radius-increase-roundcorner-all,.egds-team-card-border-radius-increase-roundcorner-small-all{border-radius:1.5rem}.egds-team-card-border-radius-increase-roundcorner-small-top-left,.egds-team-card-border-radius-increase-roundcorner-top-left{border-top-left-radius:1.5rem}.egds-team-card-border-radius-increase-roundcorner-small-top-right,.egds-team-card-border-radius-increase-roundcorner-top-right{border-top-right-radius:1.5rem}.egds-team-card-border-radius-increase-roundcorner-bottom-right,.egds-team-card-border-radius-increase-roundcorner-small-bottom-right{border-bottom-right-radius:1.5rem}.egds-team-card-border-radius-increase-roundcorner-bottom-left,.egds-team-card-border-radius-increase-roundcorner-small-bottom-left{border-bottom-left-radius:1.5rem}.egds-team-card-border-radius-increase-roundcorner-all .uitk-image,.egds-team-card-border-radius-increase-roundcorner-bottom-left .uitk-image,.egds-team-card-border-radius-increase-roundcorner-bottom-right .uitk-image,.egds-team-card-border-radius-increase-roundcorner-top-left .uitk-image,.egds-team-card-border-radius-increase-roundcorner-top-right .uitk-image{overflow:hidden}@media screen and (min-width:36rem){.egds-team-card-border-radius-increase-roundcorner-medium-top-left{border-top-left-radius:1.5rem}.egds-team-card-border-radius-increase-roundcorner-medium-top-right{border-top-right-radius:1.5rem}.egds-team-card-border-radius-increase-roundcorner-medium-bottom-right{border-bottom-right-radius:1.5rem}.egds-team-card-border-radius-increase-roundcorner-medium-bottom-left{border-bottom-left-radius:1.5rem}}@media screen and (min-width:62rem){.egds-team-card-border-radius-increase-roundcorner-large-top-left{border-top-left-radius:1.5rem}.egds-team-card-border-radius-increase-roundcorner-large-top-right{border-top-right-radius:1.5rem}.egds-team-card-border-radius-increase-roundcorner-large-bottom-right{border-bottom-right-radius:1.5rem}.egds-team-card-border-radius-increase-roundcorner-large-bottom-left{border-bottom-left-radius:1.5rem}}@media screen and (min-width:75rem){.egds-team-card-border-radius-increase-roundcorner-extra_large-top-left{border-top-left-radius:1.5rem}.egds-team-card-border-radius-increase-roundcorner-extra_large-top-right{border-top-right-radius:1.5rem}.egds-team-card-border-radius-increase-roundcorner-extra_large-bottom-right{border-bottom-right-radius:1.5rem}.egds-team-card-border-radius-increase-roundcorner-extra_large-bottom-left{border-bottom-left-radius:1.5rem}}.egds-team-card-border-radius-increase-has-breakpoint-driven-border.egds-team-card-border-radius-increase-has-border-at-small-true:before{border:1px solid var(--egds-card__border_color,var(--egds-outline-variant,var(--egds-legacy-border-color)))}.egds-team-card-border-radius-increase-has-breakpoint-driven-border.egds-team-card-border-radius-increase-has-border-at-small-false:before{display:none}@media screen and (min-width:36rem){.egds-team-card-border-radius-increase-has-breakpoint-driven-border.egds-team-card-border-radius-increase-has-border-at-medium-true:before{block-size:100%;border-radius:1.5rem;content:"";display:block;inline-size:100%;inset-block-start:0;inset-inline-start:0;pointer-events:none;position:absolute;z-index:100}@supports not (inset-block-start:0){.egds-team-card-border-radius-increase-has-breakpoint-driven-border.egds-team-card-border-radius-increase-has-border-at-medium-true:before{left:0;top:0}}.egds-team-card-border-radius-increase-has-breakpoint-driven-border.egds-team-card-border-radius-increase-has-border-at-medium-true:before{border:1px solid var(--egds-card__border_color,var(--egds-outline-variant,var(--egds-legacy-border-color)))}.egds-team-card-border-radius-increase-has-breakpoint-driven-border.egds-team-card-border-radius-increase-has-border-at-medium-false:before{display:none}}@media screen and (min-width:62rem){.egds-team-card-border-radius-increase-has-breakpoint-driven-border.egds-team-card-border-radius-increase-has-border-at-large-true:before{block-size:100%;border-radius:1.5rem;content:"";display:block;inline-size:100%;inset-block-start:0;inset-inline-start:0;pointer-events:none;position:absolute;z-index:100}@supports not (inset-block-start:0){.egds-team-card-border-radius-increase-has-breakpoint-driven-border.egds-team-card-border-radius-increase-has-border-at-large-true:before{left:0;top:0}}.egds-team-card-border-radius-increase-has-breakpoint-driven-border.egds-team-card-border-radius-increase-has-border-at-large-true:before{border:1px solid var(--egds-card__border_color,var(--egds-outline-variant,var(--egds-legacy-border-color)))}.egds-team-card-border-radius-increase-has-breakpoint-driven-border.egds-team-card-border-radius-increase-has-border-at-large-false:before{display:none}}@media screen and (min-width:75rem){.egds-team-card-border-radius-increase-has-breakpoint-driven-border.egds-team-card-border-radius-increase-has-border-at-extra_large-true:before{block-size:100%;border-radius:1.5rem;content:"";display:block;inline-size:100%;inset-block-start:0;inset-inline-start:0;pointer-events:none;position:absolute;z-index:100}@supports not (inset-block-start:0){.egds-team-card-border-radius-increase-has-breakpoint-driven-border.egds-team-card-border-radius-increase-has-border-at-extra_large-true:before{left:0;top:0}}.egds-team-card-border-radius-increase-has-breakpoint-driven-border.egds-team-card-border-radius-increase-has-border-at-extra_large-true:before{border:1px solid var(--egds-card__border_color,var(--egds-outline-variant,var(--egds-legacy-border-color)))}.egds-team-card-border-radius-increase-has-breakpoint-driven-border.egds-team-card-border-radius-increase-has-border-at-extra_large-false:before{display:none}}.egds-team-card-border-radius-increase-action-area{--egds-legacy-border-color:#dfe0e4;border-block-start:1px solid var(--egds-outline-variant,var(--egds-legacy-border-color));display:block;padding:.75rem}.uitk-card-padded .egds-team-card-border-radius-increase-action-area{margin-block-end:-.75rem;margin-inline-end:-.75rem;margin-inline-start:-.75rem}.egds-team-card-border-radius-increase-action-area a,.egds-team-card-border-radius-increase-action-area button{position:relative;z-index:200}.egds-team-card-border-radius-increase-content-section{--egds-legacy-border-color:#dfe0e4}.egds-team-card-border-radius-increase-content-section-has-link{position:relative}.egds-team-card-border-radius-increase-content-section-padded{padding:.75rem}.egds-team-card-border-radius-increase-content-section-padded-block-start{padding-top:.75rem}.egds-team-card-border-radius-increase-content-section-padded-block-end{padding-bottom:.75rem}.egds-team-card-border-radius-increase-content-section-padded-inline-start{padding-left:.75rem}.egds-team-card-border-radius-increase-content-section-padded-inline-end{padding-right:.75rem}.egds-team-card-border-radius-increase-content-section-border-block-start{border-top:1px solid var(--egds-outline-variant,var(--egds-legacy-border-color))}.egds-team-card-border-radius-increase-content-section-border-block-end{border-bottom:1px solid var(--egds-outline-variant,var(--egds-legacy-border-color))}.egds-team-card-border-radius-increase-content-section-border-inline-start{border-left:1px solid var(--egds-outline-variant,var(--egds-legacy-border-color))}.egds-team-card-border-radius-increase-content-section-border-inline-end{border-right:1px solid var(--egds-outline-variant,var(--egds-legacy-border-color))}.egds-team-card-border-radius-increase-content-section>.uitk-icon{--egds-legacy-fill-color:#191e3b;color:var(--egds-on-surface,var(--egds-legacy-fill-color))}.egds-team-card-border-radius-increase-featured-header{--egds-legacy-background-color:#359656;--egds-legacy-color:#fff;--egds-header-color:var(--egds-on-primary,var(--egds-legacy-color));background:var(--egds-primary,var(--egds-legacy-background-color));padding-block-end:.5rem;padding-block-start:.5rem;padding-inline-end:.75rem;padding-inline-start:.75rem}.uitk-card-padded .egds-team-card-border-radius-increase-featured-header{margin-block-start:-.75rem;margin-inline-end:-.75rem;margin-inline-start:-.75rem}.egds-team-card-border-radius-increase-featured-header-title{color:var(--egds-header-color);font-size:.875rem;font-weight:700;line-height:1.125rem}.egds-team-card-border-radius-increase-featured-header .uitk-heading,.egds-team-card-border-radius-increase-featured-header .uitk-icon,.egds-team-card-border-radius-increase-featured-header .uitk-paragraph,.egds-team-card-border-radius-increase-featured-header .uitk-subheading,.egds-team-card-border-radius-increase-featured-header .uitk-text-default-theme,.egds-team-card-border-radius-increase-featured-header .uitk-text-emphasis-theme,.egds-team-card-border-radius-increase-featured-header .uitk-text-inverse-theme,.egds-team-card-border-radius-increase-featured-header .uitk-text-negative-theme,.egds-team-card-border-radius-increase-featured-header .uitk-text-positive-theme{color:var(--egds-header-color)}.egds-team-card-border-radius-increase-icon{align-self:center;padding:.75rem}.egds-team-card-border-radius-increase-link{background:transparent;block-size:100%;border-radius:1rem;display:block;inline-size:100%;inset-block-start:0;inset-inline-start:0;outline:none;overflow:hidden;position:absolute;white-space:nowrap;z-index:100}@supports not (inset-block-start:0){.egds-team-card-border-radius-increase-link{left:0;top:0}}.uitk-card-content-section>.egds-team-card-border-radius-increase-link{z-index:200}.egds-team-card-border-radius-increase .uitk-favorite-switch,.egds-team-card-border-radius-increase .uitk-link,.egds-team-card-border-radius-increase .uitk-more-info-trigger{position:relative;z-index:200}body:not(.uitk-no-outline) .uitk-card-link{--egds-legacy-border-color:#1668e3}body:not(.uitk-no-outline) .uitk-card-link:focus{border:2px solid;border-color:var(--egds-outline-focus,var(--egds-legacy-border-color))}.uitk-brand-theme-card-has-theme-dark{background-color:#191e3b}.uitk-brand-theme-card-has-theme-accent{background-color:#7b1fa2}.uitk-brand-theme-card .uitk-brand-theme-card-heading{color:#fff}.egds-team-carousel-refactor{--carousel-breakpoint-md:36rem;--carousel-breakpoint-lg:62rem;--carousel-breakpoint-xl:75rem;container:carousel/inline-size;display:flex;flex-direction:column;flex-grow:1;justify-content:center;min-block-size:0;position:relative}.egds-team-carousel-refactor.items-max-height .egds-team-carousel-refactor-container,.egds-team-carousel-refactor.items-max-height .egds-team-carousel-refactor-item-container,.egds-team-carousel-refactor.items-max-height .egds-team-carousel-refactor-item>*{block-size:100%}.egds-team-carousel-refactor-container{inline-size:100%;overflow-x:scroll;position:relative}.egds-team-carousel-refactor .egds-team-carousel-refactor-container{-ms-overflow-style:none;scrollbar-width:none}.egds-team-carousel-refactor .egds-team-carousel-refactor-container::-webkit-scrollbar{display:none}.egds-team-carousel-refactor-item-container{--size:sm;display:flex;flex-wrap:nowrap;gap:var(--egds-team-carousel-refactor-items-gap);inline-size:100%;list-style:none;max-block-size:100%;opacity:1;position:relative;transition:transform .2s}.egds-team-carousel-refactor-item-container .egds-team-carousel-refactor-item{inline-size:calc((100% - var(--egds-team-carousel-refactor-items-gap)*(var(--carousel-item-count-sm) - 1))/var(--carousel-item-count-sm))}.egds-team-carousel-refactor-item-container .egds-team-carousel-refactor-item[aria-hidden=true] iframe{visibility:hidden}.egds-team-carousel-refactor-item-container .egds-team-carousel-refactor-item-size-auto figure{block-size:100%}.egds-team-carousel-refactor-item-container .egds-team-carousel-refactor-item-size-auto .uitk-image-media{block-size:auto;inline-size:auto;margin:auto;max-block-size:100%;max-inline-size:inherit}@supports not (inset-block-start:0){.egds-team-carousel-refactor-item-container .egds-team-carousel-refactor-item{margin-right:var(--egds-team-carousel-refactor-items-gap)}[dir=rtl] .egds-team-carousel-refactor-item-container .egds-team-carousel-refactor-item{margin-left:var(--egds-team-carousel-refactor-items-gap)}}.egds-team-carousel-refactor:not(.no-peek) .egds-team-carousel-refactor-item-container .egds-team-carousel-refactor-item{inline-size:calc((100% - var(--egds-team-carousel-refactor-items-gap)*(var(--carousel-item-count-sm)) - var(--egds-team-carousel-refactor-peek-width-amount))/var(--carousel-item-count-sm))}@media screen and (min-width:36rem){.egds-team-carousel-refactor-item-container:not(.egds-team-carousel-refactor-item-container.use-container-sizing){--size:md}.egds-team-carousel-refactor-item-container:not(.egds-team-carousel-refactor-item-container.use-container-sizing) .egds-team-carousel-refactor-item{inline-size:calc((100% - var(--egds-team-carousel-refactor-items-gap)*(var(--carousel-item-count-md) - 1))/var(--carousel-item-count-md))}.egds-team-carousel-refactor:not(.no-peek) .egds-team-carousel-refactor-item-container:not(.egds-team-carousel-refactor-item-container.use-container-sizing) .egds-team-carousel-refactor-item{inline-size:calc((100% - var(--egds-team-carousel-refactor-items-gap)*(var(--carousel-item-count-md)) - var(--egds-team-carousel-refactor-peek-width-amount))/var(--carousel-item-count-md))}}@media screen and (min-width:62rem){.egds-team-carousel-refactor-item-container:not(.egds-team-carousel-refactor-item-container.use-container-sizing){--size:lg}.egds-team-carousel-refactor-item-container:not(.egds-team-carousel-refactor-item-container.use-container-sizing) .egds-team-carousel-refactor-item{inline-size:calc((100% - var(--egds-team-carousel-refactor-items-gap)*(var(--carousel-item-count-lg) - 1))/var(--carousel-item-count-lg))}.egds-team-carousel-refactor:not(.no-peek) .egds-team-carousel-refactor-item-container:not(.egds-team-carousel-refactor-item-container.use-container-sizing) .egds-team-carousel-refactor-item{inline-size:calc((100% - var(--egds-team-carousel-refactor-items-gap)*(var(--carousel-item-count-lg)) - var(--egds-team-carousel-refactor-peek-width-amount))/var(--carousel-item-count-lg))}}@media screen and (min-width:75rem){.egds-team-carousel-refactor-item-container:not(.egds-team-carousel-refactor-item-container.use-container-sizing){--size:xl}.egds-team-carousel-refactor-item-container:not(.egds-team-carousel-refactor-item-container.use-container-sizing) .egds-team-carousel-refactor-item{inline-size:calc((100% - var(--egds-team-carousel-refactor-items-gap)*(var(--carousel-item-count-xl) - 1))/var(--carousel-item-count-xl))}.egds-team-carousel-refactor:not(.no-peek) .egds-team-carousel-refactor-item-container:not(.egds-team-carousel-refactor-item-container.use-container-sizing) .egds-team-carousel-refactor-item{inline-size:calc((100% - var(--egds-team-carousel-refactor-items-gap)*(var(--carousel-item-count-xl)) - var(--egds-team-carousel-refactor-peek-width-amount))/var(--carousel-item-count-xl))}}@container carousel (min-width: 576px){.egds-team-carousel-refactor-item-container.use-container-sizing{--size:md}.egds-team-carousel-refactor-item-container.use-container-sizing .egds-team-carousel-refactor-item{inline-size:calc((100% - var(--egds-team-carousel-refactor-items-gap)*(var(--carousel-item-count-md) - 1))/var(--carousel-item-count-md))}.egds-team-carousel-refactor:not(.no-peek) .egds-team-carousel-refactor-item-container.use-container-sizing .egds-team-carousel-refactor-item{inline-size:calc((100% - var(--egds-team-carousel-refactor-items-gap)*(var(--carousel-item-count-md)) - var(--egds-team-carousel-refactor-peek-width-amount))/var(--carousel-item-count-md))}}@container carousel (min-width: 992px){.egds-team-carousel-refactor-item-container.use-container-sizing{--size:lg}.egds-team-carousel-refactor-item-container.use-container-sizing .egds-team-carousel-refactor-item{inline-size:calc((100% - var(--egds-team-carousel-refactor-items-gap)*(var(--carousel-item-count-lg) - 1))/var(--carousel-item-count-lg))}.egds-team-carousel-refactor:not(.no-peek) .egds-team-carousel-refactor-item-container.use-container-sizing .egds-team-carousel-refactor-item{inline-size:calc((100% - var(--egds-team-carousel-refactor-items-gap)*(var(--carousel-item-count-lg)) - var(--egds-team-carousel-refactor-peek-width-amount))/var(--carousel-item-count-lg))}}@container carousel (min-width: 1200px){.egds-team-carousel-refactor-item-container.use-container-sizing{--size:xl}.egds-team-carousel-refactor-item-container.use-container-sizing .egds-team-carousel-refactor-item{inline-size:calc((100% - var(--egds-team-carousel-refactor-items-gap)*(var(--carousel-item-count-xl) - 1))/var(--carousel-item-count-xl))}.egds-team-carousel-refactor:not(.no-peek) .egds-team-carousel-refactor-item-container.use-container-sizing .egds-team-carousel-refactor-item{inline-size:calc((100% - var(--egds-team-carousel-refactor-items-gap)*(var(--carousel-item-count-xl)) - var(--egds-team-carousel-refactor-peek-width-amount))/var(--carousel-item-count-xl))}}@supports not (container-type:inline-size){@media screen and (min-width:36rem){.egds-team-carousel-refactor-item-container.use-container-sizing{--size:md}.egds-team-carousel-refactor-item-container.use-container-sizing .egds-team-carousel-refactor-item{inline-size:calc((100% - var(--egds-team-carousel-refactor-items-gap)*(var(--carousel-item-count-md) - 1))/var(--carousel-item-count-md))}.egds-team-carousel-refactor:not(.no-peek) .egds-team-carousel-refactor-item-container.use-container-sizing .egds-team-carousel-refactor-item{inline-size:calc((100% - var(--egds-team-carousel-refactor-items-gap)*(var(--carousel-item-count-md)) - var(--egds-team-carousel-refactor-peek-width-amount))/var(--carousel-item-count-md))}}@media screen and (min-width:62rem){.egds-team-carousel-refactor-item-container.use-container-sizing{--size:lg}.egds-team-carousel-refactor-item-container.use-container-sizing .egds-team-carousel-refactor-item{inline-size:calc((100% - var(--egds-team-carousel-refactor-items-gap)*(var(--carousel-item-count-lg) - 1))/var(--carousel-item-count-lg))}.egds-team-carousel-refactor:not(.no-peek) .egds-team-carousel-refactor-item-container.use-container-sizing .egds-team-carousel-refactor-item{inline-size:calc((100% - var(--egds-team-carousel-refactor-items-gap)*(var(--carousel-item-count-lg)) - var(--egds-team-carousel-refactor-peek-width-amount))/var(--carousel-item-count-lg))}}@media screen and (min-width:75rem){.egds-team-carousel-refactor-item-container.use-container-sizing{--size:xl}.egds-team-carousel-refactor-item-container.use-container-sizing .egds-team-carousel-refactor-item{inline-size:calc((100% - var(--egds-team-carousel-refactor-items-gap)*(var(--carousel-item-count-xl) - 1))/var(--carousel-item-count-xl))}.egds-team-carousel-refactor:not(.no-peek) .egds-team-carousel-refactor-item-container.use-container-sizing .egds-team-carousel-refactor-item{inline-size:calc((100% - var(--egds-team-carousel-refactor-items-gap)*(var(--carousel-item-count-xl)) - var(--egds-team-carousel-refactor-peek-width-amount))/var(--carousel-item-count-xl))}}}.egds-team-carousel-refactor-item{flex-shrink:0;transform:translateZ(0)}.egds-team-carousel-refactor.one-sided-peek-start .egds-team-carousel-refactor-item-container{margin-inline-start:var(--egds-team-carousel-refactor-initial-margin-size)}.egds-team-carousel-refactor.one-sided-peek-start .egds-team-carousel-refactor-item-container .egds-team-carousel-refactor-item:last-of-type{position:relative}.egds-team-carousel-refactor.one-sided-peek-start .egds-team-carousel-refactor-item-container .egds-team-carousel-refactor-item:last-of-type:after{block-size:100%;content:"";inline-size:var(--egds-team-carousel-refactor-initial-margin-size);inset-block-start:0;inset-inline-end:calc(var(--egds-team-carousel-refactor-initial-margin-size)*-1);position:absolute}.egds-team-carousel-refactor-controls{block-size:0;display:flex;inset-inline-end:0;inset-inline-start:0;justify-content:space-between;padding:0 .5rem;position:absolute;transform:translateY(-50%);z-index:300}@supports not (inset-block-start:0){.egds-team-carousel-refactor-controls{left:0;right:0}}.no-inset .egds-team-carousel-refactor-controls{margin:0 -1rem;padding:0}@media (pointer:coarse){.egds-team-carousel-refactor:not(.no-peek) .egds-team-carousel-refactor-controls{visibility:hidden}}.egds-team-carousel-refactor-button-paging{opacity:0;transform:translateY(-50%);transition:opacity .2s}.egds-team-carousel-refactor-button-paging[aria-disabled=true]{opacity:0}.egds-team-carousel-refactor-button-paging:focus-visible{opacity:1}.egds-team-carousel-refactor-button-paging:focus-visible[aria-disabled=true]{opacity:.36}.egds-team-carousel-refactor .link-container{block-size:100%;position:relative}.egds-team-carousel-refactor.no-peek .egds-team-carousel-refactor-button-paging:not([aria-disabled=true]),.egds-team-carousel-refactor:focus-visible .egds-team-carousel-refactor-button-paging:not([aria-disabled=true]),.egds-team-carousel-refactor:hover .egds-team-carousel-refactor-button-paging:not([aria-disabled=true]){opacity:1}.egds-team-carousel-refactor.no-peek .egds-team-carousel-refactor-button-paging[aria-disabled=true],.egds-team-carousel-refactor:focus-visible .egds-team-carousel-refactor-button-paging[aria-disabled=true],.egds-team-carousel-refactor:hover .egds-team-carousel-refactor-button-paging[aria-disabled=true]{background-color:#fff;opacity:.36;pointer-events:auto}.egds-team-carousel-refactor.no-peek .egds-team-carousel-refactor-button-paging[aria-disabled=true] .uitk-icon,.egds-team-carousel-refactor:focus-visible .egds-team-carousel-refactor-button-paging[aria-disabled=true] .uitk-icon,.egds-team-carousel-refactor:hover .egds-team-carousel-refactor-button-paging[aria-disabled=true] .uitk-icon{color:#1668e3}.egds-team-carousel-refactor-pagination-dots-container{block-size:1.813rem;margin:auto;max-inline-size:4.063rem;overflow-x:hidden;padding:.1565rem;scroll-behavior:smooth;transition:transform .2s;white-space:nowrap}.egds-team-carousel-refactor-pagination-dots-button{background-color:transparent;block-size:1.5rem;inline-size:.75rem;position:relative}.egds-team-carousel-refactor-pagination-dots-icon{border-radius:50%;margin:auto;transition:all .2s ease-in-out}.egds-team-carousel-refactor-pagination-dots-icon-default{block-size:.375rem;inline-size:.375rem;margin-block:.5625rem}.egds-team-carousel-refactor-pagination-dots-icon-default.egds-team-carousel-refactor-pagination-dots-icon-inset{background-color:#caccd2}.egds-team-carousel-refactor-pagination-dots-icon-default.egds-team-carousel-refactor-pagination-dots-icon-offset{background-color:#818494}.egds-team-carousel-refactor-pagination-dots-icon-focus{block-size:.5rem;inline-size:.5rem;margin-block:.5rem}.egds-team-carousel-refactor-pagination-dots-icon-focus.egds-team-carousel-refactor-pagination-dots-icon-inset{background-color:#fff}.egds-team-carousel-refactor-pagination-dots-icon-focus.egds-team-carousel-refactor-pagination-dots-icon-offset{background-color:#1668e3}.egds-team-carousel-refactor-pagination-dots-icon-truncate{block-size:.25rem;inline-size:.25rem;margin-block:.625rem}.egds-team-carousel-refactor-pagination-dots-icon-truncate.egds-team-carousel-refactor-pagination-dots-icon-inset{background-color:#caccd2}.egds-team-carousel-refactor-pagination-dots-icon-truncate.egds-team-carousel-refactor-pagination-dots-icon-offset{background-color:#818494}.egds-team-image-refactor{content-visibility:auto;inline-size:100%;place-self:stretch;position:relative}.egds-team-image-refactor:has(.egds-team-image-refactor-link){content-visibility:visible}.egds-team-image-refactor-ratio-2-1{aspect-ratio:2/1}.egds-team-image-refactor-ratio-1-1{aspect-ratio:1/1}.egds-team-image-refactor-ratio-3-2{aspect-ratio:3/2}.egds-team-image-refactor-ratio-4-3{aspect-ratio:4/3}.egds-team-image-refactor-ratio-16-9{aspect-ratio:16/9}.egds-team-image-refactor-ratio-21-9{aspect-ratio:21/9}.egds-team-image-refactor-ratio-3-4{aspect-ratio:3/4}.egds-team-image-refactor-ratio-4-1{aspect-ratio:4/1}@supports not (aspect-ratio:1/1){.egds-team-image-refactor-ratio:before{block-size:0;content:" ";display:block;inline-size:1px;margin-inline-start:-1px}.egds-team-image-refactor-ratio-2-1:before{padding-block-end:50%}.egds-team-image-refactor-ratio-1-1:before{padding-block-end:100%}.egds-team-image-refactor-ratio-3-2:before{padding-block-end:66.6666666667%}.egds-team-image-refactor-ratio-4-3:before{padding-block-end:75%}.egds-team-image-refactor-ratio-16-9:before{padding-block-end:56.25%}.egds-team-image-refactor-ratio-21-9:before{padding-block-end:42.8571428571%}.egds-team-image-refactor-ratio-3-4:before{padding-block-end:133.3333333333%}.egds-team-image-refactor-ratio-4-1:before{padding-block-end:25%}}.egds-team-image-refactor-placeholder{--sm-breakpoint:35.938rem;--md-breakpoint:61.938rem;--lg-breakpoint:74.938rem;block-size:inherit;inset-block-end:0;inset-block-start:0;inset-inline-end:0;inset-inline-start:0;position:absolute}@supports not (inset-block-start:0){.egds-team-image-refactor-placeholder{bottom:0;left:0;right:0;top:0}}.egds-team-image-refactor-placeholder-image{--uitk-image-image__missing__fill:url(data:image/png;base64,iVBORw0KGgoAAAANSUhEUgAAAKgAAABwCAYAAACKJjv2AAAACXBIWXMAAAsTAAALEwEAmpwYAAAAAXNSR0IArs4c6QAAAARnQU1BAACxjwv8YQUAAAs9SURBVHgB7Z1pc9pAEobFYRAYHzlq9///r/2wX/bD1iZxgjnFtXoGtSNkdGEMPaifKioOBhdiXvUxM93T+te//7MLDEMp7cAwFNPNPrFYRsHrZBZsd/UMa6fTDu6Hg2DQ7wU+sYuvczZfBPNFFGy2W/dct9MJ7roddz1cl3E93gl0MpvXFidsNlsnbJ8Emnczrjcb91hEq2A0DIPhIAx84b8/XoKPoM3QvBMoQoN/fv8S1IEvZrfzJ5ydzZfB63Tmfu7ddd2gYDVbrVYQrdaxRV3uBTydB6122zvPcCraDE237AVyR9YVrGYYhGnsKeA+tpCjWJxpECyPTuzqeR0DFvbunHh9oep4ZcdXm6FpZIA1TcKYMLYSIk6JRXmIF8G9I1R+N42fNy5PIwW6iuNLGIR99y+C/Pl77Nw5j5fx65sVuU8EjLs3Lk+pi78l1y6s13uBYh1hGSdDYjWBn4lBSY6IS+W5WyadXGmaucgV6EezQR/ASpbFlT7FneegHV/vfSYmvyalFvQW6cRZOXOeq9iSYkUHYS+YLf7GnliQfm+fxZLRQzexpLeKVk+ZK9BTppl8od+/c9NM0WrlBIqV/PL44Fw9IFixnIvY1QOT98blKQ02EN6tuXuxjohUkiGs5nDQd4+0W4/WewsqCZVxWRqZxcs8Z9n00Xy5dG5fXu8D7eTmqjKX6UPi19iFZkkE0lY0zX4yfy/e0CPrKbEyiwtFAnQ3Z7JY0Y8XIbTSyCQJxCqSBDGYjw/3B79n8BhgBs+nZc7H0X3wK57TncfztvMKc7dY3If7YaCVRm/VYTCBgZRsHdxafDK4mgfvGMTSX58fXSJYBMLkBuW1mndsNXKiXpCdO1jL8WQafIsHa7vduZ+BdXoft9vxmZ8fRvHdFXhPY128wHr7Kp5uwmr+Hk/2c6SxayeWGymasG4qjRcoSNwmbv7NAnnEuaYCtXnMdwIlNmGnzykX7Ovucz730+MoePnz6v6PYG0nvQ7eCXQ0Gr5lsHXQtoZbFxKGh/jat9utN3OeaW41V3g3EkypNGX3eJahrRapw/yYoRoTqKEaE6ihGhOooRoTqKEaE6ihGltJUsYt9CGQEu7FchWE/bsPzY+bQI2zwiIPe2ylndBktnE7w9h4M+jXn2c2gRpngeoDNnjLCiSrcZTWSDHi+HXmfl9XqCZQ40O4Dd/T2VuvAfYwsJdBloup8cKCyvJ5XaG2rtHA9hb7PZ3C/37+rtxJkEK+f3x7DrSAMBFdegdYWVe8tFDlPWkxH8Ms6BVx1aMVBaptd5Xs/BL21nHqHlXhPfydIkOlWqBVtvxRM0RZho/b475/fSp9DRaKQWw3rMOJoEKgkvkBHefY9lYVmi1Eq7Er17jFPZy73d4damvBc6nw7OoCJcAWccJssQxa7dZBuUXelyF9PoltqCP68qSvCAcLuIyiIIrWbq8pMSfWsN1uB71eNxiGxXVPm83fxhJN5OoCXSz21ZPfv+zd3Y+XP06wVeqBGDSsLQJdJVmkFpisnqQ8QxpEuqXN+Hzjfs8+1Dyvsdnur0trEzOuUbLy9JjVfT4P75OkVo1OGpfkVxw3MvWCtQzDnpsTlBbjfFZuKGkzjtegJ/4xD7BNZbxN5OoCHQxC56axnG/PhX7v6GfSGnEiKpqSZcXVSmrSeWBFaJhLKMDyYPbABpmG6rSb2bzs6gKl7JdEQFw9guU5nxG3ToycvvHKIOHLE2jT+pQKKlw800S+dfAoYn1iPJzubiKIi++ai788VUubfWv/eK4pGGLVpltQ2w+qmE3DEyS4qgU9l6XRZmE/8nnS38nfBEmvQEnyjk0X1X0+D7OgitG6inRJbLPIJ3AuzyCrSKysaeOcXkvdZpFzr+Pe6rY9WUXS7OI/G7Ogn8A5YtD037jr6humSxkFi0E/gVOz7mPvY7WpyUfgXGVHvWFUxSyooRoTqKEaE6ihGhOooRoTqKGaXIFWPUT2Fg+bNfTQ+Il66mMmyZmVWdg47cvBEJSOcKRjUSMIV8MVX0/fozMIDuZBq1xkEVW6S2iCne9UlRbBGZ4+XA8796uezOLLNcGBBcWSbD9QfMYXhMA1XnzRzXeswnASW1Z3RGKmW4bWm1DEWbQEmb4m8EGkBwKtcpFFEItqq64U8m6+vPJXqZXKlg1rvgkFCVuyIYrUevkk0sbEoKfcfMdqpTTfhILE1BNXf3548/km0qMCbVpWLp3aKHbDyrJBg1r2UxquakBOcL7PqY71SaSWxaeyePZdUj2JYHlQUenj8Y6jYXnpti8iPSrQj8SgPkGDBcSZ7VPp2gKOX52LvLu78/Lszir4INJGryRJswi6f6RFKIKFac4c6a2QTqQQKX2uNFFoGqpaRF9LLnDj3W4nd6MwLl9bU7I85Bj1fexZLyzRbEkbbUHbSSOvPChW056xC6OkO57MddZ+f8qSMo2mhUILeus95LGekhBl40ziULJ6X+JPsXhYQEQKdS2p1I62FVWRNtqCvsVek+nBMqFruz3e92APPTpDHpGyjAl1LWl6NkPTzMXJMegtWFeso8wZspZNcRoufbPdi3V/VIpfrSBPsaRpcWpbp2/8PCixF0nSYrF0lrOd9O5kUH2dXqojUs3ihEbHoAKD4pulLKOKSLWLExpjQWUa5hyLCb50mysSqQ/ihAOBnmMQtQ4e0zDpU85Ohe/Ip+XPYyIlX/dBnHAg0I8OoubBu0U3XpXjIvVj4/KBQJs8iLcO44oBoYJgt905Y+TdhmXjtuHYyH6v/PhFTVjZsaEaE6ihGhOooRoTqKEaE6ihGhOooRoTqKEaE6ihGi/O6iyjKbuumoitJF0YNkOvV2v3r7TiYQnS1eR3u40+l/MYVxWo7GbnqL9vz4+VB4fNLL9+j90A33twtjy79GfzRTBfRG+79fPgO2BJchiG3oi1qIVlHsOwHzyMyo9gv6pA2c2+3WxcLTY1QNSnlw2KNFVAnGG/V+tg0kuDMKmQrFNrzvXRsIwHmzm4iTULlc87OaGKdLZYBkOqGUpO0bu6i2fL1yoWKRWU1AVVhYrMp6RATCPLKArGr+/bPbqDueLPTv1TJzmgCyGv1utglVSYCgg7ip/f10bpLN6L1iv3L8ai6ni8/Hl11zmPRVpmYFTEoF+fHoKfscuuug8Vi8J7tJJ1ecSYg0EY3A/6uScX49aB7wBhLpZL9zMPJ3SlfaKkO0tYY+se7YQQ6Cp1M+ahQqAMGu4d182ApMtnBfYx4vYQJ6/VfER12mZiMWmjU9VN87pRUk36OpsFy+Xq3d/UAmOF0BgLucGqwI1K7hElyWKRm1eTxYvwSH6wINLJGLBIiLOdCFl78vC3s9zunQtjUHD/0hgCuB7cfr/Xe6sk5bnnh1Ew6SyO/h0NLKPk5olDlB+/qodnacrcvKppJifS59jdv4yP1s98edIvTiHb/lB6kEZH3BpWhOfTHkKuc6R4loLugELZ7EQeZW5e3TwoyQPu/Vj9DFbGR/IOa8C1YX3SiRSWlWTRhxNGxAN8pF1n5JtAgfiLgZq+tWLxr8NHmrQAucmYAySpkDgakS5id5kuWPTtCGrXZI1HfE15+UGV12RRu5KEBRGBap7rrIK4aQ5lyPa8BwZLChb3XkNnzFmI3ISJAE9+TQZb6rwQ2VgSa7KOreUu6Ymf9zpfaCWtLIssY5XXZDGBXgFi0mnqWBwSIlk18pYqbruGaxdMoFdgeyQx8i3mTPOZZxPY1pkrkM3Q8w4TMxRZ0KK78NjvfN8DWjSZ7yN1x6Oq1TUXf0V8TYgEYmfCk1MWT6q+9+C0Y8PQhsWghmpMoIZqTKCGakyghmpMoIZqTKCGav4PyCg7X0LCI9kAAAAASUVORK5CYII=);--egds-legacy-background-color:#caccd2;background:var(--egds-tertiary-container,var(--egds-legacy-background-color) var(--uitk-image-image__missing__fill) repeat)}.egds-team-image-refactor-has-custom-background-color{background:var(--egds-team-image-refactor-custom-blank-background-color)}.egds-team-image-refactor-media{display:block;object-fit:cover}.egds-team-image-refactor .egds-team-image-refactor-media{block-size:100%;inline-size:100%;inset-block-end:0;inset-block-start:0;inset-inline-end:0;inset-inline-start:0;position:absolute}@supports not (inset-block-start:0){.egds-team-image-refactor .egds-team-image-refactor-media{bottom:0;left:0;right:0;top:0}}.egds-team-image-refactor-background{background-position:50%;background-size:cover}.egds-team-image-refactor-link{background-color:transparent;block-size:100%;display:block;inline-size:100%;inset-block-end:0;inset-block-start:0;inset-inline-end:0;inset-inline-start:0;overflow:hidden;position:absolute;white-space:nowrap;z-index:100}@supports not (inset-block-start:0){.egds-team-image-refactor-link{bottom:0;left:0;right:0;top:0}}.egds-team-image-refactor-fit-contain,.egds-team-image-refactor-fit-cover{block-size:100%;inset-block-end:0;inset-block-start:0;inset-inline-end:0;inset-inline-start:0;margin:0;padding:0;position:relative}@supports not (inset-block-start:0){.egds-team-image-refactor-fit-contain,.egds-team-image-refactor-fit-cover{bottom:0;left:0;right:0;top:0}}.egds-team-image-refactor-fit-contain .egds-team-image-refactor-media,.egds-team-image-refactor-fit-cover .egds-team-image-refactor-media{block-size:100%;inline-size:100%;object-position:var(--egds-team-image-refactor-imagefit-position-x) var(--egds-team-image-refactor-imagefit-position-y)}.egds-team-image-refactor-fit-contain .egds-team-image-refactor-media{object-fit:contain}.egds-team-image-refactor-roundcorner-all .egds-team-image-refactor-media,.egds-team-image-refactor-roundcorner-all .egds-team-image-refactor-placeholder,.egds-team-image-refactor-roundcorner-small-all .egds-team-image-refactor-media,.egds-team-image-refactor-roundcorner-small-all .egds-team-image-refactor-placeholder{border-radius:.5rem}.egds-team-image-refactor-roundcorner-all-unset .egds-team-image-refactor-media,.egds-team-image-refactor-roundcorner-all-unset .egds-team-image-refactor-placeholder,.egds-team-image-refactor-roundcorner-small-all-unset .egds-team-image-refactor-media,.egds-team-image-refactor-roundcorner-small-all-unset .egds-team-image-refactor-placeholder{border-radius:0}.egds-team-image-refactor-roundcorner-max .egds-team-image-refactor-media,.egds-team-image-refactor-roundcorner-max .egds-team-image-refactor-placeholder,.egds-team-image-refactor-roundcorner-small-max .egds-team-image-refactor-media,.egds-team-image-refactor-roundcorner-small-max .egds-team-image-refactor-placeholder{border-radius:2500rem}.egds-team-image-refactor-roundcorner-max-unset .egds-team-image-refactor-media,.egds-team-image-refactor-roundcorner-max-unset .egds-team-image-refactor-placeholder,.egds-team-image-refactor-roundcorner-small-max-unset .egds-team-image-refactor-media,.egds-team-image-refactor-roundcorner-small-max-unset .egds-team-image-refactor-placeholder{border-radius:0}.egds-team-image-refactor-roundcorner-small-startstart .egds-team-image-refactor-media,.egds-team-image-refactor-roundcorner-small-startstart .egds-team-image-refactor-placeholder,.egds-team-image-refactor-roundcorner-startstart .egds-team-image-refactor-media,.egds-team-image-refactor-roundcorner-startstart .egds-team-image-refactor-placeholder{border-start-start-radius:.5rem}.egds-team-image-refactor-roundcorner-small-startstart-unset .egds-team-image-refactor-media,.egds-team-image-refactor-roundcorner-small-startstart-unset .egds-team-image-refactor-placeholder,.egds-team-image-refactor-roundcorner-startstart-unset .egds-team-image-refactor-media,.egds-team-image-refactor-roundcorner-startstart-unset .egds-team-image-refactor-placeholder{border-start-start-radius:0}.egds-team-image-refactor-roundcorner-small-startend .egds-team-image-refactor-media,.egds-team-image-refactor-roundcorner-small-startend .egds-team-image-refactor-placeholder,.egds-team-image-refactor-roundcorner-startend .egds-team-image-refactor-media,.egds-team-image-refactor-roundcorner-startend .egds-team-image-refactor-placeholder{border-start-end-radius:.5rem}.egds-team-image-refactor-roundcorner-small-startend-unset .egds-team-image-refactor-media,.egds-team-image-refactor-roundcorner-small-startend-unset .egds-team-image-refactor-placeholder,.egds-team-image-refactor-roundcorner-startend-unset .egds-team-image-refactor-media,.egds-team-image-refactor-roundcorner-startend-unset .egds-team-image-refactor-placeholder{border-start-end-radius:0}.egds-team-image-refactor-roundcorner-endstart .egds-team-image-refactor-media,.egds-team-image-refactor-roundcorner-endstart .egds-team-image-refactor-placeholder,.egds-team-image-refactor-roundcorner-small-endstart .egds-team-image-refactor-media,.egds-team-image-refactor-roundcorner-small-endstart .egds-team-image-refactor-placeholder{border-end-start-radius:.5rem}.egds-team-image-refactor-roundcorner-endstart-unset .egds-team-image-refactor-media,.egds-team-image-refactor-roundcorner-endstart-unset .egds-team-image-refactor-placeholder,.egds-team-image-refactor-roundcorner-small-endstart-unset .egds-team-image-refactor-media,.egds-team-image-refactor-roundcorner-small-endstart-unset .egds-team-image-refactor-placeholder{border-end-start-radius:0}.egds-team-image-refactor-roundcorner-endend .egds-team-image-refactor-media,.egds-team-image-refactor-roundcorner-endend .egds-team-image-refactor-placeholder,.egds-team-image-refactor-roundcorner-small-endend .egds-team-image-refactor-media,.egds-team-image-refactor-roundcorner-small-endend .egds-team-image-refactor-placeholder{border-end-end-radius:.5rem}.egds-team-image-refactor-roundcorner-endend-unset .egds-team-image-refactor-media,.egds-team-image-refactor-roundcorner-endend-unset .egds-team-image-refactor-placeholder,.egds-team-image-refactor-roundcorner-small-endend-unset .egds-team-image-refactor-media,.egds-team-image-refactor-roundcorner-small-endend-unset .egds-team-image-refactor-placeholder{border-end-end-radius:0}@media screen and (min-width:36rem){.egds-team-image-refactor-roundcorner-medium-all .egds-team-image-refactor-media,.egds-team-image-refactor-roundcorner-medium-all .egds-team-image-refactor-placeholder{border-radius:.5rem}.egds-team-image-refactor-roundcorner-medium-all-unset .egds-team-image-refactor-media,.egds-team-image-refactor-roundcorner-medium-all-unset .egds-team-image-refactor-placeholder{border-radius:0}.egds-team-image-refactor-roundcorner-medium-max .egds-team-image-refactor-media,.egds-team-image-refactor-roundcorner-medium-max .egds-team-image-refactor-placeholder{border-radius:2500rem}.egds-team-image-refactor-roundcorner-medium-max-unset .egds-team-image-refactor-media,.egds-team-image-refactor-roundcorner-medium-max-unset .egds-team-image-refactor-placeholder{border-radius:0}.egds-team-image-refactor-roundcorner-medium-startstart .egds-team-image-refactor-media,.egds-team-image-refactor-roundcorner-medium-startstart .egds-team-image-refactor-placeholder{border-start-start-radius:.25rem}.egds-team-image-refactor-roundcorner-medium-startstart-unset .egds-team-image-refactor-media,.egds-team-image-refactor-roundcorner-medium-startstart-unset .egds-team-image-refactor-placeholder{border-start-start-radius:0}.egds-team-image-refactor-roundcorner-medium-startend .egds-team-image-refactor-media,.egds-team-image-refactor-roundcorner-medium-startend .egds-team-image-refactor-placeholder{border-start-end-radius:.25rem}.egds-team-image-refactor-roundcorner-medium-startend-unset .egds-team-image-refactor-media,.egds-team-image-refactor-roundcorner-medium-startend-unset .egds-team-image-refactor-placeholder{border-start-end-radius:0}.egds-team-image-refactor-roundcorner-medium-endstart .egds-team-image-refactor-media,.egds-team-image-refactor-roundcorner-medium-endstart .egds-team-image-refactor-placeholder{border-end-start-radius:.25rem}.egds-team-image-refactor-roundcorner-medium-endstart-unset .egds-team-image-refactor-media,.egds-team-image-refactor-roundcorner-medium-endstart-unset .egds-team-image-refactor-placeholder{border-end-start-radius:0}.egds-team-image-refactor-roundcorner-medium-endend .egds-team-image-refactor-media,.egds-team-image-refactor-roundcorner-medium-endend .egds-team-image-refactor-placeholder{border-end-end-radius:.25rem}.egds-team-image-refactor-roundcorner-medium-endend-unset .egds-team-image-refactor-media,.egds-team-image-refactor-roundcorner-medium-endend-unset .egds-team-image-refactor-placeholder{border-end-end-radius:0}}@media screen and (min-width:62rem){.egds-team-image-refactor-roundcorner-large-all .egds-team-image-refactor-media,.egds-team-image-refactor-roundcorner-large-all .egds-team-image-refactor-placeholder{border-radius:.5rem}.egds-team-image-refactor-roundcorner-large-all-unset .egds-team-image-refactor-media,.egds-team-image-refactor-roundcorner-large-all-unset .egds-team-image-refactor-placeholder{border-radius:0}.egds-team-image-refactor-roundcorner-large-max .egds-team-image-refactor-media,.egds-team-image-refactor-roundcorner-large-max .egds-team-image-refactor-placeholder{border-radius:2500rem}.egds-team-image-refactor-roundcorner-large-max-unset .egds-team-image-refactor-media,.egds-team-image-refactor-roundcorner-large-max-unset .egds-team-image-refactor-placeholder{border-radius:0}.egds-team-image-refactor-roundcorner-large-startstart .egds-team-image-refactor-media,.egds-team-image-refactor-roundcorner-large-startstart .egds-team-image-refactor-placeholder{border-start-start-radius:.25rem}.egds-team-image-refactor-roundcorner-large-startstart-unset .egds-team-image-refactor-media,.egds-team-image-refactor-roundcorner-large-startstart-unset .egds-team-image-refactor-placeholder{border-start-start-radius:0}.egds-team-image-refactor-roundcorner-large-startend .egds-team-image-refactor-media,.egds-team-image-refactor-roundcorner-large-startend .egds-team-image-refactor-placeholder{border-start-end-radius:.25rem}.egds-team-image-refactor-roundcorner-large-startend-unset .egds-team-image-refactor-media,.egds-team-image-refactor-roundcorner-large-startend-unset .egds-team-image-refactor-placeholder{border-start-end-radius:0}.egds-team-image-refactor-roundcorner-large-endstart .egds-team-image-refactor-media,.egds-team-image-refactor-roundcorner-large-endstart .egds-team-image-refactor-placeholder{border-end-start-radius:.25rem}.egds-team-image-refactor-roundcorner-large-endstart-unset .egds-team-image-refactor-media,.egds-team-image-refactor-roundcorner-large-endstart-unset .egds-team-image-refactor-placeholder{border-end-start-radius:0}.egds-team-image-refactor-roundcorner-large-endend .egds-team-image-refactor-media,.egds-team-image-refactor-roundcorner-large-endend .egds-team-image-refactor-placeholder{border-end-end-radius:.25rem}.egds-team-image-refactor-roundcorner-large-endend-unset .egds-team-image-refactor-media,.egds-team-image-refactor-roundcorner-large-endend-unset .egds-team-image-refactor-placeholder{border-end-end-radius:0}}@media screen and (min-width:75rem){.egds-team-image-refactor-roundcorner-extra_large-all .egds-team-image-refactor-media,.egds-team-image-refactor-roundcorner-extra_large-all .egds-team-image-refactor-placeholder{border-radius:.5rem}.egds-team-image-refactor-roundcorner-extra_large-all-unset .egds-team-image-refactor-media,.egds-team-image-refactor-roundcorner-extra_large-all-unset .egds-team-image-refactor-placeholder{border-radius:0}.egds-team-image-refactor-roundcorner-extra_large-max .egds-team-image-refactor-media,.egds-team-image-refactor-roundcorner-extra_large-max .egds-team-image-refactor-placeholder{border-radius:2500rem}.egds-team-image-refactor-roundcorner-extra_large-max-unset .egds-team-image-refactor-media,.egds-team-image-refactor-roundcorner-extra_large-max-unset .egds-team-image-refactor-placeholder{border-radius:0}.egds-team-image-refactor-roundcorner-extra_large-startstart .egds-team-image-refactor-media,.egds-team-image-refactor-roundcorner-extra_large-startstart .egds-team-image-refactor-placeholder{border-start-start-radius:.25rem}.egds-team-image-refactor-roundcorner-extra_large-startstart-unset .egds-team-image-refactor-media,.egds-team-image-refactor-roundcorner-extra_large-startstart-unset .egds-team-image-refactor-placeholder{border-start-start-radius:0}.egds-team-image-refactor-roundcorner-extra_large-startend .egds-team-image-refactor-media,.egds-team-image-refactor-roundcorner-extra_large-startend .egds-team-image-refactor-placeholder{border-start-end-radius:.25rem}.egds-team-image-refactor-roundcorner-extra_large-startend-unset .egds-team-image-refactor-media,.egds-team-image-refactor-roundcorner-extra_large-startend-unset .egds-team-image-refactor-placeholder{border-start-end-radius:0}.egds-team-image-refactor-roundcorner-extra_large-endstart .egds-team-image-refactor-media,.egds-team-image-refactor-roundcorner-extra_large-endstart .egds-team-image-refactor-placeholder{border-end-start-radius:.25rem}.egds-team-image-refactor-roundcorner-extra_large-endstart-unset .egds-team-image-refactor-media,.egds-team-image-refactor-roundcorner-extra_large-endstart-unset .egds-team-image-refactor-placeholder{border-end-start-radius:0}.egds-team-image-refactor-roundcorner-extra_large-endend .egds-team-image-refactor-media,.egds-team-image-refactor-roundcorner-extra_large-endend .egds-team-image-refactor-placeholder{border-end-end-radius:.25rem}.egds-team-image-refactor-roundcorner-extra_large-endend-unset .egds-team-image-refactor-media,.egds-team-image-refactor-roundcorner-extra_large-endend-unset .egds-team-image-refactor-placeholder{border-end-end-radius:0}}.egds-team-image-refactor-background,.egds-team-image-refactor-media{opacity:1;transition:opacity 1s}.is-loading .egds-team-image-refactor-media,.is-loading.egds-team-image-refactor-background{opacity:0}.is-loading noscript .egds-team-image-refactor-media{opacity:1}.egds-team-layout-grid-container-based-sizing{--uitk-layoutgrid-egds-size__0x:0px;--uitk-layoutgrid-egds-size__0x__half:2px;--uitk-layoutgrid-egds-size__0x__quarter:1px;--uitk-layoutgrid-egds-size__1x:0.25rem;--uitk-layoutgrid-egds-size__1x__half:0.375rem;--uitk-layoutgrid-egds-size__2x:0.5rem;--uitk-layoutgrid-egds-size__3x:0.75rem;--uitk-layoutgrid-egds-size__3x__half:0.875rem;--uitk-layoutgrid-egds-size__4x:1rem;--uitk-layoutgrid-egds-size__4x__half:1.125rem;--uitk-layoutgrid-egds-size__5x:1.25rem;--uitk-layoutgrid-egds-size__6x:1.5rem;--uitk-layoutgrid-egds-size__7x:1.75rem;--uitk-layoutgrid-egds-size__8x:2rem;--uitk-layoutgrid-egds-size__9x:2.25rem;--uitk-layoutgrid-egds-size__10x:2.5rem;--uitk-layoutgrid-egds-size__11x:2.75rem;--uitk-layoutgrid-egds-size__12x:3rem;--uitk-layoutgrid-egds-size__13x:3.25rem;--uitk-layoutgrid-egds-size__14x:3.5rem;--uitk-layoutgrid-egds-size__15x:3.75rem;--uitk-layoutgrid-egds-size__16x:4rem;--uitk-layoutgrid-egds-size__17x:4.25rem;--uitk-layoutgrid-egds-size__18x:4.5rem;--uitk-layoutgrid-egds-size__24x:6rem;--uitk-layoutgrid-egds-size__30x:7.5rem;--uitk-layoutgrid-egds-size__37x:9.25rem;--uitk-layoutgrid-egds-size__38x:9.5rem;--uitk-layoutgrid-egds-size__40x:10rem;--uitk-layoutgrid-egds-size__48x:12rem;--uitk-layoutgrid-egds-size__70x:17.5rem;--uitk-layoutgrid-egds-size__72x:18rem;--uitk-layoutgrid-egds-size__76x:19rem;--uitk-layoutgrid-egds-size__88x:22rem;--uitk-layoutgrid-egds-size__96x:24rem;--uitk-layoutgrid-egds-size__104x:26rem;--uitk-layoutgrid-egds-size__112x:28rem;--uitk-layoutgrid-egds-size__120x:30rem;--uitk-layoutgrid-egds-size__180x:45rem;--uitk-layoutgrid-egds-size__312x:78rem;--uitk-layoutgrid-egds-size__500x:125rem}.egds-team-layout-grid-container-based-sizing-has-space{--uitk-layoutgrid-space-half:2px;--uitk-layoutgrid-space-one:0.25rem;--uitk-layoutgrid-space-two:0.5rem;--uitk-layoutgrid-space-three:0.75rem;--uitk-layoutgrid-space-four:1rem;--uitk-layoutgrid-space-six:1.5rem;--uitk-layoutgrid-space-twelve:3rem}.egds-team-layout-grid-container-based-sizing-has-top-spacer{--uitk-layoutgrid-rows:minmax(auto,9.375rem) max-content;--uitk-layoutgrid-rows-medium:minmax(auto,6.25rem) max-content}@supports (contain:layout){.egds-team-layout-grid-container-based-sizing-has-top-spacer{--uitk-layoutgrid-rows:minmax(auto,20cqi) max-content;--uitk-layoutgrid-rows-medium:minmax(auto,6.25cqi) max-content}}.egds-team-layout-grid-container-based-sizing-has-columns-using-auto-grid,.egds-team-layout-grid-container-based-sizing-has-rows-using-auto-grid{--uitk-layoutgrid-egds-size__zero:0px;--uitk-layoutgrid-egds-size__fifteen:3.75rem;--uitk-layoutgrid-egds-size__sixteen:4rem;--uitk-layoutgrid-egds-size__twenty_four:6rem;--uitk-layoutgrid-egds-size__seventy_two:18rem;--uitk-layoutgrid-egds-size__seventy_six:19rem;--uitk-layoutgrid-egds-size__eighty_eight:22rem;--uitk-layoutgrid-egds-size__ninety_six:24rem;--uitk-layoutgrid-egds-size__one_hundred_four:26rem;--uitk-layoutgrid-egds-size__one_hundred_twelve:28rem;--uitk-layoutgrid-egds-size__one_hundred_twenty:30rem;--uitk-layoutgrid-egds-size__full_width:100%}.egds-team-layout-grid-container-based-sizing-display-grid{display:grid}.egds-team-layout-grid-container-based-sizing-display-inline-grid{display:inline-grid}.egds-team-layout-grid-container-based-sizing-has-areas{grid-template-areas:var(--uitk-layoutgrid-areas,initial)}.egds-team-layout-grid-container-based-sizing-has-auto-columns{grid-auto-columns:var(--uitk-layoutgrid-auto-columns)}.egds-team-layout-grid-container-based-sizing-has-auto-rows{grid-auto-rows:var(--uitk-layoutgrid-auto-rows)}.egds-team-layout-grid-container-based-sizing-has-columns,.egds-team-layout-grid-container-based-sizing-has-columns-using-auto-grid{grid-template-columns:var(--uitk-layoutgrid-columns,initial)}.egds-team-layout-grid-container-based-sizing-has-rows,.egds-team-layout-grid-container-based-sizing-has-rows-using-auto-grid{grid-template-rows:var(--uitk-layoutgrid-rows,initial)}.egds-team-layout-grid-container-based-sizing-has-space{grid-column-gap:var(--uitk-layoutgrid-column-gap,initial);grid-row-gap:var(--uitk-layoutgrid-row-gap,initial)}.egds-team-layout-grid-container-based-sizing-block-size-full_size{block-size:100%}.egds-team-layout-grid-container-based-sizing-block-size-explicit_size{block-size:var(--uitk-layoutgrid-block-size)}.egds-team-layout-grid-container-based-sizing-min-block-size-viewport-size{min-block-size:100vh}.egds-team-layout-grid-container-based-sizing-align-items-start{align-items:start}.egds-team-layout-grid-container-based-sizing-justify-items-start{justify-items:start}.egds-team-layout-grid-container-based-sizing-align-items-end{align-items:end}.egds-team-layout-grid-container-based-sizing-justify-items-end{justify-items:end}.egds-team-layout-grid-container-based-sizing-align-items-center{align-items:center}.egds-team-layout-grid-container-based-sizing-justify-items-center{justify-items:center}.egds-team-layout-grid-container-based-sizing-align-items-stretch{align-items:stretch}.egds-team-layout-grid-container-based-sizing-justify-items-stretch{justify-items:stretch}.egds-team-layout-grid-container-based-sizing-align-content-start{align-content:start}.egds-team-layout-grid-container-based-sizing-justify-content-start{justify-content:start}.egds-team-layout-grid-container-based-sizing-align-content-end{align-content:end}.egds-team-layout-grid-container-based-sizing-justify-content-end{justify-content:end}.egds-team-layout-grid-container-based-sizing-align-content-center{align-content:center}.egds-team-layout-grid-container-based-sizing-justify-content-center{justify-content:center}.egds-team-layout-grid-container-based-sizing-align-content-stretch{align-content:stretch}.egds-team-layout-grid-container-based-sizing-justify-content-stretch{justify-content:stretch}.egds-team-layout-grid-container-based-sizing-align-content-space-around{align-content:space-around}.egds-team-layout-grid-container-based-sizing-justify-content-space-around{justify-content:space-around}.egds-team-layout-grid-container-based-sizing-align-content-space-between{align-content:space-between}.egds-team-layout-grid-container-based-sizing-justify-content-space-between{justify-content:space-between}.egds-team-layout-grid-container-based-sizing-align-content-space-evenly{align-content:space-evenly}.egds-team-layout-grid-container-based-sizing-justify-content-space-evenly{justify-content:space-evenly}.egds-team-layout-grid-container-based-sizing-auto-flow-row{grid-auto-flow:row}.egds-team-layout-grid-container-based-sizing-auto-flow-column{grid-auto-flow:column}.egds-team-layout-grid-container-based-sizing-auto-flow-dense{grid-auto-flow:dense}.egds-team-layout-grid-container-based-sizing-auto-flow-row-dense{grid-auto-flow:row dense}.egds-team-layout-grid-container-based-sizing-auto-flow-column-dense{grid-auto-flow:column dense}.egds-team-layout-grid-container-based-sizing-item-has-column-end{grid-column-end:var(--uitk-layoutgrid-column-end,initial)}.egds-team-layout-grid-container-based-sizing-item-has-column-start{grid-column-start:var(--uitk-layoutgrid-column-start,initial)}.egds-team-layout-grid-container-based-sizing-item-has-row-end{grid-row-end:var(--uitk-layoutgrid-row-end,initial)}.egds-team-layout-grid-container-based-sizing-item-has-row-start{grid-row-start:var(--uitk-layoutgrid-row-start,initial)}.egds-team-layout-grid-container-based-sizing-item-align-self-start{align-self:start}.egds-team-layout-grid-container-based-sizing-item-justify-self-start{justify-self:start}.egds-team-layout-grid-container-based-sizing-item-align-self-end{align-self:end}.egds-team-layout-grid-container-based-sizing-item-justify-self-end{justify-self:end}.egds-team-layout-grid-container-based-sizing-item-align-self-center{align-self:center}.egds-team-layout-grid-container-based-sizing-item-justify-self-center{justify-self:center}.egds-team-layout-grid-container-based-sizing-item-align-self-stretch{align-self:stretch}.egds-team-layout-grid-container-based-sizing-item-justify-self-stretch{justify-self:stretch}@media screen and (min-width:36rem){.egds-team-layout-grid-container-based-sizing-has-areas-by-medium{grid-template-areas:var(--uitk-layoutgrid-areas-medium)}.egds-team-layout-grid-container-based-sizing-has-columns-by-medium{grid-template-columns:var(--uitk-layoutgrid-columns-medium)}.egds-team-layout-grid-container-based-sizing-has-rows-by-medium{grid-template-rows:var(--uitk-layoutgrid-rows-medium)}.egds-team-layout-grid-container-based-sizing-item-has-column-end-by-medium{grid-column-end:var(--uitk-layoutgrid-column-end-medium)}.egds-team-layout-grid-container-based-sizing-item-has-column-start-by-medium{grid-column-start:var(--uitk-layoutgrid-column-start-medium)}.egds-team-layout-grid-container-based-sizing-item-has-row-end-by-medium{grid-row-end:var(--uitk-layoutgrid-row-end-medium)}.egds-team-layout-grid-container-based-sizing-item-has-row-start-by-medium{grid-row-start:var(--uitk-layoutgrid-row-start-medium)}}@media screen and (min-width:62rem){.egds-team-layout-grid-container-based-sizing-has-areas-by-large{grid-template-areas:var(--uitk-layoutgrid-areas-large)}.egds-team-layout-grid-container-based-sizing-has-columns-by-large{grid-template-columns:var(--uitk-layoutgrid-columns-large)}.egds-team-layout-grid-container-based-sizing-has-rows-by-large{grid-template-rows:var(--uitk-layoutgrid-rows-large)}.egds-team-layout-grid-container-based-sizing-item-has-column-end-by-large{grid-column-end:var(--uitk-layoutgrid-column-end-large)}.egds-team-layout-grid-container-based-sizing-item-has-column-start-by-large{grid-column-start:var(--uitk-layoutgrid-column-start-large)}.egds-team-layout-grid-container-based-sizing-item-has-row-end-by-large{grid-row-end:var(--uitk-layoutgrid-row-end-large)}.egds-team-layout-grid-container-based-sizing-item-has-row-start-by-large{grid-row-start:var(--uitk-layoutgrid-row-start-large)}}@media screen and (min-width:75rem){.egds-team-layout-grid-container-based-sizing-has-areas-by-extra_large{grid-template-areas:var(--uitk-layoutgrid-areas-extra_large)}.egds-team-layout-grid-container-based-sizing-has-columns-by-extra_large{grid-template-columns:var(--uitk-layoutgrid-columns-extra_large)}.egds-team-layout-grid-container-based-sizing-has-rows-by-extra_large{grid-template-rows:var(--uitk-layoutgrid-rows-extra_large)}.egds-team-layout-grid-container-based-sizing-item-has-column-end-by-extra_large{grid-column-end:var(--uitk-layoutgrid-column-end-extra_large)}.egds-team-layout-grid-container-based-sizing-item-has-column-start-by-extra_large{grid-column-start:var(--uitk-layoutgrid-column-start-extra_large)}.egds-team-layout-grid-container-based-sizing-item-has-row-end-by-extra_large{grid-row-end:var(--uitk-layoutgrid-row-end-extra_large)}.egds-team-layout-grid-container-based-sizing-item-has-row-start-by-extra_large{grid-row-start:var(--uitk-layoutgrid-row-start-extra_large)}}.egds-team-scrim-refactor{--standard-custom-scrim-color:rgba(25,30,59,.8);--egds-team-custom-scrim-color:hsl(var(--egds-team-custom-gradient-hue) var(--egds-team-custom-gradient-saturation) var(--egds-team-custom-gradient-lightness)/0.8);--custom-scrim-color:var(--egds-team-custom-scrim-color,var(--standard-custom-scrim-color));--egds-team-custom-scrim-refactor-custom-overlay-style:linear-gradient(var(--custom-scrim-color) 0%,var(--custom-scrim-color) 100%);--egds-team-custom-scrim-refactor-empty-style:transparent;--egds-team-custom-scrim-refactor-custom-fade-bottom-style:linear-gradient(to top,var(--custom-scrim-color) 0%,transparent 100%);color:#fff}.egds-team-scrim-refactor:not(.custom-fade-bottom),.egds-team-scrim-refactor:not(.custom-overlay){inset-block-end:0;inset-inline-end:0;inset-inline-start:0;margin:0;position:absolute}@supports not (inset-block-start:0){.egds-team-scrim-refactor:not(.custom-fade-bottom),.egds-team-scrim-refactor:not(.custom-overlay){bottom:0;left:0;right:0}}.egds-team-scrim-refactor.overlay{background-color:rgba(12,14,28,.5);block-size:100%}.egds-team-scrim-refactor.custom-fade-bottom{background-image:var(--egds-team-custom-scrim-refactor-custom-fade-bottom-style);position:relative}.egds-team-scrim-refactor.custom-leading{background-image:linear-gradient(to right,var(--egds-team-custom-scrim-color,var(--standard-custom-scrim-color)) 0,transparent 100%);block-size:100%;position:relative}.egds-team-scrim-refactor.custom-overlay{--background-color:var(--egds-team-custom-scrim-color,var(--standard-custom-scrim-color));background-image:linear-gradient(var(--background-color) 0,var(--background-color) 100%);block-size:100%;position:relative}.egds-team-scrim-refactor.fade-bottom{background-image:linear-gradient(180deg,rgba(12,14,28,0) 1rem,rgba(12,14,28,.11) 2rem,rgba(12,14,28,.32) 3.1rem,rgba(12,14,28,.5) 4.625rem);padding:3.5rem .75rem .75rem}.egds-team-scrim-refactor.fade-leading,.egds-team-scrim-refactor.fade-trailing{block-size:100%}[dir=ltr] .egds-team-scrim-refactor.fade-leading{background-image:linear-gradient(270deg,hsla(0,0%,100%,0),#fff)}[dir=ltr] .egds-team-scrim-refactor.fade-leading.secondary-background{background-image:linear-gradient(270deg,hsla(42,56%,96%,0),#fbf8f1)}[dir=ltr] .egds-team-scrim-refactor.fade-trailing{background-image:linear-gradient(90deg,hsla(0,0%,100%,0),#fff)}[dir=ltr] .egds-team-scrim-refactor.fade-trailing.secondary-background{background-image:linear-gradient(90deg,hsla(42,56%,96%,0),#fbf8f1)}[dir=rtl] .egds-team-scrim-refactor.fade-leading{background-image:linear-gradient(90deg,hsla(0,0%,100%,0),#fff)}[dir=rtl] .egds-team-scrim-refactor.fade-leading.secondary-background{background-image:linear-gradient(90deg,hsla(42,56%,96%,0),#fbf8f1)}[dir=rtl] .egds-team-scrim-refactor.fade-trailing{background-image:linear-gradient(270deg,hsla(0,0%,100%,0),#fff)}[dir=rtl] .egds-team-scrim-refactor.fade-trailing.secondary-background{background-image:linear-gradient(270deg,hsla(42,56%,96%,0),#fbf8f1)}.egds-team-scrim-refactor.fade-button{background-image:linear-gradient(0deg,hsla(0,0%,100%,.75) 88%,hsla(0,0%,100%,0));padding:.75rem}.egds-team-scrim-refactor.empty{background-image:var(--egds-team-custom-scrim-refactor-empty-style)}.egds-team-scrim-refactor.breakpoint-driven{block-size:100%;position:relative}.egds-team-scrim-refactor.breakpoint-driven.custom-overlay-small{background-image:var(--egds-team-custom-scrim-refactor-custom-overlay-style)}.egds-team-scrim-refactor.breakpoint-driven.custom-leading-small{background-image:var(--egds-team-custom-scrim-refactor-custom-leading-style)}.egds-team-scrim-refactor.breakpoint-driven.custom-fade-bottom-small{background-image:var(--egds-team-custom-scrim-refactor-custom-fade-bottom-style)}.egds-team-scrim-refactor.breakpoint-driven.empty-small{background-image:var(--egds-team-custom-scrim-refactor-empty-style)}@media screen and (min-width:var(--breakpoint__small__min )){.egds-team-scrim-refactor.breakpoint-driven.custom-overlay-small{background-image:var(--egds-team-custom-scrim-refactor-custom-overlay-style)}.egds-team-scrim-refactor.breakpoint-driven.custom-leading-small{background-image:var(--egds-team-custom-scrim-refactor-custom-leading-style)}.egds-team-scrim-refactor.breakpoint-driven.custom-fade-bottom-small{background-image:var(--egds-team-custom-scrim-refactor-custom-fade-bottom-style)}.egds-team-scrim-refactor.breakpoint-driven.empty-small{background-image:var(--egds-team-custom-scrim-refactor-empty-style)}}@media screen and (min-width:36rem){.egds-team-scrim-refactor.breakpoint-driven.custom-overlay-medium{background-image:var(--egds-team-custom-scrim-refactor-custom-overlay-style)}.egds-team-scrim-refactor.breakpoint-driven.custom-leading-medium{background-image:var(--egds-team-custom-scrim-refactor-custom-leading-style)}.egds-team-scrim-refactor.breakpoint-driven.custom-fade-bottom-medium{background-image:var(--egds-team-custom-scrim-refactor-custom-fade-bottom-style)}.egds-team-scrim-refactor.breakpoint-driven.empty-medium{background-image:var(--egds-team-custom-scrim-refactor-empty-style)}}@media screen and (min-width:62rem){.egds-team-scrim-refactor.breakpoint-driven.custom-overlay-large{background-image:var(--egds-team-custom-scrim-refactor-custom-overlay-style)}.egds-team-scrim-refactor.breakpoint-driven.custom-leading-large{background-image:var(--egds-team-custom-scrim-refactor-custom-leading-style)}.egds-team-scrim-refactor.breakpoint-driven.custom-fade-bottom-large{background-image:var(--egds-team-custom-scrim-refactor-custom-fade-bottom-style)}.egds-team-scrim-refactor.breakpoint-driven.empty-large{background-image:var(--egds-team-custom-scrim-refactor-empty-style)}}@media screen and (min-width:75rem){.egds-team-scrim-refactor.breakpoint-driven.custom-overlay-extra_large{background-image:var(--egds-team-custom-scrim-refactor-custom-overlay-style)}.egds-team-scrim-refactor.breakpoint-driven.custom-leading-extra_large{background-image:var(--egds-team-custom-scrim-refactor-custom-leading-style)}.egds-team-scrim-refactor.breakpoint-driven.custom-fade-bottom-extra_large{background-image:var(--egds-team-custom-scrim-refactor-custom-fade-bottom-style)}.egds-team-scrim-refactor.breakpoint-driven.empty-extra_large{background-image:var(--egds-team-custom-scrim-refactor-empty-style)}}.egds-team-heading-1-breakpoint-sizing{font-size:3.5rem;font-weight:500;line-height:3.5rem}.egds-team-heading-2-breakpoint-sizing{font-size:2.625rem;font-weight:500;line-height:2.75rem}.egds-team-heading-3-breakpoint-sizing{font-size:2.25rem;font-weight:500;line-height:2.5rem}.egds-team-heading-4-breakpoint-sizing{font-size:1.75rem;font-weight:500;line-height:2rem}.egds-team-heading-5-breakpoint-sizing{font-size:1.25rem;font-weight:500;line-height:1.5rem}.egds-team-heading-6-breakpoint-sizing{font-size:1rem;font-weight:500;line-height:1.25rem}.egds-team-heading-7-breakpoint-sizing{font-size:.875rem;font-weight:500;line-height:1.125rem}.egds-team-heading-8-breakpoint-sizing{font-size:.75rem;font-weight:500;line-height:1rem}.egds-team-subheading-breakpoint-sizing{font-size:.875rem;font-weight:400;line-height:1.125rem}.egds-team-heading-breakpoint-sizing{--int__egds-text__color:var(--egds-on-surface);--egds-legacy-color:#191e3b;color:var(--egds-heading__color,var(--int__egds-text__color,var(--egds-legacy-color)))}.egds-team-subheading-breakpoint-sizing{--int__egds-text__color:var(--egds-on-surface);--egds-legacy-color:#191e3b;color:var(--egds-subheading__color,var(--int__egds-text__color,var(--egds-legacy-color)))}:is(.egds-team-heading-breakpoint-sizing,.egds-team-subheading-breakpoint-sizing).in-custom-scrim{--egds-legacy-color:#fff;color:var(--egds-on-overlay,var(--egds-legacy-color))}.hyphens-none{-webkit-hyphens:none;hyphens:none}.hyphens-manual{-webkit-hyphens:manual;hyphens:manual}.hyphens-auto{-webkit-hyphens:auto;hyphens:auto}.uitk-type-center{text-align:center}.uitk-type-start{text-align:start}.uitk-type-end{text-align:end}.truncate,.truncate-lines-2,.truncate-lines-3,.truncate-lines-4{overflow:hidden;text-overflow:ellipsis;white-space:nowrap}@supports (-webkit-line-clamp:1){.truncate,.truncate-lines-2,.truncate-lines-3,.truncate-lines-4{-webkit-box-orient:vertical;/*! autoprefixer: off */display:-webkit-box;overflow:hidden;white-space:normal}.truncate-lines-2{-webkit-line-clamp:2}.truncate-lines-3{-webkit-line-clamp:3}.truncate{-webkit-line-clamp:1}.truncate-lines-4{-webkit-line-clamp:4}}.overflow-wrap{overflow-wrap:break-word;word-break:break-word}.uitk-type-bold{font-weight:700}.uitk-type-medium{font-weight:500}.uitk-type-regular{font-weight:400}.uitk-type-light{font-weight:300}.egds-team-heading-breakpoint-sizing.breakpoint-driven.egds-team-heading-breakpoint-sizing-at-small-heading-1{font-size:3.5rem;font-weight:500;line-height:3.5rem}.egds-team-heading-breakpoint-sizing.breakpoint-driven.egds-team-heading-breakpoint-sizing-at-small-heading-2{font-size:2.625rem;font-weight:500;line-height:2.75rem}.egds-team-heading-breakpoint-sizing.breakpoint-driven.egds-team-heading-breakpoint-sizing-at-small-heading-3{font-size:2.25rem;font-weight:500;line-height:2.5rem}.egds-team-heading-breakpoint-sizing.breakpoint-driven.egds-team-heading-breakpoint-sizing-at-small-heading-4{font-size:1.75rem;font-weight:500;line-height:2rem}.egds-team-heading-breakpoint-sizing.breakpoint-driven.egds-team-heading-breakpoint-sizing-at-small-heading-5{font-size:1.25rem;font-weight:500;line-height:1.5rem}.egds-team-heading-breakpoint-sizing.breakpoint-driven.egds-team-heading-breakpoint-sizing-at-small-heading-6{font-size:1rem;font-weight:500;line-height:1.25rem}.egds-team-heading-breakpoint-sizing.breakpoint-driven.egds-team-heading-breakpoint-sizing-at-small-heading-7{font-size:.875rem;font-weight:500;line-height:1.125rem}.egds-team-heading-breakpoint-sizing.breakpoint-driven.egds-team-heading-breakpoint-sizing-at-small-heading-8{font-size:.75rem;font-weight:500;line-height:1rem}.egds-team-heading-breakpoint-sizing.breakpoint-driven.egds-team-heading-breakpoint-sizing-at-small-subheading{font-size:.875rem;font-weight:400;line-height:1.125rem}@media screen and (min-width:var(--breakpoint__small__min )){.egds-team-heading-breakpoint-sizing.breakpoint-driven.egds-team-heading-breakpoint-sizing-at-small-heading-1{font-size:3.5rem;font-weight:500;line-height:3.5rem}.egds-team-heading-breakpoint-sizing.breakpoint-driven.egds-team-heading-breakpoint-sizing-at-small-heading-2{font-size:2.625rem;font-weight:500;line-height:2.75rem}.egds-team-heading-breakpoint-sizing.breakpoint-driven.egds-team-heading-breakpoint-sizing-at-small-heading-3{font-size:2.25rem;font-weight:500;line-height:2.5rem}.egds-team-heading-breakpoint-sizing.breakpoint-driven.egds-team-heading-breakpoint-sizing-at-small-heading-4{font-size:1.75rem;font-weight:500;line-height:2rem}.egds-team-heading-breakpoint-sizing.breakpoint-driven.egds-team-heading-breakpoint-sizing-at-small-heading-5{font-size:1.25rem;font-weight:500;line-height:1.5rem}.egds-team-heading-breakpoint-sizing.breakpoint-driven.egds-team-heading-breakpoint-sizing-at-small-heading-6{font-size:1rem;font-weight:500;line-height:1.25rem}.egds-team-heading-breakpoint-sizing.breakpoint-driven.egds-team-heading-breakpoint-sizing-at-small-heading-7{font-size:.875rem;font-weight:500;line-height:1.125rem}.egds-team-heading-breakpoint-sizing.breakpoint-driven.egds-team-heading-breakpoint-sizing-at-small-heading-8{font-size:.75rem;font-weight:500;line-height:1rem}.egds-team-heading-breakpoint-sizing.breakpoint-driven.egds-team-heading-breakpoint-sizing-at-small-subheading{font-size:.875rem;font-weight:400;line-height:1.125rem}}@media screen and (min-width:36rem){.egds-team-heading-breakpoint-sizing.breakpoint-driven.egds-team-heading-breakpoint-sizing-at-medium-heading-1{font-size:3.5rem;font-weight:500;line-height:3.5rem}.egds-team-heading-breakpoint-sizing.breakpoint-driven.egds-team-heading-breakpoint-sizing-at-medium-heading-2{font-size:2.625rem;font-weight:500;line-height:2.75rem}.egds-team-heading-breakpoint-sizing.breakpoint-driven.egds-team-heading-breakpoint-sizing-at-medium-heading-3{font-size:2.25rem;font-weight:500;line-height:2.5rem}.egds-team-heading-breakpoint-sizing.breakpoint-driven.egds-team-heading-breakpoint-sizing-at-medium-heading-4{font-size:1.75rem;font-weight:500;line-height:2rem}.egds-team-heading-breakpoint-sizing.breakpoint-driven.egds-team-heading-breakpoint-sizing-at-medium-heading-5{font-size:1.25rem;font-weight:500;line-height:1.5rem}.egds-team-heading-breakpoint-sizing.breakpoint-driven.egds-team-heading-breakpoint-sizing-at-medium-heading-6{font-size:1rem;font-weight:500;line-height:1.25rem}.egds-team-heading-breakpoint-sizing.breakpoint-driven.egds-team-heading-breakpoint-sizing-at-medium-heading-7{font-size:.875rem;font-weight:500;line-height:1.125rem}.egds-team-heading-breakpoint-sizing.breakpoint-driven.egds-team-heading-breakpoint-sizing-at-medium-heading-8{font-size:.75rem;font-weight:500;line-height:1rem}.egds-team-heading-breakpoint-sizing.breakpoint-driven.egds-team-heading-breakpoint-sizing-at-medium-subheading{font-size:.875rem;font-weight:400;line-height:1.125rem}}@media screen and (min-width:62rem){.egds-team-heading-breakpoint-sizing.breakpoint-driven.egds-team-heading-breakpoint-sizing-at-large-heading-1{font-size:3.5rem;font-weight:500;line-height:3.5rem}.egds-team-heading-breakpoint-sizing.breakpoint-driven.egds-team-heading-breakpoint-sizing-at-large-heading-2{font-size:2.625rem;font-weight:500;line-height:2.75rem}.egds-team-heading-breakpoint-sizing.breakpoint-driven.egds-team-heading-breakpoint-sizing-at-large-heading-3{font-size:2.25rem;font-weight:500;line-height:2.5rem}.egds-team-heading-breakpoint-sizing.breakpoint-driven.egds-team-heading-breakpoint-sizing-at-large-heading-4{font-size:1.75rem;font-weight:500;line-height:2rem}.egds-team-heading-breakpoint-sizing.breakpoint-driven.egds-team-heading-breakpoint-sizing-at-large-heading-5{font-size:1.25rem;font-weight:500;line-height:1.5rem}.egds-team-heading-breakpoint-sizing.breakpoint-driven.egds-team-heading-breakpoint-sizing-at-large-heading-6{font-size:1rem;font-weight:500;line-height:1.25rem}.egds-team-heading-breakpoint-sizing.breakpoint-driven.egds-team-heading-breakpoint-sizing-at-large-heading-7{font-size:.875rem;font-weight:500;line-height:1.125rem}.egds-team-heading-breakpoint-sizing.breakpoint-driven.egds-team-heading-breakpoint-sizing-at-large-heading-8{font-size:.75rem;font-weight:500;line-height:1rem}.egds-team-heading-breakpoint-sizing.breakpoint-driven.egds-team-heading-breakpoint-sizing-at-large-subheading{font-size:.875rem;font-weight:400;line-height:1.125rem}}@media screen and (min-width:75rem){.egds-team-heading-breakpoint-sizing.breakpoint-driven.egds-team-heading-breakpoint-sizing-at-extra_large-heading-1{font-size:3.5rem;font-weight:500;line-height:3.5rem}.egds-team-heading-breakpoint-sizing.breakpoint-driven.egds-team-heading-breakpoint-sizing-at-extra_large-heading-2{font-size:2.625rem;font-weight:500;line-height:2.75rem}.egds-team-heading-breakpoint-sizing.breakpoint-driven.egds-team-heading-breakpoint-sizing-at-extra_large-heading-3{font-size:2.25rem;font-weight:500;line-height:2.5rem}.egds-team-heading-breakpoint-sizing.breakpoint-driven.egds-team-heading-breakpoint-sizing-at-extra_large-heading-4{font-size:1.75rem;font-weight:500;line-height:2rem}.egds-team-heading-breakpoint-sizing.breakpoint-driven.egds-team-heading-breakpoint-sizing-at-extra_large-heading-5{font-size:1.25rem;font-weight:500;line-height:1.5rem}.egds-team-heading-breakpoint-sizing.breakpoint-driven.egds-team-heading-breakpoint-sizing-at-extra_large-heading-6{font-size:1rem;font-weight:500;line-height:1.25rem}.egds-team-heading-breakpoint-sizing.breakpoint-driven.egds-team-heading-breakpoint-sizing-at-extra_large-heading-7{font-size:.875rem;font-weight:500;line-height:1.125rem}.egds-team-heading-breakpoint-sizing.breakpoint-driven.egds-team-heading-breakpoint-sizing-at-extra_large-heading-8{font-size:.75rem;font-weight:500;line-height:1rem}.egds-team-heading-breakpoint-sizing.breakpoint-driven.egds-team-heading-breakpoint-sizing-at-extra_large-subheading{font-size:.875rem;font-weight:400;line-height:1.125rem}}.button-custom-extra-small-with-icon{border-radius:.25rem;font-family:[object Object];font-size:.625rem;font-weight:500;gap:2px!important;height:.75rem;justify-content:center;line-height:.75rem;min-block-size:1rem;padding:2px .25rem;text-decoration:none;user-select:none;-webkit-user-select:none;white-space:nowrap}.button-custom-extra-small-with-icon,.button-custom-extra-small-with-icon:active{background-color:#dfe0e4;color:#191e3b}.button-custom-extra-small-with-icon:hover{background-color:#caccd2;color:#191e3b}.button-custom-extra-small-with-icon:disabled{background-color:#f3f3f5;color:#676a7d;opacity:.36}.button-custom-extra-small-with-icon .uitk-icon{block-size:.75rem;inline-size:.75rem;min-inline-size:.75rem}.button-custom-large-with-icon{border-radius:.25rem;font-family:[object Object];font-size:.75rem;font-weight:500;gap:2px!important;height:1rem;justify-content:center;line-height:1rem;min-block-size:1.5rem;padding:.25rem .5rem;text-decoration:none;user-select:none;-webkit-user-select:none;white-space:nowrap}.button-custom-large-with-icon,.button-custom-large-with-icon:active{background-color:#dfe0e4;color:#191e3b}.button-custom-large-with-icon:hover{background-color:#caccd2;color:#191e3b}.button-custom-large-with-icon:disabled{background-color:#f3f3f5;color:#191e3b;opacity:.36}.button-custom-large-with-icon .uitk-icon{block-size:.75rem;inline-size:.75rem;min-inline-size:.75rem}html{-ms-overflow-style:scrollbar}.body-disable-scroll{height:100%;position:fixed;width:100%}.elevation{box-shadow:0 .25rem .438rem rgba(0,11,38,.2)}#app .has-dialog{height:100%;position:fixed;width:100%}@media (-ms-high-contrast:none),screen and (-ms-high-contrast:active){#app .uitk-dialog-layer button.uitk-button-fullWidth.uitk-button-typeahead,#app .uitk-menu-open button.uitk-button-fullWidth.uitk-button-typeahead{height:auto}#app .uitk-dialog-layer svg.uitk-icon.uitk-icon-small,#app .uitk-menu-open svg.uitk-icon.uitk-icon-small{width:2%}}#app .layer-overlay{align-items:center;bottom:0;display:flex;justify-content:center;left:0;position:fixed;right:0;top:0}#app .uitk-rating.lastminute,#app .uitk-rating.wotif{color:#e61e43}
/*# sourceMappingURL=https://bernie-assets.s3.us-west-2.amazonaws.com/lotus-home-ui/hotels.44c7bb2634fdf4942cad96828a7fd0d0.css.map*/
</style><style>@font-face {font-display: swap;font-family: "Centra No2";font-style: normal;font-weight: 300;src:url("https://a.travel-assets.com/egds/fonts/CentraNo2/CentraNo2-Light.woff2") format("woff2");unicode-range: U+000-0FF;}@font-face {font-display: swap;font-family: "Centra No2";font-style: normal;font-weight: 400;src:url("https://a.travel-assets.com/egds/fonts/CentraNo2/CentraNo2-Book.woff2") format("woff2");unicode-range: U+000-0FF;}@font-face {font-display: swap;font-family: "Centra No2";font-style: normal;font-weight: 500;src:url("https://a.travel-assets.com/egds/fonts/CentraNo2/CentraNo2-Medium.woff2") format("woff2");unicode-range: U+000-0FF;}@font-face {font-display: swap;font-family: "Centra No2";font-style: normal;font-weight: 700;src:url("https://a.travel-assets.com/egds/fonts/CentraNo2/CentraNo2-Bold.woff2") format("woff2");unicode-range: U+000-0FF;}:root {font-family: "Centra No2", -apple-system, BlinkMacSystemFont, "Segoe UI", Roboto, "Helvetica Neue", Arial, sans-serif;font-synthesis: none;}</style><script type="text/javascript" async="" src="https://www.googletagmanager.com/gtag/js?id=DC-8966610&amp;l=dataLayer&amp;cx=c&amp;gtm=45be52o0v882129975za200"></script><script type="text/javascript" async="" src="https://www.googletagmanager.com/gtag/js?id=AW-701117140&amp;l=dataLayer&amp;cx=c&amp;gtm=45be52o0v882129975za200"></script><script src="https://connect.facebook.net/signals/config/1439757032903300?v=2.9.184&amp;r=stable&amp;domain=tr.hotels.com&amp;hme=93c44828b638838a88daf3a14a90ff297f7fc4ade758f21de5500c9f17542765&amp;ex_m=70%2C122%2C107%2C111%2C61%2C4%2C100%2C69%2C16%2C97%2C89%2C51%2C54%2C173%2C176%2C188%2C184%2C185%2C187%2C29%2C101%2C53%2C77%2C186%2C168%2C171%2C181%2C182%2C189%2C132%2C41%2C194%2C191%2C192%2C34%2C144%2C15%2C50%2C198%2C197%2C134%2C18%2C40%2C1%2C43%2C65%2C66%2C67%2C71%2C93%2C17%2C14%2C96%2C92%2C91%2C108%2C52%2C110%2C39%2C109%2C30%2C94%2C26%2C169%2C172%2C141%2C86%2C56%2C84%2C33%2C73%2C0%2C95%2C32%2C28%2C82%2C83%2C88%2C47%2C46%2C87%2C37%2C11%2C12%2C13%2C6%2C7%2C25%2C22%2C23%2C57%2C62%2C64%2C75%2C102%2C27%2C76%2C9%2C8%2C80%2C48%2C21%2C104%2C103%2C105%2C98%2C10%2C20%2C3%2C38%2C74%2C19%2C5%2C90%2C81%2C44%2C35%2C85%2C2%2C36%2C63%2C42%2C106%2C45%2C79%2C68%2C112%2C60%2C59%2C31%2C99%2C58%2C55%2C49%2C78%2C72%2C24%2C113" async=""></script><script async="" src="https://connect.facebook.net/en_US/fbevents.js"></script><script src="//bat.bing.com/bat.js" async=""></script><script id="trvlpxjs" async="" src="https://b.travel-assets.com/travel-pixel-js/1.0.0/app.js"></script><script id="tc_script_1651_1" type="text/javascript" src="https://www.uqd.io/123.js"></script><script src="https://bat.bing.com/p/action/26016993.js" type="text/javascript" async="" data-ueto="ueto_0eba65cc2d"></script><script type="text/javascript" async="" src="https://googleads.g.doubleclick.net/pagead/viewthroughconversion/619800534/?random=1740493313128&amp;cv=11&amp;fst=1740493313128&amp;bg=ffffff&amp;guid=ON&amp;async=1&amp;gtm=45be52o0v882129975za200&amp;gcd=13t3t3t3t5l1&amp;dma=0&amp;tag_exp=101732279~101732281~102067808~102482433~102539968~102558064~102587591~102605417~102640600~102658453&amp;u_w=1280&amp;u_h=800&amp;url=https%3A%2F%2Ftr.hotels.com%2F&amp;hn=www.googleadservices.com&amp;frm=0&amp;tiba=Hotels.com%20-%20L%C3%BCks%20Otellerden%20Uygun%20Fiyatl%C4%B1%20Konaklama%20Birimlerine%20Kadar%20%C4%B0ndirimli%20Rezervasyon%20ve%20Sat%C4%B1%C5%9F&amp;userId=18713dec-4f39-4264-b08c-955fc30f3efb&amp;npa=0&amp;pscdl=noapi&amp;auid=1950113403.1740493313&amp;fdr=QA&amp;data=event%3Dgtag.config%3Bcd1%3DHomepage%3Bcd2%3DUnknown%3Bcd3%3D0%3Bcd4%3DUnknown%3Bcd8%3DN&amp;rfmt=3&amp;fmt=4"></script><script type="text/javascript" async="" src="https://googleads.g.doubleclick.net/pagead/viewthroughconversion/701117140/?random=1740493313564&amp;cv=11&amp;fst=1740493313564&amp;bg=ffffff&amp;guid=ON&amp;async=1&amp;gtm=45be52o0v897212634za200zb882129975&amp;gcd=13t3t3t3t5l1&amp;dma=0&amp;tag_exp=101732282~101732284~102067808~102482433~102539968~102558064~102587591~102605417~102640600~102658453~102693808&amp;u_w=1280&amp;u_h=800&amp;url=https%3A%2F%2Ftr.hotels.com%2F&amp;hn=www.googleadservices.com&amp;frm=0&amp;tiba=Hotels.com%20-%20L%C3%BCks%20Otellerden%20Uygun%20Fiyatl%C4%B1%20Konaklama%20Birimlerine%20Kadar%20%C4%B0ndirimli%20Rezervasyon%20ve%20Sat%C4%B1%C5%9F&amp;npa=0&amp;pscdl=noapi&amp;auid=1950113403.1740493313&amp;fdr=QA&amp;data=event%3Dgtag.config&amp;rfmt=3&amp;fmt=4"></script><script attributionsrc="" type="text/javascript" async="" src="https://www.google.com/pagead/1p-conversion/701117140/?random=1740493313582&amp;cv=11&amp;fst=1740493313582&amp;bg=ffffff&amp;guid=ON&amp;async=1&amp;gtm=45be52o0v897212634za200zb882129975&amp;gcs=G111&amp;gcd=13t3t3t3t5l1&amp;dma=0&amp;tag_exp=101732282~101732284~102067808~102482433~102539968~102558064~102587591~102605417~102640600~102658453~102693808&amp;u_w=1280&amp;u_h=800&amp;url=https%3A%2F%2Ftr.hotels.com%2F&amp;label=TvnCCJXq8tEBENTlqM4C&amp;hn=www.google.com&amp;frm=0&amp;tiba=Hotels.com%20-%20L%C3%BCks%20Otellerden%20Uygun%20Fiyatl%C4%B1%20Konaklama%20Birimlerine%20Kadar%20%C4%B0ndirimli%20Rezervasyon%20ve%20Sat%C4%B1%C5%9F&amp;gtm_ee=1&amp;npa=0&amp;pscdl=noapi&amp;auid=1950113403.1740493313&amp;fdr=QA&amp;data=event%3Dconversion&amp;gcp=1&amp;sscte=1&amp;ct_cookie_present=1&amp;rfmt=3&amp;fmt=4"></script><style id="googleidentityservice_button_styles">.qJTHM{-moz-user-select:none;color:#202124;direction:ltr;font-family:"Roboto-Regular",arial,sans-serif;font-weight:400;margin:0;overflow:hidden}.ynRLnc{left:-9999px;position:absolute;top:-9999px}.L6cTce{display:none}.bltWBb{word-break:break-all}.hSRGPd{color:#1a73e8;cursor:pointer;font-weight:500;text-decoration:none}.Bz112c-W3lGp{height:16px;width:16px}.Bz112c-E3DyYd{height:20px;width:20px}.Bz112c-r9oPif{height:24px;width:24px}.Bz112c-uaxL4e{-moz-border-radius:10px;border-radius:10px}.LgbsSe-Bz112c{display:block}.S9gUrf-YoZ4jf,.S9gUrf-YoZ4jf *{border:none;margin:0;padding:0}.fFW7wc-ibnC6b>.aZ2wEe>div{border-color:#4285f4}.P1ekSe-ZMv3u>div:nth-child(1){background-color:#1a73e8!important}.P1ekSe-ZMv3u>div:nth-child(2),.P1ekSe-ZMv3u>div:nth-child(3){background-image:linear-gradient(to right,rgba(255,255,255,.7),rgba(255,255,255,.7)),linear-gradient(to right,#1a73e8,#1a73e8)!important}.haAclf{display:inline-block}.nsm7Bb-HzV7m-LgbsSe{border-radius:4px;box-sizing:border-box;transition:background-color .218s,border-color .218s;-moz-user-select:none;background-color:#fff;background-image:none;border:1px solid #dadce0;color:#3c4043;cursor:pointer;font-family:"Google Sans",arial,sans-serif;font-size:14px;height:40px;letter-spacing:0.25px;outline:none;overflow:hidden;padding:0 12px;position:relative;text-align:center;vertical-align:middle;white-space:nowrap;width:auto}@media screen and (-ms-high-contrast:active){.nsm7Bb-HzV7m-LgbsSe{border:2px solid windowText;color:windowText}}.nsm7Bb-HzV7m-LgbsSe.pSzOP-SxQuSe{font-size:14px;height:32px;letter-spacing:0.25px;padding:0 10px}.nsm7Bb-HzV7m-LgbsSe.purZT-SxQuSe{font-size:11px;height:20px;letter-spacing:0.3px;padding:0 8px}.nsm7Bb-HzV7m-LgbsSe.Bz112c-LgbsSe{padding:0;width:40px}.nsm7Bb-HzV7m-LgbsSe.Bz112c-LgbsSe.pSzOP-SxQuSe{width:32px}.nsm7Bb-HzV7m-LgbsSe.Bz112c-LgbsSe.purZT-SxQuSe{width:20px}.nsm7Bb-HzV7m-LgbsSe.JGcpL-RbRzK{border-radius:20px}.nsm7Bb-HzV7m-LgbsSe.JGcpL-RbRzK.pSzOP-SxQuSe{border-radius:16px}.nsm7Bb-HzV7m-LgbsSe.JGcpL-RbRzK.purZT-SxQuSe{border-radius:10px}.nsm7Bb-HzV7m-LgbsSe.MFS4be-Ia7Qfc{border:none;color:#fff}.nsm7Bb-HzV7m-LgbsSe.MFS4be-v3pZbf-Ia7Qfc{background-color:#1a73e8}.nsm7Bb-HzV7m-LgbsSe.MFS4be-JaPV2b-Ia7Qfc{background-color:#202124;color:#e8eaed}.nsm7Bb-HzV7m-LgbsSe .nsm7Bb-HzV7m-LgbsSe-Bz112c{height:18px;margin-right:8px;min-width:18px;width:18px}.nsm7Bb-HzV7m-LgbsSe.pSzOP-SxQuSe .nsm7Bb-HzV7m-LgbsSe-Bz112c{height:14px;min-width:14px;width:14px}.nsm7Bb-HzV7m-LgbsSe.purZT-SxQuSe .nsm7Bb-HzV7m-LgbsSe-Bz112c{height:10px;min-width:10px;width:10px}.nsm7Bb-HzV7m-LgbsSe.jVeSEe .nsm7Bb-HzV7m-LgbsSe-Bz112c{margin-left:8px;margin-right:-4px}.nsm7Bb-HzV7m-LgbsSe.Bz112c-LgbsSe .nsm7Bb-HzV7m-LgbsSe-Bz112c{margin:0;padding:10px}.nsm7Bb-HzV7m-LgbsSe.Bz112c-LgbsSe.pSzOP-SxQuSe .nsm7Bb-HzV7m-LgbsSe-Bz112c{padding:8px}.nsm7Bb-HzV7m-LgbsSe.Bz112c-LgbsSe.purZT-SxQuSe .nsm7Bb-HzV7m-LgbsSe-Bz112c{padding:4px}.nsm7Bb-HzV7m-LgbsSe .nsm7Bb-HzV7m-LgbsSe-Bz112c-haAclf{border-top-left-radius:3px;border-bottom-left-radius:3px;display:-webkit-box;display:-moz-box;display:-ms-flexbox;display:-webkit-flex;display:flex;justify-content:center;align-items:center;background-color:#fff;height:36px;margin-left:-10px;margin-right:12px;min-width:36px;width:36px}.nsm7Bb-HzV7m-LgbsSe .nsm7Bb-HzV7m-LgbsSe-Bz112c-haAclf .nsm7Bb-HzV7m-LgbsSe-Bz112c,.nsm7Bb-HzV7m-LgbsSe.Bz112c-LgbsSe .nsm7Bb-HzV7m-LgbsSe-Bz112c-haAclf .nsm7Bb-HzV7m-LgbsSe-Bz112c{margin:0;padding:0}.nsm7Bb-HzV7m-LgbsSe.pSzOP-SxQuSe .nsm7Bb-HzV7m-LgbsSe-Bz112c-haAclf{height:28px;margin-left:-8px;margin-right:10px;min-width:28px;width:28px}.nsm7Bb-HzV7m-LgbsSe.purZT-SxQuSe .nsm7Bb-HzV7m-LgbsSe-Bz112c-haAclf{height:16px;margin-left:-6px;margin-right:8px;min-width:16px;width:16px}.nsm7Bb-HzV7m-LgbsSe.Bz112c-LgbsSe .nsm7Bb-HzV7m-LgbsSe-Bz112c-haAclf{border-radius:3px;margin-left:2px;margin-right:0;padding:0}.nsm7Bb-HzV7m-LgbsSe.JGcpL-RbRzK .nsm7Bb-HzV7m-LgbsSe-Bz112c-haAclf{border-radius:18px}.nsm7Bb-HzV7m-LgbsSe.pSzOP-SxQuSe.JGcpL-RbRzK .nsm7Bb-HzV7m-LgbsSe-Bz112c-haAclf{border-radius:14px}.nsm7Bb-HzV7m-LgbsSe.purZT-SxQuSe.JGcpL-RbRzK .nsm7Bb-HzV7m-LgbsSe-Bz112c-haAclf{border-radius:8px}.nsm7Bb-HzV7m-LgbsSe .nsm7Bb-HzV7m-LgbsSe-bN97Pc-sM5MNb{display:-webkit-box;display:-moz-box;display:-ms-flexbox;display:-webkit-flex;display:flex;align-items:center;flex-direction:row;justify-content:space-between;flex-wrap:nowrap;height:100%;position:relative;width:100%}.nsm7Bb-HzV7m-LgbsSe .oXtfBe-l4eHX{justify-content:center}.nsm7Bb-HzV7m-LgbsSe .nsm7Bb-HzV7m-LgbsSe-BPrWId{flex-grow:1;font-family:"Google Sans",arial,sans-serif;font-weight:500;overflow:hidden;text-overflow:ellipsis;vertical-align:top}.nsm7Bb-HzV7m-LgbsSe.purZT-SxQuSe .nsm7Bb-HzV7m-LgbsSe-BPrWId{font-weight:300}.nsm7Bb-HzV7m-LgbsSe .oXtfBe-l4eHX .nsm7Bb-HzV7m-LgbsSe-BPrWId{flex-grow:0}.nsm7Bb-HzV7m-LgbsSe .nsm7Bb-HzV7m-LgbsSe-MJoBVe{transition:background-color .218s;bottom:0;left:0;position:absolute;right:0;top:0}.nsm7Bb-HzV7m-LgbsSe:hover,.nsm7Bb-HzV7m-LgbsSe:focus{box-shadow:none;border-color:rgb(210,227,252);outline:none}.nsm7Bb-HzV7m-LgbsSe:hover .nsm7Bb-HzV7m-LgbsSe-MJoBVe,.nsm7Bb-HzV7m-LgbsSe:focus .nsm7Bb-HzV7m-LgbsSe-MJoBVe{background:rgba(66,133,244,.04)}.nsm7Bb-HzV7m-LgbsSe:active .nsm7Bb-HzV7m-LgbsSe-MJoBVe{background:rgba(66,133,244,.1)}.nsm7Bb-HzV7m-LgbsSe.MFS4be-Ia7Qfc:hover .nsm7Bb-HzV7m-LgbsSe-MJoBVe,.nsm7Bb-HzV7m-LgbsSe.MFS4be-Ia7Qfc:focus .nsm7Bb-HzV7m-LgbsSe-MJoBVe{background:rgba(255,255,255,.24)}.nsm7Bb-HzV7m-LgbsSe.MFS4be-Ia7Qfc:active .nsm7Bb-HzV7m-LgbsSe-MJoBVe{background:rgba(255,255,255,.32)}.nsm7Bb-HzV7m-LgbsSe .n1UuX-DkfjY{border-radius:50%;display:-webkit-box;display:-moz-box;display:-ms-flexbox;display:-webkit-flex;display:flex;height:20px;margin-left:-4px;margin-right:8px;min-width:20px;width:20px}.nsm7Bb-HzV7m-LgbsSe.jVeSEe .nsm7Bb-HzV7m-LgbsSe-BPrWId{font-family:"Roboto";font-size:12px;text-align:left}.nsm7Bb-HzV7m-LgbsSe.jVeSEe .nsm7Bb-HzV7m-LgbsSe-BPrWId .ssJRIf,.nsm7Bb-HzV7m-LgbsSe.jVeSEe .nsm7Bb-HzV7m-LgbsSe-BPrWId .K4efff .fmcmS{overflow:hidden;text-overflow:ellipsis}.nsm7Bb-HzV7m-LgbsSe.jVeSEe .nsm7Bb-HzV7m-LgbsSe-BPrWId .K4efff{display:-webkit-box;display:-moz-box;display:-ms-flexbox;display:-webkit-flex;display:flex;align-items:center;color:#5f6368;fill:#5f6368;font-size:11px;font-weight:400}.nsm7Bb-HzV7m-LgbsSe.jVeSEe.MFS4be-Ia7Qfc .nsm7Bb-HzV7m-LgbsSe-BPrWId .K4efff{color:#e8eaed;fill:#e8eaed}.nsm7Bb-HzV7m-LgbsSe.jVeSEe .nsm7Bb-HzV7m-LgbsSe-BPrWId .K4efff .Bz112c{height:18px;margin:-3px -3px -3px 2px;min-width:18px;width:18px}.nsm7Bb-HzV7m-LgbsSe.jVeSEe .nsm7Bb-HzV7m-LgbsSe-Bz112c-haAclf{border-top-left-radius:0;border-bottom-left-radius:0;border-top-right-radius:3px;border-bottom-right-radius:3px;margin-left:12px;margin-right:-10px}.nsm7Bb-HzV7m-LgbsSe.jVeSEe.JGcpL-RbRzK .nsm7Bb-HzV7m-LgbsSe-Bz112c-haAclf{border-radius:18px}.L5Fo6c-sM5MNb{border:0;display:block;left:0;position:relative;top:0}.L5Fo6c-bF1uUb{-moz-border-radius:4px;border-radius:4px;bottom:0;cursor:pointer;left:0;position:absolute;right:0;top:0}.L5Fo6c-bF1uUb:focus{border:none;outline:none}sentinel{}</style><link id="googleidentityservice" type="text/css" media="all" href="https://accounts.google.com/gsi/style" rel="stylesheet"></head><body data-theme-light="light-1" class="uitk-no-outline"><script type="text/javascript" async="" src="//www.googletagmanager.com/gtag/js?id=AW-619800534" charset="utf-8" id="tc_script_0.6930873965828728"></script><div id="app-lotus-home-ui"><div id="app-layer-manager"><div id="app-layer-base" aria-hidden="false" class="app-layer-base--active"><div class="pageWhiteBackground"><div class="page-header "><div class="customer-notification-container"></div><div class="customer-notification-container"></div><div class="uitk-skip-link uitk-skip-link-is-visually-hidden"><div data-testid="egds-menu-list" class="uitk-list"><a class="uitk-list-item" href="#main_content"><span class="uitk-menu-list-item-label">Skip to Main Content.</span></a></div></div><header class="global-navigation-site-header"><div class="global-navigation-site-header-container"><section class="global-navigation-row primary"><div class="global-navigation-row-container"><div class="uitk-layout-flex uitk-layout-flex-align-items-center uitk-layout-flex-flex-wrap-nowrap uitk-spacing uitk-spacing-margin-unset uitk-spacing-padding-inlinestart-six uitk-spacing-padding-small-inlineend-three uitk-spacing-padding-medium-inlineend-three uitk-spacing-padding-large-inlineend-two uitk-spacing-padding-extra_large-inlineend-two uitk-layout-flex-item uitk-layout-flex-item-flex-grow-1"><a class="uitk-header-brand-logo" href="https://tr.hotels.com/" data-testid="header-brand-logo-anchor"><img src="https://tr.hotels.com/_dms/header/logo.svg?locale=tr_TR&amp;siteid=300000028&amp;2&amp;6f9ec7db" alt="Hotels logosu"></a><div class="uitk-layout-flex uitk-layout-flex-align-items-center uitk-layout-flex-justify-content-flex-start uitk-layout-flex-flex-wrap-nowrap uitk-spacing uitk-spacing-padding-inlinestart-one uitk-layout-flex-item uitk-layout-flex-item-flex-grow-1" id="primary-navigation"><div class="uitk-layout-flex-item uitk-layout-flex-item-flex-grow-0 uitk-menu uitk-menu-mounted" id=""><div aria-expanded="false" class="uitk-menu-trigger"><button title="Seyahat Ara" tabindex="0" data-testid="header-menu-button" data-context="global_navigation" type="button" class="uitk-button uitk-button-medium uitk-button-tertiary uitk-spacing global-navigation-nav-button"><div aria-hidden="true">Seyahat Ara</div><svg class="uitk-icon uitk-icon-small" aria-describedby="header-menu-expand_more-description" role="img" viewBox="0 0 24 24" xmlns="http://www.w3.org/2000/svg" xmlns:xlink="http://www.w3.org/1999/xlink"><desc id="header-menu-expand_more-description">Seyahat Ara</desc><path fill-rule="evenodd" d="M16.16 9.31 12 13.44 7.83 9.3a1.08 1.08 0 0 0-1.52 0 1.05 1.05 0 0 0 0 1.5l4.93 4.88c.42.41 1.1.41 1.52 0l4.93-4.88a1.05 1.05 0 0 0 0-1.5 1.1 1.1 0 0 0-1.53 0z" clip-rule="evenodd"></path></svg></button></div><div class="uitk-menu-container animation-disabled uitk-menu-pos-left uitk-menu-container-autoposition uitk-menu-container-has-intersection-root-el" aria-hidden="true" style="width: 375px;"><div><div><div class="uitk-layout-flex-item uitk-list uitk-layout-flex-item-flex-basis-zero uitk-layout-flex-item-flex-grow-0"><a role="link" aria-label="Gruplar ve toplantılar" data-stid="landing-link-1-link" href="http://tr.grup.hotels.com/GroupForm.cfm?locale=tr_TR&amp;kw=header" target="_self" rel="" class="uitk-link uitk-list-item uitk-link-align-left uitk-link-layout-default uitk-link-medium"><div class="uitk-text uitk-type-300 uitk-text-standard-theme">Gruplar ve toplantılar</div></a></div><div class="uitk-layout-flex-item uitk-list uitk-layout-flex-item-flex-basis-zero uitk-layout-flex-item-flex-grow-0"><a role="link" aria-label="Hotels.com™ Rewards" data-stid="landing-link-2-link" href="/hotel-rewards-pillar/hotelscomrewards.html" target="_self" rel="" class="uitk-link uitk-list-item uitk-link-align-left uitk-link-layout-default uitk-link-medium"><div class="uitk-text uitk-type-300 uitk-text-standard-theme">Hotels.com™ Rewards</div></a></div></div></div></div></div></div><div class="uitk-layout-flex uitk-layout-flex-align-items-center uitk-layout-flex-justify-content-flex-end uitk-layout-flex-flex-wrap-nowrap uitk-layout-flex-item uitk-layout-flex-item-flex-grow-1"><div><a href="https://hotels.app.link/?~customer_ad_set_name=HOTELS-TR&amp;~customer_ad_name=BRAND.HCOM.OWNED.BRANCH.DEFAULT.MAD&amp;~customer_campaign=BRAND&amp;~customer_placement=HCOM-NAVBAR-DESKTOP-CTA-V0DESKTOP&amp;~placement_id=Homepage&amp;%24desktop_url=https%3A%2F%2Ftr.hotels.com%2Fapp&amp;custom_web_attribute=18713dec-4f39-4264-b08c-955fc30f3efb&amp;%24canonical_url=https%3A%2F%2Ftr.hotels.com%2F" data-context="global_navigation" class="uitk-button uitk-button-small uitk-button-has-text uitk-button-as-link uitk-button-secondary uitk-layout-flex-item"><svg class="uitk-icon uitk-icon-leading" aria-hidden="true" viewBox="0 0 24 24" xmlns="http://www.w3.org/2000/svg" xmlns:xlink="http://www.w3.org/1999/xlink"><path d="M19 9h-4V3H9v6H5l7 7 7-7ZM5 18v2h14v-2H5Z"></path></svg><div class="uitk-text uitk-type-300 uitk-text-white-space-nowrap uitk-text-default-theme">Uygulamayı edinin</div></a></div><button data-stid="button-type-picker-trigger" data-context="global_navigation" type="button" class="uitk-button uitk-button-medium uitk-button-tertiary uitk-spacing global-navigation-nav-button"><span class="uitk-spacing uitk-spacing-margin-inline-one">TRY </span><img class="uitk-mark uitk-spacing uitk-spacing-margin-inlinestart-one uitk-mark-flag" alt="TR" src="https://a.travel-assets.com/egds/marks/flags/tr.svg" id="TR"></button><a href="https://apps.expediapartnercentral.com/tr_TR/list?utm_medium=referral&amp;utm_source=HCOM_TR-tr_TR&amp;utm_campaign=direct&amp;utm_contentewd=pwa-header-btn&amp;siteId=300000028&amp;tpid=3115&amp;eapid=28&amp;langId=1055&amp;utm_term=direct&amp;lasttouchMktgcode=direct" target="_blank" rel="noopener" data-stid="listYourProperty-link" data-context="global_navigation" class="uitk-button uitk-button-medium uitk-button-has-text uitk-button-as-link uitk-button-tertiary uitk-spacing global-navigation-nav-button uitk-layout-flex-item uitk-layout-flex-item-flex-basis-zero uitk-layout-flex-item-flex-grow-0">Konaklama yerinizi kaydedin</a><a href="https://service.hotels.com/tr-tr/" target="_self" rel="" data-stid="support-cs-link" data-context="global_navigation" class="uitk-button uitk-button-medium uitk-button-has-text uitk-button-as-link uitk-button-tertiary uitk-spacing global-navigation-nav-button uitk-layout-flex-item uitk-layout-flex-item-flex-basis-zero uitk-layout-flex-item-flex-grow-0">Destek</a><a href="/trips" target="_self" rel="" data-stid="itinerary-link" data-context="global_navigation" class="uitk-button uitk-button-medium uitk-button-has-text uitk-button-as-link uitk-button-tertiary uitk-spacing global-navigation-nav-button uitk-layout-flex-item uitk-layout-flex-item-flex-basis-zero uitk-layout-flex-item-flex-grow-0">Seyahatler</a><a href="/inbox/notifications"><button data-context="global_navigation" type="button" class="uitk-button uitk-button-large uitk-button-tertiary uitk-button-only-icon global-navigation-nav-button"><div class="uitk-layout-position uitk-layout-position-display-inline-block uitk-layout-position-relative"> <svg class="uitk-icon uitk-icon-large" aria-label="Communication Center icon" role="img" viewBox="0 0 24 24" xmlns="http://www.w3.org/2000/svg" xmlns:xlink="http://www.w3.org/1999/xlink"><title id="comment-icon-title">Communication Center icon</title><path fill-rule="evenodd" d="M20 4a2 2 0 0 1 2 2v12a2 2 0 0 1-2 2H6l-4 2V6c0-1.1.9-2 2-2h16zM7 13h10a1 1 0 0 0 1-1 1 1 0 0 0-1-1H7a1 1 0 0 0-1 1 1 1 0 0 0 1 1zM6 8a1 1 0 0 0 1 1h10a1 1 0 0 0 1-1 1 1 0 0 0-1-1H7a1 1 0 0 0-1 1zm0 8a1 1 0 0 0 1 1h5a1 1 0 0 0 1-1 1 1 0 0 0-1-1H7a1 1 0 0 0-1 1z" clip-rule="evenodd"></path></svg> </div></button></a><div class="uitk-layout-flex-item uitk-layout-flex-item-flex-grow-0 uitk-menu uitk-menu-mounted" id=""><div aria-expanded="true" class="uitk-menu-trigger"><button title="" tabindex="0" data-testid="header-menu-button" data-context="global_navigation" type="button" class="uitk-button uitk-button-medium uitk-button-tertiary uitk-button-tertiary-large-icon uitk-spacing global-navigation-nav-button">Giriş yap</button></div><div class="uitk-menu-container animation-disabled uitk-menu-open uitk-menu-pos-right uitk-menu-container-autoposition uitk-menu-container-has-intersection-root-el" aria-hidden="false" style="width: 375px;"><div><div><div class="uitk-layout-flex uitk-layout-flex-align-items-flex-start uitk-layout-flex-flex-direction-column uitk-layout-flex-gap-one uitk-spacing uitk-spacing-padding-blockstart-three uitk-spacing-padding-blockend-six uitk-spacing-padding-inline-six"><h2 class="uitk-heading uitk-heading-5 uitk-layout-flex-item">Üyeler giriş yaptıklarında dünya genelinde 100.000'den fazla otelde %10 veya daha fazla kazanç sağlar</h2></div><div class="uitk-spacing uitk-spacing-margin-inline-six uitk-spacing-margin-blockend-two"><a href="/login?&amp;uurl=e3id%3Dredr%26rurl%3D%2F" target="_self" rel="" class="uitk-button uitk-button-medium uitk-button-fullWidth uitk-button-has-text uitk-button-as-link uitk-button-primary">Giriş yap</a></div><div class="uitk-spacing uitk-spacing-margin-inline-six uitk-spacing-margin-blockend-six"><a href="/signup?&amp;uurl=e3id%3Dredr%26rurl%3D%2F" target="_self" rel="" data-context="global_navigation" class="uitk-button uitk-button-medium uitk-button-fullWidth uitk-button-has-text uitk-button-as-link uitk-button-tertiary">Ücretsiz olarak kaydolun</a></div><hr class="uitk-spacing uitk-spacing-margin-block-four uitk-spacing-border-blockstart uitk-spacing-hr"><div class="uitk-layout-flex-item uitk-list uitk-layout-flex-item-flex-basis-zero uitk-layout-flex-item-flex-grow-0"><a role="link" aria-label="Görüş bildir" data-stid="support-feedback-link" href="https://www.directword.io/survey/domain=www.hotels.com/locale=tr_TR" target="_blank" rel="noopener" class="uitk-link uitk-list-item uitk-link-align-left uitk-link-layout-default uitk-link-medium"><div class="uitk-text uitk-type-300 uitk-text-standard-theme">Görüş bildir</div></a></div></div></div></div></div></div></div></div></section></div></header><div id="main_content" class="is-visually-hidden" tabindex="-1"></div><div></div></div><div class="Storefront-Homepage"><div role="main"><div class="uitk-spacing bex-homepage-module SimpleContainer"><div data-testid="hero-card"><div class="uitk-layout-grid uitk-layout-grid-align-items-start uitk-layout-grid-has-auto-columns uitk-layout-grid-has-columns uitk-layout-grid-display-grid uitk-layout-grid-justify-content-center uitk-spacing uitk-spacing-margin-blockstart-four uitk-spacing-margin-blockend-four" style="--uitk-layoutgrid-auto-columns:minmax(var(--uitk-layoutgrid-egds-size__0x), 1fr);--uitk-layoutgrid-columns:minmax(0px, 1200px)"><figure class="uitk-image uitk-card uitk-card-roundcorner-all uitk-layout-grid-item uitk-layout-grid-item-has-column-start uitk-layout-grid-item-has-column-end uitk-layout-grid-item-has-row-start uitk-layout-grid-item-has-row-end uitk-card-has-primary-theme uitk-image-ratio-21-9 uitk-image-ratio" style="height:400px;--uitk-layoutgrid-column-start:1;--uitk-layoutgrid-column-end:2;--uitk-layoutgrid-row-start:1;--uitk-layoutgrid-row-end:2"><div class="uitk-layout-grid uitk-layout-grid-has-auto-columns uitk-layout-grid-display-grid" style="--uitk-layoutgrid-auto-columns:minmax(var(--uitk-layoutgrid-egds-size__0x), 1fr);height:100%"><div class="uitk-image-placeholder"><img alt="Default hero image" class="uitk-image-media uitk-layout-grid-item uitk-layout-grid-item-has-column-start uitk-layout-grid-item-has-column-end uitk-layout-grid-item-has-row-start uitk-layout-grid-item-has-row-end" src="https://forever.travel-assets.com/flex/flexmanager/images/2025/01/28/PD2_00227_HCOM_ICA_DUBAI_BAB_AL_SHAMS_0771.jpg?impolicy=fcrop&amp;w=1200&amp;h=675&amp;q=mediumHigh" aria-hidden="true" style="object-position:0px 0px;border-radius:16px;height:400px"></div><div class="uitk-image-placeholder"><img alt="Mask" class="uitk-image-media uitk-layout-grid-item uitk-layout-grid-item-has-column-start uitk-layout-grid-item-has-column-end uitk-layout-grid-item-has-row-start uitk-layout-grid-item-has-row-end" src="https://forever.travel-assets.com/flex/flexmanager/testimages/2024/04/17/gradient-bottom-30.png?impolicy=fcrop&amp;w=1200&amp;h=675&amp;q=mediumHigh" aria-hidden="true" style="object-position:0px 0px;border-radius:16px;height:400px"></div></div></figure><div class="uitk-layout-position uitk-layout-position-zindex-layer2 uitk-spacing uitk-spacing-margin-inline-three uitk-spacing-margin-block-three uitk-layout-grid-item uitk-layout-grid-item-has-column-start uitk-layout-grid-item-has-column-end uitk-layout-grid-item-has-row-start uitk-layout-grid-item-has-row-end" style="--uitk-layoutgrid-column-start:1;--uitk-layoutgrid-column-end:2;--uitk-layoutgrid-row-start:1;--uitk-layoutgrid-row-end:2;margin-top:min(120px, -100px + 30vw)"><div class="uitk-layout-grid uitk-layout-grid-has-auto-columns uitk-layout-grid-has-columns uitk-layout-grid-has-space uitk-layout-grid-display-grid uitk-layout-grid-justify-content-center" style="--uitk-layoutgrid-auto-columns:minmax(var(--uitk-layoutgrid-egds-size__0x), 1fr);--uitk-layoutgrid-columns:minmax(0px, 1052px);--uitk-layoutgrid-column-gap:var(--uitk-layoutgrid-space-six);--uitk-layoutgrid-row-gap:var(--uitk-layoutgrid-space-six)"><h1 class="uitk-heading uitk-heading-6 uitk-layout-grid-item uitk-layout-grid-item-justify-self-center uitk-type-style-display-medium" type-style-theme="standard"><div class="uitk-text uitk-type-start uitk-type-800 uitk-type-bold uitk-text-inverse-theme">Sizin için mükemmel yeri bulun<span style="font-size:0.8em;font-weight:normal;vertical-align:super">™</span></div></h1><div class="uitk-layout-grid-item hero-card-region-children" style="background:#fff;border-radius:16px;padding:10px 25px"><section id="lodging-search-form-1" data-testid="lodging-search-form" class="uitk-spacing uitk-spacing-margin-small-inline-six uitk-spacing-margin-small-block-four uitk-spacing-margin-large-inline-unset uitk-spacing-margin-large-blockstart-four uitk-spacing-margin-large-blockend-four"><div><form id="lodging_search_form" name="lodging_search_form" method="GET" action="/Hotel-Search" class="uitk-form has-required-indicator"><div class="uitk-spacing uitk-spacing-margin-blockstart-"><div class="uitk-layout-grid uitk-layout-grid-has-areas uitk-layout-grid-has-auto-columns uitk-layout-grid-has-columns uitk-layout-grid-has-rows uitk-layout-grid-has-space uitk-layout-grid-display-grid" style="--uitk-layoutgrid-areas:&quot;EGDSSearchFormLocationField EGDSSearchFormDatePickerField EGDSSearchFormTravelersField EGDSSearchFormButton&quot;;--uitk-layoutgrid-auto-columns:minmax(var(--uitk-layoutgrid-egds-size__0x), 1fr);--uitk-layoutgrid-columns:repeat(3, 1fr) max-content;--uitk-layoutgrid-rows:1fr;--uitk-layoutgrid-column-gap:var(--uitk-layoutgrid-space-three);--uitk-layoutgrid-row-gap:var(--uitk-layoutgrid-space-three)"><div class="uitk-layout-grid uitk-layout-grid-has-auto-columns uitk-layout-grid-has-auto-rows uitk-layout-grid-display-grid uitk-layout-grid-item uitk-layout-grid-item-has-column-start uitk-layout-grid-item-has-column-end uitk-layout-grid-item-has-row-start uitk-layout-grid-item-has-row-end" style="--uitk-layoutgrid-auto-columns:minmax(var(--uitk-layoutgrid-egds-size__0x), 1fr);--uitk-layoutgrid-auto-rows:max-content;--uitk-layoutgrid-column-start:EGDSSearchFormLocationField-start;--uitk-layoutgrid-column-end:EGDSSearchFormLocationField-end;--uitk-layoutgrid-row-start:EGDSSearchFormLocationField-start;--uitk-layoutgrid-row-end:EGDSSearchFormLocationField-end"><div data-stid="search-location"><div class="uitk-layout-position uitk-layout-position-relative"> <div><div class="uitk-field has-floatedLabel-label has-icon"><label class="uitk-field-label">Nereye?</label><input type="text" class="uitk-field-input is-hidden empty-placeholder" placeholder="" aria-required="false" aria-invalid="false" value=""><button aria-label="Nereye?" data-stid="destination_form_field-menu-trigger" aria-expanded="false" class="uitk-fake-input uitk-form-field-trigger uitk-field-fake-input uitk-field-fake-input-hasicon" type="button"></button><svg class="uitk-icon uitk-field-icon" aria-hidden="true" viewBox="0 0 24 24" xmlns="http://www.w3.org/2000/svg" xmlns:xlink="http://www.w3.org/1999/xlink"><path fill-rule="evenodd" d="M12 2a7 7 0 0 0-7 7.01c0 4.18 4.42 9.94 6.24 12.13a1 1 0 0 0 1.53 0C14.58 18.94 19 13.19 19 9.01A7 7 0 0 0 12 2zm0 9.5a2.5 2.5 0 1 1 0-5 2.5 2.5 0 0 1 0 5z" clip-rule="evenodd"></path></svg></div><div class="is-hidden"><div class="uitk-field has-floatedLabel-label has-icon"><label for="destination_form_field-input" class="uitk-field-label">Nereye?</label><input type="text" aria-label="Nereye?" value="" id="destination_form_field-input" name="destination_form_field" class="uitk-field-input empty-placeholder" placeholder="" aria-required="false" aria-invalid="false"><svg class="uitk-icon uitk-field-icon" aria-hidden="true" viewBox="0 0 24 24" xmlns="http://www.w3.org/2000/svg" xmlns:xlink="http://www.w3.org/1999/xlink"><path fill-rule="evenodd" d="M12 2a7 7 0 0 0-7 7.01c0 4.18 4.42 9.94 6.24 12.13a1 1 0 0 0 1.53 0C14.58 18.94 19 13.19 19 9.01A7 7 0 0 0 12 2zm0 9.5a2.5 2.5 0 1 1 0-5 2.5 2.5 0 0 1 0 5z" clip-rule="evenodd"></path></svg></div></div></div> </div></div><input type="hidden" data-stid="EGDSSearchFormLocationField-Location" name="EGDSSearchFormLocationField-Location-destination_form_field" value=""><input type="hidden" data-stid="EGDSSearchFormLocationField-AirportCode" name="EGDSSearchFormLocationField-AirportCode-destination_form_field" value=""><input type="hidden" data-stid="EGDSSearchFormLocationField-Lat" name="EGDSSearchFormLocationField-Lat-destination_form_field" value=""><input type="hidden" data-stid="EGDSSearchFormLocationField-Long" name="EGDSSearchFormLocationField-Long-destination_form_field" value=""><input type="hidden" data-stid="EGDSSearchFormLocationField-Selected" name="EGDSSearchFormLocationField-Selected-destination_form_field" value=""></div><div class="uitk-layout-grid uitk-layout-grid-has-auto-columns uitk-layout-grid-has-auto-rows uitk-layout-grid-display-grid uitk-layout-grid-item uitk-layout-grid-item-has-column-start uitk-layout-grid-item-has-column-end uitk-layout-grid-item-has-row-start uitk-layout-grid-item-has-row-end" style="--uitk-layoutgrid-auto-columns:minmax(var(--uitk-layoutgrid-egds-size__0x), 1fr);--uitk-layoutgrid-auto-rows:max-content;--uitk-layoutgrid-column-start:EGDSSearchFormDatePickerField-start;--uitk-layoutgrid-column-end:EGDSSearchFormDatePickerField-end;--uitk-layoutgrid-row-start:EGDSSearchFormDatePickerField-start;--uitk-layoutgrid-row-end:EGDSSearchFormDatePickerField-end"><div class="uitk-layout-position uitk-layout-position-relative"> <div class="uitk-layout-flex uitk-layout-flex-flex-direction-row uitk-layout-flex-gap-three"><div class="uitk-layout-flex-item uitk-layout-flex-item-max-width-full_width uitk-layout-flex-item-flex-grow-1"><div class="uitk-field has-floatedLabel-label has-icon has-placeholder"><label for="53gjl" class="uitk-field-label">Tarihler</label><input type="text" id="53gjl" value="26 Şub - 27 Şub" class="uitk-field-input is-hidden" placeholder="Placeholder" aria-required="false" aria-invalid="false"><button data-testid="uitk-date-selector-input1-default" data-stid="uitk-date-selector-input1-default" name="EGDSDateRange-date-selector-trigger" aria-invalid="false" aria-describedby="m18yk4a-error" aria-expanded="false" aria-label="Tarihler, 26 Şub - 27 Şub" class="uitk-fake-input uitk-form-field-trigger uitk-field-fake-input uitk-field-fake-input-hasicon" type="button">26 Şub - 27 Şub</button><svg class="uitk-icon uitk-field-icon" aria-hidden="true" viewBox="0 0 24 24" xmlns="http://www.w3.org/2000/svg" xmlns:xlink="http://www.w3.org/1999/xlink"><path fill-rule="evenodd" d="M19 4h-1V3a1 1 0 0 0-1-1 1 1 0 0 0-1 1v1H8V3a1 1 0 0 0-1-1 1 1 0 0 0-1 1v1H5a2 2 0 0 0-1.99 2L3 20a2 2 0 0 0 2 2h14a2 2 0 0 0 2-2V6a2 2 0 0 0-2-2zm-1 16H6a1 1 0 0 1-1-1V9h14v10a1 1 0 0 1-1 1zM8 11h3a1 1 0 0 1 1 1v3a1 1 0 0 1-1 1H8a1 1 0 0 1-1-1v-3a1 1 0 0 1 1-1z" clip-rule="evenodd"></path></svg></div></div></div> </div><input type="hidden" data-stid="EGDSDatePickerFlexibilityCalendarContent-SelectedOption" name="EGDSDatePickerFlexibilityCalendarContent-SelectedOption-date_form_nested_flexible_field" value="0_DAY"><input type="hidden" data-stid="EGDSDateRangePicker-StartDate" name="EGDSDateRangePicker-StartDate-date_form_field" value="2025-02-26"><input type="hidden" data-stid="EGDSDateRangePicker-EndDate" name="EGDSDateRangePicker-EndDate-date_form_field" value="2025-02-27"></div><div class="uitk-layout-grid uitk-layout-grid-has-auto-columns uitk-layout-grid-has-auto-rows uitk-layout-grid-display-grid uitk-layout-grid-item uitk-layout-grid-item-has-column-start uitk-layout-grid-item-has-column-end uitk-layout-grid-item-has-row-start uitk-layout-grid-item-has-row-end" style="--uitk-layoutgrid-auto-columns:minmax(var(--uitk-layoutgrid-egds-size__0x), 1fr);--uitk-layoutgrid-auto-rows:max-content;--uitk-layoutgrid-column-start:EGDSSearchFormTravelersField-start;--uitk-layoutgrid-column-end:EGDSSearchFormTravelersField-end;--uitk-layoutgrid-row-start:EGDSSearchFormTravelersField-start;--uitk-layoutgrid-row-end:EGDSSearchFormTravelersField-end"><div class="uitk-menu uitk-menu-mounted" id=""><div class="uitk-field has-floatedLabel-label has-icon has-placeholder"><label class="uitk-field-label">Misafir sayısı</label><input type="text" class="uitk-field-input is-hidden" placeholder="Placeholder" aria-required="false" aria-invalid="false" value="2 misafir, 1 oda"><button aria-roledescription="misafir sayısını değiştirmek için genişletin" data-stid="open-room-picker" aria-expanded="false" aria-label="Misafir sayısı, 2 misafir, 1 oda" class="uitk-menu-trigger open-room-picker-observer-root uitk-fake-input uitk-form-field-trigger uitk-field-fake-input uitk-field-fake-input-hasicon" type="button">2 misafir, 1 oda</button><svg class="uitk-icon uitk-field-icon" aria-hidden="true" viewBox="0 0 24 24" xmlns="http://www.w3.org/2000/svg" xmlns:xlink="http://www.w3.org/1999/xlink"><path fill-rule="evenodd" d="M12 12a4 4 0 1 0 0-8 4 4 0 0 0 0 8zm0 2c-2.67 0-8 1.34-8 4v1a1 1 0 0 0 1 1h14a1 1 0 0 0 1-1v-1c0-2.66-5.33-4-8-4z" clip-rule="evenodd"></path></svg></div><div class="uitk-menu-container animation-disabled uitk-menu-pos-right uitk-menu-container-autoposition uitk-menu-container-has-intersection-root-el" aria-hidden="true" style="max-height: 700px; overflow: auto; width: 375px;"><div data-stid="rooms-traveler-selector-menu-container" class="uitk-spacing uitk-spacing-padding-inline-six uitk-spacing-padding-blockstart-two"><div class="uitk-layout-flex uitk-layout-flex-flex-direction-column"><section><div class="uitk-spacing uitk-spacing-padding-blockstart-unset"><h3 class="uitk-heading uitk-heading-7" tabindex="-1">Oda 1</h3><div class="uitk-spacing uitk-spacing-padding-blockstart-two"><div class="uitk-layout-flex uitk-layout-flex-align-items-center uitk-layout-flex-justify-content-space-between uitk-step-input uitk-step-input-mounted"><label for="traveler_selector_adult_step_input-0" class="uitk-layout-flex-item uitk-layout-flex-item-flex-grow-1 uitk-step-input-label-section"><span class="uitk-step-input-label">Yetişkin Sayısı</span></label><div class="uitk-layout-flex uitk-layout-flex-item uitk-step-input-controls"><button type="button" class="uitk-layout-flex-item uitk-step-input-touch-target"><span class="uitk-step-input-button"><svg class="uitk-icon uitk-step-input-icon" aria-label="Oda 1 için yetişkin sayısını azaltın" role="img" viewBox="0 0 24 24" xmlns="http://www.w3.org/2000/svg" xmlns:xlink="http://www.w3.org/1999/xlink"><title id="traveler_selector_adult_step_input-0-decrease-title">Oda 1 için yetişkin sayısını azaltın</title><path fill-rule="evenodd" d="M6 12a1 1 0 0 0 1 1h10a1 1 0 1 0 0-2H7a1 1 0 0 0-1 1Z" clip-rule="evenodd"></path></svg></span></button><input type="text" id="traveler_selector_adult_step_input-0" min="1" max="14" tabindex="-1" aria-label="Yetişkin Sayısı" class="uitk-layout-flex-item uitk-step-input-value" value="2" readonly=""><button type="button" class="uitk-layout-flex-item uitk-step-input-touch-target"><span class="uitk-step-input-button"><svg class="uitk-icon uitk-step-input-icon" aria-label="Oda 1 için yetişkin sayısını artırın" role="img" viewBox="0 0 24 24" xmlns="http://www.w3.org/2000/svg" xmlns:xlink="http://www.w3.org/1999/xlink"><title id="traveler_selector_adult_step_input-0-increase-title">Oda 1 için yetişkin sayısını artırın</title><path fill-rule="evenodd" d="M12 7a1 1 0 0 0-1 1v3H8a1 1 0 1 0 0 2h3v3a1 1 0 1 0 2 0v-3h3a1 1 0 1 0 0-2h-3V8a1 1 0 0 0-1-1z" clip-rule="evenodd"></path></svg></span></button></div></div></div><div class="uitk-spacing uitk-spacing-padding-blockstart-two"><div class="uitk-layout-flex uitk-layout-flex-align-items-center uitk-layout-flex-justify-content-space-between uitk-step-input uitk-step-input-mounted"><label for="traveler_selector_children_step_input-0" class="uitk-layout-flex-item uitk-layout-flex-item-flex-grow-1 uitk-step-input-label-section"><span class="uitk-step-input-label">Çocuk Sayısı</span><span class="uitk-step-input-description">0-17 yaş</span></label><div class="uitk-layout-flex uitk-layout-flex-item uitk-step-input-controls"><button type="button" disabled="" class="uitk-layout-flex-item uitk-step-input-touch-target"><span class="uitk-step-input-button"><svg class="uitk-icon uitk-step-input-icon" aria-label="Oda 1 için çocuk sayısını azaltın" role="img" viewBox="0 0 24 24" xmlns="http://www.w3.org/2000/svg" xmlns:xlink="http://www.w3.org/1999/xlink"><title id="traveler_selector_children_step_input-0-decrease-title">Oda 1 için çocuk sayısını azaltın</title><path fill-rule="evenodd" d="M6 12a1 1 0 0 0 1 1h10a1 1 0 1 0 0-2H7a1 1 0 0 0-1 1Z" clip-rule="evenodd"></path></svg></span></button><input type="text" id="traveler_selector_children_step_input-0" min="0" max="6" tabindex="-1" aria-label="Çocuk Sayısı,0-17 yaş" class="uitk-layout-flex-item uitk-step-input-value" value="0" readonly=""><button type="button" class="uitk-layout-flex-item uitk-step-input-touch-target"><span class="uitk-step-input-button"><svg class="uitk-icon uitk-step-input-icon" aria-label="Oda 1 için çocuk sayısını artırın" role="img" viewBox="0 0 24 24" xmlns="http://www.w3.org/2000/svg" xmlns:xlink="http://www.w3.org/1999/xlink"><title id="traveler_selector_children_step_input-0-increase-title">Oda 1 için çocuk sayısını artırın</title><path fill-rule="evenodd" d="M12 7a1 1 0 0 0-1 1v3H8a1 1 0 1 0 0 2h3v3a1 1 0 1 0 2 0v-3h3a1 1 0 1 0 0-2h-3V8a1 1 0 0 0-1-1z" clip-rule="evenodd"></path></svg></span></button></div></div><div class="uitk-layout-flex uitk-layout-flex-flex-wrap-wrap"></div></div></div><div class="uitk-layout-flex uitk-layout-flex-justify-content-flex-end uitk-spacing uitk-spacing-padding-small-blockstart-two uitk-spacing-padding-small-blockend-two uitk-spacing-padding-medium-blockend-unset"><button id="traveler_selector_add_room" data-test-id="traveler_selector_add_room" data-context="uitk-form-context" type="button" class="uitk-button uitk-button-medium uitk-button-has-text uitk-button-tertiary">Başka bir oda ekle</button></div></section><div class="uitk-layout-flex uitk-layout-flex-align-content-space-around uitk-layout-flex-align-items-center uitk-layout-flex-flex-direction-row-reverse uitk-layout-flex-justify-content-space-between uitk-layout-flex-gap-medium uitk-layout-flex-flex-wrap-nowrap uitk-spacing uitk-spacing-padding-blockstart-twelve"><div class="uitk-layout-flex uitk-layout-flex-justify-content-flex-end uitk-spacing uitk-spacing-padding-blockstart-four uitk-spacing-padding-blockend-three uitk-layout-flex-item"><button id="traveler_selector_done_button" type="button" class="uitk-button uitk-button-medium uitk-button-has-text uitk-button-primary">Tamam</button></div><div class="uitk-card uitk-card-roundcorner-all uitk-card-padded uitk-layout-flex-item uitk-card-has-secondary-theme"><a target="_blank" href="https://www.hotelplanner.com/Common/Services/Groups/?Brand=hotels&amp;Loc=tr_TR&amp;DUAID=18713dec-4f39-4264-b08c-955fc30f3efb&amp;kw=hotels_traveler_ui_v2_desktop" class="uitk-link uitk-link-align-left uitk-link-layout-default uitk-link-medium" role="link">9 veya daha fazla oda mı rezerve etmeniz gerekiyor?</a></div></div></div></div></div></div><input type="hidden" data-stid="EGDSSearchFormTravelersField-Adult-1" name="EGDSSearchFormTravelersField-Adult-Room1" value="2"></div><div class="uitk-layout-grid uitk-layout-grid-has-auto-columns uitk-layout-grid-has-auto-rows uitk-layout-grid-display-grid uitk-layout-grid-item uitk-layout-grid-item-has-column-start uitk-layout-grid-item-has-column-end uitk-layout-grid-item-has-row-start uitk-layout-grid-item-has-row-end" style="--uitk-layoutgrid-auto-columns:minmax(var(--uitk-layoutgrid-egds-size__0x), 1fr);--uitk-layoutgrid-auto-rows:max-content;--uitk-layoutgrid-column-start:EGDSSearchFormButton-start;--uitk-layoutgrid-column-end:EGDSSearchFormButton-end;--uitk-layoutgrid-row-start:EGDSSearchFormButton-start;--uitk-layoutgrid-row-end:EGDSSearchFormButton-end"><button id="search_button" type="submit" class="uitk-button uitk-button-large uitk-button-has-text uitk-button-primary">Ara</button></div></div></div></form></div></section></div></div></div></div></div></div><div class="uitk-spacing SimpleContainer"><div id="customer-notifications-1" class="CustomerNotificationsWrapper" data-testid="customer-notifications-wrapper"><div class="uitk-spacing uitk-spacing-margin-blockend-three" data-testid="customer-notification-blossom"></div></div></div><div class="uitk-spacing bex-homepage-module SimpleContainer"></div><div class="uitk-spacing bex-homepage-module SimpleContainer"><div class="uitk-spacing SpacingContainer uitk-spacing-padding-block-four uitk-spacing-padding-inline-three"><div data-testid="managed-banner-wrapper-1" id="managed-banner-wrapper-1"><div id="signin-banner_after-wizard-wrapper" class="managed-configurable-theme-banner-wrapper"><div class="uitk-spacing uitk-spacing-padding-inline-half uitk-spacing-padding-block-half uitk-card uitk-card-roundcorner-all uitk-card-has-global-loyalty-standard-theme"><div class="uitk-card-content-section uitk-card-content-section-padded"><div><div id="large-content"><div class="uitk-layout-flex uitk-layout-flex-justify-content-flex-end"><div data-stid="managed-banner-graphic-container" class="uitk-layout-flex-item-align-self-flex-start uitk-layout-flex-item uitk-layout-flex-item-flex-grow-0 uitk-layout-flex-item-flex-shrink-0"><div class="uitk-layout-flex uitk-layout-flex-flex-direction-column"><div class="uitk-spacing uitk-layout-flex-item uitk-spacing uitk-spacing-padding-inlineend-four"><img class="uitk-mark uitk-mark-landscape-oriented" alt="" src="https://a.travel-assets.com/egds/marks/mod_hotels.svg" style="--uitk-mark-token-size:var(--mark-size-12)" id="mod_hotels"></div></div></div><div class="uitk-layout-flex uitk-layout-flex-flex-direction-column uitk-layout-flex-justify-content-center uitk-layout-flex-item uitk-layout-flex-item-flex-grow-0 uitk-layout-flex-item-flex-shrink-1" style="flex-basis:700px"><div class="uitk-layout-flex-item"><span class="uitk-text uitk-type-start uitk-type-400 uitk-type-medium uitk-text-white-space-pre-line uitk-text-inverse-theme">Giriş yapan üyeler, dünya çapındaki 100.000'i aşkın otelde %10 veya daha fazla kazanç elde ediyor</span></div></div><div class="uitk-layout-flex uitk-layout-flex-align-items-center uitk-layout-flex-justify-content-flex-end uitk-layout-flex-gap-two uitk-layout-flex-item uitk-spacing uitk-spacing-padding-inlinestart-four uitk-layout-flex-item uitk-layout-flex-item-flex-grow-2 uitk-layout-flex-item-flex-shrink-1" style="flex-basis:280px"><button id="managedBannerPrimaryCTA" data-stid="managedBannerPrimaryCTA" type="button" class="uitk-button uitk-button-small uitk-button-has-text uitk-button-primary"><div class="uitk-text uitk-type-200 uitk-type-medium uitk-text-inverse-theme">Şimdi giriş yap</div></button></div></div></div></div></div></div></div></div></div></div><div class="uitk-spacing bex-homepage-module SimpleContainer"><div class="uitk-spacing SpacingContainer uitk-spacing-padding-block-three uitk-spacing-padding-inline-three"></div></div><div class="uitk-spacing bex-homepage-module SimpleContainer"><div class="uitk-spacing SpacingContainer uitk-spacing-padding-block-four uitk-spacing-padding-inline-three"></div></div><div class="uitk-spacing bex-homepage-module SimpleContainer"><div class="uitk-spacing SpacingContainer uitk-spacing-padding-block-four uitk-spacing-padding-inline-three"></div></div><div class="uitk-spacing bex-homepage-module SimpleContainer"><div class="uitk-spacing SpacingContainer uitk-spacing-padding-block-four uitk-spacing-padding-inline-three"><div class="RecentSearches"></div></div></div><div class="uitk-spacing bex-homepage-module SimpleContainer"><div class="uitk-spacing SpacingContainer uitk-spacing-padding-block-four uitk-spacing-padding-inline-three"></div></div><div class="uitk-spacing bex-homepage-module SimpleContainer"><div class="uitk-spacing SpacingContainer uitk-spacing-padding-block-four uitk-spacing-padding-inline-three"><div class="ValuePropositionBanner"><div class="uitk-layout-flex uitk-layout-flex-align-items-center uitk-layout-flex-gap-four uitk-card uitk-card-roundcorner-all uitk-spacing uitk-spacing-padding-block-three uitk-spacing-padding-inlineend-three uitk-card-has-primary-theme"><h2 class="uitk-heading uitk-heading-4 uitk-spacing uitk-spacing-margin-inlineend-six uitk-spacing-padding-inlinestart-twelve uitk-layout-flex-item uitk-layout-flex-item-max-width-76x">Mükemmel konaklamanızı bulun ve rezervasyon yapın <button type="button" data-stid="disclosure-btn" class="uitk-link uitk-link-align-left uitk-link-layout-inline"><span class="is-visually-hidden">Mükemmel konaklamanızı bulun ve rezervasyon yapın Önemli ayrıntılar</span><div class="uitk-layout-flex"><svg class="uitk-icon uitk-icon-xsmall" aria-hidden="true" viewBox="0 0 24 24" xmlns="http://www.w3.org/2000/svg" xmlns:xlink="http://www.w3.org/1999/xlink"><path fill-rule="evenodd" d="M2 12a10 10 0 1 1 20 0 10 10 0 0 1-20 0zm11-1v6h-2v-6h2zm-1 9a8.01 8.01 0 0 1 0-16 8.01 8.01 0 0 1 0 16zm1-13v2h-2V7h2z" clip-rule="evenodd"></path></svg></div></button></h2><div class="uitk-carousel no-peek no-inset no-touch items-max-height md" data-stid="carousel-wrapper"><div class="uitk-carousel-container use-container-sizing" data-stid="carousel-container" style="--uitk-carousel-items-gap:16px;--uitk-carousel-items-gap-sm:16px;--uitk-carousel-items-gap-md:16px;--uitk-carousel-items-gap-lg:16px;--uitk-carousel-peek-amount-sm:48px;--uitk-carousel-peek-amount-md:16px;--uitk-carousel-peek-amount-lg:32px;--uitk-carousel-peek-amount-xl:32px;--uitk-carousel-item-count-sm:1;--uitk-carousel-item-count-md:3;--uitk-carousel-item-count-lg:3;--uitk-carousel-item-count-xl:3" tabindex="0"><div class="uitk-carousel-item" data-stid="carousel-item" aria-label="1/3"><div class="uitk-layout-flex uitk-card uitk-card-roundcorner-all uitk-card-padded uitk-card-has-primary-theme"><div class="uitk-layout-flex-item-align-self-center uitk-layout-flex-item"><div class="uitk-card-content-section"><div class="uitk-layout-flex uitk-layout-flex-align-items-center uitk-layout-flex-gap-four uitk-spacing uitk-spacing-padding-block-six uitk-spacing-padding-inline-two"><div class="uitk-layout-flex-item"><svg class="uitk-icon uitk-icon-xlarge" aria-hidden="true" viewBox="0 0 24 24" xmlns="http://www.w3.org/2000/svg" xmlns:xlink="http://www.w3.org/1999/xlink"><path d="M12.1 22c-1.4 0-2.71-.27-3.94-.8a10.28 10.28 0 0 1-5.36-5.36A9.76 9.76 0 0 1 2 11.9c0-2.43.77-4.58 2.33-6.44A9.85 9.85 0 0 1 10.25 2a10 10 0 0 0 2.78 8.95 9.98 9.98 0 0 0 8.97 2.8 9.72 9.72 0 0 1-3.45 5.93A9.8 9.8 0 0 1 12.1 22Z"></path></svg></div><div class="uitk-layout-flex-item"><div class="uitk-text uitk-type-400 uitk-text-default-theme"><span>Konakladığınız her gece için ödüller kazanın</span></div></div></div></div></div></div></div><div class="uitk-carousel-item" data-stid="carousel-item" aria-label="2/3"><div class="uitk-layout-flex uitk-card uitk-card-roundcorner-all uitk-card-padded uitk-card-has-primary-theme"><div class="uitk-layout-flex-item-align-self-center uitk-layout-flex-item"><div class="uitk-card-content-section"><div class="uitk-layout-flex uitk-layout-flex-align-items-center uitk-layout-flex-gap-four uitk-spacing uitk-spacing-padding-block-six uitk-spacing-padding-inline-two"><div class="uitk-layout-flex-item"><svg class="uitk-icon uitk-icon-xlarge" aria-hidden="true" viewBox="0 0 24 24" xmlns="http://www.w3.org/2000/svg" xmlns:xlink="http://www.w3.org/1999/xlink"><path fill-rule="evenodd" d="m21.41 11.58-9-9A1.99 1.99 0 0 0 11 2H4a2 2 0 0 0-2 2v7a2 2 0 0 0 .59 1.42l9 9a1.99 1.99 0 0 0 2.82-.01l7-7c.37-.36.59-.86.59-1.41 0-.55-.23-1.06-.59-1.42zM5.5 7a1.5 1.5 0 1 1 0-3 1.5 1.5 0 0 1 0 3z" clip-rule="evenodd"></path></svg></div><div class="uitk-layout-flex-item"><div class="uitk-text uitk-type-400 uitk-text-default-theme"><span>Üye Fiyatlarıyla daha fazla kazanç elde edin</span></div></div></div></div></div></div></div><div class="uitk-carousel-item" data-stid="carousel-item" aria-label="3/3"><div class="uitk-layout-flex uitk-card uitk-card-roundcorner-all uitk-card-padded uitk-card-has-primary-theme"><div class="uitk-layout-flex-item-align-self-center uitk-layout-flex-item"><div class="uitk-card-content-section"><div class="uitk-layout-flex uitk-layout-flex-align-items-center uitk-layout-flex-gap-four uitk-spacing uitk-spacing-padding-block-six uitk-spacing-padding-inline-two"><div class="uitk-layout-flex-item"><svg class="uitk-icon uitk-icon-xlarge" aria-hidden="true" viewBox="0 0 24 24" xmlns="http://www.w3.org/2000/svg" xmlns:xlink="http://www.w3.org/1999/xlink"><path d="M19 4h-1V2h-2v2H8V2H6v2H5c-1.11 0-1.99.9-1.99 2L3 20a2 2 0 0 0 2 2h14c1.1 0 2-.9 2-2V6c0-1.1-.9-2-2-2Zm0 16H5V10h14v10ZM9 14H7v-2h2v2Zm4 0h-2v-2h2v2Zm4 0h-2v-2h2v2Zm-8 4H7v-2h2v2Zm4 0h-2v-2h2v2Zm4 0h-2v-2h2v2Z"></path></svg></div><div class="uitk-layout-flex-item"><div class="uitk-text uitk-type-400 uitk-text-default-theme"><span>Planların değişmesi durumunda ücretsiz iptal seçenekleri</span></div></div></div></div></div></div></div></div></div></div></div></div></div><div class="uitk-spacing bex-homepage-module SimpleContainer"><div class="uitk-spacing SpacingContainer uitk-spacing-padding-block-three uitk-spacing-padding-inline-three"><div id="property-type-carousel" class="uitk-spacing uitk-spacing-padding-block-"><div><h2 class="uitk-heading uitk-heading-4" data-stid="property-carousel-heading">Yeni favori konaklamanızı keşfedin</h2><div class="uitk-carousel no-peek no-inset no-touch items-max-height uitk-spacing uitk-spacing-padding-blockstart-four lg" data-stid="carousel-wrapper"><div class="uitk-carousel-container" data-stid="carousel-container" style="--uitk-carousel-items-gap:16px;--uitk-carousel-items-gap-sm:16px;--uitk-carousel-items-gap-md:16px;--uitk-carousel-items-gap-lg:16px;--uitk-carousel-peek-amount-sm:48px;--uitk-carousel-peek-amount-md:16px;--uitk-carousel-peek-amount-lg:32px;--uitk-carousel-peek-amount-xl:32px;--uitk-carousel-item-count-sm:2;--uitk-carousel-item-count-md:3;--uitk-carousel-item-count-lg:5" tabindex="0"><div class="uitk-carousel-item" data-stid="carousel-item" aria-label="1/12"><div><div class="uitk-card uitk-card-roundcorner-all uitk-card-has-link uitk-card-has-primary-theme"><div class="uitk-layout-position uitk-layout-position-relative"> <div class="uitk-image uitk-image-ratio-3-4 uitk-image-ratio uitk-image-background" style="background-image:url(&quot;https://forever.travel-assets.com/flex/flexmanager/images/2023/11/27/e6f49469-b67f-485b-8aaf-f14a79d0d164.jpeg?impolicy=fcrop&amp;h=590&amp;w=448&amp;q=mediumHigh&quot;)"><div class="uitk-layout-position uitk-layout-position-zindex-layer1 uitk-layout-position-bottom-two uitk-layout-position-left-two uitk-layout-position-absolute"> <div class="uitk-text uitk-type-400 uitk-type-bold uitk-text-inverse-theme">Her şey dâhil</div> </div><div class="uitk-scrim fade-bottom"></div></div> </div><a href="https://tr.hotels.com/Hotel-Search?destination=T%C3%BCrkiye&amp;regionId=183&amp;latLong=39.920789%2C32.854048&amp;rooms=1&amp;adults=2&amp;startDate=2025-03-11&amp;d1=2025-03-11&amp;endDate=2025-03-13&amp;d2=2025-03-13&amp;mealPlan=ALL_INCLUSIVE" class="uitk-card-link"><span class="is-visually-hidden">her şey dâhil konaklama yerlerini arayın</span></a></div></div></div><div class="uitk-carousel-item" data-stid="carousel-item" aria-label="2/12"><div><div class="uitk-card uitk-card-roundcorner-all uitk-card-has-link uitk-card-has-primary-theme"><div class="uitk-layout-position uitk-layout-position-relative"> <div class="uitk-image uitk-image-ratio-3-4 uitk-image-ratio uitk-image-background" style="background-image:url(&quot;https://forever.travel-assets.com/flex/flexmanager/images/2023/11/24/4fd89b66-18da-4c97-9331-074ec8299784.jpeg?impolicy=resizecrop&amp;rw=896&amp;rh=590&amp;cw=448&amp;cx=-20&quot;)"><div class="uitk-layout-position uitk-layout-position-zindex-layer1 uitk-layout-position-bottom-two uitk-layout-position-left-two uitk-layout-position-absolute"> <div class="uitk-text uitk-type-400 uitk-type-bold uitk-text-inverse-theme">Deniz manzarası</div> </div><div class="uitk-scrim fade-bottom"></div></div> </div><a href="https://tr.hotels.com/Hotel-Search?destination=T%C3%BCrkiye&amp;regionId=183&amp;latLong=39.920789%2C32.854048&amp;rooms=1&amp;adults=2&amp;startDate=2025-03-11&amp;d1=2025-03-11&amp;endDate=2025-03-13&amp;d2=2025-03-13&amp;amenities=OCEAN_VIEW" class="uitk-card-link"><span class="is-visually-hidden">deniz manzaralı konaklama yerlerini arayın</span></a></div></div></div><div class="uitk-carousel-item" data-stid="carousel-item" aria-label="3/12"><div><div class="uitk-card uitk-card-roundcorner-all uitk-card-has-link uitk-card-has-primary-theme"><div class="uitk-layout-position uitk-layout-position-relative"> <div class="uitk-image uitk-image-ratio-3-4 uitk-image-ratio uitk-image-background" style="background-image:url(&quot;https://forever.travel-assets.com/flex/flexmanager/images/2023/11/27/a63f5ab1-8592-4414-8a17-c2b3b2d29671.jpeg?impolicy=resizecrop&amp;rw=896&amp;rh=590&amp;cw=448&quot;)"><div class="uitk-layout-position uitk-layout-position-zindex-layer1 uitk-layout-position-bottom-two uitk-layout-position-left-two uitk-layout-position-absolute"> <div class="uitk-text uitk-type-400 uitk-type-bold uitk-text-inverse-theme">Spa</div> </div><div class="uitk-scrim fade-bottom"></div></div> </div><a href="https://tr.hotels.com/Hotel-Search?destination=T%C3%BCrkiye&amp;regionId=183&amp;latLong=39.920789%2C32.854048&amp;rooms=1&amp;adults=2&amp;startDate=2025-03-11&amp;d1=2025-03-11&amp;endDate=2025-03-13&amp;d2=2025-03-13&amp;amenities=SPA_ON_SITE" class="uitk-card-link"><span class="is-visually-hidden">bünyesinde spa bulunan konaklama yerlerini arayın</span></a></div></div></div><div class="uitk-carousel-item" data-stid="carousel-item" aria-label="4/12"><div><div class="uitk-card uitk-card-roundcorner-all uitk-card-has-link uitk-card-has-primary-theme"><div class="uitk-layout-position uitk-layout-position-relative"> <div class="uitk-image uitk-image-ratio-3-4 uitk-image-ratio uitk-image-background" style="background-image:url(&quot;https://forever.travel-assets.com/flex/flexmanager/images/2023/11/24/0ca4d47a-be2c-4971-8282-3511f49607f1.jpeg?impolicy=resizecrop&amp;rw=448&amp;ch=590&quot;)"><div class="uitk-layout-position uitk-layout-position-zindex-layer1 uitk-layout-position-bottom-two uitk-layout-position-left-two uitk-layout-position-absolute"> <div class="uitk-text uitk-type-400 uitk-type-bold uitk-text-inverse-theme">Jakuzi</div> </div><div class="uitk-scrim fade-bottom"></div></div> </div><a href="https://tr.hotels.com/Hotel-Search?destination=T%C3%BCrkiye&amp;regionId=183&amp;latLong=39.920789%2C32.854048&amp;rooms=1&amp;adults=2&amp;startDate=2025-03-11&amp;d1=2025-03-11&amp;endDate=2025-03-13&amp;d2=2025-03-13&amp;amenities=HOT_TUB" class="uitk-card-link"><span class="is-visually-hidden">jakuzili konaklama yerlerini arayın</span></a></div></div></div><div class="uitk-carousel-item" data-stid="carousel-item" aria-label="5/12"><div><div class="uitk-card uitk-card-roundcorner-all uitk-card-has-link uitk-card-has-primary-theme"><div class="uitk-layout-position uitk-layout-position-relative"> <div class="uitk-image uitk-image-ratio-3-4 uitk-image-ratio uitk-image-background" style="background-image:url(&quot;https://forever.travel-assets.com/flex/flexmanager/images/2023/11/27/5bb7f1c3-dd6c-465f-90e8-ac07b9a66ba5.jpeg?impolicy=fcrop&amp;h=590&amp;w=448&amp;q=mediumHigh&quot;)"><div class="uitk-layout-position uitk-layout-position-zindex-layer1 uitk-layout-position-bottom-two uitk-layout-position-left-two uitk-layout-position-absolute"> <div class="uitk-text uitk-type-400 uitk-type-bold uitk-text-inverse-theme">Apart daire</div> </div><div class="uitk-scrim fade-bottom"></div></div> </div><a href="https://tr.hotels.com/Hotel-Search?destination=T%C3%BCrkiye&amp;regionId=183&amp;latLong=39.920789%2C32.854048&amp;rooms=1&amp;adults=2&amp;startDate=2025-03-11&amp;d1=2025-03-11&amp;endDate=2025-03-13&amp;d2=2025-03-13&amp;lodging=APARTMENT" class="uitk-card-link"><span class="is-visually-hidden">apartları arayın</span></a></div></div></div><div aria-hidden="true" tabindex="-1" class="uitk-carousel-item" data-stid="carousel-item" aria-label="6/12"><div><div class="uitk-card uitk-card-roundcorner-all uitk-card-has-link uitk-card-has-primary-theme"><div class="uitk-layout-position uitk-layout-position-relative"> <div class="uitk-image uitk-image-ratio-3-4 uitk-image-ratio uitk-image-background" style="background-image:url(&quot;https://forever.travel-assets.com/flex/flexmanager/images/2023/11/24/a397c648-7662-440b-b023-65a2f5c41623.jpeg?impolicy=fcrop&amp;h=590&amp;w=448&amp;q=mediumHigh&quot;)"><div class="uitk-layout-position uitk-layout-position-zindex-layer1 uitk-layout-position-bottom-two uitk-layout-position-left-two uitk-layout-position-absolute"> <div class="uitk-text uitk-type-400 uitk-type-bold uitk-text-inverse-theme">Apart otel</div> </div><div class="uitk-scrim fade-bottom"></div></div> </div><a href="https://tr.hotels.com/Hotel-Search?destination=T%C3%BCrkiye&amp;regionId=183&amp;latLong=39.920789%2C32.854048&amp;rooms=1&amp;adults=2&amp;startDate=2025-03-11&amp;d1=2025-03-11&amp;endDate=2025-03-13&amp;d2=2025-03-13&amp;lodging=APART_HOTEL" class="uitk-card-link" tabindex="-1"><span class="is-visually-hidden">apart otelleri arayın</span></a></div></div></div><div aria-hidden="true" tabindex="-1" class="uitk-carousel-item" data-stid="carousel-item" aria-label="7/12"><div><div class="uitk-card uitk-card-roundcorner-all uitk-card-has-link uitk-card-has-primary-theme"><div class="uitk-layout-position uitk-layout-position-relative"> <div class="uitk-image uitk-image-ratio-3-4 uitk-image-ratio uitk-image-background" style="background-image:url(&quot;https://forever.travel-assets.com/flex/flexmanager/images/2023/11/25/5fe75c4c-ada4-4ad5-897f-395a8d1576e2.jpeg?impolicy=resizecrop&amp;rw=896&amp;rh=590&amp;cw=448&quot;)"><div class="uitk-layout-position uitk-layout-position-zindex-layer1 uitk-layout-position-bottom-two uitk-layout-position-left-two uitk-layout-position-absolute"> <div class="uitk-text uitk-type-400 uitk-type-bold uitk-text-inverse-theme">Havuz</div> </div><div class="uitk-scrim fade-bottom"></div></div> </div><a href="https://tr.hotels.com/Hotel-Search?destination=T%C3%BCrkiye&amp;regionId=183&amp;latLong=39.920789%2C32.854048&amp;rooms=1&amp;adults=2&amp;startDate=2025-03-11&amp;d1=2025-03-11&amp;endDate=2025-03-13&amp;d2=2025-03-13&amp;amenities=POOL" class="uitk-card-link" tabindex="-1"><span class="is-visually-hidden">havuzlu konaklama yerlerini arayın</span></a></div></div></div><div aria-hidden="true" tabindex="-1" class="uitk-carousel-item" data-stid="carousel-item" aria-label="8/12"><div><div class="uitk-card uitk-card-roundcorner-all uitk-card-has-link uitk-card-has-primary-theme"><div class="uitk-layout-position uitk-layout-position-relative"> <div class="uitk-image uitk-image-ratio-3-4 uitk-image-ratio uitk-image-background" style="background-image:url(&quot;https://forever.travel-assets.com/flex/flexmanager/images/2023/11/24/VRBO_APFT2_BARCELONA_THERIN_HOUSE_1_1439.jpg?impolicy=fcrop&amp;h=590&amp;w=448&amp;q=mediumHigh&quot;)"><div class="uitk-layout-position uitk-layout-position-zindex-layer1 uitk-layout-position-bottom-two uitk-layout-position-left-two uitk-layout-position-absolute"> <div class="uitk-text uitk-type-400 uitk-type-bold uitk-text-inverse-theme">Villa</div> </div><div class="uitk-scrim fade-bottom"></div></div> </div><a href="https://tr.hotels.com/Hotel-Search?destination=T%C3%BCrkiye&amp;regionId=183&amp;latLong=39.920789%2C32.854048&amp;rooms=1&amp;adults=2&amp;startDate=2025-03-11&amp;d1=2025-03-11&amp;endDate=2025-03-13&amp;d2=2025-03-13&amp;lodging=VILLA" class="uitk-card-link" tabindex="-1"><span class="is-visually-hidden">villaları arayın</span></a></div></div></div><div aria-hidden="true" tabindex="-1" class="uitk-carousel-item" data-stid="carousel-item" aria-label="9/12"><div><div class="uitk-card uitk-card-roundcorner-all uitk-card-has-link uitk-card-has-primary-theme"><div class="uitk-layout-position uitk-layout-position-relative"> <div class="uitk-image uitk-image-ratio-3-4 uitk-image-ratio uitk-image-background" style="background-image:url(&quot;https://forever.travel-assets.com/flex/flexmanager/images/2023/11/24/VRBO_APFT2_BARCELONA_THERIN_HOUSE_1_2974.jpg?impolicy=fcrop&amp;h=590&amp;w=448&amp;q=mediumHigh&quot;)"><div class="uitk-layout-position uitk-layout-position-zindex-layer1 uitk-layout-position-bottom-two uitk-layout-position-left-two uitk-layout-position-absolute"> <div class="uitk-text uitk-type-400 uitk-type-bold uitk-text-inverse-theme">Aile dostu</div> </div><div class="uitk-scrim fade-bottom"></div></div> </div><a href="https://tr.hotels.com/Hotel-Search?destination=T%C3%BCrkiye&amp;regionId=183&amp;latLong=39.920789%2C32.854048&amp;rooms=1&amp;adults=2&amp;startDate=2025-03-11&amp;d1=2025-03-11&amp;endDate=2025-03-13&amp;d2=2025-03-13&amp;travelerType=family_friendly" class="uitk-card-link" tabindex="-1"><span class="is-visually-hidden">aile dostu konaklama yerlerini arayın</span></a></div></div></div><div aria-hidden="true" tabindex="-1" class="uitk-carousel-item" data-stid="carousel-item" aria-label="10/12"><div><div class="uitk-card uitk-card-roundcorner-all uitk-card-has-link uitk-card-has-primary-theme"><div class="uitk-layout-position uitk-layout-position-relative"> <div class="uitk-image uitk-image-ratio-3-4 uitk-image-ratio uitk-image-background" style="background-image:url(&quot;https://forever.travel-assets.com/flex/flexmanager/images/2023/11/24/674ffabb-0185-4137-b349-e6f4ca5f289a.jpeg?impolicy=resizecrop&amp;rw=896&amp;rh=590&amp;cw=448&amp;cx=-110&quot;)"><div class="uitk-layout-position uitk-layout-position-zindex-layer1 uitk-layout-position-bottom-two uitk-layout-position-left-two uitk-layout-position-absolute"> <div class="uitk-text uitk-type-400 uitk-type-bold uitk-text-inverse-theme">Su Parkı</div> </div><div class="uitk-scrim fade-bottom"></div></div> </div><a href="https://tr.hotels.com/Hotel-Search?destination=T%C3%BCrkiye&amp;regionId=183&amp;latLong=39.920789%2C32.854048&amp;rooms=1&amp;adults=2&amp;startDate=2025-03-11&amp;d1=2025-03-11&amp;endDate=2025-03-13&amp;d2=2025-03-13&amp;amenities=WATER_PARK" class="uitk-card-link" tabindex="-1"><span class="is-visually-hidden">su parkı olan konaklama yerlerini arayın</span></a></div></div></div><div aria-hidden="true" tabindex="-1" class="uitk-carousel-item" data-stid="carousel-item" aria-label="11/12"><div><div class="uitk-card uitk-card-roundcorner-all uitk-card-has-link uitk-card-has-primary-theme"><div class="uitk-layout-position uitk-layout-position-relative"> <div class="uitk-image uitk-image-ratio-3-4 uitk-image-ratio uitk-image-background" style="background-image:url(&quot;https://forever.travel-assets.com/flex/flexmanager/images/2023/12/02/3623a5ce-2e06-4f01-9072-4055c5d29326.jpeg?impolicy=fcrop&amp;h=590&amp;w=448&amp;q=mediumHigh&quot;)"><div class="uitk-layout-position uitk-layout-position-zindex-layer1 uitk-layout-position-bottom-two uitk-layout-position-left-two uitk-layout-position-absolute"> <div class="uitk-text uitk-type-400 uitk-type-bold uitk-text-inverse-theme">Tatil köyü</div> </div><div class="uitk-scrim fade-bottom"></div></div> </div><a href="https://tr.hotels.com/Hotel-Search?destination=T%C3%BCrkiye&amp;regionId=183&amp;latLong=39.920789%2C32.854048&amp;rooms=1&amp;adults=2&amp;startDate=2025-03-11&amp;d1=2025-03-11&amp;endDate=2025-03-13&amp;d2=2025-03-13&amp;lodging=HOTEL_RESORT" class="uitk-card-link" tabindex="-1"><span class="is-visually-hidden">tatil köylerini arayın</span></a></div></div></div><div aria-hidden="true" tabindex="-1" class="uitk-carousel-item" data-stid="carousel-item" aria-label="12/12"><div><div class="uitk-card uitk-card-roundcorner-all uitk-card-has-link uitk-card-has-primary-theme"><div class="uitk-layout-position uitk-layout-position-relative"> <div class="uitk-image uitk-image-ratio-3-4 uitk-image-ratio uitk-image-background" style="background-image:url(&quot;https://forever.travel-assets.com/flex/flexmanager/images/2023/11/24/d1e5d296-4bcb-4d1a-8848-9de6d9cea802.jpeg?impolicy=fcrop&amp;h=590&amp;w=448&amp;q=mediumHigh&quot;)"><div class="uitk-layout-position uitk-layout-position-zindex-layer1 uitk-layout-position-bottom-two uitk-layout-position-left-two uitk-layout-position-absolute"> <div class="uitk-text uitk-type-400 uitk-type-bold uitk-text-inverse-theme">Evcil hayvan dostu</div> </div><div class="uitk-scrim fade-bottom"></div></div> </div><a href="https://tr.hotels.com/Hotel-Search?destination=T%C3%BCrkiye&amp;regionId=183&amp;latLong=39.920789%2C32.854048&amp;rooms=1&amp;adults=2&amp;startDate=2025-03-11&amp;d1=2025-03-11&amp;endDate=2025-03-13&amp;d2=2025-03-13&amp;amenities=PETS" class="uitk-card-link" tabindex="-1"><span class="is-visually-hidden">evcil hayvan dostu konaklama yerlerini arayın</span></a></div></div></div></div><div class="uitk-carousel-controls"><button data-stid="carousel-nav-prev" tabindex="-1" aria-hidden="true" aria-label="önceki konaklama yeri temalarını görüntüleyin" type="button" class="uitk-button uitk-button-medium uitk-button-only-icon uitk-carousel-button-paging uitk-carousel-button-paging-prev uitk-carousel-button-paging-hidden uitk-button-paging"><svg class="uitk-icon uitk-icon-leading uitk-icon-directional" aria-label="önceki konaklama yeri temalarını görüntüleyin" role="img" viewBox="0 0 24 24" xmlns="http://www.w3.org/2000/svg" xmlns:xlink="http://www.w3.org/1999/xlink"><title id="prev-button-title">önceki konaklama yeri temalarını görüntüleyin</title><path fill-rule="evenodd" d="m10.56 12 4.13-4.17c.41-.42.41-1.1 0-1.52a1.05 1.05 0 0 0-1.5 0l-4.88 4.93c-.41.42-.41 1.1 0 1.52l4.88 4.93a1.05 1.05 0 0 0 1.5 0 1.1 1.1 0 0 0 0-1.53L10.56 12z" clip-rule="evenodd"></path></svg></button><button data-stid="carousel-nav-next" aria-label="sonraki konaklama yeri temalarını görüntüleyin" aria-hidden="false" tabindex="0" type="button" class="uitk-button uitk-button-medium uitk-button-only-icon uitk-carousel-button-paging uitk-carousel-button-paging-next uitk-button-paging"><svg class="uitk-icon uitk-icon-leading uitk-icon-directional" aria-label="sonraki konaklama yeri temalarını görüntüleyin" role="img" viewBox="0 0 24 24" xmlns="http://www.w3.org/2000/svg" xmlns:xlink="http://www.w3.org/1999/xlink"><title id="next-button-title">sonraki konaklama yeri temalarını görüntüleyin</title><path fill-rule="evenodd" d="M13.44 12 9.3 7.82a1.08 1.08 0 0 1 0-1.52 1.05 1.05 0 0 1 1.5 0l4.88 4.93c.41.42.41 1.1 0 1.52l-4.88 4.93a1.05 1.05 0 0 1-1.5 0 1.1 1.1 0 0 1 0-1.53L13.44 12z" clip-rule="evenodd"></path></svg></button></div></div></div></div></div></div><div class="uitk-spacing bex-homepage-module SimpleContainer"><div class="uitk-spacing SpacingContainer uitk-spacing-padding-block-three uitk-spacing-padding-inline-three"><div class="lazyload-wrapper LazyLoadRegion"><div class="lazyload-placeholder"></div></div></div></div><div class="uitk-spacing bex-homepage-module SimpleContainer"><div class="uitk-spacing SpacingContainer uitk-spacing-padding-block-three uitk-spacing-padding-inline-three"><div data-testid="mojo"><div class="uitk-layout-grid uitk-layout-grid-has-auto-columns uitk-layout-grid-has-columns uitk-layout-grid-has-columns-by-medium uitk-layout-grid-has-columns-by-large uitk-layout-grid-has-columns-by-extra_large uitk-layout-grid-block-size-explicit_size uitk-layout-grid-display-grid" style="--uitk-layoutgrid-auto-columns:minmax(var(--uitk-layoutgrid-egds-size__0x), 1fr);--uitk-layoutgrid-columns:repeat(1, minmax(0, 1fr));--uitk-layoutgrid-columns-medium:repeat(1, minmax(0, 1fr));--uitk-layoutgrid-columns-large:repeat(1, minmax(0, 1fr));--uitk-layoutgrid-columns-extra_large:repeat(1, minmax(0, 1fr));--uitk-layoutgrid-block-size:100%"><div class="uitk-layout-grid-item uitk-layout-grid-item-has-column-start uitk-layout-grid-item-has-column-start-by-medium uitk-layout-grid-item-has-column-start-by-large uitk-layout-grid-item-has-column-start-by-extra_large" style="--uitk-layoutgrid-column-start:span 0;--uitk-layoutgrid-column-start-medium:span 0;--uitk-layoutgrid-column-start-large:span 1;--uitk-layoutgrid-column-start-extra_large:span 1"><div style="height:100%" class="uitk-card uitk-card-roundcorner-all uitk-card-has-primary-theme" data-testid="mojo-card"><div class="uitk-layout-position uitk-layout-position-relative uitk-layout-position-custom" style="height:100%;width:100%"> <div class="uitk-layout-position uitk-layout-position-relative uitk-layout-position-custom" style="height:100%;width:100%;--uitk-custom-top-position:0px;--uitk-custom-left-position:0px"><figure class="uitk-image uitk-image-fit-cover uitk-image-ratio-21-9 uitk-image-ratio"><div class="uitk-image-placeholder uitk-image-placeholder-image"><img alt="Üyeler, Üye Fiyatları sayesinde daha az ödeme yapar" class="uitk-image-media" src="https://forever.travel-assets.com/flex/flexmanager/mediaasset/711426-0_2-HCOM_MOD-V1-ROW-Desktop.jpg"></div></figure></div><div class="uitk-layout-position uitk-layout-position-top-center uitk-layout-position-absolute uitk-layout-position-custom" style="--uitk-custom-left-position:48px"><div class="uitk-layout-grid uitk-layout-grid-has-auto-columns uitk-layout-grid-has-columns uitk-layout-grid-has-columns-by-medium uitk-layout-grid-has-columns-by-large uitk-layout-grid-has-columns-by-extra_large uitk-layout-grid-block-size-explicit_size uitk-layout-grid-display-grid" style="--uitk-layoutgrid-auto-columns:minmax(var(--uitk-layoutgrid-egds-size__0x), 1fr);--uitk-layoutgrid-columns:repeat(0, minmax(0, 1fr));--uitk-layoutgrid-columns-medium:repeat(0, minmax(0, 1fr));--uitk-layoutgrid-columns-large:repeat(6, minmax(0, 1fr));--uitk-layoutgrid-columns-extra_large:repeat(6, minmax(0, 1fr));--uitk-layoutgrid-block-size:100%"><div class="uitk-layout-grid-item uitk-layout-grid-item-has-column-start uitk-layout-grid-item-has-column-start-by-medium uitk-layout-grid-item-has-column-start-by-large uitk-layout-grid-item-has-column-start-by-extra_large" style="--uitk-layoutgrid-column-start:span 0;--uitk-layoutgrid-column-start-medium:span 0;--uitk-layoutgrid-column-start-large:span 2;--uitk-layoutgrid-column-start-extra_large:span 2"><div><div style="height:100%"><div style="height:100%" class="uitk-card uitk-card-roundcorner-all uitk-card-has-primary-theme" data-testid="mojo-card"><div class="uitk-layout-grid uitk-layout-grid-has-auto-columns uitk-layout-grid-has-columns uitk-layout-grid-has-columns-by-medium uitk-layout-grid-has-columns-by-large uitk-layout-grid-has-columns-by-extra_large uitk-layout-grid-block-size-explicit_size uitk-layout-grid-display-grid" style="--uitk-layoutgrid-auto-columns:minmax(var(--uitk-layoutgrid-egds-size__0x), 1fr);--uitk-layoutgrid-columns:repeat(1, minmax(0, 1fr));--uitk-layoutgrid-columns-medium:repeat(2, minmax(0, 1fr));--uitk-layoutgrid-columns-large:repeat(2, minmax(0, 1fr));--uitk-layoutgrid-columns-extra_large:repeat(2, minmax(0, 1fr));--uitk-layoutgrid-block-size:100%"><div class="uitk-layout-grid-item uitk-layout-grid-item-align-self-center uitk-layout-grid-item-has-column-start uitk-layout-grid-item-has-column-start-by-medium uitk-layout-grid-item-has-column-start-by-large uitk-layout-grid-item-has-column-start-by-extra_large" style="--uitk-layoutgrid-column-start:span 1;--uitk-layoutgrid-column-start-medium:span 2;--uitk-layoutgrid-column-start-large:span 2;--uitk-layoutgrid-column-start-extra_large:span 2"><div style="height:100%" data-testid="mojo-spacing" class="uitk-spacing uitk-spacing-margin-inlinestart- uitk-spacing-margin-inlineend- uitk-spacing-margin-blockstart- uitk-spacing-margin-blockend- uitk-spacing-padding-inlinestart-six uitk-spacing-padding-inlineend-six uitk-spacing-padding-blockend-six uitk-spacing-padding-blockstart-six"><div class="uitk-layout-grid uitk-layout-grid-has-auto-columns uitk-layout-grid-has-columns uitk-layout-grid-has-columns-by-medium uitk-layout-grid-has-columns-by-large uitk-layout-grid-has-columns-by-extra_large uitk-layout-grid-has-space uitk-layout-grid-block-size-explicit_size uitk-layout-grid-display-grid" style="--uitk-layoutgrid-auto-columns:minmax(var(--uitk-layoutgrid-egds-size__0x), 1fr);--uitk-layoutgrid-columns:repeat(1, minmax(0, 1fr));--uitk-layoutgrid-columns-medium:repeat(1, minmax(0, 1fr));--uitk-layoutgrid-columns-large:repeat(1, minmax(0, 1fr));--uitk-layoutgrid-columns-extra_large:repeat(1, minmax(0, 1fr));--uitk-layoutgrid-column-gap:var(--uitk-layoutgrid-space-two);--uitk-layoutgrid-row-gap:var(--uitk-layoutgrid-space-two);--uitk-layoutgrid-block-size:100%"><div class="uitk-layout-grid-item uitk-layout-grid-item-has-column-start uitk-layout-grid-item-has-column-start-by-medium uitk-layout-grid-item-has-column-start-by-large uitk-layout-grid-item-has-column-start-by-extra_large" style="--uitk-layoutgrid-column-start:span 1;--uitk-layoutgrid-column-start-medium:span 1;--uitk-layoutgrid-column-start-large:span 1;--uitk-layoutgrid-column-start-extra_large:span 1"><h1 class="uitk-heading uitk-heading-3 truncate-lines-3 uitk-type-style-display-medium" type-style-theme="standard">Üyelere en iyi fiyat sunulur</h1></div><div class="uitk-layout-grid-item uitk-layout-grid-item-has-column-start uitk-layout-grid-item-has-column-start-by-medium uitk-layout-grid-item-has-column-start-by-large uitk-layout-grid-item-has-column-start-by-extra_large" style="--uitk-layoutgrid-column-start:span 1;--uitk-layoutgrid-column-start-medium:span 1;--uitk-layoutgrid-column-start-large:span 1;--uitk-layoutgrid-column-start-extra_large:span 1"><div style="height:100%" data-testid="mojo-spacing" class="uitk-spacing uitk-spacing-margin-inlinestart- uitk-spacing-margin-inlineend- uitk-spacing-margin-blockstart- uitk-spacing-margin-blockend- uitk-spacing-padding-inlinestart- uitk-spacing-padding-inlineend- uitk-spacing-padding-blockend- uitk-spacing-padding-blockstart-one"><div class="uitk-text uitk-type-300 uitk-text-default-theme" style="font-size:16px;text-align:left" data-testid="mojo-text">Hotels.com™ Rewards üyeleri, dünya çapında 100.000'i aşkın otelde en az %10 kazançtan faydalanır.</div></div></div><div class="uitk-layout-grid-item uitk-layout-grid-item-has-column-start uitk-layout-grid-item-has-column-start-by-medium uitk-layout-grid-item-has-column-start-by-large uitk-layout-grid-item-has-column-start-by-extra_large" style="--uitk-layoutgrid-column-start:span 0;--uitk-layoutgrid-column-start-medium:span 1;--uitk-layoutgrid-column-start-large:span 1;--uitk-layoutgrid-column-start-extra_large:span 1"><div style="height:100%" data-testid="mojo-spacing" class="uitk-spacing uitk-spacing-margin-inlinestart- uitk-spacing-margin-inlineend- uitk-spacing-margin-blockstart- uitk-spacing-margin-blockend- uitk-spacing-padding-inlinestart- uitk-spacing-padding-inlineend- uitk-spacing-padding-blockend- uitk-spacing-padding-blockstart-three"><a href="https://tr.hotels.com/lp/b/hotel-deals/member-deals?pos=HCOM_TR&amp;locale=tr_TR&amp;rffr=Campaign.HP.MegaHero" class="uitk-button uitk-button-large uitk-button-as-link uitk-button-primary uitk-button-has-text">Üye Fiyatlarına bakın</a></div></div></div></div></div></div></div></div></div></div></div></div> </div></div></div></div></div></div></div><div class="lazyload-wrapper LazyLoadRegion"><div class="lazyload-placeholder"></div></div><div class="uitk-spacing bex-homepage-module SimpleContainer"><div class="lazyload-wrapper LazyLoadRegion"><div class="lazyload-placeholder"></div></div></div><div class="lazyload-wrapper LazyLoadRegion"><div class="lazyload-placeholder"></div></div><div class="uitk-spacing SimpleContainer"><div id="single-card-marquee-1" data-testid="single-card-marquee"><div class="LazyLoad"></div></div></div><div class="uitk-spacing bex-homepage-module SimpleContainer"><div class="lazyload-wrapper LazyLoadRegion"><div class="lazyload-placeholder"></div></div></div><div class="uitk-spacing bex-homepage-module SimpleContainer"><div class="lazyload-wrapper LazyLoadRegion"><div class="lazyload-placeholder"></div></div></div><div class="uitk-spacing SimpleContainer ToggleContainer uitk-spacing-padding-block-three"><div class="uitk-card uitk-card-roundcorner-all uitk-card-has-primary-theme"><div class="CallToAction" tabindex="0" role="button" aria-expanded="false" data-testid="expando-toggle"><div class="uitk-card-content-section uitk-card-content-section-padded"><div class="uitk-layout-flex"><div class="uitk-text uitk-type-400 uitk-type-bold uitk-text-default-theme uitk-layout-flex-item uitk-layout-flex-item-flex-grow-1">Daha fazla otel keşfedin</div><div class="uitk-card-content-section uitk-layout-flex-item-align-self-center uitk-layout-flex-item uitk-layout-flex-item-flex-grow-0"><svg class="uitk-icon uitk-icon-small" aria-hidden="true" viewBox="0 0 24 24" xmlns="http://www.w3.org/2000/svg" xmlns:xlink="http://www.w3.org/1999/xlink"><path fill-rule="evenodd" d="M16.16 9.31 12 13.44 7.83 9.3a1.08 1.08 0 0 0-1.52 0 1.05 1.05 0 0 0 0 1.5l4.93 4.88c.42.41 1.1.41 1.52 0l4.93-4.88a1.05 1.05 0 0 0 0-1.5 1.1 1.1 0 0 0-1.53 0z" clip-rule="evenodd"></path></svg></div></div></div></div><div class="uitk-card-content-section uitk-card-content-section-padded-block-end uitk-card-content-section-padded-inline-start uitk-card-content-section-padded-inline-end is-hidden"><div class="uitk-spacing uitk-spacing-padding-blockend-one uitk-spacing-padding-inline-one"><div class="  SimpleContainer " role="region"><h2 class="uitk-heading uitk-heading-3 uitk-spacing is-visually-hidden">Daha fazla otel keşfedin</h2><div class="uitk-spacing SpacingContainer inlineSpacingContainerUnset uitk-spacing-padding-block-six uitk-spacing-padding-inline-unset"><div class="lazyload-wrapper "><div class="lazyload-placeholder"></div></div><div class="lazyload-wrapper "><div class="lazyload-placeholder"></div></div><div class="lazyload-wrapper "><div class="lazyload-placeholder"></div></div><div class="lazyload-wrapper "><div class="lazyload-placeholder"></div></div><div class="lazyload-wrapper "><div class="lazyload-placeholder"></div></div><div class="lazyload-wrapper "><div class="lazyload-placeholder"></div></div><div class="lazyload-wrapper "><div class="lazyload-placeholder"></div></div><div class="lazyload-wrapper "><div class="lazyload-placeholder"></div></div></div></div></div></div></div></div><div class="uitk-spacing SimpleContainer"><div id="partner-gallery-1" data-testid="partner-gallery"><div class="LazyLoad"></div></div></div><div class="uitk-spacing SimpleContainer"><div data-testid="click-to-claim-toast-1"></div></div></div><div class="lazyload-wrapper "><div class="lazyload-placeholder"></div></div></div></div><div class="TracingInfo is-hidden"><span id="DeviceId">18713dec-4f39-4264-b08c-955fc30f3efb</span><span id="TraceId">f2c13c1b-f4ae-46e4-8250-35bf78805d8d</span><span id="MessageId"></span></div></div></div><div data-stid="render-status--hydrated"></div></div><script>window.__PUBLIC_PATH__ = JSON.parse("\"https:\\u002F\\u002Fc.travel-assets.com\\u002Flotus-home-ui\\u002F\"");
window.__dctk__guid__ = JSON.parse("\"18713dec-4f39-4264-b08c-955fc30f3efb\"");
window.__PLUGIN_STATE__ = JSON.parse("{\"context\":{\"context\":{\"locale\":\"tr_TR\",\"currency\":\"TRY\",\"privacyTrackingState\":\"CAN_TRACK\",\"langId\":1055,\"localDateFormat\":\"d.MM.y\",\"deviceId\":\"18713dec-4f39-4264-b08c-955fc30f3efb\",\"site\":{\"domain\":\"tr.hotels.com\",\"brand\":\"hotels\",\"id\":300000028,\"tpid\":3115,\"eapid\":28,\"pointOfSaleId\":\"\",\"uiBrand\":\"hotels\",\"privacySellState\":\"CAN_SELL\",\"partnerAccountId\":\"906780cb-ebc9-4a9a-a3d7-f07a5c0a7071\",\"defaultCurrency\":\"TRY\"},\"user\":{\"duaid\":\"18713dec-4f39-4264-b08c-955fc30f3efb\",\"authState\":\"ANONYMOUS\"},\"deviceInformation\":{\"deviceOS\":\"Mac OS X\",\"deviceOSVersion\":\"10.15\",\"mobileBrowser\":\"Firefox\",\"brandName\":\"Firefox\",\"modelName\":\"135\",\"isTablet\":false,\"physicalScreenHeight\":175,\"physicalScreenWidth\":280,\"resolutionHeight\":800,\"resolutionWidth\":1280,\"isMobile\":false,\"deviceVersion\":\"10.15\",\"mobile\":false,\"tablet\":false,\"type\":\"DESKTOP\"},\"debugContext\":{\"abacusOverrides\":[]},\"analytics\":[{\"traceId\":\"f2c13c1b-f4ae-46e4-8250-35bf78805d8d\",\"adobeMappedData\":{\"ipaddress\":\"212.253.206.***\",\"server\":\"tr.hotels.com\",\"eVar76\":\"true|GDPR|set=false|yesSelected=false,true|CCPA|set=false|yesSelected=false\",\"eVar20\":\"true|GDPR|set=false|yesSelected=false,true|CCPA|set=false|yesSelected=false\",\"prop60\":\"320-491\",\"userAgent\":\"Mozilla\\u002F5.0 (Macintosh; Intel Mac OS X 10.15; rv:135.0) Gecko\\u002F20100101 Firefox\\u002F135.0\",\"resolution\":\"800x1280\",\"eVar70\":\"3115-28\",\"eVar80\":\"Mozilla\\u002F5.0 (Macintosh; Intel Mac OS X 10.15; rv:135.0) Gecko\\u002F20100101 Firefox\\u002F135.0\",\"pageURL\":\"http:\\u002F\\u002Ftr.hotels.com\\u002F\",\"prop10\":\"f2c13c1b-f4ae-46e4-8250-35bf78805d8d\",\"currencyCode\":\"TRY\",\"prop12\":\"18713dec-4f39-4264-b08c-955fc30f3efb\",\"eVar50\":\"web\",\"eVar61\":\"tr.hotels.com\"},\"creationTimestamp\":1740493307224,\"context\":{\"executeXdid\":true,\"tealiumAccountDetailsPWA\":{\"tealiumAccountName\":\"TEALIUM_OFF\",\"tealiumProfileName\":\"TEALIUM_OFF\"},\"beaconOffConfig\":{\"settings\":{\"sendToAdobeServerSide\":false,\"sendToS3\":false,\"adobeSuiteAccount\":\"expediaglobaluserdev\",\"adobeSuiteUrl\":\"http:\\u002F\\u002Fexpedia.112.2o7.net\\u002Fb\\u002Fss\\u002Fexpediaglobaluserdev\\u002F6\",\"sendToAdobeClientSide\":false},\"bucketing\":{\"bucketValue\":2,\"experimentId\":\"\",\"experimentInstance\":\"\"},\"error\":\"\",\"rulesMatched\":\"ALL_BEACON_OFF\"},\"tealiumAccountDetails\":{\"tealiumAccountName\":\"TEALIUM_OFF\",\"tealiumProfileName\":\"TEALIUM_OFF\"},\"entryPageView\":false,\"beaconEnabled\":true,\"newVisit\":false},\"tealiumUtagData\":{\"siteCountryCode\":\"TR\",\"tpid\":3115,\"pageInfo\":{\"currency\":\"TRY\",\"requestURL\":\"http:\\u002F\\u002Ftr.hotels.com\\u002F\",\"language\":\"tr\"},\"tc_vars\":{\"privacy_gdpr_consent\":true,\"identifiers_session_id\":\"fdf72321-d65a-3ce8-8a76-a7f71aa9c4e0\",\"point_of_sale_eg_pos_id\":\"Unknown\",\"language\":\"tr\",\"search_request_gaia_id\":\"Unknown\",\"point_of_sale_eg_brand_name\":\"hotels\",\"device_information_device_type\":\"DESKTOP\",\"identifiers_tpid\":3115,\"timestamps_received_at\":\"2025-02-25T14:21:47.220966355Z\",\"identifiers_site_id\":300000028,\"host\":\"tr.hotels.com\",\"point_of_sale\":\"Unknown\",\"is_native_app\":false,\"is_EU_POS\":true,\"default_domain\":\"tr.hotels.com\",\"point_of_sale_site_currency_code\":\"TRY\",\"privacy_ccpa_consent\":true,\"identifiers_device_user_agent_id\":\"18713dec-4f39-4264-b08c-955fc30f3efb\",\"isNativeOneCKO\":false,\"point_of_sale_locale\":\"TR\",\"identifiers_event_trace_id\":\"f2c13c1bf4ae46e4825035bf78805d8d\",\"marketing_same_session_marketing_code\":\"direct\",\"request_request_url\":\"http:\\u002F\\u002Ftr.hotels.com\\u002F\",\"environment\":\"prod\",\"line_of_business\":\"Unknown\",\"is_native_app_onecheckout\":false,\"domain\":\"Unknown\"},\"siteName\":\"tr.hotels.com\",\"language\":\"tr\",\"locale\":\"tr_TR\",\"Geo\":{\"country\":\"TR\",\"state\":\"35\",\"city\":\"IZMIR\",\"latitude\":38.4038,\"longitude\":27.1424},\"eapid\":28,\"context\":{\"traceId\":\"f2c13c1bf4ae46e4825035bf78805d8d\",\"site\":{\"companyCode\":\"10113\",\"tpid\":3115,\"eapid\":28,\"brandId\":\"hotels\",\"siteId\":300000028,\"siteName\":\"tr.hotels.com\",\"jurisdictionCode\":\"TUR\",\"managementUnitCode\":\"2230\",\"defaultCountry\":\"TR\"},\"privacyContext\":{\"optInPrivacySelection\":{\"isSet\":false,\"yesSelected\":false},\"dataProtectionGuideline\":\"GDPR\",\"canTrack\":true,\"canSell\":true},\"requestId\":\"f2c13c1b-f4ae-46e4-8250-35bf78805d8d\",\"hopScotchSessionId\":\"fdf72321-d65a-3ce8-8a76-a7f71aa9c4e0\",\"clientInfo\":{\"deviceCharacteristics\":{\"brandName\":\"Firefox\",\"deviceOs\":\"Mac OS X\",\"mobileBrowserVersion\":\"135\",\"resolutionHeight\":800,\"mobile\":false,\"deviceOsVersion\":\"10.15\",\"mobileBrowser\":\"Firefox\",\"physicalScreenHeight\":175,\"modelName\":\"135\",\"tablet\":false,\"resolutionWidth\":1280,\"wirelessDevice\":false,\"physicalScreenWidth\":280},\"os\":\"Mac OS X\",\"ipAddress\":\"212.253.206.***\",\"userAgent\":\"Mozilla\\u002F5.0 (Macintosh; Intel Mac OS X 10.15; rv:135.0) Gecko\\u002F20100101 Firefox\\u002F135.0\",\"ua\":\"Mozilla\\u002F5.0 (Macintosh; Intel Mac OS X 10.15; rv:135.0) Gecko\\u002F20100101 Firefox\\u002F135.0\",\"requestMadeByBot\":false,\"coords\":{\"country\":\"TR\",\"state\":\"35\",\"city\":\"IZMIR\",\"latitude\":38.4038,\"longitude\":27.1424}},\"sessionId\":\"fdf72321-d65a-3ce8-8a76-a7f71aa9c4e0\",\"user\":{\"guid\":\"18713dec-4f39-4264-b08c-955fc30f3efb\"}},\"siteId\":300000028,\"guid\":\"18713dec-4f39-4264-b08c-955fc30f3efb\",\"tc_context\":{\"tcContainerUrl\":\"https:\\u002F\\u002Fcdn.tagcommander.com\\u002F6035\\u002Ftc_hcom_prod.js\",\"enabled\":true},\"brand\":\"hotels\",\"currencyCode\":\"TRY\"},\"version\":\"9.1.5\",\"applicationName\":\"bex-api-metadata\"}],\"localeInfo\":{\"baseName\":\"tr_TR\",\"textDirection\":\"LTR\"},\"traceInfo\":{\"Trace-ID\":\"f2c13c1b-f4ae-46e4-8250-35bf78805d8d\"},\"userAgent\":\"Mozilla\\u002F5.0 (Macintosh; Intel Mac OS X 10.15; rv:135.0) Gecko\\u002F20100101 Firefox\\u002F135.0\",\"pageId\":\"Homepage,U,10\",\"viewModelResponse\":{\"flexContext\":{\"searchContext\":{\"lob\":\"home\",\"pageType\":\"Storefront-Homepage\",\"location\":null,\"origin\":null,\"destination\":null,\"originTrainStation\":null,\"destinationTrainStation\":null,\"flight\":null,\"airCarrier\":null,\"carSupplier\":null,\"carSupplierLocation\":null,\"carClass\":null,\"carClassType\":null,\"cruiseDeparturePort\":null,\"cruiseDestination\":null,\"cruiseLine\":null,\"cruiseShip\":null,\"cruiseTheme\":null,\"urlMappingId\":null,\"starRating\":null,\"affinity\":null,\"hotelBrand\":null,\"alternativeAccommodation\":null,\"amenityFilter\":null,\"packageFilters\":null,\"coordinates\":null,\"hotelSearch\":null,\"page\":0,\"preview\":false,\"contentPreviewDate\":null,\"mock\":false,\"cache\":true,\"refreshCache\":false,\"excludeBotTnls\":false,\"flightsSchedule\":null,\"fareCalendar\":null,\"dctkPageName\":null,\"sitemapPath\":null,\"campaignId\":null,\"propertyMetadata\":null,\"collectionId\":null,\"semStrategy\":null,\"overriddenUserAttributes\":[\"blossom\"],\"channelAttribution\":\"UNKNOWN\",\"urlContext\":null,\"rwgMultiCityOverrideUAT\":false,\"hotelPage\":0},\"siteContext\":{\"id\":300000028,\"topLevelId\":300000028,\"eapid\":28,\"tpid\":3115,\"pointOfSale\":\"HCOM_TR\",\"defaultCountry\":\"TR\",\"defaultDomain\":\"tr.hotels.com\",\"defaultLocale\":\"tr_TR\",\"resolvedLocale\":\"tr_TR\",\"resolvedLangId\":1055,\"baseBrand\":\"hotels\",\"brandId\":\"hotels\",\"bookingDetails\":{\"pointOfSale\":\"\",\"country\":\"\",\"brandId\":0,\"companyCode\":10113,\"operatingUnitId\":0,\"managementUnitCode\":2230,\"jurisdictionCode\":\"TUR\",\"active\":false},\"localizedFormats\":{\"calendar\":\"d MMMM EEE\",\"localizedYMD\":\"dd.mm.yyyy\",\"shortDateFormat\":\"d.MM.y\",\"mediumDateFormat\":\"d MMM\",\"longDateFormat\":\"d MMMM y\",\"fullDateFormat\":\"d MMMM EEE\",\"shortTimeFormat\":\"HH:mm\",\"mediumTimeFormat\":\"HH:mm:ss\",\"longTimeFormat\":\"HH:mm:ss z\",\"fullTimeFormat\":\"HH:mm:ss zzzz\",\"currencyFormat\":\"#,##0.00 TL\",\"roundedCurrencyFormat\":\"#,##0 TL\",\"negativeCurrencyFormat\":\"-#,##0 TL\",\"currencySymbol\":\"TL\",\"groupingSeparator\":\".\",\"decimalSeparator\":\",\",\"currencyCode\":\"TRY\"},\"currencyDetails\":{\"currencyConversionRequired\":false},\"gpid\":0,\"reportingId\":0,\"locale\":\"tr_TR\",\"langId\":1055,\"topLevelSiteId\":0,\"companyCode\":10113,\"managementUnitCode\":2230,\"jurisdictionCode\":\"TUR\",\"operatingUnitId\":0,\"brandNameForDisplay\":\"Hotels.com\",\"siteNameForDisplay\":\"Hotels.com\"},\"userContext\":{\"userType\":\"ANONYMOUS\",\"tuid\":-1,\"expUserId\":-1,\"deviceInformation\":{\"appPlatform\":\"web\",\"wirelessDevice\":false,\"mobile\":false,\"tablet\":false},\"marketingChannelType\":null,\"userLocation\":{\"latitude\":38.4038,\"longitude\":27.1424},\"requestId\":\"f2c13c1b-f4ae-46e4-8250-35bf78805d8d\",\"guid\":\"18713dec-4f39-4264-b08c-955fc30f3efb\",\"firstName\":null,\"lastName\":null,\"userAgent\":\"Mozilla\\u002F5.0 (Macintosh; Intel Mac OS X 10.15; rv:135.0) Gecko\\u002F20100101 Firefox\\u002F135.0\",\"userProfileAttributes\":{},\"bot\":false},\"experimentContext\":{\"experiments\":{\"Pre_OneKey_Announcement_With_Dates\":0,\"Cars_search_form_on_Hcom_Web\":0,\"Enable_Full_OTA_on_Hotels_for_Nordics_without_flights\":0,\"Bex_MeSo_FBC_on_Homepage_iOS_And_Android\":0,\"HCOM_HERO_IMAGE_BEHIND_SEARCH_FORM\":1,\"Home_Finish_Your_Booking_Web\":1,\"Pre_OneKey_Announcement\":0,\"Web_Unauth_OneKey_Traffic_Migration_To_EM_Home_Toggle\":0,\"eg_one_key_client\":0,\"CA_Bot_Traffic\":0,\"Hcom_Web_Black_Friday_1DL_Collection\":0,\"Merch_Tiles_Carousel_UI_BEX_HCOM_Web\":0,\"Web_Hotels_of_the_Year_Collection_on_Home\":0,\"Car_Rental_Destination_Supplier_URL_Migration\":0,\"California_Price_changes_Activities\":0,\"SPT_TGFH_Apartment_Redirection\":0,\"Enable_Full_OTA_on_Hotels_for_Nordics\":0,\"Black_Friday_throttle\":0,\"Web_Introduce_Average_Lodging_Price_on_Destination_Recommendation_Cards\":1,\"Managed_Banner_After_Wizard_Web_Toggle\":1,\"Pre_Announcement_OneIdentity_Surface_Powered_Banner_ROW\":0,\"MeSo_App_Home_Marquee_ad_position_test\":1,\"Display_Meso_Ad_Group_Region\":0,\"MeSo_Shared_UI_Marquee_on_Global_Storefront\":1,\"Slim_brand_non_US_Feature_Gate\":0},\"mabExperiments\":{}}},\"composition\":{\"templateId\":41877,\"templateName\":\"NEW-Hotelscom-Blossom-Homepage\",\"templateVersion\":137,\"title\":\"Hotels.com - Lüks Otellerden Uygun Fiyatlı Konaklama Birimlerine Kadar İndirimli Rezervasyon ve Satış\",\"pageHeading\":\"Nereye?\",\"pageSubHeadline\":null,\"meta\":{\"description\":\"Hotels.com | Hotels.com’dan rezervasyon yaparak uygun fiyatlı oteller bulun ve indirimlerden yararlanın. Otel fiyatlarını ve teklifleri karşılaştırın, oteller hakkındaki tarafsız yorumları okuyun.\"},\"href\":[],\"layout\":\"flow\",\"layoutProperties\":{\"fmId\":2816000,\"fmType\":\"LAYOUT\",\"id\":\"flow\"},\"page\":{\"regionList\":[{\"type\":\"Region\",\"name\":\"BexPaddingRegion\",\"id\":null,\"fmId\":3491276,\"fmTitleId\":null,\"model\":{\"fmId\":3491276,\"templateName\":\"NEW-Hotelscom-Blossom-Homepage\",\"fmType\":\"REGION\",\"name\":\"BexPaddingRegion\",\"width\":\"100\",\"scene\":\"\",\"brandModulePadding\":\"bex_padding\",\"empty\":false},\"modules\":[{\"type\":\"Region\",\"name\":\"HeroCardRegionV1\",\"id\":null,\"fmId\":3491274,\"fmTitleId\":null,\"model\":{\"backgroundImageRatio\":\"16-9\",\"experimentBucket\":1,\"backgroundImage\":\"https:\\u002F\\u002Fforever.travel-assets.com\\u002Fflex\\u002Fflexmanager\\u002Fimages\\u002F2025\\u002F01\\u002F28\\u002FPD2_00227_HCOM_ICA_DUBAI_BAB_AL_SHAMS_0771.jpg\",\"title\":\"Sizin için mükemmel yeri bulun™\",\"experimentType\":\"GUID\",\"scene\":\"\",\"empty\":false,\"view\":\"destination-hero-card\",\"fmId\":3491274,\"templateName\":\"NEW-Hotelscom-Blossom-Homepage\",\"fmType\":\"REGION\",\"name\":\"HeroCardRegionV1\",\"width\":\"100\",\"experimentName\":\"HCOM_HERO_IMAGE_BEHIND_SEARCH_FORM\"},\"modules\":[{\"type\":\"Module\",\"name\":\"lodging-search-form\",\"id\":\"lodging-search-form-1\",\"fmId\":3491275,\"fmTitleId\":null,\"model\":{\"fmId\":3491275,\"clientSideOnly\":\"true\",\"templateName\":\"NEW-Hotelscom-Blossom-Homepage\",\"fmType\":\"MODULE\",\"name\":\"lodging-search-form\",\"scene\":\"\"},\"groups\":null,\"children\":null,\"module\":true,\"experimentFailed\":false}],\"experimentFailed\":false,\"module\":false}],\"experimentFailed\":false,\"module\":false},{\"type\":\"Region\",\"name\":\"Popup Sheet Banners\",\"id\":null,\"fmId\":2816062,\"fmTitleId\":null,\"model\":{\"fmId\":2816062,\"templateName\":\"NEW-Hotelscom-Blossom-Homepage\",\"fmType\":\"REGION\",\"name\":\"Popup Sheet Banners\",\"width\":\"100\",\"scene\":\"\",\"empty\":false},\"modules\":[{\"type\":\"Module\",\"name\":\"customer-notifications\",\"id\":\"customer-notifications-1\",\"fmId\":2816063,\"fmTitleId\":null,\"model\":{\"fmId\":2816063,\"clientSideOnly\":\"true\",\"templateName\":\"NEW-Hotelscom-Blossom-Homepage\",\"fmType\":\"MODULE\",\"name\":\"customer-notifications\",\"location\":\"POPUP\",\"moduleTitleKey\":\"customer-notifications\",\"scene\":\"\"},\"groups\":null,\"children\":null,\"module\":true,\"experimentFailed\":false}],\"experimentFailed\":false,\"module\":false},{\"type\":\"Region\",\"name\":\"OneKeyOnboarding\",\"id\":null,\"fmId\":3144779,\"fmTitleId\":null,\"model\":{\"fmId\":3144779,\"templateName\":\"NEW-Hotelscom-Blossom-Homepage\",\"fmType\":\"REGION\",\"name\":\"OneKeyOnboarding\",\"width\":\"100\",\"scene\":\"\",\"brandModulePadding\":\"bex_padding\",\"empty\":false},\"modules\":[{\"type\":\"Module\",\"name\":\"one-key-onboarding\",\"id\":\"one-key-onboarding-1\",\"fmId\":3144780,\"fmTitleId\":null,\"model\":{\"fmId\":3144780,\"clientSideOnly\":\"true\",\"templateName\":\"NEW-Hotelscom-Blossom-Homepage\",\"fmType\":\"MODULE\",\"name\":\"one-key-onboarding\",\"scene\":\"\"},\"groups\":null,\"children\":null,\"module\":true,\"experimentFailed\":false}],\"experimentFailed\":false,\"module\":false},{\"type\":\"Region\",\"name\":\"After Wizard Banner Region\",\"id\":null,\"fmId\":3434432,\"fmTitleId\":null,\"model\":{\"fmId\":3434432,\"templateName\":\"NEW-Hotelscom-Blossom-Homepage\",\"fmType\":\"REGION\",\"name\":\"After Wizard Banner Region\",\"width\":\"100\",\"scene\":\"\",\"brandModulePadding\":\"bex_padding\",\"empty\":false},\"modules\":[{\"type\":\"Region\",\"name\":\"Managed Banner region\",\"id\":null,\"fmId\":3434421,\"fmTitleId\":null,\"model\":{\"spacingContainer\":\"four\",\"experimentBucket\":0,\"experimentType\":\"GUID\",\"scene\":\"\",\"empty\":false,\"view\":\"spacing-container\",\"fmId\":3434421,\"templateName\":\"NEW-Hotelscom-Blossom-Homepage\",\"fmType\":\"REGION\",\"name\":\"Managed Banner region\",\"width\":\"100\",\"hasBorder\":false,\"experimentName\":\"eg_one_key_client\"},\"modules\":[{\"type\":\"Region\",\"name\":\"Managed Banner Auth\",\"id\":null,\"fmId\":3434422,\"fmTitleId\":null,\"model\":{\"view\":\"auth-container\",\"fmId\":3434422,\"templateName\":\"NEW-Hotelscom-Blossom-Homepage\",\"experimentBucket\":1,\"fmType\":\"REGION\",\"name\":\"Managed Banner Auth\",\"width\":\"100\",\"authLevel\":\"ANONYMOUS\",\"experimentName\":\"Managed_Banner_After_Wizard_Web_Toggle\",\"experimentType\":\"GUID\",\"scene\":\"\",\"empty\":false},\"modules\":[{\"type\":\"Module\",\"name\":\"managed-banner-wrapper\",\"id\":\"managed-banner-wrapper-1\",\"fmId\":3434423,\"fmTitleId\":null,\"model\":{\"contentTopic\":\"signin-banner_after-wizard\",\"fmId\":3434423,\"clientSideOnly\":\"true\",\"templateName\":\"NEW-Hotelscom-Blossom-Homepage\",\"fmType\":\"MODULE\",\"name\":\"managed-banner-wrapper\",\"showBorder\":false,\"scene\":\"\"},\"groups\":null,\"children\":null,\"module\":true,\"experimentFailed\":false}],\"experimentFailed\":false,\"module\":false}],\"experimentFailed\":false,\"module\":false}],\"experimentFailed\":false,\"module\":false},{\"type\":\"Region\",\"name\":\"Main\",\"id\":null,\"fmId\":3335673,\"fmTitleId\":null,\"model\":{\"backgroundColor\":\"white\",\"fmId\":3335673,\"templateName\":\"NEW-Hotelscom-Blossom-Homepage\",\"fmType\":\"REGION\",\"name\":\"Main\",\"width\":\"100\",\"scene\":\"\",\"brandModulePadding\":\"bex_padding\",\"empty\":true},\"modules\":[],\"experimentFailed\":false,\"module\":false},{\"type\":\"Region\",\"name\":\"Auth Wrapper\",\"id\":null,\"fmId\":3128742,\"fmTitleId\":null,\"model\":{\"fmId\":3128742,\"templateName\":\"NEW-Hotelscom-Blossom-Homepage\",\"fmType\":\"REGION\",\"name\":\"Auth Wrapper\",\"width\":\"100\",\"authLevel\":\"AUTHENTICATED\",\"scene\":\"\",\"brandModulePadding\":\"bex_padding\",\"empty\":false},\"modules\":[{\"type\":\"Region\",\"name\":\"FinishYourBookingRegion\",\"id\":null,\"fmId\":3128740,\"fmTitleId\":null,\"model\":{\"view\":\"spacing-container\",\"fmId\":3128740,\"spacingContainer\":\"three\",\"templateName\":\"NEW-Hotelscom-Blossom-Homepage\",\"experimentBucket\":1,\"fmType\":\"REGION\",\"name\":\"FinishYourBookingRegion\",\"width\":\"100\",\"experimentName\":\"Home_Finish_Your_Booking_Web\",\"experimentType\":\"GUID\",\"scene\":\"\",\"empty\":false},\"modules\":[{\"type\":\"Module\",\"name\":\"finish-your-booking\",\"id\":\"finish-your-booking-1\",\"fmId\":3128741,\"fmTitleId\":null,\"model\":{\"fmId\":3128741,\"clientSideOnly\":\"true\",\"templateName\":\"NEW-Hotelscom-Blossom-Homepage\",\"fmType\":\"MODULE\",\"name\":\"finish-your-booking\",\"scene\":\"\"},\"groups\":null,\"children\":null,\"module\":true,\"experimentFailed\":false}],\"experimentFailed\":false,\"module\":false}],\"experimentFailed\":false,\"module\":false},{\"type\":\"Region\",\"name\":\"MAIN-Auth\",\"id\":null,\"fmId\":3208040,\"fmTitleId\":null,\"model\":{\"fmId\":3208040,\"templateName\":\"NEW-Hotelscom-Blossom-Homepage\",\"fmType\":\"REGION\",\"name\":\"MAIN-Auth\",\"width\":\"100\",\"authLevel\":\"AUTHENTICATED\",\"scene\":\"\",\"brandModulePadding\":\"bex_padding\",\"empty\":false},\"modules\":[{\"type\":\"Region\",\"name\":\"UpcomingTripAttach\",\"id\":null,\"fmId\":3208041,\"fmTitleId\":null,\"model\":{\"view\":\"spacing-container\",\"fmId\":3208041,\"spacingContainer\":\"four\",\"templateName\":\"NEW-Hotelscom-Blossom-Homepage\",\"fmType\":\"REGION\",\"name\":\"UpcomingTripAttach\",\"width\":\"100\",\"scene\":\"\",\"empty\":false},\"modules\":[{\"type\":\"Module\",\"name\":\"mojo\",\"id\":\"mojo-1\",\"fmId\":3208042,\"fmTitleId\":null,\"model\":{\"fmId\":3208042,\"clientSideOnly\":\"true\",\"placementId\":\"next-upcoming-and-trip-attach\",\"templateName\":\"NEW-Hotelscom-Blossom-Homepage\",\"fmType\":\"MODULE\",\"name\":\"mojo\",\"scene\":\"\"},\"groups\":null,\"children\":null,\"module\":true,\"experimentFailed\":false}],\"experimentFailed\":false,\"module\":false}],\"experimentFailed\":false,\"module\":false},{\"type\":\"Region\",\"name\":\"MAIN-Auth\",\"id\":null,\"fmId\":3389615,\"fmTitleId\":null,\"model\":{\"fmId\":3389615,\"templateName\":\"NEW-Hotelscom-Blossom-Homepage\",\"fmType\":\"REGION\",\"name\":\"MAIN-Auth\",\"width\":\"100\",\"authLevel\":\"AUTHENTICATED\",\"scene\":\"\",\"brandModulePadding\":\"bex_padding\",\"empty\":false},\"modules\":[{\"type\":\"Region\",\"name\":\"SavedBookedTrips\",\"id\":null,\"fmId\":3389616,\"fmTitleId\":null,\"model\":{\"view\":\"spacing-container\",\"fmId\":3389616,\"spacingContainer\":\"four\",\"templateName\":\"NEW-Hotelscom-Blossom-Homepage\",\"fmType\":\"REGION\",\"name\":\"SavedBookedTrips\",\"width\":\"100\",\"scene\":\"\",\"empty\":false},\"modules\":[{\"type\":\"Module\",\"name\":\"mojo\",\"id\":\"mojo-2\",\"fmId\":3389617,\"fmTitleId\":null,\"model\":{\"fmId\":3389617,\"clientSideOnly\":\"true\",\"placementId\":\"saved-trips\",\"templateName\":\"NEW-Hotelscom-Blossom-Homepage\",\"fmType\":\"MODULE\",\"name\":\"mojo\",\"scene\":\"\"},\"groups\":null,\"children\":null,\"module\":true,\"experimentFailed\":false}],\"experimentFailed\":false,\"module\":false}],\"experimentFailed\":false,\"module\":false},{\"type\":\"Region\",\"name\":\"RecentSearchesRegion\",\"id\":null,\"fmId\":2816064,\"fmTitleId\":null,\"model\":{\"fmId\":2816064,\"templateName\":\"NEW-Hotelscom-Blossom-Homepage\",\"fmType\":\"REGION\",\"name\":\"RecentSearchesRegion\",\"width\":\"100\",\"scene\":\"\",\"brandModulePadding\":\"bex_padding\",\"empty\":false},\"modules\":[{\"type\":\"Region\",\"name\":\"spacing container\",\"id\":null,\"fmId\":3235963,\"fmTitleId\":null,\"model\":{\"view\":\"spacing-container\",\"fmId\":3235963,\"spacingContainer\":\"four\",\"templateName\":\"NEW-Hotelscom-Blossom-Homepage\",\"fmType\":\"REGION\",\"name\":\"spacing container\",\"width\":\"100\",\"scene\":\"\",\"empty\":false},\"modules\":[{\"type\":\"Module\",\"name\":\"recent-searches\",\"id\":\"recent-searches-1\",\"fmId\":3235964,\"fmTitleId\":null,\"model\":{\"fmId\":3235964,\"clientSideOnly\":\"true\",\"templateName\":\"NEW-Hotelscom-Blossom-Homepage\",\"fmType\":\"MODULE\",\"name\":\"recent-searches\",\"scene\":\"\"},\"groups\":null,\"children\":null,\"module\":true,\"experimentFailed\":false}],\"experimentFailed\":false,\"module\":false}],\"experimentFailed\":false,\"module\":false},{\"type\":\"Region\",\"name\":\"RecentAcitivitiesAuthenticated\",\"id\":null,\"fmId\":3230601,\"fmTitleId\":null,\"model\":{\"view\":\"auth-container\",\"fmId\":3230601,\"templateName\":\"NEW-Hotelscom-Blossom-Homepage\",\"fmType\":\"REGION\",\"name\":\"RecentAcitivitiesAuthenticated\",\"width\":\"100\",\"authLevel\":\"AUTHENTICATED\",\"scene\":\"\",\"empty\":false},\"modules\":[{\"type\":\"Region\",\"name\":\"Recent Activities\",\"id\":null,\"fmId\":3230602,\"fmTitleId\":null,\"model\":{\"fmId\":3230602,\"templateName\":\"NEW-Hotelscom-Blossom-Homepage\",\"fmType\":\"REGION\",\"name\":\"Recent Activities\",\"width\":\"100\",\"scene\":\"\",\"brandModulePadding\":\"bex_padding\",\"empty\":false},\"modules\":[{\"type\":\"Region\",\"name\":\"spacing container\",\"id\":null,\"fmId\":3230603,\"fmTitleId\":null,\"model\":{\"view\":\"spacing-container\",\"fmId\":3230603,\"spacingContainer\":\"four\",\"templateName\":\"NEW-Hotelscom-Blossom-Homepage\",\"fmType\":\"REGION\",\"name\":\"spacing container\",\"width\":\"100\",\"scene\":\"\",\"empty\":false},\"modules\":[{\"type\":\"Module\",\"name\":\"recent-activities-module\",\"id\":\"recent-activities-module-1\",\"fmId\":3230604,\"fmTitleId\":null,\"model\":{\"fmId\":3230604,\"clientSideOnly\":\"true\",\"typeFilter\":[\"VIEWED_PRODUCTS\"],\"templateName\":\"NEW-Hotelscom-Blossom-Homepage\",\"fmType\":\"MODULE\",\"contentSize\":\"UBER_ABBREVIATED_RATING\",\"name\":\"recent-activities-module\",\"entity\":\"LODGING\",\"scene\":\"\"},\"groups\":null,\"children\":null,\"module\":true,\"experimentFailed\":false}],\"experimentFailed\":false,\"module\":false}],\"experimentFailed\":false,\"module\":false}],\"experimentFailed\":false,\"module\":false},{\"type\":\"Region\",\"name\":\"RecentAcitivitiesAnonymous\",\"id\":null,\"fmId\":3230605,\"fmTitleId\":null,\"model\":{\"view\":\"auth-container\",\"fmId\":3230605,\"templateName\":\"NEW-Hotelscom-Blossom-Homepage\",\"fmType\":\"REGION\",\"name\":\"RecentAcitivitiesAnonymous\",\"width\":\"100\",\"authLevel\":\"ANONYMOUS\",\"scene\":\"\",\"empty\":false},\"modules\":[{\"type\":\"Region\",\"name\":\"Recent Activities\",\"id\":null,\"fmId\":3230606,\"fmTitleId\":null,\"model\":{\"fmId\":3230606,\"templateName\":\"NEW-Hotelscom-Blossom-Homepage\",\"fmType\":\"REGION\",\"name\":\"Recent Activities\",\"width\":\"100\",\"scene\":\"\",\"brandModulePadding\":\"bex_padding\",\"empty\":false},\"modules\":[{\"type\":\"Region\",\"name\":\"spacing container\",\"id\":null,\"fmId\":3230607,\"fmTitleId\":null,\"model\":{\"view\":\"spacing-container\",\"fmId\":3230607,\"spacingContainer\":\"four\",\"templateName\":\"NEW-Hotelscom-Blossom-Homepage\",\"fmType\":\"REGION\",\"name\":\"spacing container\",\"width\":\"100\",\"scene\":\"\",\"empty\":false},\"modules\":[{\"type\":\"Module\",\"name\":\"recent-activities-module\",\"id\":\"recent-activities-module-2\",\"fmId\":3230608,\"fmTitleId\":null,\"model\":{\"fmId\":3230608,\"clientSideOnly\":\"true\",\"typeFilter\":[\"VIEWED_PRODUCTS\"],\"templateName\":\"NEW-Hotelscom-Blossom-Homepage\",\"fmType\":\"MODULE\",\"contentSize\":\"UBER_ABBREVIATED_RATING\",\"name\":\"recent-activities-module\",\"entity\":\"LODGING\",\"scene\":\"\"},\"groups\":null,\"children\":null,\"module\":true,\"experimentFailed\":false}],\"experimentFailed\":false,\"module\":false}],\"experimentFailed\":false,\"module\":false}],\"experimentFailed\":false,\"module\":false},{\"type\":\"Region\",\"name\":\"ValuePropositionBannerRegion\",\"id\":null,\"fmId\":3208049,\"fmTitleId\":null,\"model\":{\"fmId\":3208049,\"templateName\":\"NEW-Hotelscom-Blossom-Homepage\",\"experimentBucket\":0,\"fmType\":\"REGION\",\"name\":\"ValuePropositionBannerRegion\",\"width\":\"100\",\"experimentName\":\"Slim_brand_non_US_Feature_Gate\",\"experimentType\":\"GUID\",\"scene\":\"\",\"brandModulePadding\":\"bex_padding\",\"empty\":false},\"modules\":[{\"type\":\"Region\",\"name\":\"SpacingContainer\",\"id\":null,\"fmId\":3389618,\"fmTitleId\":null,\"model\":{\"view\":\"spacing-container\",\"fmId\":3389618,\"spacingContainer\":\"four\",\"templateName\":\"NEW-Hotelscom-Blossom-Homepage\",\"fmType\":\"REGION\",\"name\":\"SpacingContainer\",\"width\":\"100\",\"scene\":\"\",\"empty\":false},\"modules\":[{\"type\":\"Module\",\"name\":\"value-proposition-banner\",\"id\":\"value-proposition-banner-1\",\"fmId\":3389610,\"fmTitleId\":null,\"model\":{\"fmId\":3389610,\"clientSideOnly\":\"true\",\"templateName\":\"NEW-Hotelscom-Blossom-Homepage\",\"fmType\":\"MODULE\",\"name\":\"value-proposition-banner\",\"scene\":\"\"},\"groups\":null,\"children\":null,\"module\":true,\"experimentFailed\":false}],\"experimentFailed\":false,\"module\":false}],\"experimentFailed\":false,\"module\":false},{\"type\":\"Region\",\"name\":\"MAIN\",\"id\":null,\"fmId\":3208053,\"fmTitleId\":null,\"model\":{\"fmId\":3208053,\"templateName\":\"NEW-Hotelscom-Blossom-Homepage\",\"fmType\":\"REGION\",\"name\":\"MAIN\",\"width\":\"100\",\"scene\":\"\",\"brandModulePadding\":\"bex_padding\",\"empty\":false},\"modules\":[{\"type\":\"Region\",\"name\":\"Property Types\",\"id\":null,\"fmId\":3208054,\"fmTitleId\":null,\"model\":{\"view\":\"spacing-container\",\"fmId\":3208054,\"spacingContainer\":\"three\",\"templateName\":\"NEW-Hotelscom-Blossom-Homepage\",\"fmType\":\"REGION\",\"name\":\"Property Types\",\"width\":\"100\",\"scene\":\"\",\"empty\":false},\"modules\":[{\"type\":\"Module\",\"name\":\"property-types-carousel\",\"id\":\"property-types-carousel-1\",\"fmId\":3208055,\"fmTitleId\":null,\"model\":{\"fmId\":3208055,\"clientSideOnly\":\"true\",\"templateName\":\"NEW-Hotelscom-Blossom-Homepage\",\"fmType\":\"MODULE\",\"name\":\"property-types-carousel\",\"scene\":\"\"},\"groups\":null,\"children\":null,\"module\":true,\"experimentFailed\":false}],\"experimentFailed\":false,\"module\":false},{\"type\":\"Region\",\"name\":\"NonLazyLoad\",\"id\":null,\"fmId\":3484393,\"fmTitleId\":null,\"model\":{\"fmId\":3484393,\"templateName\":\"NEW-Hotelscom-Blossom-Homepage\",\"experimentBucket\":0,\"fmType\":\"REGION\",\"name\":\"NonLazyLoad\",\"width\":\"100\",\"experimentName\":\"Black_Friday_throttle\",\"experimentType\":\"GUID\",\"scene\":\"\",\"empty\":true},\"modules\":[],\"experimentFailed\":false,\"module\":false}],\"experimentFailed\":false,\"module\":false},{\"type\":\"Region\",\"name\":\"Property Recs\",\"id\":null,\"fmId\":3253750,\"fmTitleId\":null,\"model\":{\"fmId\":3253750,\"templateName\":\"NEW-Hotelscom-Blossom-Homepage\",\"fmType\":\"REGION\",\"name\":\"Property Recs\",\"width\":\"100\",\"scene\":\"\",\"brandModulePadding\":\"bex_padding\",\"empty\":false},\"modules\":[{\"type\":\"Region\",\"name\":\"spacing container\",\"id\":null,\"fmId\":3253751,\"fmTitleId\":null,\"model\":{\"view\":\"spacing-container\",\"fmId\":3253751,\"spacingContainer\":\"three\",\"templateName\":\"NEW-Hotelscom-Blossom-Homepage\",\"fmType\":\"REGION\",\"name\":\"spacing container\",\"width\":\"100\",\"scene\":\"\",\"empty\":false},\"modules\":[{\"type\":\"Region\",\"name\":\"lazy load\",\"id\":null,\"fmId\":3253739,\"fmTitleId\":null,\"model\":{\"view\":\"lazy-load\",\"fmId\":3253739,\"templateName\":\"NEW-Hotelscom-Blossom-Homepage\",\"fmType\":\"REGION\",\"name\":\"lazy load\",\"width\":\"100\",\"scene\":\"\",\"empty\":false},\"modules\":[{\"type\":\"Module\",\"name\":\"personalized-offers-recommendation\",\"id\":\"personalized-offers-recommendation-1\",\"fmId\":3253740,\"fmTitleId\":null,\"model\":{\"fmId\":3253740,\"clientSideOnly\":\"true\",\"templateName\":\"NEW-Hotelscom-Blossom-Homepage\",\"fmType\":\"MODULE\",\"name\":\"personalized-offers-recommendation\",\"scene\":\"\"},\"groups\":null,\"children\":null,\"module\":true,\"experimentFailed\":false}],\"experimentFailed\":false,\"module\":false}],\"experimentFailed\":false,\"module\":false}],\"experimentFailed\":false,\"module\":false},{\"type\":\"Region\",\"name\":\"Merch Hero\",\"id\":null,\"fmId\":3263851,\"fmTitleId\":null,\"model\":{\"fmId\":3263851,\"templateName\":\"NEW-Hotelscom-Blossom-Homepage\",\"experimentBucket\":0,\"fmType\":\"REGION\",\"name\":\"Merch Hero\",\"width\":\"100\",\"experimentName\":\"Black_Friday_throttle\",\"experimentType\":\"GUID\",\"scene\":\"\",\"brandModulePadding\":\"bex_padding\",\"empty\":false},\"modules\":[{\"type\":\"Region\",\"name\":\"Spacing Container\",\"id\":null,\"fmId\":3263852,\"fmTitleId\":null,\"model\":{\"view\":\"spacing-container\",\"fmId\":3263852,\"spacingContainer\":\"three\",\"templateName\":\"NEW-Hotelscom-Blossom-Homepage\",\"fmType\":\"REGION\",\"name\":\"Spacing Container\",\"width\":\"100\",\"scene\":\"\",\"empty\":false},\"modules\":[{\"type\":\"Module\",\"name\":\"mojo\",\"id\":\"mojo-3\",\"fmId\":3282240,\"fmTitleId\":null,\"model\":{\"fmId\":3282240,\"clientSideOnly\":\"true\",\"placementId\":\"home-merch-hero-1\",\"templateName\":\"NEW-Hotelscom-Blossom-Homepage\",\"fmType\":\"MODULE\",\"name\":\"mojo\",\"scene\":\"\"},\"groups\":null,\"children\":null,\"module\":true,\"experimentFailed\":false}],\"experimentFailed\":false,\"module\":false}],\"experimentFailed\":false,\"module\":false},{\"type\":\"Region\",\"name\":\"LazyLoad\",\"id\":null,\"fmId\":3312248,\"fmTitleId\":null,\"model\":{\"view\":\"lazy-load\",\"fmId\":3312248,\"templateName\":\"NEW-Hotelscom-Blossom-Homepage\",\"fmType\":\"REGION\",\"name\":\"LazyLoad\",\"width\":\"100\",\"scene\":\"\",\"empty\":false},\"modules\":[{\"type\":\"Region\",\"name\":\"Destination Recommendation\",\"id\":null,\"fmId\":3481915,\"fmTitleId\":null,\"model\":{\"fmId\":3481915,\"templateName\":\"NEW-Hotelscom-Blossom-Homepage\",\"experimentBucket\":1,\"fmType\":\"REGION\",\"name\":\"Destination Recommendation\",\"width\":\"100\",\"experimentName\":\"Web_Introduce_Average_Lodging_Price_on_Destination_Recommendation_Cards\",\"experimentType\":\"GUID\",\"scene\":\"\",\"brandModulePadding\":\"bex_padding\",\"empty\":false},\"modules\":[{\"type\":\"Region\",\"name\":\"Spacing container\",\"id\":null,\"fmId\":3481916,\"fmTitleId\":null,\"model\":{\"view\":\"spacing-container\",\"fmId\":3481916,\"spacingContainer\":\"three\",\"templateName\":\"NEW-Hotelscom-Blossom-Homepage\",\"fmType\":\"REGION\",\"name\":\"Spacing container\",\"width\":\"100\",\"scene\":\"\",\"empty\":false},\"modules\":[{\"type\":\"Module\",\"name\":\"retail-recommendation-personalized-module\",\"id\":\"retail-recommendation-personalized-module-1\",\"fmId\":3481917,\"fmTitleId\":null,\"model\":{\"fmId\":3481917,\"cardContentSize\":\"FOUNDATION\",\"clientSideOnly\":\"true\",\"legacyPriceLeftAlignment\":true,\"templateName\":\"NEW-Hotelscom-Blossom-Homepage\",\"containerType\":\"CAROUSEL\",\"isPillsView\":false,\"fmType\":\"MODULE\",\"name\":\"retail-recommendation-personalized-module\",\"skipSsr\":false,\"scene\":\"\",\"configurationIdentifier\":\"145\"},\"groups\":null,\"children\":null,\"module\":true,\"experimentFailed\":false}],\"experimentFailed\":false,\"module\":false}],\"experimentFailed\":false,\"module\":false}],\"experimentFailed\":false,\"module\":false},{\"type\":\"Region\",\"name\":\"Weekend Deals Collection\",\"id\":null,\"fmId\":3124058,\"fmTitleId\":null,\"model\":{\"fmId\":3124058,\"templateName\":\"NEW-Hotelscom-Blossom-Homepage\",\"fmType\":\"REGION\",\"name\":\"Weekend Deals Collection\",\"width\":\"100\",\"scene\":\"\",\"brandModulePadding\":\"bex_padding\",\"empty\":false},\"modules\":[{\"type\":\"Region\",\"name\":\"lazy load\",\"id\":null,\"fmId\":3124059,\"fmTitleId\":null,\"model\":{\"view\":\"lazy-load\",\"fmId\":3124059,\"templateName\":\"NEW-Hotelscom-Blossom-Homepage\",\"fmType\":\"REGION\",\"name\":\"lazy load\",\"width\":\"100\",\"scene\":\"\",\"empty\":false},\"modules\":[{\"type\":\"Region\",\"name\":\"spacing container\",\"id\":null,\"fmId\":3124060,\"fmTitleId\":null,\"model\":{\"view\":\"spacing-container\",\"fmId\":3124060,\"spacingContainer\":\"three\",\"templateName\":\"NEW-Hotelscom-Blossom-Homepage\",\"fmType\":\"REGION\",\"name\":\"spacing container\",\"width\":\"100\",\"scene\":\"\",\"empty\":false},\"modules\":[{\"type\":\"Module\",\"name\":\"collection-lodging-carousel\",\"id\":\"collection-lodging-carousel-1\",\"fmId\":3275679,\"fmTitleId\":null,\"model\":{\"collectionItemsMaxPageSize\":25,\"carouselView\":\"hero\",\"scrimHue\":25,\"hideCollectionTermsAndConditions\":false,\"hideCollectionCarouselCTA\":false,\"hideCollectionSummary\":false,\"scene\":\"\",\"scrimLightness\":21,\"hideCollectionHeaderTitle\":false,\"fmId\":3275679,\"cardContentSize\":\"FOUNDATION\",\"clientSideOnly\":\"true\",\"templateName\":\"NEW-Hotelscom-Blossom-Homepage\",\"hideCollectionHeaderDescription\":true,\"fmType\":\"MODULE\",\"name\":\"collection-lodging-carousel\",\"scrimSaturation\":36,\"hideCollectionHeaderSubtitle\":true,\"collectionID\":\"qRvKdMx\"},\"groups\":null,\"children\":null,\"module\":true,\"experimentFailed\":false}],\"experimentFailed\":false,\"module\":false}],\"experimentFailed\":false,\"module\":false}],\"experimentFailed\":false,\"module\":false},{\"type\":\"Region\",\"name\":\"LazyLoad\",\"id\":null,\"fmId\":3017408,\"fmTitleId\":null,\"model\":{\"view\":\"lazy-load\",\"fmId\":3017408,\"templateName\":\"NEW-Hotelscom-Blossom-Homepage\",\"fmType\":\"REGION\",\"name\":\"LazyLoad\",\"width\":\"100\",\"scene\":\"\",\"brandModulePadding\":\"bex_padding\",\"empty\":false},\"modules\":[{\"type\":\"Region\",\"name\":\"Reviews Carousel Components\",\"id\":null,\"fmId\":3017409,\"fmTitleId\":null,\"model\":{\"view\":\"spacing-container\",\"fmId\":3017409,\"spacingContainer\":\"three\",\"templateName\":\"NEW-Hotelscom-Blossom-Homepage\",\"fmType\":\"REGION\",\"name\":\"Reviews Carousel Components\",\"width\":\"100\",\"scene\":\"\",\"empty\":false},\"modules\":[{\"type\":\"Module\",\"name\":\"reviews-carousel-component\",\"id\":\"reviews-carousel-component-1\",\"fmId\":3017410,\"fmTitleId\":null,\"model\":{\"fmId\":3017410,\"clientSideOnly\":\"true\",\"templateName\":\"NEW-Hotelscom-Blossom-Homepage\",\"fmType\":\"MODULE\",\"name\":\"reviews-carousel-component\",\"scene\":\"\"},\"groups\":null,\"children\":null,\"module\":true,\"experimentFailed\":false}],\"experimentFailed\":false,\"module\":false}],\"experimentFailed\":false,\"module\":false},{\"type\":\"Region\",\"name\":\"SingleCardMarqueeContainer\",\"id\":null,\"fmId\":3334696,\"fmTitleId\":null,\"model\":{\"fmId\":3334696,\"templateName\":\"NEW-Hotelscom-Blossom-Homepage\",\"experimentBucket\":1,\"fmType\":\"REGION\",\"name\":\"SingleCardMarqueeContainer\",\"width\":\"100\",\"experimentName\":\"MeSo_App_Home_Marquee_ad_position_test\",\"experimentType\":\"GUID\",\"scene\":\"\",\"empty\":false},\"modules\":[{\"type\":\"Module\",\"name\":\"single-card-marquee\",\"id\":\"single-card-marquee-1\",\"fmId\":3334697,\"fmTitleId\":null,\"model\":{\"fmId\":3334697,\"clientSideOnly\":\"true\",\"templateName\":\"NEW-Hotelscom-Blossom-Homepage\",\"fmType\":\"MODULE\",\"name\":\"single-card-marquee\",\"variant\":\"server_side\",\"sci\":\"NMC1\",\"pageName\":\"Homepage\",\"scene\":\"\"},\"groups\":null,\"children\":null,\"module\":true,\"experimentFailed\":false}],\"experimentFailed\":false,\"module\":false},{\"type\":\"Region\",\"name\":\"Unique Collections\",\"id\":null,\"fmId\":3124062,\"fmTitleId\":null,\"model\":{\"fmId\":3124062,\"templateName\":\"NEW-Hotelscom-Blossom-Homepage\",\"fmType\":\"REGION\",\"name\":\"Unique Collections\",\"width\":\"100\",\"scene\":\"\",\"brandModulePadding\":\"bex_padding\",\"empty\":false},\"modules\":[{\"type\":\"Region\",\"name\":\"LazyLoad\",\"id\":null,\"fmId\":3124063,\"fmTitleId\":null,\"model\":{\"view\":\"lazy-load\",\"fmId\":3124063,\"templateName\":\"NEW-Hotelscom-Blossom-Homepage\",\"fmType\":\"REGION\",\"name\":\"LazyLoad\",\"width\":\"100\",\"scene\":\"\",\"empty\":false},\"modules\":[{\"type\":\"Region\",\"name\":\"Spacing\",\"id\":null,\"fmId\":3124064,\"fmTitleId\":null,\"model\":{\"view\":\"spacing-container\",\"fmId\":3124064,\"spacingContainer\":\"three\",\"templateName\":\"NEW-Hotelscom-Blossom-Homepage\",\"fmType\":\"REGION\",\"name\":\"Spacing\",\"width\":\"100\",\"scene\":\"\",\"empty\":false},\"modules\":[{\"type\":\"Module\",\"name\":\"collection-lodging-carousel\",\"id\":\"collection-lodging-carousel-2\",\"fmId\":3124065,\"fmTitleId\":null,\"model\":{\"collectionItemsMaxPageSize\":25,\"hideCollectionTermsAndConditions\":true,\"hideCollectionSummary\":false,\"scene\":\"\",\"hideCollectionHeaderTitle\":false,\"fmId\":3124065,\"cardContentSize\":\"FOUNDATION\",\"clientSideOnly\":\"true\",\"templateName\":\"NEW-Hotelscom-Blossom-Homepage\",\"hideCollectionHeaderDescription\":true,\"fmType\":\"MODULE\",\"name\":\"collection-lodging-carousel\",\"hideCollectionHeaderSubtitle\":true,\"collectionID\":\"AWtdEFB\"},\"groups\":null,\"children\":null,\"module\":true,\"experimentFailed\":false}],\"experimentFailed\":false,\"module\":false}],\"experimentFailed\":false,\"module\":false}],\"experimentFailed\":false,\"module\":false},{\"type\":\"Region\",\"name\":\"MerchTiles-ExperienceCard-Region\",\"id\":null,\"fmId\":3300092,\"fmTitleId\":null,\"model\":{\"fmId\":3300092,\"templateName\":\"NEW-Hotelscom-Blossom-Homepage\",\"selectedRules\":\"blossom\",\"fmType\":\"REGION\",\"desktopWidth\":\"100\",\"name\":\"MerchTiles-ExperienceCard-Region\",\"width\":\"100\",\"titleSize\":4,\"scene\":\"\",\"brandModulePadding\":\"bex_padding\",\"empty\":false},\"modules\":[{\"type\":\"Region\",\"name\":\"Lazy Load Region\",\"id\":null,\"fmId\":3300093,\"fmTitleId\":null,\"model\":{\"view\":\"lazy-load\",\"fmId\":3300093,\"templateName\":\"NEW-Hotelscom-Blossom-Homepage\",\"experimentBucket\":0,\"fmType\":\"REGION\",\"name\":\"Lazy Load Region\",\"width\":\"100\",\"experimentName\":\"Merch_Tiles_Carousel_UI_BEX_HCOM_Web\",\"experimentType\":\"GUID\",\"scene\":\"\",\"empty\":false},\"modules\":[{\"type\":\"Region\",\"name\":\"Merch Tiles Title\",\"id\":null,\"fmId\":3304476,\"fmTitleId\":null,\"model\":{\"fmId\":3304476,\"templateName\":\"NEW-Hotelscom-Blossom-Homepage\",\"fmType\":\"REGION\",\"name\":\"Merch Tiles Title\",\"width\":\"100\",\"scene\":\"\",\"empty\":false},\"modules\":[{\"type\":\"Module\",\"name\":\"editorial-text\",\"id\":\"editorial-text-1\",\"fmId\":3304477,\"fmTitleId\":null,\"model\":{\"contentTopic\":\"home.merchandising-tiles.title\",\"fmId\":3304477,\"clientSideOnly\":\"true\",\"templateName\":\"NEW-Hotelscom-Blossom-Homepage\",\"fmType\":\"MODULE\",\"name\":\"editorial-text\",\"style\":\"sub-header\",\"scene\":\"\"},\"groups\":null,\"children\":null,\"module\":true,\"experimentFailed\":false}],\"experimentFailed\":false,\"module\":false},{\"type\":\"Module\",\"name\":\"separator\",\"id\":\"separator-1\",\"fmId\":3300094,\"fmTitleId\":null,\"model\":{\"view\":\"simple\",\"fmId\":3300094,\"spacing\":\"six\",\"clientSideOnly\":\"true\",\"templateName\":\"NEW-Hotelscom-Blossom-Homepage\",\"fmType\":\"MODULE\",\"name\":\"separator\",\"hideHorizontalRuling\":true,\"scene\":\"\"},\"groups\":null,\"children\":null,\"module\":true,\"experimentFailed\":false},{\"type\":\"Region\",\"name\":\"Group3x\",\"id\":null,\"fmId\":3300095,\"fmTitleId\":null,\"model\":{\"fmId\":3300095,\"templateName\":\"NEW-Hotelscom-Blossom-Homepage\",\"fmType\":\"REGION\",\"name\":\"Group3x\",\"width\":\"100\",\"scene\":\"\",\"empty\":false},\"modules\":[{\"type\":\"Region\",\"name\":\"Tile\",\"id\":null,\"fmId\":3300096,\"fmTitleId\":null,\"model\":{\"view\":\"with-white-background\",\"fmId\":3300096,\"templateName\":\"NEW-Hotelscom-Blossom-Homepage\",\"fmType\":\"REGION\",\"name\":\"Tile\",\"width\":\"33\",\"tabletWidth\":\"33\",\"scene\":\"\",\"empty\":false},\"modules\":[{\"type\":\"Module\",\"name\":\"experience-card\",\"id\":\"experience-card-1\",\"fmId\":3300097,\"fmTitleId\":null,\"model\":{\"contentTopic\":\"home.merchandising-tiles.card-1\",\"fmId\":3300097,\"clientSideOnly\":\"true\",\"templateName\":\"NEW-Hotelscom-Blossom-Homepage\",\"fmType\":\"MODULE\",\"name\":\"experience-card\",\"style\":\"Eyebrow\",\"scene\":\"\"},\"groups\":null,\"children\":null,\"module\":true,\"experimentFailed\":false}],\"experimentFailed\":false,\"module\":false},{\"type\":\"Region\",\"name\":\"Tile\",\"id\":null,\"fmId\":3300098,\"fmTitleId\":null,\"model\":{\"view\":\"with-white-background\",\"fmId\":3300098,\"templateName\":\"NEW-Hotelscom-Blossom-Homepage\",\"fmType\":\"REGION\",\"name\":\"Tile\",\"width\":\"33\",\"tabletWidth\":\"33\",\"scene\":\"\",\"empty\":false},\"modules\":[{\"type\":\"Module\",\"name\":\"experience-card\",\"id\":\"experience-card-2\",\"fmId\":3300099,\"fmTitleId\":null,\"model\":{\"contentTopic\":\"home.merchandising-tiles.card-2\",\"fmId\":3300099,\"clientSideOnly\":\"true\",\"templateName\":\"NEW-Hotelscom-Blossom-Homepage\",\"fmType\":\"MODULE\",\"name\":\"experience-card\",\"style\":\"Eyebrow\",\"scene\":\"\"},\"groups\":null,\"children\":null,\"module\":true,\"experimentFailed\":false}],\"experimentFailed\":false,\"module\":false},{\"type\":\"Region\",\"name\":\"Tile\",\"id\":null,\"fmId\":3300100,\"fmTitleId\":null,\"model\":{\"view\":\"with-white-background\",\"fmId\":3300100,\"templateName\":\"NEW-Hotelscom-Blossom-Homepage\",\"fmType\":\"REGION\",\"name\":\"Tile\",\"width\":\"33\",\"tabletWidth\":\"33\",\"scene\":\"\",\"empty\":false},\"modules\":[{\"type\":\"Module\",\"name\":\"experience-card\",\"id\":\"experience-card-3\",\"fmId\":3300101,\"fmTitleId\":null,\"model\":{\"contentTopic\":\"home.merchandising-tiles.card-3\",\"fmId\":3300101,\"clientSideOnly\":\"true\",\"templateName\":\"NEW-Hotelscom-Blossom-Homepage\",\"fmType\":\"MODULE\",\"name\":\"experience-card\",\"style\":\"Eyebrow\",\"scene\":\"\"},\"groups\":null,\"children\":null,\"module\":true,\"experimentFailed\":false}],\"experimentFailed\":false,\"module\":false}],\"experimentFailed\":false,\"module\":false},{\"type\":\"Module\",\"name\":\"separator\",\"id\":\"separator-2\",\"fmId\":3300102,\"fmTitleId\":null,\"model\":{\"view\":\"simple\",\"fmId\":3300102,\"spacing\":\"six\",\"clientSideOnly\":\"true\",\"templateName\":\"NEW-Hotelscom-Blossom-Homepage\",\"fmType\":\"MODULE\",\"name\":\"separator\",\"hideHorizontalRuling\":true,\"scene\":\"\"},\"groups\":null,\"children\":null,\"module\":true,\"experimentFailed\":false}],\"experimentFailed\":false,\"module\":false}],\"experimentFailed\":false,\"module\":false},{\"type\":\"Region\",\"name\":\"Explore more hotels\",\"id\":null,\"fmId\":2882057,\"fmTitleId\":null,\"model\":{\"view\":\"toggle\",\"fmId\":2882057,\"templateName\":\"NEW-Hotelscom-Blossom-Homepage\",\"collapsed\":true,\"fmType\":\"REGION\",\"name\":\"Explore more hotels\",\"width\":\"100\",\"title\":\"Daha fazla otel keşfedin\",\"scene\":\"\",\"empty\":false},\"modules\":[{\"type\":\"Region\",\"name\":\"ExploreSpacing\",\"id\":null,\"fmId\":2882058,\"fmTitleId\":null,\"model\":{\"view\":\"spacing-container\",\"fmId\":2882058,\"templateName\":\"NEW-Hotelscom-Blossom-Homepage\",\"fmType\":\"REGION\",\"name\":\"ExploreSpacing\",\"width\":\"100\",\"hasNoInlineSpacing\":true,\"scene\":\"\",\"empty\":false},\"modules\":[{\"type\":\"Module\",\"name\":\"links\",\"id\":\"links-1\",\"fmId\":2882059,\"fmTitleId\":null,\"model\":{\"partialFailure\":false,\"pageNumber\":0,\"lgCarouselItems\":0,\"cityLevel\":false,\"containerInlinePadding\":\"unset\",\"toggle\":\"none\",\"boxType\":\"simple\",\"mdCarouselItems\":0,\"title\":\"En popüler yurt içi tatil noktaları\",\"dropDownArrowSize\":\"SMALL\",\"empty\":false,\"airCarrierType\":\"all\",\"totalLinksPerPage\":10,\"displayColumns\":\"2\",\"hideTitle\":false,\"cacheKey\":\"fctx[.site[300000028.tr_TR].sctx[home.Storefront-Homepage]]common[.tEn popüler yurt içi tatil noktaları.vnull]1128556217.p0exp[.eSPT_TGFH_Apartment_Redirection.b0]\",\"smCarouselItems\":0,\"withoutTitleSeparator\":false,\"totalLinkCount\":20,\"name\":\"links\",\"tokens\":{\"links.custom-content.totalCount\":\"20\"},\"links\":[{\"text\":\"Antalya Otelleri\",\"url\":\"https:\\u002F\\u002Ftr.hotels.com\\u002Fde1355047\\u002Fantalya-turkiye-otelleri\\u002F\"},{\"text\":\"İstanbul Otelleri\",\"url\":\"https:\\u002F\\u002Ftr.hotels.com\\u002Fde1341107\\u002Fistanbul-turkiye-otelleri\\u002F\"},{\"text\":\"Bodrum Otelleri\",\"url\":\"https:\\u002F\\u002Ftr.hotels.com\\u002Fde1336372\\u002Fbodrum-turkiye-otelleri\\u002F\"},{\"text\":\"Fethiye Otelleri\",\"url\":\"https:\\u002F\\u002Ftr.hotels.com\\u002Fde1635961\\u002Ffethiye-turkiye-otelleri\\u002F\"},{\"text\":\"Ankara Otelleri\",\"url\":\"https:\\u002F\\u002Ftr.hotels.com\\u002Fde1344642\\u002Fankara-turkiye-otelleri\\u002F\"},{\"text\":\"İzmir Otelleri\",\"url\":\"https:\\u002F\\u002Ftr.hotels.com\\u002Fde1342706\\u002Fizmir-turkiye-otelleri\\u002F\"},{\"text\":\"Alaçatı Otelleri\",\"url\":\"https:\\u002F\\u002Ftr.hotels.com\\u002Fde1797522\\u002Falacat-turkiye-otelleri\\u002F\"},{\"text\":\"Ayvalık Otelleri\",\"url\":\"https:\\u002F\\u002Ftr.hotels.com\\u002Fde1353857\\u002Fayval-k-turkiye-otelleri\\u002F\"},{\"text\":\"Akyaka Otelleri\",\"url\":\"https:\\u002F\\u002Ftr.hotels.com\\u002Fde1797245\\u002Fakyaka-turkiye-otelleri\\u002F\"},{\"text\":\"Çeşme Otelleri\",\"url\":\"https:\\u002F\\u002Ftr.hotels.com\\u002Fde1355468\\u002Fcesme-turkiye-otelleri\\u002F\"},{\"text\":\"Eskişehir Otelleri\",\"url\":\"https:\\u002F\\u002Ftr.hotels.com\\u002Fde1335913\\u002Feskisehir-turkiye-otelleri\\u002F\"},{\"text\":\"Bursa Otelleri\",\"url\":\"https:\\u002F\\u002Ftr.hotels.com\\u002Fde1336673\\u002Fbursa-turkiye-otelleri\\u002F\"},{\"text\":\"Kaş Otelleri\",\"url\":\"https:\\u002F\\u002Ftr.hotels.com\\u002Fde1636721\\u002Fkas-turkiye-otelleri\\u002F\"},{\"text\":\"Bozcaada Otelleri\",\"url\":\"https:\\u002F\\u002Ftr.hotels.com\\u002Fde1338733\\u002Fbozcaada-turkiye-otelleri\\u002F\"},{\"text\":\"Adana Otelleri\",\"url\":\"https:\\u002F\\u002Ftr.hotels.com\\u002Fde1351800\\u002Fadana-turkiye-otelleri\\u002F\"},{\"text\":\"Datça Otelleri\",\"url\":\"https:\\u002F\\u002Ftr.hotels.com\\u002Fde1337095\\u002Fdatca-turkiye-otelleri\\u002F\"},{\"text\":\"Çanakkale Otelleri\",\"url\":\"https:\\u002F\\u002Ftr.hotels.com\\u002Fde1709304\\u002Fcanakkale-ve-civar-turkiye-otelleri\\u002F\"},{\"text\":\"Mardin Otelleri\",\"url\":\"https:\\u002F\\u002Ftr.hotels.com\\u002Fde1345050\\u002Fmardin-turkiye-otelleri\\u002F\"},{\"text\":\"Gaziantep Otelleri\",\"url\":\"https:\\u002F\\u002Ftr.hotels.com\\u002Fde1342180\\u002Fgaziantep-turkiye-otelleri\\u002F\"},{\"text\":\"Amasya Otelleri\",\"url\":\"https:\\u002F\\u002Ftr.hotels.com\\u002Fde1331445\\u002Famasya-turkiye-otelleri\\u002F\"}],\"style\":\"default\",\"strategy\":\"custom-content\"},\"groups\":null,\"children\":null,\"module\":true,\"experimentFailed\":false},{\"type\":\"Module\",\"name\":\"links\",\"id\":\"links-2\",\"fmId\":2882060,\"fmTitleId\":null,\"model\":{\"partialFailure\":false,\"pageNumber\":0,\"lgCarouselItems\":0,\"cityLevel\":false,\"containerInlinePadding\":\"unset\",\"toggle\":\"none\",\"boxType\":\"simple\",\"mdCarouselItems\":0,\"title\":\"En popüler uluslararası tatil noktaları\",\"dropDownArrowSize\":\"SMALL\",\"empty\":false,\"airCarrierType\":\"all\",\"totalLinksPerPage\":10,\"displayColumns\":\"2\",\"hideTitle\":false,\"cacheKey\":\"fctx[.site[300000028.tr_TR].sctx[home.Storefront-Homepage]]common[.tEn popüler uluslararası tatil noktaları.vnull]666538900.p0exp[.eSPT_TGFH_Apartment_Redirection.b0]\",\"smCarouselItems\":0,\"withoutTitleSeparator\":false,\"totalLinkCount\":12,\"name\":\"links\",\"tokens\":{\"links.custom-content.totalCount\":\"12\"},\"links\":[{\"text\":\"Paris Otelleri\",\"url\":\"https:\\u002F\\u002Ftr.hotels.com\\u002Fde504261\\u002Fparis-fransa-otelleri\\u002F\"},{\"text\":\"Amsterdam Otelleri\",\"url\":\"https:\\u002F\\u002Ftr.hotels.com\\u002Fde934558\\u002Famsterdam-hollanda-otelleri\\u002F\"},{\"text\":\"Belgrad Otelleri\",\"url\":\"https:\\u002F\\u002Ftr.hotels.com\\u002Fde1605942\\u002Fbelgrad-s-rbistan-otelleri\\u002F\"},{\"text\":\"Dedeağaç Otelleri\",\"url\":\"https:\\u002F\\u002Ftr.hotels.com\\u002Fde595823\\u002Fdedeagac-yunanistan-otelleri\\u002F\"},{\"text\":\"Batumi Otelleri\",\"url\":\"https:\\u002F\\u002Ftr.hotels.com\\u002Fde1644171\\u002Fbatumi-gurcistan-otelleri\\u002F\"},{\"text\":\"Roma Otelleri\",\"url\":\"https:\\u002F\\u002Ftr.hotels.com\\u002Fde712491\\u002Froma-italya-otelleri\\u002F\"},{\"text\":\"Viyana Otelleri\",\"url\":\"https:\\u002F\\u002Ftr.hotels.com\\u002Fde39254\\u002Fviyana-avusturya-otelleri\\u002F\"},{\"text\":\"Atina Otelleri\",\"url\":\"https:\\u002F\\u002Ftr.hotels.com\\u002Fde593632\\u002Fatina-yunanistan-otelleri\\u002F\"},{\"text\":\"Berlin Otelleri\",\"url\":\"https:\\u002F\\u002Ftr.hotels.com\\u002Fde332483\\u002Fberlin-almanya-otelleri\\u002F\"},{\"text\":\"Münih Otelleri\",\"url\":\"https:\\u002F\\u002Ftr.hotels.com\\u002Fde384011\\u002Fmunih-almanya-otelleri\\u002F\"},{\"text\":\"Minsk Otelleri\",\"url\":\"https:\\u002F\\u002Ftr.hotels.com\\u002Fde118894\\u002Fminsk-beyaz-rusya-otelleri\\u002F\"},{\"text\":\"Barselona Otelleri\",\"url\":\"https:\\u002F\\u002Ftr.hotels.com\\u002Fde444495\\u002Fbarselona-ispanya-otelleri\\u002F\"}],\"style\":\"default\",\"strategy\":\"custom-content\"},\"groups\":null,\"children\":null,\"module\":true,\"experimentFailed\":false},{\"type\":\"Module\",\"name\":\"links\",\"id\":\"links-3\",\"fmId\":2882061,\"fmTitleId\":null,\"model\":{\"partialFailure\":false,\"pageNumber\":0,\"lgCarouselItems\":0,\"cityLevel\":false,\"containerInlinePadding\":\"unset\",\"toggle\":\"none\",\"boxType\":\"simple\",\"mdCarouselItems\":0,\"title\":\"En popüler ucuz tatil noktaları\",\"dropDownArrowSize\":\"SMALL\",\"empty\":false,\"airCarrierType\":\"all\",\"totalLinksPerPage\":10,\"displayColumns\":\"2\",\"hideTitle\":false,\"cacheKey\":\"fctx[.site[300000028.tr_TR].sctx[home.Storefront-Homepage]]common[.tEn popüler ucuz tatil noktaları.vnull]204521583.p0exp[.eSPT_TGFH_Apartment_Redirection.b0]\",\"smCarouselItems\":0,\"withoutTitleSeparator\":false,\"totalLinkCount\":12,\"name\":\"links\",\"tokens\":{\"links.custom-content.totalCount\":\"12\"},\"links\":[{\"text\":\"Ucuz Antalya otelleri\",\"url\":\"https:\\u002F\\u002Ftr.hotels.com\\u002Fde1355047-qu0\\u002Fantalya-turkiye-ekonomik-oteller\\u002F\"},{\"text\":\"Ucuz İstanbul otelleri\",\"url\":\"https:\\u002F\\u002Ftr.hotels.com\\u002Fde1341107-qu0\\u002Fistanbul-turkiye-ekonomik-oteller\\u002F\"},{\"text\":\"Ucuz Bodrum otelleri\",\"url\":\"https:\\u002F\\u002Ftr.hotels.com\\u002Fde1336372-qu0\\u002Fbodrum-turkiye-ekonomik-oteller\\u002F\"},{\"text\":\"Ucuz Fethiye otelleri\",\"url\":\"https:\\u002F\\u002Ftr.hotels.com\\u002Fde1635961-qu0\\u002Ffethiye-turkiye-ekonomik-oteller\\u002F\"},{\"text\":\"Ucuz Ankara otelleri\",\"url\":\"https:\\u002F\\u002Ftr.hotels.com\\u002Fde1344642-qu0\\u002Fankara-turkiye-ekonomik-oteller\\u002F\"},{\"text\":\"Ucuz İzmir otelleri\",\"url\":\"https:\\u002F\\u002Ftr.hotels.com\\u002Fde1342706-qu0\\u002Fizmir-turkiye-ekonomik-oteller\\u002F\"},{\"text\":\"Ucuz Marmaris otelleri\",\"url\":\"https:\\u002F\\u002Ftr.hotels.com\\u002Fde1641547-qu0\\u002Fmarmaris-ve-civar-turkiye-ekonomik-oteller\\u002F\"},{\"text\":\"Ucuz Paris otelleri\",\"url\":\"https:\\u002F\\u002Ftr.hotels.com\\u002Fde504261-qu0\\u002Fparis-fransa-ekonomik-oteller\\u002F\"},{\"text\":\"Ucuz Amsterdam otelleri\",\"url\":\"https:\\u002F\\u002Ftr.hotels.com\\u002Fde934558-qu0\\u002Famsterdam-hollanda-ekonomik-oteller\\u002F\"},{\"text\":\"Ucuz Berlin otelleri\",\"url\":\"https:\\u002F\\u002Ftr.hotels.com\\u002Fde332483-qu0\\u002Fberlin-almanya-ekonomik-oteller\\u002F\"},{\"text\":\"Ucuz Münih otelleri\",\"url\":\"https:\\u002F\\u002Ftr.hotels.com\\u002Fde384011-qu0\\u002Fmunih-almanya-ekonomik-oteller\\u002F\"},{\"text\":\"Ucuz Londra otelleri\",\"url\":\"https:\\u002F\\u002Ftr.hotels.com\\u002Fde549499-qu0\\u002Flondra-birlesik-krall-k-ekonomik-oteller\\u002F\"}],\"style\":\"default\",\"strategy\":\"custom-content\"},\"groups\":null,\"children\":null,\"module\":true,\"experimentFailed\":false},{\"type\":\"Module\",\"name\":\"links\",\"id\":\"links-4\",\"fmId\":2882062,\"fmTitleId\":null,\"model\":{\"partialFailure\":false,\"pageNumber\":0,\"lgCarouselItems\":0,\"cityLevel\":false,\"containerInlinePadding\":\"unset\",\"toggle\":\"none\",\"boxType\":\"simple\",\"mdCarouselItems\":0,\"title\":\"En popüler görülecek yerler\",\"dropDownArrowSize\":\"SMALL\",\"empty\":false,\"airCarrierType\":\"all\",\"totalLinksPerPage\":10,\"displayColumns\":\"2\",\"hideTitle\":false,\"cacheKey\":\"fctx[.site[300000028.tr_TR].sctx[home.Storefront-Homepage]]common[.tEn popüler görülecek yerler.vnull]-257495734.p0exp[.eSPT_TGFH_Apartment_Redirection.b0]\",\"smCarouselItems\":0,\"withoutTitleSeparator\":false,\"totalLinkCount\":5,\"name\":\"links\",\"tokens\":{\"links.custom-content.totalCount\":\"5\"},\"links\":[{\"text\":\"Kadıköy Şükrü Saraçoğlu Stadyumu otelleri\",\"url\":\"https:\\u002F\\u002Ftr.hotels.com\\u002Fde1647564\\u002Fsukru-saracoglu-stadyumu-istanbul-turkiye-yakinindaki-oteller\\u002F\"},{\"text\":\"Sarıyer Türk Telekom Arena otelleri\",\"url\":\"https:\\u002F\\u002Ftr.hotels.com\\u002Fde1703441\\u002Fturk-telekom-arena-sar-yer-turkiye-yakinindaki-oteller\\u002F\"},{\"text\":\"Başakşehir Atatürk Olimpiyat Stadı otelleri\",\"url\":\"https:\\u002F\\u002Ftr.hotels.com\\u002Fde1647527\\u002Fataturk-olimpiyat-stad-istanbul-turkiye-yakinindaki-oteller\\u002F\"},{\"text\":\"İstanbul Havaalanı (IST) Otelleri\",\"url\":\"https:\\u002F\\u002Ftr.hotels.com\\u002Fde11419475\\u002Fistanbul-ist-arnavutkoy-turkiye-yakinindaki-oteller\\u002F\"},{\"text\":\"İstanbul Kent Merkezi Sirkeci İstasyonu otelleri\",\"url\":\"https:\\u002F\\u002Ftr.hotels.com\\u002Fde1712377\\u002Fsirkeci-istasyonu-istanbul-turkiye-yakinindaki-oteller\\u002F\"}],\"style\":\"default\",\"strategy\":\"custom-content\"},\"groups\":null,\"children\":null,\"module\":true,\"experimentFailed\":false},{\"type\":\"Module\",\"name\":\"links\",\"id\":\"links-5\",\"fmId\":2882063,\"fmTitleId\":null,\"model\":{\"partialFailure\":false,\"pageNumber\":0,\"lgCarouselItems\":0,\"cityLevel\":false,\"containerInlinePadding\":\"unset\",\"toggle\":\"none\",\"boxType\":\"simple\",\"mdCarouselItems\":0,\"title\":\"En popüler tatil noktalarındaki otel temaları\",\"dropDownArrowSize\":\"SMALL\",\"empty\":false,\"airCarrierType\":\"all\",\"totalLinksPerPage\":10,\"displayColumns\":\"2\",\"hideTitle\":false,\"cacheKey\":\"fctx[.site[300000028.tr_TR].sctx[home.Storefront-Homepage]]common[.tEn popüler tatil noktalarındaki otel temaları.vnull]-719513051.p0exp[.eSPT_TGFH_Apartment_Redirection.b0]\",\"smCarouselItems\":0,\"withoutTitleSeparator\":false,\"totalLinkCount\":12,\"name\":\"links\",\"tokens\":{\"links.custom-content.totalCount\":\"12\"},\"links\":[{\"text\":\"Lüks Oteller\",\"url\":\"https:\\u002F\\u002Ftr.hotels.com\\u002Fco10233176-qu4\\u002Fturkiye-luks-oteller\\u002F\"},{\"text\":\"Spalı Resortlar ve Oteller\",\"url\":\"https:\\u002F\\u002Ftr.hotels.com\\u002Fco10233176-ty4\\u002Fturkiye-spa-oteli-oteller\\u002F\"},{\"text\":\"Otoparklı Oteller\",\"url\":\"https:\\u002F\\u002Ftr.hotels.com\\u002Fco10233176-am16384\\u002Fturkiye-otopark-var-oteller\\u002F\"},{\"text\":\"Aile Otelleri\",\"url\":\"https:\\u002F\\u002Ftr.hotels.com\\u002Fco10233176-ty2\\u002Fturkiye-aile-dostu-oteller\\u002F\"},{\"text\":\"Ücretsiz Kahvaltısı Olan Oteller\",\"url\":\"https:\\u002F\\u002Ftr.hotels.com\\u002Fco10233176-am2048\\u002Fturkiye-kahvalt-dahil-oteller\\u002F\"},{\"text\":\"Havuzlu Oteller\",\"url\":\"https:\\u002F\\u002Ftr.hotels.com\\u002Fco10233176-am128\\u002Fturkiye-havuz-oteller\\u002F\"},{\"text\":\"Plaj Otelleri\",\"url\":\"https:\\u002F\\u002Ftr.hotels.com\\u002Fco10233176-th6\\u002Fturkiye-plaj-oteller\\u002F\"},{\"text\":\"Spor Salonlu Oteller\",\"url\":\"https:\\u002F\\u002Ftr.hotels.com\\u002Fco10233176-am2\\u002Fturkiye-spor-salonu-oteller\\u002F\"},{\"text\":\"Golf Otelleri\",\"url\":\"https:\\u002F\\u002Ftr.hotels.com\\u002Fco10233176-ty3\\u002Fturkiye-golf-oteller\\u002F\"},{\"text\":\"Evcil Hayvan Dostu Oteller\",\"url\":\"https:\\u002F\\u002Ftr.hotels.com\\u002Fco10233176-am64\\u002Fturkiye-evcil-hayvanlar-icin-uygun-oteller\\u002F\"},{\"text\":\"Her Şey Dâhil Oteller\",\"url\":\"https:\\u002F\\u002Ftr.hotels.com\\u002Fco10233176-at6\\u002Fturkiye-her-sey-dahil-oteller\\u002F\"},{\"text\":\"İş Otelleri\",\"url\":\"https:\\u002F\\u002Ftr.hotels.com\\u002Fco10233176-th14\\u002Fturkiye-is-seyahati-oteller\\u002F\"}],\"style\":\"default\",\"strategy\":\"custom-content\"},\"groups\":null,\"children\":null,\"module\":true,\"experimentFailed\":false},{\"type\":\"Module\",\"name\":\"links\",\"id\":\"links-6\",\"fmId\":2882064,\"fmTitleId\":null,\"model\":{\"partialFailure\":false,\"pageNumber\":0,\"lgCarouselItems\":0,\"cityLevel\":false,\"containerInlinePadding\":\"unset\",\"toggle\":\"none\",\"boxType\":\"simple\",\"mdCarouselItems\":0,\"title\":\"Otel harici yerler\",\"dropDownArrowSize\":\"SMALL\",\"empty\":false,\"airCarrierType\":\"all\",\"totalLinksPerPage\":10,\"displayColumns\":\"2\",\"hideTitle\":false,\"cacheKey\":\"fctx[.site[300000028.tr_TR].sctx[home.Storefront-Homepage]]common[.tOtel harici yerler.vnull]-1181530368.p0exp[.eSPT_TGFH_Apartment_Redirection.b0]\",\"smCarouselItems\":0,\"withoutTitleSeparator\":false,\"totalLinkCount\":9,\"name\":\"links\",\"tokens\":{\"links.custom-content.totalCount\":\"9\"},\"links\":[{\"text\":\"Apart Daireler\",\"url\":\"https:\\u002F\\u002Ftr.hotels.com\\u002Fco10233176-at15\\u002Fturkiye-apart-daireler-oteller\\u002F\"},{\"text\":\"Villalar\",\"url\":\"https:\\u002F\\u002Ftr.hotels.com\\u002Fco10233176-at14\\u002Fturkiye-villalar-oteller\\u002F\"},{\"text\":\"Apart Oteller\",\"url\":\"https:\\u002F\\u002Ftr.hotels.com\\u002Fco10233176-at20\\u002Fturkiye-apart-otel-oteller\\u002F\"},{\"text\":\"Oda Kahvaltı Otelleri\",\"url\":\"https:\\u002F\\u002Ftr.hotels.com\\u002Fco10233176-at5\\u002Fturkiye-oda-kahvalt-oteller\\u002F\"},{\"text\":\"Pansiyon Oteller\",\"url\":\"https:\\u002F\\u002Ftr.hotels.com\\u002Fco10233176-at30\\u002Fturkiye-pansiyonlar-oteller\\u002F\"},{\"text\":\"Pansiyonlar\",\"url\":\"https:\\u002F\\u002Ftr.hotels.com\\u002Fco10233176-at25\\u002Fturkiye-pansiyonlar-oteller\\u002F\"},{\"text\":\"Hosteller\",\"url\":\"https:\\u002F\\u002Ftr.hotels.com\\u002Fco10233176-at12\\u002Fturkiye-hosteller-oteller\\u002F\"},{\"text\":\"Tatil Köyleri\",\"url\":\"https:\\u002F\\u002Ftr.hotels.com\\u002Fco10233176-at3\\u002Fturkiye-tatil-koyleri-oteller\\u002F\"},{\"text\":\"Küçük Oteller\",\"url\":\"https:\\u002F\\u002Ftr.hotels.com\\u002Fco10233176-at8\\u002Fturkiye-kucuk-oteller-oteller\\u002F\"}],\"style\":\"default\",\"strategy\":\"custom-content\"},\"groups\":null,\"children\":null,\"module\":true,\"experimentFailed\":false},{\"type\":\"Module\",\"name\":\"links\",\"id\":\"links-7\",\"fmId\":2882065,\"fmTitleId\":null,\"model\":{\"partialFailure\":false,\"pageNumber\":0,\"lgCarouselItems\":0,\"cityLevel\":false,\"containerInlinePadding\":\"unset\",\"toggle\":\"none\",\"boxType\":\"simple\",\"mdCarouselItems\":0,\"title\":\"Önerilen oteller\",\"dropDownArrowSize\":\"SMALL\",\"empty\":false,\"airCarrierType\":\"all\",\"totalLinksPerPage\":10,\"displayColumns\":\"2\",\"hideTitle\":false,\"cacheKey\":\"fctx[.site[300000028.tr_TR].sctx[home.Storefront-Homepage]]common[.tÖnerilen oteller.vnull]-1643547685.p0exp[.eSPT_TGFH_Apartment_Redirection.b0]\",\"smCarouselItems\":0,\"withoutTitleSeparator\":false,\"totalLinkCount\":20,\"name\":\"links\",\"tokens\":{\"links.custom-content.totalCount\":\"20\"},\"links\":[{\"text\":\"The Land of Legends Kingdom Hotel\",\"url\":\"https:\\u002F\\u002Ftr.hotels.com\\u002Fho435040832\\u002Fthe-land-of-legends-kingdom-hotel-belek-turkiye\\u002F\"},{\"text\":\"Granada Luxury Belek\",\"url\":\"https:\\u002F\\u002Ftr.hotels.com\\u002Fho647545\\u002Fgranada-luxury-belek-all-inclusive-belek-turkiye\\u002F\"},{\"text\":\"Kremlin Palace\",\"url\":\"https:\\u002F\\u002Ftr.hotels.com\\u002Fho225168\\u002Fasteria-kremlin-palace-all-inclusive-antalya-turkiye\\u002F\"},{\"text\":\"NG Sapanca\",\"url\":\"https:\\u002F\\u002Ftr.hotels.com\\u002Fho379202\\u002Fng-sapanca-wellness-convention-sapanca-turkiye\\u002F\"},{\"text\":\"Hilton Istanbul Bosphorus\",\"url\":\"https:\\u002F\\u002Ftr.hotels.com\\u002Fho197556\\u002Fhilton-istanbul-bosphorus-istanbul-turkiye\\u002F\"},{\"text\":\"Long Beach Alanya\",\"url\":\"https:\\u002F\\u002Ftr.hotels.com\\u002Fho542888\\u002Flong-beach-resort-spa-all-inclusive-alanya-turkiye\\u002F\"},{\"text\":\"Four Seasons Hotel Istanbul at the Bosphorus\",\"url\":\"https:\\u002F\\u002Ftr.hotels.com\\u002Fho346067\\u002Ffour-seasons-hotel-istanbul-at-the-bosphorus-istanbul-turkiye\\u002F\"},{\"text\":\"Liberty Lykia\",\"url\":\"https:\\u002F\\u002Ftr.hotels.com\\u002Fho223422\\u002Fliberty-hotels-lykia-all-inclusive-fethiye-turkiye\\u002F\"},{\"text\":\"Granada Luxury Resort Okurcalar\",\"url\":\"https:\\u002F\\u002Ftr.hotels.com\\u002Fho647176\\u002Fgranada-luxury-resort-okurcalar-all-inclusive-alanya-turkiye\\u002F\"},{\"text\":\"Tasigo Eskişehir\",\"url\":\"https:\\u002F\\u002Ftr.hotels.com\\u002Fho469220\\u002Ftasigo-eskisehir-eskisehir-turkiye\\u002F\"},{\"text\":\"Swissotel Büyük Efes İzmir\",\"url\":\"https:\\u002F\\u002Ftr.hotels.com\\u002Fho254954\\u002Fswissotel-buyuk-efes-izmir-izmir-turkiye\\u002F\"},{\"text\":\"Titanic Mardan Palace\",\"url\":\"https:\\u002F\\u002Ftr.hotels.com\\u002Fho1091330016\\u002Ftitanic-mardan-palace-her-sey-dahil-antalya-turkiye\\u002F\"},{\"text\":\"W İstanbul\",\"url\":\"https:\\u002F\\u002Ftr.hotels.com\\u002Fho263900\\u002Fw-istanbul-istanbul-turkiye\\u002F\"},{\"text\":\"Orange County Alanya\",\"url\":\"https:\\u002F\\u002Ftr.hotels.com\\u002Fho311311\\u002Forange-county-resort-hotel-alanya-all-inclusive-alanya-turkiye\\u002F\"},{\"text\":\"Ciragan Palace Kempinski\",\"url\":\"https:\\u002F\\u002Ftr.hotels.com\\u002Fho546849\\u002Fciragan-palace-kempinski-istanbul-turkiye\\u002F\"},{\"text\":\"The Green Park Pendik\",\"url\":\"https:\\u002F\\u002Ftr.hotels.com\\u002Fho357289\\u002Fthe-green-park-pendik-icmeler-mahallesi-turkiye\\u002F\"},{\"text\":\"Pine Bay Holiday Resort\",\"url\":\"https:\\u002F\\u002Ftr.hotels.com\\u002Fho475591\\u002Fpine-bay-holiday-resort-kusadas-turkiye\\u002F\"},{\"text\":\"İlica Hotel Spa Resort\",\"url\":\"https:\\u002F\\u002Ftr.hotels.com\\u002Fho299925\\u002Filica-hotel-spa-wellness-thermal-resort-cesme-turkiye\\u002F\"},{\"text\":\"Titanic Luxury Collection Bodrum\",\"url\":\"https:\\u002F\\u002Ftr.hotels.com\\u002Fho577668\\u002Ftitanic-deluxe-bodrum-her-sey-dahil-bodrum-turkiye\\u002F\"},{\"text\":\"The Green Park Ankara\",\"url\":\"https:\\u002F\\u002Ftr.hotels.com\\u002Fho508088\\u002Fthe-green-park-ankara-ankara-turkiye\\u002F\"}],\"style\":\"default\",\"strategy\":\"custom-content\"},\"groups\":null,\"children\":null,\"module\":true,\"experimentFailed\":false},{\"type\":\"Module\",\"name\":\"links\",\"id\":\"links-8\",\"fmId\":2882066,\"fmTitleId\":null,\"model\":{\"partialFailure\":false,\"pageNumber\":0,\"lgCarouselItems\":0,\"cityLevel\":false,\"containerInlinePadding\":\"unset\",\"toggle\":\"none\",\"boxType\":\"simple\",\"mdCarouselItems\":0,\"title\":\"Diğer tatil fikirleri\",\"dropDownArrowSize\":\"SMALL\",\"empty\":false,\"airCarrierType\":\"all\",\"totalLinksPerPage\":10,\"displayColumns\":\"2\",\"hideTitle\":false,\"cacheKey\":\"fctx[.site[300000028.tr_TR].sctx[home.Storefront-Homepage]]common[.tDiğer tatil fikirleri.vnull]-2105565002.p0exp[.eSPT_TGFH_Apartment_Redirection.b0]\",\"smCarouselItems\":0,\"withoutTitleSeparator\":false,\"totalLinkCount\":3,\"name\":\"links\",\"tokens\":{\"links.custom-content.totalCount\":\"3\"},\"links\":[{\"text\":\"Hotels.com Kuponları\",\"url\":\"https:\\u002F\\u002Ftr.hotels.com\\u002Flp\\u002Fb\\u002Fcoupons\"},{\"text\":\"Hotels.com™ Rewards programı\",\"url\":\"https:\\u002F\\u002Ftr.hotels.com\\u002Fhotel-rewards-pillar\\u002Fhotelscomrewards.html\"},{\"text\":\"Ücretsiz İptal İmkânı Sunan Oteller\",\"url\":\"https:\\u002F\\u002Ftr.hotels.com\\u002Flp\\u002Fb\\u002Fhotel-deals\\u002Ffree-cancellation\"}],\"style\":\"default\",\"strategy\":\"custom-content\"},\"groups\":null,\"children\":null,\"module\":true,\"experimentFailed\":false}],\"experimentFailed\":false,\"module\":false}],\"experimentFailed\":false,\"module\":false},{\"type\":\"Region\",\"name\":\"MesoTest\",\"id\":null,\"fmId\":2816055,\"fmTitleId\":null,\"model\":{\"fmId\":2816055,\"templateName\":\"NEW-Hotelscom-Blossom-Homepage\",\"fmType\":\"REGION\",\"name\":\"MesoTest\",\"width\":\"100\",\"scene\":\"\",\"empty\":false},\"modules\":[{\"type\":\"Module\",\"name\":\"partner-gallery\",\"id\":\"partner-gallery-1\",\"fmId\":2816037,\"fmTitleId\":null,\"model\":{\"fmId\":2816037,\"clientSideOnly\":\"true\",\"templateName\":\"NEW-Hotelscom-Blossom-Homepage\",\"fmType\":\"MODULE\",\"name\":\"partner-gallery\",\"variant\":\"pwa\",\"uci\":\"PG1\",\"pageName\":\"Homepage\",\"scene\":\"\"},\"groups\":null,\"children\":null,\"module\":true,\"experimentFailed\":false}],\"experimentFailed\":false,\"module\":false},{\"type\":\"Region\",\"name\":\"One Key CTC toast\",\"id\":null,\"fmId\":2816603,\"fmTitleId\":null,\"model\":{\"fmId\":2816603,\"templateName\":\"NEW-Hotelscom-Blossom-Homepage\",\"fmType\":\"REGION\",\"name\":\"One Key CTC toast\",\"width\":\"100\",\"scene\":\"\",\"empty\":false},\"modules\":[{\"type\":\"Module\",\"name\":\"click-to-claim-toast\",\"id\":\"click-to-claim-toast-1\",\"fmId\":2816604,\"fmTitleId\":null,\"model\":{\"fmId\":2816604,\"clientSideOnly\":\"true\",\"templateName\":\"NEW-Hotelscom-Blossom-Homepage\",\"fmType\":\"MODULE\",\"name\":\"click-to-claim-toast\",\"scene\":\"\"},\"groups\":null,\"children\":null,\"module\":true,\"experimentFailed\":false}],\"experimentFailed\":false,\"module\":false}]},\"cacheKey\":\"300000028-tr_TR-Global_Brand-NEW-Hotelscom-Blossom-Homepage|137|fctx[.site[300000028.tr_TR].sctx[home.Storefront-Homepage]]|exp[.eHCOM_HERO_IMAGE_BEHIND_SEARCH_FORM.b1.eHome_Finish_Your_Booking_Web.b1.eManaged_Banner_After_Wizard_Web_Toggle.b1.eMeSo_App_Home_Marquee_ad_position_test.b1.eMeSo_Shared_UI_Marquee_on_Global_Storefront.b1.eWeb_Introduce_Average_Lodging_Price_on_Destination_Recommendation_Cards.b1]mab[]\",\"allModulesSuccessful\":true,\"timestamp\":0,\"tokens\":{\"thisYear\":\"2025\",\"brandName\":\"Hotels.com\",\"bestYear\":\"2025\",\"currentMonth.short\":\"Şub\",\"currentMonth.full\":\"Şubat\",\"today\":\"25.02.2025\",\"nextYear\":\"2026\",\"tomorrow\":\"26.02.2025\",\"siteName\":\"Hotels.com\",\"defaultDomain\":\"tr.hotels.com\",\"links.custom-content.totalCount\":\"20\",\"defaultCountry\":\"Turkey\"}},\"template\":null,\"trackingContext\":{\"props\":{\"templateId\":\"300000028-tr_TR-Global_Brand-NEW-Hotelscom-Blossom-Homepage\"},\"pageName\":\"Homepage\",\"lineOfBusiness\":\"home\",\"templateId\":null},\"canonicalPath\":\"\\u002F\",\"robotDirectives\":\"\",\"flexClientId\":\"flex.home.Storefront-Homepage\",\"hrefNextPage\":null,\"hrefPreviousPage\":null,\"templateId\":\"300000028-tr_TR-Global_Brand-NEW-Hotelscom-Blossom-Homepage\",\"hrefLangs\":[{\"locale\":\"tr\",\"url\":\"https:\\u002F\\u002Ftr.hotels.com\\u002F\"},{\"locale\":\"en-US\",\"url\":\"https:\\u002F\\u002Fwww.hotels.com\\u002F\"},{\"locale\":\"es-US\",\"url\":\"https:\\u002F\\u002Fwww.hotels.com\\u002Fes\\u002F\"},{\"locale\":\"en-CA\",\"url\":\"https:\\u002F\\u002Fca.hotels.com\\u002F\"},{\"locale\":\"fr-CA\",\"url\":\"https:\\u002F\\u002Fca.hotels.com\\u002Ffr\\u002F\"},{\"locale\":\"en-GB\",\"url\":\"https:\\u002F\\u002Fuk.hotels.com\\u002F\"},{\"locale\":\"it\",\"url\":\"https:\\u002F\\u002Fit.hotels.com\\u002F\"},{\"locale\":\"es-ES\",\"url\":\"https:\\u002F\\u002Fes.hoteles.com\\u002F\"},{\"locale\":\"nl\",\"url\":\"https:\\u002F\\u002Fnl.hotels.com\\u002F\"},{\"locale\":\"fr\",\"url\":\"https:\\u002F\\u002Ffr.hotels.com\\u002F\"},{\"locale\":\"sv\",\"url\":\"https:\\u002F\\u002Fsv.hotels.com\\u002F\"},{\"locale\":\"no\",\"url\":\"https:\\u002F\\u002Fno.hotels.com\\u002F\"},{\"locale\":\"da\",\"url\":\"https:\\u002F\\u002Fda.hotels.com\\u002F\"},{\"locale\":\"de-CH\",\"url\":\"https:\\u002F\\u002Fch.hotels.com\\u002F\"},{\"locale\":\"fr-CH\",\"url\":\"https:\\u002F\\u002Fch.hotels.com\\u002Ffr\\u002F\"},{\"locale\":\"it-CH\",\"url\":\"https:\\u002F\\u002Fch.hotels.com\\u002Fit\\u002F\"},{\"locale\":\"nl-BE\",\"url\":\"https:\\u002F\\u002Fbe.hotels.com\\u002F\"},{\"locale\":\"fr-BE\",\"url\":\"https:\\u002F\\u002Fbe.hotels.com\\u002Ffr\\u002F\"},{\"locale\":\"de-BE\",\"url\":\"https:\\u002F\\u002Fbe.hotels.com\\u002Fde\\u002F\"},{\"locale\":\"fi\",\"url\":\"https:\\u002F\\u002Ffi.hotels.com\\u002F\"},{\"locale\":\"en-IE\",\"url\":\"https:\\u002F\\u002Fie.hotels.com\\u002F\"},{\"locale\":\"de-AT\",\"url\":\"https:\\u002F\\u002Fat.hotels.com\\u002F\"},{\"locale\":\"el\",\"url\":\"https:\\u002F\\u002Fel.hotels.com\\u002F\"},{\"locale\":\"hu\",\"url\":\"https:\\u002F\\u002Fhu.hotels.com\\u002F\"},{\"locale\":\"is\",\"url\":\"https:\\u002F\\u002Fis.hotels.com\\u002F\"},{\"locale\":\"en-IE\",\"url\":\"https:\\u002F\\u002Fhotels.com\\u002F\"},{\"locale\":\"pt-PT\",\"url\":\"https:\\u002F\\u002Fpt.hoteis.com\\u002F\"},{\"locale\":\"en-ZA\",\"url\":\"https:\\u002F\\u002Fza.hotels.com\\u002F\"},{\"locale\":\"en-AS\",\"url\":\"https:\\u002F\\u002Fwww.hotels.com\\u002F\"},{\"locale\":\"en-AU\",\"url\":\"https:\\u002F\\u002Fau.hotels.com\\u002F\"},{\"locale\":\"en-IN\",\"url\":\"https:\\u002F\\u002Fin.hotels.com\\u002F\"},{\"locale\":\"ja\",\"url\":\"https:\\u002F\\u002Fjp.hotels.com\\u002F\"},{\"locale\":\"en-CN\",\"url\":\"https:\\u002F\\u002Fjp.hotels.com\\u002Fen\\u002F\"},{\"locale\":\"en-NZ\",\"url\":\"https:\\u002F\\u002Fnz.hotels.com\\u002F\"},{\"locale\":\"zh-HK\",\"url\":\"https:\\u002F\\u002Fzh.hotels.com\\u002F\"},{\"locale\":\"en-HK\",\"url\":\"https:\\u002F\\u002Fzh.hotels.com\\u002Fen\\u002F\"},{\"locale\":\"en-SG\",\"url\":\"https:\\u002F\\u002Fsg.hotels.com\\u002F\"},{\"locale\":\"ko\",\"url\":\"https:\\u002F\\u002Fkr.hotels.com\\u002F\"},{\"locale\":\"en-KR\",\"url\":\"https:\\u002F\\u002Fkr.hotels.com\\u002Fen\\u002F\"},{\"locale\":\"zh-CN\",\"url\":\"https:\\u002F\\u002Fwww.hotels.cn\\u002F\"},{\"locale\":\"ms\",\"url\":\"https:\\u002F\\u002Fms.hotels.com\\u002F\"},{\"locale\":\"en-MY\",\"url\":\"https:\\u002F\\u002Fms.hotels.com\\u002Fen\\u002F\"},{\"locale\":\"en-PH\",\"url\":\"https:\\u002F\\u002Fph.hotels.com\\u002F\"},{\"locale\":\"zh-TW\",\"url\":\"https:\\u002F\\u002Ftw.hotels.com\\u002F\"},{\"locale\":\"en-TW\",\"url\":\"https:\\u002F\\u002Ftw.hotels.com\\u002Fen\\u002F\"},{\"locale\":\"th\",\"url\":\"https:\\u002F\\u002Fth.hotels.com\\u002F\"},{\"locale\":\"en-TH\",\"url\":\"https:\\u002F\\u002Fth.hotels.com\\u002Fen\\u002F\"},{\"locale\":\"de-DE\",\"url\":\"https:\\u002F\\u002Fde.hotels.com\\u002F\"},{\"locale\":\"es-MX\",\"url\":\"https:\\u002F\\u002Fwww.hoteles.com\\u002F\"},{\"locale\":\"en-MX\",\"url\":\"https:\\u002F\\u002Fwww.hoteles.com\\u002Fen\\u002F\"},{\"locale\":\"pt-BR\",\"url\":\"https:\\u002F\\u002Fwww.hoteis.com\\u002F\"},{\"locale\":\"es-AR\",\"url\":\"https:\\u002F\\u002Far.hoteles.com\\u002F\"},{\"locale\":\"es-CO\",\"url\":\"https:\\u002F\\u002Fco.hoteles.com\\u002F\"},{\"locale\":\"id\",\"url\":\"https:\\u002F\\u002Fid.hotels.com\\u002F\"},{\"locale\":\"en-ID\",\"url\":\"https:\\u002F\\u002Fid.hotels.com\\u002Fen\\u002F\"},{\"locale\":\"vi\",\"url\":\"https:\\u002F\\u002Fvi.hotels.com\\u002F\"},{\"locale\":\"en-VN\",\"url\":\"https:\\u002F\\u002Fvi.hotels.com\\u002Fen\\u002F\"}],\"languageCanonicals\":[{\"locale\":\"tr_TR\",\"langId\":1055,\"canonicalUrl\":\"\\u002F\",\"domain\":\"tr.hotels.com\",\"siteId\":300000028,\"indexed\":true}],\"analyticsPayload\":{\"traceId\":\"f2c13c1b-f4ae-46e4-8250-35bf78805d8d\",\"creationTimestamp\":1740493307286,\"context\":{\"cookieDomain\":\"hotels.com\",\"pageIdentity\":{\"lineOfBusiness\":\"U\",\"pageIdentifier\":\"Homepage\",\"funnelLocation\":10},\"executeXdid\":true,\"fpCookieDomainPeriods\":2,\"tealiumAccountDetailsPWA\":{\"tealiumAccountName\":\"TEALIUM_OFF\",\"tealiumProfileName\":\"TEALIUM_OFF\"},\"cookieDomainPeriods\":2,\"beaconOffConfig\":{\"settings\":{\"sendToAdobeServerSide\":false,\"sendToS3\":false,\"adobeSuiteAccount\":\"expediaglobaluserdev\",\"adobeSuiteUrl\":\"http:\\u002F\\u002Fexpedia.112.2o7.net\\u002Fb\\u002Fss\\u002Fexpediaglobaluserdev\\u002F6\",\"sendToAdobeClientSide\":false},\"bucketing\":{\"bucketValue\":2,\"experimentId\":\"\",\"experimentInstance\":\"\"},\"error\":\"\",\"rulesMatched\":\"ALL_BEACON_OFF\"},\"tealiumAccountDetails\":{\"tealiumAccountName\":\"TEALIUM_OFF\",\"tealiumProfileName\":\"TEALIUM_OFF\"},\"entryPageView\":false,\"beaconEnabled\":true,\"newVisit\":false},\"tealiumUtagData\":{\"lineOfBusiness\":\"Unknown\",\"siteCountryCode\":\"TR\",\"loggedUser\":-1,\"tc_vars\":{\"privacy_gdpr_consent\":true,\"identifiers_session_id\":\"undefined\",\"point_of_sale_eg_pos_id\":\"HCOM_TR\",\"marketing_sslt_attributed_marketing_code\":\"DIRECT.WEB\",\"language\":\"tr\",\"search_request_gaia_id\":\"Unknown\",\"point_of_sale_eg_brand_name\":\"hotels\",\"device_information_device_type\":\"DESKTOP\",\"experience_experience_platform\":\"flex\",\"identifiers_tpid\":3115,\"timestamps_received_at\":\"2025-02-25T14:21:47.264999807Z\",\"user_authentication_state\":\"ANONYMOUS\",\"identifiers_site_id\":300000028,\"host\":\"tr.hotels.com\",\"point_of_sale\":\"HCOM_TR_tr_TR\",\"is_native_app\":false,\"is_EU_POS\":true,\"event_page_name_detailed\":\"Homepage\",\"default_domain\":\"tr.hotels.com\",\"point_of_sale_site_currency_code\":\"TRY\",\"privacy_ccpa_consent\":true,\"identifiers_device_user_agent_id\":\"18713dec-4f39-4264-b08c-955fc30f3efb\",\"marketing_sslt_attributed_platform_entryId\":\"f2c13c1b-f4ae-46e4-8250-35bf78805d8d\",\"point_of_sale_locale\":\"TR\",\"identifiers_event_trace_id\":\"f2c13c1bf4ae46e4825035bf78805d8d\",\"event_page_funnel_location\":\"ENTRY\",\"user_brand_customer_id\":-1,\"booking_product_line\":\"U\",\"marketing_latest_marketing_code\":\"DIRECT.WEB\",\"event_page_product_line\":\"Unknown\",\"request_request_url\":\"https:\\u002F\\u002Ftr.hotels.com\\u002Fbff\\u002Fpath\\u002F?tpid=3115&eapid=28\",\"environment\":\"prod\",\"line_of_business\":\"Unknown\",\"event_page_name\":\"Homepage\",\"domain\":\"ESTAR_HOME_PAGE\",\"marketing_latest_platform_entry_id\":\"f2c13c1b-f4ae-46e4-8250-35bf78805d8d\"},\"siteName\":\"tr.hotels.com\",\"language\":\"tr\",\"locale\":\"tr_TR\",\"expUserProfileId\":-1,\"pageName\":\"Homepage\",\"xLineOfBusiness\":\"Unknown\",\"eapid\":28,\"funnelLocation\":\"ENTRY\",\"context\":{\"traceId\":\"f2c13c1bf4ae46e4825035bf78805d8d\",\"site\":{\"companyCode\":\"10113\",\"tpid\":3115,\"eapid\":28,\"brandId\":\"hotels\",\"operatingUnitId\":\"4530\",\"siteId\":300000028,\"siteName\":\"tr.hotels.com\",\"jurisdictionCode\":\"TUR\",\"managementUnitCode\":\"2230\",\"defaultCountry\":\"TR\"},\"tests\":[{\"bucketValue\":0,\"experimentId\":24904},{\"bucketValue\":0,\"experimentId\":39133},{\"bucketValue\":0,\"experimentId\":56163},{\"bucketValue\":0,\"experimentId\":55950},{\"bucketValue\":1,\"experimentId\":60462},{\"bucketValue\":0,\"experimentId\":54119},{\"bucketValue\":0,\"experimentId\":50565},{\"bucketValue\":0,\"experimentId\":54118},{\"bucketValue\":0,\"experimentId\":99991},{\"bucketValue\":0,\"experimentId\":50904},{\"bucketValue\":0,\"experimentId\":59785},{\"bucketValue\":0,\"experimentId\":49614},{\"bucketValue\":1,\"experimentId\":55887},{\"bucketValue\":0,\"experimentId\":51492},{\"bucketValue\":1,\"experimentId\":55134},{\"bucketValue\":0,\"experimentId\":60319},{\"bucketValue\":0,\"experimentId\":58857},{\"bucketValue\":0,\"experimentId\":58391},{\"bucketValue\":1,\"experimentId\":59450},{\"bucketValue\":0,\"experimentId\":54421},{\"bucketValue\":1,\"experimentId\":58310},{\"bucketValue\":0,\"experimentId\":55885},{\"bucketValue\":1,\"experimentId\":53300},{\"bucketValue\":0,\"experimentId\":58522}],\"privacyContext\":{\"optInPrivacySelection\":{\"isSet\":false,\"yesSelected\":false},\"dataProtectionGuideline\":\"GDPR\",\"canTrack\":true,\"canSell\":true},\"requestId\":\"f2c13c1b-f4ae-46e4-8250-35bf78805d8d\",\"clientInfo\":{\"deviceCharacteristics\":{\"brandName\":\"Firefox\",\"deviceOs\":\"Mac OS X\",\"mobileBrowserVersion\":\"135\",\"resolutionHeight\":800,\"mobile\":false,\"deviceOsVersion\":\"10.15\",\"mobileBrowser\":\"Firefox\",\"physicalScreenHeight\":175,\"modelName\":\"135\",\"tablet\":false,\"resolutionWidth\":1280,\"wirelessDevice\":false,\"physicalScreenWidth\":280},\"os\":\"Mac OS X\",\"ipAddress\":\"212.253.206.***\",\"fingerprintId\":\"\",\"userAgent\":\"Mozilla\\u002F5.0 (Macintosh; Intel Mac OS X 10.15; rv:135.0) Gecko\\u002F20100101 Firefox\\u002F135.0\",\"ua\":\"Mozilla\\u002F5.0 (Macintosh; Intel Mac OS X 10.15; rv:135.0) Gecko\\u002F20100101 Firefox\\u002F135.0\",\"requestMadeByBot\":false,\"coords\":{\"country\":\"tr\",\"state\":\"35\",\"city\":\"izmir\",\"latitude\":38.4038,\"longitude\":27.1424}},\"user\":{\"accountType\":\"FULL\",\"guid\":\"18713dec-4f39-4264-b08c-955fc30f3efb\",\"registered\":false,\"tuid\":-1,\"userType\":\"ANONYMOUS\",\"expUserProfileId\":-1,\"softAccount\":false}},\"tc_context\":{\"tcContainerUrl\":\"https:\\u002F\\u002Fcdn.tagcommander.com\\u002F6035\\u002Ftc_hcom_prod.js\",\"enabled\":true},\"brand\":\"hotels\",\"lobDomain\":\"ESTAR_HOME_PAGE\",\"tpid\":3115,\"gaUserId\":-1,\"pageInfo\":{\"lineOfBusiness\":\"Unknown\",\"requestURL\":\"https:\\u002F\\u002Ftr.hotels.com\\u002Fbff\\u002Fpath\\u002F?tpid=3115&eapid=28\",\"funnelLocation\":\"ENTRY\",\"omnitureInfo\":{\"templateId\":\"300000028-tr_TR-Global_Brand-NEW-Hotelscom-Blossom-Homepage\"},\"currency\":\"TRY\",\"language\":\"tr\",\"langId\":\"1055\",\"pageName\":\"Homepage\",\"events\":\"FlexSLPPage\",\"xLineOfBusiness\":\"Unknown\"},\"tuid\":-1,\"Geo\":{\"country\":\"tr\",\"state\":\"35\",\"city\":\"izmir\",\"latitude\":38.4038,\"longitude\":27.1424},\"domain\":\"ESTAR_HOME_PAGE\",\"siteId\":300000028,\"guid\":\"18713dec-4f39-4264-b08c-955fc30f3efb\",\"currencyCode\":\"TRY\"},\"version\":\"9.0.11\",\"applicationName\":\"lotus-home-ui\"},\"structuredData\":null,\"uriContext\":null,\"sitelinkOffForWotif\":null},\"queryParams\":{\"tpid\":3115,\"eapid\":28},\"experimentContext\":{\"experiments\":{\"Pre_OneKey_Announcement_With_Dates\":0,\"Cars_search_form_on_Hcom_Web\":0,\"Enable_Full_OTA_on_Hotels_for_Nordics_without_flights\":0,\"Bex_MeSo_FBC_on_Homepage_iOS_And_Android\":0,\"HCOM_HERO_IMAGE_BEHIND_SEARCH_FORM\":1,\"Home_Finish_Your_Booking_Web\":1,\"Pre_OneKey_Announcement\":0,\"Web_Unauth_OneKey_Traffic_Migration_To_EM_Home_Toggle\":0,\"eg_one_key_client\":0,\"CA_Bot_Traffic\":0,\"Hcom_Web_Black_Friday_1DL_Collection\":0,\"Merch_Tiles_Carousel_UI_BEX_HCOM_Web\":0,\"Web_Hotels_of_the_Year_Collection_on_Home\":0,\"Car_Rental_Destination_Supplier_URL_Migration\":0,\"California_Price_changes_Activities\":0,\"SPT_TGFH_Apartment_Redirection\":0,\"Enable_Full_OTA_on_Hotels_for_Nordics\":0,\"Black_Friday_throttle\":0,\"Web_Introduce_Average_Lodging_Price_on_Destination_Recommendation_Cards\":1,\"Managed_Banner_After_Wizard_Web_Toggle\":1,\"Pre_Announcement_OneIdentity_Surface_Powered_Banner_ROW\":0,\"MeSo_App_Home_Marquee_ad_position_test\":1,\"Display_Meso_Ad_Group_Region\":0,\"MeSo_Shared_UI_Marquee_on_Global_Storefront\":1,\"Slim_brand_non_US_Feature_Gate\":0},\"mabExperiments\":{}},\"searchContext\":{\"lob\":\"home\",\"pageType\":\"Storefront-Homepage\",\"location\":null,\"origin\":null,\"destination\":null,\"originTrainStation\":null,\"destinationTrainStation\":null,\"flight\":null,\"airCarrier\":null,\"carSupplier\":null,\"carSupplierLocation\":null,\"carClass\":null,\"carClassType\":null,\"cruiseDeparturePort\":null,\"cruiseDestination\":null,\"cruiseLine\":null,\"cruiseShip\":null,\"cruiseTheme\":null,\"urlMappingId\":null,\"starRating\":null,\"affinity\":null,\"hotelBrand\":null,\"alternativeAccommodation\":null,\"amenityFilter\":null,\"packageFilters\":null,\"coordinates\":null,\"hotelSearch\":null,\"page\":0,\"preview\":false,\"contentPreviewDate\":null,\"mock\":false,\"cache\":true,\"refreshCache\":false,\"excludeBotTnls\":false,\"flightsSchedule\":null,\"fareCalendar\":null,\"dctkPageName\":null,\"sitemapPath\":null,\"campaignId\":null,\"propertyMetadata\":null,\"collectionId\":null,\"semStrategy\":null,\"overriddenUserAttributes\":[\"blossom\"],\"channelAttribution\":\"UNKNOWN\",\"urlContext\":null,\"rwgMultiCityOverrideUAT\":false,\"hotelPage\":0},\"defaultCountry\":\"TR\",\"brandNameForDisplay\":\"Hotels.com\"}},\"pagedata\":{\"pageDataContext\":{\"title\":\"Hotels.com - Lüks Otellerden Uygun Fiyatlı Konaklama Birimlerine Kadar İndirimli Rezervasyon ve Satış\",\"pageId\":\"Homepage,U,10\",\"pageName\":\"Homepage\",\"appName\":\"lotus-home-ui\"}},\"global-components-context\":{\"globalComponentsContext\":{\"header\":{\"l10n\":{\"accountDropDownMenuLinkText\":\"\",\"accountMyAccountLinkText\":\"\",\"accountMyTripsLinkText\":\"\",\"accountMyRewardsLinkText\":\"\",\"accountAccountTriggerLabelText\":\"\",\"accountAccountLinkText\":\"\",\"accountTripsLinkText\":\"\",\"accountListsLinkText\":\"\",\"accountRewardsLinkText\":\"\",\"accountAboutRewardsLinkText\":\"\",\"accountCustomerSupportLinkText\":\"\",\"accountAddYourPropertyLinkText\":\"\",\"accountWelcomeMessageText\":\"\",\"agentArrangingText\":\"\",\"agentEndSessionText\":\"\",\"logoAltText\":\"\",\"navigationSelectedA11yLabel\":\"\",\"accountSigninHeading\":\"\",\"accountSigninLinkText\":\"\",\"accountSignoutLinkText\":\"\",\"accountCreateAccountLinkText\":\"\",\"skipLinkText\":\"\",\"beginMainContentText\":\"\"},\"taapSiteTrigger\":\"\",\"logoUrl\":\"\",\"banner\":{\"type\":\"\"},\"templateId\":\"BEXHeader\",\"externalJsPaths\":[],\"sections\":[],\"oneKey\":{\"oneKeyAccountMenu\":{\"id\":\"\",\"oneKeyHeading\":\"\",\"oneKeySubHeading\":\"\",\"oneKeyLearnMoreLink\":{\"id\":\"\",\"text\":\"\",\"url\":\"\",\"omnitureId\":\"\"},\"oneKeyAccountMenuLogoImgSrcsAsObj\":[],\"oneKeySignInReferrerId\":\"\",\"oneKeyAccountMenuImpressionReferrerId\":\"\",\"oneKeyLinkName\":\"\"}},\"oneKeyUserEnabled\":false,\"localeSelectorEnabled\":false,\"useSharedUIHeader\":true,\"cobrandPosition\":\"BELOW_HEADER\"},\"footer\":{\"l10n\":{},\"templateId\":\"\",\"useSharedUIFooter\":true},\"isSua\":false,\"localeOptions\":[],\"tuid\":-1,\"loyaltySource\":{\"host\":\"\",\"forwardedHeaders\":{},\"forwardedParams\":{}}}},\"bernie-plugin-analytics\":{\"useAnalyticsEntry\":true,\"clickstreamOptions\":{\"egClickstream\":{\"initialContext\":{\"experience\":{\"app_name\":\"lotus-home-ui\",\"app_version\":\"47f0ba54a13bd7868e0d9225843b03ac54b7de7e\",\"page_name\":\"Home\",\"page_name_detailed\":\"Home\"},\"identifiers\":{\"trace_id_of_the_view\":\"f2c13c1b-f4ae-46e4-8250-35bf78805d8d\"}}}},\"additionalAnalyticsContext\":{\"applicationName\":\"lotus-home-ui\",\"awsRegion\":\"us-east-1\",\"applicationReleaseVersion\":\"master-branch-47f0ba54a13bd7868e0d9225843b03ac54b7de7e\",\"applicationReleaseVariant\":\"primary\"}},\"controllers\":{\"stores\":{\"experiment\":{},\"context\":{},\"analytics\":{\"namespace\":\"\",\"omnitureData\":{},\"requestId\":\"\",\"analyticsData\":[{\"traceId\":\"f2c13c1b-f4ae-46e4-8250-35bf78805d8d\",\"creationTimestamp\":1740493307286,\"context\":{\"cookieDomain\":\"hotels.com\",\"pageIdentity\":{\"lineOfBusiness\":\"U\",\"pageIdentifier\":\"Homepage\",\"funnelLocation\":10},\"executeXdid\":true,\"fpCookieDomainPeriods\":2,\"tealiumAccountDetailsPWA\":{\"tealiumAccountName\":\"TEALIUM_OFF\",\"tealiumProfileName\":\"TEALIUM_OFF\"},\"cookieDomainPeriods\":2,\"beaconOffConfig\":{\"settings\":{\"sendToAdobeServerSide\":false,\"sendToS3\":false,\"adobeSuiteAccount\":\"expediaglobaluserdev\",\"adobeSuiteUrl\":\"http:\\u002F\\u002Fexpedia.112.2o7.net\\u002Fb\\u002Fss\\u002Fexpediaglobaluserdev\\u002F6\",\"sendToAdobeClientSide\":false},\"bucketing\":{\"bucketValue\":2,\"experimentId\":\"\",\"experimentInstance\":\"\"},\"error\":\"\",\"rulesMatched\":\"ALL_BEACON_OFF\"},\"tealiumAccountDetails\":{\"tealiumAccountName\":\"TEALIUM_OFF\",\"tealiumProfileName\":\"TEALIUM_OFF\"},\"entryPageView\":false,\"beaconEnabled\":true,\"newVisit\":false},\"tealiumUtagData\":{\"lineOfBusiness\":\"Unknown\",\"siteCountryCode\":\"TR\",\"loggedUser\":-1,\"tc_vars\":{\"privacy_gdpr_consent\":true,\"identifiers_session_id\":\"undefined\",\"point_of_sale_eg_pos_id\":\"HCOM_TR\",\"marketing_sslt_attributed_marketing_code\":\"DIRECT.WEB\",\"language\":\"tr\",\"search_request_gaia_id\":\"Unknown\",\"point_of_sale_eg_brand_name\":\"hotels\",\"device_information_device_type\":\"DESKTOP\",\"experience_experience_platform\":\"flex\",\"identifiers_tpid\":3115,\"timestamps_received_at\":\"2025-02-25T14:21:47.264999807Z\",\"user_authentication_state\":\"ANONYMOUS\",\"identifiers_site_id\":300000028,\"host\":\"tr.hotels.com\",\"point_of_sale\":\"HCOM_TR_tr_TR\",\"is_native_app\":false,\"is_EU_POS\":true,\"event_page_name_detailed\":\"Homepage\",\"default_domain\":\"tr.hotels.com\",\"point_of_sale_site_currency_code\":\"TRY\",\"privacy_ccpa_consent\":true,\"identifiers_device_user_agent_id\":\"18713dec-4f39-4264-b08c-955fc30f3efb\",\"marketing_sslt_attributed_platform_entryId\":\"f2c13c1b-f4ae-46e4-8250-35bf78805d8d\",\"point_of_sale_locale\":\"TR\",\"identifiers_event_trace_id\":\"f2c13c1bf4ae46e4825035bf78805d8d\",\"event_page_funnel_location\":\"ENTRY\",\"user_brand_customer_id\":-1,\"booking_product_line\":\"U\",\"marketing_latest_marketing_code\":\"DIRECT.WEB\",\"event_page_product_line\":\"Unknown\",\"request_request_url\":\"https:\\u002F\\u002Ftr.hotels.com\\u002Fbff\\u002Fpath\\u002F?tpid=3115&eapid=28\",\"environment\":\"prod\",\"line_of_business\":\"Unknown\",\"event_page_name\":\"Homepage\",\"domain\":\"ESTAR_HOME_PAGE\",\"marketing_latest_platform_entry_id\":\"f2c13c1b-f4ae-46e4-8250-35bf78805d8d\"},\"siteName\":\"tr.hotels.com\",\"language\":\"tr\",\"locale\":\"tr_TR\",\"expUserProfileId\":-1,\"pageName\":\"Homepage\",\"xLineOfBusiness\":\"Unknown\",\"eapid\":28,\"funnelLocation\":\"ENTRY\",\"context\":{\"traceId\":\"f2c13c1bf4ae46e4825035bf78805d8d\",\"site\":{\"companyCode\":\"10113\",\"tpid\":3115,\"eapid\":28,\"brandId\":\"hotels\",\"operatingUnitId\":\"4530\",\"siteId\":300000028,\"siteName\":\"tr.hotels.com\",\"jurisdictionCode\":\"TUR\",\"managementUnitCode\":\"2230\",\"defaultCountry\":\"TR\"},\"tests\":[{\"bucketValue\":0,\"experimentId\":24904},{\"bucketValue\":0,\"experimentId\":39133},{\"bucketValue\":0,\"experimentId\":56163},{\"bucketValue\":0,\"experimentId\":55950},{\"bucketValue\":1,\"experimentId\":60462},{\"bucketValue\":0,\"experimentId\":54119},{\"bucketValue\":0,\"experimentId\":50565},{\"bucketValue\":0,\"experimentId\":54118},{\"bucketValue\":0,\"experimentId\":99991},{\"bucketValue\":0,\"experimentId\":50904},{\"bucketValue\":0,\"experimentId\":59785},{\"bucketValue\":0,\"experimentId\":49614},{\"bucketValue\":1,\"experimentId\":55887},{\"bucketValue\":0,\"experimentId\":51492},{\"bucketValue\":1,\"experimentId\":55134},{\"bucketValue\":0,\"experimentId\":60319},{\"bucketValue\":0,\"experimentId\":58857},{\"bucketValue\":0,\"experimentId\":58391},{\"bucketValue\":1,\"experimentId\":59450},{\"bucketValue\":0,\"experimentId\":54421},{\"bucketValue\":1,\"experimentId\":58310},{\"bucketValue\":0,\"experimentId\":55885},{\"bucketValue\":1,\"experimentId\":53300},{\"bucketValue\":0,\"experimentId\":58522}],\"privacyContext\":{\"optInPrivacySelection\":{\"isSet\":false,\"yesSelected\":false},\"dataProtectionGuideline\":\"GDPR\",\"canTrack\":true,\"canSell\":true},\"requestId\":\"f2c13c1b-f4ae-46e4-8250-35bf78805d8d\",\"clientInfo\":{\"deviceCharacteristics\":{\"brandName\":\"Firefox\",\"deviceOs\":\"Mac OS X\",\"mobileBrowserVersion\":\"135\",\"resolutionHeight\":800,\"mobile\":false,\"deviceOsVersion\":\"10.15\",\"mobileBrowser\":\"Firefox\",\"physicalScreenHeight\":175,\"modelName\":\"135\",\"tablet\":false,\"resolutionWidth\":1280,\"wirelessDevice\":false,\"physicalScreenWidth\":280},\"os\":\"Mac OS X\",\"ipAddress\":\"212.253.206.***\",\"fingerprintId\":\"\",\"userAgent\":\"Mozilla\\u002F5.0 (Macintosh; Intel Mac OS X 10.15; rv:135.0) Gecko\\u002F20100101 Firefox\\u002F135.0\",\"ua\":\"Mozilla\\u002F5.0 (Macintosh; Intel Mac OS X 10.15; rv:135.0) Gecko\\u002F20100101 Firefox\\u002F135.0\",\"requestMadeByBot\":false,\"coords\":{\"country\":\"tr\",\"state\":\"35\",\"city\":\"izmir\",\"latitude\":38.4038,\"longitude\":27.1424}},\"user\":{\"accountType\":\"FULL\",\"guid\":\"18713dec-4f39-4264-b08c-955fc30f3efb\",\"registered\":false,\"tuid\":-1,\"userType\":\"ANONYMOUS\",\"expUserProfileId\":-1,\"softAccount\":false}},\"tc_context\":{\"tcContainerUrl\":\"https:\\u002F\\u002Fcdn.tagcommander.com\\u002F6035\\u002Ftc_hcom_prod.js\",\"enabled\":true},\"brand\":\"hotels\",\"lobDomain\":\"ESTAR_HOME_PAGE\",\"tpid\":3115,\"gaUserId\":-1,\"pageInfo\":{\"lineOfBusiness\":\"Unknown\",\"requestURL\":\"https:\\u002F\\u002Ftr.hotels.com\\u002Fbff\\u002Fpath\\u002F?tpid=3115&eapid=28\",\"funnelLocation\":\"ENTRY\",\"omnitureInfo\":{\"templateId\":\"300000028-tr_TR-Global_Brand-NEW-Hotelscom-Blossom-Homepage\"},\"currency\":\"TRY\",\"language\":\"tr\",\"langId\":\"1055\",\"pageName\":\"Homepage\",\"events\":\"FlexSLPPage\",\"xLineOfBusiness\":\"Unknown\"},\"tuid\":-1,\"Geo\":{\"country\":\"tr\",\"state\":\"35\",\"city\":\"izmir\",\"latitude\":38.4038,\"longitude\":27.1424},\"domain\":\"ESTAR_HOME_PAGE\",\"siteId\":300000028,\"guid\":\"18713dec-4f39-4264-b08c-955fc30f3efb\",\"currencyCode\":\"TRY\"},\"version\":\"9.0.11\",\"applicationName\":\"lotus-home-ui\"},{\"traceId\":\"f2c13c1b-f4ae-46e4-8250-35bf78805d8d\",\"adobeMappedData\":{\"ipaddress\":\"212.253.206.***\",\"server\":\"tr.hotels.com\",\"eVar76\":\"true|GDPR|set=false|yesSelected=false,true|CCPA|set=false|yesSelected=false\",\"eVar20\":\"true|GDPR|set=false|yesSelected=false,true|CCPA|set=false|yesSelected=false\",\"prop60\":\"320-491\",\"userAgent\":\"Mozilla\\u002F5.0 (Macintosh; Intel Mac OS X 10.15; rv:135.0) Gecko\\u002F20100101 Firefox\\u002F135.0\",\"resolution\":\"800x1280\",\"eVar70\":\"3115-28\",\"eVar80\":\"Mozilla\\u002F5.0 (Macintosh; Intel Mac OS X 10.15; rv:135.0) Gecko\\u002F20100101 Firefox\\u002F135.0\",\"pageURL\":\"http:\\u002F\\u002Ftr.hotels.com\\u002F\",\"prop10\":\"f2c13c1b-f4ae-46e4-8250-35bf78805d8d\",\"currencyCode\":\"TRY\",\"prop12\":\"18713dec-4f39-4264-b08c-955fc30f3efb\",\"eVar50\":\"web\",\"eVar61\":\"tr.hotels.com\"},\"creationTimestamp\":1740493307224,\"context\":{\"executeXdid\":true,\"tealiumAccountDetailsPWA\":{\"tealiumAccountName\":\"TEALIUM_OFF\",\"tealiumProfileName\":\"TEALIUM_OFF\"},\"beaconOffConfig\":{\"settings\":{\"sendToAdobeServerSide\":false,\"sendToS3\":false,\"adobeSuiteAccount\":\"expediaglobaluserdev\",\"adobeSuiteUrl\":\"http:\\u002F\\u002Fexpedia.112.2o7.net\\u002Fb\\u002Fss\\u002Fexpediaglobaluserdev\\u002F6\",\"sendToAdobeClientSide\":false},\"bucketing\":{\"bucketValue\":2,\"experimentId\":\"\",\"experimentInstance\":\"\"},\"error\":\"\",\"rulesMatched\":\"ALL_BEACON_OFF\"},\"tealiumAccountDetails\":{\"tealiumAccountName\":\"TEALIUM_OFF\",\"tealiumProfileName\":\"TEALIUM_OFF\"},\"entryPageView\":false,\"beaconEnabled\":true,\"newVisit\":false},\"tealiumUtagData\":{\"siteCountryCode\":\"TR\",\"tpid\":3115,\"pageInfo\":{\"currency\":\"TRY\",\"requestURL\":\"http:\\u002F\\u002Ftr.hotels.com\\u002F\",\"language\":\"tr\"},\"tc_vars\":{\"privacy_gdpr_consent\":true,\"identifiers_session_id\":\"fdf72321-d65a-3ce8-8a76-a7f71aa9c4e0\",\"point_of_sale_eg_pos_id\":\"Unknown\",\"language\":\"tr\",\"search_request_gaia_id\":\"Unknown\",\"point_of_sale_eg_brand_name\":\"hotels\",\"device_information_device_type\":\"DESKTOP\",\"identifiers_tpid\":3115,\"timestamps_received_at\":\"2025-02-25T14:21:47.220966355Z\",\"identifiers_site_id\":300000028,\"host\":\"tr.hotels.com\",\"point_of_sale\":\"Unknown\",\"is_native_app\":false,\"is_EU_POS\":true,\"default_domain\":\"tr.hotels.com\",\"point_of_sale_site_currency_code\":\"TRY\",\"privacy_ccpa_consent\":true,\"identifiers_device_user_agent_id\":\"18713dec-4f39-4264-b08c-955fc30f3efb\",\"isNativeOneCKO\":false,\"point_of_sale_locale\":\"TR\",\"identifiers_event_trace_id\":\"f2c13c1bf4ae46e4825035bf78805d8d\",\"marketing_same_session_marketing_code\":\"direct\",\"request_request_url\":\"http:\\u002F\\u002Ftr.hotels.com\\u002F\",\"environment\":\"prod\",\"line_of_business\":\"Unknown\",\"is_native_app_onecheckout\":false,\"domain\":\"Unknown\"},\"siteName\":\"tr.hotels.com\",\"language\":\"tr\",\"locale\":\"tr_TR\",\"Geo\":{\"country\":\"TR\",\"state\":\"35\",\"city\":\"IZMIR\",\"latitude\":38.4038,\"longitude\":27.1424},\"eapid\":28,\"context\":{\"traceId\":\"f2c13c1bf4ae46e4825035bf78805d8d\",\"site\":{\"companyCode\":\"10113\",\"tpid\":3115,\"eapid\":28,\"brandId\":\"hotels\",\"siteId\":300000028,\"siteName\":\"tr.hotels.com\",\"jurisdictionCode\":\"TUR\",\"managementUnitCode\":\"2230\",\"defaultCountry\":\"TR\"},\"privacyContext\":{\"optInPrivacySelection\":{\"isSet\":false,\"yesSelected\":false},\"dataProtectionGuideline\":\"GDPR\",\"canTrack\":true,\"canSell\":true},\"requestId\":\"f2c13c1b-f4ae-46e4-8250-35bf78805d8d\",\"hopScotchSessionId\":\"fdf72321-d65a-3ce8-8a76-a7f71aa9c4e0\",\"clientInfo\":{\"deviceCharacteristics\":{\"brandName\":\"Firefox\",\"deviceOs\":\"Mac OS X\",\"mobileBrowserVersion\":\"135\",\"resolutionHeight\":800,\"mobile\":false,\"deviceOsVersion\":\"10.15\",\"mobileBrowser\":\"Firefox\",\"physicalScreenHeight\":175,\"modelName\":\"135\",\"tablet\":false,\"resolutionWidth\":1280,\"wirelessDevice\":false,\"physicalScreenWidth\":280},\"os\":\"Mac OS X\",\"ipAddress\":\"212.253.206.***\",\"userAgent\":\"Mozilla\\u002F5.0 (Macintosh; Intel Mac OS X 10.15; rv:135.0) Gecko\\u002F20100101 Firefox\\u002F135.0\",\"ua\":\"Mozilla\\u002F5.0 (Macintosh; Intel Mac OS X 10.15; rv:135.0) Gecko\\u002F20100101 Firefox\\u002F135.0\",\"requestMadeByBot\":false,\"coords\":{\"country\":\"TR\",\"state\":\"35\",\"city\":\"IZMIR\",\"latitude\":38.4038,\"longitude\":27.1424}},\"sessionId\":\"fdf72321-d65a-3ce8-8a76-a7f71aa9c4e0\",\"user\":{\"guid\":\"18713dec-4f39-4264-b08c-955fc30f3efb\"}},\"siteId\":300000028,\"guid\":\"18713dec-4f39-4264-b08c-955fc30f3efb\",\"tc_context\":{\"tcContainerUrl\":\"https:\\u002F\\u002Fcdn.tagcommander.com\\u002F6035\\u002Ftc_hcom_prod.js\",\"enabled\":true},\"brand\":\"hotels\",\"currencyCode\":\"TRY\"},\"version\":\"9.1.5\",\"applicationName\":\"bex-api-metadata\"}],\"analyticsContext\":[{\"traceId\":\"f2c13c1b-f4ae-46e4-8250-35bf78805d8d\",\"adobeMappedData\":{\"ipaddress\":\"212.253.206.***\",\"server\":\"tr.hotels.com\",\"eVar76\":\"true|GDPR|set=false|yesSelected=false,true|CCPA|set=false|yesSelected=false\",\"eVar20\":\"true|GDPR|set=false|yesSelected=false,true|CCPA|set=false|yesSelected=false\",\"prop60\":\"320-491\",\"userAgent\":\"Mozilla\\u002F5.0 (Macintosh; Intel Mac OS X 10.15; rv:135.0) Gecko\\u002F20100101 Firefox\\u002F135.0\",\"resolution\":\"800x1280\",\"eVar70\":\"3115-28\",\"eVar80\":\"Mozilla\\u002F5.0 (Macintosh; Intel Mac OS X 10.15; rv:135.0) Gecko\\u002F20100101 Firefox\\u002F135.0\",\"pageURL\":\"http:\\u002F\\u002Ftr.hotels.com\\u002F\",\"prop10\":\"f2c13c1b-f4ae-46e4-8250-35bf78805d8d\",\"currencyCode\":\"TRY\",\"prop12\":\"18713dec-4f39-4264-b08c-955fc30f3efb\",\"eVar50\":\"web\",\"eVar61\":\"tr.hotels.com\"},\"creationTimestamp\":1740493307224,\"context\":{\"executeXdid\":true,\"tealiumAccountDetailsPWA\":{\"tealiumAccountName\":\"TEALIUM_OFF\",\"tealiumProfileName\":\"TEALIUM_OFF\"},\"beaconOffConfig\":{\"settings\":{\"sendToAdobeServerSide\":false,\"sendToS3\":false,\"adobeSuiteAccount\":\"expediaglobaluserdev\",\"adobeSuiteUrl\":\"http:\\u002F\\u002Fexpedia.112.2o7.net\\u002Fb\\u002Fss\\u002Fexpediaglobaluserdev\\u002F6\",\"sendToAdobeClientSide\":false},\"bucketing\":{\"bucketValue\":2,\"experimentId\":\"\",\"experimentInstance\":\"\"},\"error\":\"\",\"rulesMatched\":\"ALL_BEACON_OFF\"},\"tealiumAccountDetails\":{\"tealiumAccountName\":\"TEALIUM_OFF\",\"tealiumProfileName\":\"TEALIUM_OFF\"},\"entryPageView\":false,\"beaconEnabled\":true,\"newVisit\":false},\"tealiumUtagData\":{\"siteCountryCode\":\"TR\",\"tpid\":3115,\"pageInfo\":{\"currency\":\"TRY\",\"requestURL\":\"http:\\u002F\\u002Ftr.hotels.com\\u002F\",\"language\":\"tr\"},\"tc_vars\":{\"privacy_gdpr_consent\":true,\"identifiers_session_id\":\"fdf72321-d65a-3ce8-8a76-a7f71aa9c4e0\",\"point_of_sale_eg_pos_id\":\"Unknown\",\"language\":\"tr\",\"search_request_gaia_id\":\"Unknown\",\"point_of_sale_eg_brand_name\":\"hotels\",\"device_information_device_type\":\"DESKTOP\",\"identifiers_tpid\":3115,\"timestamps_received_at\":\"2025-02-25T14:21:47.220966355Z\",\"identifiers_site_id\":300000028,\"host\":\"tr.hotels.com\",\"point_of_sale\":\"Unknown\",\"is_native_app\":false,\"is_EU_POS\":true,\"default_domain\":\"tr.hotels.com\",\"point_of_sale_site_currency_code\":\"TRY\",\"privacy_ccpa_consent\":true,\"identifiers_device_user_agent_id\":\"18713dec-4f39-4264-b08c-955fc30f3efb\",\"isNativeOneCKO\":false,\"point_of_sale_locale\":\"TR\",\"identifiers_event_trace_id\":\"f2c13c1bf4ae46e4825035bf78805d8d\",\"marketing_same_session_marketing_code\":\"direct\",\"request_request_url\":\"http:\\u002F\\u002Ftr.hotels.com\\u002F\",\"environment\":\"prod\",\"line_of_business\":\"Unknown\",\"is_native_app_onecheckout\":false,\"domain\":\"Unknown\"},\"siteName\":\"tr.hotels.com\",\"language\":\"tr\",\"locale\":\"tr_TR\",\"Geo\":{\"country\":\"TR\",\"state\":\"35\",\"city\":\"IZMIR\",\"latitude\":38.4038,\"longitude\":27.1424},\"eapid\":28,\"context\":{\"traceId\":\"f2c13c1bf4ae46e4825035bf78805d8d\",\"site\":{\"companyCode\":\"10113\",\"tpid\":3115,\"eapid\":28,\"brandId\":\"hotels\",\"siteId\":300000028,\"siteName\":\"tr.hotels.com\",\"jurisdictionCode\":\"TUR\",\"managementUnitCode\":\"2230\",\"defaultCountry\":\"TR\"},\"privacyContext\":{\"optInPrivacySelection\":{\"isSet\":false,\"yesSelected\":false},\"dataProtectionGuideline\":\"GDPR\",\"canTrack\":true,\"canSell\":true},\"requestId\":\"f2c13c1b-f4ae-46e4-8250-35bf78805d8d\",\"hopScotchSessionId\":\"fdf72321-d65a-3ce8-8a76-a7f71aa9c4e0\",\"clientInfo\":{\"deviceCharacteristics\":{\"brandName\":\"Firefox\",\"deviceOs\":\"Mac OS X\",\"mobileBrowserVersion\":\"135\",\"resolutionHeight\":800,\"mobile\":false,\"deviceOsVersion\":\"10.15\",\"mobileBrowser\":\"Firefox\",\"physicalScreenHeight\":175,\"modelName\":\"135\",\"tablet\":false,\"resolutionWidth\":1280,\"wirelessDevice\":false,\"physicalScreenWidth\":280},\"os\":\"Mac OS X\",\"ipAddress\":\"212.253.206.***\",\"userAgent\":\"Mozilla\\u002F5.0 (Macintosh; Intel Mac OS X 10.15; rv:135.0) Gecko\\u002F20100101 Firefox\\u002F135.0\",\"ua\":\"Mozilla\\u002F5.0 (Macintosh; Intel Mac OS X 10.15; rv:135.0) Gecko\\u002F20100101 Firefox\\u002F135.0\",\"requestMadeByBot\":false,\"coords\":{\"country\":\"TR\",\"state\":\"35\",\"city\":\"IZMIR\",\"latitude\":38.4038,\"longitude\":27.1424}},\"sessionId\":\"fdf72321-d65a-3ce8-8a76-a7f71aa9c4e0\",\"user\":{\"guid\":\"18713dec-4f39-4264-b08c-955fc30f3efb\"}},\"siteId\":300000028,\"guid\":\"18713dec-4f39-4264-b08c-955fc30f3efb\",\"tc_context\":{\"tcContainerUrl\":\"https:\\u002F\\u002Fcdn.tagcommander.com\\u002F6035\\u002Ftc_hcom_prod.js\",\"enabled\":true},\"brand\":\"hotels\",\"currencyCode\":\"TRY\"},\"version\":\"9.1.5\",\"applicationName\":\"bex-api-metadata\"}],\"delayPageUsable\":false,\"logEvents\":false,\"userAgent\":{\"browser\":{\"name\":\"Firefox\",\"version\":\"135.0\",\"major\":\"135\"},\"device\":{\"vendor\":\"Apple\",\"model\":\"Macintosh\"},\"engine\":{\"name\":\"Gecko\",\"version\":\"135.0\"},\"os\":{\"name\":\"Mac OS\",\"version\":\"10.15\"},\"userAgent\":\"Mozilla\\u002F5.0 (Macintosh; Intel Mac OS X 10.15; rv:135.0) Gecko\\u002F20100101 Firefox\\u002F135.0\"},\"bernieAnalytics\":{\"additionalAnalyticsContext\":{\"applicationName\":\"lotus-home-ui\",\"awsRegion\":\"us-east-1\",\"applicationReleaseVersion\":\"master-branch-47f0ba54a13bd7868e0d9225843b03ac54b7de7e\",\"applicationReleaseVariant\":\"primary\"},\"platformAnalytics\":{}}},\"page\":{\"viewId\":\"c34869fc-0a8c-4da2-be13-fead4f9d7bb3\",\"title\":\"Hotels.com - Lüks Otellerden Uygun Fiyatlı Konaklama Birimlerine Kadar İndirimli Rezervasyon ve Satış\",\"pageName\":\"Homepage\",\"clickstreamPageName\":\"Home\",\"clickstreamPageNameDetailed\":\"Home\",\"pageId\":\"Homepage,U,10\",\"appName\":\"lotus-home-ui\",\"localization\":{\"src\":\"https:\\u002F\\u002Fc.travel-assets.com\\u002Flotus-home-ui\\u002Fl10nBundle\\u002Ftr_TR.32cd22e0bedc6ac91ac7.js\",\"async\":false,\"defer\":false}},\"flexViewModel\":{\"trackingContext\":{\"props\":{\"templateId\":\"300000028-tr_TR-Global_Brand-NEW-Hotelscom-Blossom-Homepage\"},\"pageName\":\"Homepage\",\"lineOfBusiness\":\"home\",\"templateId\":null},\"userLocation\":{\"latitude\":38.4038,\"longitude\":27.1424},\"structuredData\":null},\"experienceTemplateStore\":{\"id\":\"fallback-static-template\",\"version\":\"0.0.1\",\"components\":[{\"type\":\"region\",\"metadata\":{\"id\":\"region-0\",\"name\":\"region\",\"publisher\":\"experience-template-configurations\"},\"config\":{\"name\":\"Hidden-H1\",\"width\":100},\"children\":[{\"type\":\"page-heading\",\"metadata\":{\"id\":\"page-heading-1\",\"name\":\"page-heading\",\"publisher\":\"experience-template-configurations\"},\"config\":{\"clientSideOnly\":true,\"view\":\"hidden\"},\"children\":[]}]},{\"type\":\"region\",\"metadata\":{\"id\":\"region-1\",\"name\":\"region\",\"publisher\":\"experience-template-configurations\"},\"config\":{\"name\":\"Hidden-H2\",\"width\":100},\"children\":[{\"type\":\"page-heading_wizard\",\"metadata\":{\"id\":\"page-heading_wizard-2\",\"name\":\"page-heading_wizard\",\"publisher\":\"experience-template-configurations\"},\"config\":{\"view\":\"hidden\",\"clientSideOnly\":true},\"children\":[]}]},{\"type\":\"region\",\"metadata\":{\"id\":\"region-2\",\"name\":\"region\",\"publisher\":\"experience-template-configurations\"},\"config\":{\"brandModulePadding\":\"bex_padding\",\"name\":\"REGION Template Test\",\"width\":100},\"children\":[{\"type\":\"region\",\"metadata\":{\"id\":\"region-3\",\"name\":\"region\",\"publisher\":\"experience-template-configurations\"},\"config\":{\"name\":\"Search Form\",\"width\":100},\"children\":[{\"type\":\"multi-product-search-form\",\"metadata\":{\"id\":\"multi-product-search-form-3\",\"name\":\"multi-product-search-form\",\"publisher\":\"experience-template-configurations\"},\"config\":{\"enablePriceCalendar\":false,\"clientSideOnly\":true},\"children\":[]}]}]}]},\"compositionStore\":{\"pageHeading\":\"Nereye?\",\"pageSubHeadline\":null,\"title\":\"Hotels.com - Lüks Otellerden Uygun Fiyatlı Konaklama Birimlerine Kadar İndirimli Rezervasyon ve Satış\",\"templateId\":\"300000028-tr_TR-Global_Brand-NEW-Hotelscom-Blossom-Homepage\",\"canonicalPath\":\"\\u002F\",\"composition\":{\"templateId\":41877,\"templateName\":\"NEW-Hotelscom-Blossom-Homepage\",\"templateVersion\":137,\"title\":\"Hotels.com - Lüks Otellerden Uygun Fiyatlı Konaklama Birimlerine Kadar İndirimli Rezervasyon ve Satış\",\"pageHeading\":\"Nereye?\",\"pageSubHeadline\":null,\"meta\":{\"description\":\"Hotels.com | Hotels.com’dan rezervasyon yaparak uygun fiyatlı oteller bulun ve indirimlerden yararlanın. Otel fiyatlarını ve teklifleri karşılaştırın, oteller hakkındaki tarafsız yorumları okuyun.\"},\"href\":[],\"layout\":\"flow\",\"layoutProperties\":{\"fmId\":2816000,\"fmType\":\"LAYOUT\",\"id\":\"flow\"},\"page\":{\"regionList\":[{\"type\":\"Region\",\"name\":\"BexPaddingRegion\",\"id\":\"region-3491276\",\"fmId\":3491276,\"fmTitleId\":null,\"model\":{\"fmId\":3491276,\"templateName\":\"NEW-Hotelscom-Blossom-Homepage\",\"fmType\":\"REGION\",\"name\":\"BexPaddingRegion\",\"width\":\"100\",\"scene\":\"\",\"brandModulePadding\":\"bex_padding\",\"empty\":false},\"modules\":[{\"type\":\"Region\",\"name\":\"HeroCardRegionV1\",\"id\":\"region-3491274\",\"fmId\":3491274,\"fmTitleId\":null,\"model\":{\"backgroundImageRatio\":\"16-9\",\"experimentBucket\":1,\"backgroundImage\":\"https:\\u002F\\u002Fforever.travel-assets.com\\u002Fflex\\u002Fflexmanager\\u002Fimages\\u002F2025\\u002F01\\u002F28\\u002FPD2_00227_HCOM_ICA_DUBAI_BAB_AL_SHAMS_0771.jpg\",\"title\":\"Sizin için mükemmel yeri bulun™\",\"experimentType\":\"GUID\",\"scene\":\"\",\"empty\":false,\"view\":\"destination-hero-card\",\"fmId\":3491274,\"templateName\":\"NEW-Hotelscom-Blossom-Homepage\",\"fmType\":\"REGION\",\"name\":\"HeroCardRegionV1\",\"width\":\"100\",\"experimentName\":\"HCOM_HERO_IMAGE_BEHIND_SEARCH_FORM\"},\"modules\":[{\"type\":\"Module\",\"name\":\"lodging-search-form\",\"id\":\"lodging-search-form-1\",\"fmId\":3491275,\"fmTitleId\":null,\"model\":{\"fmId\":3491275,\"clientSideOnly\":\"true\",\"templateName\":\"NEW-Hotelscom-Blossom-Homepage\",\"fmType\":\"MODULE\",\"name\":\"lodging-search-form\",\"scene\":\"\"},\"groups\":null,\"children\":null,\"module\":true,\"experimentFailed\":false,\"clientSideOnly\":\"true\"}],\"experimentFailed\":false,\"module\":false,\"view\":\"destination-hero-card\"}],\"experimentFailed\":false,\"module\":false},{\"type\":\"Region\",\"name\":\"Popup Sheet Banners\",\"id\":\"region-2816062\",\"fmId\":2816062,\"fmTitleId\":null,\"model\":{\"fmId\":2816062,\"templateName\":\"NEW-Hotelscom-Blossom-Homepage\",\"fmType\":\"REGION\",\"name\":\"Popup Sheet Banners\",\"width\":\"100\",\"scene\":\"\",\"empty\":false},\"modules\":[{\"type\":\"Module\",\"name\":\"customer-notifications\",\"id\":\"customer-notifications-1\",\"fmId\":2816063,\"fmTitleId\":null,\"model\":{\"fmId\":2816063,\"clientSideOnly\":\"true\",\"templateName\":\"NEW-Hotelscom-Blossom-Homepage\",\"fmType\":\"MODULE\",\"name\":\"customer-notifications\",\"location\":\"POPUP\",\"moduleTitleKey\":\"customer-notifications\",\"scene\":\"\"},\"groups\":null,\"children\":null,\"module\":true,\"experimentFailed\":false,\"clientSideOnly\":\"true\"}],\"experimentFailed\":false,\"module\":false},{\"type\":\"Region\",\"name\":\"OneKeyOnboarding\",\"id\":\"region-3144779\",\"fmId\":3144779,\"fmTitleId\":null,\"model\":{\"fmId\":3144779,\"templateName\":\"NEW-Hotelscom-Blossom-Homepage\",\"fmType\":\"REGION\",\"name\":\"OneKeyOnboarding\",\"width\":\"100\",\"scene\":\"\",\"brandModulePadding\":\"bex_padding\",\"empty\":false},\"modules\":[{\"type\":\"Module\",\"name\":\"one-key-onboarding\",\"id\":\"one-key-onboarding-1\",\"fmId\":3144780,\"fmTitleId\":null,\"model\":{\"fmId\":3144780,\"clientSideOnly\":\"true\",\"templateName\":\"NEW-Hotelscom-Blossom-Homepage\",\"fmType\":\"MODULE\",\"name\":\"one-key-onboarding\",\"scene\":\"\"},\"groups\":null,\"children\":null,\"module\":true,\"experimentFailed\":false,\"clientSideOnly\":\"true\"}],\"experimentFailed\":false,\"module\":false},{\"type\":\"Region\",\"name\":\"After Wizard Banner Region\",\"id\":\"region-3434432\",\"fmId\":3434432,\"fmTitleId\":null,\"model\":{\"fmId\":3434432,\"templateName\":\"NEW-Hotelscom-Blossom-Homepage\",\"fmType\":\"REGION\",\"name\":\"After Wizard Banner Region\",\"width\":\"100\",\"scene\":\"\",\"brandModulePadding\":\"bex_padding\",\"empty\":false},\"modules\":[{\"type\":\"Region\",\"name\":\"Managed Banner region\",\"id\":\"region-3434421\",\"fmId\":3434421,\"fmTitleId\":null,\"model\":{\"spacingContainer\":\"four\",\"experimentBucket\":0,\"experimentType\":\"GUID\",\"scene\":\"\",\"empty\":false,\"view\":\"spacing-container\",\"fmId\":3434421,\"templateName\":\"NEW-Hotelscom-Blossom-Homepage\",\"fmType\":\"REGION\",\"name\":\"Managed Banner region\",\"width\":\"100\",\"hasBorder\":false,\"experimentName\":\"eg_one_key_client\"},\"modules\":[{\"type\":\"Region\",\"name\":\"Managed Banner Auth\",\"id\":\"region-3434422\",\"fmId\":3434422,\"fmTitleId\":null,\"model\":{\"view\":\"auth-container\",\"fmId\":3434422,\"templateName\":\"NEW-Hotelscom-Blossom-Homepage\",\"experimentBucket\":1,\"fmType\":\"REGION\",\"name\":\"Managed Banner Auth\",\"width\":\"100\",\"authLevel\":\"ANONYMOUS\",\"experimentName\":\"Managed_Banner_After_Wizard_Web_Toggle\",\"experimentType\":\"GUID\",\"scene\":\"\",\"empty\":false},\"modules\":[{\"type\":\"Module\",\"name\":\"managed-banner-wrapper\",\"id\":\"managed-banner-wrapper-1\",\"fmId\":3434423,\"fmTitleId\":null,\"model\":{\"contentTopic\":\"signin-banner_after-wizard\",\"fmId\":3434423,\"clientSideOnly\":\"true\",\"templateName\":\"NEW-Hotelscom-Blossom-Homepage\",\"fmType\":\"MODULE\",\"name\":\"managed-banner-wrapper\",\"showBorder\":false,\"scene\":\"\"},\"groups\":null,\"children\":null,\"module\":true,\"experimentFailed\":false,\"clientSideOnly\":\"true\"}],\"experimentFailed\":false,\"module\":false,\"view\":\"auth-container\"}],\"experimentFailed\":false,\"module\":false,\"view\":\"spacing-container\"}],\"experimentFailed\":false,\"module\":false},{\"type\":\"Region\",\"name\":\"Main\",\"id\":\"region-3335673\",\"fmId\":3335673,\"fmTitleId\":null,\"model\":{\"backgroundColor\":\"white\",\"fmId\":3335673,\"templateName\":\"NEW-Hotelscom-Blossom-Homepage\",\"fmType\":\"REGION\",\"name\":\"Main\",\"width\":\"100\",\"scene\":\"\",\"brandModulePadding\":\"bex_padding\",\"empty\":true},\"modules\":[],\"experimentFailed\":false,\"module\":false},{\"type\":\"Region\",\"name\":\"Auth Wrapper\",\"id\":\"region-3128742\",\"fmId\":3128742,\"fmTitleId\":null,\"model\":{\"fmId\":3128742,\"templateName\":\"NEW-Hotelscom-Blossom-Homepage\",\"fmType\":\"REGION\",\"name\":\"Auth Wrapper\",\"width\":\"100\",\"authLevel\":\"AUTHENTICATED\",\"scene\":\"\",\"brandModulePadding\":\"bex_padding\",\"empty\":false},\"modules\":[{\"type\":\"Region\",\"name\":\"FinishYourBookingRegion\",\"id\":\"region-3128740\",\"fmId\":3128740,\"fmTitleId\":null,\"model\":{\"view\":\"spacing-container\",\"fmId\":3128740,\"spacingContainer\":\"three\",\"templateName\":\"NEW-Hotelscom-Blossom-Homepage\",\"experimentBucket\":1,\"fmType\":\"REGION\",\"name\":\"FinishYourBookingRegion\",\"width\":\"100\",\"experimentName\":\"Home_Finish_Your_Booking_Web\",\"experimentType\":\"GUID\",\"scene\":\"\",\"empty\":false},\"modules\":[{\"type\":\"Module\",\"name\":\"finish-your-booking\",\"id\":\"finish-your-booking-1\",\"fmId\":3128741,\"fmTitleId\":null,\"model\":{\"fmId\":3128741,\"clientSideOnly\":\"true\",\"templateName\":\"NEW-Hotelscom-Blossom-Homepage\",\"fmType\":\"MODULE\",\"name\":\"finish-your-booking\",\"scene\":\"\"},\"groups\":null,\"children\":null,\"module\":true,\"experimentFailed\":false,\"clientSideOnly\":\"true\"}],\"experimentFailed\":false,\"module\":false,\"view\":\"spacing-container\"}],\"experimentFailed\":false,\"module\":false},{\"type\":\"Region\",\"name\":\"MAIN-Auth\",\"id\":\"region-3208040\",\"fmId\":3208040,\"fmTitleId\":null,\"model\":{\"fmId\":3208040,\"templateName\":\"NEW-Hotelscom-Blossom-Homepage\",\"fmType\":\"REGION\",\"name\":\"MAIN-Auth\",\"width\":\"100\",\"authLevel\":\"AUTHENTICATED\",\"scene\":\"\",\"brandModulePadding\":\"bex_padding\",\"empty\":false},\"modules\":[{\"type\":\"Region\",\"name\":\"UpcomingTripAttach\",\"id\":\"region-3208041\",\"fmId\":3208041,\"fmTitleId\":null,\"model\":{\"view\":\"spacing-container\",\"fmId\":3208041,\"spacingContainer\":\"four\",\"templateName\":\"NEW-Hotelscom-Blossom-Homepage\",\"fmType\":\"REGION\",\"name\":\"UpcomingTripAttach\",\"width\":\"100\",\"scene\":\"\",\"empty\":false},\"modules\":[{\"type\":\"Module\",\"name\":\"mojo\",\"id\":\"mojo-1\",\"fmId\":3208042,\"fmTitleId\":null,\"model\":{\"fmId\":3208042,\"clientSideOnly\":\"true\",\"placementId\":\"next-upcoming-and-trip-attach\",\"templateName\":\"NEW-Hotelscom-Blossom-Homepage\",\"fmType\":\"MODULE\",\"name\":\"mojo\",\"scene\":\"\"},\"groups\":null,\"children\":null,\"module\":true,\"experimentFailed\":false,\"clientSideOnly\":\"true\"}],\"experimentFailed\":false,\"module\":false,\"view\":\"spacing-container\"}],\"experimentFailed\":false,\"module\":false},{\"type\":\"Region\",\"name\":\"MAIN-Auth\",\"id\":\"region-3389615\",\"fmId\":3389615,\"fmTitleId\":null,\"model\":{\"fmId\":3389615,\"templateName\":\"NEW-Hotelscom-Blossom-Homepage\",\"fmType\":\"REGION\",\"name\":\"MAIN-Auth\",\"width\":\"100\",\"authLevel\":\"AUTHENTICATED\",\"scene\":\"\",\"brandModulePadding\":\"bex_padding\",\"empty\":false},\"modules\":[{\"type\":\"Region\",\"name\":\"SavedBookedTrips\",\"id\":\"region-3389616\",\"fmId\":3389616,\"fmTitleId\":null,\"model\":{\"view\":\"spacing-container\",\"fmId\":3389616,\"spacingContainer\":\"four\",\"templateName\":\"NEW-Hotelscom-Blossom-Homepage\",\"fmType\":\"REGION\",\"name\":\"SavedBookedTrips\",\"width\":\"100\",\"scene\":\"\",\"empty\":false},\"modules\":[{\"type\":\"Module\",\"name\":\"mojo\",\"id\":\"mojo-2\",\"fmId\":3389617,\"fmTitleId\":null,\"model\":{\"fmId\":3389617,\"clientSideOnly\":\"true\",\"placementId\":\"saved-trips\",\"templateName\":\"NEW-Hotelscom-Blossom-Homepage\",\"fmType\":\"MODULE\",\"name\":\"mojo\",\"scene\":\"\"},\"groups\":null,\"children\":null,\"module\":true,\"experimentFailed\":false,\"clientSideOnly\":\"true\"}],\"experimentFailed\":false,\"module\":false,\"view\":\"spacing-container\"}],\"experimentFailed\":false,\"module\":false},{\"type\":\"Region\",\"name\":\"RecentSearchesRegion\",\"id\":\"region-2816064\",\"fmId\":2816064,\"fmTitleId\":null,\"model\":{\"fmId\":2816064,\"templateName\":\"NEW-Hotelscom-Blossom-Homepage\",\"fmType\":\"REGION\",\"name\":\"RecentSearchesRegion\",\"width\":\"100\",\"scene\":\"\",\"brandModulePadding\":\"bex_padding\",\"empty\":false},\"modules\":[{\"type\":\"Region\",\"name\":\"spacing container\",\"id\":\"region-3235963\",\"fmId\":3235963,\"fmTitleId\":null,\"model\":{\"view\":\"spacing-container\",\"fmId\":3235963,\"spacingContainer\":\"four\",\"templateName\":\"NEW-Hotelscom-Blossom-Homepage\",\"fmType\":\"REGION\",\"name\":\"spacing container\",\"width\":\"100\",\"scene\":\"\",\"empty\":false},\"modules\":[{\"type\":\"Module\",\"name\":\"recent-searches\",\"id\":\"recent-searches-1\",\"fmId\":3235964,\"fmTitleId\":null,\"model\":{\"fmId\":3235964,\"clientSideOnly\":\"true\",\"templateName\":\"NEW-Hotelscom-Blossom-Homepage\",\"fmType\":\"MODULE\",\"name\":\"recent-searches\",\"scene\":\"\"},\"groups\":null,\"children\":null,\"module\":true,\"experimentFailed\":false,\"clientSideOnly\":\"true\"}],\"experimentFailed\":false,\"module\":false,\"view\":\"spacing-container\"}],\"experimentFailed\":false,\"module\":false},{\"type\":\"Region\",\"name\":\"RecentAcitivitiesAuthenticated\",\"id\":\"region-3230601\",\"fmId\":3230601,\"fmTitleId\":null,\"model\":{\"view\":\"auth-container\",\"fmId\":3230601,\"templateName\":\"NEW-Hotelscom-Blossom-Homepage\",\"fmType\":\"REGION\",\"name\":\"RecentAcitivitiesAuthenticated\",\"width\":\"100\",\"authLevel\":\"AUTHENTICATED\",\"scene\":\"\",\"empty\":false},\"modules\":[{\"type\":\"Region\",\"name\":\"Recent Activities\",\"id\":\"region-3230602\",\"fmId\":3230602,\"fmTitleId\":null,\"model\":{\"fmId\":3230602,\"templateName\":\"NEW-Hotelscom-Blossom-Homepage\",\"fmType\":\"REGION\",\"name\":\"Recent Activities\",\"width\":\"100\",\"scene\":\"\",\"brandModulePadding\":\"bex_padding\",\"empty\":false},\"modules\":[{\"type\":\"Region\",\"name\":\"spacing container\",\"id\":\"region-3230603\",\"fmId\":3230603,\"fmTitleId\":null,\"model\":{\"view\":\"spacing-container\",\"fmId\":3230603,\"spacingContainer\":\"four\",\"templateName\":\"NEW-Hotelscom-Blossom-Homepage\",\"fmType\":\"REGION\",\"name\":\"spacing container\",\"width\":\"100\",\"scene\":\"\",\"empty\":false},\"modules\":[{\"type\":\"Module\",\"name\":\"recent-activities-module\",\"id\":\"recent-activities-module-1\",\"fmId\":3230604,\"fmTitleId\":null,\"model\":{\"fmId\":3230604,\"clientSideOnly\":\"true\",\"typeFilter\":[\"VIEWED_PRODUCTS\"],\"templateName\":\"NEW-Hotelscom-Blossom-Homepage\",\"fmType\":\"MODULE\",\"contentSize\":\"UBER_ABBREVIATED_RATING\",\"name\":\"recent-activities-module\",\"entity\":\"LODGING\",\"scene\":\"\"},\"groups\":null,\"children\":null,\"module\":true,\"experimentFailed\":false,\"clientSideOnly\":\"true\"}],\"experimentFailed\":false,\"module\":false,\"view\":\"spacing-container\"}],\"experimentFailed\":false,\"module\":false}],\"experimentFailed\":false,\"module\":false,\"view\":\"auth-container\"},{\"type\":\"Region\",\"name\":\"RecentAcitivitiesAnonymous\",\"id\":\"region-3230605\",\"fmId\":3230605,\"fmTitleId\":null,\"model\":{\"view\":\"auth-container\",\"fmId\":3230605,\"templateName\":\"NEW-Hotelscom-Blossom-Homepage\",\"fmType\":\"REGION\",\"name\":\"RecentAcitivitiesAnonymous\",\"width\":\"100\",\"authLevel\":\"ANONYMOUS\",\"scene\":\"\",\"empty\":false},\"modules\":[{\"type\":\"Region\",\"name\":\"Recent Activities\",\"id\":\"region-3230606\",\"fmId\":3230606,\"fmTitleId\":null,\"model\":{\"fmId\":3230606,\"templateName\":\"NEW-Hotelscom-Blossom-Homepage\",\"fmType\":\"REGION\",\"name\":\"Recent Activities\",\"width\":\"100\",\"scene\":\"\",\"brandModulePadding\":\"bex_padding\",\"empty\":false},\"modules\":[{\"type\":\"Region\",\"name\":\"spacing container\",\"id\":\"region-3230607\",\"fmId\":3230607,\"fmTitleId\":null,\"model\":{\"view\":\"spacing-container\",\"fmId\":3230607,\"spacingContainer\":\"four\",\"templateName\":\"NEW-Hotelscom-Blossom-Homepage\",\"fmType\":\"REGION\",\"name\":\"spacing container\",\"width\":\"100\",\"scene\":\"\",\"empty\":false},\"modules\":[{\"type\":\"Module\",\"name\":\"recent-activities-module\",\"id\":\"recent-activities-module-2\",\"fmId\":3230608,\"fmTitleId\":null,\"model\":{\"fmId\":3230608,\"clientSideOnly\":\"true\",\"typeFilter\":[\"VIEWED_PRODUCTS\"],\"templateName\":\"NEW-Hotelscom-Blossom-Homepage\",\"fmType\":\"MODULE\",\"contentSize\":\"UBER_ABBREVIATED_RATING\",\"name\":\"recent-activities-module\",\"entity\":\"LODGING\",\"scene\":\"\"},\"groups\":null,\"children\":null,\"module\":true,\"experimentFailed\":false,\"clientSideOnly\":\"true\"}],\"experimentFailed\":false,\"module\":false,\"view\":\"spacing-container\"}],\"experimentFailed\":false,\"module\":false}],\"experimentFailed\":false,\"module\":false,\"view\":\"auth-container\"},{\"type\":\"Region\",\"name\":\"ValuePropositionBannerRegion\",\"id\":\"region-3208049\",\"fmId\":3208049,\"fmTitleId\":null,\"model\":{\"fmId\":3208049,\"templateName\":\"NEW-Hotelscom-Blossom-Homepage\",\"experimentBucket\":0,\"fmType\":\"REGION\",\"name\":\"ValuePropositionBannerRegion\",\"width\":\"100\",\"experimentName\":\"Slim_brand_non_US_Feature_Gate\",\"experimentType\":\"GUID\",\"scene\":\"\",\"brandModulePadding\":\"bex_padding\",\"empty\":false},\"modules\":[{\"type\":\"Region\",\"name\":\"SpacingContainer\",\"id\":\"region-3389618\",\"fmId\":3389618,\"fmTitleId\":null,\"model\":{\"view\":\"spacing-container\",\"fmId\":3389618,\"spacingContainer\":\"four\",\"templateName\":\"NEW-Hotelscom-Blossom-Homepage\",\"fmType\":\"REGION\",\"name\":\"SpacingContainer\",\"width\":\"100\",\"scene\":\"\",\"empty\":false},\"modules\":[{\"type\":\"Module\",\"name\":\"value-proposition-banner\",\"id\":\"value-proposition-banner-1\",\"fmId\":3389610,\"fmTitleId\":null,\"model\":{\"fmId\":3389610,\"clientSideOnly\":\"true\",\"templateName\":\"NEW-Hotelscom-Blossom-Homepage\",\"fmType\":\"MODULE\",\"name\":\"value-proposition-banner\",\"scene\":\"\"},\"groups\":null,\"children\":null,\"module\":true,\"experimentFailed\":false,\"clientSideOnly\":\"true\"}],\"experimentFailed\":false,\"module\":false,\"view\":\"spacing-container\"}],\"experimentFailed\":false,\"module\":false},{\"type\":\"Region\",\"name\":\"MAIN\",\"id\":\"region-3208053\",\"fmId\":3208053,\"fmTitleId\":null,\"model\":{\"fmId\":3208053,\"templateName\":\"NEW-Hotelscom-Blossom-Homepage\",\"fmType\":\"REGION\",\"name\":\"MAIN\",\"width\":\"100\",\"scene\":\"\",\"brandModulePadding\":\"bex_padding\",\"empty\":false},\"modules\":[{\"type\":\"Region\",\"name\":\"Property Types\",\"id\":\"region-3208054\",\"fmId\":3208054,\"fmTitleId\":null,\"model\":{\"view\":\"spacing-container\",\"fmId\":3208054,\"spacingContainer\":\"three\",\"templateName\":\"NEW-Hotelscom-Blossom-Homepage\",\"fmType\":\"REGION\",\"name\":\"Property Types\",\"width\":\"100\",\"scene\":\"\",\"empty\":false},\"modules\":[{\"type\":\"Module\",\"name\":\"property-types-carousel\",\"id\":\"property-types-carousel-1\",\"fmId\":3208055,\"fmTitleId\":null,\"model\":{\"fmId\":3208055,\"clientSideOnly\":\"true\",\"templateName\":\"NEW-Hotelscom-Blossom-Homepage\",\"fmType\":\"MODULE\",\"name\":\"property-types-carousel\",\"scene\":\"\"},\"groups\":null,\"children\":null,\"module\":true,\"experimentFailed\":false,\"clientSideOnly\":\"true\"}],\"experimentFailed\":false,\"module\":false,\"view\":\"spacing-container\"},{\"type\":\"Region\",\"name\":\"NonLazyLoad\",\"id\":\"region-3484393\",\"fmId\":3484393,\"fmTitleId\":null,\"model\":{\"fmId\":3484393,\"templateName\":\"NEW-Hotelscom-Blossom-Homepage\",\"experimentBucket\":0,\"fmType\":\"REGION\",\"name\":\"NonLazyLoad\",\"width\":\"100\",\"experimentName\":\"Black_Friday_throttle\",\"experimentType\":\"GUID\",\"scene\":\"\",\"empty\":true},\"modules\":[],\"experimentFailed\":false,\"module\":false}],\"experimentFailed\":false,\"module\":false},{\"type\":\"Region\",\"name\":\"Property Recs\",\"id\":\"region-3253750\",\"fmId\":3253750,\"fmTitleId\":null,\"model\":{\"fmId\":3253750,\"templateName\":\"NEW-Hotelscom-Blossom-Homepage\",\"fmType\":\"REGION\",\"name\":\"Property Recs\",\"width\":\"100\",\"scene\":\"\",\"brandModulePadding\":\"bex_padding\",\"empty\":false},\"modules\":[{\"type\":\"Region\",\"name\":\"spacing container\",\"id\":\"region-3253751\",\"fmId\":3253751,\"fmTitleId\":null,\"model\":{\"view\":\"spacing-container\",\"fmId\":3253751,\"spacingContainer\":\"three\",\"templateName\":\"NEW-Hotelscom-Blossom-Homepage\",\"fmType\":\"REGION\",\"name\":\"spacing container\",\"width\":\"100\",\"scene\":\"\",\"empty\":false},\"modules\":[{\"type\":\"Region\",\"name\":\"lazy load\",\"id\":\"region-3253739\",\"fmId\":3253739,\"fmTitleId\":null,\"model\":{\"view\":\"lazy-load\",\"fmId\":3253739,\"templateName\":\"NEW-Hotelscom-Blossom-Homepage\",\"fmType\":\"REGION\",\"name\":\"lazy load\",\"width\":\"100\",\"scene\":\"\",\"empty\":false},\"modules\":[{\"type\":\"Module\",\"name\":\"personalized-offers-recommendation\",\"id\":\"personalized-offers-recommendation-1\",\"fmId\":3253740,\"fmTitleId\":null,\"model\":{\"fmId\":3253740,\"clientSideOnly\":\"true\",\"templateName\":\"NEW-Hotelscom-Blossom-Homepage\",\"fmType\":\"MODULE\",\"name\":\"personalized-offers-recommendation\",\"scene\":\"\"},\"groups\":null,\"children\":null,\"module\":true,\"experimentFailed\":false,\"clientSideOnly\":\"true\"}],\"experimentFailed\":false,\"module\":false,\"view\":\"lazy-load\"}],\"experimentFailed\":false,\"module\":false,\"view\":\"spacing-container\"}],\"experimentFailed\":false,\"module\":false},{\"type\":\"Region\",\"name\":\"Merch Hero\",\"id\":\"region-3263851\",\"fmId\":3263851,\"fmTitleId\":null,\"model\":{\"fmId\":3263851,\"templateName\":\"NEW-Hotelscom-Blossom-Homepage\",\"experimentBucket\":0,\"fmType\":\"REGION\",\"name\":\"Merch Hero\",\"width\":\"100\",\"experimentName\":\"Black_Friday_throttle\",\"experimentType\":\"GUID\",\"scene\":\"\",\"brandModulePadding\":\"bex_padding\",\"empty\":false},\"modules\":[{\"type\":\"Region\",\"name\":\"Spacing Container\",\"id\":\"region-3263852\",\"fmId\":3263852,\"fmTitleId\":null,\"model\":{\"view\":\"spacing-container\",\"fmId\":3263852,\"spacingContainer\":\"three\",\"templateName\":\"NEW-Hotelscom-Blossom-Homepage\",\"fmType\":\"REGION\",\"name\":\"Spacing Container\",\"width\":\"100\",\"scene\":\"\",\"empty\":false},\"modules\":[{\"type\":\"Module\",\"name\":\"mojo\",\"id\":\"mojo-3\",\"fmId\":3282240,\"fmTitleId\":null,\"model\":{\"fmId\":3282240,\"clientSideOnly\":\"true\",\"placementId\":\"home-merch-hero-1\",\"templateName\":\"NEW-Hotelscom-Blossom-Homepage\",\"fmType\":\"MODULE\",\"name\":\"mojo\",\"scene\":\"\"},\"groups\":null,\"children\":null,\"module\":true,\"experimentFailed\":false,\"clientSideOnly\":\"true\"}],\"experimentFailed\":false,\"module\":false,\"view\":\"spacing-container\"}],\"experimentFailed\":false,\"module\":false},{\"type\":\"Region\",\"name\":\"LazyLoad\",\"id\":\"region-3312248\",\"fmId\":3312248,\"fmTitleId\":null,\"model\":{\"view\":\"lazy-load\",\"fmId\":3312248,\"templateName\":\"NEW-Hotelscom-Blossom-Homepage\",\"fmType\":\"REGION\",\"name\":\"LazyLoad\",\"width\":\"100\",\"scene\":\"\",\"empty\":false},\"modules\":[{\"type\":\"Region\",\"name\":\"Destination Recommendation\",\"id\":\"region-3481915\",\"fmId\":3481915,\"fmTitleId\":null,\"model\":{\"fmId\":3481915,\"templateName\":\"NEW-Hotelscom-Blossom-Homepage\",\"experimentBucket\":1,\"fmType\":\"REGION\",\"name\":\"Destination Recommendation\",\"width\":\"100\",\"experimentName\":\"Web_Introduce_Average_Lodging_Price_on_Destination_Recommendation_Cards\",\"experimentType\":\"GUID\",\"scene\":\"\",\"brandModulePadding\":\"bex_padding\",\"empty\":false},\"modules\":[{\"type\":\"Region\",\"name\":\"Spacing container\",\"id\":\"region-3481916\",\"fmId\":3481916,\"fmTitleId\":null,\"model\":{\"view\":\"spacing-container\",\"fmId\":3481916,\"spacingContainer\":\"three\",\"templateName\":\"NEW-Hotelscom-Blossom-Homepage\",\"fmType\":\"REGION\",\"name\":\"Spacing container\",\"width\":\"100\",\"scene\":\"\",\"empty\":false},\"modules\":[{\"type\":\"Module\",\"name\":\"retail-recommendation-personalized-module\",\"id\":\"retail-recommendation-personalized-module-1\",\"fmId\":3481917,\"fmTitleId\":null,\"model\":{\"fmId\":3481917,\"cardContentSize\":\"FOUNDATION\",\"clientSideOnly\":\"true\",\"legacyPriceLeftAlignment\":true,\"templateName\":\"NEW-Hotelscom-Blossom-Homepage\",\"containerType\":\"CAROUSEL\",\"isPillsView\":false,\"fmType\":\"MODULE\",\"name\":\"retail-recommendation-personalized-module\",\"skipSsr\":false,\"scene\":\"\",\"configurationIdentifier\":\"145\"},\"groups\":null,\"children\":null,\"module\":true,\"experimentFailed\":false,\"clientSideOnly\":\"true\"}],\"experimentFailed\":false,\"module\":false,\"view\":\"spacing-container\"}],\"experimentFailed\":false,\"module\":false}],\"experimentFailed\":false,\"module\":false,\"view\":\"lazy-load\"},{\"type\":\"Region\",\"name\":\"Weekend Deals Collection\",\"id\":\"region-3124058\",\"fmId\":3124058,\"fmTitleId\":null,\"model\":{\"fmId\":3124058,\"templateName\":\"NEW-Hotelscom-Blossom-Homepage\",\"fmType\":\"REGION\",\"name\":\"Weekend Deals Collection\",\"width\":\"100\",\"scene\":\"\",\"brandModulePadding\":\"bex_padding\",\"empty\":false},\"modules\":[{\"type\":\"Region\",\"name\":\"lazy load\",\"id\":\"region-3124059\",\"fmId\":3124059,\"fmTitleId\":null,\"model\":{\"view\":\"lazy-load\",\"fmId\":3124059,\"templateName\":\"NEW-Hotelscom-Blossom-Homepage\",\"fmType\":\"REGION\",\"name\":\"lazy load\",\"width\":\"100\",\"scene\":\"\",\"empty\":false},\"modules\":[{\"type\":\"Region\",\"name\":\"spacing container\",\"id\":\"region-3124060\",\"fmId\":3124060,\"fmTitleId\":null,\"model\":{\"view\":\"spacing-container\",\"fmId\":3124060,\"spacingContainer\":\"three\",\"templateName\":\"NEW-Hotelscom-Blossom-Homepage\",\"fmType\":\"REGION\",\"name\":\"spacing container\",\"width\":\"100\",\"scene\":\"\",\"empty\":false},\"modules\":[{\"type\":\"Module\",\"name\":\"collection-lodging-carousel\",\"id\":\"collection-lodging-carousel-1\",\"fmId\":3275679,\"fmTitleId\":null,\"model\":{\"collectionItemsMaxPageSize\":25,\"carouselView\":\"hero\",\"scrimHue\":25,\"hideCollectionTermsAndConditions\":false,\"hideCollectionCarouselCTA\":false,\"hideCollectionSummary\":false,\"scene\":\"\",\"scrimLightness\":21,\"hideCollectionHeaderTitle\":false,\"fmId\":3275679,\"cardContentSize\":\"FOUNDATION\",\"clientSideOnly\":\"true\",\"templateName\":\"NEW-Hotelscom-Blossom-Homepage\",\"hideCollectionHeaderDescription\":true,\"fmType\":\"MODULE\",\"name\":\"collection-lodging-carousel\",\"scrimSaturation\":36,\"hideCollectionHeaderSubtitle\":true,\"collectionID\":\"qRvKdMx\"},\"groups\":null,\"children\":null,\"module\":true,\"experimentFailed\":false,\"clientSideOnly\":\"true\"}],\"experimentFailed\":false,\"module\":false,\"view\":\"spacing-container\"}],\"experimentFailed\":false,\"module\":false,\"view\":\"lazy-load\"}],\"experimentFailed\":false,\"module\":false},{\"type\":\"Region\",\"name\":\"LazyLoad\",\"id\":\"region-3017408\",\"fmId\":3017408,\"fmTitleId\":null,\"model\":{\"view\":\"lazy-load\",\"fmId\":3017408,\"templateName\":\"NEW-Hotelscom-Blossom-Homepage\",\"fmType\":\"REGION\",\"name\":\"LazyLoad\",\"width\":\"100\",\"scene\":\"\",\"brandModulePadding\":\"bex_padding\",\"empty\":false},\"modules\":[{\"type\":\"Region\",\"name\":\"Reviews Carousel Components\",\"id\":\"region-3017409\",\"fmId\":3017409,\"fmTitleId\":null,\"model\":{\"view\":\"spacing-container\",\"fmId\":3017409,\"spacingContainer\":\"three\",\"templateName\":\"NEW-Hotelscom-Blossom-Homepage\",\"fmType\":\"REGION\",\"name\":\"Reviews Carousel Components\",\"width\":\"100\",\"scene\":\"\",\"empty\":false},\"modules\":[{\"type\":\"Module\",\"name\":\"reviews-carousel-component\",\"id\":\"reviews-carousel-component-1\",\"fmId\":3017410,\"fmTitleId\":null,\"model\":{\"fmId\":3017410,\"clientSideOnly\":\"true\",\"templateName\":\"NEW-Hotelscom-Blossom-Homepage\",\"fmType\":\"MODULE\",\"name\":\"reviews-carousel-component\",\"scene\":\"\"},\"groups\":null,\"children\":null,\"module\":true,\"experimentFailed\":false,\"clientSideOnly\":\"true\"}],\"experimentFailed\":false,\"module\":false,\"view\":\"spacing-container\"}],\"experimentFailed\":false,\"module\":false,\"view\":\"lazy-load\"},{\"type\":\"Region\",\"name\":\"SingleCardMarqueeContainer\",\"id\":\"region-3334696\",\"fmId\":3334696,\"fmTitleId\":null,\"model\":{\"fmId\":3334696,\"templateName\":\"NEW-Hotelscom-Blossom-Homepage\",\"experimentBucket\":1,\"fmType\":\"REGION\",\"name\":\"SingleCardMarqueeContainer\",\"width\":\"100\",\"experimentName\":\"MeSo_App_Home_Marquee_ad_position_test\",\"experimentType\":\"GUID\",\"scene\":\"\",\"empty\":false},\"modules\":[{\"type\":\"Module\",\"name\":\"single-card-marquee\",\"id\":\"single-card-marquee-1\",\"fmId\":3334697,\"fmTitleId\":null,\"model\":{\"fmId\":3334697,\"clientSideOnly\":\"true\",\"templateName\":\"NEW-Hotelscom-Blossom-Homepage\",\"fmType\":\"MODULE\",\"name\":\"single-card-marquee\",\"variant\":\"server_side\",\"sci\":\"NMC1\",\"pageName\":\"Homepage\",\"scene\":\"\"},\"groups\":null,\"children\":null,\"module\":true,\"experimentFailed\":false,\"clientSideOnly\":\"true\"}],\"experimentFailed\":false,\"module\":false},{\"type\":\"Region\",\"name\":\"Unique Collections\",\"id\":\"region-3124062\",\"fmId\":3124062,\"fmTitleId\":null,\"model\":{\"fmId\":3124062,\"templateName\":\"NEW-Hotelscom-Blossom-Homepage\",\"fmType\":\"REGION\",\"name\":\"Unique Collections\",\"width\":\"100\",\"scene\":\"\",\"brandModulePadding\":\"bex_padding\",\"empty\":false},\"modules\":[{\"type\":\"Region\",\"name\":\"LazyLoad\",\"id\":\"region-3124063\",\"fmId\":3124063,\"fmTitleId\":null,\"model\":{\"view\":\"lazy-load\",\"fmId\":3124063,\"templateName\":\"NEW-Hotelscom-Blossom-Homepage\",\"fmType\":\"REGION\",\"name\":\"LazyLoad\",\"width\":\"100\",\"scene\":\"\",\"empty\":false},\"modules\":[{\"type\":\"Region\",\"name\":\"Spacing\",\"id\":\"region-3124064\",\"fmId\":3124064,\"fmTitleId\":null,\"model\":{\"view\":\"spacing-container\",\"fmId\":3124064,\"spacingContainer\":\"three\",\"templateName\":\"NEW-Hotelscom-Blossom-Homepage\",\"fmType\":\"REGION\",\"name\":\"Spacing\",\"width\":\"100\",\"scene\":\"\",\"empty\":false},\"modules\":[{\"type\":\"Module\",\"name\":\"collection-lodging-carousel\",\"id\":\"collection-lodging-carousel-2\",\"fmId\":3124065,\"fmTitleId\":null,\"model\":{\"collectionItemsMaxPageSize\":25,\"hideCollectionTermsAndConditions\":true,\"hideCollectionSummary\":false,\"scene\":\"\",\"hideCollectionHeaderTitle\":false,\"fmId\":3124065,\"cardContentSize\":\"FOUNDATION\",\"clientSideOnly\":\"true\",\"templateName\":\"NEW-Hotelscom-Blossom-Homepage\",\"hideCollectionHeaderDescription\":true,\"fmType\":\"MODULE\",\"name\":\"collection-lodging-carousel\",\"hideCollectionHeaderSubtitle\":true,\"collectionID\":\"AWtdEFB\"},\"groups\":null,\"children\":null,\"module\":true,\"experimentFailed\":false,\"clientSideOnly\":\"true\"}],\"experimentFailed\":false,\"module\":false,\"view\":\"spacing-container\"}],\"experimentFailed\":false,\"module\":false,\"view\":\"lazy-load\"}],\"experimentFailed\":false,\"module\":false},{\"type\":\"Region\",\"name\":\"MerchTiles-ExperienceCard-Region\",\"id\":\"region-3300092\",\"fmId\":3300092,\"fmTitleId\":null,\"model\":{\"fmId\":3300092,\"templateName\":\"NEW-Hotelscom-Blossom-Homepage\",\"selectedRules\":\"blossom\",\"fmType\":\"REGION\",\"desktopWidth\":\"100\",\"name\":\"MerchTiles-ExperienceCard-Region\",\"width\":\"100\",\"titleSize\":4,\"scene\":\"\",\"brandModulePadding\":\"bex_padding\",\"empty\":false},\"modules\":[{\"type\":\"Region\",\"name\":\"Lazy Load Region\",\"id\":\"region-3300093\",\"fmId\":3300093,\"fmTitleId\":null,\"model\":{\"view\":\"lazy-load\",\"fmId\":3300093,\"templateName\":\"NEW-Hotelscom-Blossom-Homepage\",\"experimentBucket\":0,\"fmType\":\"REGION\",\"name\":\"Lazy Load Region\",\"width\":\"100\",\"experimentName\":\"Merch_Tiles_Carousel_UI_BEX_HCOM_Web\",\"experimentType\":\"GUID\",\"scene\":\"\",\"empty\":false},\"modules\":[{\"type\":\"Region\",\"name\":\"Merch Tiles Title\",\"id\":\"region-3304476\",\"fmId\":3304476,\"fmTitleId\":null,\"model\":{\"fmId\":3304476,\"templateName\":\"NEW-Hotelscom-Blossom-Homepage\",\"fmType\":\"REGION\",\"name\":\"Merch Tiles Title\",\"width\":\"100\",\"scene\":\"\",\"empty\":false},\"modules\":[{\"type\":\"Module\",\"name\":\"editorial-text\",\"id\":\"editorial-text-1\",\"fmId\":3304477,\"fmTitleId\":null,\"model\":{\"contentTopic\":\"home.merchandising-tiles.title\",\"fmId\":3304477,\"clientSideOnly\":\"true\",\"templateName\":\"NEW-Hotelscom-Blossom-Homepage\",\"fmType\":\"MODULE\",\"name\":\"editorial-text\",\"style\":\"sub-header\",\"scene\":\"\"},\"groups\":null,\"children\":null,\"module\":true,\"experimentFailed\":false,\"clientSideOnly\":\"true\"}],\"experimentFailed\":false,\"module\":false},{\"type\":\"Module\",\"name\":\"separator\",\"id\":\"separator-1\",\"fmId\":3300094,\"fmTitleId\":null,\"model\":{\"view\":\"simple\",\"fmId\":3300094,\"spacing\":\"six\",\"clientSideOnly\":\"true\",\"templateName\":\"NEW-Hotelscom-Blossom-Homepage\",\"fmType\":\"MODULE\",\"name\":\"separator\",\"hideHorizontalRuling\":true,\"scene\":\"\"},\"groups\":null,\"children\":null,\"module\":true,\"experimentFailed\":false,\"view\":\"simple\",\"clientSideOnly\":\"true\"},{\"type\":\"Region\",\"name\":\"Group3x\",\"id\":\"region-3300095\",\"fmId\":3300095,\"fmTitleId\":null,\"model\":{\"fmId\":3300095,\"templateName\":\"NEW-Hotelscom-Blossom-Homepage\",\"fmType\":\"REGION\",\"name\":\"Group3x\",\"width\":\"100\",\"scene\":\"\",\"empty\":false},\"modules\":[{\"type\":\"Region\",\"name\":\"Tile\",\"id\":\"region-3300096\",\"fmId\":3300096,\"fmTitleId\":null,\"model\":{\"view\":\"with-white-background\",\"fmId\":3300096,\"templateName\":\"NEW-Hotelscom-Blossom-Homepage\",\"fmType\":\"REGION\",\"name\":\"Tile\",\"width\":\"33\",\"tabletWidth\":\"33\",\"scene\":\"\",\"empty\":false},\"modules\":[{\"type\":\"Module\",\"name\":\"experience-card\",\"id\":\"experience-card-1\",\"fmId\":3300097,\"fmTitleId\":null,\"model\":{\"contentTopic\":\"home.merchandising-tiles.card-1\",\"fmId\":3300097,\"clientSideOnly\":\"true\",\"templateName\":\"NEW-Hotelscom-Blossom-Homepage\",\"fmType\":\"MODULE\",\"name\":\"experience-card\",\"style\":\"Eyebrow\",\"scene\":\"\"},\"groups\":null,\"children\":null,\"module\":true,\"experimentFailed\":false,\"clientSideOnly\":\"true\"}],\"experimentFailed\":false,\"module\":false,\"view\":\"with-white-background\"},{\"type\":\"Region\",\"name\":\"Tile\",\"id\":\"region-3300098\",\"fmId\":3300098,\"fmTitleId\":null,\"model\":{\"view\":\"with-white-background\",\"fmId\":3300098,\"templateName\":\"NEW-Hotelscom-Blossom-Homepage\",\"fmType\":\"REGION\",\"name\":\"Tile\",\"width\":\"33\",\"tabletWidth\":\"33\",\"scene\":\"\",\"empty\":false},\"modules\":[{\"type\":\"Module\",\"name\":\"experience-card\",\"id\":\"experience-card-2\",\"fmId\":3300099,\"fmTitleId\":null,\"model\":{\"contentTopic\":\"home.merchandising-tiles.card-2\",\"fmId\":3300099,\"clientSideOnly\":\"true\",\"templateName\":\"NEW-Hotelscom-Blossom-Homepage\",\"fmType\":\"MODULE\",\"name\":\"experience-card\",\"style\":\"Eyebrow\",\"scene\":\"\"},\"groups\":null,\"children\":null,\"module\":true,\"experimentFailed\":false,\"clientSideOnly\":\"true\"}],\"experimentFailed\":false,\"module\":false,\"view\":\"with-white-background\"},{\"type\":\"Region\",\"name\":\"Tile\",\"id\":\"region-3300100\",\"fmId\":3300100,\"fmTitleId\":null,\"model\":{\"view\":\"with-white-background\",\"fmId\":3300100,\"templateName\":\"NEW-Hotelscom-Blossom-Homepage\",\"fmType\":\"REGION\",\"name\":\"Tile\",\"width\":\"33\",\"tabletWidth\":\"33\",\"scene\":\"\",\"empty\":false},\"modules\":[{\"type\":\"Module\",\"name\":\"experience-card\",\"id\":\"experience-card-3\",\"fmId\":3300101,\"fmTitleId\":null,\"model\":{\"contentTopic\":\"home.merchandising-tiles.card-3\",\"fmId\":3300101,\"clientSideOnly\":\"true\",\"templateName\":\"NEW-Hotelscom-Blossom-Homepage\",\"fmType\":\"MODULE\",\"name\":\"experience-card\",\"style\":\"Eyebrow\",\"scene\":\"\"},\"groups\":null,\"children\":null,\"module\":true,\"experimentFailed\":false,\"clientSideOnly\":\"true\"}],\"experimentFailed\":false,\"module\":false,\"view\":\"with-white-background\"}],\"experimentFailed\":false,\"module\":false},{\"type\":\"Module\",\"name\":\"separator\",\"id\":\"separator-2\",\"fmId\":3300102,\"fmTitleId\":null,\"model\":{\"view\":\"simple\",\"fmId\":3300102,\"spacing\":\"six\",\"clientSideOnly\":\"true\",\"templateName\":\"NEW-Hotelscom-Blossom-Homepage\",\"fmType\":\"MODULE\",\"name\":\"separator\",\"hideHorizontalRuling\":true,\"scene\":\"\"},\"groups\":null,\"children\":null,\"module\":true,\"experimentFailed\":false,\"view\":\"simple\",\"clientSideOnly\":\"true\"}],\"experimentFailed\":false,\"module\":false,\"view\":\"lazy-load\"}],\"experimentFailed\":false,\"module\":false},{\"type\":\"Region\",\"name\":\"Explore more hotels\",\"id\":\"region-2882057\",\"fmId\":2882057,\"fmTitleId\":null,\"model\":{\"view\":\"toggle\",\"fmId\":2882057,\"templateName\":\"NEW-Hotelscom-Blossom-Homepage\",\"collapsed\":true,\"fmType\":\"REGION\",\"name\":\"Explore more hotels\",\"width\":\"100\",\"title\":\"Daha fazla otel keşfedin\",\"scene\":\"\",\"empty\":false},\"modules\":[{\"type\":\"Region\",\"name\":\"ExploreSpacing\",\"id\":\"region-2882058\",\"fmId\":2882058,\"fmTitleId\":null,\"model\":{\"view\":\"spacing-container\",\"fmId\":2882058,\"templateName\":\"NEW-Hotelscom-Blossom-Homepage\",\"fmType\":\"REGION\",\"name\":\"ExploreSpacing\",\"width\":\"100\",\"hasNoInlineSpacing\":true,\"scene\":\"\",\"empty\":false},\"modules\":[{\"type\":\"Module\",\"name\":\"links\",\"id\":\"links-1\",\"fmId\":2882059,\"fmTitleId\":null,\"model\":{\"partialFailure\":false,\"pageNumber\":0,\"lgCarouselItems\":0,\"cityLevel\":false,\"containerInlinePadding\":\"unset\",\"toggle\":\"none\",\"boxType\":\"simple\",\"mdCarouselItems\":0,\"title\":\"En popüler yurt içi tatil noktaları\",\"dropDownArrowSize\":\"SMALL\",\"empty\":false,\"airCarrierType\":\"all\",\"totalLinksPerPage\":10,\"displayColumns\":\"2\",\"hideTitle\":false,\"cacheKey\":\"fctx[.site[300000028.tr_TR].sctx[home.Storefront-Homepage]]common[.tEn popüler yurt içi tatil noktaları.vnull]1128556217.p0exp[.eSPT_TGFH_Apartment_Redirection.b0]\",\"smCarouselItems\":0,\"withoutTitleSeparator\":false,\"totalLinkCount\":20,\"name\":\"links\",\"tokens\":{\"links.custom-content.totalCount\":\"20\"},\"links\":[{\"text\":\"Antalya Otelleri\",\"url\":\"https:\\u002F\\u002Ftr.hotels.com\\u002Fde1355047\\u002Fantalya-turkiye-otelleri\\u002F\"},{\"text\":\"İstanbul Otelleri\",\"url\":\"https:\\u002F\\u002Ftr.hotels.com\\u002Fde1341107\\u002Fistanbul-turkiye-otelleri\\u002F\"},{\"text\":\"Bodrum Otelleri\",\"url\":\"https:\\u002F\\u002Ftr.hotels.com\\u002Fde1336372\\u002Fbodrum-turkiye-otelleri\\u002F\"},{\"text\":\"Fethiye Otelleri\",\"url\":\"https:\\u002F\\u002Ftr.hotels.com\\u002Fde1635961\\u002Ffethiye-turkiye-otelleri\\u002F\"},{\"text\":\"Ankara Otelleri\",\"url\":\"https:\\u002F\\u002Ftr.hotels.com\\u002Fde1344642\\u002Fankara-turkiye-otelleri\\u002F\"},{\"text\":\"İzmir Otelleri\",\"url\":\"https:\\u002F\\u002Ftr.hotels.com\\u002Fde1342706\\u002Fizmir-turkiye-otelleri\\u002F\"},{\"text\":\"Alaçatı Otelleri\",\"url\":\"https:\\u002F\\u002Ftr.hotels.com\\u002Fde1797522\\u002Falacat-turkiye-otelleri\\u002F\"},{\"text\":\"Ayvalık Otelleri\",\"url\":\"https:\\u002F\\u002Ftr.hotels.com\\u002Fde1353857\\u002Fayval-k-turkiye-otelleri\\u002F\"},{\"text\":\"Akyaka Otelleri\",\"url\":\"https:\\u002F\\u002Ftr.hotels.com\\u002Fde1797245\\u002Fakyaka-turkiye-otelleri\\u002F\"},{\"text\":\"Çeşme Otelleri\",\"url\":\"https:\\u002F\\u002Ftr.hotels.com\\u002Fde1355468\\u002Fcesme-turkiye-otelleri\\u002F\"},{\"text\":\"Eskişehir Otelleri\",\"url\":\"https:\\u002F\\u002Ftr.hotels.com\\u002Fde1335913\\u002Feskisehir-turkiye-otelleri\\u002F\"},{\"text\":\"Bursa Otelleri\",\"url\":\"https:\\u002F\\u002Ftr.hotels.com\\u002Fde1336673\\u002Fbursa-turkiye-otelleri\\u002F\"},{\"text\":\"Kaş Otelleri\",\"url\":\"https:\\u002F\\u002Ftr.hotels.com\\u002Fde1636721\\u002Fkas-turkiye-otelleri\\u002F\"},{\"text\":\"Bozcaada Otelleri\",\"url\":\"https:\\u002F\\u002Ftr.hotels.com\\u002Fde1338733\\u002Fbozcaada-turkiye-otelleri\\u002F\"},{\"text\":\"Adana Otelleri\",\"url\":\"https:\\u002F\\u002Ftr.hotels.com\\u002Fde1351800\\u002Fadana-turkiye-otelleri\\u002F\"},{\"text\":\"Datça Otelleri\",\"url\":\"https:\\u002F\\u002Ftr.hotels.com\\u002Fde1337095\\u002Fdatca-turkiye-otelleri\\u002F\"},{\"text\":\"Çanakkale Otelleri\",\"url\":\"https:\\u002F\\u002Ftr.hotels.com\\u002Fde1709304\\u002Fcanakkale-ve-civar-turkiye-otelleri\\u002F\"},{\"text\":\"Mardin Otelleri\",\"url\":\"https:\\u002F\\u002Ftr.hotels.com\\u002Fde1345050\\u002Fmardin-turkiye-otelleri\\u002F\"},{\"text\":\"Gaziantep Otelleri\",\"url\":\"https:\\u002F\\u002Ftr.hotels.com\\u002Fde1342180\\u002Fgaziantep-turkiye-otelleri\\u002F\"},{\"text\":\"Amasya Otelleri\",\"url\":\"https:\\u002F\\u002Ftr.hotels.com\\u002Fde1331445\\u002Famasya-turkiye-otelleri\\u002F\"}],\"style\":\"default\",\"strategy\":\"custom-content\"},\"groups\":null,\"children\":null,\"module\":true,\"experimentFailed\":false},{\"type\":\"Module\",\"name\":\"links\",\"id\":\"links-2\",\"fmId\":2882060,\"fmTitleId\":null,\"model\":{\"partialFailure\":false,\"pageNumber\":0,\"lgCarouselItems\":0,\"cityLevel\":false,\"containerInlinePadding\":\"unset\",\"toggle\":\"none\",\"boxType\":\"simple\",\"mdCarouselItems\":0,\"title\":\"En popüler uluslararası tatil noktaları\",\"dropDownArrowSize\":\"SMALL\",\"empty\":false,\"airCarrierType\":\"all\",\"totalLinksPerPage\":10,\"displayColumns\":\"2\",\"hideTitle\":false,\"cacheKey\":\"fctx[.site[300000028.tr_TR].sctx[home.Storefront-Homepage]]common[.tEn popüler uluslararası tatil noktaları.vnull]666538900.p0exp[.eSPT_TGFH_Apartment_Redirection.b0]\",\"smCarouselItems\":0,\"withoutTitleSeparator\":false,\"totalLinkCount\":12,\"name\":\"links\",\"tokens\":{\"links.custom-content.totalCount\":\"12\"},\"links\":[{\"text\":\"Paris Otelleri\",\"url\":\"https:\\u002F\\u002Ftr.hotels.com\\u002Fde504261\\u002Fparis-fransa-otelleri\\u002F\"},{\"text\":\"Amsterdam Otelleri\",\"url\":\"https:\\u002F\\u002Ftr.hotels.com\\u002Fde934558\\u002Famsterdam-hollanda-otelleri\\u002F\"},{\"text\":\"Belgrad Otelleri\",\"url\":\"https:\\u002F\\u002Ftr.hotels.com\\u002Fde1605942\\u002Fbelgrad-s-rbistan-otelleri\\u002F\"},{\"text\":\"Dedeağaç Otelleri\",\"url\":\"https:\\u002F\\u002Ftr.hotels.com\\u002Fde595823\\u002Fdedeagac-yunanistan-otelleri\\u002F\"},{\"text\":\"Batumi Otelleri\",\"url\":\"https:\\u002F\\u002Ftr.hotels.com\\u002Fde1644171\\u002Fbatumi-gurcistan-otelleri\\u002F\"},{\"text\":\"Roma Otelleri\",\"url\":\"https:\\u002F\\u002Ftr.hotels.com\\u002Fde712491\\u002Froma-italya-otelleri\\u002F\"},{\"text\":\"Viyana Otelleri\",\"url\":\"https:\\u002F\\u002Ftr.hotels.com\\u002Fde39254\\u002Fviyana-avusturya-otelleri\\u002F\"},{\"text\":\"Atina Otelleri\",\"url\":\"https:\\u002F\\u002Ftr.hotels.com\\u002Fde593632\\u002Fatina-yunanistan-otelleri\\u002F\"},{\"text\":\"Berlin Otelleri\",\"url\":\"https:\\u002F\\u002Ftr.hotels.com\\u002Fde332483\\u002Fberlin-almanya-otelleri\\u002F\"},{\"text\":\"Münih Otelleri\",\"url\":\"https:\\u002F\\u002Ftr.hotels.com\\u002Fde384011\\u002Fmunih-almanya-otelleri\\u002F\"},{\"text\":\"Minsk Otelleri\",\"url\":\"https:\\u002F\\u002Ftr.hotels.com\\u002Fde118894\\u002Fminsk-beyaz-rusya-otelleri\\u002F\"},{\"text\":\"Barselona Otelleri\",\"url\":\"https:\\u002F\\u002Ftr.hotels.com\\u002Fde444495\\u002Fbarselona-ispanya-otelleri\\u002F\"}],\"style\":\"default\",\"strategy\":\"custom-content\"},\"groups\":null,\"children\":null,\"module\":true,\"experimentFailed\":false},{\"type\":\"Module\",\"name\":\"links\",\"id\":\"links-3\",\"fmId\":2882061,\"fmTitleId\":null,\"model\":{\"partialFailure\":false,\"pageNumber\":0,\"lgCarouselItems\":0,\"cityLevel\":false,\"containerInlinePadding\":\"unset\",\"toggle\":\"none\",\"boxType\":\"simple\",\"mdCarouselItems\":0,\"title\":\"En popüler ucuz tatil noktaları\",\"dropDownArrowSize\":\"SMALL\",\"empty\":false,\"airCarrierType\":\"all\",\"totalLinksPerPage\":10,\"displayColumns\":\"2\",\"hideTitle\":false,\"cacheKey\":\"fctx[.site[300000028.tr_TR].sctx[home.Storefront-Homepage]]common[.tEn popüler ucuz tatil noktaları.vnull]204521583.p0exp[.eSPT_TGFH_Apartment_Redirection.b0]\",\"smCarouselItems\":0,\"withoutTitleSeparator\":false,\"totalLinkCount\":12,\"name\":\"links\",\"tokens\":{\"links.custom-content.totalCount\":\"12\"},\"links\":[{\"text\":\"Ucuz Antalya otelleri\",\"url\":\"https:\\u002F\\u002Ftr.hotels.com\\u002Fde1355047-qu0\\u002Fantalya-turkiye-ekonomik-oteller\\u002F\"},{\"text\":\"Ucuz İstanbul otelleri\",\"url\":\"https:\\u002F\\u002Ftr.hotels.com\\u002Fde1341107-qu0\\u002Fistanbul-turkiye-ekonomik-oteller\\u002F\"},{\"text\":\"Ucuz Bodrum otelleri\",\"url\":\"https:\\u002F\\u002Ftr.hotels.com\\u002Fde1336372-qu0\\u002Fbodrum-turkiye-ekonomik-oteller\\u002F\"},{\"text\":\"Ucuz Fethiye otelleri\",\"url\":\"https:\\u002F\\u002Ftr.hotels.com\\u002Fde1635961-qu0\\u002Ffethiye-turkiye-ekonomik-oteller\\u002F\"},{\"text\":\"Ucuz Ankara otelleri\",\"url\":\"https:\\u002F\\u002Ftr.hotels.com\\u002Fde1344642-qu0\\u002Fankara-turkiye-ekonomik-oteller\\u002F\"},{\"text\":\"Ucuz İzmir otelleri\",\"url\":\"https:\\u002F\\u002Ftr.hotels.com\\u002Fde1342706-qu0\\u002Fizmir-turkiye-ekonomik-oteller\\u002F\"},{\"text\":\"Ucuz Marmaris otelleri\",\"url\":\"https:\\u002F\\u002Ftr.hotels.com\\u002Fde1641547-qu0\\u002Fmarmaris-ve-civar-turkiye-ekonomik-oteller\\u002F\"},{\"text\":\"Ucuz Paris otelleri\",\"url\":\"https:\\u002F\\u002Ftr.hotels.com\\u002Fde504261-qu0\\u002Fparis-fransa-ekonomik-oteller\\u002F\"},{\"text\":\"Ucuz Amsterdam otelleri\",\"url\":\"https:\\u002F\\u002Ftr.hotels.com\\u002Fde934558-qu0\\u002Famsterdam-hollanda-ekonomik-oteller\\u002F\"},{\"text\":\"Ucuz Berlin otelleri\",\"url\":\"https:\\u002F\\u002Ftr.hotels.com\\u002Fde332483-qu0\\u002Fberlin-almanya-ekonomik-oteller\\u002F\"},{\"text\":\"Ucuz Münih otelleri\",\"url\":\"https:\\u002F\\u002Ftr.hotels.com\\u002Fde384011-qu0\\u002Fmunih-almanya-ekonomik-oteller\\u002F\"},{\"text\":\"Ucuz Londra otelleri\",\"url\":\"https:\\u002F\\u002Ftr.hotels.com\\u002Fde549499-qu0\\u002Flondra-birlesik-krall-k-ekonomik-oteller\\u002F\"}],\"style\":\"default\",\"strategy\":\"custom-content\"},\"groups\":null,\"children\":null,\"module\":true,\"experimentFailed\":false},{\"type\":\"Module\",\"name\":\"links\",\"id\":\"links-4\",\"fmId\":2882062,\"fmTitleId\":null,\"model\":{\"partialFailure\":false,\"pageNumber\":0,\"lgCarouselItems\":0,\"cityLevel\":false,\"containerInlinePadding\":\"unset\",\"toggle\":\"none\",\"boxType\":\"simple\",\"mdCarouselItems\":0,\"title\":\"En popüler görülecek yerler\",\"dropDownArrowSize\":\"SMALL\",\"empty\":false,\"airCarrierType\":\"all\",\"totalLinksPerPage\":10,\"displayColumns\":\"2\",\"hideTitle\":false,\"cacheKey\":\"fctx[.site[300000028.tr_TR].sctx[home.Storefront-Homepage]]common[.tEn popüler görülecek yerler.vnull]-257495734.p0exp[.eSPT_TGFH_Apartment_Redirection.b0]\",\"smCarouselItems\":0,\"withoutTitleSeparator\":false,\"totalLinkCount\":5,\"name\":\"links\",\"tokens\":{\"links.custom-content.totalCount\":\"5\"},\"links\":[{\"text\":\"Kadıköy Şükrü Saraçoğlu Stadyumu otelleri\",\"url\":\"https:\\u002F\\u002Ftr.hotels.com\\u002Fde1647564\\u002Fsukru-saracoglu-stadyumu-istanbul-turkiye-yakinindaki-oteller\\u002F\"},{\"text\":\"Sarıyer Türk Telekom Arena otelleri\",\"url\":\"https:\\u002F\\u002Ftr.hotels.com\\u002Fde1703441\\u002Fturk-telekom-arena-sar-yer-turkiye-yakinindaki-oteller\\u002F\"},{\"text\":\"Başakşehir Atatürk Olimpiyat Stadı otelleri\",\"url\":\"https:\\u002F\\u002Ftr.hotels.com\\u002Fde1647527\\u002Fataturk-olimpiyat-stad-istanbul-turkiye-yakinindaki-oteller\\u002F\"},{\"text\":\"İstanbul Havaalanı (IST) Otelleri\",\"url\":\"https:\\u002F\\u002Ftr.hotels.com\\u002Fde11419475\\u002Fistanbul-ist-arnavutkoy-turkiye-yakinindaki-oteller\\u002F\"},{\"text\":\"İstanbul Kent Merkezi Sirkeci İstasyonu otelleri\",\"url\":\"https:\\u002F\\u002Ftr.hotels.com\\u002Fde1712377\\u002Fsirkeci-istasyonu-istanbul-turkiye-yakinindaki-oteller\\u002F\"}],\"style\":\"default\",\"strategy\":\"custom-content\"},\"groups\":null,\"children\":null,\"module\":true,\"experimentFailed\":false},{\"type\":\"Module\",\"name\":\"links\",\"id\":\"links-5\",\"fmId\":2882063,\"fmTitleId\":null,\"model\":{\"partialFailure\":false,\"pageNumber\":0,\"lgCarouselItems\":0,\"cityLevel\":false,\"containerInlinePadding\":\"unset\",\"toggle\":\"none\",\"boxType\":\"simple\",\"mdCarouselItems\":0,\"title\":\"En popüler tatil noktalarındaki otel temaları\",\"dropDownArrowSize\":\"SMALL\",\"empty\":false,\"airCarrierType\":\"all\",\"totalLinksPerPage\":10,\"displayColumns\":\"2\",\"hideTitle\":false,\"cacheKey\":\"fctx[.site[300000028.tr_TR].sctx[home.Storefront-Homepage]]common[.tEn popüler tatil noktalarındaki otel temaları.vnull]-719513051.p0exp[.eSPT_TGFH_Apartment_Redirection.b0]\",\"smCarouselItems\":0,\"withoutTitleSeparator\":false,\"totalLinkCount\":12,\"name\":\"links\",\"tokens\":{\"links.custom-content.totalCount\":\"12\"},\"links\":[{\"text\":\"Lüks Oteller\",\"url\":\"https:\\u002F\\u002Ftr.hotels.com\\u002Fco10233176-qu4\\u002Fturkiye-luks-oteller\\u002F\"},{\"text\":\"Spalı Resortlar ve Oteller\",\"url\":\"https:\\u002F\\u002Ftr.hotels.com\\u002Fco10233176-ty4\\u002Fturkiye-spa-oteli-oteller\\u002F\"},{\"text\":\"Otoparklı Oteller\",\"url\":\"https:\\u002F\\u002Ftr.hotels.com\\u002Fco10233176-am16384\\u002Fturkiye-otopark-var-oteller\\u002F\"},{\"text\":\"Aile Otelleri\",\"url\":\"https:\\u002F\\u002Ftr.hotels.com\\u002Fco10233176-ty2\\u002Fturkiye-aile-dostu-oteller\\u002F\"},{\"text\":\"Ücretsiz Kahvaltısı Olan Oteller\",\"url\":\"https:\\u002F\\u002Ftr.hotels.com\\u002Fco10233176-am2048\\u002Fturkiye-kahvalt-dahil-oteller\\u002F\"},{\"text\":\"Havuzlu Oteller\",\"url\":\"https:\\u002F\\u002Ftr.hotels.com\\u002Fco10233176-am128\\u002Fturkiye-havuz-oteller\\u002F\"},{\"text\":\"Plaj Otelleri\",\"url\":\"https:\\u002F\\u002Ftr.hotels.com\\u002Fco10233176-th6\\u002Fturkiye-plaj-oteller\\u002F\"},{\"text\":\"Spor Salonlu Oteller\",\"url\":\"https:\\u002F\\u002Ftr.hotels.com\\u002Fco10233176-am2\\u002Fturkiye-spor-salonu-oteller\\u002F\"},{\"text\":\"Golf Otelleri\",\"url\":\"https:\\u002F\\u002Ftr.hotels.com\\u002Fco10233176-ty3\\u002Fturkiye-golf-oteller\\u002F\"},{\"text\":\"Evcil Hayvan Dostu Oteller\",\"url\":\"https:\\u002F\\u002Ftr.hotels.com\\u002Fco10233176-am64\\u002Fturkiye-evcil-hayvanlar-icin-uygun-oteller\\u002F\"},{\"text\":\"Her Şey Dâhil Oteller\",\"url\":\"https:\\u002F\\u002Ftr.hotels.com\\u002Fco10233176-at6\\u002Fturkiye-her-sey-dahil-oteller\\u002F\"},{\"text\":\"İş Otelleri\",\"url\":\"https:\\u002F\\u002Ftr.hotels.com\\u002Fco10233176-th14\\u002Fturkiye-is-seyahati-oteller\\u002F\"}],\"style\":\"default\",\"strategy\":\"custom-content\"},\"groups\":null,\"children\":null,\"module\":true,\"experimentFailed\":false},{\"type\":\"Module\",\"name\":\"links\",\"id\":\"links-6\",\"fmId\":2882064,\"fmTitleId\":null,\"model\":{\"partialFailure\":false,\"pageNumber\":0,\"lgCarouselItems\":0,\"cityLevel\":false,\"containerInlinePadding\":\"unset\",\"toggle\":\"none\",\"boxType\":\"simple\",\"mdCarouselItems\":0,\"title\":\"Otel harici yerler\",\"dropDownArrowSize\":\"SMALL\",\"empty\":false,\"airCarrierType\":\"all\",\"totalLinksPerPage\":10,\"displayColumns\":\"2\",\"hideTitle\":false,\"cacheKey\":\"fctx[.site[300000028.tr_TR].sctx[home.Storefront-Homepage]]common[.tOtel harici yerler.vnull]-1181530368.p0exp[.eSPT_TGFH_Apartment_Redirection.b0]\",\"smCarouselItems\":0,\"withoutTitleSeparator\":false,\"totalLinkCount\":9,\"name\":\"links\",\"tokens\":{\"links.custom-content.totalCount\":\"9\"},\"links\":[{\"text\":\"Apart Daireler\",\"url\":\"https:\\u002F\\u002Ftr.hotels.com\\u002Fco10233176-at15\\u002Fturkiye-apart-daireler-oteller\\u002F\"},{\"text\":\"Villalar\",\"url\":\"https:\\u002F\\u002Ftr.hotels.com\\u002Fco10233176-at14\\u002Fturkiye-villalar-oteller\\u002F\"},{\"text\":\"Apart Oteller\",\"url\":\"https:\\u002F\\u002Ftr.hotels.com\\u002Fco10233176-at20\\u002Fturkiye-apart-otel-oteller\\u002F\"},{\"text\":\"Oda Kahvaltı Otelleri\",\"url\":\"https:\\u002F\\u002Ftr.hotels.com\\u002Fco10233176-at5\\u002Fturkiye-oda-kahvalt-oteller\\u002F\"},{\"text\":\"Pansiyon Oteller\",\"url\":\"https:\\u002F\\u002Ftr.hotels.com\\u002Fco10233176-at30\\u002Fturkiye-pansiyonlar-oteller\\u002F\"},{\"text\":\"Pansiyonlar\",\"url\":\"https:\\u002F\\u002Ftr.hotels.com\\u002Fco10233176-at25\\u002Fturkiye-pansiyonlar-oteller\\u002F\"},{\"text\":\"Hosteller\",\"url\":\"https:\\u002F\\u002Ftr.hotels.com\\u002Fco10233176-at12\\u002Fturkiye-hosteller-oteller\\u002F\"},{\"text\":\"Tatil Köyleri\",\"url\":\"https:\\u002F\\u002Ftr.hotels.com\\u002Fco10233176-at3\\u002Fturkiye-tatil-koyleri-oteller\\u002F\"},{\"text\":\"Küçük Oteller\",\"url\":\"https:\\u002F\\u002Ftr.hotels.com\\u002Fco10233176-at8\\u002Fturkiye-kucuk-oteller-oteller\\u002F\"}],\"style\":\"default\",\"strategy\":\"custom-content\"},\"groups\":null,\"children\":null,\"module\":true,\"experimentFailed\":false},{\"type\":\"Module\",\"name\":\"links\",\"id\":\"links-7\",\"fmId\":2882065,\"fmTitleId\":null,\"model\":{\"partialFailure\":false,\"pageNumber\":0,\"lgCarouselItems\":0,\"cityLevel\":false,\"containerInlinePadding\":\"unset\",\"toggle\":\"none\",\"boxType\":\"simple\",\"mdCarouselItems\":0,\"title\":\"Önerilen oteller\",\"dropDownArrowSize\":\"SMALL\",\"empty\":false,\"airCarrierType\":\"all\",\"totalLinksPerPage\":10,\"displayColumns\":\"2\",\"hideTitle\":false,\"cacheKey\":\"fctx[.site[300000028.tr_TR].sctx[home.Storefront-Homepage]]common[.tÖnerilen oteller.vnull]-1643547685.p0exp[.eSPT_TGFH_Apartment_Redirection.b0]\",\"smCarouselItems\":0,\"withoutTitleSeparator\":false,\"totalLinkCount\":20,\"name\":\"links\",\"tokens\":{\"links.custom-content.totalCount\":\"20\"},\"links\":[{\"text\":\"The Land of Legends Kingdom Hotel\",\"url\":\"https:\\u002F\\u002Ftr.hotels.com\\u002Fho435040832\\u002Fthe-land-of-legends-kingdom-hotel-belek-turkiye\\u002F\"},{\"text\":\"Granada Luxury Belek\",\"url\":\"https:\\u002F\\u002Ftr.hotels.com\\u002Fho647545\\u002Fgranada-luxury-belek-all-inclusive-belek-turkiye\\u002F\"},{\"text\":\"Kremlin Palace\",\"url\":\"https:\\u002F\\u002Ftr.hotels.com\\u002Fho225168\\u002Fasteria-kremlin-palace-all-inclusive-antalya-turkiye\\u002F\"},{\"text\":\"NG Sapanca\",\"url\":\"https:\\u002F\\u002Ftr.hotels.com\\u002Fho379202\\u002Fng-sapanca-wellness-convention-sapanca-turkiye\\u002F\"},{\"text\":\"Hilton Istanbul Bosphorus\",\"url\":\"https:\\u002F\\u002Ftr.hotels.com\\u002Fho197556\\u002Fhilton-istanbul-bosphorus-istanbul-turkiye\\u002F\"},{\"text\":\"Long Beach Alanya\",\"url\":\"https:\\u002F\\u002Ftr.hotels.com\\u002Fho542888\\u002Flong-beach-resort-spa-all-inclusive-alanya-turkiye\\u002F\"},{\"text\":\"Four Seasons Hotel Istanbul at the Bosphorus\",\"url\":\"https:\\u002F\\u002Ftr.hotels.com\\u002Fho346067\\u002Ffour-seasons-hotel-istanbul-at-the-bosphorus-istanbul-turkiye\\u002F\"},{\"text\":\"Liberty Lykia\",\"url\":\"https:\\u002F\\u002Ftr.hotels.com\\u002Fho223422\\u002Fliberty-hotels-lykia-all-inclusive-fethiye-turkiye\\u002F\"},{\"text\":\"Granada Luxury Resort Okurcalar\",\"url\":\"https:\\u002F\\u002Ftr.hotels.com\\u002Fho647176\\u002Fgranada-luxury-resort-okurcalar-all-inclusive-alanya-turkiye\\u002F\"},{\"text\":\"Tasigo Eskişehir\",\"url\":\"https:\\u002F\\u002Ftr.hotels.com\\u002Fho469220\\u002Ftasigo-eskisehir-eskisehir-turkiye\\u002F\"},{\"text\":\"Swissotel Büyük Efes İzmir\",\"url\":\"https:\\u002F\\u002Ftr.hotels.com\\u002Fho254954\\u002Fswissotel-buyuk-efes-izmir-izmir-turkiye\\u002F\"},{\"text\":\"Titanic Mardan Palace\",\"url\":\"https:\\u002F\\u002Ftr.hotels.com\\u002Fho1091330016\\u002Ftitanic-mardan-palace-her-sey-dahil-antalya-turkiye\\u002F\"},{\"text\":\"W İstanbul\",\"url\":\"https:\\u002F\\u002Ftr.hotels.com\\u002Fho263900\\u002Fw-istanbul-istanbul-turkiye\\u002F\"},{\"text\":\"Orange County Alanya\",\"url\":\"https:\\u002F\\u002Ftr.hotels.com\\u002Fho311311\\u002Forange-county-resort-hotel-alanya-all-inclusive-alanya-turkiye\\u002F\"},{\"text\":\"Ciragan Palace Kempinski\",\"url\":\"https:\\u002F\\u002Ftr.hotels.com\\u002Fho546849\\u002Fciragan-palace-kempinski-istanbul-turkiye\\u002F\"},{\"text\":\"The Green Park Pendik\",\"url\":\"https:\\u002F\\u002Ftr.hotels.com\\u002Fho357289\\u002Fthe-green-park-pendik-icmeler-mahallesi-turkiye\\u002F\"},{\"text\":\"Pine Bay Holiday Resort\",\"url\":\"https:\\u002F\\u002Ftr.hotels.com\\u002Fho475591\\u002Fpine-bay-holiday-resort-kusadas-turkiye\\u002F\"},{\"text\":\"İlica Hotel Spa Resort\",\"url\":\"https:\\u002F\\u002Ftr.hotels.com\\u002Fho299925\\u002Filica-hotel-spa-wellness-thermal-resort-cesme-turkiye\\u002F\"},{\"text\":\"Titanic Luxury Collection Bodrum\",\"url\":\"https:\\u002F\\u002Ftr.hotels.com\\u002Fho577668\\u002Ftitanic-deluxe-bodrum-her-sey-dahil-bodrum-turkiye\\u002F\"},{\"text\":\"The Green Park Ankara\",\"url\":\"https:\\u002F\\u002Ftr.hotels.com\\u002Fho508088\\u002Fthe-green-park-ankara-ankara-turkiye\\u002F\"}],\"style\":\"default\",\"strategy\":\"custom-content\"},\"groups\":null,\"children\":null,\"module\":true,\"experimentFailed\":false},{\"type\":\"Module\",\"name\":\"links\",\"id\":\"links-8\",\"fmId\":2882066,\"fmTitleId\":null,\"model\":{\"partialFailure\":false,\"pageNumber\":0,\"lgCarouselItems\":0,\"cityLevel\":false,\"containerInlinePadding\":\"unset\",\"toggle\":\"none\",\"boxType\":\"simple\",\"mdCarouselItems\":0,\"title\":\"Diğer tatil fikirleri\",\"dropDownArrowSize\":\"SMALL\",\"empty\":false,\"airCarrierType\":\"all\",\"totalLinksPerPage\":10,\"displayColumns\":\"2\",\"hideTitle\":false,\"cacheKey\":\"fctx[.site[300000028.tr_TR].sctx[home.Storefront-Homepage]]common[.tDiğer tatil fikirleri.vnull]-2105565002.p0exp[.eSPT_TGFH_Apartment_Redirection.b0]\",\"smCarouselItems\":0,\"withoutTitleSeparator\":false,\"totalLinkCount\":3,\"name\":\"links\",\"tokens\":{\"links.custom-content.totalCount\":\"3\"},\"links\":[{\"text\":\"Hotels.com Kuponları\",\"url\":\"https:\\u002F\\u002Ftr.hotels.com\\u002Flp\\u002Fb\\u002Fcoupons\"},{\"text\":\"Hotels.com™ Rewards programı\",\"url\":\"https:\\u002F\\u002Ftr.hotels.com\\u002Fhotel-rewards-pillar\\u002Fhotelscomrewards.html\"},{\"text\":\"Ücretsiz İptal İmkânı Sunan Oteller\",\"url\":\"https:\\u002F\\u002Ftr.hotels.com\\u002Flp\\u002Fb\\u002Fhotel-deals\\u002Ffree-cancellation\"}],\"style\":\"default\",\"strategy\":\"custom-content\"},\"groups\":null,\"children\":null,\"module\":true,\"experimentFailed\":false}],\"experimentFailed\":false,\"module\":false,\"view\":\"spacing-container\"}],\"experimentFailed\":false,\"module\":false,\"view\":\"toggle\"},{\"type\":\"Region\",\"name\":\"MesoTest\",\"id\":\"region-2816055\",\"fmId\":2816055,\"fmTitleId\":null,\"model\":{\"fmId\":2816055,\"templateName\":\"NEW-Hotelscom-Blossom-Homepage\",\"fmType\":\"REGION\",\"name\":\"MesoTest\",\"width\":\"100\",\"scene\":\"\",\"empty\":false},\"modules\":[{\"type\":\"Module\",\"name\":\"partner-gallery\",\"id\":\"partner-gallery-1\",\"fmId\":2816037,\"fmTitleId\":null,\"model\":{\"fmId\":2816037,\"clientSideOnly\":\"true\",\"templateName\":\"NEW-Hotelscom-Blossom-Homepage\",\"fmType\":\"MODULE\",\"name\":\"partner-gallery\",\"variant\":\"pwa\",\"uci\":\"PG1\",\"pageName\":\"Homepage\",\"scene\":\"\"},\"groups\":null,\"children\":null,\"module\":true,\"experimentFailed\":false,\"clientSideOnly\":\"true\"}],\"experimentFailed\":false,\"module\":false},{\"type\":\"Region\",\"name\":\"One Key CTC toast\",\"id\":\"region-2816603\",\"fmId\":2816603,\"fmTitleId\":null,\"model\":{\"fmId\":2816603,\"templateName\":\"NEW-Hotelscom-Blossom-Homepage\",\"fmType\":\"REGION\",\"name\":\"One Key CTC toast\",\"width\":\"100\",\"scene\":\"\",\"empty\":false},\"modules\":[{\"type\":\"Module\",\"name\":\"click-to-claim-toast\",\"id\":\"click-to-claim-toast-1\",\"fmId\":2816604,\"fmTitleId\":null,\"model\":{\"fmId\":2816604,\"clientSideOnly\":\"true\",\"templateName\":\"NEW-Hotelscom-Blossom-Homepage\",\"fmType\":\"MODULE\",\"name\":\"click-to-claim-toast\",\"scene\":\"\"},\"groups\":null,\"children\":null,\"module\":true,\"experimentFailed\":false,\"clientSideOnly\":\"true\"}],\"experimentFailed\":false,\"module\":false}]},\"cacheKey\":\"300000028-tr_TR-Global_Brand-NEW-Hotelscom-Blossom-Homepage|137|fctx[.site[300000028.tr_TR].sctx[home.Storefront-Homepage]]|exp[.eHCOM_HERO_IMAGE_BEHIND_SEARCH_FORM.b1.eHome_Finish_Your_Booking_Web.b1.eManaged_Banner_After_Wizard_Web_Toggle.b1.eMeSo_App_Home_Marquee_ad_position_test.b1.eMeSo_Shared_UI_Marquee_on_Global_Storefront.b1.eWeb_Introduce_Average_Lodging_Price_on_Destination_Recommendation_Cards.b1]mab[]\",\"allModulesSuccessful\":true,\"timestamp\":0,\"tokens\":{\"thisYear\":\"2025\",\"brandName\":\"Hotels.com\",\"bestYear\":\"2025\",\"currentMonth.short\":\"Şub\",\"currentMonth.full\":\"Şubat\",\"today\":\"25.02.2025\",\"nextYear\":\"2026\",\"tomorrow\":\"26.02.2025\",\"siteName\":\"Hotels.com\",\"defaultDomain\":\"tr.hotels.com\",\"links.custom-content.totalCount\":\"20\",\"defaultCountry\":\"Turkey\"}}},\"flexModuleModelStore\":{\"modelMapAsObject\":{\"region-3491276\":{\"type\":\"region\",\"fmTitleId\":null,\"model\":{\"fmId\":3491276,\"templateName\":\"NEW-Hotelscom-Blossom-Homepage\",\"fmType\":\"REGION\",\"name\":\"BexPaddingRegion\",\"width\":\"100\",\"scene\":\"\",\"brandModulePadding\":\"bex_padding\",\"empty\":false}},\"region-3491274\":{\"type\":\"region\",\"fmTitleId\":null,\"model\":{\"backgroundImageRatio\":\"16-9\",\"experimentBucket\":1,\"backgroundImage\":\"https:\\u002F\\u002Fforever.travel-assets.com\\u002Fflex\\u002Fflexmanager\\u002Fimages\\u002F2025\\u002F01\\u002F28\\u002FPD2_00227_HCOM_ICA_DUBAI_BAB_AL_SHAMS_0771.jpg\",\"title\":\"Sizin için mükemmel yeri bulun™\",\"experimentType\":\"GUID\",\"scene\":\"\",\"empty\":false,\"view\":\"destination-hero-card\",\"fmId\":3491274,\"templateName\":\"NEW-Hotelscom-Blossom-Homepage\",\"fmType\":\"REGION\",\"name\":\"HeroCardRegionV1\",\"width\":\"100\",\"experimentName\":\"HCOM_HERO_IMAGE_BEHIND_SEARCH_FORM\"}},\"lodging-search-form-1\":{\"type\":\"lodging-search-form\",\"fmTitleId\":null,\"model\":{\"fmId\":3491275,\"clientSideOnly\":\"true\",\"templateName\":\"NEW-Hotelscom-Blossom-Homepage\",\"fmType\":\"MODULE\",\"name\":\"lodging-search-form\",\"scene\":\"\"}},\"region-2816062\":{\"type\":\"region\",\"fmTitleId\":null,\"model\":{\"fmId\":2816062,\"templateName\":\"NEW-Hotelscom-Blossom-Homepage\",\"fmType\":\"REGION\",\"name\":\"Popup Sheet Banners\",\"width\":\"100\",\"scene\":\"\",\"empty\":false}},\"customer-notifications-1\":{\"type\":\"customer-notifications\",\"fmTitleId\":null,\"model\":{\"fmId\":2816063,\"clientSideOnly\":\"true\",\"templateName\":\"NEW-Hotelscom-Blossom-Homepage\",\"fmType\":\"MODULE\",\"name\":\"customer-notifications\",\"location\":\"POPUP\",\"moduleTitleKey\":\"customer-notifications\",\"scene\":\"\"}},\"region-3144779\":{\"type\":\"region\",\"fmTitleId\":null,\"model\":{\"fmId\":3144779,\"templateName\":\"NEW-Hotelscom-Blossom-Homepage\",\"fmType\":\"REGION\",\"name\":\"OneKeyOnboarding\",\"width\":\"100\",\"scene\":\"\",\"brandModulePadding\":\"bex_padding\",\"empty\":false}},\"one-key-onboarding-1\":{\"type\":\"one-key-onboarding\",\"fmTitleId\":null,\"model\":{\"fmId\":3144780,\"clientSideOnly\":\"true\",\"templateName\":\"NEW-Hotelscom-Blossom-Homepage\",\"fmType\":\"MODULE\",\"name\":\"one-key-onboarding\",\"scene\":\"\"}},\"region-3434432\":{\"type\":\"region\",\"fmTitleId\":null,\"model\":{\"fmId\":3434432,\"templateName\":\"NEW-Hotelscom-Blossom-Homepage\",\"fmType\":\"REGION\",\"name\":\"After Wizard Banner Region\",\"width\":\"100\",\"scene\":\"\",\"brandModulePadding\":\"bex_padding\",\"empty\":false}},\"region-3434421\":{\"type\":\"region\",\"fmTitleId\":null,\"model\":{\"spacingContainer\":\"four\",\"experimentBucket\":0,\"experimentType\":\"GUID\",\"scene\":\"\",\"empty\":false,\"view\":\"spacing-container\",\"fmId\":3434421,\"templateName\":\"NEW-Hotelscom-Blossom-Homepage\",\"fmType\":\"REGION\",\"name\":\"Managed Banner region\",\"width\":\"100\",\"hasBorder\":false,\"experimentName\":\"eg_one_key_client\"}},\"region-3434422\":{\"type\":\"region\",\"fmTitleId\":null,\"model\":{\"view\":\"auth-container\",\"fmId\":3434422,\"templateName\":\"NEW-Hotelscom-Blossom-Homepage\",\"experimentBucket\":1,\"fmType\":\"REGION\",\"name\":\"Managed Banner Auth\",\"width\":\"100\",\"authLevel\":\"ANONYMOUS\",\"experimentName\":\"Managed_Banner_After_Wizard_Web_Toggle\",\"experimentType\":\"GUID\",\"scene\":\"\",\"empty\":false}},\"managed-banner-wrapper-1\":{\"type\":\"managed-banner-wrapper\",\"fmTitleId\":null,\"model\":{\"contentTopic\":\"signin-banner_after-wizard\",\"fmId\":3434423,\"clientSideOnly\":\"true\",\"templateName\":\"NEW-Hotelscom-Blossom-Homepage\",\"fmType\":\"MODULE\",\"name\":\"managed-banner-wrapper\",\"showBorder\":false,\"scene\":\"\"}},\"region-3335673\":{\"type\":\"region\",\"fmTitleId\":null,\"model\":{\"backgroundColor\":\"white\",\"fmId\":3335673,\"templateName\":\"NEW-Hotelscom-Blossom-Homepage\",\"fmType\":\"REGION\",\"name\":\"Main\",\"width\":\"100\",\"scene\":\"\",\"brandModulePadding\":\"bex_padding\",\"empty\":true}},\"region-3128742\":{\"type\":\"region\",\"fmTitleId\":null,\"model\":{\"fmId\":3128742,\"templateName\":\"NEW-Hotelscom-Blossom-Homepage\",\"fmType\":\"REGION\",\"name\":\"Auth Wrapper\",\"width\":\"100\",\"authLevel\":\"AUTHENTICATED\",\"scene\":\"\",\"brandModulePadding\":\"bex_padding\",\"empty\":false}},\"region-3128740\":{\"type\":\"region\",\"fmTitleId\":null,\"model\":{\"view\":\"spacing-container\",\"fmId\":3128740,\"spacingContainer\":\"three\",\"templateName\":\"NEW-Hotelscom-Blossom-Homepage\",\"experimentBucket\":1,\"fmType\":\"REGION\",\"name\":\"FinishYourBookingRegion\",\"width\":\"100\",\"experimentName\":\"Home_Finish_Your_Booking_Web\",\"experimentType\":\"GUID\",\"scene\":\"\",\"empty\":false}},\"finish-your-booking-1\":{\"type\":\"finish-your-booking\",\"fmTitleId\":null,\"model\":{\"fmId\":3128741,\"clientSideOnly\":\"true\",\"templateName\":\"NEW-Hotelscom-Blossom-Homepage\",\"fmType\":\"MODULE\",\"name\":\"finish-your-booking\",\"scene\":\"\"}},\"region-3208040\":{\"type\":\"region\",\"fmTitleId\":null,\"model\":{\"fmId\":3208040,\"templateName\":\"NEW-Hotelscom-Blossom-Homepage\",\"fmType\":\"REGION\",\"name\":\"MAIN-Auth\",\"width\":\"100\",\"authLevel\":\"AUTHENTICATED\",\"scene\":\"\",\"brandModulePadding\":\"bex_padding\",\"empty\":false}},\"region-3208041\":{\"type\":\"region\",\"fmTitleId\":null,\"model\":{\"view\":\"spacing-container\",\"fmId\":3208041,\"spacingContainer\":\"four\",\"templateName\":\"NEW-Hotelscom-Blossom-Homepage\",\"fmType\":\"REGION\",\"name\":\"UpcomingTripAttach\",\"width\":\"100\",\"scene\":\"\",\"empty\":false}},\"mojo-1\":{\"type\":\"mojo\",\"fmTitleId\":null,\"model\":{\"fmId\":3208042,\"clientSideOnly\":\"true\",\"placementId\":\"next-upcoming-and-trip-attach\",\"templateName\":\"NEW-Hotelscom-Blossom-Homepage\",\"fmType\":\"MODULE\",\"name\":\"mojo\",\"scene\":\"\"}},\"region-3389615\":{\"type\":\"region\",\"fmTitleId\":null,\"model\":{\"fmId\":3389615,\"templateName\":\"NEW-Hotelscom-Blossom-Homepage\",\"fmType\":\"REGION\",\"name\":\"MAIN-Auth\",\"width\":\"100\",\"authLevel\":\"AUTHENTICATED\",\"scene\":\"\",\"brandModulePadding\":\"bex_padding\",\"empty\":false}},\"region-3389616\":{\"type\":\"region\",\"fmTitleId\":null,\"model\":{\"view\":\"spacing-container\",\"fmId\":3389616,\"spacingContainer\":\"four\",\"templateName\":\"NEW-Hotelscom-Blossom-Homepage\",\"fmType\":\"REGION\",\"name\":\"SavedBookedTrips\",\"width\":\"100\",\"scene\":\"\",\"empty\":false}},\"mojo-2\":{\"type\":\"mojo\",\"fmTitleId\":null,\"model\":{\"fmId\":3389617,\"clientSideOnly\":\"true\",\"placementId\":\"saved-trips\",\"templateName\":\"NEW-Hotelscom-Blossom-Homepage\",\"fmType\":\"MODULE\",\"name\":\"mojo\",\"scene\":\"\"}},\"region-2816064\":{\"type\":\"region\",\"fmTitleId\":null,\"model\":{\"fmId\":2816064,\"templateName\":\"NEW-Hotelscom-Blossom-Homepage\",\"fmType\":\"REGION\",\"name\":\"RecentSearchesRegion\",\"width\":\"100\",\"scene\":\"\",\"brandModulePadding\":\"bex_padding\",\"empty\":false}},\"region-3235963\":{\"type\":\"region\",\"fmTitleId\":null,\"model\":{\"view\":\"spacing-container\",\"fmId\":3235963,\"spacingContainer\":\"four\",\"templateName\":\"NEW-Hotelscom-Blossom-Homepage\",\"fmType\":\"REGION\",\"name\":\"spacing container\",\"width\":\"100\",\"scene\":\"\",\"empty\":false}},\"recent-searches-1\":{\"type\":\"recent-searches\",\"fmTitleId\":null,\"model\":{\"fmId\":3235964,\"clientSideOnly\":\"true\",\"templateName\":\"NEW-Hotelscom-Blossom-Homepage\",\"fmType\":\"MODULE\",\"name\":\"recent-searches\",\"scene\":\"\"}},\"region-3230601\":{\"type\":\"region\",\"fmTitleId\":null,\"model\":{\"view\":\"auth-container\",\"fmId\":3230601,\"templateName\":\"NEW-Hotelscom-Blossom-Homepage\",\"fmType\":\"REGION\",\"name\":\"RecentAcitivitiesAuthenticated\",\"width\":\"100\",\"authLevel\":\"AUTHENTICATED\",\"scene\":\"\",\"empty\":false}},\"region-3230602\":{\"type\":\"region\",\"fmTitleId\":null,\"model\":{\"fmId\":3230602,\"templateName\":\"NEW-Hotelscom-Blossom-Homepage\",\"fmType\":\"REGION\",\"name\":\"Recent Activities\",\"width\":\"100\",\"scene\":\"\",\"brandModulePadding\":\"bex_padding\",\"empty\":false}},\"region-3230603\":{\"type\":\"region\",\"fmTitleId\":null,\"model\":{\"view\":\"spacing-container\",\"fmId\":3230603,\"spacingContainer\":\"four\",\"templateName\":\"NEW-Hotelscom-Blossom-Homepage\",\"fmType\":\"REGION\",\"name\":\"spacing container\",\"width\":\"100\",\"scene\":\"\",\"empty\":false}},\"recent-activities-module-1\":{\"type\":\"recent-activities-module\",\"fmTitleId\":null,\"model\":{\"fmId\":3230604,\"clientSideOnly\":\"true\",\"typeFilter\":[\"VIEWED_PRODUCTS\"],\"templateName\":\"NEW-Hotelscom-Blossom-Homepage\",\"fmType\":\"MODULE\",\"contentSize\":\"UBER_ABBREVIATED_RATING\",\"name\":\"recent-activities-module\",\"entity\":\"LODGING\",\"scene\":\"\"}},\"region-3230605\":{\"type\":\"region\",\"fmTitleId\":null,\"model\":{\"view\":\"auth-container\",\"fmId\":3230605,\"templateName\":\"NEW-Hotelscom-Blossom-Homepage\",\"fmType\":\"REGION\",\"name\":\"RecentAcitivitiesAnonymous\",\"width\":\"100\",\"authLevel\":\"ANONYMOUS\",\"scene\":\"\",\"empty\":false}},\"region-3230606\":{\"type\":\"region\",\"fmTitleId\":null,\"model\":{\"fmId\":3230606,\"templateName\":\"NEW-Hotelscom-Blossom-Homepage\",\"fmType\":\"REGION\",\"name\":\"Recent Activities\",\"width\":\"100\",\"scene\":\"\",\"brandModulePadding\":\"bex_padding\",\"empty\":false}},\"region-3230607\":{\"type\":\"region\",\"fmTitleId\":null,\"model\":{\"view\":\"spacing-container\",\"fmId\":3230607,\"spacingContainer\":\"four\",\"templateName\":\"NEW-Hotelscom-Blossom-Homepage\",\"fmType\":\"REGION\",\"name\":\"spacing container\",\"width\":\"100\",\"scene\":\"\",\"empty\":false}},\"recent-activities-module-2\":{\"type\":\"recent-activities-module\",\"fmTitleId\":null,\"model\":{\"fmId\":3230608,\"clientSideOnly\":\"true\",\"typeFilter\":[\"VIEWED_PRODUCTS\"],\"templateName\":\"NEW-Hotelscom-Blossom-Homepage\",\"fmType\":\"MODULE\",\"contentSize\":\"UBER_ABBREVIATED_RATING\",\"name\":\"recent-activities-module\",\"entity\":\"LODGING\",\"scene\":\"\"}},\"region-3208049\":{\"type\":\"region\",\"fmTitleId\":null,\"model\":{\"fmId\":3208049,\"templateName\":\"NEW-Hotelscom-Blossom-Homepage\",\"experimentBucket\":0,\"fmType\":\"REGION\",\"name\":\"ValuePropositionBannerRegion\",\"width\":\"100\",\"experimentName\":\"Slim_brand_non_US_Feature_Gate\",\"experimentType\":\"GUID\",\"scene\":\"\",\"brandModulePadding\":\"bex_padding\",\"empty\":false}},\"region-3389618\":{\"type\":\"region\",\"fmTitleId\":null,\"model\":{\"view\":\"spacing-container\",\"fmId\":3389618,\"spacingContainer\":\"four\",\"templateName\":\"NEW-Hotelscom-Blossom-Homepage\",\"fmType\":\"REGION\",\"name\":\"SpacingContainer\",\"width\":\"100\",\"scene\":\"\",\"empty\":false}},\"value-proposition-banner-1\":{\"type\":\"value-proposition-banner\",\"fmTitleId\":null,\"model\":{\"fmId\":3389610,\"clientSideOnly\":\"true\",\"templateName\":\"NEW-Hotelscom-Blossom-Homepage\",\"fmType\":\"MODULE\",\"name\":\"value-proposition-banner\",\"scene\":\"\"}},\"region-3208053\":{\"type\":\"region\",\"fmTitleId\":null,\"model\":{\"fmId\":3208053,\"templateName\":\"NEW-Hotelscom-Blossom-Homepage\",\"fmType\":\"REGION\",\"name\":\"MAIN\",\"width\":\"100\",\"scene\":\"\",\"brandModulePadding\":\"bex_padding\",\"empty\":false}},\"region-3208054\":{\"type\":\"region\",\"fmTitleId\":null,\"model\":{\"view\":\"spacing-container\",\"fmId\":3208054,\"spacingContainer\":\"three\",\"templateName\":\"NEW-Hotelscom-Blossom-Homepage\",\"fmType\":\"REGION\",\"name\":\"Property Types\",\"width\":\"100\",\"scene\":\"\",\"empty\":false}},\"property-types-carousel-1\":{\"type\":\"property-types-carousel\",\"fmTitleId\":null,\"model\":{\"fmId\":3208055,\"clientSideOnly\":\"true\",\"templateName\":\"NEW-Hotelscom-Blossom-Homepage\",\"fmType\":\"MODULE\",\"name\":\"property-types-carousel\",\"scene\":\"\"}},\"region-3484393\":{\"type\":\"region\",\"fmTitleId\":null,\"model\":{\"fmId\":3484393,\"templateName\":\"NEW-Hotelscom-Blossom-Homepage\",\"experimentBucket\":0,\"fmType\":\"REGION\",\"name\":\"NonLazyLoad\",\"width\":\"100\",\"experimentName\":\"Black_Friday_throttle\",\"experimentType\":\"GUID\",\"scene\":\"\",\"empty\":true}},\"region-3253750\":{\"type\":\"region\",\"fmTitleId\":null,\"model\":{\"fmId\":3253750,\"templateName\":\"NEW-Hotelscom-Blossom-Homepage\",\"fmType\":\"REGION\",\"name\":\"Property Recs\",\"width\":\"100\",\"scene\":\"\",\"brandModulePadding\":\"bex_padding\",\"empty\":false}},\"region-3253751\":{\"type\":\"region\",\"fmTitleId\":null,\"model\":{\"view\":\"spacing-container\",\"fmId\":3253751,\"spacingContainer\":\"three\",\"templateName\":\"NEW-Hotelscom-Blossom-Homepage\",\"fmType\":\"REGION\",\"name\":\"spacing container\",\"width\":\"100\",\"scene\":\"\",\"empty\":false}},\"region-3253739\":{\"type\":\"region\",\"fmTitleId\":null,\"model\":{\"view\":\"lazy-load\",\"fmId\":3253739,\"templateName\":\"NEW-Hotelscom-Blossom-Homepage\",\"fmType\":\"REGION\",\"name\":\"lazy load\",\"width\":\"100\",\"scene\":\"\",\"empty\":false}},\"personalized-offers-recommendation-1\":{\"type\":\"personalized-offers-recommendation\",\"fmTitleId\":null,\"model\":{\"fmId\":3253740,\"clientSideOnly\":\"true\",\"templateName\":\"NEW-Hotelscom-Blossom-Homepage\",\"fmType\":\"MODULE\",\"name\":\"personalized-offers-recommendation\",\"scene\":\"\"}},\"region-3263851\":{\"type\":\"region\",\"fmTitleId\":null,\"model\":{\"fmId\":3263851,\"templateName\":\"NEW-Hotelscom-Blossom-Homepage\",\"experimentBucket\":0,\"fmType\":\"REGION\",\"name\":\"Merch Hero\",\"width\":\"100\",\"experimentName\":\"Black_Friday_throttle\",\"experimentType\":\"GUID\",\"scene\":\"\",\"brandModulePadding\":\"bex_padding\",\"empty\":false}},\"region-3263852\":{\"type\":\"region\",\"fmTitleId\":null,\"model\":{\"view\":\"spacing-container\",\"fmId\":3263852,\"spacingContainer\":\"three\",\"templateName\":\"NEW-Hotelscom-Blossom-Homepage\",\"fmType\":\"REGION\",\"name\":\"Spacing Container\",\"width\":\"100\",\"scene\":\"\",\"empty\":false}},\"mojo-3\":{\"type\":\"mojo\",\"fmTitleId\":null,\"model\":{\"fmId\":3282240,\"clientSideOnly\":\"true\",\"placementId\":\"home-merch-hero-1\",\"templateName\":\"NEW-Hotelscom-Blossom-Homepage\",\"fmType\":\"MODULE\",\"name\":\"mojo\",\"scene\":\"\"}},\"region-3312248\":{\"type\":\"region\",\"fmTitleId\":null,\"model\":{\"view\":\"lazy-load\",\"fmId\":3312248,\"templateName\":\"NEW-Hotelscom-Blossom-Homepage\",\"fmType\":\"REGION\",\"name\":\"LazyLoad\",\"width\":\"100\",\"scene\":\"\",\"empty\":false}},\"region-3481915\":{\"type\":\"region\",\"fmTitleId\":null,\"model\":{\"fmId\":3481915,\"templateName\":\"NEW-Hotelscom-Blossom-Homepage\",\"experimentBucket\":1,\"fmType\":\"REGION\",\"name\":\"Destination Recommendation\",\"width\":\"100\",\"experimentName\":\"Web_Introduce_Average_Lodging_Price_on_Destination_Recommendation_Cards\",\"experimentType\":\"GUID\",\"scene\":\"\",\"brandModulePadding\":\"bex_padding\",\"empty\":false}},\"region-3481916\":{\"type\":\"region\",\"fmTitleId\":null,\"model\":{\"view\":\"spacing-container\",\"fmId\":3481916,\"spacingContainer\":\"three\",\"templateName\":\"NEW-Hotelscom-Blossom-Homepage\",\"fmType\":\"REGION\",\"name\":\"Spacing container\",\"width\":\"100\",\"scene\":\"\",\"empty\":false}},\"retail-recommendation-personalized-module-1\":{\"type\":\"retail-recommendation-personalized-module\",\"fmTitleId\":null,\"model\":{\"fmId\":3481917,\"cardContentSize\":\"FOUNDATION\",\"clientSideOnly\":\"true\",\"legacyPriceLeftAlignment\":true,\"templateName\":\"NEW-Hotelscom-Blossom-Homepage\",\"containerType\":\"CAROUSEL\",\"isPillsView\":false,\"fmType\":\"MODULE\",\"name\":\"retail-recommendation-personalized-module\",\"skipSsr\":false,\"scene\":\"\",\"configurationIdentifier\":\"145\"}},\"region-3124058\":{\"type\":\"region\",\"fmTitleId\":null,\"model\":{\"fmId\":3124058,\"templateName\":\"NEW-Hotelscom-Blossom-Homepage\",\"fmType\":\"REGION\",\"name\":\"Weekend Deals Collection\",\"width\":\"100\",\"scene\":\"\",\"brandModulePadding\":\"bex_padding\",\"empty\":false}},\"region-3124059\":{\"type\":\"region\",\"fmTitleId\":null,\"model\":{\"view\":\"lazy-load\",\"fmId\":3124059,\"templateName\":\"NEW-Hotelscom-Blossom-Homepage\",\"fmType\":\"REGION\",\"name\":\"lazy load\",\"width\":\"100\",\"scene\":\"\",\"empty\":false}},\"region-3124060\":{\"type\":\"region\",\"fmTitleId\":null,\"model\":{\"view\":\"spacing-container\",\"fmId\":3124060,\"spacingContainer\":\"three\",\"templateName\":\"NEW-Hotelscom-Blossom-Homepage\",\"fmType\":\"REGION\",\"name\":\"spacing container\",\"width\":\"100\",\"scene\":\"\",\"empty\":false}},\"collection-lodging-carousel-1\":{\"type\":\"collection-lodging-carousel\",\"fmTitleId\":null,\"model\":{\"collectionItemsMaxPageSize\":25,\"carouselView\":\"hero\",\"scrimHue\":25,\"hideCollectionTermsAndConditions\":false,\"hideCollectionCarouselCTA\":false,\"hideCollectionSummary\":false,\"scene\":\"\",\"scrimLightness\":21,\"hideCollectionHeaderTitle\":false,\"fmId\":3275679,\"cardContentSize\":\"FOUNDATION\",\"clientSideOnly\":\"true\",\"templateName\":\"NEW-Hotelscom-Blossom-Homepage\",\"hideCollectionHeaderDescription\":true,\"fmType\":\"MODULE\",\"name\":\"collection-lodging-carousel\",\"scrimSaturation\":36,\"hideCollectionHeaderSubtitle\":true,\"collectionID\":\"qRvKdMx\"}},\"region-3017408\":{\"type\":\"region\",\"fmTitleId\":null,\"model\":{\"view\":\"lazy-load\",\"fmId\":3017408,\"templateName\":\"NEW-Hotelscom-Blossom-Homepage\",\"fmType\":\"REGION\",\"name\":\"LazyLoad\",\"width\":\"100\",\"scene\":\"\",\"brandModulePadding\":\"bex_padding\",\"empty\":false}},\"region-3017409\":{\"type\":\"region\",\"fmTitleId\":null,\"model\":{\"view\":\"spacing-container\",\"fmId\":3017409,\"spacingContainer\":\"three\",\"templateName\":\"NEW-Hotelscom-Blossom-Homepage\",\"fmType\":\"REGION\",\"name\":\"Reviews Carousel Components\",\"width\":\"100\",\"scene\":\"\",\"empty\":false}},\"reviews-carousel-component-1\":{\"type\":\"reviews-carousel-component\",\"fmTitleId\":null,\"model\":{\"fmId\":3017410,\"clientSideOnly\":\"true\",\"templateName\":\"NEW-Hotelscom-Blossom-Homepage\",\"fmType\":\"MODULE\",\"name\":\"reviews-carousel-component\",\"scene\":\"\"}},\"region-3334696\":{\"type\":\"region\",\"fmTitleId\":null,\"model\":{\"fmId\":3334696,\"templateName\":\"NEW-Hotelscom-Blossom-Homepage\",\"experimentBucket\":1,\"fmType\":\"REGION\",\"name\":\"SingleCardMarqueeContainer\",\"width\":\"100\",\"experimentName\":\"MeSo_App_Home_Marquee_ad_position_test\",\"experimentType\":\"GUID\",\"scene\":\"\",\"empty\":false}},\"single-card-marquee-1\":{\"type\":\"single-card-marquee\",\"fmTitleId\":null,\"model\":{\"fmId\":3334697,\"clientSideOnly\":\"true\",\"templateName\":\"NEW-Hotelscom-Blossom-Homepage\",\"fmType\":\"MODULE\",\"name\":\"single-card-marquee\",\"variant\":\"server_side\",\"sci\":\"NMC1\",\"pageName\":\"Homepage\",\"scene\":\"\"}},\"region-3124062\":{\"type\":\"region\",\"fmTitleId\":null,\"model\":{\"fmId\":3124062,\"templateName\":\"NEW-Hotelscom-Blossom-Homepage\",\"fmType\":\"REGION\",\"name\":\"Unique Collections\",\"width\":\"100\",\"scene\":\"\",\"brandModulePadding\":\"bex_padding\",\"empty\":false}},\"region-3124063\":{\"type\":\"region\",\"fmTitleId\":null,\"model\":{\"view\":\"lazy-load\",\"fmId\":3124063,\"templateName\":\"NEW-Hotelscom-Blossom-Homepage\",\"fmType\":\"REGION\",\"name\":\"LazyLoad\",\"width\":\"100\",\"scene\":\"\",\"empty\":false}},\"region-3124064\":{\"type\":\"region\",\"fmTitleId\":null,\"model\":{\"view\":\"spacing-container\",\"fmId\":3124064,\"spacingContainer\":\"three\",\"templateName\":\"NEW-Hotelscom-Blossom-Homepage\",\"fmType\":\"REGION\",\"name\":\"Spacing\",\"width\":\"100\",\"scene\":\"\",\"empty\":false}},\"collection-lodging-carousel-2\":{\"type\":\"collection-lodging-carousel\",\"fmTitleId\":null,\"model\":{\"collectionItemsMaxPageSize\":25,\"hideCollectionTermsAndConditions\":true,\"hideCollectionSummary\":false,\"scene\":\"\",\"hideCollectionHeaderTitle\":false,\"fmId\":3124065,\"cardContentSize\":\"FOUNDATION\",\"clientSideOnly\":\"true\",\"templateName\":\"NEW-Hotelscom-Blossom-Homepage\",\"hideCollectionHeaderDescription\":true,\"fmType\":\"MODULE\",\"name\":\"collection-lodging-carousel\",\"hideCollectionHeaderSubtitle\":true,\"collectionID\":\"AWtdEFB\"}},\"region-3300092\":{\"type\":\"region\",\"fmTitleId\":null,\"model\":{\"fmId\":3300092,\"templateName\":\"NEW-Hotelscom-Blossom-Homepage\",\"selectedRules\":\"blossom\",\"fmType\":\"REGION\",\"desktopWidth\":\"100\",\"name\":\"MerchTiles-ExperienceCard-Region\",\"width\":\"100\",\"titleSize\":4,\"scene\":\"\",\"brandModulePadding\":\"bex_padding\",\"empty\":false}},\"region-3300093\":{\"type\":\"region\",\"fmTitleId\":null,\"model\":{\"view\":\"lazy-load\",\"fmId\":3300093,\"templateName\":\"NEW-Hotelscom-Blossom-Homepage\",\"experimentBucket\":0,\"fmType\":\"REGION\",\"name\":\"Lazy Load Region\",\"width\":\"100\",\"experimentName\":\"Merch_Tiles_Carousel_UI_BEX_HCOM_Web\",\"experimentType\":\"GUID\",\"scene\":\"\",\"empty\":false}},\"region-3304476\":{\"type\":\"region\",\"fmTitleId\":null,\"model\":{\"fmId\":3304476,\"templateName\":\"NEW-Hotelscom-Blossom-Homepage\",\"fmType\":\"REGION\",\"name\":\"Merch Tiles Title\",\"width\":\"100\",\"scene\":\"\",\"empty\":false}},\"editorial-text-1\":{\"type\":\"editorial-text\",\"fmTitleId\":null,\"model\":{\"contentTopic\":\"home.merchandising-tiles.title\",\"fmId\":3304477,\"clientSideOnly\":\"true\",\"templateName\":\"NEW-Hotelscom-Blossom-Homepage\",\"fmType\":\"MODULE\",\"name\":\"editorial-text\",\"style\":\"sub-header\",\"scene\":\"\"}},\"separator-1\":{\"type\":\"separator\",\"fmTitleId\":null,\"model\":{\"view\":\"simple\",\"fmId\":3300094,\"spacing\":\"six\",\"clientSideOnly\":\"true\",\"templateName\":\"NEW-Hotelscom-Blossom-Homepage\",\"fmType\":\"MODULE\",\"name\":\"separator\",\"hideHorizontalRuling\":true,\"scene\":\"\"}},\"region-3300095\":{\"type\":\"region\",\"fmTitleId\":null,\"model\":{\"fmId\":3300095,\"templateName\":\"NEW-Hotelscom-Blossom-Homepage\",\"fmType\":\"REGION\",\"name\":\"Group3x\",\"width\":\"100\",\"scene\":\"\",\"empty\":false}},\"region-3300096\":{\"type\":\"region\",\"fmTitleId\":null,\"model\":{\"view\":\"with-white-background\",\"fmId\":3300096,\"templateName\":\"NEW-Hotelscom-Blossom-Homepage\",\"fmType\":\"REGION\",\"name\":\"Tile\",\"width\":\"33\",\"tabletWidth\":\"33\",\"scene\":\"\",\"empty\":false}},\"experience-card-1\":{\"type\":\"experience-card\",\"fmTitleId\":null,\"model\":{\"contentTopic\":\"home.merchandising-tiles.card-1\",\"fmId\":3300097,\"clientSideOnly\":\"true\",\"templateName\":\"NEW-Hotelscom-Blossom-Homepage\",\"fmType\":\"MODULE\",\"name\":\"experience-card\",\"style\":\"Eyebrow\",\"scene\":\"\"}},\"region-3300098\":{\"type\":\"region\",\"fmTitleId\":null,\"model\":{\"view\":\"with-white-background\",\"fmId\":3300098,\"templateName\":\"NEW-Hotelscom-Blossom-Homepage\",\"fmType\":\"REGION\",\"name\":\"Tile\",\"width\":\"33\",\"tabletWidth\":\"33\",\"scene\":\"\",\"empty\":false}},\"experience-card-2\":{\"type\":\"experience-card\",\"fmTitleId\":null,\"model\":{\"contentTopic\":\"home.merchandising-tiles.card-2\",\"fmId\":3300099,\"clientSideOnly\":\"true\",\"templateName\":\"NEW-Hotelscom-Blossom-Homepage\",\"fmType\":\"MODULE\",\"name\":\"experience-card\",\"style\":\"Eyebrow\",\"scene\":\"\"}},\"region-3300100\":{\"type\":\"region\",\"fmTitleId\":null,\"model\":{\"view\":\"with-white-background\",\"fmId\":3300100,\"templateName\":\"NEW-Hotelscom-Blossom-Homepage\",\"fmType\":\"REGION\",\"name\":\"Tile\",\"width\":\"33\",\"tabletWidth\":\"33\",\"scene\":\"\",\"empty\":false}},\"experience-card-3\":{\"type\":\"experience-card\",\"fmTitleId\":null,\"model\":{\"contentTopic\":\"home.merchandising-tiles.card-3\",\"fmId\":3300101,\"clientSideOnly\":\"true\",\"templateName\":\"NEW-Hotelscom-Blossom-Homepage\",\"fmType\":\"MODULE\",\"name\":\"experience-card\",\"style\":\"Eyebrow\",\"scene\":\"\"}},\"separator-2\":{\"type\":\"separator\",\"fmTitleId\":null,\"model\":{\"view\":\"simple\",\"fmId\":3300102,\"spacing\":\"six\",\"clientSideOnly\":\"true\",\"templateName\":\"NEW-Hotelscom-Blossom-Homepage\",\"fmType\":\"MODULE\",\"name\":\"separator\",\"hideHorizontalRuling\":true,\"scene\":\"\"}},\"region-2882057\":{\"type\":\"region\",\"fmTitleId\":null,\"model\":{\"view\":\"toggle\",\"fmId\":2882057,\"templateName\":\"NEW-Hotelscom-Blossom-Homepage\",\"collapsed\":true,\"fmType\":\"REGION\",\"name\":\"Explore more hotels\",\"width\":\"100\",\"title\":\"Daha fazla otel keşfedin\",\"scene\":\"\",\"empty\":false}},\"region-2882058\":{\"type\":\"region\",\"fmTitleId\":null,\"model\":{\"view\":\"spacing-container\",\"fmId\":2882058,\"templateName\":\"NEW-Hotelscom-Blossom-Homepage\",\"fmType\":\"REGION\",\"name\":\"ExploreSpacing\",\"width\":\"100\",\"hasNoInlineSpacing\":true,\"scene\":\"\",\"empty\":false}},\"links-1\":{\"type\":\"links\",\"fmTitleId\":null,\"model\":{\"partialFailure\":false,\"pageNumber\":0,\"lgCarouselItems\":0,\"cityLevel\":false,\"containerInlinePadding\":\"unset\",\"toggle\":\"none\",\"boxType\":\"simple\",\"mdCarouselItems\":0,\"title\":\"En popüler yurt içi tatil noktaları\",\"dropDownArrowSize\":\"SMALL\",\"empty\":false,\"airCarrierType\":\"all\",\"totalLinksPerPage\":10,\"displayColumns\":\"2\",\"hideTitle\":false,\"cacheKey\":\"fctx[.site[300000028.tr_TR].sctx[home.Storefront-Homepage]]common[.tEn popüler yurt içi tatil noktaları.vnull]1128556217.p0exp[.eSPT_TGFH_Apartment_Redirection.b0]\",\"smCarouselItems\":0,\"withoutTitleSeparator\":false,\"totalLinkCount\":20,\"name\":\"links\",\"tokens\":{\"links.custom-content.totalCount\":\"20\"},\"links\":[{\"text\":\"Antalya Otelleri\",\"url\":\"https:\\u002F\\u002Ftr.hotels.com\\u002Fde1355047\\u002Fantalya-turkiye-otelleri\\u002F\"},{\"text\":\"İstanbul Otelleri\",\"url\":\"https:\\u002F\\u002Ftr.hotels.com\\u002Fde1341107\\u002Fistanbul-turkiye-otelleri\\u002F\"},{\"text\":\"Bodrum Otelleri\",\"url\":\"https:\\u002F\\u002Ftr.hotels.com\\u002Fde1336372\\u002Fbodrum-turkiye-otelleri\\u002F\"},{\"text\":\"Fethiye Otelleri\",\"url\":\"https:\\u002F\\u002Ftr.hotels.com\\u002Fde1635961\\u002Ffethiye-turkiye-otelleri\\u002F\"},{\"text\":\"Ankara Otelleri\",\"url\":\"https:\\u002F\\u002Ftr.hotels.com\\u002Fde1344642\\u002Fankara-turkiye-otelleri\\u002F\"},{\"text\":\"İzmir Otelleri\",\"url\":\"https:\\u002F\\u002Ftr.hotels.com\\u002Fde1342706\\u002Fizmir-turkiye-otelleri\\u002F\"},{\"text\":\"Alaçatı Otelleri\",\"url\":\"https:\\u002F\\u002Ftr.hotels.com\\u002Fde1797522\\u002Falacat-turkiye-otelleri\\u002F\"},{\"text\":\"Ayvalık Otelleri\",\"url\":\"https:\\u002F\\u002Ftr.hotels.com\\u002Fde1353857\\u002Fayval-k-turkiye-otelleri\\u002F\"},{\"text\":\"Akyaka Otelleri\",\"url\":\"https:\\u002F\\u002Ftr.hotels.com\\u002Fde1797245\\u002Fakyaka-turkiye-otelleri\\u002F\"},{\"text\":\"Çeşme Otelleri\",\"url\":\"https:\\u002F\\u002Ftr.hotels.com\\u002Fde1355468\\u002Fcesme-turkiye-otelleri\\u002F\"},{\"text\":\"Eskişehir Otelleri\",\"url\":\"https:\\u002F\\u002Ftr.hotels.com\\u002Fde1335913\\u002Feskisehir-turkiye-otelleri\\u002F\"},{\"text\":\"Bursa Otelleri\",\"url\":\"https:\\u002F\\u002Ftr.hotels.com\\u002Fde1336673\\u002Fbursa-turkiye-otelleri\\u002F\"},{\"text\":\"Kaş Otelleri\",\"url\":\"https:\\u002F\\u002Ftr.hotels.com\\u002Fde1636721\\u002Fkas-turkiye-otelleri\\u002F\"},{\"text\":\"Bozcaada Otelleri\",\"url\":\"https:\\u002F\\u002Ftr.hotels.com\\u002Fde1338733\\u002Fbozcaada-turkiye-otelleri\\u002F\"},{\"text\":\"Adana Otelleri\",\"url\":\"https:\\u002F\\u002Ftr.hotels.com\\u002Fde1351800\\u002Fadana-turkiye-otelleri\\u002F\"},{\"text\":\"Datça Otelleri\",\"url\":\"https:\\u002F\\u002Ftr.hotels.com\\u002Fde1337095\\u002Fdatca-turkiye-otelleri\\u002F\"},{\"text\":\"Çanakkale Otelleri\",\"url\":\"https:\\u002F\\u002Ftr.hotels.com\\u002Fde1709304\\u002Fcanakkale-ve-civar-turkiye-otelleri\\u002F\"},{\"text\":\"Mardin Otelleri\",\"url\":\"https:\\u002F\\u002Ftr.hotels.com\\u002Fde1345050\\u002Fmardin-turkiye-otelleri\\u002F\"},{\"text\":\"Gaziantep Otelleri\",\"url\":\"https:\\u002F\\u002Ftr.hotels.com\\u002Fde1342180\\u002Fgaziantep-turkiye-otelleri\\u002F\"},{\"text\":\"Amasya Otelleri\",\"url\":\"https:\\u002F\\u002Ftr.hotels.com\\u002Fde1331445\\u002Famasya-turkiye-otelleri\\u002F\"}],\"style\":\"default\",\"strategy\":\"custom-content\"}},\"links-2\":{\"type\":\"links\",\"fmTitleId\":null,\"model\":{\"partialFailure\":false,\"pageNumber\":0,\"lgCarouselItems\":0,\"cityLevel\":false,\"containerInlinePadding\":\"unset\",\"toggle\":\"none\",\"boxType\":\"simple\",\"mdCarouselItems\":0,\"title\":\"En popüler uluslararası tatil noktaları\",\"dropDownArrowSize\":\"SMALL\",\"empty\":false,\"airCarrierType\":\"all\",\"totalLinksPerPage\":10,\"displayColumns\":\"2\",\"hideTitle\":false,\"cacheKey\":\"fctx[.site[300000028.tr_TR].sctx[home.Storefront-Homepage]]common[.tEn popüler uluslararası tatil noktaları.vnull]666538900.p0exp[.eSPT_TGFH_Apartment_Redirection.b0]\",\"smCarouselItems\":0,\"withoutTitleSeparator\":false,\"totalLinkCount\":12,\"name\":\"links\",\"tokens\":{\"links.custom-content.totalCount\":\"12\"},\"links\":[{\"text\":\"Paris Otelleri\",\"url\":\"https:\\u002F\\u002Ftr.hotels.com\\u002Fde504261\\u002Fparis-fransa-otelleri\\u002F\"},{\"text\":\"Amsterdam Otelleri\",\"url\":\"https:\\u002F\\u002Ftr.hotels.com\\u002Fde934558\\u002Famsterdam-hollanda-otelleri\\u002F\"},{\"text\":\"Belgrad Otelleri\",\"url\":\"https:\\u002F\\u002Ftr.hotels.com\\u002Fde1605942\\u002Fbelgrad-s-rbistan-otelleri\\u002F\"},{\"text\":\"Dedeağaç Otelleri\",\"url\":\"https:\\u002F\\u002Ftr.hotels.com\\u002Fde595823\\u002Fdedeagac-yunanistan-otelleri\\u002F\"},{\"text\":\"Batumi Otelleri\",\"url\":\"https:\\u002F\\u002Ftr.hotels.com\\u002Fde1644171\\u002Fbatumi-gurcistan-otelleri\\u002F\"},{\"text\":\"Roma Otelleri\",\"url\":\"https:\\u002F\\u002Ftr.hotels.com\\u002Fde712491\\u002Froma-italya-otelleri\\u002F\"},{\"text\":\"Viyana Otelleri\",\"url\":\"https:\\u002F\\u002Ftr.hotels.com\\u002Fde39254\\u002Fviyana-avusturya-otelleri\\u002F\"},{\"text\":\"Atina Otelleri\",\"url\":\"https:\\u002F\\u002Ftr.hotels.com\\u002Fde593632\\u002Fatina-yunanistan-otelleri\\u002F\"},{\"text\":\"Berlin Otelleri\",\"url\":\"https:\\u002F\\u002Ftr.hotels.com\\u002Fde332483\\u002Fberlin-almanya-otelleri\\u002F\"},{\"text\":\"Münih Otelleri\",\"url\":\"https:\\u002F\\u002Ftr.hotels.com\\u002Fde384011\\u002Fmunih-almanya-otelleri\\u002F\"},{\"text\":\"Minsk Otelleri\",\"url\":\"https:\\u002F\\u002Ftr.hotels.com\\u002Fde118894\\u002Fminsk-beyaz-rusya-otelleri\\u002F\"},{\"text\":\"Barselona Otelleri\",\"url\":\"https:\\u002F\\u002Ftr.hotels.com\\u002Fde444495\\u002Fbarselona-ispanya-otelleri\\u002F\"}],\"style\":\"default\",\"strategy\":\"custom-content\"}},\"links-3\":{\"type\":\"links\",\"fmTitleId\":null,\"model\":{\"partialFailure\":false,\"pageNumber\":0,\"lgCarouselItems\":0,\"cityLevel\":false,\"containerInlinePadding\":\"unset\",\"toggle\":\"none\",\"boxType\":\"simple\",\"mdCarouselItems\":0,\"title\":\"En popüler ucuz tatil noktaları\",\"dropDownArrowSize\":\"SMALL\",\"empty\":false,\"airCarrierType\":\"all\",\"totalLinksPerPage\":10,\"displayColumns\":\"2\",\"hideTitle\":false,\"cacheKey\":\"fctx[.site[300000028.tr_TR].sctx[home.Storefront-Homepage]]common[.tEn popüler ucuz tatil noktaları.vnull]204521583.p0exp[.eSPT_TGFH_Apartment_Redirection.b0]\",\"smCarouselItems\":0,\"withoutTitleSeparator\":false,\"totalLinkCount\":12,\"name\":\"links\",\"tokens\":{\"links.custom-content.totalCount\":\"12\"},\"links\":[{\"text\":\"Ucuz Antalya otelleri\",\"url\":\"https:\\u002F\\u002Ftr.hotels.com\\u002Fde1355047-qu0\\u002Fantalya-turkiye-ekonomik-oteller\\u002F\"},{\"text\":\"Ucuz İstanbul otelleri\",\"url\":\"https:\\u002F\\u002Ftr.hotels.com\\u002Fde1341107-qu0\\u002Fistanbul-turkiye-ekonomik-oteller\\u002F\"},{\"text\":\"Ucuz Bodrum otelleri\",\"url\":\"https:\\u002F\\u002Ftr.hotels.com\\u002Fde1336372-qu0\\u002Fbodrum-turkiye-ekonomik-oteller\\u002F\"},{\"text\":\"Ucuz Fethiye otelleri\",\"url\":\"https:\\u002F\\u002Ftr.hotels.com\\u002Fde1635961-qu0\\u002Ffethiye-turkiye-ekonomik-oteller\\u002F\"},{\"text\":\"Ucuz Ankara otelleri\",\"url\":\"https:\\u002F\\u002Ftr.hotels.com\\u002Fde1344642-qu0\\u002Fankara-turkiye-ekonomik-oteller\\u002F\"},{\"text\":\"Ucuz İzmir otelleri\",\"url\":\"https:\\u002F\\u002Ftr.hotels.com\\u002Fde1342706-qu0\\u002Fizmir-turkiye-ekonomik-oteller\\u002F\"},{\"text\":\"Ucuz Marmaris otelleri\",\"url\":\"https:\\u002F\\u002Ftr.hotels.com\\u002Fde1641547-qu0\\u002Fmarmaris-ve-civar-turkiye-ekonomik-oteller\\u002F\"},{\"text\":\"Ucuz Paris otelleri\",\"url\":\"https:\\u002F\\u002Ftr.hotels.com\\u002Fde504261-qu0\\u002Fparis-fransa-ekonomik-oteller\\u002F\"},{\"text\":\"Ucuz Amsterdam otelleri\",\"url\":\"https:\\u002F\\u002Ftr.hotels.com\\u002Fde934558-qu0\\u002Famsterdam-hollanda-ekonomik-oteller\\u002F\"},{\"text\":\"Ucuz Berlin otelleri\",\"url\":\"https:\\u002F\\u002Ftr.hotels.com\\u002Fde332483-qu0\\u002Fberlin-almanya-ekonomik-oteller\\u002F\"},{\"text\":\"Ucuz Münih otelleri\",\"url\":\"https:\\u002F\\u002Ftr.hotels.com\\u002Fde384011-qu0\\u002Fmunih-almanya-ekonomik-oteller\\u002F\"},{\"text\":\"Ucuz Londra otelleri\",\"url\":\"https:\\u002F\\u002Ftr.hotels.com\\u002Fde549499-qu0\\u002Flondra-birlesik-krall-k-ekonomik-oteller\\u002F\"}],\"style\":\"default\",\"strategy\":\"custom-content\"}},\"links-4\":{\"type\":\"links\",\"fmTitleId\":null,\"model\":{\"partialFailure\":false,\"pageNumber\":0,\"lgCarouselItems\":0,\"cityLevel\":false,\"containerInlinePadding\":\"unset\",\"toggle\":\"none\",\"boxType\":\"simple\",\"mdCarouselItems\":0,\"title\":\"En popüler görülecek yerler\",\"dropDownArrowSize\":\"SMALL\",\"empty\":false,\"airCarrierType\":\"all\",\"totalLinksPerPage\":10,\"displayColumns\":\"2\",\"hideTitle\":false,\"cacheKey\":\"fctx[.site[300000028.tr_TR].sctx[home.Storefront-Homepage]]common[.tEn popüler görülecek yerler.vnull]-257495734.p0exp[.eSPT_TGFH_Apartment_Redirection.b0]\",\"smCarouselItems\":0,\"withoutTitleSeparator\":false,\"totalLinkCount\":5,\"name\":\"links\",\"tokens\":{\"links.custom-content.totalCount\":\"5\"},\"links\":[{\"text\":\"Kadıköy Şükrü Saraçoğlu Stadyumu otelleri\",\"url\":\"https:\\u002F\\u002Ftr.hotels.com\\u002Fde1647564\\u002Fsukru-saracoglu-stadyumu-istanbul-turkiye-yakinindaki-oteller\\u002F\"},{\"text\":\"Sarıyer Türk Telekom Arena otelleri\",\"url\":\"https:\\u002F\\u002Ftr.hotels.com\\u002Fde1703441\\u002Fturk-telekom-arena-sar-yer-turkiye-yakinindaki-oteller\\u002F\"},{\"text\":\"Başakşehir Atatürk Olimpiyat Stadı otelleri\",\"url\":\"https:\\u002F\\u002Ftr.hotels.com\\u002Fde1647527\\u002Fataturk-olimpiyat-stad-istanbul-turkiye-yakinindaki-oteller\\u002F\"},{\"text\":\"İstanbul Havaalanı (IST) Otelleri\",\"url\":\"https:\\u002F\\u002Ftr.hotels.com\\u002Fde11419475\\u002Fistanbul-ist-arnavutkoy-turkiye-yakinindaki-oteller\\u002F\"},{\"text\":\"İstanbul Kent Merkezi Sirkeci İstasyonu otelleri\",\"url\":\"https:\\u002F\\u002Ftr.hotels.com\\u002Fde1712377\\u002Fsirkeci-istasyonu-istanbul-turkiye-yakinindaki-oteller\\u002F\"}],\"style\":\"default\",\"strategy\":\"custom-content\"}},\"links-5\":{\"type\":\"links\",\"fmTitleId\":null,\"model\":{\"partialFailure\":false,\"pageNumber\":0,\"lgCarouselItems\":0,\"cityLevel\":false,\"containerInlinePadding\":\"unset\",\"toggle\":\"none\",\"boxType\":\"simple\",\"mdCarouselItems\":0,\"title\":\"En popüler tatil noktalarındaki otel temaları\",\"dropDownArrowSize\":\"SMALL\",\"empty\":false,\"airCarrierType\":\"all\",\"totalLinksPerPage\":10,\"displayColumns\":\"2\",\"hideTitle\":false,\"cacheKey\":\"fctx[.site[300000028.tr_TR].sctx[home.Storefront-Homepage]]common[.tEn popüler tatil noktalarındaki otel temaları.vnull]-719513051.p0exp[.eSPT_TGFH_Apartment_Redirection.b0]\",\"smCarouselItems\":0,\"withoutTitleSeparator\":false,\"totalLinkCount\":12,\"name\":\"links\",\"tokens\":{\"links.custom-content.totalCount\":\"12\"},\"links\":[{\"text\":\"Lüks Oteller\",\"url\":\"https:\\u002F\\u002Ftr.hotels.com\\u002Fco10233176-qu4\\u002Fturkiye-luks-oteller\\u002F\"},{\"text\":\"Spalı Resortlar ve Oteller\",\"url\":\"https:\\u002F\\u002Ftr.hotels.com\\u002Fco10233176-ty4\\u002Fturkiye-spa-oteli-oteller\\u002F\"},{\"text\":\"Otoparklı Oteller\",\"url\":\"https:\\u002F\\u002Ftr.hotels.com\\u002Fco10233176-am16384\\u002Fturkiye-otopark-var-oteller\\u002F\"},{\"text\":\"Aile Otelleri\",\"url\":\"https:\\u002F\\u002Ftr.hotels.com\\u002Fco10233176-ty2\\u002Fturkiye-aile-dostu-oteller\\u002F\"},{\"text\":\"Ücretsiz Kahvaltısı Olan Oteller\",\"url\":\"https:\\u002F\\u002Ftr.hotels.com\\u002Fco10233176-am2048\\u002Fturkiye-kahvalt-dahil-oteller\\u002F\"},{\"text\":\"Havuzlu Oteller\",\"url\":\"https:\\u002F\\u002Ftr.hotels.com\\u002Fco10233176-am128\\u002Fturkiye-havuz-oteller\\u002F\"},{\"text\":\"Plaj Otelleri\",\"url\":\"https:\\u002F\\u002Ftr.hotels.com\\u002Fco10233176-th6\\u002Fturkiye-plaj-oteller\\u002F\"},{\"text\":\"Spor Salonlu Oteller\",\"url\":\"https:\\u002F\\u002Ftr.hotels.com\\u002Fco10233176-am2\\u002Fturkiye-spor-salonu-oteller\\u002F\"},{\"text\":\"Golf Otelleri\",\"url\":\"https:\\u002F\\u002Ftr.hotels.com\\u002Fco10233176-ty3\\u002Fturkiye-golf-oteller\\u002F\"},{\"text\":\"Evcil Hayvan Dostu Oteller\",\"url\":\"https:\\u002F\\u002Ftr.hotels.com\\u002Fco10233176-am64\\u002Fturkiye-evcil-hayvanlar-icin-uygun-oteller\\u002F\"},{\"text\":\"Her Şey Dâhil Oteller\",\"url\":\"https:\\u002F\\u002Ftr.hotels.com\\u002Fco10233176-at6\\u002Fturkiye-her-sey-dahil-oteller\\u002F\"},{\"text\":\"İş Otelleri\",\"url\":\"https:\\u002F\\u002Ftr.hotels.com\\u002Fco10233176-th14\\u002Fturkiye-is-seyahati-oteller\\u002F\"}],\"style\":\"default\",\"strategy\":\"custom-content\"}},\"links-6\":{\"type\":\"links\",\"fmTitleId\":null,\"model\":{\"partialFailure\":false,\"pageNumber\":0,\"lgCarouselItems\":0,\"cityLevel\":false,\"containerInlinePadding\":\"unset\",\"toggle\":\"none\",\"boxType\":\"simple\",\"mdCarouselItems\":0,\"title\":\"Otel harici yerler\",\"dropDownArrowSize\":\"SMALL\",\"empty\":false,\"airCarrierType\":\"all\",\"totalLinksPerPage\":10,\"displayColumns\":\"2\",\"hideTitle\":false,\"cacheKey\":\"fctx[.site[300000028.tr_TR].sctx[home.Storefront-Homepage]]common[.tOtel harici yerler.vnull]-1181530368.p0exp[.eSPT_TGFH_Apartment_Redirection.b0]\",\"smCarouselItems\":0,\"withoutTitleSeparator\":false,\"totalLinkCount\":9,\"name\":\"links\",\"tokens\":{\"links.custom-content.totalCount\":\"9\"},\"links\":[{\"text\":\"Apart Daireler\",\"url\":\"https:\\u002F\\u002Ftr.hotels.com\\u002Fco10233176-at15\\u002Fturkiye-apart-daireler-oteller\\u002F\"},{\"text\":\"Villalar\",\"url\":\"https:\\u002F\\u002Ftr.hotels.com\\u002Fco10233176-at14\\u002Fturkiye-villalar-oteller\\u002F\"},{\"text\":\"Apart Oteller\",\"url\":\"https:\\u002F\\u002Ftr.hotels.com\\u002Fco10233176-at20\\u002Fturkiye-apart-otel-oteller\\u002F\"},{\"text\":\"Oda Kahvaltı Otelleri\",\"url\":\"https:\\u002F\\u002Ftr.hotels.com\\u002Fco10233176-at5\\u002Fturkiye-oda-kahvalt-oteller\\u002F\"},{\"text\":\"Pansiyon Oteller\",\"url\":\"https:\\u002F\\u002Ftr.hotels.com\\u002Fco10233176-at30\\u002Fturkiye-pansiyonlar-oteller\\u002F\"},{\"text\":\"Pansiyonlar\",\"url\":\"https:\\u002F\\u002Ftr.hotels.com\\u002Fco10233176-at25\\u002Fturkiye-pansiyonlar-oteller\\u002F\"},{\"text\":\"Hosteller\",\"url\":\"https:\\u002F\\u002Ftr.hotels.com\\u002Fco10233176-at12\\u002Fturkiye-hosteller-oteller\\u002F\"},{\"text\":\"Tatil Köyleri\",\"url\":\"https:\\u002F\\u002Ftr.hotels.com\\u002Fco10233176-at3\\u002Fturkiye-tatil-koyleri-oteller\\u002F\"},{\"text\":\"Küçük Oteller\",\"url\":\"https:\\u002F\\u002Ftr.hotels.com\\u002Fco10233176-at8\\u002Fturkiye-kucuk-oteller-oteller\\u002F\"}],\"style\":\"default\",\"strategy\":\"custom-content\"}},\"links-7\":{\"type\":\"links\",\"fmTitleId\":null,\"model\":{\"partialFailure\":false,\"pageNumber\":0,\"lgCarouselItems\":0,\"cityLevel\":false,\"containerInlinePadding\":\"unset\",\"toggle\":\"none\",\"boxType\":\"simple\",\"mdCarouselItems\":0,\"title\":\"Önerilen oteller\",\"dropDownArrowSize\":\"SMALL\",\"empty\":false,\"airCarrierType\":\"all\",\"totalLinksPerPage\":10,\"displayColumns\":\"2\",\"hideTitle\":false,\"cacheKey\":\"fctx[.site[300000028.tr_TR].sctx[home.Storefront-Homepage]]common[.tÖnerilen oteller.vnull]-1643547685.p0exp[.eSPT_TGFH_Apartment_Redirection.b0]\",\"smCarouselItems\":0,\"withoutTitleSeparator\":false,\"totalLinkCount\":20,\"name\":\"links\",\"tokens\":{\"links.custom-content.totalCount\":\"20\"},\"links\":[{\"text\":\"The Land of Legends Kingdom Hotel\",\"url\":\"https:\\u002F\\u002Ftr.hotels.com\\u002Fho435040832\\u002Fthe-land-of-legends-kingdom-hotel-belek-turkiye\\u002F\"},{\"text\":\"Granada Luxury Belek\",\"url\":\"https:\\u002F\\u002Ftr.hotels.com\\u002Fho647545\\u002Fgranada-luxury-belek-all-inclusive-belek-turkiye\\u002F\"},{\"text\":\"Kremlin Palace\",\"url\":\"https:\\u002F\\u002Ftr.hotels.com\\u002Fho225168\\u002Fasteria-kremlin-palace-all-inclusive-antalya-turkiye\\u002F\"},{\"text\":\"NG Sapanca\",\"url\":\"https:\\u002F\\u002Ftr.hotels.com\\u002Fho379202\\u002Fng-sapanca-wellness-convention-sapanca-turkiye\\u002F\"},{\"text\":\"Hilton Istanbul Bosphorus\",\"url\":\"https:\\u002F\\u002Ftr.hotels.com\\u002Fho197556\\u002Fhilton-istanbul-bosphorus-istanbul-turkiye\\u002F\"},{\"text\":\"Long Beach Alanya\",\"url\":\"https:\\u002F\\u002Ftr.hotels.com\\u002Fho542888\\u002Flong-beach-resort-spa-all-inclusive-alanya-turkiye\\u002F\"},{\"text\":\"Four Seasons Hotel Istanbul at the Bosphorus\",\"url\":\"https:\\u002F\\u002Ftr.hotels.com\\u002Fho346067\\u002Ffour-seasons-hotel-istanbul-at-the-bosphorus-istanbul-turkiye\\u002F\"},{\"text\":\"Liberty Lykia\",\"url\":\"https:\\u002F\\u002Ftr.hotels.com\\u002Fho223422\\u002Fliberty-hotels-lykia-all-inclusive-fethiye-turkiye\\u002F\"},{\"text\":\"Granada Luxury Resort Okurcalar\",\"url\":\"https:\\u002F\\u002Ftr.hotels.com\\u002Fho647176\\u002Fgranada-luxury-resort-okurcalar-all-inclusive-alanya-turkiye\\u002F\"},{\"text\":\"Tasigo Eskişehir\",\"url\":\"https:\\u002F\\u002Ftr.hotels.com\\u002Fho469220\\u002Ftasigo-eskisehir-eskisehir-turkiye\\u002F\"},{\"text\":\"Swissotel Büyük Efes İzmir\",\"url\":\"https:\\u002F\\u002Ftr.hotels.com\\u002Fho254954\\u002Fswissotel-buyuk-efes-izmir-izmir-turkiye\\u002F\"},{\"text\":\"Titanic Mardan Palace\",\"url\":\"https:\\u002F\\u002Ftr.hotels.com\\u002Fho1091330016\\u002Ftitanic-mardan-palace-her-sey-dahil-antalya-turkiye\\u002F\"},{\"text\":\"W İstanbul\",\"url\":\"https:\\u002F\\u002Ftr.hotels.com\\u002Fho263900\\u002Fw-istanbul-istanbul-turkiye\\u002F\"},{\"text\":\"Orange County Alanya\",\"url\":\"https:\\u002F\\u002Ftr.hotels.com\\u002Fho311311\\u002Forange-county-resort-hotel-alanya-all-inclusive-alanya-turkiye\\u002F\"},{\"text\":\"Ciragan Palace Kempinski\",\"url\":\"https:\\u002F\\u002Ftr.hotels.com\\u002Fho546849\\u002Fciragan-palace-kempinski-istanbul-turkiye\\u002F\"},{\"text\":\"The Green Park Pendik\",\"url\":\"https:\\u002F\\u002Ftr.hotels.com\\u002Fho357289\\u002Fthe-green-park-pendik-icmeler-mahallesi-turkiye\\u002F\"},{\"text\":\"Pine Bay Holiday Resort\",\"url\":\"https:\\u002F\\u002Ftr.hotels.com\\u002Fho475591\\u002Fpine-bay-holiday-resort-kusadas-turkiye\\u002F\"},{\"text\":\"İlica Hotel Spa Resort\",\"url\":\"https:\\u002F\\u002Ftr.hotels.com\\u002Fho299925\\u002Filica-hotel-spa-wellness-thermal-resort-cesme-turkiye\\u002F\"},{\"text\":\"Titanic Luxury Collection Bodrum\",\"url\":\"https:\\u002F\\u002Ftr.hotels.com\\u002Fho577668\\u002Ftitanic-deluxe-bodrum-her-sey-dahil-bodrum-turkiye\\u002F\"},{\"text\":\"The Green Park Ankara\",\"url\":\"https:\\u002F\\u002Ftr.hotels.com\\u002Fho508088\\u002Fthe-green-park-ankara-ankara-turkiye\\u002F\"}],\"style\":\"default\",\"strategy\":\"custom-content\"}},\"links-8\":{\"type\":\"links\",\"fmTitleId\":null,\"model\":{\"partialFailure\":false,\"pageNumber\":0,\"lgCarouselItems\":0,\"cityLevel\":false,\"containerInlinePadding\":\"unset\",\"toggle\":\"none\",\"boxType\":\"simple\",\"mdCarouselItems\":0,\"title\":\"Diğer tatil fikirleri\",\"dropDownArrowSize\":\"SMALL\",\"empty\":false,\"airCarrierType\":\"all\",\"totalLinksPerPage\":10,\"displayColumns\":\"2\",\"hideTitle\":false,\"cacheKey\":\"fctx[.site[300000028.tr_TR].sctx[home.Storefront-Homepage]]common[.tDiğer tatil fikirleri.vnull]-2105565002.p0exp[.eSPT_TGFH_Apartment_Redirection.b0]\",\"smCarouselItems\":0,\"withoutTitleSeparator\":false,\"totalLinkCount\":3,\"name\":\"links\",\"tokens\":{\"links.custom-content.totalCount\":\"3\"},\"links\":[{\"text\":\"Hotels.com Kuponları\",\"url\":\"https:\\u002F\\u002Ftr.hotels.com\\u002Flp\\u002Fb\\u002Fcoupons\"},{\"text\":\"Hotels.com™ Rewards programı\",\"url\":\"https:\\u002F\\u002Ftr.hotels.com\\u002Fhotel-rewards-pillar\\u002Fhotelscomrewards.html\"},{\"text\":\"Ücretsiz İptal İmkânı Sunan Oteller\",\"url\":\"https:\\u002F\\u002Ftr.hotels.com\\u002Flp\\u002Fb\\u002Fhotel-deals\\u002Ffree-cancellation\"}],\"style\":\"default\",\"strategy\":\"custom-content\"}},\"region-2816055\":{\"type\":\"region\",\"fmTitleId\":null,\"model\":{\"fmId\":2816055,\"templateName\":\"NEW-Hotelscom-Blossom-Homepage\",\"fmType\":\"REGION\",\"name\":\"MesoTest\",\"width\":\"100\",\"scene\":\"\",\"empty\":false}},\"partner-gallery-1\":{\"type\":\"partner-gallery\",\"fmTitleId\":null,\"model\":{\"fmId\":2816037,\"clientSideOnly\":\"true\",\"templateName\":\"NEW-Hotelscom-Blossom-Homepage\",\"fmType\":\"MODULE\",\"name\":\"partner-gallery\",\"variant\":\"pwa\",\"uci\":\"PG1\",\"pageName\":\"Homepage\",\"scene\":\"\"}},\"region-2816603\":{\"type\":\"region\",\"fmTitleId\":null,\"model\":{\"fmId\":2816603,\"templateName\":\"NEW-Hotelscom-Blossom-Homepage\",\"fmType\":\"REGION\",\"name\":\"One Key CTC toast\",\"width\":\"100\",\"scene\":\"\",\"empty\":false}},\"click-to-claim-toast-1\":{\"type\":\"click-to-claim-toast\",\"fmTitleId\":null,\"model\":{\"fmId\":2816604,\"clientSideOnly\":\"true\",\"templateName\":\"NEW-Hotelscom-Blossom-Homepage\",\"fmType\":\"MODULE\",\"name\":\"click-to-claim-toast\",\"scene\":\"\"}}}},\"uiPage\":{\"notification\":{\"isVisible\":false,\"icon\":\"favorite\",\"message\":\"\"}},\"cookies\":{\"cookie\":\"MC1=GUID=18713dec4f394264b08c955fc30f3efb; cesc=%7B%22lpe%22%3A%5B%22f2c13c1b-f4ae-46e4-8250-35bf78805d8d%22%2C1740493307165%5D%2C%22lmc%22%3A%5B%22DIRECT.WEB%22%2C1740493307165%5D%2C%22amc%22%3A%5B%22DIRECT.WEB%22%2C1740493307165%5D%2C%22ape%22%3A%5B%22f2c13c1b-f4ae-46e4-8250-35bf78805d8d%22%2C1740493307165%5D%7D; DUAID=18713dec-4f39-4264-b08c-955fc30f3efb; sdui-trips-enabled=0; HMS=fdf72321-d65a-3ce8-8a76-a7f71aa9c4e0\"},\"advertising\":{\"CMPTST\":\"\",\"adSlotIdOverride\":\"\",\"disableFramework\":false,\"includeAdLoader\":false,\"triggeredPageName\":\"Homepage\"},\"propertyFilters\":{\"filtersMap\":[],\"originalRegionId\":\"\"},\"wizardState\":{},\"chatbot\":{\"locale\":\"tr_TR\",\"chatbotUseVacPath\":false},\"hotwireConfig\":{\"config\":{\"emailValidationService\":{\"url\":\"https:\\u002F\\u002Fwww.hotwire.com\\u002Fapi2\\u002Fvalidate\\u002Femail\",\"key\":\"bphumzgvj94hjrz35cb6n3d5\",\"secret\":\"nKq3H6bnesqmjfKJ5h2aUVV7\"},\"emailSubscriptionService\":{\"url\":\"https:\\u002F\\u002Fwww.hotwire.com\\u002Fme\\u002Fprofile\\u002Funverified\\u002Femailsubscription\",\"key\":\"k4a5mpukf6a2v4vzsqkjmdgs\",\"secret\":\"mFCDTVv86FVv2XvKawucfta7\"},\"customerStatsService\":{\"url\":\"https:\\u002F\\u002Fwww.hotwire.com\\u002Fapi\\u002Fv1\\u002Fstats\",\"key\":\"ujvt6pkrgqaajkwt2bpm7bka\",\"secret\":\"hytMWvxzdpEwZGjbmMhtPgdE\"},\"discountCodeService\":{\"url\":\"https:\\u002F\\u002Fwww.hotwire.com\\u002Fapi\\u002Fv1\\u002FdiscountCode\",\"key\":\"vtfreq7wma4d4kryvyxn8pva\",\"secret\":\"QmDJX8ggjZz2TzWPwwNuGaED\"},\"customerIdentifyService\":{\"url\":\"https:\\u002F\\u002Fwww.hotwire.com\\u002Fapi2\\u002Fcustomer\\u002Fidentify\",\"key\":\"hquecftxqbwh2yrajsrv3v3u\",\"secret\":\"fDAQ9URhJQ6uzyDdkxjkUM3E\"}}},\"uriContext\":{}}},\"experiment-store\":{\"experimentStore\":{\"exposures\":{\"SEO_CDN_Assets_Test\":{\"name\":\"SEO_CDN_Assets_Test\",\"bucket\":0,\"evaluationData\":{\"bucket\":{\"bucketValue\":0,\"bucketConfig\":null,\"calculationType\":{\"typeIdentifier\":\"B\"}},\"isEgtnlBrand\":true,\"experimentKey\":{\"experimentId\":45590},\"experimentInstanceId\":137678,\"entityId\":\"18713dec-4f39-4264-b08c-955fc30f3efb\",\"entityType\":{\"entityTypeName\":\"GUID\"},\"runType\":3,\"value\":0}},\"Bernie_SSR_ignore_analytics_context_response\":{\"name\":\"Bernie_SSR_ignore_analytics_context_response\",\"bucket\":1,\"evaluationData\":{\"bucket\":{\"bucketValue\":1,\"bucketConfig\":null,\"calculationType\":{\"typeIdentifier\":\"B\"}},\"isEgtnlBrand\":true,\"experimentKey\":{\"experimentId\":49083},\"experimentInstanceId\":174297,\"entityId\":\"18713dec-4f39-4264-b08c-955fc30f3efb\",\"entityType\":{\"entityTypeName\":\"GUID\"},\"runType\":4,\"value\":1}},\"home_viewed_clickstreamsdk\":{\"name\":\"home_viewed_clickstreamsdk\",\"bucket\":0,\"evaluationData\":{\"bucket\":{\"bucketValue\":0,\"bucketConfig\":null,\"calculationType\":{\"typeIdentifier\":\"B\"}},\"isEgtnlBrand\":true,\"experimentKey\":{\"experimentId\":60461},\"experimentInstanceId\":210567,\"entityId\":\"18713dec-4f39-4264-b08c-955fc30f3efb\",\"entityType\":{\"entityTypeName\":\"GUID\"},\"runType\":4,\"value\":0}},\"NotificationCenter_V1_Web\":{\"name\":\"NotificationCenter_V1_Web\",\"bucket\":1,\"evaluationData\":{\"bucket\":{\"bucketValue\":1,\"bucketConfig\":null,\"calculationType\":{\"typeIdentifier\":\"B\"}},\"isEgtnlBrand\":false,\"experimentKey\":{\"experimentId\":42530},\"experimentInstanceId\":205828,\"entityId\":\"18713dec-4f39-4264-b08c-955fc30f3efb\",\"entityType\":{\"entityTypeName\":\"GUID\"},\"runType\":4,\"value\":1}},\"Migrate_Notification_Center_into_Shared_UI_WEB2\":{\"name\":\"Migrate_Notification_Center_into_Shared_UI_WEB2\",\"bucket\":1,\"evaluationData\":{\"bucket\":{\"bucketValue\":1,\"bucketConfig\":null,\"calculationType\":{\"typeIdentifier\":\"B\"}},\"isEgtnlBrand\":true,\"experimentKey\":{\"experimentId\":50019},\"experimentInstanceId\":197272,\"entityId\":\"18713dec-4f39-4264-b08c-955fc30f3efb\",\"entityType\":{\"entityTypeName\":\"GUID\"},\"runType\":4,\"value\":1}},\"CL_conversations_WEB\":{\"name\":\"CL_conversations_WEB\",\"bucket\":1,\"evaluationData\":{\"bucket\":{\"bucketValue\":1,\"bucketConfig\":null,\"calculationType\":{\"typeIdentifier\":\"B\"}},\"isEgtnlBrand\":true,\"experimentKey\":{\"experimentId\":56806},\"experimentInstanceId\":189663,\"entityId\":\"18713dec-4f39-4264-b08c-955fc30f3efb\",\"entityType\":{\"entityTypeName\":\"GUID\"},\"runType\":4,\"value\":1}},\"MAD_NavigationBar_test\":{\"name\":\"MAD_NavigationBar_test\",\"bucket\":1,\"evaluationData\":{\"bucket\":{\"bucketValue\":1,\"bucketConfig\":null,\"calculationType\":{\"typeIdentifier\":\"B\"}},\"isEgtnlBrand\":true,\"experimentKey\":{\"experimentId\":46930},\"experimentInstanceId\":145609,\"entityId\":\"18713dec-4f39-4264-b08c-955fc30f3efb\",\"entityType\":{\"entityTypeName\":\"GUID\"},\"runType\":4,\"value\":1}},\"Shared_UI_Remove_Deprecated_UITK_Nav_Button\":{\"name\":\"Shared_UI_Remove_Deprecated_UITK_Nav_Button\",\"bucket\":0,\"evaluationData\":{\"bucket\":{\"bucketValue\":0,\"bucketConfig\":null,\"calculationType\":{\"typeIdentifier\":\"B\"}},\"isEgtnlBrand\":true,\"experimentKey\":{\"experimentId\":54682},\"experimentInstanceId\":181565,\"entityId\":\"18713dec-4f39-4264-b08c-955fc30f3efb\",\"entityType\":{\"entityTypeName\":\"GUID\"},\"runType\":4,\"value\":0}},\"GlobalNav_OneKey_FeatureGate\":{\"name\":\"GlobalNav_OneKey_FeatureGate\",\"bucket\":1,\"evaluationData\":{\"bucket\":{\"bucketValue\":1,\"bucketConfig\":null,\"calculationType\":{\"typeIdentifier\":\"B\"}},\"isEgtnlBrand\":true,\"experimentKey\":{\"experimentId\":46376},\"experimentInstanceId\":147312,\"entityId\":\"18713dec-4f39-4264-b08c-955fc30f3efb\",\"entityType\":{\"entityTypeName\":\"GUID\"},\"runType\":4,\"value\":1}},\"SIMILAR_PROPERTIES_MAP_VIEW_WEB\":{\"name\":\"SIMILAR_PROPERTIES_MAP_VIEW_WEB\",\"bucket\":0,\"evaluationData\":{\"bucket\":{\"bucketValue\":0,\"bucketConfig\":null,\"calculationType\":{\"typeIdentifier\":\"B\"}},\"isEgtnlBrand\":true,\"experimentKey\":{\"experimentId\":55929},\"experimentInstanceId\":208627,\"entityId\":\"18713dec-4f39-4264-b08c-955fc30f3efb\",\"entityType\":{\"entityTypeName\":\"GUID\"},\"runType\":4,\"value\":0}},\"Custom_Place_on_PDP_Map_iteration_2\":{\"name\":\"Custom_Place_on_PDP_Map_iteration_2\",\"bucket\":0,\"evaluationData\":{\"bucket\":{\"bucketValue\":0,\"bucketConfig\":null,\"calculationType\":{\"typeIdentifier\":\"B\"}},\"isEgtnlBrand\":true,\"experimentKey\":{\"experimentId\":47802},\"experimentInstanceId\":147517,\"entityId\":\"18713dec-4f39-4264-b08c-955fc30f3efb\",\"entityType\":{\"entityTypeName\":\"GUID\"},\"runType\":4,\"value\":0}},\"App_Shell_Property_Requirement_Web\":{\"name\":\"App_Shell_Property_Requirement_Web\",\"bucket\":0,\"evaluationData\":{\"bucket\":{\"bucketValue\":0,\"bucketConfig\":null,\"calculationType\":{\"typeIdentifier\":\"B\"}},\"isEgtnlBrand\":true,\"experimentKey\":{\"experimentId\":57312},\"experimentInstanceId\":201812,\"entityId\":\"18713dec-4f39-4264-b08c-955fc30f3efb\",\"entityType\":{\"entityTypeName\":\"GUID\"},\"runType\":4,\"value\":0}},\"Luxury_PDP_Feature_Gate_Web\":{\"name\":\"Luxury_PDP_Feature_Gate_Web\",\"bucket\":0,\"evaluationData\":{\"bucket\":{\"bucketValue\":0,\"bucketConfig\":null,\"calculationType\":{\"typeIdentifier\":\"B\"}},\"isEgtnlBrand\":true,\"experimentKey\":{\"experimentId\":54844},\"experimentInstanceId\":202066,\"entityId\":\"18713dec-4f39-4264-b08c-955fc30f3efb\",\"entityType\":{\"entityTypeName\":\"GUID\"},\"runType\":4,\"value\":0}},\"Add_check_in_and_out_times_with_personalisation_\":{\"name\":\"Add_check_in_and_out_times_with_personalisation_\",\"bucket\":0,\"evaluationData\":{\"bucket\":{\"bucketValue\":0,\"bucketConfig\":null,\"calculationType\":{\"typeIdentifier\":\"B\"}},\"isEgtnlBrand\":true,\"experimentKey\":{\"experimentId\":57058},\"experimentInstanceId\":200713,\"entityId\":\"18713dec-4f39-4264-b08c-955fc30f3efb\",\"entityType\":{\"entityTypeName\":\"GUID\"},\"runType\":4,\"value\":0}},\"PDP_Location_Highlights\":{\"name\":\"PDP_Location_Highlights\",\"bucket\":0,\"evaluationData\":{\"bucket\":{\"bucketValue\":0,\"bucketConfig\":null,\"calculationType\":{\"typeIdentifier\":\"B\"}},\"isEgtnlBrand\":true,\"experimentKey\":{\"experimentId\":57416},\"experimentInstanceId\":208463,\"entityId\":\"18713dec-4f39-4264-b08c-955fc30f3efb\",\"entityType\":{\"entityTypeName\":\"GUID\"},\"runType\":4,\"value\":0}},\"Similar_images\":{\"name\":\"Similar_images\",\"bucket\":0,\"evaluationData\":{\"bucket\":{\"bucketValue\":0,\"bucketConfig\":null,\"calculationType\":{\"typeIdentifier\":\"B\"}},\"isEgtnlBrand\":true,\"experimentKey\":{\"experimentId\":56613},\"experimentInstanceId\":207912,\"entityId\":\"18713dec-4f39-4264-b08c-955fc30f3efb\",\"entityType\":{\"entityTypeName\":\"GUID\"},\"runType\":4,\"value\":0}},\"PWA_MAD_Marquee\":{\"name\":\"PWA_MAD_Marquee\",\"bucket\":1,\"evaluationData\":{\"bucket\":{\"bucketValue\":1,\"bucketConfig\":null,\"calculationType\":{\"typeIdentifier\":\"B\"}},\"isEgtnlBrand\":false,\"experimentKey\":{\"experimentId\":37472},\"experimentInstanceId\":203843,\"entityId\":\"18713dec-4f39-4264-b08c-955fc30f3efb\",\"entityType\":{\"entityTypeName\":\"GUID\"},\"runType\":4,\"value\":1}},\"Shared_UI_Footer\":{\"name\":\"Shared_UI_Footer\",\"bucket\":1,\"evaluationData\":{\"bucket\":{\"bucketValue\":1,\"bucketConfig\":null,\"calculationType\":{\"typeIdentifier\":\"B\"}},\"isEgtnlBrand\":false,\"experimentKey\":{\"experimentId\":37108},\"experimentInstanceId\":207557,\"entityId\":\"18713dec-4f39-4264-b08c-955fc30f3efb\",\"entityType\":{\"entityTypeName\":\"GUID\"},\"runType\":4,\"value\":1}},\"customer_notifications_query_call_killswitch\":{\"name\":\"customer_notifications_query_call_killswitch\",\"bucket\":1,\"evaluationData\":{\"bucket\":{\"bucketValue\":1,\"bucketConfig\":null,\"calculationType\":{\"typeIdentifier\":\"B\"}},\"isEgtnlBrand\":true,\"experimentKey\":{\"experimentId\":59279},\"experimentInstanceId\":204207,\"entityId\":\"18713dec-4f39-4264-b08c-955fc30f3efb\",\"entityType\":{\"entityTypeName\":\"GUID\"},\"runType\":4,\"value\":1}},\"server_sheet_integration\":{\"name\":\"server_sheet_integration\",\"bucket\":1,\"evaluationData\":{\"bucket\":{\"bucketValue\":1,\"bucketConfig\":null,\"calculationType\":{\"typeIdentifier\":\"B\"}},\"isEgtnlBrand\":true,\"experimentKey\":{\"experimentId\":60550},\"experimentInstanceId\":211900,\"entityId\":\"18713dec-4f39-4264-b08c-955fc30f3efb\",\"entityType\":{\"entityTypeName\":\"GUID\"},\"runType\":3,\"value\":1}},\"Onboarding_v2_Web\":{\"name\":\"Onboarding_v2_Web\",\"bucket\":1,\"evaluationData\":{\"bucket\":{\"bucketValue\":1,\"bucketConfig\":null,\"calculationType\":{\"typeIdentifier\":\"B\"}},\"isEgtnlBrand\":true,\"experimentKey\":{\"experimentId\":54466},\"experimentInstanceId\":208831,\"entityId\":\"18713dec-4f39-4264-b08c-955fc30f3efb\",\"entityType\":{\"entityTypeName\":\"GUID\"},\"runType\":4,\"value\":1}},\"Split_View_Side_by_side_BEXG_H\":{\"name\":\"Split_View_Side_by_side_BEXG_H\",\"bucket\":0,\"evaluationData\":{\"bucket\":{\"bucketValue\":0,\"bucketConfig\":null,\"calculationType\":{\"typeIdentifier\":\"B\"}},\"isEgtnlBrand\":true,\"experimentKey\":{\"experimentId\":51993},\"experimentInstanceId\":198202,\"entityId\":\"18713dec-4f39-4264-b08c-955fc30f3efb\",\"entityType\":{\"entityTypeName\":\"GUID\"},\"runType\":4,\"value\":0}},\"EALS_Client_Side_Click_Migration\":{\"name\":\"EALS_Client_Side_Click_Migration\",\"bucket\":0,\"evaluationData\":{\"bucket\":{\"bucketValue\":0,\"bucketConfig\":null,\"calculationType\":{\"typeIdentifier\":\"B\"}},\"isEgtnlBrand\":true,\"experimentKey\":{\"experimentId\":57946},\"experimentInstanceId\":212570,\"entityId\":\"18713dec-4f39-4264-b08c-955fc30f3efb\",\"entityType\":{\"entityTypeName\":\"GUID\"},\"runType\":4,\"value\":0}},\"Property_Compare_Web_Usability\":{\"name\":\"Property_Compare_Web_Usability\",\"bucket\":0,\"evaluationData\":{\"bucket\":{\"bucketValue\":0,\"bucketConfig\":null,\"calculationType\":{\"typeIdentifier\":\"B\"}},\"isEgtnlBrand\":true,\"experimentKey\":{\"experimentId\":57943},\"experimentInstanceId\":208146,\"entityId\":\"18713dec-4f39-4264-b08c-955fc30f3efb\",\"entityType\":{\"entityTypeName\":\"GUID\"},\"runType\":4,\"value\":0}},\"Multi_image_SRP_cards_mWeb\":{\"name\":\"Multi_image_SRP_cards_mWeb\",\"bucket\":1,\"evaluationData\":{\"bucket\":{\"bucketValue\":1,\"bucketConfig\":null,\"calculationType\":{\"typeIdentifier\":\"B\"}},\"isEgtnlBrand\":true,\"experimentKey\":{\"experimentId\":52397},\"experimentInstanceId\":176727,\"entityId\":\"18713dec-4f39-4264-b08c-955fc30f3efb\",\"entityType\":{\"entityTypeName\":\"GUID\"},\"runType\":4,\"value\":1}},\"Multi_image_SRP_cards\":{\"name\":\"Multi_image_SRP_cards\",\"bucket\":0,\"evaluationData\":{\"bucket\":{\"bucketValue\":0,\"bucketConfig\":null,\"calculationType\":{\"typeIdentifier\":\"B\"}},\"isEgtnlBrand\":true,\"experimentKey\":{\"experimentId\":52229},\"experimentInstanceId\":173995,\"entityId\":\"18713dec-4f39-4264-b08c-955fc30f3efb\",\"entityType\":{\"entityTypeName\":\"GUID\"},\"runType\":4,\"value\":0}},\"Introduce_Quick_Sort_and_Filters_at_top_of_SRP_mweb\":{\"name\":\"Introduce_Quick_Sort_and_Filters_at_top_of_SRP_mweb\",\"bucket\":0,\"evaluationData\":{\"bucket\":{\"bucketValue\":0,\"bucketConfig\":null,\"calculationType\":{\"typeIdentifier\":\"B\"}},\"isEgtnlBrand\":true,\"experimentKey\":{\"experimentId\":46532},\"experimentInstanceId\":150452,\"entityId\":\"18713dec-4f39-4264-b08c-955fc30f3efb\",\"entityType\":{\"entityTypeName\":\"GUID\"},\"runType\":4,\"value\":0}},\"Introduce_Quick_Sort_and_Filters_at_top_of_SRP_web\":{\"name\":\"Introduce_Quick_Sort_and_Filters_at_top_of_SRP_web\",\"bucket\":0,\"evaluationData\":{\"bucket\":{\"bucketValue\":0,\"bucketConfig\":null,\"calculationType\":{\"typeIdentifier\":\"B\"}},\"isEgtnlBrand\":true,\"experimentKey\":{\"experimentId\":46531},\"experimentInstanceId\":146439,\"entityId\":\"18713dec-4f39-4264-b08c-955fc30f3efb\",\"entityType\":{\"entityTypeName\":\"GUID\"},\"runType\":4,\"value\":0}},\"Saving_anonymous_signinscreen_web\":{\"name\":\"Saving_anonymous_signinscreen_web\",\"bucket\":1,\"evaluationData\":{\"bucket\":{\"bucketValue\":1,\"bucketConfig\":null,\"calculationType\":{\"typeIdentifier\":\"B\"}},\"isEgtnlBrand\":true,\"experimentKey\":{\"experimentId\":52260},\"experimentInstanceId\":191551,\"entityId\":\"18713dec-4f39-4264-b08c-955fc30f3efb\",\"entityType\":{\"entityTypeName\":\"GUID\"},\"runType\":4,\"value\":1}},\"one_click_save\":{\"name\":\"one_click_save\",\"bucket\":1,\"evaluationData\":{\"bucket\":{\"bucketValue\":1,\"bucketConfig\":null,\"calculationType\":{\"typeIdentifier\":\"B\"}},\"isEgtnlBrand\":true,\"experimentKey\":{\"experimentId\":49249},\"experimentInstanceId\":163536,\"entityId\":\"18713dec-4f39-4264-b08c-955fc30f3efb\",\"entityType\":{\"entityTypeName\":\"GUID\"},\"runType\":4,\"value\":1}},\"one_click_save_cars_lx_web\":{\"name\":\"one_click_save_cars_lx_web\",\"bucket\":1,\"evaluationData\":{\"bucket\":{\"bucketValue\":1,\"bucketConfig\":null,\"calculationType\":{\"typeIdentifier\":\"B\"}},\"isEgtnlBrand\":true,\"experimentKey\":{\"experimentId\":52454},\"experimentInstanceId\":181360,\"entityId\":\"18713dec-4f39-4264-b08c-955fc30f3efb\",\"entityType\":{\"entityTypeName\":\"GUID\"},\"runType\":4,\"value\":1}},\"Disable_heart_icon_bug_fix\":{\"name\":\"Disable_heart_icon_bug_fix\",\"bucket\":1,\"evaluationData\":{\"bucket\":{\"bucketValue\":1,\"bucketConfig\":null,\"calculationType\":{\"typeIdentifier\":\"B\"}},\"isEgtnlBrand\":true,\"experimentKey\":{\"experimentId\":50410},\"experimentInstanceId\":163606,\"entityId\":\"18713dec-4f39-4264-b08c-955fc30f3efb\",\"entityType\":{\"entityTypeName\":\"GUID\"},\"runType\":4,\"value\":1}},\"Persist_saving_anonymous\":{\"name\":\"Persist_saving_anonymous\",\"bucket\":1,\"evaluationData\":{\"bucket\":{\"bucketValue\":1,\"bucketConfig\":null,\"calculationType\":{\"typeIdentifier\":\"B\"}},\"isEgtnlBrand\":true,\"experimentKey\":{\"experimentId\":51829},\"experimentInstanceId\":169760,\"entityId\":\"18713dec-4f39-4264-b08c-955fc30f3efb\",\"entityType\":{\"entityTypeName\":\"GUID\"},\"runType\":4,\"value\":1}},\"Heart_RedOutline_LodgingLX\":{\"name\":\"Heart_RedOutline_LodgingLX\",\"bucket\":1,\"evaluationData\":{\"bucket\":{\"bucketValue\":1,\"bucketConfig\":null,\"calculationType\":{\"typeIdentifier\":\"B\"}},\"isEgtnlBrand\":true,\"experimentKey\":{\"experimentId\":51628},\"experimentInstanceId\":200086,\"entityId\":\"18713dec-4f39-4264-b08c-955fc30f3efb\",\"entityType\":{\"entityTypeName\":\"GUID\"},\"runType\":4,\"value\":1}},\"NewSaveIcon_HomePage_Web\":{\"name\":\"NewSaveIcon_HomePage_Web\",\"bucket\":1,\"evaluationData\":{\"bucket\":{\"bucketValue\":1,\"bucketConfig\":null,\"calculationType\":{\"typeIdentifier\":\"B\"}},\"isEgtnlBrand\":true,\"experimentKey\":{\"experimentId\":56569},\"experimentInstanceId\":198623,\"entityId\":\"18713dec-4f39-4264-b08c-955fc30f3efb\",\"entityType\":{\"entityTypeName\":\"GUID\"},\"runType\":4,\"value\":1}},\"Web_Save_Consistency_HP_LP\":{\"name\":\"Web_Save_Consistency_HP_LP\",\"bucket\":1,\"evaluationData\":{\"bucket\":{\"bucketValue\":1,\"bucketConfig\":null,\"calculationType\":{\"typeIdentifier\":\"B\"}},\"isEgtnlBrand\":true,\"experimentKey\":{\"experimentId\":55995},\"experimentInstanceId\":203498,\"entityId\":\"18713dec-4f39-4264-b08c-955fc30f3efb\",\"entityType\":{\"entityTypeName\":\"GUID\"},\"runType\":4,\"value\":1}},\"CustomerNotificationKillswitch\":{\"name\":\"CustomerNotificationKillswitch\",\"bucket\":1,\"evaluationData\":{\"bucket\":{\"bucketValue\":1,\"bucketConfig\":null,\"calculationType\":{\"typeIdentifier\":\"B\"}},\"isEgtnlBrand\":false,\"experimentKey\":{\"experimentId\":34993},\"experimentInstanceId\":120263,\"entityId\":\"18713dec-4f39-4264-b08c-955fc30f3efb\",\"entityType\":{\"entityTypeName\":\"GUID\"},\"runType\":4,\"value\":1}},\"Amenity_images_request\":{\"name\":\"Amenity_images_request\",\"bucket\":1,\"evaluationData\":{\"bucket\":{\"bucketValue\":1,\"bucketConfig\":null,\"calculationType\":{\"typeIdentifier\":\"B\"}},\"isEgtnlBrand\":true,\"experimentKey\":{\"experimentId\":58105},\"experimentInstanceId\":202939,\"entityId\":\"18713dec-4f39-4264-b08c-955fc30f3efb\",\"entityType\":{\"entityTypeName\":\"GUID\"},\"runType\":4,\"value\":1}},\"Amenities_Redesign\":{\"name\":\"Amenities_Redesign\",\"bucket\":1,\"evaluationData\":{\"bucket\":{\"bucketValue\":1,\"bucketConfig\":null,\"calculationType\":{\"typeIdentifier\":\"B\"}},\"isEgtnlBrand\":true,\"experimentKey\":{\"experimentId\":56392},\"experimentInstanceId\":207944,\"entityId\":\"18713dec-4f39-4264-b08c-955fc30f3efb\",\"entityType\":{\"entityTypeName\":\"GUID\"},\"runType\":4,\"value\":1}},\"No_Harm_Review_Overlay_Dialog_Shared_UI_Migration\":{\"name\":\"No_Harm_Review_Overlay_Dialog_Shared_UI_Migration\",\"bucket\":1,\"evaluationData\":{\"bucket\":{\"bucketValue\":1,\"bucketConfig\":null,\"calculationType\":{\"typeIdentifier\":\"B\"}},\"isEgtnlBrand\":true,\"experimentKey\":{\"experimentId\":57537},\"experimentInstanceId\":204824,\"entityId\":\"18713dec-4f39-4264-b08c-955fc30f3efb\",\"entityType\":{\"entityTypeName\":\"GUID\"},\"runType\":4,\"value\":1}},\"Align_property_rating_score_with_review_link\":{\"name\":\"Align_property_rating_score_with_review_link\",\"bucket\":1,\"evaluationData\":{\"bucket\":{\"bucketValue\":1,\"bucketConfig\":null,\"calculationType\":{\"typeIdentifier\":\"B\"}},\"isEgtnlBrand\":true,\"experimentKey\":{\"experimentId\":59256},\"experimentInstanceId\":210343,\"entityId\":\"18713dec-4f39-4264-b08c-955fc30f3efb\",\"entityType\":{\"entityTypeName\":\"GUID\"},\"runType\":3,\"value\":1}},\"PDP_LOCATION_SECTION_MAP_MIGRATION\":{\"name\":\"PDP_LOCATION_SECTION_MAP_MIGRATION\",\"bucket\":0,\"evaluationData\":{\"bucket\":{\"bucketValue\":0,\"bucketConfig\":null,\"calculationType\":{\"typeIdentifier\":\"B\"}},\"isEgtnlBrand\":true,\"experimentKey\":{\"experimentId\":56695},\"experimentInstanceId\":189137,\"entityId\":\"18713dec-4f39-4264-b08c-955fc30f3efb\",\"entityType\":{\"entityTypeName\":\"GUID\"},\"runType\":4,\"value\":0}},\"PDP_IMAGE_RICH_LOCATION_PRIMARY_SECTION_WEB\":{\"name\":\"PDP_IMAGE_RICH_LOCATION_PRIMARY_SECTION_WEB\",\"bucket\":0,\"evaluationData\":{\"bucket\":{\"bucketValue\":0,\"bucketConfig\":null,\"calculationType\":{\"typeIdentifier\":\"B\"}},\"isEgtnlBrand\":true,\"experimentKey\":{\"experimentId\":54663},\"experimentInstanceId\":203758,\"entityId\":\"18713dec-4f39-4264-b08c-955fc30f3efb\",\"entityType\":{\"entityTypeName\":\"GUID\"},\"runType\":4,\"value\":0}},\"Enable_hover_state_for_BEX_and_HCOM_DLPs\":{\"name\":\"Enable_hover_state_for_BEX_and_HCOM_DLPs\",\"bucket\":1,\"evaluationData\":{\"bucket\":{\"bucketValue\":1,\"bucketConfig\":null,\"calculationType\":{\"typeIdentifier\":\"B\"}},\"isEgtnlBrand\":true,\"experimentKey\":{\"experimentId\":58177},\"experimentInstanceId\":211313,\"entityId\":\"18713dec-4f39-4264-b08c-955fc30f3efb\",\"entityType\":{\"entityTypeName\":\"GUID\"},\"runType\":4,\"value\":1}},\"Web_Introduce_Average_Lodging_Price_on_Destination_Recommendation_Cards\":{\"name\":\"Web_Introduce_Average_Lodging_Price_on_Destination_Recommendation_Cards\",\"bucket\":1,\"evaluationData\":{\"bucket\":{\"bucketValue\":1,\"bucketConfig\":null,\"calculationType\":{\"typeIdentifier\":\"B\"}},\"isEgtnlBrand\":true,\"experimentKey\":{\"experimentId\":59450},\"experimentInstanceId\":211853,\"entityId\":\"18713dec-4f39-4264-b08c-955fc30f3efb\",\"entityType\":{\"entityTypeName\":\"GUID\"},\"runType\":3,\"value\":1}},\"EGDS_remove_info_icon_and_add_inline_link\":{\"name\":\"EGDS_remove_info_icon_and_add_inline_link\",\"bucket\":1,\"evaluationData\":{\"bucket\":{\"bucketValue\":1,\"bucketConfig\":null,\"calculationType\":{\"typeIdentifier\":\"B\"}},\"isEgtnlBrand\":true,\"experimentKey\":{\"experimentId\":47808},\"experimentInstanceId\":151352,\"entityId\":\"18713dec-4f39-4264-b08c-955fc30f3efb\",\"entityType\":{\"entityTypeName\":\"GUID\"},\"runType\":4,\"value\":1}},\"GT_Carousel_on_Package_Checkout\":{\"name\":\"GT_Carousel_on_Package_Checkout\",\"bucket\":1,\"evaluationData\":{\"bucket\":{\"bucketValue\":1,\"bucketConfig\":null,\"calculationType\":{\"typeIdentifier\":\"B\"}},\"isEgtnlBrand\":true,\"experimentKey\":{\"experimentId\":50882},\"experimentInstanceId\":165769,\"entityId\":\"18713dec-4f39-4264-b08c-955fc30f3efb\",\"entityType\":{\"entityTypeName\":\"GUID\"},\"runType\":4,\"value\":1}},\"Display_Tile_Server_Content_on_SRP_Map\":{\"name\":\"Display_Tile_Server_Content_on_SRP_Map\",\"bucket\":0,\"evaluationData\":{\"bucket\":{\"bucketValue\":0,\"bucketConfig\":null,\"calculationType\":{\"typeIdentifier\":\"B\"}},\"isEgtnlBrand\":true,\"experimentKey\":{\"experimentId\":51584},\"experimentInstanceId\":172588,\"entityId\":\"18713dec-4f39-4264-b08c-955fc30f3efb\",\"entityType\":{\"entityTypeName\":\"GUID\"},\"runType\":4,\"value\":0}},\"Quick_Filters_On_Vrbo_Map_View\":{\"name\":\"Quick_Filters_On_Vrbo_Map_View\",\"bucket\":0,\"evaluationData\":{\"bucket\":{\"bucketValue\":0,\"bucketConfig\":null,\"calculationType\":{\"typeIdentifier\":\"B\"}},\"isEgtnlBrand\":true,\"experimentKey\":{\"experimentId\":57564},\"experimentInstanceId\":210226,\"entityId\":\"18713dec-4f39-4264-b08c-955fc30f3efb\",\"entityType\":{\"entityTypeName\":\"GUID\"},\"runType\":4,\"value\":0}},\"App_Shell_Property_Requirement_Web_Dateless\":{\"name\":\"App_Shell_Property_Requirement_Web_Dateless\",\"bucket\":0,\"evaluationData\":{\"bucket\":{\"bucketValue\":0,\"bucketConfig\":null,\"calculationType\":{\"typeIdentifier\":\"B\"}},\"isEgtnlBrand\":true,\"experimentKey\":{\"experimentId\":59804},\"experimentInstanceId\":208416,\"entityId\":\"18713dec-4f39-4264-b08c-955fc30f3efb\",\"entityType\":{\"entityTypeName\":\"GUID\"},\"runType\":4,\"value\":0}},\"Reviews_overlay_migration_no_harm_test_web\":{\"name\":\"Reviews_overlay_migration_no_harm_test_web\",\"bucket\":1,\"evaluationData\":{\"bucket\":{\"bucketValue\":1,\"bucketConfig\":null,\"calculationType\":{\"typeIdentifier\":\"B\"}},\"isEgtnlBrand\":true,\"experimentKey\":{\"experimentId\":54911},\"experimentInstanceId\":206454,\"entityId\":\"18713dec-4f39-4264-b08c-955fc30f3efb\",\"entityType\":{\"entityTypeName\":\"GUID\"},\"runType\":4,\"value\":1}},\"FSR_PREEMPTIVE_SEARCH\":{\"name\":\"FSR_PREEMPTIVE_SEARCH\",\"bucket\":1,\"evaluationData\":{\"bucket\":{\"bucketValue\":1,\"bucketConfig\":null,\"calculationType\":{\"typeIdentifier\":\"B\"}},\"isEgtnlBrand\":true,\"experimentKey\":{\"experimentId\":49728},\"experimentInstanceId\":153376,\"entityId\":\"18713dec-4f39-4264-b08c-955fc30f3efb\",\"entityType\":{\"entityTypeName\":\"GUID\"},\"runType\":4,\"value\":1}},\"Prefetching_Flights_SRP_javascript_bundles_from_homepage\":{\"name\":\"Prefetching_Flights_SRP_javascript_bundles_from_homepage\",\"bucket\":1,\"evaluationData\":{\"bucket\":{\"bucketValue\":1,\"bucketConfig\":null,\"calculationType\":{\"typeIdentifier\":\"B\"}},\"isEgtnlBrand\":true,\"experimentKey\":{\"experimentId\":55187},\"experimentInstanceId\":180858,\"entityId\":\"18713dec-4f39-4264-b08c-955fc30f3efb\",\"entityType\":{\"entityTypeName\":\"GUID\"},\"runType\":4,\"value\":1}},\"Prefetching_Lodging_SRP_javascript_bundles_from_homepage\":{\"name\":\"Prefetching_Lodging_SRP_javascript_bundles_from_homepage\",\"bucket\":1,\"evaluationData\":{\"bucket\":{\"bucketValue\":1,\"bucketConfig\":null,\"calculationType\":{\"typeIdentifier\":\"B\"}},\"isEgtnlBrand\":true,\"experimentKey\":{\"experimentId\":51063},\"experimentInstanceId\":169678,\"entityId\":\"18713dec-4f39-4264-b08c-955fc30f3efb\",\"entityType\":{\"entityTypeName\":\"GUID\"},\"runType\":4,\"value\":1}},\"PG_Acceptable_Ads_Enablement\":{\"name\":\"PG_Acceptable_Ads_Enablement\",\"bucket\":0,\"evaluationData\":{\"bucket\":{\"bucketValue\":0,\"bucketConfig\":null,\"calculationType\":{\"typeIdentifier\":\"B\"}},\"isEgtnlBrand\":true,\"experimentKey\":{\"experimentId\":53754},\"experimentInstanceId\":172220,\"entityId\":\"18713dec-4f39-4264-b08c-955fc30f3efb\",\"entityType\":{\"entityTypeName\":\"GUID\"},\"runType\":4,\"value\":0}},\"Acceptable_Ads_Component_Enablement\":{\"name\":\"Acceptable_Ads_Component_Enablement\",\"bucket\":1,\"evaluationData\":{\"bucket\":{\"bucketValue\":1,\"bucketConfig\":null,\"calculationType\":{\"typeIdentifier\":\"B\"}},\"isEgtnlBrand\":true,\"experimentKey\":{\"experimentId\":51501},\"experimentInstanceId\":179028,\"entityId\":\"18713dec-4f39-4264-b08c-955fc30f3efb\",\"entityType\":{\"entityTypeName\":\"GUID\"},\"runType\":4,\"value\":1}},\"Daily_Price_Insight_AA_test\":{\"name\":\"Daily_Price_Insight_AA_test\",\"bucket\":1,\"evaluationData\":{\"bucket\":{\"bucketValue\":1,\"bucketConfig\":null,\"calculationType\":{\"typeIdentifier\":\"B\"}},\"isEgtnlBrand\":true,\"experimentKey\":{\"experimentId\":57903},\"experimentInstanceId\":208341,\"entityId\":\"18713dec-4f39-4264-b08c-955fc30f3efb\",\"entityType\":{\"entityTypeName\":\"GUID\"},\"runType\":4,\"value\":1}},\"Price_Insight_Calendar_in_Search_Form\":{\"name\":\"Price_Insight_Calendar_in_Search_Form\",\"bucket\":1,\"evaluationData\":{\"bucket\":{\"bucketValue\":1,\"bucketConfig\":null,\"calculationType\":{\"typeIdentifier\":\"B\"}},\"isEgtnlBrand\":true,\"experimentKey\":{\"experimentId\":59987},\"experimentInstanceId\":211953,\"entityId\":\"18713dec-4f39-4264-b08c-955fc30f3efb\",\"entityType\":{\"entityTypeName\":\"GUID\"},\"runType\":3,\"value\":1}},\"Group_Stays_Entry_Point_in_Search_Form_Desktop_BEXG\":{\"name\":\"Group_Stays_Entry_Point_in_Search_Form_Desktop_BEXG\",\"bucket\":2,\"evaluationData\":{\"bucket\":{\"bucketValue\":2,\"bucketConfig\":null,\"calculationType\":{\"typeIdentifier\":\"B\"}},\"isEgtnlBrand\":true,\"experimentKey\":{\"experimentId\":58201},\"experimentInstanceId\":209126,\"entityId\":\"18713dec-4f39-4264-b08c-955fc30f3efb\",\"entityType\":{\"entityTypeName\":\"GUID\"},\"runType\":3,\"value\":2}},\"Retain_SearchLocation_input_Desktop_Web\":{\"name\":\"Retain_SearchLocation_input_Desktop_Web\",\"bucket\":0,\"evaluationData\":{\"bucket\":{\"bucketValue\":0,\"bucketConfig\":null,\"calculationType\":{\"typeIdentifier\":\"B\"}},\"isEgtnlBrand\":true,\"experimentKey\":{\"experimentId\":57341},\"experimentInstanceId\":198946,\"entityId\":\"18713dec-4f39-4264-b08c-955fc30f3efb\",\"entityType\":{\"entityTypeName\":\"GUID\"},\"runType\":4,\"value\":0}},\"UTRecs_Lazy_Load_of_Images\":{\"name\":\"UTRecs_Lazy_Load_of_Images\",\"bucket\":1,\"evaluationData\":{\"bucket\":{\"bucketValue\":1,\"bucketConfig\":null,\"calculationType\":{\"typeIdentifier\":\"B\"}},\"isEgtnlBrand\":true,\"experimentKey\":{\"experimentId\":58991},\"experimentInstanceId\":206663,\"entityId\":\"18713dec-4f39-4264-b08c-955fc30f3efb\",\"entityType\":{\"entityTypeName\":\"GUID\"},\"runType\":4,\"value\":1}},\"MeSo_Remove_Eager_Fetch_on_server_side_ads_Web\":{\"name\":\"MeSo_Remove_Eager_Fetch_on_server_side_ads_Web\",\"bucket\":1,\"evaluationData\":{\"bucket\":{\"bucketValue\":1,\"bucketConfig\":null,\"calculationType\":{\"typeIdentifier\":\"B\"}},\"isEgtnlBrand\":true,\"experimentKey\":{\"experimentId\":53711},\"experimentInstanceId\":193686,\"entityId\":\"18713dec-4f39-4264-b08c-955fc30f3efb\",\"entityType\":{\"entityTypeName\":\"GUID\"},\"runType\":4,\"value\":1}},\"videos_on_travel_shops_pwa\":{\"name\":\"videos_on_travel_shops_pwa\",\"bucket\":1,\"evaluationData\":{\"bucket\":{\"bucketValue\":1,\"bucketConfig\":null,\"calculationType\":{\"typeIdentifier\":\"B\"}},\"isEgtnlBrand\":true,\"experimentKey\":{\"experimentId\":57746},\"experimentInstanceId\":208696,\"entityId\":\"18713dec-4f39-4264-b08c-955fc30f3efb\",\"entityType\":{\"entityTypeName\":\"GUID\"},\"runType\":4,\"value\":1}},\"CoBrandBannerQuery_CSR\":{\"name\":\"CoBrandBannerQuery_CSR\",\"bucket\":0,\"evaluationData\":{\"bucket\":{\"bucketValue\":0,\"bucketConfig\":null,\"calculationType\":{\"typeIdentifier\":\"B\"}},\"isEgtnlBrand\":true,\"experimentKey\":{\"experimentId\":50630},\"experimentInstanceId\":162810,\"entityId\":\"18713dec-4f39-4264-b08c-955fc30f3efb\",\"entityType\":{\"entityTypeName\":\"GUID\"},\"runType\":4,\"value\":0}},\"IAB_Acceptable_Ads_Enablement\":{\"name\":\"IAB_Acceptable_Ads_Enablement\",\"bucket\":1,\"evaluationData\":{\"bucket\":{\"bucketValue\":1,\"bucketConfig\":null,\"calculationType\":{\"typeIdentifier\":\"B\"}},\"isEgtnlBrand\":true,\"experimentKey\":{\"experimentId\":53682},\"experimentInstanceId\":200991,\"entityId\":\"18713dec-4f39-4264-b08c-955fc30f3efb\",\"entityType\":{\"entityTypeName\":\"GUID\"},\"runType\":4,\"value\":1}},\"Marquee_Acceptable_Ads_Enablement\":{\"name\":\"Marquee_Acceptable_Ads_Enablement\",\"bucket\":0,\"evaluationData\":{\"bucket\":{\"bucketValue\":0,\"bucketConfig\":null,\"calculationType\":{\"typeIdentifier\":\"B\"}},\"isEgtnlBrand\":true,\"experimentKey\":{\"experimentId\":53683},\"experimentInstanceId\":172221,\"entityId\":\"18713dec-4f39-4264-b08c-955fc30f3efb\",\"entityType\":{\"entityTypeName\":\"GUID\"},\"runType\":4,\"value\":0}},\"AvailCal_High_and_Low_Web\":{\"name\":\"AvailCal_High_and_Low_Web\",\"bucket\":1,\"evaluationData\":{\"bucket\":{\"bucketValue\":1,\"bucketConfig\":null,\"calculationType\":{\"typeIdentifier\":\"B\"}},\"isEgtnlBrand\":true,\"experimentKey\":{\"experimentId\":48847},\"experimentInstanceId\":154145,\"entityId\":\"18713dec-4f39-4264-b08c-955fc30f3efb\",\"entityType\":{\"entityTypeName\":\"GUID\"},\"runType\":4,\"value\":1}},\"Compact_Room_Card_mWeb\":{\"name\":\"Compact_Room_Card_mWeb\",\"bucket\":1,\"evaluationData\":{\"bucket\":{\"bucketValue\":1,\"bucketConfig\":null,\"calculationType\":{\"typeIdentifier\":\"B\"}},\"isEgtnlBrand\":true,\"experimentKey\":{\"experimentId\":58584},\"experimentInstanceId\":210217,\"entityId\":\"18713dec-4f39-4264-b08c-955fc30f3efb\",\"entityType\":{\"entityTypeName\":\"GUID\"},\"runType\":4,\"value\":1}},\"Smart_Shopping_Room_Categorisation_mweb_V2\":{\"name\":\"Smart_Shopping_Room_Categorisation_mweb_V2\",\"bucket\":0,\"evaluationData\":{\"bucket\":{\"bucketValue\":0,\"bucketConfig\":null,\"calculationType\":{\"typeIdentifier\":\"B\"}},\"isEgtnlBrand\":true,\"experimentKey\":{\"experimentId\":57060},\"experimentInstanceId\":198548,\"entityId\":\"18713dec-4f39-4264-b08c-955fc30f3efb\",\"entityType\":{\"entityTypeName\":\"GUID\"},\"runType\":4,\"value\":0}},\"Larger_Image_Room_Compare\":{\"name\":\"Larger_Image_Room_Compare\",\"bucket\":0,\"evaluationData\":{\"bucket\":{\"bucketValue\":0,\"bucketConfig\":null,\"calculationType\":{\"typeIdentifier\":\"B\"}},\"isEgtnlBrand\":true,\"experimentKey\":{\"experimentId\":49945},\"experimentInstanceId\":167030,\"entityId\":\"18713dec-4f39-4264-b08c-955fc30f3efb\",\"entityType\":{\"entityTypeName\":\"GUID\"},\"runType\":4,\"value\":0}},\"PDP_Highlights_Adaptex\":{\"name\":\"PDP_Highlights_Adaptex\",\"bucket\":0,\"evaluationData\":{\"bucket\":{\"bucketValue\":0,\"bucketConfig\":null,\"calculationType\":{\"typeIdentifier\":\"B\"}},\"isEgtnlBrand\":true,\"experimentKey\":{\"experimentId\":55012},\"experimentInstanceId\":200173,\"entityId\":\"18713dec-4f39-4264-b08c-955fc30f3efb\",\"entityType\":{\"entityTypeName\":\"GUID\"},\"runType\":4,\"value\":0}},\"California_Right_Aligned_Price_Summary_and_full_width_CTA\":{\"name\":\"California_Right_Aligned_Price_Summary_and_full_width_CTA\",\"bucket\":2,\"evaluationData\":{\"bucket\":{\"bucketValue\":2,\"bucketConfig\":null,\"calculationType\":{\"typeIdentifier\":\"B\"}},\"isEgtnlBrand\":true,\"experimentKey\":{\"experimentId\":57880},\"experimentInstanceId\":212316,\"entityId\":\"18713dec-4f39-4264-b08c-955fc30f3efb\",\"entityType\":{\"entityTypeName\":\"GUID\"},\"runType\":4,\"value\":2}},\"SmaSh_IR_Recommendations_highlights_MVP\":{\"name\":\"SmaSh_IR_Recommendations_highlights_MVP\",\"bucket\":0,\"evaluationData\":{\"bucket\":{\"bucketValue\":0,\"bucketConfig\":null,\"calculationType\":{\"typeIdentifier\":\"B\"}},\"isEgtnlBrand\":true,\"experimentKey\":{\"experimentId\":53316},\"experimentInstanceId\":191049,\"entityId\":\"18713dec-4f39-4264-b08c-955fc30f3efb\",\"entityType\":{\"entityTypeName\":\"GUID\"},\"runType\":4,\"value\":0}},\"GN_Member_Wallet_EGTnl\":{\"name\":\"GN_Member_Wallet_EGTnl\",\"bucket\":1,\"evaluationData\":{\"bucket\":{\"bucketValue\":1,\"bucketConfig\":null,\"calculationType\":{\"typeIdentifier\":\"B\"}},\"isEgtnlBrand\":true,\"experimentKey\":{\"experimentId\":54726},\"experimentInstanceId\":185813,\"entityId\":\"18713dec-4f39-4264-b08c-955fc30f3efb\",\"entityType\":{\"entityTypeName\":\"GUID\"},\"runType\":4,\"value\":1}},\"PWA_Packages_Exclude_MultiRegion_Destination_Search\":{\"name\":\"PWA_Packages_Exclude_MultiRegion_Destination_Search\",\"bucket\":0,\"evaluationData\":{\"bucket\":{\"bucketValue\":0,\"bucketConfig\":null,\"calculationType\":{\"typeIdentifier\":\"B\"}},\"isEgtnlBrand\":false,\"experimentKey\":{\"experimentId\":44880},\"experimentInstanceId\":133601,\"entityId\":\"18713dec-4f39-4264-b08c-955fc30f3efb\",\"entityType\":{\"entityTypeName\":\"GUID\"},\"runType\":4,\"value\":0}},\"EGTA_throttle_and_debounce\":{\"name\":\"EGTA_throttle_and_debounce\",\"bucket\":1,\"evaluationData\":{\"bucket\":{\"bucketValue\":1,\"bucketConfig\":null,\"calculationType\":{\"typeIdentifier\":\"B\"}},\"isEgtnlBrand\":false,\"experimentKey\":{\"experimentId\":42716},\"experimentInstanceId\":125758,\"entityId\":\"18713dec-4f39-4264-b08c-955fc30f3efb\",\"entityType\":{\"entityTypeName\":\"GUID\"},\"runType\":4,\"value\":1}},\"Add_images_to_amenities_\":{\"name\":\"Add_images_to_amenities_\",\"bucket\":0,\"evaluationData\":{\"bucket\":{\"bucketValue\":0,\"bucketConfig\":null,\"calculationType\":{\"typeIdentifier\":\"B\"}},\"isEgtnlBrand\":true,\"experimentKey\":{\"experimentId\":55264},\"experimentInstanceId\":205845,\"entityId\":\"18713dec-4f39-4264-b08c-955fc30f3efb\",\"entityType\":{\"entityTypeName\":\"GUID\"},\"runType\":4,\"value\":0}},\"Alternative_Destination_TA_Lodging_DLP\":{\"name\":\"Alternative_Destination_TA_Lodging_DLP\",\"bucket\":0,\"evaluationData\":{\"bucket\":{\"bucketValue\":0,\"bucketConfig\":null,\"calculationType\":{\"typeIdentifier\":\"B\"}},\"isEgtnlBrand\":true,\"experimentKey\":{\"experimentId\":52210},\"experimentInstanceId\":164294,\"entityId\":\"18713dec-4f39-4264-b08c-955fc30f3efb\",\"entityType\":{\"entityTypeName\":\"GUID\"},\"runType\":4,\"value\":0}},\"BEX_Driveable_destination_Web\":{\"name\":\"BEX_Driveable_destination_Web\",\"bucket\":2,\"evaluationData\":{\"bucket\":{\"bucketValue\":2,\"bucketConfig\":null,\"calculationType\":{\"typeIdentifier\":\"B\"}},\"isEgtnlBrand\":false,\"experimentKey\":{\"experimentId\":41955},\"experimentInstanceId\":125408,\"entityId\":\"18713dec-4f39-4264-b08c-955fc30f3efb\",\"entityType\":{\"entityTypeName\":\"GUID\"},\"runType\":4,\"value\":2}},\"BEX_Image_Demand_API_integration_for_LSCS_clients\":{\"name\":\"BEX_Image_Demand_API_integration_for_LSCS_clients\",\"bucket\":1,\"evaluationData\":{\"bucket\":{\"bucketValue\":1,\"bucketConfig\":null,\"calculationType\":{\"typeIdentifier\":\"B\"}},\"isEgtnlBrand\":true,\"experimentKey\":{\"experimentId\":47294},\"experimentInstanceId\":150398,\"entityId\":\"18713dec-4f39-4264-b08c-955fc30f3efb\",\"entityType\":{\"entityTypeName\":\"GUID\"},\"runType\":4,\"value\":1}},\"Blossom_Lotus_redirection\":{\"name\":\"Blossom_Lotus_redirection\",\"bucket\":1,\"evaluationData\":{\"bucket\":{\"bucketValue\":1,\"bucketConfig\":null,\"calculationType\":{\"typeIdentifier\":\"B\"}},\"isEgtnlBrand\":true,\"experimentKey\":{\"experimentId\":57270},\"experimentInstanceId\":198752,\"entityId\":\"18713dec-4f39-4264-b08c-955fc30f3efb\",\"entityType\":{\"entityTypeName\":\"GUID\"},\"runType\":4,\"value\":1}},\"Cars_Sticky_Wizard\":{\"name\":\"Cars_Sticky_Wizard\",\"bucket\":0,\"evaluationData\":{\"bucket\":{\"bucketValue\":0,\"bucketConfig\":null,\"calculationType\":{\"typeIdentifier\":\"B\"}},\"isEgtnlBrand\":true,\"experimentKey\":{\"experimentId\":47155},\"experimentInstanceId\":139079,\"entityId\":\"18713dec-4f39-4264-b08c-955fc30f3efb\",\"entityType\":{\"entityTypeName\":\"GUID\"},\"runType\":4,\"value\":0}},\"Collections_Experience_Cards_Size_Change\":{\"name\":\"Collections_Experience_Cards_Size_Change\",\"bucket\":1,\"evaluationData\":{\"bucket\":{\"bucketValue\":1,\"bucketConfig\":null,\"calculationType\":{\"typeIdentifier\":\"B\"}},\"isEgtnlBrand\":true,\"experimentKey\":{\"experimentId\":48130},\"experimentInstanceId\":155226,\"entityId\":\"18713dec-4f39-4264-b08c-955fc30f3efb\",\"entityType\":{\"entityTypeName\":\"GUID\"},\"runType\":4,\"value\":1}},\"Combined_Attach_OK_Banner_on_Storefront\":{\"name\":\"Combined_Attach_OK_Banner_on_Storefront\",\"bucket\":1,\"evaluationData\":{\"bucket\":{\"bucketValue\":1,\"bucketConfig\":null,\"calculationType\":{\"typeIdentifier\":\"B\"}},\"isEgtnlBrand\":true,\"experimentKey\":{\"experimentId\":54652},\"experimentInstanceId\":206492,\"entityId\":\"18713dec-4f39-4264-b08c-955fc30f3efb\",\"entityType\":{\"entityTypeName\":\"GUID\"},\"runType\":4,\"value\":1}},\"Current_Location_in_Lodging_Typeahead\":{\"name\":\"Current_Location_in_Lodging_Typeahead\",\"bucket\":0,\"evaluationData\":{\"bucket\":{\"bucketValue\":0,\"bucketConfig\":null,\"calculationType\":{\"typeIdentifier\":\"B\"}},\"isEgtnlBrand\":true,\"experimentKey\":{\"experimentId\":47187},\"experimentInstanceId\":141643,\"entityId\":\"18713dec-4f39-4264-b08c-955fc30f3efb\",\"entityType\":{\"entityTypeName\":\"GUID\"},\"runType\":4,\"value\":0}},\"DLP_Lazy_Loading_TG_Cheap_Filter_Template\":{\"name\":\"DLP_Lazy_Loading_TG_Cheap_Filter_Template\",\"bucket\":0,\"evaluationData\":{\"bucket\":{\"bucketValue\":0,\"bucketConfig\":null,\"calculationType\":{\"typeIdentifier\":\"B\"}},\"isEgtnlBrand\":true,\"experimentKey\":{\"experimentId\":50062},\"experimentInstanceId\":152663,\"entityId\":\"18713dec-4f39-4264-b08c-955fc30f3efb\",\"entityType\":{\"entityTypeName\":\"GUID\"},\"runType\":4,\"value\":0}},\"DLP_Lazy_Loading_TG_Free_Parking_Filter_Template\":{\"name\":\"DLP_Lazy_Loading_TG_Free_Parking_Filter_Template\",\"bucket\":0,\"evaluationData\":{\"bucket\":{\"bucketValue\":0,\"bucketConfig\":null,\"calculationType\":{\"typeIdentifier\":\"B\"}},\"isEgtnlBrand\":true,\"experimentKey\":{\"experimentId\":50064},\"experimentInstanceId\":152667,\"entityId\":\"18713dec-4f39-4264-b08c-955fc30f3efb\",\"entityType\":{\"entityTypeName\":\"GUID\"},\"runType\":4,\"value\":0}},\"DLP_Product_Card_Hero_Images_Ranking\":{\"name\":\"DLP_Product_Card_Hero_Images_Ranking\",\"bucket\":1,\"evaluationData\":{\"bucket\":{\"bucketValue\":1,\"bucketConfig\":null,\"calculationType\":{\"typeIdentifier\":\"B\"}},\"isEgtnlBrand\":true,\"experimentKey\":{\"experimentId\":47927},\"experimentInstanceId\":151308,\"entityId\":\"18713dec-4f39-4264-b08c-955fc30f3efb\",\"entityType\":{\"entityTypeName\":\"GUID\"},\"runType\":4,\"value\":1}},\"DLP_primary_listing_above_intent_refinement\":{\"name\":\"DLP_primary_listing_above_intent_refinement\",\"bucket\":0,\"evaluationData\":{\"bucket\":{\"bucketValue\":0,\"bucketConfig\":null,\"calculationType\":{\"typeIdentifier\":\"B\"}},\"isEgtnlBrand\":true,\"experimentKey\":{\"experimentId\":58055},\"experimentInstanceId\":203773,\"entityId\":\"18713dec-4f39-4264-b08c-955fc30f3efb\",\"entityType\":{\"entityTypeName\":\"GUID\"},\"runType\":4,\"value\":0}},\"Dateless_PDP_Experience_Manager_Migration\":{\"name\":\"Dateless_PDP_Experience_Manager_Migration\",\"bucket\":1,\"evaluationData\":{\"bucket\":{\"bucketValue\":1,\"bucketConfig\":null,\"calculationType\":{\"typeIdentifier\":\"B\"}},\"isEgtnlBrand\":true,\"experimentKey\":{\"experimentId\":57359},\"experimentInstanceId\":212625,\"entityId\":\"18713dec-4f39-4264-b08c-955fc30f3efb\",\"entityType\":{\"entityTypeName\":\"GUID\"},\"runType\":4,\"value\":1}},\"Dateless_PDP_Property_Summary_Performance_Optimization\":{\"name\":\"Dateless_PDP_Property_Summary_Performance_Optimization\",\"bucket\":0,\"evaluationData\":{\"bucket\":{\"bucketValue\":0,\"bucketConfig\":null,\"calculationType\":{\"typeIdentifier\":\"B\"}},\"isEgtnlBrand\":true,\"experimentKey\":{\"experimentId\":48627},\"experimentInstanceId\":145367,\"entityId\":\"18713dec-4f39-4264-b08c-955fc30f3efb\",\"entityType\":{\"entityTypeName\":\"GUID\"},\"runType\":4,\"value\":0}},\"EG_recc_trending_BEX_Web_Typeahead\":{\"name\":\"EG_recc_trending_BEX_Web_Typeahead\",\"bucket\":0,\"evaluationData\":{\"bucket\":{\"bucketValue\":0,\"bucketConfig\":null,\"calculationType\":{\"typeIdentifier\":\"B\"}},\"isEgtnlBrand\":false,\"experimentKey\":{\"experimentId\":43228},\"experimentInstanceId\":126952,\"entityId\":\"18713dec-4f39-4264-b08c-955fc30f3efb\",\"entityType\":{\"entityTypeName\":\"GUID\"},\"runType\":4,\"value\":0}},\"Enable_Book_Now_on_Traveller_Q_and_A\":{\"name\":\"Enable_Book_Now_on_Traveller_Q_and_A\",\"bucket\":0,\"evaluationData\":{\"bucket\":{\"bucketValue\":0,\"bucketConfig\":null,\"calculationType\":{\"typeIdentifier\":\"B\"}},\"isEgtnlBrand\":true,\"experimentKey\":{\"experimentId\":55902},\"experimentInstanceId\":200721,\"entityId\":\"18713dec-4f39-4264-b08c-955fc30f3efb\",\"entityType\":{\"entityTypeName\":\"GUID\"},\"runType\":4,\"value\":0}},\"Exit_intent_overlay_iteration_Dateless_PDP_\":{\"name\":\"Exit_intent_overlay_iteration_Dateless_PDP_\",\"bucket\":1,\"evaluationData\":{\"bucket\":{\"bucketValue\":1,\"bucketConfig\":null,\"calculationType\":{\"typeIdentifier\":\"B\"}},\"isEgtnlBrand\":true,\"experimentKey\":{\"experimentId\":51766},\"experimentInstanceId\":173623,\"entityId\":\"18713dec-4f39-4264-b08c-955fc30f3efb\",\"entityType\":{\"entityTypeName\":\"GUID\"},\"runType\":4,\"value\":1}},\"External_reviews_display_SRP_and_PDP\":{\"name\":\"External_reviews_display_SRP_and_PDP\",\"bucket\":1,\"evaluationData\":{\"bucket\":{\"bucketValue\":1,\"bucketConfig\":null,\"calculationType\":{\"typeIdentifier\":\"B\"}},\"isEgtnlBrand\":true,\"experimentKey\":{\"experimentId\":48027},\"experimentInstanceId\":201121,\"entityId\":\"18713dec-4f39-4264-b08c-955fc30f3efb\",\"entityType\":{\"entityTypeName\":\"GUID\"},\"runType\":4,\"value\":1}},\"Flights_LPs_Universal_Search_Form_Migration\":{\"name\":\"Flights_LPs_Universal_Search_Form_Migration\",\"bucket\":0,\"evaluationData\":{\"bucket\":{\"bucketValue\":0,\"bucketConfig\":null,\"calculationType\":{\"typeIdentifier\":\"B\"}},\"isEgtnlBrand\":true,\"experimentKey\":{\"experimentId\":54582},\"experimentInstanceId\":176365,\"entityId\":\"18713dec-4f39-4264-b08c-955fc30f3efb\",\"entityType\":{\"entityTypeName\":\"GUID\"},\"runType\":4,\"value\":0}},\"Guest_images_on_image_gallery_iteration_web\":{\"name\":\"Guest_images_on_image_gallery_iteration_web\",\"bucket\":0,\"evaluationData\":{\"bucket\":{\"bucketValue\":0,\"bucketConfig\":null,\"calculationType\":{\"typeIdentifier\":\"B\"}},\"isEgtnlBrand\":true,\"experimentKey\":{\"experimentId\":57501},\"experimentInstanceId\":205068,\"entityId\":\"18713dec-4f39-4264-b08c-955fc30f3efb\",\"entityType\":{\"entityTypeName\":\"GUID\"},\"runType\":4,\"value\":0}},\"HCOM_At_a_glance_section_to_PDEA\":{\"name\":\"HCOM_At_a_glance_section_to_PDEA\",\"bucket\":1,\"evaluationData\":{\"bucket\":{\"bucketValue\":1,\"bucketConfig\":null,\"calculationType\":{\"typeIdentifier\":\"B\"}},\"isEgtnlBrand\":true,\"experimentKey\":{\"experimentId\":56829},\"experimentInstanceId\":207123,\"entityId\":\"18713dec-4f39-4264-b08c-955fc30f3efb\",\"entityType\":{\"entityTypeName\":\"GUID\"},\"runType\":4,\"value\":1}},\"HP_VAC_StaticLaunchButton\":{\"name\":\"HP_VAC_StaticLaunchButton\",\"bucket\":0,\"evaluationData\":{\"bucket\":{\"bucketValue\":0,\"bucketConfig\":null,\"calculationType\":{\"typeIdentifier\":\"B\"}},\"isEgtnlBrand\":false,\"experimentKey\":{\"experimentId\":43658},\"experimentInstanceId\":126819,\"entityId\":\"18713dec-4f39-4264-b08c-955fc30f3efb\",\"entityType\":{\"entityTypeName\":\"GUID\"},\"runType\":4,\"value\":0}},\"Hcom_Property_themes_with_images_instead_of_icons\":{\"name\":\"Hcom_Property_themes_with_images_instead_of_icons\",\"bucket\":1,\"evaluationData\":{\"bucket\":{\"bucketValue\":1,\"bucketConfig\":null,\"calculationType\":{\"typeIdentifier\":\"B\"}},\"isEgtnlBrand\":true,\"experimentKey\":{\"experimentId\":51449},\"experimentInstanceId\":176384,\"entityId\":\"18713dec-4f39-4264-b08c-955fc30f3efb\",\"entityType\":{\"entityTypeName\":\"GUID\"},\"runType\":4,\"value\":1}},\"Hotels_near_POI_and_airports_inventory_relevancy\":{\"name\":\"Hotels_near_POI_and_airports_inventory_relevancy\",\"bucket\":1,\"evaluationData\":{\"bucket\":{\"bucketValue\":1,\"bucketConfig\":null,\"calculationType\":{\"typeIdentifier\":\"B\"}},\"isEgtnlBrand\":true,\"experimentKey\":{\"experimentId\":55605},\"experimentInstanceId\":192295,\"entityId\":\"18713dec-4f39-4264-b08c-955fc30f3efb\",\"entityType\":{\"entityTypeName\":\"GUID\"},\"runType\":4,\"value\":1}},\"Image_Demand_API_Integration_for_Room_Images_Hcom\":{\"name\":\"Image_Demand_API_Integration_for_Room_Images_Hcom\",\"bucket\":1,\"evaluationData\":{\"bucket\":{\"bucketValue\":1,\"bucketConfig\":null,\"calculationType\":{\"typeIdentifier\":\"B\"}},\"isEgtnlBrand\":true,\"experimentKey\":{\"experimentId\":47657},\"experimentInstanceId\":152900,\"entityId\":\"18713dec-4f39-4264-b08c-955fc30f3efb\",\"entityType\":{\"entityTypeName\":\"GUID\"},\"runType\":4,\"value\":1}},\"Image_Mosaic_no_harm_test\":{\"name\":\"Image_Mosaic_no_harm_test\",\"bucket\":1,\"evaluationData\":{\"bucket\":{\"bucketValue\":1,\"bucketConfig\":null,\"calculationType\":{\"typeIdentifier\":\"B\"}},\"isEgtnlBrand\":true,\"experimentKey\":{\"experimentId\":51562},\"experimentInstanceId\":177335,\"entityId\":\"18713dec-4f39-4264-b08c-955fc30f3efb\",\"entityType\":{\"entityTypeName\":\"GUID\"},\"runType\":4,\"value\":1}},\"Improve_top_600_destinations_hero_image\":{\"name\":\"Improve_top_600_destinations_hero_image\",\"bucket\":1,\"evaluationData\":{\"bucket\":{\"bucketValue\":1,\"bucketConfig\":null,\"calculationType\":{\"typeIdentifier\":\"B\"}},\"isEgtnlBrand\":true,\"experimentKey\":{\"experimentId\":57451},\"experimentInstanceId\":201876,\"entityId\":\"18713dec-4f39-4264-b08c-955fc30f3efb\",\"entityType\":{\"entityTypeName\":\"GUID\"},\"runType\":4,\"value\":1}},\"Improve_top_600_destinations_hero_image_for_Cars_LPs\":{\"name\":\"Improve_top_600_destinations_hero_image_for_Cars_LPs\",\"bucket\":1,\"evaluationData\":{\"bucket\":{\"bucketValue\":1,\"bucketConfig\":null,\"calculationType\":{\"typeIdentifier\":\"B\"}},\"isEgtnlBrand\":true,\"experimentKey\":{\"experimentId\":58153},\"experimentInstanceId\":202820,\"entityId\":\"18713dec-4f39-4264-b08c-955fc30f3efb\",\"entityType\":{\"entityTypeName\":\"GUID\"},\"runType\":4,\"value\":1}},\"Improve_top_600_destinations_hero_image_for_DLPs\":{\"name\":\"Improve_top_600_destinations_hero_image_for_DLPs\",\"bucket\":0,\"evaluationData\":{\"bucket\":{\"bucketValue\":0,\"bucketConfig\":null,\"calculationType\":{\"typeIdentifier\":\"B\"}},\"isEgtnlBrand\":true,\"experimentKey\":{\"experimentId\":58154},\"experimentInstanceId\":205885,\"entityId\":\"18713dec-4f39-4264-b08c-955fc30f3efb\",\"entityType\":{\"entityTypeName\":\"GUID\"},\"runType\":4,\"value\":0}},\"Increase_prominence_of_property_listing_CTA_on_DLPs\":{\"name\":\"Increase_prominence_of_property_listing_CTA_on_DLPs\",\"bucket\":1,\"evaluationData\":{\"bucket\":{\"bucketValue\":1,\"bucketConfig\":null,\"calculationType\":{\"typeIdentifier\":\"B\"}},\"isEgtnlBrand\":true,\"experimentKey\":{\"experimentId\":53367},\"experimentInstanceId\":178224,\"entityId\":\"18713dec-4f39-4264-b08c-955fc30f3efb\",\"entityType\":{\"entityTypeName\":\"GUID\"},\"runType\":4,\"value\":1}},\"Intent_refinement_on_unrefined_DLPs_property_themes_\":{\"name\":\"Intent_refinement_on_unrefined_DLPs_property_themes_\",\"bucket\":1,\"evaluationData\":{\"bucket\":{\"bucketValue\":1,\"bucketConfig\":null,\"calculationType\":{\"typeIdentifier\":\"B\"}},\"isEgtnlBrand\":true,\"experimentKey\":{\"experimentId\":54000},\"experimentInstanceId\":194754,\"entityId\":\"18713dec-4f39-4264-b08c-955fc30f3efb\",\"entityType\":{\"entityTypeName\":\"GUID\"},\"runType\":4,\"value\":1}},\"Introduce_Dateless_price_on_HCOM_DLPs\":{\"name\":\"Introduce_Dateless_price_on_HCOM_DLPs\",\"bucket\":0,\"evaluationData\":{\"bucket\":{\"bucketValue\":0,\"bucketConfig\":null,\"calculationType\":{\"typeIdentifier\":\"B\"}},\"isEgtnlBrand\":true,\"experimentKey\":{\"experimentId\":52358},\"experimentInstanceId\":174101,\"entityId\":\"18713dec-4f39-4264-b08c-955fc30f3efb\",\"entityType\":{\"entityTypeName\":\"GUID\"},\"runType\":4,\"value\":0}},\"Introduce_Similar_Destinations_Carousel_on_Cars_LPs\":{\"name\":\"Introduce_Similar_Destinations_Carousel_on_Cars_LPs\",\"bucket\":0,\"evaluationData\":{\"bucket\":{\"bucketValue\":0,\"bucketConfig\":null,\"calculationType\":{\"typeIdentifier\":\"B\"}},\"isEgtnlBrand\":true,\"experimentKey\":{\"experimentId\":56127},\"experimentInstanceId\":198507,\"entityId\":\"18713dec-4f39-4264-b08c-955fc30f3efb\",\"entityType\":{\"entityTypeName\":\"GUID\"},\"runType\":4,\"value\":0}},\"Introduce_Similar_Destinations_Carousel_on_DLPs\":{\"name\":\"Introduce_Similar_Destinations_Carousel_on_DLPs\",\"bucket\":0,\"evaluationData\":{\"bucket\":{\"bucketValue\":0,\"bucketConfig\":null,\"calculationType\":{\"typeIdentifier\":\"B\"}},\"isEgtnlBrand\":true,\"experimentKey\":{\"experimentId\":56126},\"experimentInstanceId\":196679,\"entityId\":\"18713dec-4f39-4264-b08c-955fc30f3efb\",\"entityType\":{\"entityTypeName\":\"GUID\"},\"runType\":4,\"value\":0}},\"Introduce_highly_rated_and_rare_attributes_of_a_property_in_a_destination_\":{\"name\":\"Introduce_highly_rated_and_rare_attributes_of_a_property_in_a_destination_\",\"bucket\":0,\"evaluationData\":{\"bucket\":{\"bucketValue\":0,\"bucketConfig\":null,\"calculationType\":{\"typeIdentifier\":\"B\"}},\"isEgtnlBrand\":true,\"experimentKey\":{\"experimentId\":51674},\"experimentInstanceId\":180683,\"entityId\":\"18713dec-4f39-4264-b08c-955fc30f3efb\",\"entityType\":{\"entityTypeName\":\"GUID\"},\"runType\":4,\"value\":0}},\"Introduce_image_carousel_on_product_cards\":{\"name\":\"Introduce_image_carousel_on_product_cards\",\"bucket\":1,\"evaluationData\":{\"bucket\":{\"bucketValue\":1,\"bucketConfig\":null,\"calculationType\":{\"typeIdentifier\":\"B\"}},\"isEgtnlBrand\":true,\"experimentKey\":{\"experimentId\":52400},\"experimentInstanceId\":178227,\"entityId\":\"18713dec-4f39-4264-b08c-955fc30f3efb\",\"entityType\":{\"entityTypeName\":\"GUID\"},\"runType\":4,\"value\":1}},\"Introduce_pills_and_numbers_in_the_image_gallery\":{\"name\":\"Introduce_pills_and_numbers_in_the_image_gallery\",\"bucket\":2,\"evaluationData\":{\"bucket\":{\"bucketValue\":2,\"bucketConfig\":null,\"calculationType\":{\"typeIdentifier\":\"B\"}},\"isEgtnlBrand\":true,\"experimentKey\":{\"experimentId\":49562},\"experimentInstanceId\":160863,\"entityId\":\"18713dec-4f39-4264-b08c-955fc30f3efb\",\"entityType\":{\"entityTypeName\":\"GUID\"},\"runType\":4,\"value\":2}},\"LP_WIZARD_POPULAR_FILTERS_ON_HTG\":{\"name\":\"LP_WIZARD_POPULAR_FILTERS_ON_HTG\",\"bucket\":0,\"evaluationData\":{\"bucket\":{\"bucketValue\":0,\"bucketConfig\":null,\"calculationType\":{\"typeIdentifier\":\"B\"}},\"isEgtnlBrand\":false,\"experimentKey\":{\"experimentId\":40351},\"experimentInstanceId\":117501,\"entityId\":\"18713dec-4f39-4264-b08c-955fc30f3efb\",\"entityType\":{\"entityTypeName\":\"GUID\"},\"runType\":4,\"value\":0}},\"Legacy_flights_search_form_UX_tweaks\":{\"name\":\"Legacy_flights_search_form_UX_tweaks\",\"bucket\":1,\"evaluationData\":{\"bucket\":{\"bucketValue\":1,\"bucketConfig\":null,\"calculationType\":{\"typeIdentifier\":\"B\"}},\"isEgtnlBrand\":true,\"experimentKey\":{\"experimentId\":59917},\"experimentInstanceId\":211741,\"entityId\":\"18713dec-4f39-4264-b08c-955fc30f3efb\",\"entityType\":{\"entityTypeName\":\"GUID\"},\"runType\":3,\"value\":1}},\"Location_Highlights_Personalisation\":{\"name\":\"Location_Highlights_Personalisation\",\"bucket\":0,\"evaluationData\":{\"bucket\":{\"bucketValue\":0,\"bucketConfig\":null,\"calculationType\":{\"typeIdentifier\":\"B\"}},\"isEgtnlBrand\":true,\"experimentKey\":{\"experimentId\":52391},\"experimentInstanceId\":190956,\"entityId\":\"18713dec-4f39-4264-b08c-955fc30f3efb\",\"entityType\":{\"entityTypeName\":\"GUID\"},\"runType\":4,\"value\":0}},\"Lodging_Full_Detail_Recent_Searches_in_TA_SDUI_Forms\":{\"name\":\"Lodging_Full_Detail_Recent_Searches_in_TA_SDUI_Forms\",\"bucket\":1,\"evaluationData\":{\"bucket\":{\"bucketValue\":1,\"bucketConfig\":null,\"calculationType\":{\"typeIdentifier\":\"B\"}},\"isEgtnlBrand\":true,\"experimentKey\":{\"experimentId\":47341},\"experimentInstanceId\":157946,\"entityId\":\"18713dec-4f39-4264-b08c-955fc30f3efb\",\"entityType\":{\"entityTypeName\":\"GUID\"},\"runType\":4,\"value\":1}},\"Lodging_SDUI_Search_Form_Dateless_PDP\":{\"name\":\"Lodging_SDUI_Search_Form_Dateless_PDP\",\"bucket\":0,\"evaluationData\":{\"bucket\":{\"bucketValue\":0,\"bucketConfig\":null,\"calculationType\":{\"typeIdentifier\":\"B\"}},\"isEgtnlBrand\":true,\"experimentKey\":{\"experimentId\":47468},\"experimentInstanceId\":162795,\"entityId\":\"18713dec-4f39-4264-b08c-955fc30f3efb\",\"entityType\":{\"entityTypeName\":\"GUID\"},\"runType\":4,\"value\":0}},\"Managed_Banner_After_Wizard_Web_Toggle\":{\"name\":\"Managed_Banner_After_Wizard_Web_Toggle\",\"bucket\":1,\"evaluationData\":{\"bucket\":{\"bucketValue\":1,\"bucketConfig\":null,\"calculationType\":{\"typeIdentifier\":\"B\"}},\"isEgtnlBrand\":true,\"experimentKey\":{\"experimentId\":55887},\"experimentInstanceId\":209597,\"entityId\":\"18713dec-4f39-4264-b08c-955fc30f3efb\",\"entityType\":{\"entityTypeName\":\"GUID\"},\"runType\":4,\"value\":1}},\"MeSo_Storefront_Partner_Gallery_ad_test\":{\"name\":\"MeSo_Storefront_Partner_Gallery_ad_test\",\"bucket\":1,\"evaluationData\":{\"bucket\":{\"bucketValue\":1,\"bucketConfig\":null,\"calculationType\":{\"typeIdentifier\":\"B\"}},\"isEgtnlBrand\":true,\"experimentKey\":{\"experimentId\":47034},\"experimentInstanceId\":156579,\"entityId\":\"18713dec-4f39-4264-b08c-955fc30f3efb\",\"entityType\":{\"entityTypeName\":\"GUID\"},\"runType\":4,\"value\":1}},\"Navigate_users_to_SRP_from_neighbourhood_module_on_DLPs_\":{\"name\":\"Navigate_users_to_SRP_from_neighbourhood_module_on_DLPs_\",\"bucket\":0,\"evaluationData\":{\"bucket\":{\"bucketValue\":0,\"bucketConfig\":null,\"calculationType\":{\"typeIdentifier\":\"B\"}},\"isEgtnlBrand\":true,\"experimentKey\":{\"experimentId\":52264},\"experimentInstanceId\":173619,\"entityId\":\"18713dec-4f39-4264-b08c-955fc30f3efb\",\"entityType\":{\"entityTypeName\":\"GUID\"},\"runType\":4,\"value\":0}},\"ODS_Price_Dateless_PDP\":{\"name\":\"ODS_Price_Dateless_PDP\",\"bucket\":1,\"evaluationData\":{\"bucket\":{\"bucketValue\":1,\"bucketConfig\":null,\"calculationType\":{\"typeIdentifier\":\"B\"}},\"isEgtnlBrand\":true,\"experimentKey\":{\"experimentId\":53822},\"experimentInstanceId\":188654,\"entityId\":\"18713dec-4f39-4264-b08c-955fc30f3efb\",\"entityType\":{\"entityTypeName\":\"GUID\"},\"runType\":4,\"value\":1}},\"Optimise_lodging_search_load_time\":{\"name\":\"Optimise_lodging_search_load_time\",\"bucket\":1,\"evaluationData\":{\"bucket\":{\"bucketValue\":1,\"bucketConfig\":null,\"calculationType\":{\"typeIdentifier\":\"B\"}},\"isEgtnlBrand\":true,\"experimentKey\":{\"experimentId\":50346},\"experimentInstanceId\":186190,\"entityId\":\"18713dec-4f39-4264-b08c-955fc30f3efb\",\"entityType\":{\"entityTypeName\":\"GUID\"},\"runType\":4,\"value\":1}},\"Osano_OneTrust_Throttle\":{\"name\":\"Osano_OneTrust_Throttle\",\"bucket\":1,\"evaluationData\":{\"bucket\":{\"bucketValue\":1,\"bucketConfig\":null,\"calculationType\":{\"typeIdentifier\":\"B\"}},\"isEgtnlBrand\":false,\"experimentKey\":{\"experimentId\":43231},\"experimentInstanceId\":206423,\"entityId\":\"18713dec-4f39-4264-b08c-955fc30f3efb\",\"entityType\":{\"entityTypeName\":\"GUID\"},\"runType\":4,\"value\":1}},\"PCC_PDP_Centered_sheet_modal_for_image_gallery\":{\"name\":\"PCC_PDP_Centered_sheet_modal_for_image_gallery\",\"bucket\":0,\"evaluationData\":{\"bucket\":{\"bucketValue\":0,\"bucketConfig\":null,\"calculationType\":{\"typeIdentifier\":\"B\"}},\"isEgtnlBrand\":false,\"experimentKey\":{\"experimentId\":45748},\"experimentInstanceId\":137131,\"entityId\":\"18713dec-4f39-4264-b08c-955fc30f3efb\",\"entityType\":{\"entityTypeName\":\"GUID\"},\"runType\":4,\"value\":0}},\"PCC_PDP_Partial_Screen_Takeover_For_Reviews_Overlay\":{\"name\":\"PCC_PDP_Partial_Screen_Takeover_For_Reviews_Overlay\",\"bucket\":0,\"evaluationData\":{\"bucket\":{\"bucketValue\":0,\"bucketConfig\":null,\"calculationType\":{\"typeIdentifier\":\"B\"}},\"isEgtnlBrand\":false,\"experimentKey\":{\"experimentId\":45353},\"experimentInstanceId\":132772,\"entityId\":\"18713dec-4f39-4264-b08c-955fc30f3efb\",\"entityType\":{\"entityTypeName\":\"GUID\"},\"runType\":4,\"value\":0}},\"PCC_PDP_choose_a_room_in_map_modal\":{\"name\":\"PCC_PDP_choose_a_room_in_map_modal\",\"bucket\":0,\"evaluationData\":{\"bucket\":{\"bucketValue\":0,\"bucketConfig\":null,\"calculationType\":{\"typeIdentifier\":\"B\"}},\"isEgtnlBrand\":false,\"experimentKey\":{\"experimentId\":45888},\"experimentInstanceId\":134512,\"entityId\":\"18713dec-4f39-4264-b08c-955fc30f3efb\",\"entityType\":{\"entityTypeName\":\"GUID\"},\"runType\":4,\"value\":0}},\"PDEA_Headline_Module_Web\":{\"name\":\"PDEA_Headline_Module_Web\",\"bucket\":1,\"evaluationData\":{\"bucket\":{\"bucketValue\":1,\"bucketConfig\":null,\"calculationType\":{\"typeIdentifier\":\"B\"}},\"isEgtnlBrand\":true,\"experimentKey\":{\"experimentId\":53002},\"experimentInstanceId\":174132,\"entityId\":\"18713dec-4f39-4264-b08c-955fc30f3efb\",\"entityType\":{\"entityTypeName\":\"GUID\"},\"runType\":4,\"value\":1}},\"PDP_POI_Location_Highlights_No_Harm_HCOM\":{\"name\":\"PDP_POI_Location_Highlights_No_Harm_HCOM\",\"bucket\":1,\"evaluationData\":{\"bucket\":{\"bucketValue\":1,\"bucketConfig\":null,\"calculationType\":{\"typeIdentifier\":\"B\"}},\"isEgtnlBrand\":true,\"experimentKey\":{\"experimentId\":50003},\"experimentInstanceId\":165818,\"entityId\":\"18713dec-4f39-4264-b08c-955fc30f3efb\",\"entityType\":{\"entityTypeName\":\"GUID\"},\"runType\":4,\"value\":1}},\"PDP_Sustainability_Module_With_Stricter_Display_Criteria_Web\":{\"name\":\"PDP_Sustainability_Module_With_Stricter_Display_Criteria_Web\",\"bucket\":0,\"evaluationData\":{\"bucket\":{\"bucketValue\":0,\"bucketConfig\":null,\"calculationType\":{\"typeIdentifier\":\"B\"}},\"isEgtnlBrand\":true,\"experimentKey\":{\"experimentId\":51896},\"experimentInstanceId\":176212,\"entityId\":\"18713dec-4f39-4264-b08c-955fc30f3efb\",\"entityType\":{\"entityTypeName\":\"GUID\"},\"runType\":4,\"value\":0}},\"PDP_amenities_ranking_model\":{\"name\":\"PDP_amenities_ranking_model\",\"bucket\":1,\"evaluationData\":{\"bucket\":{\"bucketValue\":1,\"bucketConfig\":null,\"calculationType\":{\"typeIdentifier\":\"B\"}},\"isEgtnlBrand\":true,\"experimentKey\":{\"experimentId\":53017},\"experimentInstanceId\":186210,\"entityId\":\"18713dec-4f39-4264-b08c-955fc30f3efb\",\"entityType\":{\"entityTypeName\":\"GUID\"},\"runType\":4,\"value\":1}},\"PDP_centered_sheet_large_map_modal\":{\"name\":\"PDP_centered_sheet_large_map_modal\",\"bucket\":0,\"evaluationData\":{\"bucket\":{\"bucketValue\":0,\"bucketConfig\":null,\"calculationType\":{\"typeIdentifier\":\"B\"}},\"isEgtnlBrand\":true,\"experimentKey\":{\"experimentId\":51121},\"experimentInstanceId\":166879,\"entityId\":\"18713dec-4f39-4264-b08c-955fc30f3efb\",\"entityType\":{\"entityTypeName\":\"GUID\"},\"runType\":4,\"value\":0}},\"PEXO_PDP_AMENITY_PRODUCT_ENTITY_MIGRATION_WEB\":{\"name\":\"PEXO_PDP_AMENITY_PRODUCT_ENTITY_MIGRATION_WEB\",\"bucket\":1,\"evaluationData\":{\"bucket\":{\"bucketValue\":1,\"bucketConfig\":null,\"calculationType\":{\"typeIdentifier\":\"B\"}},\"isEgtnlBrand\":true,\"experimentKey\":{\"experimentId\":52125},\"experimentInstanceId\":176707,\"entityId\":\"18713dec-4f39-4264-b08c-955fc30f3efb\",\"entityType\":{\"entityTypeName\":\"GUID\"},\"runType\":4,\"value\":1}},\"PEXO_PDP_CenteredSheet_gallery_with_1_column_of_images\":{\"name\":\"PEXO_PDP_CenteredSheet_gallery_with_1_column_of_images\",\"bucket\":0,\"evaluationData\":{\"bucket\":{\"bucketValue\":0,\"bucketConfig\":null,\"calculationType\":{\"typeIdentifier\":\"B\"}},\"isEgtnlBrand\":true,\"experimentKey\":{\"experimentId\":49379},\"experimentInstanceId\":154623,\"entityId\":\"18713dec-4f39-4264-b08c-955fc30f3efb\",\"entityType\":{\"entityTypeName\":\"GUID\"},\"runType\":4,\"value\":0}},\"PEXO_PDP_IMAGE_RICH_LOCATION_SECTION_NATIVE\":{\"name\":\"PEXO_PDP_IMAGE_RICH_LOCATION_SECTION_NATIVE\",\"bucket\":1,\"evaluationData\":{\"bucket\":{\"bucketValue\":1,\"bucketConfig\":null,\"calculationType\":{\"typeIdentifier\":\"B\"}},\"isEgtnlBrand\":true,\"experimentKey\":{\"experimentId\":53288},\"experimentInstanceId\":184340,\"entityId\":\"18713dec-4f39-4264-b08c-955fc30f3efb\",\"entityType\":{\"entityTypeName\":\"GUID\"},\"runType\":4,\"value\":1}},\"PEXO_PDP_IMAGE_RICH_LOCATION_SECTION_WEB\":{\"name\":\"PEXO_PDP_IMAGE_RICH_LOCATION_SECTION_WEB\",\"bucket\":0,\"evaluationData\":{\"bucket\":{\"bucketValue\":0,\"bucketConfig\":null,\"calculationType\":{\"typeIdentifier\":\"B\"}},\"isEgtnlBrand\":true,\"experimentKey\":{\"experimentId\":53267},\"experimentInstanceId\":177347,\"entityId\":\"18713dec-4f39-4264-b08c-955fc30f3efb\",\"entityType\":{\"entityTypeName\":\"GUID\"},\"runType\":4,\"value\":0}},\"PEXO_PDP_Location_summary_layout_improvement\":{\"name\":\"PEXO_PDP_Location_summary_layout_improvement\",\"bucket\":1,\"evaluationData\":{\"bucket\":{\"bucketValue\":1,\"bucketConfig\":null,\"calculationType\":{\"typeIdentifier\":\"B\"}},\"isEgtnlBrand\":true,\"experimentKey\":{\"experimentId\":49641},\"experimentInstanceId\":163214,\"entityId\":\"18713dec-4f39-4264-b08c-955fc30f3efb\",\"entityType\":{\"entityTypeName\":\"GUID\"},\"runType\":4,\"value\":1}},\"PEXO_PDP_SUSTAINABLE_ATTRIBUTES_SECTION_EGTNL\":{\"name\":\"PEXO_PDP_SUSTAINABLE_ATTRIBUTES_SECTION_EGTNL\",\"bucket\":0,\"evaluationData\":{\"bucket\":{\"bucketValue\":0,\"bucketConfig\":null,\"calculationType\":{\"typeIdentifier\":\"B\"}},\"isEgtnlBrand\":true,\"experimentKey\":{\"experimentId\":51896},\"experimentInstanceId\":176212,\"entityId\":\"18713dec-4f39-4264-b08c-955fc30f3efb\",\"entityType\":{\"entityTypeName\":\"GUID\"},\"runType\":4,\"value\":0}},\"PEXO_PDP_choose_a_room_CTA_in_map_modal_EGTNL\":{\"name\":\"PEXO_PDP_choose_a_room_CTA_in_map_modal_EGTNL\",\"bucket\":1,\"evaluationData\":{\"bucket\":{\"bucketValue\":1,\"bucketConfig\":null,\"calculationType\":{\"typeIdentifier\":\"B\"}},\"isEgtnlBrand\":true,\"experimentKey\":{\"experimentId\":47207},\"experimentInstanceId\":144015,\"entityId\":\"18713dec-4f39-4264-b08c-955fc30f3efb\",\"entityType\":{\"entityTypeName\":\"GUID\"},\"runType\":4,\"value\":1}},\"PEXO_PDP_reviews_modal_layout_dweb_tabweb\":{\"name\":\"PEXO_PDP_reviews_modal_layout_dweb_tabweb\",\"bucket\":1,\"evaluationData\":{\"bucket\":{\"bucketValue\":1,\"bucketConfig\":null,\"calculationType\":{\"typeIdentifier\":\"B\"}},\"isEgtnlBrand\":true,\"experimentKey\":{\"experimentId\":47642},\"experimentInstanceId\":158238,\"entityId\":\"18713dec-4f39-4264-b08c-955fc30f3efb\",\"entityType\":{\"entityTypeName\":\"GUID\"},\"runType\":4,\"value\":1}},\"PEXO_PDP_reviews_traveller_type_checkbox_to_dropdown_native\":{\"name\":\"PEXO_PDP_reviews_traveller_type_checkbox_to_dropdown_native\",\"bucket\":1,\"evaluationData\":{\"bucket\":{\"bucketValue\":1,\"bucketConfig\":null,\"calculationType\":{\"typeIdentifier\":\"B\"}},\"isEgtnlBrand\":true,\"experimentKey\":{\"experimentId\":48841},\"experimentInstanceId\":158934,\"entityId\":\"18713dec-4f39-4264-b08c-955fc30f3efb\",\"entityType\":{\"entityTypeName\":\"GUID\"},\"runType\":4,\"value\":1}},\"PWA_Trips_Important_SF\":{\"name\":\"PWA_Trips_Important_SF\",\"bucket\":0,\"evaluationData\":{\"bucket\":{\"bucketValue\":0,\"bucketConfig\":null,\"calculationType\":{\"typeIdentifier\":\"B\"}},\"isEgtnlBrand\":false,\"experimentKey\":{\"experimentId\":39599},\"experimentInstanceId\":115754,\"entityId\":\"18713dec-4f39-4264-b08c-955fc30f3efb\",\"entityType\":{\"entityTypeName\":\"GUID\"},\"runType\":4,\"value\":0}},\"PWA_fare_calendar_home_page\":{\"name\":\"PWA_fare_calendar_home_page\",\"bucket\":0,\"evaluationData\":{\"bucket\":{\"bucketValue\":0,\"bucketConfig\":null,\"calculationType\":{\"typeIdentifier\":\"B\"}},\"isEgtnlBrand\":false,\"experimentKey\":{\"experimentId\":38727},\"experimentInstanceId\":119578,\"entityId\":\"18713dec-4f39-4264-b08c-955fc30f3efb\",\"entityType\":{\"entityTypeName\":\"GUID\"},\"runType\":4,\"value\":0}},\"Popular_Destinations_V2_in_Typeahead_Lodging_HCOM_Desktop\":{\"name\":\"Popular_Destinations_V2_in_Typeahead_Lodging_HCOM_Desktop\",\"bucket\":1,\"evaluationData\":{\"bucket\":{\"bucketValue\":1,\"bucketConfig\":null,\"calculationType\":{\"typeIdentifier\":\"B\"}},\"isEgtnlBrand\":true,\"experimentKey\":{\"experimentId\":49106},\"experimentInstanceId\":156414,\"entityId\":\"18713dec-4f39-4264-b08c-955fc30f3efb\",\"entityType\":{\"entityTypeName\":\"GUID\"},\"runType\":4,\"value\":1}},\"Prebooking_traveller_QnA_using_Reviews_and_Property_Content_Gen_AI\":{\"name\":\"Prebooking_traveller_QnA_using_Reviews_and_Property_Content_Gen_AI\",\"bucket\":0,\"evaluationData\":{\"bucket\":{\"bucketValue\":0,\"bucketConfig\":null,\"calculationType\":{\"typeIdentifier\":\"B\"}},\"isEgtnlBrand\":true,\"experimentKey\":{\"experimentId\":49620},\"experimentInstanceId\":170256,\"entityId\":\"18713dec-4f39-4264-b08c-955fc30f3efb\",\"entityType\":{\"entityTypeName\":\"GUID\"},\"runType\":4,\"value\":0}},\"Property_highlights_optimisation_with_new_categories_Dateless_PDP\":{\"name\":\"Property_highlights_optimisation_with_new_categories_Dateless_PDP\",\"bucket\":0,\"evaluationData\":{\"bucket\":{\"bucketValue\":0,\"bucketConfig\":null,\"calculationType\":{\"typeIdentifier\":\"B\"}},\"isEgtnlBrand\":true,\"experimentKey\":{\"experimentId\":55011},\"experimentInstanceId\":195286,\"entityId\":\"18713dec-4f39-4264-b08c-955fc30f3efb\",\"entityType\":{\"entityTypeName\":\"GUID\"},\"runType\":4,\"value\":0}},\"QnA_using_Reviews_and_Property_Content_Gen_AI_Feature_Gate\":{\"name\":\"QnA_using_Reviews_and_Property_Content_Gen_AI_Feature_Gate\",\"bucket\":0,\"evaluationData\":{\"bucket\":{\"bucketValue\":0,\"bucketConfig\":null,\"calculationType\":{\"typeIdentifier\":\"B\"}},\"isEgtnlBrand\":true,\"experimentKey\":{\"experimentId\":51647},\"experimentInstanceId\":160377,\"entityId\":\"18713dec-4f39-4264-b08c-955fc30f3efb\",\"entityType\":{\"entityTypeName\":\"GUID\"},\"runType\":4,\"value\":0}},\"Re_order_property_listing_on_DLPs_by_high_guest_review_score\":{\"name\":\"Re_order_property_listing_on_DLPs_by_high_guest_review_score\",\"bucket\":0,\"evaluationData\":{\"bucket\":{\"bucketValue\":0,\"bucketConfig\":null,\"calculationType\":{\"typeIdentifier\":\"B\"}},\"isEgtnlBrand\":true,\"experimentKey\":{\"experimentId\":53010},\"experimentInstanceId\":179664,\"entityId\":\"18713dec-4f39-4264-b08c-955fc30f3efb\",\"entityType\":{\"entityTypeName\":\"GUID\"},\"runType\":4,\"value\":0}},\"Recent_Searches_in_Color_50_App\":{\"name\":\"Recent_Searches_in_Color_50_App\",\"bucket\":0,\"evaluationData\":{\"bucket\":{\"bucketValue\":0,\"bucketConfig\":null,\"calculationType\":{\"typeIdentifier\":\"B\"}},\"isEgtnlBrand\":true,\"experimentKey\":{\"experimentId\":53152},\"experimentInstanceId\":172541,\"entityId\":\"18713dec-4f39-4264-b08c-955fc30f3efb\",\"entityType\":{\"entityTypeName\":\"GUID\"},\"runType\":4,\"value\":0}},\"Remove_properties_with_low_review_score\":{\"name\":\"Remove_properties_with_low_review_score\",\"bucket\":0,\"evaluationData\":{\"bucket\":{\"bucketValue\":0,\"bucketConfig\":null,\"calculationType\":{\"typeIdentifier\":\"B\"}},\"isEgtnlBrand\":true,\"experimentKey\":{\"experimentId\":49830},\"experimentInstanceId\":151213,\"entityId\":\"18713dec-4f39-4264-b08c-955fc30f3efb\",\"entityType\":{\"entityTypeName\":\"GUID\"},\"runType\":4,\"value\":0}},\"Remove_reviews_at_the_bottom_of_dateless_PDP_for_SEM_traffic\":{\"name\":\"Remove_reviews_at_the_bottom_of_dateless_PDP_for_SEM_traffic\",\"bucket\":1,\"evaluationData\":{\"bucket\":{\"bucketValue\":1,\"bucketConfig\":null,\"calculationType\":{\"typeIdentifier\":\"B\"}},\"isEgtnlBrand\":true,\"experimentKey\":{\"experimentId\":50011},\"experimentInstanceId\":179871,\"entityId\":\"18713dec-4f39-4264-b08c-955fc30f3efb\",\"entityType\":{\"entityTypeName\":\"GUID\"},\"runType\":4,\"value\":1}},\"Repositioning_map_and_location_insights_to_About_the_area\":{\"name\":\"Repositioning_map_and_location_insights_to_About_the_area\",\"bucket\":1,\"evaluationData\":{\"bucket\":{\"bucketValue\":1,\"bucketConfig\":null,\"calculationType\":{\"typeIdentifier\":\"B\"}},\"isEgtnlBrand\":true,\"experimentKey\":{\"experimentId\":55715},\"experimentInstanceId\":190990,\"entityId\":\"18713dec-4f39-4264-b08c-955fc30f3efb\",\"entityType\":{\"entityTypeName\":\"GUID\"},\"runType\":4,\"value\":1}},\"Review_Summarisation_Feature_Gate_for_Web\":{\"name\":\"Review_Summarisation_Feature_Gate_for_Web\",\"bucket\":1,\"evaluationData\":{\"bucket\":{\"bucketValue\":1,\"bucketConfig\":null,\"calculationType\":{\"typeIdentifier\":\"B\"}},\"isEgtnlBrand\":true,\"experimentKey\":{\"experimentId\":51482},\"experimentInstanceId\":167418,\"entityId\":\"18713dec-4f39-4264-b08c-955fc30f3efb\",\"entityType\":{\"entityTypeName\":\"GUID\"},\"runType\":4,\"value\":1}},\"Review_Summary\":{\"name\":\"Review_Summary\",\"bucket\":1,\"evaluationData\":{\"bucket\":{\"bucketValue\":1,\"bucketConfig\":null,\"calculationType\":{\"typeIdentifier\":\"B\"}},\"isEgtnlBrand\":true,\"experimentKey\":{\"experimentId\":50552},\"experimentInstanceId\":177739,\"entityId\":\"18713dec-4f39-4264-b08c-955fc30f3efb\",\"entityType\":{\"entityTypeName\":\"GUID\"},\"runType\":4,\"value\":1}},\"Review_relevancy_and_ranking_on_Dateless_PDP\":{\"name\":\"Review_relevancy_and_ranking_on_Dateless_PDP\",\"bucket\":0,\"evaluationData\":{\"bucket\":{\"bucketValue\":0,\"bucketConfig\":null,\"calculationType\":{\"typeIdentifier\":\"B\"}},\"isEgtnlBrand\":true,\"experimentKey\":{\"experimentId\":56441},\"experimentInstanceId\":194917,\"entityId\":\"18713dec-4f39-4264-b08c-955fc30f3efb\",\"entityType\":{\"entityTypeName\":\"GUID\"},\"runType\":4,\"value\":0}},\"SDUI_Lodging_Search_Form_Web\":{\"name\":\"SDUI_Lodging_Search_Form_Web\",\"bucket\":1,\"evaluationData\":{\"bucket\":{\"bucketValue\":1,\"bucketConfig\":null,\"calculationType\":{\"typeIdentifier\":\"B\"}},\"isEgtnlBrand\":false,\"experimentKey\":{\"experimentId\":42203},\"experimentInstanceId\":131823,\"entityId\":\"18713dec-4f39-4264-b08c-955fc30f3efb\",\"entityType\":{\"entityTypeName\":\"GUID\"},\"runType\":4,\"value\":1}},\"SDUI_Trips_Total_Throttle\":{\"name\":\"SDUI_Trips_Total_Throttle\",\"bucket\":1,\"evaluationData\":{\"bucket\":{\"bucketValue\":1,\"bucketConfig\":null,\"calculationType\":{\"typeIdentifier\":\"B\"}},\"isEgtnlBrand\":false,\"experimentKey\":{\"experimentId\":39455},\"experimentInstanceId\":127420,\"entityId\":\"18713dec-4f39-4264-b08c-955fc30f3efb\",\"entityType\":{\"entityTypeName\":\"GUID\"},\"runType\":4,\"value\":1}},\"SURFACE_Travel_Advisory_V2\":{\"name\":\"SURFACE_Travel_Advisory_V2\",\"bucket\":1,\"evaluationData\":{\"bucket\":{\"bucketValue\":1,\"bucketConfig\":null,\"calculationType\":{\"typeIdentifier\":\"B\"}},\"isEgtnlBrand\":false,\"experimentKey\":{\"experimentId\":35300},\"experimentInstanceId\":112511,\"entityId\":\"18713dec-4f39-4264-b08c-955fc30f3efb\",\"entityType\":{\"entityTypeName\":\"GUID\"},\"runType\":4,\"value\":1}},\"Search_location_BFF_flights_web_feature_gate\":{\"name\":\"Search_location_BFF_flights_web_feature_gate\",\"bucket\":1,\"evaluationData\":{\"bucket\":{\"bucketValue\":1,\"bucketConfig\":null,\"calculationType\":{\"typeIdentifier\":\"B\"}},\"isEgtnlBrand\":true,\"experimentKey\":{\"experimentId\":58753},\"experimentInstanceId\":210103,\"entityId\":\"18713dec-4f39-4264-b08c-955fc30f3efb\",\"entityType\":{\"entityTypeName\":\"GUID\"},\"runType\":4,\"value\":1}},\"Shared_UI_DNSMPI_US\":{\"name\":\"Shared_UI_DNSMPI_US\",\"bucket\":1,\"evaluationData\":{\"bucket\":{\"bucketValue\":1,\"bucketConfig\":null,\"calculationType\":{\"typeIdentifier\":\"B\"}},\"isEgtnlBrand\":true,\"experimentKey\":{\"experimentId\":49175},\"experimentInstanceId\":167050,\"entityId\":\"18713dec-4f39-4264-b08c-955fc30f3efb\",\"entityType\":{\"entityTypeName\":\"GUID\"},\"runType\":4,\"value\":1}},\"Similar_Properties_Carousel_Amenities_Price_and_Redirection_optimisation\":{\"name\":\"Similar_Properties_Carousel_Amenities_Price_and_Redirection_optimisation\",\"bucket\":1,\"evaluationData\":{\"bucket\":{\"bucketValue\":1,\"bucketConfig\":null,\"calculationType\":{\"typeIdentifier\":\"B\"}},\"isEgtnlBrand\":true,\"experimentKey\":{\"experimentId\":52558},\"experimentInstanceId\":175476,\"entityId\":\"18713dec-4f39-4264-b08c-955fc30f3efb\",\"entityType\":{\"entityTypeName\":\"GUID\"},\"runType\":4,\"value\":1}},\"Similar_Properties_Carousel_Unique_property_badges\":{\"name\":\"Similar_Properties_Carousel_Unique_property_badges\",\"bucket\":0,\"evaluationData\":{\"bucket\":{\"bucketValue\":0,\"bucketConfig\":null,\"calculationType\":{\"typeIdentifier\":\"B\"}},\"isEgtnlBrand\":true,\"experimentKey\":{\"experimentId\":52559},\"experimentInstanceId\":184883,\"entityId\":\"18713dec-4f39-4264-b08c-955fc30f3efb\",\"entityType\":{\"entityTypeName\":\"GUID\"},\"runType\":4,\"value\":0}},\"TravelAds_on_Dateless_PDP\":{\"name\":\"TravelAds_on_Dateless_PDP\",\"bucket\":0,\"evaluationData\":{\"bucket\":{\"bucketValue\":0,\"bucketConfig\":null,\"calculationType\":{\"typeIdentifier\":\"B\"}},\"isEgtnlBrand\":true,\"experimentKey\":{\"experimentId\":59337},\"experimentInstanceId\":207902,\"entityId\":\"18713dec-4f39-4264-b08c-955fc30f3efb\",\"entityType\":{\"entityTypeName\":\"GUID\"},\"runType\":3,\"value\":0}},\"Traveller_QnA_Beta_badge_web\":{\"name\":\"Traveller_QnA_Beta_badge_web\",\"bucket\":1,\"evaluationData\":{\"bucket\":{\"bucketValue\":1,\"bucketConfig\":null,\"calculationType\":{\"typeIdentifier\":\"B\"}},\"isEgtnlBrand\":true,\"experimentKey\":{\"experimentId\":55532},\"experimentInstanceId\":192019,\"entityId\":\"18713dec-4f39-4264-b08c-955fc30f3efb\",\"entityType\":{\"entityTypeName\":\"GUID\"},\"runType\":4,\"value\":1}},\"Traveller_QnA_Choose_a_room_CTA_in_modal\":{\"name\":\"Traveller_QnA_Choose_a_room_CTA_in_modal\",\"bucket\":1,\"evaluationData\":{\"bucket\":{\"bucketValue\":1,\"bucketConfig\":null,\"calculationType\":{\"typeIdentifier\":\"B\"}},\"isEgtnlBrand\":true,\"experimentKey\":{\"experimentId\":52757},\"experimentInstanceId\":179492,\"entityId\":\"18713dec-4f39-4264-b08c-955fc30f3efb\",\"entityType\":{\"entityTypeName\":\"GUID\"},\"runType\":4,\"value\":1}},\"Trips_Sign_in_Prompt_Optimization\":{\"name\":\"Trips_Sign_in_Prompt_Optimization\",\"bucket\":0,\"evaluationData\":{\"bucket\":{\"bucketValue\":0,\"bucketConfig\":null,\"calculationType\":{\"typeIdentifier\":\"B\"}},\"isEgtnlBrand\":true,\"experimentKey\":{\"experimentId\":48162},\"experimentInstanceId\":149352,\"entityId\":\"18713dec-4f39-4264-b08c-955fc30f3efb\",\"entityType\":{\"entityTypeName\":\"GUID\"},\"runType\":4,\"value\":0}},\"TypeaheadCustom_without_specific_CSS\":{\"name\":\"TypeaheadCustom_without_specific_CSS\",\"bucket\":1,\"evaluationData\":{\"bucket\":{\"bucketValue\":1,\"bucketConfig\":null,\"calculationType\":{\"typeIdentifier\":\"B\"}},\"isEgtnlBrand\":true,\"experimentKey\":{\"experimentId\":51910},\"experimentInstanceId\":193749,\"entityId\":\"18713dec-4f39-4264-b08c-955fc30f3efb\",\"entityType\":{\"entityTypeName\":\"GUID\"},\"runType\":4,\"value\":1}},\"UGC_images_on_image_overlay\":{\"name\":\"UGC_images_on_image_overlay\",\"bucket\":0,\"evaluationData\":{\"bucket\":{\"bucketValue\":0,\"bucketConfig\":null,\"calculationType\":{\"typeIdentifier\":\"B\"}},\"isEgtnlBrand\":true,\"experimentKey\":{\"experimentId\":54182},\"experimentInstanceId\":192099,\"entityId\":\"18713dec-4f39-4264-b08c-955fc30f3efb\",\"entityType\":{\"entityTypeName\":\"GUID\"},\"runType\":4,\"value\":0}},\"Vrbex_home_typeahead_popular_destination\":{\"name\":\"Vrbex_home_typeahead_popular_destination\",\"bucket\":0,\"evaluationData\":{\"bucket\":{\"bucketValue\":0,\"bucketConfig\":null,\"calculationType\":{\"typeIdentifier\":\"B\"}},\"isEgtnlBrand\":true,\"experimentKey\":{\"experimentId\":48880},\"experimentInstanceId\":149439,\"entityId\":\"18713dec-4f39-4264-b08c-955fc30f3efb\",\"entityType\":{\"entityTypeName\":\"GUID\"},\"runType\":4,\"value\":0}},\"Web_Display_review_score_for_low_scoring_properties\":{\"name\":\"Web_Display_review_score_for_low_scoring_properties\",\"bucket\":1,\"evaluationData\":{\"bucket\":{\"bucketValue\":1,\"bucketConfig\":null,\"calculationType\":{\"typeIdentifier\":\"B\"}},\"isEgtnlBrand\":true,\"experimentKey\":{\"experimentId\":49194},\"experimentInstanceId\":161061,\"entityId\":\"18713dec-4f39-4264-b08c-955fc30f3efb\",\"entityType\":{\"entityTypeName\":\"GUID\"},\"runType\":4,\"value\":1}},\"Web_Move_Reviews_Overview_higher_on_PDP\":{\"name\":\"Web_Move_Reviews_Overview_higher_on_PDP\",\"bucket\":0,\"evaluationData\":{\"bucket\":{\"bucketValue\":0,\"bucketConfig\":null,\"calculationType\":{\"typeIdentifier\":\"B\"}},\"isEgtnlBrand\":true,\"experimentKey\":{\"experimentId\":55075},\"experimentInstanceId\":183845,\"entityId\":\"18713dec-4f39-4264-b08c-955fc30f3efb\",\"entityType\":{\"entityTypeName\":\"GUID\"},\"runType\":4,\"value\":0}},\"Web_Popular_Mentions\":{\"name\":\"Web_Popular_Mentions\",\"bucket\":0,\"evaluationData\":{\"bucket\":{\"bucketValue\":0,\"bucketConfig\":null,\"calculationType\":{\"typeIdentifier\":\"B\"}},\"isEgtnlBrand\":true,\"experimentKey\":{\"experimentId\":53865},\"experimentInstanceId\":195325,\"entityId\":\"18713dec-4f39-4264-b08c-955fc30f3efb\",\"entityType\":{\"entityTypeName\":\"GUID\"},\"runType\":4,\"value\":0}},\"mWeb_larger_image_for_top_of_PDP_gallery\":{\"name\":\"mWeb_larger_image_for_top_of_PDP_gallery\",\"bucket\":1,\"evaluationData\":{\"bucket\":{\"bucketValue\":1,\"bucketConfig\":null,\"calculationType\":{\"typeIdentifier\":\"B\"}},\"isEgtnlBrand\":true,\"experimentKey\":{\"experimentId\":49385},\"experimentInstanceId\":176167,\"entityId\":\"18713dec-4f39-4264-b08c-955fc30f3efb\",\"entityType\":{\"entityTypeName\":\"GUID\"},\"runType\":4,\"value\":1}},\"one_key_onboarding_ui_enabled\":{\"name\":\"one_key_onboarding_ui_enabled\",\"bucket\":1,\"evaluationData\":{\"bucket\":{\"bucketValue\":1,\"bucketConfig\":null,\"calculationType\":{\"typeIdentifier\":\"B\"}},\"isEgtnlBrand\":true,\"experimentKey\":{\"experimentId\":46834},\"experimentInstanceId\":188267,\"entityId\":\"18713dec-4f39-4264-b08c-955fc30f3efb\",\"entityType\":{\"entityTypeName\":\"GUID\"},\"runType\":4,\"value\":1}},\"package_destination_template_feature_gate\":{\"name\":\"package_destination_template_feature_gate\",\"bucket\":0,\"evaluationData\":{\"bucket\":{\"bucketValue\":0,\"bucketConfig\":null,\"calculationType\":{\"typeIdentifier\":\"B\"}},\"isEgtnlBrand\":true,\"experimentKey\":{\"experimentId\":54910},\"experimentInstanceId\":194893,\"entityId\":\"18713dec-4f39-4264-b08c-955fc30f3efb\",\"entityType\":{\"entityTypeName\":\"GUID\"},\"runType\":4,\"value\":0}},\"Acceptable_Ads_Phase_2\":{\"name\":\"Acceptable_Ads_Phase_2\",\"bucket\":1,\"evaluationData\":{\"bucket\":{\"bucketValue\":1,\"bucketConfig\":null,\"calculationType\":{\"typeIdentifier\":\"B\"}},\"isEgtnlBrand\":true,\"experimentKey\":{\"experimentId\":53363},\"experimentInstanceId\":174175,\"entityId\":\"18713dec-4f39-4264-b08c-955fc30f3efb\",\"entityType\":{\"entityTypeName\":\"GUID\"},\"runType\":4,\"value\":1}},\"BEX_EGTA_Common_Data_Sharing_Logging\":{\"name\":\"BEX_EGTA_Common_Data_Sharing_Logging\",\"bucket\":1,\"evaluationData\":{\"bucket\":{\"bucketValue\":1,\"bucketConfig\":null,\"calculationType\":{\"typeIdentifier\":\"B\"}},\"isEgtnlBrand\":false,\"experimentKey\":{\"experimentId\":37341},\"experimentInstanceId\":106258,\"entityId\":\"18713dec-4f39-4264-b08c-955fc30f3efb\",\"entityType\":{\"entityTypeName\":\"GUID\"},\"runType\":4,\"value\":1}},\"BRL_Lodging_Ad_Block_Collapse\":{\"name\":\"BRL_Lodging_Ad_Block_Collapse\",\"bucket\":0,\"evaluationData\":{\"bucket\":{\"bucketValue\":0,\"bucketConfig\":null,\"calculationType\":{\"typeIdentifier\":\"B\"}},\"isEgtnlBrand\":false,\"experimentKey\":{\"experimentId\":43923},\"experimentInstanceId\":127975,\"entityId\":\"18713dec-4f39-4264-b08c-955fc30f3efb\",\"entityType\":{\"entityTypeName\":\"GUID\"},\"runType\":4,\"value\":0}},\"GN_Member_Wallet\":{\"name\":\"GN_Member_Wallet\",\"bucket\":2,\"evaluationData\":{\"bucket\":{\"bucketValue\":2,\"bucketConfig\":null,\"calculationType\":{\"typeIdentifier\":\"B\"}},\"isEgtnlBrand\":false,\"experimentKey\":{\"experimentId\":38640},\"experimentInstanceId\":176989,\"entityId\":\"18713dec-4f39-4264-b08c-955fc30f3efb\",\"entityType\":{\"entityTypeName\":\"GUID\"},\"runType\":4,\"value\":2}},\"It1_SF_GN_Simplification\":{\"name\":\"It1_SF_GN_Simplification\",\"bucket\":1,\"evaluationData\":{\"bucket\":{\"bucketValue\":1,\"bucketConfig\":null,\"calculationType\":{\"typeIdentifier\":\"B\"}},\"isEgtnlBrand\":false,\"experimentKey\":{\"experimentId\":37152},\"experimentInstanceId\":118917,\"entityId\":\"18713dec-4f39-4264-b08c-955fc30f3efb\",\"entityType\":{\"entityTypeName\":\"GUID\"},\"runType\":4,\"value\":1}},\"PWA_Header_Store_Experiment\":{\"name\":\"PWA_Header_Store_Experiment\",\"bucket\":0,\"evaluationData\":{\"bucket\":{\"bucketValue\":0,\"bucketConfig\":null,\"calculationType\":{\"typeIdentifier\":\"B\"}},\"isEgtnlBrand\":false,\"experimentKey\":{\"experimentId\":33046},\"experimentInstanceId\":91099,\"entityId\":\"18713dec-4f39-4264-b08c-955fc30f3efb\",\"entityType\":{\"entityTypeName\":\"GUID\"},\"runType\":4,\"value\":0}},\"PWA_Siteconfig_Gc_Content_Normalization\":{\"name\":\"PWA_Siteconfig_Gc_Content_Normalization\",\"bucket\":3,\"evaluationData\":{\"bucket\":{\"bucketValue\":3,\"bucketConfig\":null,\"calculationType\":{\"typeIdentifier\":\"B\"}},\"isEgtnlBrand\":false,\"experimentKey\":{\"experimentId\":33953},\"experimentInstanceId\":95499,\"entityId\":\"18713dec-4f39-4264-b08c-955fc30f3efb\",\"entityType\":{\"entityTypeName\":\"GUID\"},\"runType\":4,\"value\":3}},\"PWA_global_headers_mvp\":{\"name\":\"PWA_global_headers_mvp\",\"bucket\":1,\"evaluationData\":{\"bucket\":{\"bucketValue\":1,\"bucketConfig\":null,\"calculationType\":{\"typeIdentifier\":\"B\"}},\"isEgtnlBrand\":false,\"experimentKey\":{\"experimentId\":29141},\"experimentInstanceId\":87549,\"entityId\":\"18713dec-4f39-4264-b08c-955fc30f3efb\",\"entityType\":{\"entityTypeName\":\"GUID\"},\"runType\":4,\"value\":1}},\"PWA_migrate_loyalty_endpoint_from_cbff\":{\"name\":\"PWA_migrate_loyalty_endpoint_from_cbff\",\"bucket\":1,\"evaluationData\":{\"bucket\":{\"bucketValue\":1,\"bucketConfig\":null,\"calculationType\":{\"typeIdentifier\":\"B\"}},\"isEgtnlBrand\":false,\"experimentKey\":{\"experimentId\":31492},\"experimentInstanceId\":87323,\"entityId\":\"18713dec-4f39-4264-b08c-955fc30f3efb\",\"entityType\":{\"entityTypeName\":\"GUID\"},\"runType\":4,\"value\":1}},\"Save_traveler_selector_info_on_close_mweb\":{\"name\":\"Save_traveler_selector_info_on_close_mweb\",\"bucket\":1,\"evaluationData\":{\"bucket\":{\"bucketValue\":1,\"bucketConfig\":null,\"calculationType\":{\"typeIdentifier\":\"B\"}},\"isEgtnlBrand\":true,\"experimentKey\":{\"experimentId\":48432},\"experimentInstanceId\":156225,\"entityId\":\"18713dec-4f39-4264-b08c-955fc30f3efb\",\"entityType\":{\"entityTypeName\":\"GUID\"},\"runType\":4,\"value\":1}},\"Traveler_Selector_Interaction_Update_Lodging_Entry_and_SRP\":{\"name\":\"Traveler_Selector_Interaction_Update_Lodging_Entry_and_SRP\",\"bucket\":1,\"evaluationData\":{\"bucket\":{\"bucketValue\":1,\"bucketConfig\":null,\"calculationType\":{\"typeIdentifier\":\"B\"}},\"isEgtnlBrand\":true,\"experimentKey\":{\"experimentId\":47491},\"experimentInstanceId\":141028,\"entityId\":\"18713dec-4f39-4264-b08c-955fc30f3efb\",\"entityType\":{\"entityTypeName\":\"GUID\"},\"runType\":4,\"value\":1}},\"meso_ads_feature_gate\":{\"name\":\"meso_ads_feature_gate\",\"bucket\":0,\"evaluationData\":{\"bucket\":{\"bucketValue\":0,\"bucketConfig\":null,\"calculationType\":{\"typeIdentifier\":\"B\"}},\"isEgtnlBrand\":false,\"experimentKey\":{\"experimentId\":40735},\"experimentInstanceId\":115237,\"entityId\":\"18713dec-4f39-4264-b08c-955fc30f3efb\",\"entityType\":{\"entityTypeName\":\"GUID\"},\"runType\":4,\"value\":0}},\"one_identity_onboarding_v2\":{\"name\":\"one_identity_onboarding_v2\",\"bucket\":1,\"evaluationData\":{\"bucket\":{\"bucketValue\":1,\"bucketConfig\":null,\"calculationType\":{\"typeIdentifier\":\"B\"}},\"isEgtnlBrand\":true,\"experimentKey\":{\"experimentId\":53876},\"experimentInstanceId\":180948,\"entityId\":\"18713dec-4f39-4264-b08c-955fc30f3efb\",\"entityType\":{\"entityTypeName\":\"GUID\"},\"runType\":4,\"value\":1}},\"one_identity_onboarding_v2_plugin_feature_gate\":{\"name\":\"one_identity_onboarding_v2_plugin_feature_gate\",\"bucket\":1,\"evaluationData\":{\"bucket\":{\"bucketValue\":1,\"bucketConfig\":null,\"calculationType\":{\"typeIdentifier\":\"B\"}},\"isEgtnlBrand\":true,\"experimentKey\":{\"experimentId\":54502},\"experimentInstanceId\":180438,\"entityId\":\"18713dec-4f39-4264-b08c-955fc30f3efb\",\"entityType\":{\"entityTypeName\":\"GUID\"},\"runType\":4,\"value\":1}},\"oneidentity_onboarding_plugin_logout_with_redirect\":{\"name\":\"oneidentity_onboarding_plugin_logout_with_redirect\",\"bucket\":1,\"evaluationData\":{\"bucket\":{\"bucketValue\":1,\"bucketConfig\":null,\"calculationType\":{\"typeIdentifier\":\"B\"}},\"isEgtnlBrand\":true,\"experimentKey\":{\"experimentId\":55855},\"experimentInstanceId\":185771,\"entityId\":\"18713dec-4f39-4264-b08c-955fc30f3efb\",\"entityType\":{\"entityTypeName\":\"GUID\"},\"runType\":4,\"value\":1}},\"oneidentity_onboarding_plugin_loom_bypass\":{\"name\":\"oneidentity_onboarding_plugin_loom_bypass\",\"bucket\":1,\"evaluationData\":{\"bucket\":{\"bucketValue\":1,\"bucketConfig\":null,\"calculationType\":{\"typeIdentifier\":\"B\"}},\"isEgtnlBrand\":true,\"experimentKey\":{\"experimentId\":55312},\"experimentInstanceId\":180824,\"entityId\":\"18713dec-4f39-4264-b08c-955fc30f3efb\",\"entityType\":{\"entityTypeName\":\"GUID\"},\"runType\":4,\"value\":1}}}}},\"bernie-plugin-datadog-rum\":{\"datadogStore\":{\"isBot\":false,\"ipv6\":false,\"env\":\"production\",\"appName\":\"lotus-home-ui\",\"appVersion\":\"47f0ba54a13bd7868e0d9225843b03ac54b7de7e\",\"bernieVersion\":\"6.0.0\"}},\"apollo\":{\"apolloState\":{},\"clientInfo\":\"lotus-home-ui,47f0ba54a13bd7868e0d9225843b03ac54b7de7e,us-east-1\"},\"eg-affiliates-context\":{\"affiliatesContext\":{\"isLinkToolbarAvailable\":false,\"targetUrl\":\"http:\\u002F\\u002Fundefined\\u002F\"}},\"bernie-plugin-pendo\":{}}");</script><script>/*@license For license information please refer to webpack-runtime.nosw.licenses.txt*/!function(){var e,a,o,r,d,c={},i={};function s(e){var a=i[e];if(void 0!==a)return a.exports;var o=i[e]={id:e,loaded:!1,exports:{}};return c[e].call(o.exports,o,o.exports,s),o.loaded=!0,o.exports}s.m=c,e=[],s.O=function(a,o,r,d){if(!o){var c=1/0;for(b=0;b<e.length;b++){o=e[b][0],r=e[b][1],d=e[b][2];for(var i=!0,t=0;t<o.length;t++)(!1&d||c>=d)&&Object.keys(s.O).every((function(e){return s.O[e](o[t])}))?o.splice(t--,1):(i=!1,d<c&&(c=d));if(i){e.splice(b--,1);var n=r();void 0!==n&&(a=n)}}return a}d=d||0;for(var b=e.length;b>0&&e[b-1][2]>d;b--)e[b]=e[b-1];e[b]=[o,r,d]},s.n=function(e){var a=e&&e.__esModule?function(){return e.default}:function(){return e};return s.d(a,{a:a}),a},o=Object.getPrototypeOf?function(e){return Object.getPrototypeOf(e)}:function(e){return e.__proto__},s.t=function(e,r){if(1&r&&(e=this(e)),8&r)return e;if("object"==typeof e&&e){if(4&r&&e.__esModule)return e;if(16&r&&"function"==typeof e.then)return e}var d=Object.create(null);s.r(d);var c={};a=a||[null,o({}),o([]),o(o)];for(var i=2&r&&e;"object"==typeof i&&!~a.indexOf(i);i=o(i))Object.getOwnPropertyNames(i).forEach((function(a){c[a]=function(){return e[a]}}));return c.default=function(){return e},s.d(d,c),d},s.d=function(e,a){for(var o in a)s.o(a,o)&&!s.o(e,o)&&Object.defineProperty(e,o,{enumerable:!0,get:a[o]})},s.f={},s.e=function(e){return Promise.all(Object.keys(s.f).reduce((function(a,o){return s.f[o](e,a),a}),[]))},s.u=function(e){return{23:"blossom-region_meso-collapsible-group",115:"flexComponents~SimpleContainer",158:"shared-ui-trips-save-item",160:"d3",167:"blossom-FlexPage",195:"node_modules~uitk-react-button",300:"shared-ui-retail-loyalty-one-key-banner",347:"shared-ui-lodging-form",355:"shared-ui-retail-multi-item-installment-plan",372:"shared-ui-retail-product-headline",413:"flexComponents~EditorialBanner",440:"shared-ui-retail-lodging-offers-vip-fragments",445:"blossom-region_native-ad-container",519:"blossom-mock-component",544:"blossom-region_full-background-container",547:"brand-10112011210110010597",597:"shared-ui-retail-product-review-details",609:"blossom-credit-card-awareness-placement",656:"blossom-deals",673:"blossom-recent-activities-module",830:"shared-ui-retail-shopping-tools-action-providers",855:"shared-ui-lodging-property-details",926:"app-shared",954:"node_modules~uitk-react-text",1010:"blossom-region_meso-ad-group",1038:"blossom-user-geo-location",1154:"blossom-merch-campaigns",1156:"blossom-one-key-onboarding",1201:"blossom-section-grid",1299:"node_modules~uitk-react-experimental-button-tabs",1311:"blossom-recent-searches",1340:"shared-ui-global-navigation-footer",1442:"brand-104111116119105114101",1451:"blossom-consent-management-legal-landing",1572:"blossom-packages-search-form",1656:"blossom-activity-search-form",1689:"shared-ui-retail-loyalty-one-key-onboarding",1759:"flexComponents~ResponsiveToggleContainer",1795:"flexComponents~Links",1828:"blossom-featured-brand-carousel",1921:"shared~Dates",1940:"shared-ui-retail-credit-card-account-placement",1966:"blossom-trips-album-carousel",1987:"blossom-region_nts-flex-item",2011:"blossom-region_view-with-background",2096:"blossom-section",2191:"blossom-property-types-carousel",2194:"shared-ui-customer-notification-center",2252:"egds-tokens-runtime",2276:"shared-ui-retail-affiliates-stripe",2362:"shared-ui-customer-virtual-agent-control",2365:"brand-999711411410111011697108115",2405:"blossom-region_storefront-wizard-comet",2422:"uitk",2449:"shared-ui-retail-product-amenities",2512:"blossom-region_affinity-container",2769:"shared-ui-flights-fare-calendar",2851:"utility~analytics",2892:"blossom-value-proposition-banner",2897:"blossom-region_mobile-confidence-messages-carousel",2928:"shared~StorefrontWizard",2960:"blossom-SearchFormWithBackgroundImage",2969:"blossom-region_call-to-action-group",2992:"flexComponents~CTACarouselRegion",2995:"node_modules~uitk-react-map",3018:"shared-ui-retail-destination-content-fragments",3032:"blossom-separator",3083:"blossom-region_filter-point-of-sale",3084:"brand-109114106101116",3167:"blossom-destination-recommendation",3176:"node_modules~uitk-react-sheet",3201:"shared-ui-multi-item-operations-providers",3211:"shared-ui",3248:"utility~Mojo",3266:"blossom-retail-recommendation-personalized-module",3274:"blossom-editorial-text",3303:"brand-10198111111107101114115",3439:"shared-ui-pricing-price-details",3507:"node_modules~uitk-react-layout-flex",3556:"shared-ui-retail-incentives-collections",3579:"shared-ui-retail-one-graph-video-experience-carousel",3615:"global-components",3630:"graphql",3711:"shared~Location",3721:"shared-ui-pricing-price-summary",3728:"shared-ui-lodging-reviews",3787:"blossom-managed-banner-wrapper",3797:"blossom-personalized-offers-recommendation",3830:"brand-10897115116109105110117116101",3846:"blossom-one-key-banner",3863:"shared-ui-retail-recent-activities",3881:"shared-ui-retail-activities-cross-sell-offers",3903:"shared~PriceLockup",3934:"blossom-wizard-package-pwa",3958:"blossom-region_storefront-wizard",3970:"shared~TravelersField",4011:"blossom-reviews-carousel-component",4142:"blossom-wizard-flight-pwa",4190:"shared-ui-retail-product-gallery",4279:"shared-ui-global-navigation-member-wallet",4368:"shared-ui-retail-trips-providers",4394:"node_modules~uitk-react-utils",4467:"blossom-hotwire-affiliate-toast",4501:"shared-ui-retail-shopping-tools-egds-price-calendar",4517:"blossom-region_view-port-container",4717:"blossom-hotwire-deals",4723:"blossom-page-heading_wizard",4788:"blossom-ad",4798:"blossom-editorial",4832:"shared-ui-retail-recommendation-module",4884:"blossom-editorial_banner-hero",4984:"blossom-click-to-claim-toast",4997:"eg-maps",5078:"shared~Merchandising",5086:"blossom-region_hidden",5132:"shared-ui-retail-managed-banner",5162:"shared-ui-global-navigation-header",5253:"blossom-region_EGDSThemeContainer",5254:"shared-ui-retail-destination-content-destination-guide",5433:"shared-ui-retail-affiliates-creator-shops",5442:"blossom-partner-gallery",5456:"brand-119111116105102",5496:"shared-ui-lodging-fragments",5497:"utility~usePrefetchAssets.ts",5551:"blossom-insurtech-product-collection",5616:"shared-ui-retail-dynamic-map",5716:"blossom-finish-your-booking",5770:"node_modules~uitk-react-layout-grid",5777:"blossom-flight-search-form",5843:"blossom-hotwire-marketing-banner",5847:"shared-ui-retail-insurtech-priming-card",5857:"blossom-price-insights-tracking-card",5902:"blossom-mojo",5945:"blossom-region_native-tile-showcase",5998:"shared-ui-retail-lodging-property-activities-cross-sell",6003:"blossom-region_mojo-playground",6072:"brand-11111498105116122",6135:"blossom-retail-recommendation-module",6175:"blossom-collection-lodging-carousel",6196:"blossom-mad-marquee",6232:"blossom-multi-product-search-form",6325:"shared-ui-retail-price-insights",6470:"shared-ui-lodging-property-offers",6494:"shared-ui-retail-insurtech-product-collection",6536:"shared-ui-local-expert-activities",6557:"blossom-region_centralized-wizard",6576:"egds",6634:"shared-ui-retail-personalized-module-list",6718:"blossom-region_auth-container",6753:"blossom-layout",6770:"blossom-region_wizard-hotwire",6817:"flexComponents~WizardFlightPWA",6845:"blossom-region_marquee-ad-region",6850:"blossom-call-to-action",6872:"utility~useOptimizeLodgingSearchLoadTimeExperiment.ts",6885:"shared-ui-sponsored-content-partner-gallery",6962:"blossom-region_destination-hero-card",6993:"blossom-region_destination-sidebar",7152:"shared-ui-retail-recommendations-featured-brand-carousel",7246:"blossom-editorial-image",7265:"brand-1161149711810110811199105116121",7279:"blossom-region_spacing-container",7292:"blossom-customer-notifications",7372:"blossom-link-juice",7487:"flexComponents~Editorial",7530:"blossom-cruise-search-form",7620:"shared-ui-retail-product-rating-summary",7660:"blossom-virtual-agent-control",7739:"blossom-car-search-form",7797:"shared~LocationField",7800:"shared-ui-shopping-search-criteria-providers",7811:"brand-11811498111",7911:"blossom-page-heading",7914:"blossom-collection-packages-carousel",7969:"SeoUtils",7984:"blossom-link-list",8034:"blossom-search-form-with-heading",8047:"shared-ui-retail-product-location-section",8055:"blossom-MockLandingPage",8075:"blossom-editorial-page-heading",8105:"shared-ui-retail-places-place-details",8110:"shared-ui-retail-search-tools-product",8144:"shared~StackedSticky",8170:"shared-ui-retail-sponsored-content-transparency",8187:"shared-ui-retail-product-random-access-one",8239:"blossom-affiliates-travel-shops-carousel",8324:"blossom-wizard-lx-pwa",8326:"bernie",8404:"shared-ui-travel-content-editorial",8418:"lcp-resolvers",8487:"shared-ui-customer-notifications",8490:"blossom-links_card-carousel",8665:"blossom-lodging-search-form",8688:"shared-ui-retail-customer-direct-feedback",8695:"shared-ui-retail-identity-google-one-tap",8725:"blossom-region_lazy-load",8775:"blossom-lodging-search-hero",8841:"blossom-wizard-hotel-pwa-v2",8855:"brand-104111116101108115",8905:"brand-991041019711211610599107101116115",8934:"blossom-destination-hero",9005:"blossom-HeroBanner",9019:"node_modules~uitk-react-icons",9040:"blossom-collection-flights-carousel",9093:"shared-ui-retail-communication-center-preview-menu",9114:"core",9156:"blossom-price-insights",9192:"blossom-activity-recommendation",9354:"blossom-experience-card",9406:"blossom-region_toggle",9410:"blossom-tab-group",9440:"eg-distances",9459:"shared-ui-lodging-property-search",9488:"shared~BlossomImage",9501:"blossom-single-card-marquee",9543:"shared-ui-global-navigation-picker",9554:"shared-ui-retail-sponsored-content-marquee-cards",9563:"shared-ui-retail-recommendations-list",9657:"RedirectBanner",9660:"blossom-wizard-car-pwa",9673:"shared-ui-retail-loyalty-account-summary",9695:"flexComponents~WizardCarPWA",9713:"flexComponents~ToggleContainer",9858:"blossom-FlexDashboard",9979:"app-store-wizard-config",9997:"blossom-featured-suppliers"}[e]+"."+{23:"675a2469d3ef7e0203e8",115:"a0726048b311e0b2af70",158:"6eddc523db76f4453217",160:"c13318826aaedf787052",167:"8681551b88e410b85dba",195:"39d536c856a10a3ab9ea",300:"6eebe7d3d75433f8f21c",347:"45774caf0e8ceb69e9a1",355:"ff82f076f76d5e4fb47e",372:"609144ade67452191d47",413:"6da3207aaad121e7106c",440:"5fe9e383461f4ef7e6a4",445:"7c0d8860109691436f41",519:"a201c9a6b5816c0edfb4",544:"250d30004e96b900f7b0",547:"96d714a31ff744ec9b5c",597:"1ade58080cc9d833176c",609:"7f2bef6b9651bcfc9fe5",656:"82c6ca24439d5c47a4ec",673:"7d377590112fafbd7f18",830:"12a0ef6f83b5dd92ea66",855:"f36a14258e15e995726a",926:"1f144754345448785d0f",954:"0bdaae12a1735fdc5c98",1010:"a794e94acaf38753045f",1038:"9fae2693eab235900983",1154:"0d588dfc4d9dc83f0623",1156:"8bcd4f5bdbdc0fc00ad3",1201:"eb4c7514be385de36977",1299:"6c1b592cecb3d5b46ca2",1311:"9d645087a14fa56dbec7",1340:"eab169408182635ebeff",1442:"7204248b8765b46364ba",1451:"89136006b6e8525948b2",1572:"d4740fa0e0c1ef76b63e",1656:"db3c3f3f9b9384ec74cb",1689:"8f64c2284cbaa429cccd",1759:"97a4799473f1b9ac9246",1795:"73b70aa63cfb601b0839",1828:"abf7a0f644ccfd7849fd",1921:"89931c66181fff53ac78",1940:"f5e654bd3b24e661a86a",1966:"9ec8c0b566d601baa833",1987:"0ef062eddfd9aeb9f434",2011:"8bde5843a4cbfd497c72",2096:"3dbd483c527e12614786",2191:"89f5165bf144c7e6ee6a",2194:"57eda15197d45e842aa9",2252:"018096f2f0c80e561320",2276:"a5f0fcd74ab5233df67f",2362:"f623654399e8b712b0bb",2365:"fb5d9ea3e735cf828289",2405:"cf1a0bf49a35139cfb4b",2422:"401c82d2d3a469eac123",2449:"cc2d0fc040743a004740",2512:"4610f493a504e81e20cb",2769:"530f7090b68bf3c5097a",2851:"e6a6c006c045ac7cea58",2892:"ef2656c6d7917a8e0f9c",2897:"8345c6f88ad429347f30",2928:"7dcbe7c3de9817b069df",2960:"f0000fb0a7bcaf34c049",2969:"0467807b6abf6bcd78ac",2992:"f9d15c3f43ecc8964c6f",2995:"780049b4cb5b08bf626c",3018:"0fb4dae1981b529f1e50",3032:"7739556e5657efb9e91f",3083:"4685bd88c35d1f4bd7a4",3084:"eaf1a9f73a5c2894afad",3167:"23ec67590e2dc8c74b35",3176:"4304c544464a09d5049c",3201:"7883f8f757d1a2201d9c",3211:"faef64cbabb257177c65",3248:"b99f317de85c8f81bf12",3266:"f58cf4f7441b1096afe0",3274:"49d8f916aa9d372d64ea",3303:"c381ea87c02be74cc9ca",3439:"9aca5a44e9270b73ccd5",3507:"7c3623cb881a5d50da0d",3556:"9d527a992281ae44be20",3579:"9fa0c0cbf08f9e8faa11",3615:"54514dc6bc5aa1cb8c98",3630:"ab3fa10322bd5a0afa6b",3711:"e0f2a0085ef12aae1837",3721:"d973f0fdbfdea57ee5d4",3728:"60224c009c8ca25561b2",3787:"cf0dd0269cd0bc02f10e",3797:"dca9af4ff808c10e6828",3830:"d325a06b5ddbe2eba2b2",3846:"d43c74a170edfafcef87",3863:"80a7f6dd0bcaa3081a9c",3881:"4bde39002d61d795868e",3903:"3dd4679eaac976e55594",3934:"d26b2715ed1197fd1b9e",3958:"888cf7cf1cfefbfd8ae1",3970:"f35772baee9598abfe6f",4011:"cbd06315f4f053d085fd",4142:"26fb1caaf13a52068280",4190:"2c9c3ea488e35d701763",4279:"33ca4c57c7705cbf03be",4368:"9b6a269994f201b76f1b",4394:"8e17693aee9be70165a8",4467:"397e79c6c688e1e3c90e",4501:"55fd7844404f1a8f6673",4517:"ffc9a91ee4bf21241d65",4717:"d7ae7b78d86b01c63c67",4723:"4918c251cfe7660d1246",4788:"83178ce7ebef453497c8",4798:"d5b78487787468aac011",4832:"f0f8d9b0c62d984ecd49",4884:"c4fa2c11eb65d545aa69",4984:"49fd9474c8c0e0be079c",4997:"a535616cbfeb6a078def",5078:"ab38f237136d67942ecf",5086:"70377c693a27438be84e",5132:"907b699901b6dfcb86a5",5162:"7981d2449760d666d865",5253:"6f7535e3dfe0e37d91da",5254:"f41197c4dfd918fa00a7",5433:"ef8ec7e6a54db7b0669c",5442:"d896671e0034f7013045",5456:"5f75748dda2285b126c9",5496:"57a284c6c8223280bbac",5497:"fe87b66c8f8903cde003",5551:"eb147a83d94425cc0df1",5616:"2904924d452955499a8a",5716:"7125a6fa36b15c38264c",5770:"e326914c5a807744b665",5777:"1b7632d7a68c4f53665f",5843:"ea1b7523727cf66c6bc3",5847:"762ea344b65c8f6e8e9a",5857:"812f97185e81d3caaefb",5902:"64a56f74467cc4f45718",5945:"0f2f4e2033ed658f7f25",5998:"250b7253ba07031bddc5",6003:"7be78be1a7bcdc8aa1be",6072:"ebaab67cb9c53cd9f2b1",6135:"22ca038b57fe12cb2691",6175:"26956a17bf2264e7034b",6196:"53360b481559dcb6a7dd",6232:"fbfc39b760d8ebe0b365",6325:"db2d2898e7ed42405fc0",6470:"a96dd2ac9a07d689145f",6494:"4873f8a42835afc6ca79",6536:"47fbffb8a1b1c97de734",6557:"98c81d7ff883bf87ed06",6576:"67d950972294e49512bc",6634:"1bd40c311cbfb6ef5aba",6718:"750f40e157324fbe6ff6",6753:"0605217c09430d36b404",6770:"21cd12ca0c865b299688",6817:"918cab884153e19c8629",6845:"b8ca6151e2a3702ddf8d",6850:"3c85f67cde9ebc04e660",6872:"15f31d87924f082a7fb0",6885:"833b6e7d816b03ff0ab5",6962:"c0d4222af1fe61a1c402",6993:"e8e703e18d44250c34ed",7152:"7320c395fee0930dfe52",7246:"a67b232367e2a75460b6",7265:"b155abbe3dbbbd9113b0",7279:"f7e68feae0ff75a824a1",7292:"896c9214a9ca06f05181",7372:"e32e45f949a6148684bf",7487:"063533a0b7237a3ba669",7530:"3e6b0afa960d63212193",7620:"ca131bb6f6ecc2c81cf1",7660:"eb765ca2321df47835e8",7739:"cad90965d46484db71c5",7797:"e365909dbf0b39d1677b",7800:"ad5036a3039b30e34d64",7811:"7ecf215861816b33640f",7911:"006e17d3c7d5c39aeef6",7914:"ec3665d167cf3c17f15b",7969:"d9d4577032e13b7cef10",7984:"db7cdd8e5f611087e0b0",8034:"f7308a7b29db29f25c28",8047:"1cfc21113132ab149ddc",8055:"9dce5f9c78bd31375427",8075:"2ce88c995a28a0578f3b",8105:"c2c23fbec9fa7090b2cf",8110:"6ae70279438a69f87824",8144:"cf40523a5c13b8eed884",8170:"9e3d9044fba8eda25d96",8187:"2ba4b95cba704f64a129",8239:"2fc2ef0d23f71b71caf4",8324:"58e2c049e6851e42e393",8326:"5055df339be63b50436b",8404:"b3d87b1e9027ab0ef310",8418:"f1226e4345af6646ce77",8487:"44f4cc1488b4e7645f34",8490:"bdc867a0ae57608996a6",8665:"6417107a29a8ffcb5759",8688:"89f8a3b16c6001d64825",8695:"9bd2ef2952e585e648e4",8725:"db45a28e9f8760fd47fd",8775:"c208df283cedcde1e59e",8841:"497e35397b70f928b6d1",8855:"1434b6c38016a69c32a8",8905:"cc16f158a6d4b0b3ced2",8934:"f0f9cdcfb948b346cf3f",9005:"8ca7f2e55c414101d1a9",9019:"b093c2ec904a5cee0796",9040:"a3d029b2e15df05f93e4",9093:"487cecc28a8a131964cf",9114:"ae3e957b5e5b8cbe4fde",9156:"61ac3f4fb97c76c0a3c3",9192:"47a946aeb491f2486447",9354:"0aeff8f5cb58bdfce257",9406:"eda83b37428dd2e22c18",9410:"8975ab3444721a3db9f7",9440:"269bd89794ee8c7edf64",9459:"97386e4f9b34b25e9653",9488:"fd33e6f0035a50f66809",9501:"1c181330a10ef021fa44",9543:"0e8c463e0cc6851b66cf",9554:"1f3613f1214e01440270",9563:"be6740044d9378fdf8ac",9657:"a00ba92bf87149ff6292",9660:"9cf97125cabdfbaa7d84",9673:"475404deb148b732bbb7",9695:"da50cd90bde259d47edb",9713:"652560f1e473d98c34c3",9858:"6bd57098df4fa012a0f1",9979:"535c5058726ebd135aaa",9997:"cf062bff093cccc39638"}[e]+".js"},s.g=function(){if("object"==typeof globalThis)return globalThis;try{return this||new Function("return this")()}catch(e){if("object"==typeof window)return window}}(),s.o=function(e,a){return Object.prototype.hasOwnProperty.call(e,a)},r={},d="lotus-home-ui:",s.l=function(e,a,o,c){if(r[e])r[e].push(a);else{var i,t;if(void 0!==o)for(var n=document.getElementsByTagName("script"),b=0;b<n.length;b++){var f=n[b];if(f.getAttribute("src")==e||f.getAttribute("data-webpack")==d+o){i=f;break}}i||(t=!0,(i=document.createElement("script")).charset="utf-8",i.timeout=120,s.nc&&i.setAttribute("nonce",s.nc),i.setAttribute("data-webpack",d+o),i.src=e),r[e]=[a];var l=function(a,o){i.onerror=i.onload=null,clearTimeout(u);var d=r[e];if(delete r[e],i.parentNode&&i.parentNode.removeChild(i),d&&d.forEach((function(e){return e(o)})),a)return a(o)},u=setTimeout(l.bind(null,void 0,{type:"timeout",target:i}),12e4);i.onerror=l.bind(null,i.onerror),i.onload=l.bind(null,i.onload),t&&document.head.appendChild(i)}},s.r=function(e){"undefined"!=typeof Symbol&&Symbol.toStringTag&&Object.defineProperty(e,Symbol.toStringTag,{value:"Module"}),Object.defineProperty(e,"__esModule",{value:!0})},s.nmd=function(e){return e.paths=[],e.children||(e.children=[]),e},s.p="",function(){var e={2216:0};s.f.j=function(a,o){var r=s.o(e,a)?e[a]:void 0;if(0!==r)if(r)o.push(r[2]);else if(2216!=a){var d=new Promise((function(o,d){r=e[a]=[o,d]}));o.push(r[2]=d);var c=s.p+s.u(a),i=new Error;s.l(c,(function(o){if(s.o(e,a)&&(0!==(r=e[a])&&(e[a]=void 0),r)){var d=o&&("load"===o.type?"missing":o.type),c=o&&o.target&&o.target.src;i.message="Loading chunk "+a+" failed.\n("+d+": "+c+")",i.name="ChunkLoadError",i.type=d,i.request=c,r[1](i)}}),"chunk-"+a,a)}else e[a]=0},s.O.j=function(a){return 0===e[a]};var a=function(a,o){var r,d,c=o[0],i=o[1],t=o[2],n=0;if(c.some((function(a){return 0!==e[a]}))){for(r in i)s.o(i,r)&&(s.m[r]=i[r]);if(t)var b=t(s)}for(a&&a(o);n<c.length;n++)d=c[n],s.o(e,d)&&e[d]&&e[d][0](),e[d]=0;return s.O(b)},o=self.__LOADABLE_LOADED_CHUNKS__=self.__LOADABLE_LOADED_CHUNKS__||[];o.forEach(a.bind(null,0)),o.push=a.bind(null,o.push.bind(o))}()}();
//# https://bernie-assets.s3.us-west-2.amazonaws.com/lotus-home-ui/webpack-runtime.nosw.0bc29fabfd1bea7dc274.js
/*@license For license information please refer to required-inline.nosw.licenses.txt*/
(self.__LOADABLE_LOADED_CHUNKS__=self.__LOADABLE_LOADED_CHUNKS__||[]).push([[5275],{67664:function(e,t,n){Object.defineProperty(t,"__esModule",{value:!0}),t.BERNIE_CLIENT_EVENTS=void 0;var r=n(2619);t.BERNIE_CLIENT_EVENTS={ANALYTICS_ENTRY:new r.SystemEvent(r.SystemEventLevel.INFO,"ANALYTICS_ENTRY"),APP_HYDRATION_START:new r.SystemEvent(r.SystemEventLevel.INFO,"APP_HYDRATION_START"),APP_HYDRATION_COMPLETE:new r.SystemEvent(r.SystemEventLevel.INFO,"APP_HYDRATION_COMPLETE"),COMPONENT_LOAD_ROUTE_ERROR:new r.SystemEvent(r.SystemEventLevel.CRITICAL,"COMPONENT_LOAD_ROUTE_ERROR"),WINDOW_ON_ERROR:new r.SystemEvent(r.SystemEventLevel.ERROR,"WINDOW_ON_ERROR"),CONTROLLER_FETCH_ERROR:new r.SystemEvent(r.SystemEventLevel.ERROR,"CONTROLLER_FETCH_ERROR"),CONTROLLER_DEACTIVATE_ERROR:new r.SystemEvent(r.SystemEventLevel.WARN,"CONTROLLER_DEACTIVATE_ERROR"),LOCATION_REACTOR_CALLBACK_ERROR:new r.SystemEvent(r.SystemEventLevel.WARN,"LOCATION_REACTOR_CALLBACK_ERROR"),CATALOGED_DATA_CAPTURE_ERROR:new r.SystemEvent(r.SystemEventLevel.WARN,"CATALOGED_DATA_CAPTURE_ERROR"),SERVICE_WORKER_REGISTRATION_ERROR:new r.SystemEvent(r.SystemEventLevel.WARN,"SERVICE_WORKER_REGISTRATION_ERROR"),SERVICE_WORKER_REGISTRATION_SUCCESS:new r.SystemEvent(r.SystemEventLevel.INFO,"SERVICE_WORKER_REGISTRATION_SUCCESS"),SERVICE_WORKER_UNREGISTER_ERROR:new r.SystemEvent(r.SystemEventLevel.WARN,"SERVICE_WORKER_UNREGISTER_ERROR"),SERVICE_WORKER_UNREGISTER_SUCCESS:new r.SystemEvent(r.SystemEventLevel.INFO,"SERVICE_WORKER_UNREGISTER_SUCCESS")}},26490:function(e,t,n){Object.defineProperty(t,"__esModule",{value:!0}),t.ClientLogger=void 0;var r,o=n(17038),i=n(57373),a=n(53706),c=n(67664),u=function(){function e(t){this.logFormat=o.LogFormat.STRING,this.identifier=t.length>e.MIN_IDENTIFIER_LENGTH?t:""}return e.setGlobalData=function(e,t){e&&null!=t&&(a.__globalData[e]=t)},e.getGlobalData=function(e){return a.__globalData[e]},e.setClientLoggingInstance=function(e){r=e},e.getLoggerWithIdentifier=function(t){return new e(t)},e.prototype.performance=function(){for(var e=[],t=0;t<arguments.length;t++)e[t]=arguments[t];if(!0===a.__globalData.logEvents&&r&&e.length>0){var n=1===e.length?e[0]:e;r.logTrxEvent(this.identifier,n)}},e.prototype.logEvent=function(e){for(var t=[],n=1;n<arguments.length;n++)t[n-1]=arguments[n];if(r&&e){var o={label:this.identifier,systemEvent:e},i=t&&1===t.length?t[0]:t;r.logMessage(o,i)}},e.MIN_IDENTIFIER_LENGTH=2,e}();t.ClientLogger=u,r=new i.ClientLogging,window.onerror=function(e,t,n,o,i){r.logErrorDetails({systemEvent:c.BERNIE_CLIENT_EVENTS.WINDOW_ON_ERROR,label:"windowOnError",message:e.toString(),url:t,line:n,col:o,error:i})}},57373:function(e,t,n){Object.defineProperty(t,"__esModule",{value:!0}),t.ClientLogging=void 0;var r=n(15215),o=n(53706),i=function(){function e(){this._messageBeaconUrl="/cl/2x2.json",this._perfBeaconUrl="/cl/1x1.json",this._startTime=Date.now(),this._href=e.cleanString(window.location.href||"")}return e.prototype.logTrxEvent=function(e,t){if(void 0===e&&(e=""),!0===o.__globalData.logEvents){var n={};e&&(n.label=e,n["".concat(e,"_elapsedTime")]=Date.now()-this._startTime),t&&(("string"==typeof t||t instanceof Array)&&(t={message:t.toString()}),Object.keys(t).length>0&&this.sendPerfBeacon(r.__assign(r.__assign(r.__assign({},t),o.__globalData),n)))}},e.prototype.logMessage=function(t,n){if(n&&("string"==typeof n?n={message:n}:n instanceof Array?n={message:n.map((function(e){return"string"!=typeof e?JSON.stringify(e):e})).toString()}:n instanceof Error&&(n={message:n.message}),Object.keys(n).length>0)){var i={systemEvent:t.systemEvent.toString(),label:t.label,url:'"'.concat(e.cleanString(window.location.href||""),'"')};this.sendMessageBeacon(r.__assign(r.__assign(r.__assign({},n),o.__globalData),i))}},e.prototype.logErrorDetails=function(t){var n,r=t.error,o=t.message,i=t.url,a=t.line,c=t.col;r&&r instanceof Error||(r={}),this.logMessage(t,{onErrorMsg:'"'.concat(e.cleanString(o||r.message||r.name||""),'"'),onErrorUrl:i||this._href,onErrorLine:a?String(a):"",onErrorCol:c?String(c):"",onErrorStack:'"'.concat(e.cleanString(r.stack),'"'),clientWidth:(null===(n=document.documentElement)||void 0===n?void 0:n.clientWidth)||0,severity:r.severity||"unclassified",descriptor:r.descriptor||"",errorCatalogRef:r.errorCatalogRef||""})},e.getISODateString=function(e){return e.toISOString?e.toISOString():"".concat(e.getUTCFullYear().toString(),"-").concat(e.getUTCMonth()+1,"-").concat(e.getUTCDate(),"T").concat(e.getUTCHours(),":").concat(e.getUTCMinutes(),":").concat(e.getUTCSeconds())},e.getPageName=function(){var e=window&&window.__PLUGIN_STATE__||{},t=Object.values(e).reduce((function(e,t){return Object.assign(e,t)}),{}).pageDataContext;return(null==t?void 0:t.pageName)||(null==t?void 0:t.appName)||"page.undefined"},e.prototype.sendMessageBeacon=function(e){this.sendBeacon("logErrors",this._messageBeaconUrl,e)},e.prototype.sendPerfBeacon=function(e){this.sendBeacon("logTrxEvent",this._perfBeaconUrl,e)},e.prototype.sendBeacon=function(t,n,o){navigator&&navigator.sendBeacon&&o&&Object.keys(o).length>0&&navigator.sendBeacon(n,JSON.stringify(r.__assign({action:t,logTime:e.getISODateString(new Date),pageName:e.getPageName()},o)))},e.cleanString=function(e){return"string"==typeof e?e.replace(/'/gi,"`").replace(/(\v\r\n\t)/gi," ").replace(/(\s)+/gi," "):""},e}();t.ClientLogging=i},53706:function(e,t){Object.defineProperty(t,"__esModule",{value:!0}),t.__globalData=void 0,t.__globalData={}},14824:function(e,t,n){Object.defineProperty(t,"__esModule",{value:!0}),t.ClientLogger=void 0;var r=n(26490);Object.defineProperty(t,"ClientLogger",{enumerable:!0,get:function(){return r.ClientLogger}})},58651:function(e,t,n){Object.defineProperty(t,"__esModule",{value:!0}),t.logPerformanceMarkers=void 0;var r=n(67664);t.logPerformanceMarkers=function(e,t,n,o){try{if(e.message="page loaded",o&&(e.pageUsable=o),window.performance&&window.performance.timing){if(window.performance.timing.toJSON)n=window.performance.timing.toJSON();else{var i=window.performance.timing;for(var a in i)"number"==typeof i[a]&&(n[a]=i[a])}n.responseStart&&n.fetchStart&&(e.ttfb=n.responseStart-n.fetchStart),n.domainLookupEnd&&n.domainLookupStart&&(e.dns=n.domainLookupEnd-n.domainLookupStart),n.connectEnd&&n.connectStart&&(e.tcp=n.connectEnd-n.connectStart)}t.performance(e)}catch(c){t.logEvent(r.BERNIE_CLIENT_EVENTS.CATALOGED_DATA_CAPTURE_ERROR,c)}}},99e3:function(e,t){Object.defineProperty(t,"__esModule",{value:!0}),t.getErrorString=void 0;t.getErrorString=function(e){return"Error(name=".concat(e.name,", message=").concat(e.message,", stack=").concat(e.stack,")")}},17038:function(e,t,n){Object.defineProperty(t,"__esModule",{value:!0});var r=n(15215);r.__exportStar(n(54028),t),r.__exportStar(n(54028),t),r.__exportStar(n(68471),t),r.__exportStar(n(99e3),t)},68471:function(e,t){Object.defineProperty(t,"__esModule",{value:!0})},54028:function(e,t){var n;Object.defineProperty(t,"__esModule",{value:!0}),t.NOOP_LOGGER=t.LogFormat=void 0,function(e){e.STRING="string",e.JSON="json"}(n||(t.LogFormat=n={})),t.NOOP_LOGGER={logFormat:n.STRING,logEvent:function(e){for(var t=[],n=1;n<arguments.length;n++)t[n-1]=arguments[n]}}},2619:function(e,t,n){n.r(t),n.d(t,{LoggerProvider:function(){return p},SystemEvent:function(){return i},SystemEventLevel:function(){return r},useLogger:function(){return d},useLoggerEvents:function(){return m}});var r,o=n(96540);!function(e){e.CRITICAL="CRITICAL",e.ERROR="ERROR",e.WARN="WARN",e.INFO="INFO",e.UNKNOWN="UNKNOWN",e.DEBUG="DEBUG"}(r||(r={}));var i=function(){function e(e,t){this.level=e,this.name=t}return e.prototype.toString=function(){return"SystemEvent(level=".concat(this.level.toString()," name=").concat(this.name,")")},e}(),a=function(e,t){var n="function"==typeof Symbol&&e[Symbol.iterator];if(!n)return e;var r,o,i=n.call(e),a=[];try{for(;(void 0===t||t-- >0)&&!(r=i.next()).done;)a.push(r.value)}catch(c){o={error:c}}finally{try{r&&!r.done&&(n=i.return)&&n.call(i)}finally{if(o)throw o.error}}return a},c=function(e,t,n){if(n||2===arguments.length)for(var r,o=0,i=t.length;o<i;o++)!r&&o in t||(r||(r=Array.prototype.slice.call(t,0,o)),r[o]=t[o]);return e.concat(r||Array.prototype.slice.call(t))},u=function(e){var t=this;this.event=e.event||function(){};var n=function(e,n){for(var r=[],o=2;o<arguments.length;o++)r[o-2]=arguments[o];t.event&&t.event.apply(t,c([new i(e,n)],a(r),!1))};this.info=e.info||function(e){for(var t=[],o=1;o<arguments.length;o++)t[o-1]=arguments[o];return n.apply(void 0,c([r.INFO,e],a(t),!1))},this.warning=e.warning||function(e){for(var t=[],o=1;o<arguments.length;o++)t[o-1]=arguments[o];return n.apply(void 0,c([r.WARN,e],a(t),!1))},this.error=e.error||function(e){for(var t=[],o=1;o<arguments.length;o++)t[o-1]=arguments[o];return n.apply(void 0,c([r.ERROR,e],a(t),!1))},this.debug=e.debug||function(e){for(var t=[],o=1;o<arguments.length;o++)t[o-1]=arguments[o];return n.apply(void 0,c([r.DEBUG,e],a(t),!1))}},s=function(){return s=Object.assign||function(e){for(var t,n=1,r=arguments.length;n<r;n++)for(var o in t=arguments[n])Object.prototype.hasOwnProperty.call(t,o)&&(e[o]=t[o]);return e},s.apply(this,arguments)},f=new u({}),l=o.createContext(f),p=function(e){var t=e.logger,n=e.children,r=t?new u(t):f;return o.createElement(l.Provider,{value:r},n||null)};p.displayName="LoggerProvider";var d=function(){return o.useContext(l)};function m(e){var t=o.useContext(l);return Object.keys(e).reduce((function(n,r){var o;return s(s({},n),((o={})[r]={log:function(n){return void 0===n&&(n={}),t.event(e[r],{payload:n})}},o))}),{})}},45228:function(e){var t=Object.getOwnPropertySymbols,n=Object.prototype.hasOwnProperty,r=Object.prototype.propertyIsEnumerable;e.exports=function(){try{if(!Object.assign)return!1;var e=new String("abc");if(e[5]="de","5"===Object.getOwnPropertyNames(e)[0])return!1;for(var t={},n=0;n<10;n++)t["_"+String.fromCharCode(n)]=n;if("0123456789"!==Object.getOwnPropertyNames(t).map((function(e){return t[e]})).join(""))return!1;var r={};return"abcdefghijklmnopqrst".split("").forEach((function(e){r[e]=e})),"abcdefghijklmnopqrst"===Object.keys(Object.assign({},r)).join("")}catch(o){return!1}}()?Object.assign:function(e,o){for(var i,a,c=function(e){if(null==e)throw new TypeError("Object.assign cannot be called with null or undefined");return Object(e)}(e),u=1;u<arguments.length;u++){for(var s in i=Object(arguments[u]))n.call(i,s)&&(c[s]=i[s]);if(t){a=t(i);for(var f=0;f<a.length;f++)r.call(i,a[f])&&(c[a[f]]=i[a[f]])}}return c}},15287:function(e,t,n){var r=n(45228),o=60103,i=60106;t.Fragment=60107,t.StrictMode=60108,t.Profiler=60114;var a=60109,c=60110,u=60112;t.Suspense=60113;var s=60115,f=60116;if("function"==typeof Symbol&&Symbol.for){var l=Symbol.for;o=l("react.element"),i=l("react.portal"),t.Fragment=l("react.fragment"),t.StrictMode=l("react.strict_mode"),t.Profiler=l("react.profiler"),a=l("react.provider"),c=l("react.context"),u=l("react.forward_ref"),t.Suspense=l("react.suspense"),s=l("react.memo"),f=l("react.lazy")}var p="function"==typeof Symbol&&Symbol.iterator;function d(e){for(var t="https://reactjs.org/docs/error-decoder.html?invariant="+e,n=1;n<arguments.length;n++)t+="&args[]="+encodeURIComponent(arguments[n]);return"Minified React error #"+e+"; visit "+t+" for the full message or use the non-minified dev environment for full errors and additional helpful warnings."}var m={isMounted:function(){return!1},enqueueForceUpdate:function(){},enqueueReplaceState:function(){},enqueueSetState:function(){}},v={};function g(e,t,n){this.props=e,this.context=t,this.refs=v,this.updater=n||m}function y(){}function h(e,t,n){this.props=e,this.context=t,this.refs=v,this.updater=n||m}g.prototype.isReactComponent={},g.prototype.setState=function(e,t){if("object"!=typeof e&&"function"!=typeof e&&null!=e)throw Error(d(85));this.updater.enqueueSetState(this,e,t,"setState")},g.prototype.forceUpdate=function(e){this.updater.enqueueForceUpdate(this,e,"forceUpdate")},y.prototype=g.prototype;var b=h.prototype=new y;b.constructor=h,r(b,g.prototype),b.isPureReactComponent=!0;var _={current:null},E=Object.prototype.hasOwnProperty,w={key:!0,ref:!0,__self:!0,__source:!0};function T(e,t,n){var r,i={},a=null,c=null;if(null!=t)for(r in void 0!==t.ref&&(c=t.ref),void 0!==t.key&&(a=""+t.key),t)E.call(t,r)&&!w.hasOwnProperty(r)&&(i[r]=t[r]);var u=arguments.length-2;if(1===u)i.children=n;else if(1<u){for(var s=Array(u),f=0;f<u;f++)s[f]=arguments[f+2];i.children=s}if(e&&e.defaultProps)for(r in u=e.defaultProps)void 0===i[r]&&(i[r]=u[r]);return{$$typeof:o,type:e,key:a,ref:c,props:i,_owner:_.current}}function S(e){return"object"==typeof e&&null!==e&&e.$$typeof===o}var O=/\/+/g;function P(e,t){return"object"==typeof e&&null!==e&&null!=e.key?function(e){var t={"=":"=0",":":"=2"};return"$"+e.replace(/[=:]/g,(function(e){return t[e]}))}(""+e.key):t.toString(36)}function R(e,t,n,r,a){var c=typeof e;"undefined"!==c&&"boolean"!==c||(e=null);var u=!1;if(null===e)u=!0;else switch(c){case"string":case"number":u=!0;break;case"object":switch(e.$$typeof){case o:case i:u=!0}}if(u)return a=a(u=e),e=""===r?"."+P(u,0):r,Array.isArray(a)?(n="",null!=e&&(n=e.replace(O,"$&/")+"/"),R(a,t,n,"",(function(e){return e}))):null!=a&&(S(a)&&(a=function(e,t){return{$$typeof:o,type:e.type,key:t,ref:e.ref,props:e.props,_owner:e._owner}}(a,n+(!a.key||u&&u.key===a.key?"":(""+a.key).replace(O,"$&/")+"/")+e)),t.push(a)),1;if(u=0,r=""===r?".":r+":",Array.isArray(e))for(var s=0;s<e.length;s++){var f=r+P(c=e[s],s);u+=R(c,t,n,f,a)}else if(f=function(e){return null===e||"object"!=typeof e?null:"function"==typeof(e=p&&e[p]||e["@@iterator"])?e:null}(e),"function"==typeof f)for(e=f.call(e),s=0;!(c=e.next()).done;)u+=R(c=c.value,t,n,f=r+P(c,s++),a);else if("object"===c)throw t=""+e,Error(d(31,"[object Object]"===t?"object with keys {"+Object.keys(e).join(", ")+"}":t));return u}function C(e,t,n){if(null==e)return e;var r=[],o=0;return R(e,r,"","",(function(e){return t.call(n,e,o++)})),r}function L(e){if(-1===e._status){var t=e._result;t=t(),e._status=0,e._result=t,t.then((function(t){0===e._status&&(t=t.default,e._status=1,e._result=t)}),(function(t){0===e._status&&(e._status=2,e._result=t)}))}if(1===e._status)return e._result;throw e._result}var N={current:null};function I(){var e=N.current;if(null===e)throw Error(d(321));return e}var k={ReactCurrentDispatcher:N,ReactCurrentBatchConfig:{transition:0},ReactCurrentOwner:_,IsSomeRendererActing:{current:!1},assign:r};t.Children={map:C,forEach:function(e,t,n){C(e,(function(){t.apply(this,arguments)}),n)},count:function(e){var t=0;return C(e,(function(){t++})),t},toArray:function(e){return C(e,(function(e){return e}))||[]},only:function(e){if(!S(e))throw Error(d(143));return e}},t.Component=g,t.PureComponent=h,t.__SECRET_INTERNALS_DO_NOT_USE_OR_YOU_WILL_BE_FIRED=k,t.cloneElement=function(e,t,n){if(null==e)throw Error(d(267,e));var i=r({},e.props),a=e.key,c=e.ref,u=e._owner;if(null!=t){if(void 0!==t.ref&&(c=t.ref,u=_.current),void 0!==t.key&&(a=""+t.key),e.type&&e.type.defaultProps)var s=e.type.defaultProps;for(f in t)E.call(t,f)&&!w.hasOwnProperty(f)&&(i[f]=void 0===t[f]&&void 0!==s?s[f]:t[f])}var f=arguments.length-2;if(1===f)i.children=n;else if(1<f){s=Array(f);for(var l=0;l<f;l++)s[l]=arguments[l+2];i.children=s}return{$$typeof:o,type:e.type,key:a,ref:c,props:i,_owner:u}},t.createContext=function(e,t){return void 0===t&&(t=null),(e={$$typeof:c,_calculateChangedBits:t,_currentValue:e,_currentValue2:e,_threadCount:0,Provider:null,Consumer:null}).Provider={$$typeof:a,_context:e},e.Consumer=e},t.createElement=T,t.createFactory=function(e){var t=T.bind(null,e);return t.type=e,t},t.createRef=function(){return{current:null}},t.forwardRef=function(e){return{$$typeof:u,render:e}},t.isValidElement=S,t.lazy=function(e){return{$$typeof:f,_payload:{_status:-1,_result:e},_init:L}},t.memo=function(e,t){return{$$typeof:s,type:e,compare:void 0===t?null:t}},t.useCallback=function(e,t){return I().useCallback(e,t)},t.useContext=function(e,t){return I().useContext(e,t)},t.useDebugValue=function(){},t.useEffect=function(e,t){return I().useEffect(e,t)},t.useImperativeHandle=function(e,t,n){return I().useImperativeHandle(e,t,n)},t.useLayoutEffect=function(e,t){return I().useLayoutEffect(e,t)},t.useMemo=function(e,t){return I().useMemo(e,t)},t.useReducer=function(e,t,n){return I().useReducer(e,t,n)},t.useRef=function(e){return I().useRef(e)},t.useState=function(e){return I().useState(e)},t.version="17.0.2"},96540:function(e,t,n){e.exports=n(15287)},97482:function(e){var t=this&&this.__values||function(e){var t="function"==typeof Symbol&&Symbol.iterator,n=t&&e[t],r=0;if(n)return n.call(e);if(e&&"number"==typeof e.length)return{next:function(){return e&&r>=e.length&&(e=void 0),{value:e&&e[r++],done:!e}}};throw new TypeError(t?"Object is not iterable.":"Symbol.iterator is not defined.")};e.exports=function(e){var t={};function n(r){if(t[r])return t[r].exports;var o=t[r]={i:r,l:!1,exports:{}};return e[r].call(o.exports,o,o.exports,n),o.l=!0,o.exports}return n.m=e,n.c=t,n.d=function(e,t,r){n.o(e,t)||Object.defineProperty(e,t,{configurable:!1,enumerable:!0,get:r})},n.n=function(e){var t=e&&e.__esModule?function(){return e.default}:function(){return e};return n.d(t,"a",t),t},n.o=function(e,t){return Object.prototype.hasOwnProperty.call(e,t)},n.p="",n(n.s=4)}([function(e,t){var n;n=function(){return this}();try{n=n||Function("return this")()||(0,eval)("this")}catch(r){n=window}e.exports=n},function(e,t,n){(function(t){var n=function(){var e=window.performance,n=((e||{}).timing||{}).navigationStart||r();function o(){return void 0===t.gaMarks&&(t.gaMarks=[]),t.gaMarks}function i(){return void 0===t.gaMeasures&&(t.gaMeasures=[]),t.gaMeasures}function a(){return"function"==typeof(window&&window.performance||{}).now?e.now():r()-n}function c(e){return u(s(),e)}function u(e,t){var n=e.filter((function(e){return e.name===t}));return n.length>0?n[0]:void 0}function s(){return"function"==typeof(e||{}).getEntriesByType?e.getEntriesByType("mark"):"function"==typeof(e||{}).webkitGetEntriesByType?e.webkitGetEntriesByType("mark"):o()}return{mark:function(t){"function"==typeof(e||{}).mark?e.mark(t):"function"==typeof(e||{}).webkitMark?e.webkitMark(t):o().push({name:t,entryType:"mark",startTime:a(),duration:0})},measure:function(t,n,r){if("function"==typeof(e||{}).measure)e.measure(t,n,r);else if("function"==typeof(e||{}).webkitMeasure)e.webkitMeasure(t,n,r);else{var o=0,u=a();if(n){var s=c(n);s?o=s.startTime:((e||{}).timing||{})[n]&&(o=e.timing[n]-e.timing.navigationStart)}if(r){var f=c(r);f?u=f.startTime:((e||{}).timing||{})[r]&&(u=e.timing[r]-e.timing.navigationStart)}i().push({name:t,entryType:"measure",startTime:o,duration:u-o})}},getGaMarks:o,getGaMeasures:i,getEntriesByName:function(t){return"function"==typeof(e||{}).getEntriesByName?e.getEntriesByName(t):"function"==typeof(e||{}).webkitGetEntriesByName?e.webkitGetEntriesByName(t):[]},findMark:c,findMeasure:function(t){return u(function(){if("function"==typeof(e||{}).getEntriesByType)return e.getEntriesByType("measure");if("function"==typeof(e||{}).webkitGetEntriesByType)return e.webkitGetEntriesByType("measure");return i()}(),t)},clearMarks:function(n){"function"==typeof(e||{}).clearMarks?e.clearMarks(n):t.gaMarks=s().filter((function(e){return e.name!==n}))},findSpecificRow:u,toJSON:function(){return"function"==typeof(e||{}).toJSON?e.toJSON():{timing:(e||{}).timing||{}}}}}();function r(){return"function"==typeof Date.now?Date.now():Number(new Date)}e.exports=n}).call(t,n(0))},function(e,t,n){(function(t){var r=n(3);function o(e){r.isTestEnvironment()&&console.log(e)}e.exports={toLogStore:function(e){try{(r.isTestEnvironment()||function(e){if(void 0===document.cookie)return!1;return-1!==document.cookie.indexOf(e)}("paLogStore=true"))&&(t&&t.paLogStore&&Array.isArray(t.paLogStore)||(t.paLogStore=[],t.paLogStoreSize=100),t.paLogStore.push(e),t.paLogStore.length>t.paLogStoreSize&&t.paLogStore.shift())}catch(n){o(n)}},log:o}}).call(t,n(0))},function(e,t,n){(function(t){var n=/(?:(?:test|int|stress)\.expedia\.com|exp-(?:test|int)\.net|karmalab\.net|expedmz.com|staging.*\.(?:traveltainment\.de|myersmediagroup\.com)|localhost|docweb\.exp-tools\.net)$/i;function r(){return!0}function o(){return window.performance}e.exports={isTestEnvironment:function(){return"undefined"!=typeof location?Boolean(location.hostname.match(n)):-1===["prod","production"].indexOf(t.env.NODE_ENV)},isLocalEnvironment:function(){return"undefined"!=typeof location&&"localhost"===location.hostname},isBrowser:r,isPerformanceTimingSupported:function(){return o()&&window.performance.timing&&void 0!==window.performance.timing.navigationStart},isPerformanceMarkSupported:function(){return o()&&("function"==typeof window.performance.mark||"function"==typeof window.performance.webkitMark)},isTrackingDisabled:function(){return navigator&&"1"===navigator.doNotTrack},isBeaconSupported:function(){return navigator&&"function"==typeof navigator.sendBeacon}}}).call(t,n(19))},function(e,t,n){var r=n(5);e.exports=new r},function(e,t,n){(function(t){var r=n(6),o=n(1),i=n(18),a="Page Usable",c="Page Change",u=["deviceId","siteId","requestId","pageName","additionalData"];function s(e,t){e&&u.forEach((function(n){e.hasOwnProperty(n)&&("siteId"===n&&isNaN(e[n])?console.log("WARNING: siteId must be Integer!"):t[n]=e[n])}))}var f=function(){function e(e){void 0===e&&(e={});var t=this;this.ctx={},this.waitingMessage={},this.setContext(e),this.findMark=function(e){return o.findMark(e)},this.findMeasure=function(e){return o.findMeasure(e)},this.clearMarks=function(e){return o.clearMarks(e)},this.mark=function(e){return o.mark(e)},this.measure=function(e,t,n){return o.measure(e,t,n)},this.pul=function(e,n){void 0===t.puListener?(t.puListener=e,t.puScope=n):console.log("PageUsableListener has already been initialized")}}return Object.defineProperty(e.prototype,"setContext",{enumerable:!1,configurable:!0,writable:!0,value:function(e){s(e,this.ctx)}}),Object.defineProperty(e.prototype,"getFilteredPageUsableTime",{enumerable:!1,configurable:!0,writable:!0,value:function(){var e=this.getPageUsableTime();return e&&e.length>0&&(e=parseFloat((e[0].startTime/1e3).toFixed(2))),e}}),Object.defineProperty(e.prototype,"justMarkPageUsable",{enumerable:!1,configurable:!0,writable:!0,value:function(e,t){var n=this;void 0===e&&(e=function(){}),(t||e&&(e.callback||e.microMessages))&&(this.microMessages=(e||{}).microMessages||t.microMessages,e=(e||{}).callback||t.callback),setTimeout((function(){n.findMark(a)?console.log("WARNING: marking a page that was already usable - value won't be updated - use reset() first"):(n.clearMarks(a),n.mark(a));var t=n.getFilteredPageUsableTime();"function"==typeof n.puListener&&n.puListener.call(n.puScope,t),"function"==typeof e&&e(t,n.ctx)}),50)}}),Object.defineProperty(e.prototype,"publish",{enumerable:!1,configurable:!0,writable:!0,value:function(e){var t=(e||{}).pageUsableTime||this.getFilteredPageUsableTime(),n=(e||{}).microMessages||[];if(this.PlatformAnalytics&&"function"==typeof this.PlatformAnalytics.getInstance&&this.PlatformAnalytics.getInstance())r.publishPageUsableToUisPrime(this.PlatformAnalytics.getInstance(),n,t),this.waitingMessage={};else if(e&&e.uisPrime)this.waitingMessage={uisPrime:!0,microMessages:n,pageUsableTime:t};else if(this.setContext(e),this.findMark(a))try{!function(e,t){var n={};s(e,n),n.pageUsableTime=t,i.publish(n)}(this.ctx,this.getFilteredPageUsableTime())}catch(o){console.log("Unable to publish performance metrics".concat(o.message))}else console.log("WARNING: trying to publish before page being usable")}}),Object.defineProperty(e.prototype,"markPageUsable",{enumerable:!1,configurable:!0,writable:!0,value:function(e,n,r){var o=this;if(void 0===e&&(e={}),void 0===n&&(n=function(){}),r||e.microMessages||e.callback){var i=e.microMessages||(r||{}).microMessages;n=e.callback||(r||{}).callback,this.justMarkPageUsable({microMessages:i,callback:function(e){o.publish({uisPrime:!0,microMessages:i}),n(e)}})}else this.setContext(e),this.justMarkPageUsable((function(e,r){if(isNaN(o.ctx.siteId)){var i=isNaN(t.siteid)?isNaN(t.site_id)?isNaN(t.siteId)?NaN:t.siteId:t.site_id:t.siteid;isNaN(i)||(r.siteId=parseInt(i,10))}o.publish(r),"function"==typeof n&&n(e,r)}))}}),Object.defineProperty(e.prototype,"getPageUsableTime",{enumerable:!1,configurable:!0,writable:!0,value:function(){var e=(this.findMark(a)||{}).startTime-((this.findMark(c)||{}).startTime||0);return Math.round(10*e)/10}}),Object.defineProperty(e.prototype,"reset",{enumerable:!1,configurable:!0,writable:!0,value:function(e){this.setContext(e),this.clearMarks(a),this.clearMarks(c),this.mark(c)}}),Object.defineProperty(e.prototype,"setPlatformAnalyticsClass",{enumerable:!1,configurable:!0,writable:!0,value:function(e,t){void 0===t&&(t={isPublishWebVitals:!1}),this.PlatformAnalytics=e,this.waitingMessage.pageUsableTime?this.publish(this.waitingMessage):this.findMark(a)&&this.publish({uisPrime:!0}),r.publishInteractionMetrics(this.PlatformAnalytics.getInstance()),t.isPublishWebVitals&&r.publishWebVitals(this.PlatformAnalytics.getInstance())}}),Object.defineProperty(e.prototype,"publishWebVitals",{enumerable:!1,configurable:!0,writable:!0,value:function(){this.PlatformAnalytics&&"function"==typeof this.PlatformAnalytics.getInstance&&this.PlatformAnalytics.getInstance()&&r.publishWebVitals(this.PlatformAnalytics.getInstance())}}),e}();e.exports=f}).call(t,n(0))},function(e,t,n){(function(t){var r=n(7),o=n(9),i=n(1),a=n(11),c=n(12),u=n(13),s=n(14),f=n(15),l={navigator:t.navigator||{}};e.exports={publishInteractionMetrics:function(e){if(e&&"function"==typeof e.trackEvent){r.collect({schemaName:"interactivityMetrics",messageContent:{}},(function(t){o.collect(t,a,(function(t){0!==Object.keys(t.messageContent).length&&e.trackEvent(t,"page-usable")}))}))}else console.error("[PerformanceMetrics] cannot publish interactionMetrics to Uis Prime (platformAnalytics not defined)")},publishPageUsableToUisPrime:function(e,t,n){if(void 0===t&&(t=[]),void 0===n&&(n=0),e&&"function"==typeof e.trackEvent){Array.isArray(t)||(t=[t]);var r={schemaName:"performanceMetrics",messageContent:{markName:"Page Usable",markValue:n}},o={schemaName:"corePerformanceMetrics",messageContent:{pageUsableTime:n}};if(u.collect(r,l),c.collect(r,i,(function(n){s.collect(n,i,(function(n){t.push(n),e.trackEvent(t,"page-usable")}))})),e.trackEvent(o,"page-usable"),r.messageContent.pageLoadTime){var a={schemaName:"additionalPerformanceMetrics",messageContent:{pageLoadTime:r.messageContent.pageLoadTime}};e.trackEvent(a,"timing")}}else console.error("[PerformanceMetrics] cannot publish page usable to Uis Prime (platformAnalytics not defined)")},publishWebVitals:function(e){if(e&&"function"==typeof e.trackEvent){var t=f.uisPrimeOnReport(e);f.report(t)}else console.error("[PerformanceMetrics] cannot publish web vitals to Uis Prime (platformAnalytics not defined)")}}}).call(t,n(0))},function(e,t,n){(function(t){n(8),e.exports={collect:function(e,n){try{t.perfMetrics.onFirstInputDelay((function(t){t&&(e.messageContent.firstInputDelay=t),n(e)}))}catch(r){n(e)}}}}).call(t,n(0))},function(e,t){!function(e,t){var n,r,o,i=[],a={passive:!0,capture:!0},c=new Date,u="pointerup",s="pointercancel";function f(e,i){n||(n=i,r=e,o=new Date,d(t),l())}function l(){r>=0&&r<o-c&&(i.forEach((function(e){e(r,n)})),i=[])}function p(n){if(n.cancelable){var r=(n.timeStamp>1e12?new Date:performance.now())-n.timeStamp;"pointerdown"==n.type?function(n,r){function o(){f(n,r),c()}function i(){c()}function c(){t(u,o,a),t(s,i,a)}e(u,o,a),e(s,i,a)}(r,n):f(r,n)}}function d(e){["click","mousedown","keydown","touchstart","pointerdown"].forEach((function(t){e(t,p,a)}))}d(e),self.perfMetrics=self.perfMetrics||{},self.perfMetrics.onFirstInputDelay=function(e){i.push(e),l()}}(addEventListener,removeEventListener)},function(e,t,n){n(10),e.exports={collect:function(e,t,n){try{t.getFirstConsistentlyInteractive().then((function(t){t&&(e.messageContent.timeToInteractive=t),n(e)}))}catch(r){n(e)}}}},function(e,t,n){(function(e){!function(){if("PerformanceLongTaskTiming"in e){var t=e.__tti={e:[]};t.o=new PerformanceObserver((function(e){t.e=t.e.concat(e.getEntries())})),t.o.observe({entryTypes:["longtask"]})}}()}).call(t,n(0))},function(e,t,n){(function(n){var r;!function(){var o=window===this?this:void 0!==n&&null!=n?n:this,i="function"==typeof Object.defineProperties?Object.defineProperty:function(e,t,n){e!=Array.prototype&&e!=Object.prototype&&(e[t]=n.value)};function a(){a=function(){},o.Symbol||(o.Symbol=u)}var c=0;function u(e){return"jscomp_symbol_"+(e||"")+c++}function s(){a();var e=o.Symbol.iterator;e||(e=o.Symbol.iterator=o.Symbol("iterator")),"function"!=typeof Array.prototype[e]&&i(Array.prototype,e,{configurable:!0,writable:!0,value:function(){return f(this)}}),s=function(){}}function f(e){var t=0;return function(e){return s(),e={next:e},e[o.Symbol.iterator]=function(){return this},e}((function(){return t<e.length?{done:!1,value:e[t++]}:{done:!0}}))}function l(e){s();var t=e[Symbol.iterator];return t?t.call(e):f(e)}function p(e){if(!(e instanceof Array)){e=l(e);for(var t,n=[];!(t=e.next()).done;)n.push(t.value);e=n}return e}var d=0;var m="img script iframe link audio video source".split(" ");function v(e,t){for(var n=(e=l(e)).next();!n.done;n=e.next())if(n=n.value,t.includes(n.nodeName.toLowerCase())||v(n.children,t))return!0;return!1}function g(e,t){if(2<e.length)return performance.now();for(var n=[],r=(t=l(t)).next();!r.done;r=t.next())r=r.value,n.push({timestamp:r.start,type:"requestStart"}),n.push({timestamp:r.end,type:"requestEnd"});for(r=(t=l(e)).next();!r.done;r=t.next())n.push({timestamp:r.value,type:"requestStart"});for(n.sort((function(e,t){return e.timestamp-t.timestamp})),e=e.length,t=n.length-1;0<=t;t--)switch(r=n[t],r.type){case"requestStart":e--;break;case"requestEnd":if(2<++e)return r.timestamp;break;default:throw Error("Internal Error: This should never happen")}return 0}function y(e){e=e||{},this.w=!!e.useMutationObserver,this.u=e.minValue||null,e=window.__tti&&window.__tti.e;var t=window.__tti&&window.__tti.o;this.a=e?e.map((function(e){return{start:e.startTime,end:e.startTime+e.duration}})):[],t&&t.disconnect(),this.b=[],this.f=new Map,this.j=null,this.v=-1/0,this.i=!1,this.h=this.c=this.s=null,function(e,t){var n=XMLHttpRequest.prototype.send,r=d++;XMLHttpRequest.prototype.send=function(o){for(var i=[],a=0;a<arguments.length;++a)i[a-0]=arguments[a];var c=this;return e(r),this.addEventListener("readystatechange",(function(){4===c.readyState&&t(r)})),n.apply(this,i)}}(this.m.bind(this),this.l.bind(this)),function(e,t){var n=fetch;fetch=function(r){for(var o=[],i=0;i<arguments.length;++i)o[i-0]=arguments[i];return new Promise((function(r,i){var a=d++;e(a),n.apply(null,[].concat(p(o))).then((function(e){t(a),r(e)}),(function(e){t(e),i(e)}))}))}}(this.m.bind(this),this.l.bind(this)),function(e){e.c=new PerformanceObserver((function(t){for(var n=(t=l(t.getEntries())).next();!n.done;n=t.next())if("resource"===(n=n.value).entryType&&(e.b.push({start:n.fetchStart,end:n.responseEnd}),b(e,g(e.g,e.b)+5e3)),"longtask"===n.entryType){var r=n.startTime+n.duration;e.a.push({start:n.startTime,end:r}),b(e,r+5e3)}})),e.c.observe({entryTypes:["longtask","resource"]})}(this),this.w&&(this.h=function(e){var t=new MutationObserver((function(t){for(var n=(t=l(t)).next();!n.done;n=t.next())("childList"==(n=n.value).type&&v(n.addedNodes,m)||"attributes"==n.type&&m.includes(n.target.tagName.toLowerCase()))&&e(n)}));return t.observe(document,{attributes:!0,childList:!0,subtree:!0,attributeFilter:["href","src"]}),t}(this.B.bind(this)))}function h(e){e.i=!0;var t=0<e.a.length?e.a[e.a.length-1].end:0,n=g(e.g,e.b);b(e,Math.max(n+5e3,t))}function b(e,t){!e.i||e.v>t||(clearTimeout(e.j),e.j=setTimeout((function(){var t=performance.timing.navigationStart,n=g(e.g,e.b);t=(window.a&&window.a.A?1e3*window.a.A().C-t:0)||performance.timing.domContentLoadedEventEnd-t;if(e.u)var r=e.u;else performance.timing.domContentLoadedEventEnd?r=(r=performance.timing).domContentLoadedEventEnd-r.navigationStart:r=null;var o=performance.now();null===r&&b(e,Math.max(n+5e3,o+1e3));var i=e.a;5e3>o-n?n=null:n=5e3>o-(n=i.length?i[i.length-1].end:t)?null:Math.max(n,r),n&&(e.s(n),clearTimeout(e.j),e.i=!1,e.c&&e.c.disconnect(),e.h&&e.h.disconnect()),b(e,performance.now()+1e3)}),t-performance.now()),e.v=t)}y.prototype.getFirstConsistentlyInteractive=function(){var e=this;return new Promise((function(t){e.s=t,"complete"==document.readyState?h(e):window.addEventListener("load",(function(){h(e)}))}))},y.prototype.m=function(e){this.f.set(e,performance.now())},y.prototype.l=function(e){this.f.delete(e)},y.prototype.B=function(){b(this,performance.now()+5e3)},o.Object.defineProperties(y.prototype,{g:{configurable:!0,enumerable:!0,get:function(){return[].concat(p(this.f.values()))}}});var _={getFirstConsistentlyInteractive:function(e){return e=e||{},"PerformanceLongTaskTiming"in window?new y(e).getFirstConsistentlyInteractive():Promise.resolve(null)}};void 0!==e&&e.exports?e.exports=_:void 0===(r=function(){return _}.apply(t,[]))||(e.exports=r)}()}).call(t,n(0))},function(e,t,n){(function(t){function n(e,t,n,r){void 0!==n&&void 0!==r&&(e[t]=n-r)}e.exports={collect:function(e,r,o){var i=r.toJSON();void 0!==i.timing?(n(e.messageContent,"dnsLookupTime",i.timing.domainLookupEnd,i.timing.domainLookupStart),n(e.messageContent,"timeToFirstByte",i.timing.responseStart,i.timing.fetchStart),n(e.messageContent,"tcpConnectionTime",i.timing.connectEnd,i.timing.connectStart),n(e.messageContent,"pageLoadTime",i.timing.domContentLoadedEventEnd,i.timing.navigationStart),e.messageContent.pageLoadTime&&e.messageContent.pageLoadTime<0?t.addEventListener("load",(function(){n(e.messageContent,"pageLoadTime",i.timing.domContentLoadedEventEnd,i.timing.navigationStart),o(e)})):o(e)):o(e)}}}).call(t,n(0))},function(e,t){function n(e,t,n){void 0!==n&&(e[t]=n)}e.exports={collect:function(e,t){if(t&&t.navigator){var r=t.navigator,o=r.connection||r.mozConnection||r.webkitConnection;o&&(n(e.messageContent,"networkEffectiveType",o.effectiveType),n(e.messageContent,"networkDownLink",o.downlink))}}}},function(e,n,r){(function(n){e.exports={collect:function(e,r,o){if(void 0!==n.PerformancePaintTiming){var i=r.getEntriesByName("first-contentful-paint");if(i&&i.length>0){var a=i[0];return e.messageContent.firstContentfulPaint=Math.round(a.startTime+a.duration),void o(e)}if(void 0!==n.PerformanceObserver){var c=new n.PerformanceObserver((function(n){var r,i;try{for(var a=t(n.getEntries()),c=a.next();!c.done;c=a.next()){var u=c.value;"first-contentful-paint"===u.name&&(e.messageContent.firstContentfulPaint=Math.round(u.startTime+u.duration),o(e))}}catch(s){r={error:s}}finally{try{c&&!c.done&&(i=a.return)&&i.call(a)}finally{if(r)throw r.error}}}));c.observe({entryTypes:["paint"]})}else o(e)}else o(e)}}}).call(n,r(0))},function(e,t,n){var r=n(16),o=n(17),i=function(){};e.exports={report:function(e){e&&"function"==typeof e&&(r.onCLS(e),r.onLCP(e),r.onFID(e),r.onTTFB(e),r.onFCP(e),r.onINP(e))},uisPrimeOnReport:function(e){var t=i;return e&&"function"==typeof e.trackEvent?t=function(t){(function(e){var t=[],n=e&&e.name,r=e&&e.value,i=o[n]||{},a=i.metricName,c=i.schemas;return a&&c&&c.forEach((function(e){var n;t.push({schemaName:e,messageContent:(n={},n[a]=r,n)})})),t})(t).forEach((function(t){return e.trackEvent(t,"timing")}))}:console.error("[PerformanceMetrics] cannot publish web vitals to Uis Prime (platformAnalytics not defined)"),t}}},function(e,t,n){Object.defineProperty(t,"__esModule",{value:!0}),n.d(t,"CLSThresholds",(function(){return R})),n.d(t,"FCPThresholds",(function(){return O})),n.d(t,"FIDThresholds",(function(){return j})),n.d(t,"INPThresholds",(function(){return V})),n.d(t,"LCPThresholds",(function(){return Y})),n.d(t,"TTFBThresholds",(function(){return Z})),n.d(t,"getCLS",(function(){return C})),n.d(t,"getFCP",(function(){return P})),n.d(t,"getFID",(function(){return x})),n.d(t,"getINP",(function(){return z})),n.d(t,"getLCP",(function(){return Q})),n.d(t,"getTTFB",(function(){return te})),n.d(t,"onCLS",(function(){return C})),n.d(t,"onFCP",(function(){return P})),n.d(t,"onFID",(function(){return x})),n.d(t,"onINP",(function(){return z})),n.d(t,"onLCP",(function(){return Q})),n.d(t,"onTTFB",(function(){return te}));var r,o,i,a,c,u=-1,s=function(e){addEventListener("pageshow",(function(t){t.persisted&&(u=t.timeStamp,e(t))}),!0)},f=function(){return window.performance&&performance.getEntriesByType&&performance.getEntriesByType("navigation")[0]},l=function(){var e=f();return e&&e.activationStart||0},p=function(e,t){var n=f(),r="navigate";return u>=0?r="back-forward-cache":n&&(document.prerendering||l()>0?r="prerender":document.wasDiscarded?r="restore":n.type&&(r=n.type.replace(/_/g,"-"))),{name:e,value:void 0===t?-1:t,rating:"good",delta:0,entries:[],id:"v3-".concat(Date.now(),"-").concat(Math.floor(8999999999999*Math.random())+1e12),navigationType:r}},d=function(e,t,n){try{if(PerformanceObserver.supportedEntryTypes.includes(e)){var r=new PerformanceObserver((function(e){Promise.resolve().then((function(){t(e.getEntries())}))}));return r.observe(Object.assign({type:e,buffered:!0},n||{})),r}}catch(e){}},m=function(e,t,n,r){var o,i;return function(a){t.value>=0&&(a||r)&&((i=t.value-(o||0))||void 0===o)&&(o=t.value,t.delta=i,t.rating=function(e,t){return e>t[1]?"poor":e>t[0]?"needs-improvement":"good"}(t.value,n),e(t))}},v=function(e){requestAnimationFrame((function(){return requestAnimationFrame((function(){return e()}))}))},g=function(e){var t=function(t){"pagehide"!==t.type&&"hidden"!==document.visibilityState||e(t)};addEventListener("visibilitychange",t,!0),addEventListener("pagehide",t,!0)},y=function(e){var t=!1;return function(n){t||(e(n),t=!0)}},h=-1,b=function(){return"hidden"!==document.visibilityState||document.prerendering?1/0:0},_=function(e){"hidden"===document.visibilityState&&h>-1&&(h="visibilitychange"===e.type?e.timeStamp:0,w())},E=function(){addEventListener("visibilitychange",_,!0),addEventListener("prerenderingchange",_,!0)},w=function(){removeEventListener("visibilitychange",_,!0),removeEventListener("prerenderingchange",_,!0)},T=function(){return h<0&&(h=b(),E(),s((function(){setTimeout((function(){h=b(),E()}),0)}))),{get firstHiddenTime(){return h}}},S=function(e){document.prerendering?addEventListener("prerenderingchange",(function(){return e()}),!0):e()},O=[1800,3e3],P=function(e,t){t=t||{},S((function(){var n,r=T(),o=p("FCP"),i=d("paint",(function(e){e.forEach((function(e){"first-contentful-paint"===e.name&&(i.disconnect(),e.startTime<r.firstHiddenTime&&(o.value=Math.max(e.startTime-l(),0),o.entries.push(e),n(!0)))}))}));i&&(n=m(e,o,O,t.reportAllChanges),s((function(r){o=p("FCP"),n=m(e,o,O,t.reportAllChanges),v((function(){o.value=performance.now()-r.timeStamp,n(!0)}))})))}))},R=[.1,.25],C=function(e,t){t=t||{},P(y((function(){var n,r=p("CLS",0),o=0,i=[],a=function(e){e.forEach((function(e){if(!e.hadRecentInput){var t=i[0],n=i[i.length-1];o&&e.startTime-n.startTime<1e3&&e.startTime-t.startTime<5e3?(o+=e.value,i.push(e)):(o=e.value,i=[e])}})),o>r.value&&(r.value=o,r.entries=i,n())},c=d("layout-shift",a);c&&(n=m(e,r,R,t.reportAllChanges),g((function(){a(c.takeRecords()),n(!0)})),s((function(){o=0,r=p("CLS",0),n=m(e,r,R,t.reportAllChanges),v((function(){return n()}))})),setTimeout(n,0))})))},L={passive:!0,capture:!0},N=new Date,I=function(e,t){r||(r=t,o=e,i=new Date,A(removeEventListener),k())},k=function(){if(o>=0&&o<i-N){var e={entryType:"first-input",name:r.type,target:r.target,cancelable:r.cancelable,startTime:r.timeStamp,processingStart:r.timeStamp+o};a.forEach((function(t){t(e)})),a=[]}},M=function(e){if(e.cancelable){var t=(e.timeStamp>1e12?new Date:performance.now())-e.timeStamp;"pointerdown"==e.type?function(e,t){var n=function(){I(e,t),o()},r=function(){o()},o=function(){removeEventListener("pointerup",n,L),removeEventListener("pointercancel",r,L)};addEventListener("pointerup",n,L),addEventListener("pointercancel",r,L)}(t,e):I(t,e)}},A=function(e){["mousedown","keydown","touchstart","pointerdown"].forEach((function(t){return e(t,M,L)}))},j=[100,300],x=function(e,t){t=t||{},S((function(){var n,i=T(),c=p("FID"),u=function(e){e.startTime<i.firstHiddenTime&&(c.value=e.processingStart-e.startTime,c.entries.push(e),n(!0))},f=function(e){e.forEach(u)},l=d("first-input",f);n=m(e,c,j,t.reportAllChanges),l&&g(y((function(){f(l.takeRecords()),l.disconnect()}))),l&&s((function(){var i;c=p("FID"),n=m(e,c,j,t.reportAllChanges),a=[],o=-1,r=null,A(addEventListener),i=u,a.push(i),k()}))}))},D=0,B=1/0,F=0,U=function(e){e.forEach((function(e){e.interactionId&&(B=Math.min(B,e.interactionId),F=Math.max(F,e.interactionId),D=F?(F-B)/7+1:0)}))},G=function(){return c?D:performance.interactionCount||0},W=function(){"interactionCount"in performance||c||(c=d("event",U,{type:"event",buffered:!0,durationThreshold:0}))},V=[200,500],q=0,$=function(){return G()-q},H=[],K={},J=function(e){var t=H[H.length-1],n=K[e.interactionId];if(n||H.length<10||e.duration>t.latency){if(n)n.entries.push(e),n.latency=Math.max(n.latency,e.duration);else{var r={id:e.interactionId,latency:e.duration,entries:[e]};K[r.id]=r,H.push(r)}H.sort((function(e,t){return t.latency-e.latency})),H.splice(10).forEach((function(e){delete K[e.id]}))}},z=function(e,t){t=t||{},S((function(){var n;W();var r,o=p("INP"),i=function(e){e.forEach((function(e){e.interactionId&&J(e),"first-input"===e.entryType&&!H.some((function(t){return t.entries.some((function(t){return e.duration===t.duration&&e.startTime===t.startTime}))}))&&J(e)}));var t,n=(t=Math.min(H.length-1,Math.floor($()/50)),H[t]);n&&n.latency!==o.value&&(o.value=n.latency,o.entries=n.entries,r())},a=d("event",i,{durationThreshold:null!==(n=t.durationThreshold)&&void 0!==n?n:40});r=m(e,o,V,t.reportAllChanges),a&&("interactionId"in PerformanceEventTiming.prototype&&a.observe({type:"first-input",buffered:!0}),g((function(){i(a.takeRecords()),o.value<0&&$()>0&&(o.value=0,o.entries=[]),r(!0)})),s((function(){H=[],q=G(),o=p("INP"),r=m(e,o,V,t.reportAllChanges)})))}))},Y=[2500,4e3],X={},Q=function(e,t){t=t||{},S((function(){var n,r=T(),o=p("LCP"),i=function(e){var t=e[e.length-1];t&&t.startTime<r.firstHiddenTime&&(o.value=Math.max(t.startTime-l(),0),o.entries=[t],n())},a=d("largest-contentful-paint",i);if(a){n=m(e,o,Y,t.reportAllChanges);var c=y((function(){X[o.id]||(i(a.takeRecords()),a.disconnect(),X[o.id]=!0,n(!0))}));["keydown","click"].forEach((function(e){addEventListener(e,(function(){return setTimeout(c,0)}),!0)})),g(c),s((function(r){o=p("LCP"),n=m(e,o,Y,t.reportAllChanges),v((function(){o.value=performance.now()-r.timeStamp,X[o.id]=!0,n(!0)}))}))}}))},Z=[800,1800],ee=function e(t){document.prerendering?S((function(){return e(t)})):"complete"!==document.readyState?addEventListener("load",(function(){return e(t)}),!0):setTimeout(t,0)},te=function(e,t){t=t||{};var n=p("TTFB"),r=m(e,n,Z,t.reportAllChanges);ee((function(){var o=f();if(o){var i=o.responseStart;if(i<=0||i>performance.now())return;n.value=Math.max(i-l(),0),n.entries=[o],r(!0),s((function(){n=p("TTFB",0),(r=m(e,n,Z,t.reportAllChanges))(!0)}))}}))}},function(e,t){var n="interactivityMetrics",r="corePerformanceMetrics",o="additionalPerformanceMetrics",i={CLS:{metricName:"cumulativeLayoutShift",schemas:[n,r]},LCP:{metricName:"largestContentfulPaint",schemas:[n,r]},FID:{metricName:"firstInputDelay",schemas:[n,o]},INP:{metricName:"interactionToNextPaint",schemas:[r]},TTFB:{metricName:"timeToFirstByte",schemas:[o]},FCP:{metricName:"firstContentfulPaint",schemas:[o]}};e.exports=i},function(e,t,n){var r=n(2).toLogStore,o=n(2).log,i=n(20),a=n(3),c=a.isLocalEnvironment()?"https://collector.test.expedia.com":"/cl/data";function u(e){return!!(e&&e.deviceId&&e.pageName&&e.pageUsableTime&&e.requestId)}e.exports={publish:function(e){if(!u(e))return o("Not valid PM formatted data: "),o(e),!1;this.requestBody=e,this.requestBody.utcTimestamp=Date.now(),this.requestBody.navigationTimingSupport=a.isPerformanceTimingSupported(),this.requestBody.performanceMarkSupport=a.isPerformanceMarkSupported(),this.requestBody.beaconApiSupport=a.isBeaconSupported();var t=i.sendBeacon("".concat(c,"/perfmetrics.json?persist=true"),this.requestBody),n={publisher:"PM Publisher",status:"",sentData:this.requestBody};return"boolean"==typeof t?(n.status=t?"queued":"failed",r(n)):(t.onload=function(){n.status=t.status,r(n)},t.onerror=function(){n.status="error",r(n)},t.ontimeout=function(){n.status="timeout",r(n)}),t},isValid:u}},function(e,t){var n,r,o=e.exports={};function i(){throw new Error("setTimeout has not been defined")}function a(){throw new Error("clearTimeout has not been defined")}function c(e){if(n===setTimeout)return setTimeout(e,0);if((n===i||!n)&&setTimeout)return n=setTimeout,setTimeout(e,0);try{return n(e,0)}catch(t){try{return n.call(null,e,0)}catch(t){return n.call(this,e,0)}}}!function(){try{n="function"==typeof setTimeout?setTimeout:i}catch(e){n=i}try{r="function"==typeof clearTimeout?clearTimeout:a}catch(e){r=a}}();var u,s=[],f=!1,l=-1;function p(){f&&u&&(f=!1,u.length?s=u.concat(s):l=-1,s.length&&d())}function d(){if(!f){var e=c(p);f=!0;for(var t=s.length;t;){for(u=s,s=[];++l<t;)u&&u[l].run();l=-1,t=s.length}u=null,f=!1,function(e){if(r===clearTimeout)return clearTimeout(e);if((r===a||!r)&&clearTimeout)return r=clearTimeout,clearTimeout(e);try{return r(e)}catch(t){try{return r.call(null,e)}catch(t){return r.call(this,e)}}}(e)}}function m(e,t){this.fun=e,this.array=t}function v(){}o.nextTick=function(e){var t=new Array(arguments.length-1);if(arguments.length>1)for(var n=1;n<arguments.length;n++)t[n-1]=arguments[n];s.push(new m(e,t)),1!==s.length||f||c(d)},m.prototype.run=function(){this.fun.apply(null,this.array)},o.title="browser",o.browser=!0,o.env={},o.argv=[],o.version="",o.versions={},o.on=v,o.addListener=v,o.once=v,o.off=v,o.removeListener=v,o.removeAllListeners=v,o.emit=v,o.prependListener=v,o.prependOnceListener=v,o.listeners=function(e){return[]},o.binding=function(e){throw new Error("process.binding is not supported")},o.cwd=function(){return"/"},o.chdir=function(e){throw new Error("process.chdir is not supported")},o.umask=function(){return 0}},function(e,t){e.exports.sendBeacon=function(e,t){return"undefined"!=typeof navigator&&"function"==typeof navigator.sendBeacon?navigator.sendBeacon(e,JSON.stringify(t)):function(e,t){var n=new XMLHttpRequest,r={method:"POST",headers:{"Content-type":"application/json"},body:t};return n.open(r.method,e,!0),n.setRequestHeader("Content-type","application/json"),n.send(JSON.stringify(r.body)),n}(e,t)}}])},15215:function(e,t,n){n.r(t),n.d(t,{__assign:function(){return i},__asyncDelegator:function(){return O},__asyncGenerator:function(){return S},__asyncValues:function(){return P},__await:function(){return T},__awaiter:function(){return m},__classPrivateFieldGet:function(){return I},__classPrivateFieldIn:function(){return M},__classPrivateFieldSet:function(){return k},__createBinding:function(){return g},__decorate:function(){return c},__esDecorate:function(){return s},__exportStar:function(){return y},__extends:function(){return o},__generator:function(){return v},__importDefault:function(){return N},__importStar:function(){return L},__makeTemplateObject:function(){return R},__metadata:function(){return d},__param:function(){return u},__propKey:function(){return l},__read:function(){return b},__rest:function(){return a},__runInitializers:function(){return f},__setFunctionName:function(){return p},__spread:function(){return _},__spreadArray:function(){return w},__spreadArrays:function(){return E},__values:function(){return h}});var r=function(e,t){return r=Object.setPrototypeOf||{__proto__:[]}instanceof Array&&function(e,t){e.__proto__=t}||function(e,t){for(var n in t)Object.prototype.hasOwnProperty.call(t,n)&&(e[n]=t[n])},r(e,t)};function o(e,t){if("function"!=typeof t&&null!==t)throw new TypeError("Class extends value "+String(t)+" is not a constructor or null");function n(){this.constructor=e}r(e,t),e.prototype=null===t?Object.create(t):(n.prototype=t.prototype,new n)}var i=function(){return i=Object.assign||function(e){for(var t,n=1,r=arguments.length;n<r;n++)for(var o in t=arguments[n])Object.prototype.hasOwnProperty.call(t,o)&&(e[o]=t[o]);return e},i.apply(this,arguments)};function a(e,t){var n={};for(var r in e)Object.prototype.hasOwnProperty.call(e,r)&&t.indexOf(r)<0&&(n[r]=e[r]);if(null!=e&&"function"==typeof Object.getOwnPropertySymbols){var o=0;for(r=Object.getOwnPropertySymbols(e);o<r.length;o++)t.indexOf(r[o])<0&&Object.prototype.propertyIsEnumerable.call(e,r[o])&&(n[r[o]]=e[r[o]])}return n}function c(e,t,n,r){var o,i=arguments.length,a=i<3?t:null===r?r=Object.getOwnPropertyDescriptor(t,n):r;if("object"==typeof Reflect&&"function"==typeof Reflect.decorate)a=Reflect.decorate(e,t,n,r);else for(var c=e.length-1;c>=0;c--)(o=e[c])&&(a=(i<3?o(a):i>3?o(t,n,a):o(t,n))||a);return i>3&&a&&Object.defineProperty(t,n,a),a}function u(e,t){return function(n,r){t(n,r,e)}}function s(e,t,n,r,o,i){function a(e){if(void 0!==e&&"function"!=typeof e)throw new TypeError("Function expected");return e}for(var c,u=r.kind,s="getter"===u?"get":"setter"===u?"set":"value",f=!t&&e?r.static?e:e.prototype:null,l=t||(f?Object.getOwnPropertyDescriptor(f,r.name):{}),p=!1,d=n.length-1;d>=0;d--){var m={};for(var v in r)m[v]="access"===v?{}:r[v];for(var v in r.access)m.access[v]=r.access[v];m.addInitializer=function(e){if(p)throw new TypeError("Cannot add initializers after decoration has completed");i.push(a(e||null))};var g=(0,n[d])("accessor"===u?{get:l.get,set:l.set}:l[s],m);if("accessor"===u){if(void 0===g)continue;if(null===g||"object"!=typeof g)throw new TypeError("Object expected");(c=a(g.get))&&(l.get=c),(c=a(g.set))&&(l.set=c),(c=a(g.init))&&o.unshift(c)}else(c=a(g))&&("field"===u?o.unshift(c):l[s]=c)}f&&Object.defineProperty(f,r.name,l),p=!0}function f(e,t,n){for(var r=arguments.length>2,o=0;o<t.length;o++)n=r?t[o].call(e,n):t[o].call(e);return r?n:void 0}function l(e){return"symbol"==typeof e?e:"".concat(e)}function p(e,t,n){return"symbol"==typeof t&&(t=t.description?"[".concat(t.description,"]"):""),Object.defineProperty(e,"name",{configurable:!0,value:n?"".concat(n," ",t):t})}function d(e,t){if("object"==typeof Reflect&&"function"==typeof Reflect.metadata)return Reflect.metadata(e,t)}function m(e,t,n,r){return new(n||(n=Promise))((function(o,i){function a(e){try{u(r.next(e))}catch(t){i(t)}}function c(e){try{u(r.throw(e))}catch(t){i(t)}}function u(e){var t;e.done?o(e.value):(t=e.value,t instanceof n?t:new n((function(e){e(t)}))).then(a,c)}u((r=r.apply(e,t||[])).next())}))}function v(e,t){var n,r,o,i,a={label:0,sent:function(){if(1&o[0])throw o[1];return o[1]},trys:[],ops:[]};return i={next:c(0),throw:c(1),return:c(2)},"function"==typeof Symbol&&(i[Symbol.iterator]=function(){return this}),i;function c(c){return function(u){return function(c){if(n)throw new TypeError("Generator is already executing.");for(;i&&(i=0,c[0]&&(a=0)),a;)try{if(n=1,r&&(o=2&c[0]?r.return:c[0]?r.throw||((o=r.return)&&o.call(r),0):r.next)&&!(o=o.call(r,c[1])).done)return o;switch(r=0,o&&(c=[2&c[0],o.value]),c[0]){case 0:case 1:o=c;break;case 4:return a.label++,{value:c[1],done:!1};case 5:a.label++,r=c[1],c=[0];continue;case 7:c=a.ops.pop(),a.trys.pop();continue;default:if(!(o=a.trys,(o=o.length>0&&o[o.length-1])||6!==c[0]&&2!==c[0])){a=0;continue}if(3===c[0]&&(!o||c[1]>o[0]&&c[1]<o[3])){a.label=c[1];break}if(6===c[0]&&a.label<o[1]){a.label=o[1],o=c;break}if(o&&a.label<o[2]){a.label=o[2],a.ops.push(c);break}o[2]&&a.ops.pop(),a.trys.pop();continue}c=t.call(e,a)}catch(u){c=[6,u],r=0}finally{n=o=0}if(5&c[0])throw c[1];return{value:c[0]?c[1]:void 0,done:!0}}([c,u])}}}var g=Object.create?function(e,t,n,r){void 0===r&&(r=n);var o=Object.getOwnPropertyDescriptor(t,n);o&&!("get"in o?!t.__esModule:o.writable||o.configurable)||(o={enumerable:!0,get:function(){return t[n]}}),Object.defineProperty(e,r,o)}:function(e,t,n,r){void 0===r&&(r=n),e[r]=t[n]};function y(e,t){for(var n in e)"default"===n||Object.prototype.hasOwnProperty.call(t,n)||g(t,e,n)}function h(e){var t="function"==typeof Symbol&&Symbol.iterator,n=t&&e[t],r=0;if(n)return n.call(e);if(e&&"number"==typeof e.length)return{next:function(){return e&&r>=e.length&&(e=void 0),{value:e&&e[r++],done:!e}}};throw new TypeError(t?"Object is not iterable.":"Symbol.iterator is not defined.")}function b(e,t){var n="function"==typeof Symbol&&e[Symbol.iterator];if(!n)return e;var r,o,i=n.call(e),a=[];try{for(;(void 0===t||t-- >0)&&!(r=i.next()).done;)a.push(r.value)}catch(c){o={error:c}}finally{try{r&&!r.done&&(n=i.return)&&n.call(i)}finally{if(o)throw o.error}}return a}function _(){for(var e=[],t=0;t<arguments.length;t++)e=e.concat(b(arguments[t]));return e}function E(){for(var e=0,t=0,n=arguments.length;t<n;t++)e+=arguments[t].length;var r=Array(e),o=0;for(t=0;t<n;t++)for(var i=arguments[t],a=0,c=i.length;a<c;a++,o++)r[o]=i[a];return r}function w(e,t,n){if(n||2===arguments.length)for(var r,o=0,i=t.length;o<i;o++)!r&&o in t||(r||(r=Array.prototype.slice.call(t,0,o)),r[o]=t[o]);return e.concat(r||Array.prototype.slice.call(t))}function T(e){return this instanceof T?(this.v=e,this):new T(e)}function S(e,t,n){if(!Symbol.asyncIterator)throw new TypeError("Symbol.asyncIterator is not defined.");var r,o=n.apply(e,t||[]),i=[];return r={},a("next"),a("throw"),a("return"),r[Symbol.asyncIterator]=function(){return this},r;function a(e){o[e]&&(r[e]=function(t){return new Promise((function(n,r){i.push([e,t,n,r])>1||c(e,t)}))})}function c(e,t){try{(n=o[e](t)).value instanceof T?Promise.resolve(n.value.v).then(u,s):f(i[0][2],n)}catch(r){f(i[0][3],r)}var n}function u(e){c("next",e)}function s(e){c("throw",e)}function f(e,t){e(t),i.shift(),i.length&&c(i[0][0],i[0][1])}}function O(e){var t,n;return t={},r("next"),r("throw",(function(e){throw e})),r("return"),t[Symbol.iterator]=function(){return this},t;function r(r,o){t[r]=e[r]?function(t){return(n=!n)?{value:T(e[r](t)),done:!1}:o?o(t):t}:o}}function P(e){if(!Symbol.asyncIterator)throw new TypeError("Symbol.asyncIterator is not defined.");var t,n=e[Symbol.asyncIterator];return n?n.call(e):(e=h(e),t={},r("next"),r("throw"),r("return"),t[Symbol.asyncIterator]=function(){return this},t);function r(n){t[n]=e[n]&&function(t){return new Promise((function(r,o){(function(e,t,n,r){Promise.resolve(r).then((function(t){e({value:t,done:n})}),t)})(r,o,(t=e[n](t)).done,t.value)}))}}}function R(e,t){return Object.defineProperty?Object.defineProperty(e,"raw",{value:t}):e.raw=t,e}var C=Object.create?function(e,t){Object.defineProperty(e,"default",{enumerable:!0,value:t})}:function(e,t){e.default=t};function L(e){if(e&&e.__esModule)return e;var t={};if(null!=e)for(var n in e)"default"!==n&&Object.prototype.hasOwnProperty.call(e,n)&&g(t,e,n);return C(t,e),t}function N(e){return e&&e.__esModule?e:{default:e}}function I(e,t,n,r){if("a"===n&&!r)throw new TypeError("Private accessor was defined without a getter");if("function"==typeof t?e!==t||!r:!t.has(e))throw new TypeError("Cannot read private member from an object whose class did not declare it");return"m"===n?r:"a"===n?r.call(e):r?r.value:t.get(e)}function k(e,t,n,r,o){if("m"===r)throw new TypeError("Private method is not writable");if("a"===r&&!o)throw new TypeError("Private accessor was defined without a setter");if("function"==typeof t?e!==t||!o:!t.has(e))throw new TypeError("Cannot write private member to an object whose class did not declare it");return"a"===r?o.call(e,n):o?o.value=n:t.set(e,n),n}function M(e,t){if(null===t||"object"!=typeof t&&"function"!=typeof t)throw new TypeError("Cannot use 'in' operator on non-object");return"function"==typeof e?t===e:e.has(t)}t.default={__extends:o,__assign:i,__rest:a,__decorate:c,__param:u,__metadata:d,__awaiter:m,__generator:v,__createBinding:g,__exportStar:y,__values:h,__read:b,__spread:_,__spreadArrays:E,__spreadArray:w,__await:T,__asyncGenerator:S,__asyncDelegator:O,__asyncValues:P,__makeTemplateObject:R,__importStar:L,__importDefault:N,__classPrivateFieldGet:I,__classPrivateFieldSet:k,__classPrivateFieldIn:M}}}]);
//# https://bernie-assets.s3.us-west-2.amazonaws.com/lotus-home-ui/required-inline.nosw.2ce2ead52e95bcb160ee.js
/*@license For license information please refer to analytics.nosw.licenses.txt*/
(self.__LOADABLE_LOADED_CHUNKS__=self.__LOADABLE_LOADED_CHUNKS__||[]).push([[8562],{23985:function(e,t,a){var o=a(67664),n=a(14824),i=a(58651),l=n.ClientLogger.getLoggerWithIdentifier("bernie.client.analytics-entry"),r=window&&window.__PLUGIN_STATE__||{},g=Object.values(r).reduce((function(e,t){return Object.assign(e,t)}),{}),d=g.context,s=g.stores,c=void 0===s?{}:s,u=g.pageDataContext,v=c.analytics,b=void 0===v?{}:v;if(void 0!==d){var L={},_={},D=u.pageName,f=u.appName,C={},E={serverRendered:!0};Object.keys(C).forEach((function(e){n.ClientLogger.setGlobalData("ab_".concat(e),C[e])})),n.ClientLogger.setGlobalData("siteId",d.site.id),n.ClientLogger.setGlobalData("eapid",d.site.eapid),n.ClientLogger.setGlobalData("tpid",d.site.tpid),n.ClientLogger.setGlobalData("appId",f),n.ClientLogger.setGlobalData("langid",d.langId),n.ClientLogger.setGlobalData("locale",d.locale),n.ClientLogger.setGlobalData("guid",d.deviceId),n.ClientLogger.setGlobalData("visitid","".concat(d.deviceId,"_").concat((new Date).getTime())),n.ClientLogger.setGlobalData("logEvents",null==b?void 0:b.logEvents);var p=function e(t,a,o){var n;return void 0===a&&(a={}),"object"==typeof t&&t&&Object.keys(t).forEach((function(i){n=o?"".concat(o,"_").concat(i):i,"object"==typeof t[i]?e(t[i],a,n):a[n]=t[i]})),a}(null==b?void 0:b.userAgent);Object.keys(p).forEach((function(e){n.ClientLogger.setGlobalData(e,p[e])})),n.ClientLogger.setGlobalData("pwa",!0),l.logEvent(o.BERNIE_CLIENT_EVENTS.ANALYTICS_ENTRY);var I=a(97482);I.setContext({siteId:d.site.id,deviceId:d.deviceId,pageName:D||f||"page.undefined",requestId:(null==b?void 0:b.requestId)||"",additionalData:E}),(null==b?void 0:b.delayPageUsable)?i.logPerformanceMarkers(_,l,L):I.markPageUsable({additionalData:E},(function(e){i.logPerformanceMarkers(_,l,L,e)}))}}},function(e){e.O(0,[5275],(function(){return t=23985,e(e.s=t);var t}));e.O()}]);
//# https://bernie-assets.s3.us-west-2.amazonaws.com/lotus-home-ui/analytics.nosw.8de465e644dc39f95c70.js</script><script src="https://www.uciservice.com/assets/meso-loaders/expads-blocked.js"></script><script id="__LOADABLE_REQUIRED_CHUNKS__" type="application/json" defer="">[6576,3248,8326,4368,8144,8487,4832,158,2276,4190,8187,5162,9093,9673,2194,4394,9019,3630,3615,6885,8170,8695,1940,3721,9543,4279,1340,2362,3211,926,167,115,9488,6962,7800,2769,8110,4501,5497,6872,8665,7292,1689,1156,7279,6718,5132,3787,5716,5902,1311,3863,673,2892,2191,8725,9554,9501,9713,9406,2851,1795,5442,4984]</script><script id="__LOADABLE_REQUIRED_CHUNKS___ext" type="application/json" defer="">{"namedChunks":["blossom-FlexPage","blossom-region","blossom-region_destination-hero-card","blossom-lodging-search-form","blossom-customer-notifications","blossom-one-key-onboarding","blossom-region_spacing-container","blossom-region_auth-container","blossom-managed-banner-wrapper","blossom-finish-your-booking","blossom-mojo","blossom-recent-searches","blossom-recent-activities-module","blossom-value-proposition-banner","blossom-property-types-carousel","blossom-region_lazy-load","blossom-single-card-marquee","blossom-region_toggle","blossom-links","blossom-partner-gallery","blossom-click-to-claim-toast"]}</script><script data-chunk="app" src="https://c.travel-assets.com/lotus-home-ui/mobx.9badb1094c2449cde5db.js" defer=""></script><script data-chunk="app" src="https://c.travel-assets.com/lotus-home-ui/egds.67d950972294e49512bc.js" defer=""></script><script data-chunk="app" src="https://c.travel-assets.com/lotus-home-ui/shared~TravelersField.f35772baee9598abfe6f.js" defer=""></script><script data-chunk="app" src="https://c.travel-assets.com/lotus-home-ui/core.ae3e957b5e5b8cbe4fde.js" defer=""></script><script data-chunk="app" src="https://c.travel-assets.com/lotus-home-ui/bernie.5055df339be63b50436b.js" defer=""></script><script data-chunk="app" src="https://c.travel-assets.com/lotus-home-ui/app-store-wizard-state.380cfbb731afe23ec3c1.js" defer=""></script><script data-chunk="app" src="https://c.travel-assets.com/lotus-home-ui/graphql.ab3fa10322bd5a0afa6b.js" defer=""></script><script data-chunk="app" src="https://c.travel-assets.com/lotus-home-ui/global-components.54514dc6bc5aa1cb8c98.js" defer=""></script><script data-chunk="app" src="https://c.travel-assets.com/lotus-home-ui/pap.596bb76e35dba342a790.js" defer=""></script><script data-chunk="app" src="https://c.travel-assets.com/lotus-home-ui/shared-ui.faef64cbabb257177c65.js" defer=""></script><script data-chunk="app" src="https://c.travel-assets.com/lotus-home-ui/vendor.af9ae23f7a7a15d4c375.js" defer=""></script><script data-chunk="app" src="https://c.travel-assets.com/lotus-home-ui/app.b94f0773274c489262ff.js" defer=""></script><script data-chunk="blossom-FlexPage" src="https://c.travel-assets.com/lotus-home-ui/utility~Mojo.b99f317de85c8f81bf12.js" defer=""></script><script data-chunk="blossom-FlexPage" src="https://c.travel-assets.com/lotus-home-ui/shared-ui-retail-trips-providers.9b6a269994f201b76f1b.js" defer=""></script><script data-chunk="blossom-FlexPage" src="https://c.travel-assets.com/lotus-home-ui/shared~StackedSticky.cf40523a5c13b8eed884.js" defer=""></script><script data-chunk="blossom-FlexPage" src="https://c.travel-assets.com/lotus-home-ui/shared-ui-customer-notifications.44f4cc1488b4e7645f34.js" defer=""></script><script data-chunk="blossom-FlexPage" src="https://c.travel-assets.com/lotus-home-ui/shared-ui-retail-recommendation-module.f0f8d9b0c62d984ecd49.js" defer=""></script><script data-chunk="blossom-FlexPage" src="https://c.travel-assets.com/lotus-home-ui/shared-ui-trips-save-item.6eddc523db76f4453217.js" defer=""></script><script data-chunk="blossom-FlexPage" src="https://c.travel-assets.com/lotus-home-ui/shared-ui-retail-affiliates-stripe.a5f0fcd74ab5233df67f.js" defer=""></script><script data-chunk="blossom-FlexPage" src="https://c.travel-assets.com/lotus-home-ui/shared-ui-retail-product-gallery.2c9c3ea488e35d701763.js" defer=""></script><script data-chunk="blossom-FlexPage" src="https://c.travel-assets.com/lotus-home-ui/shared-ui-retail-product-random-access-one.2ba4b95cba704f64a129.js" defer=""></script><script data-chunk="blossom-FlexPage" src="https://c.travel-assets.com/lotus-home-ui/shared-ui-global-navigation-header.7981d2449760d666d865.js" defer=""></script><script data-chunk="blossom-FlexPage" src="https://c.travel-assets.com/lotus-home-ui/shared-ui-retail-communication-center-preview-menu.487cecc28a8a131964cf.js" defer=""></script><script data-chunk="blossom-FlexPage" src="https://c.travel-assets.com/lotus-home-ui/shared-ui-retail-loyalty-account-summary.475404deb148b732bbb7.js" defer=""></script><script data-chunk="blossom-FlexPage" src="https://c.travel-assets.com/lotus-home-ui/shared-ui-customer-notification-center.57eda15197d45e842aa9.js" defer=""></script><script data-chunk="blossom-FlexPage" src="https://c.travel-assets.com/lotus-home-ui/node_modules~uitk-react-utils.8e17693aee9be70165a8.js" defer=""></script><script data-chunk="blossom-FlexPage" src="https://c.travel-assets.com/lotus-home-ui/node_modules~uitk-react-icons.b093c2ec904a5cee0796.js" defer=""></script><script data-chunk="blossom-FlexPage" src="https://c.travel-assets.com/lotus-home-ui/shared-ui-sponsored-content-partner-gallery.833b6e7d816b03ff0ab5.js" defer=""></script><script data-chunk="blossom-FlexPage" src="https://c.travel-assets.com/lotus-home-ui/shared-ui-retail-sponsored-content-transparency.9e3d9044fba8eda25d96.js" defer=""></script><script data-chunk="blossom-FlexPage" src="https://c.travel-assets.com/lotus-home-ui/shared-ui-retail-identity-google-one-tap.9bd2ef2952e585e648e4.js" defer=""></script><script data-chunk="blossom-FlexPage" src="https://c.travel-assets.com/lotus-home-ui/shared-ui-retail-credit-card-account-placement.f5e654bd3b24e661a86a.js" defer=""></script><script data-chunk="blossom-FlexPage" src="https://c.travel-assets.com/lotus-home-ui/shared-ui-pricing-price-summary.d973f0fdbfdea57ee5d4.js" defer=""></script><script data-chunk="blossom-FlexPage" src="https://c.travel-assets.com/lotus-home-ui/shared-ui-global-navigation-picker.0e8c463e0cc6851b66cf.js" defer=""></script><script data-chunk="blossom-FlexPage" src="https://c.travel-assets.com/lotus-home-ui/shared-ui-global-navigation-member-wallet.33ca4c57c7705cbf03be.js" defer=""></script><script data-chunk="blossom-FlexPage" src="https://c.travel-assets.com/lotus-home-ui/shared-ui-global-navigation-footer.eab169408182635ebeff.js" defer=""></script><script data-chunk="blossom-FlexPage" src="https://c.travel-assets.com/lotus-home-ui/shared-ui-customer-virtual-agent-control.f623654399e8b712b0bb.js" defer=""></script><script data-chunk="blossom-FlexPage" src="https://c.travel-assets.com/lotus-home-ui/blossom-FlexPage.8681551b88e410b85dba.js" defer=""></script><script data-chunk="blossom-region" src="https://c.travel-assets.com/lotus-home-ui/flexComponents~SimpleContainer.a0726048b311e0b2af70.js" defer=""></script><script data-chunk="blossom-region_destination-hero-card" src="https://c.travel-assets.com/lotus-home-ui/shared~BlossomImage.fd33e6f0035a50f66809.js" defer=""></script><script data-chunk="blossom-region_destination-hero-card" src="https://c.travel-assets.com/lotus-home-ui/blossom-region_destination-hero-card.c0d4222af1fe61a1c402.js" defer=""></script><script data-chunk="blossom-lodging-search-form" src="https://c.travel-assets.com/lotus-home-ui/shared-ui-shopping-search-criteria-providers.ad5036a3039b30e34d64.js" defer=""></script><script data-chunk="blossom-lodging-search-form" src="https://c.travel-assets.com/lotus-home-ui/shared-ui-flights-fare-calendar.530f7090b68bf3c5097a.js" defer=""></script><script data-chunk="blossom-lodging-search-form" src="https://c.travel-assets.com/lotus-home-ui/shared-ui-retail-search-tools-product.6ae70279438a69f87824.js" defer=""></script><script data-chunk="blossom-lodging-search-form" src="https://c.travel-assets.com/lotus-home-ui/shared-ui-retail-shopping-tools-egds-price-calendar.55fd7844404f1a8f6673.js" defer=""></script><script data-chunk="blossom-lodging-search-form" src="https://c.travel-assets.com/lotus-home-ui/utility~usePrefetchAssets.ts.fe87b66c8f8903cde003.js" defer=""></script><script data-chunk="blossom-lodging-search-form" src="https://c.travel-assets.com/lotus-home-ui/utility~useOptimizeLodgingSearchLoadTimeExperiment.ts.15f31d87924f082a7fb0.js" defer=""></script><script data-chunk="blossom-lodging-search-form" src="https://c.travel-assets.com/lotus-home-ui/blossom-lodging-search-form.6417107a29a8ffcb5759.js" defer=""></script><script data-chunk="blossom-customer-notifications" src="https://c.travel-assets.com/lotus-home-ui/blossom-customer-notifications.896c9214a9ca06f05181.js" defer=""></script><script data-chunk="blossom-one-key-onboarding" src="https://c.travel-assets.com/lotus-home-ui/shared-ui-retail-loyalty-one-key-onboarding.8f64c2284cbaa429cccd.js" defer=""></script><script data-chunk="blossom-one-key-onboarding" src="https://c.travel-assets.com/lotus-home-ui/blossom-one-key-onboarding.8bcd4f5bdbdc0fc00ad3.js" defer=""></script><script data-chunk="blossom-region_spacing-container" src="https://c.travel-assets.com/lotus-home-ui/blossom-region_spacing-container.f7e68feae0ff75a824a1.js" defer=""></script><script data-chunk="blossom-region_auth-container" src="https://c.travel-assets.com/lotus-home-ui/blossom-region_auth-container.750f40e157324fbe6ff6.js" defer=""></script><script data-chunk="blossom-managed-banner-wrapper" src="https://c.travel-assets.com/lotus-home-ui/shared-ui-retail-managed-banner.907b699901b6dfcb86a5.js" defer=""></script><script data-chunk="blossom-managed-banner-wrapper" src="https://c.travel-assets.com/lotus-home-ui/blossom-managed-banner-wrapper.cf0dd0269cd0bc02f10e.js" defer=""></script><script data-chunk="blossom-finish-your-booking" src="https://c.travel-assets.com/lotus-home-ui/blossom-finish-your-booking.7125a6fa36b15c38264c.js" defer=""></script><script data-chunk="blossom-mojo" src="https://c.travel-assets.com/lotus-home-ui/blossom-mojo.64a56f74467cc4f45718.js" defer=""></script><script data-chunk="blossom-recent-searches" src="https://c.travel-assets.com/lotus-home-ui/blossom-recent-searches.9d645087a14fa56dbec7.js" defer=""></script><script data-chunk="blossom-recent-activities-module" src="https://c.travel-assets.com/lotus-home-ui/shared-ui-retail-recent-activities.80a7f6dd0bcaa3081a9c.js" defer=""></script><script data-chunk="blossom-recent-activities-module" src="https://c.travel-assets.com/lotus-home-ui/blossom-recent-activities-module.7d377590112fafbd7f18.js" defer=""></script><script data-chunk="blossom-value-proposition-banner" src="https://c.travel-assets.com/lotus-home-ui/blossom-value-proposition-banner.ef2656c6d7917a8e0f9c.js" defer=""></script><script data-chunk="blossom-property-types-carousel" src="https://c.travel-assets.com/lotus-home-ui/blossom-property-types-carousel.89f5165bf144c7e6ee6a.js" defer=""></script><script data-chunk="blossom-region_lazy-load" src="https://c.travel-assets.com/lotus-home-ui/blossom-region_lazy-load.db45a28e9f8760fd47fd.js" defer=""></script><script data-chunk="blossom-single-card-marquee" src="https://c.travel-assets.com/lotus-home-ui/shared-ui-retail-sponsored-content-marquee-cards.1f3613f1214e01440270.js" defer=""></script><script data-chunk="blossom-single-card-marquee" src="https://c.travel-assets.com/lotus-home-ui/blossom-single-card-marquee.1c181330a10ef021fa44.js" defer=""></script><script data-chunk="blossom-region_toggle" src="https://c.travel-assets.com/lotus-home-ui/flexComponents~ToggleContainer.652560f1e473d98c34c3.js" defer=""></script><script data-chunk="blossom-region_toggle" src="https://c.travel-assets.com/lotus-home-ui/blossom-region_toggle.eda83b37428dd2e22c18.js" defer=""></script><script data-chunk="blossom-links" src="https://c.travel-assets.com/lotus-home-ui/utility~analytics.e6a6c006c045ac7cea58.js" defer=""></script><script data-chunk="blossom-links" src="https://c.travel-assets.com/lotus-home-ui/flexComponents~Links.73b70aa63cfb601b0839.js" defer=""></script><script data-chunk="blossom-partner-gallery" src="https://c.travel-assets.com/lotus-home-ui/blossom-partner-gallery.d896671e0034f7013045.js" defer=""></script><script data-chunk="blossom-click-to-claim-toast" src="https://c.travel-assets.com/lotus-home-ui/blossom-click-to-claim-toast.49fd9474c8c0e0be079c.js" defer=""></script><script src="https://c.travel-assets.com/lotus-home-ui/l10nBundle/tr_TR.32cd22e0bedc6ac91ac7.js"></script><script>window.__APOLLO_STATE__ = JSON.parse("{\"ROOT_QUERY\":{\"__typename\":\"Query\",\"abandonedCheckout({\\\"context\\\":{\\\"currency\\\":\\\"TRY\\\",\\\"debugContext\\\":{\\\"abacusOverrides\\\":[]},\\\"device\\\":{\\\"type\\\":\\\"DESKTOP\\\"},\\\"eapid\\\":28,\\\"identity\\\":{\\\"authState\\\":\\\"ANONYMOUS\\\",\\\"duaid\\\":\\\"18713dec-4f39-4264-b08c-955fc30f3efb\\\"},\\\"locale\\\":\\\"tr_TR\\\",\\\"privacyTrackingState\\\":\\\"CAN_TRACK\\\",\\\"siteId\\\":300000028,\\\"tpid\\\":3115}})\":null,\"coBrandBanner({\\\"context\\\":{\\\"currency\\\":\\\"TRY\\\",\\\"debugContext\\\":{\\\"abacusOverrides\\\":[]},\\\"device\\\":{\\\"type\\\":\\\"DESKTOP\\\"},\\\"eapid\\\":28,\\\"identity\\\":{\\\"authState\\\":\\\"ANONYMOUS\\\",\\\"duaid\\\":\\\"18713dec-4f39-4264-b08c-955fc30f3efb\\\"},\\\"locale\\\":\\\"tr_TR\\\",\\\"privacyTrackingState\\\":\\\"CAN_TRACK\\\",\\\"siteId\\\":300000028,\\\"tpid\\\":3115}})\":{\"__typename\":\"CoBrandBannerData\",\"logoData\":null,\"textData\":null,\"styles\":{\"__typename\":\"CoBrandBannerStyles\",\"mainContainer\":{\"__typename\":\"CoBrandBannerStyle\",\"desktop\":null,\"tablet\":null,\"mobile\":null,\"commonStyle\":null},\"subContainer\":{\"__typename\":\"CoBrandBannerStyle\",\"desktop\":null,\"tablet\":null,\"mobile\":null,\"commonStyle\":null}}},\"valuePropositionBanner({\\\"context\\\":{\\\"currency\\\":\\\"TRY\\\",\\\"debugContext\\\":{\\\"abacusOverrides\\\":[]},\\\"device\\\":{\\\"type\\\":\\\"DESKTOP\\\"},\\\"eapid\\\":28,\\\"identity\\\":{\\\"authState\\\":\\\"ANONYMOUS\\\",\\\"duaid\\\":\\\"18713dec-4f39-4264-b08c-955fc30f3efb\\\"},\\\"locale\\\":\\\"tr_TR\\\",\\\"privacyTrackingState\\\":\\\"CAN_TRACK\\\",\\\"siteId\\\":300000028,\\\"tpid\\\":3115},\\\"placementId\\\":\\\"\\\"})\":{\"__typename\":\"ValuePropositionBanner\",\"header\":{\"__typename\":\"EGDSHeading\",\"text\":\"Mükemmel konaklamanızı bulun ve rezervasyon yapın\"},\"carousel\":{\"__typename\":\"EGDSCarousel\",\"nextButton\":{\"__typename\":\"UITertiaryButton\",\"accessibility\":\"Sonraki teklifi göster\"},\"previousButton\":{\"__typename\":\"UITertiaryButton\",\"accessibility\":\"Önceki teklifi göster\"},\"items\":[{\"__typename\":\"EGDSCardCarouselItem\",\"card\":{\"__typename\":\"EGDSStandardMessagingCard\",\"message\":\"Konakladığınız her gece için ödüller kazanın\",\"links\":null,\"graphic\":{\"__typename\":\"Icon\",\"id\":\"moon_sleeps\"},\"impressionTracking\":{\"__typename\":\"ClientSideAnalytics\",\"linkName\":\"ValuePropositionBannerImpression\",\"referrerId\":\"Web.ValuePropositionBanner.Card_0.Viewed\"}}},{\"__typename\":\"EGDSCardCarouselItem\",\"card\":{\"__typename\":\"EGDSStandardMessagingCard\",\"message\":\"Üye Fiyatlarıyla daha fazla kazanç elde edin\",\"links\":null,\"graphic\":{\"__typename\":\"Icon\",\"id\":\"local_offer\"},\"impressionTracking\":{\"__typename\":\"ClientSideAnalytics\",\"linkName\":\"ValuePropositionBannerImpression\",\"referrerId\":\"Web.ValuePropositionBanner.Card_1.Viewed\"}}},{\"__typename\":\"EGDSCardCarouselItem\",\"card\":{\"__typename\":\"EGDSStandardMessagingCard\",\"message\":\"Planların değişmesi durumunda ücretsiz iptal seçenekleri\",\"links\":null,\"graphic\":{\"__typename\":\"Icon\",\"id\":\"calendar\"},\"impressionTracking\":{\"__typename\":\"ClientSideAnalytics\",\"linkName\":\"ValuePropositionBannerImpression\",\"referrerId\":\"Web.ValuePropositionBanner.Card_2.Viewed\"}}}]},\"grid\":null,\"disclosure\":{\"__typename\":\"ValuePropositionBannerDisclosure\",\"content\":{\"__typename\":\"ValuePropositionBannerDisclosurePopover\",\"header\":{\"__typename\":\"EGDSBasicSectionHeading\",\"heading\":{\"__typename\":\"EGDSHeading\",\"text\":\"Önemli ayrıntılar\"},\"graphic\":{\"__typename\":\"Icon\",\"description\":\"İletişim kutusunu kapat\"}},\"closeAnalytics\":{\"__typename\":\"ClientSideAnalytics\",\"linkName\":\"ValuePropositionBannerDisclosureClose\",\"referrerId\":\"Web.ValuePropositionBanner.InformationBanner.Close.Clicked\"},\"details\":{\"__typename\":\"EGDSUnorderedList\",\"listItems\":[{\"__typename\":\"HomeTextLinkListItem\",\"text\":\"Ödüller\",\"subText\":\"Şartlara tabidir\",\"action\":{\"__typename\":\"UILinkAction\",\"resource\":{\"__typename\":\"HttpURI\",\"value\":\"https:\\u002F\\u002Ftr.hotels.com\\u002Flp\\u002Fb\\u002Fhcom-rewards-terms\"},\"analytics\":{\"__typename\":\"ClientSideAnalytics\",\"linkName\":\"ValuePropositionBannerDisclosureOneKeyRewardsTermClick\",\"referrerId\":\"Web.ValuePropositionBanner.InformationBanner.OneKeyRewardsTerm.Clicked\"}}},{\"__typename\":\"EGDSTextStandardListItem\",\"text\":\"Üye Fiyatları\",\"subText\":\"Üye Fiyatları, seçili otellerde oturum giriş yapan üyeler ve uygulama kullanıcıları için geçerlidir. İndirim seçili otellerin fiyatına uygulanacaktır (geçerli vergiler ve diğer ücretler hariçtir). Hükümlere ve koşullara tabidir.\"},{\"__typename\":\"EGDSTextStandardListItem\",\"text\":\"Ücretsiz iptal seçenekleri\",\"subText\":\"Bazı oteller, rezervasyonunuzu girişten en geç 24 saat önce iptal etmenizi gerekli kılar. Daha fazla bilgi için siteyi ziyaret edin.\"}]}},\"icon\":{\"__typename\":\"Icon\",\"description\":\"Bilgi simgesi\",\"id\":\"info_outline\"},\"openAnalytics\":{\"__typename\":\"ClientSideAnalytics\",\"linkName\":\"ValuePropositionBannerDisclosureOpen\",\"referrerId\":\"Web.ValuePropositionBanner.InformationButton.Clicked\"}}},\"globalHeader({\\\"context\\\":{\\\"currency\\\":\\\"TRY\\\",\\\"debugContext\\\":{\\\"abacusOverrides\\\":[]},\\\"device\\\":{\\\"type\\\":\\\"DESKTOP\\\"},\\\"eapid\\\":28,\\\"identity\\\":{\\\"authState\\\":\\\"ANONYMOUS\\\",\\\"duaid\\\":\\\"18713dec-4f39-4264-b08c-955fc30f3efb\\\"},\\\"locale\\\":\\\"tr_TR\\\",\\\"privacyTrackingState\\\":\\\"CAN_TRACK\\\",\\\"siteId\\\":300000028,\\\"tpid\\\":3115},\\\"lineOfBusiness\\\":\\\"UNKNOWN\\\",\\\"minimal\\\":false,\\\"theme\\\":null,\\\"viewSize\\\":null})\":{\"__typename\":\"Header\",\"logos\":{\"__typename\":\"HeaderSection\",\"alignment\":\"START\",\"sectionData\":[{\"__typename\":\"HeaderLogo\",\"imgSrc\":{\"__typename\":\"Image\",\"description\":\"Hotels logosu\",\"url\":\"https:\\u002F\\u002Ftr.hotels.com\\u002F_dms\\u002Fheader\\u002Flogo.svg?locale=tr_TR&siteid=300000028&2&6f9ec7db\"},\"action\":{\"__typename\":\"UILinkAction\",\"resource\":{\"__typename\":\"HttpURI\",\"value\":\"https:\\u002F\\u002Ftr.hotels.com\\u002F\"},\"analytics\":{\"__typename\":\"ClientSideAnalytics\",\"linkName\":\"Header.Logo\",\"referrerId\":\"Header.Logo\"}}}]},\"primaryNavigation\":{\"__typename\":\"HeaderSection\",\"alignment\":\"START\",\"sectionData\":[{\"__typename\":\"HeaderMenu\",\"text\":\"Seyahat Ara\",\"subText\":null,\"memberTheme\":null,\"signInLinkAction\":null,\"avatar\":null,\"menuId\":\"ShopTravel\",\"icon\":{\"__typename\":\"Icon\",\"id\":\"expand_more\",\"description\":\"Seyahat Ara\"},\"iconPosition\":\"RIGHT\",\"triggerAnalytics\":{\"__typename\":\"ClientSideAnalytics\",\"referrerId\":\"ShopTravel\",\"linkName\":\"Header.Menu\"},\"menuPosition\":\"LEFT\",\"impressionAnalytics\":{\"__typename\":\"ClientSideImpressionEventAnalytics\",\"referrerId\":\"Header.Menu.Impression\",\"linkName\":\"\"},\"autoOpen\":false,\"menuCookies\":[],\"menuState\":null,\"items\":[{\"__typename\":\"HeaderMenuLink\",\"icon\":null,\"text\":\"Gruplar ve toplantılar\",\"newTabText\":\"\",\"testId\":\"landing-link-1-link\",\"headerAction\":{\"__typename\":\"HeaderLinkAction\",\"analytics\":{\"__typename\":\"ClientSideAnalytics\",\"linkName\":\"ShopTravel.GroupsMeetings\",\"referrerId\":\"ShopTravel.GroupsMeetings\"},\"linkTarget\":\"_self\",\"isRelative\":false,\"resource\":{\"__typename\":\"HttpURI\",\"value\":\"http:\\u002F\\u002Ftr.grup.hotels.com\\u002FGroupForm.cfm?locale=tr_TR&kw=header\",\"relativePath\":\"\\u002FGroupForm.cfm?locale=tr_TR&kw=header\"}}},{\"__typename\":\"HeaderMenuLink\",\"icon\":null,\"text\":\"Hotels.com™ Rewards\",\"newTabText\":\"\",\"testId\":\"landing-link-2-link\",\"headerAction\":{\"__typename\":\"HeaderLinkAction\",\"analytics\":{\"__typename\":\"ClientSideAnalytics\",\"linkName\":\"ShopTravel.rewards\",\"referrerId\":\"ShopTravel.rewards\"},\"linkTarget\":\"_self\",\"isRelative\":true,\"resource\":{\"__typename\":\"HttpURI\",\"value\":\"https:\\u002F\\u002Ftr.hotels.com\\u002Fhotel-rewards-pillar\\u002Fhotelscomrewards.html\",\"relativePath\":\"\\u002Fhotel-rewards-pillar\\u002Fhotelscomrewards.html\"}}}]}]},\"secondaryNavigation\":{\"__typename\":\"HeaderSection\",\"alignment\":\"END\",\"sectionData\":[{\"__typename\":\"MobileAppDownloadButton\",\"skipSsr\":true},{\"__typename\":\"HeaderPicker\",\"skipSsr\":true},{\"__typename\":\"HeaderNavLink\",\"icon\":null,\"text\":\"Konaklama yerinizi kaydedin\",\"newTabText\":\"Yeni bir pencerede açılır\",\"testId\":\"listYourProperty-link\",\"headerAction\":{\"__typename\":\"HeaderLinkAction\",\"analytics\":{\"__typename\":\"ClientSideAnalytics\",\"linkName\":\"Header.AddYourProperty\",\"referrerId\":\"Header.AddYourProperty\"},\"linkTarget\":\"_blank\",\"isRelative\":false,\"resource\":{\"__typename\":\"HttpURI\",\"value\":\"https:\\u002F\\u002Fapps.expediapartnercentral.com\\u002Ftr_TR\\u002Flist?utm_medium=referral&utm_source=HCOM_TR-tr_TR&utm_campaign=direct&utm_contentewd=pwa-header-btn&siteId=300000028&tpid=3115&eapid=28&langId=1055&utm_term=direct&lasttouchMktgcode=direct\",\"relativePath\":\"\\u002Ftr_TR\\u002Flist?utm_medium=referral&utm_source=HCOM_TR-tr_TR&utm_campaign=direct&utm_contentewd=pwa-header-btn&siteId=300000028&tpid=3115&eapid=28&langId=1055&utm_term=direct&lasttouchMktgcode=direct\"}}},{\"__typename\":\"HeaderNavLink\",\"icon\":null,\"text\":\"Destek\",\"newTabText\":\"\",\"testId\":\"support-cs-link\",\"headerAction\":{\"__typename\":\"HeaderLinkAction\",\"analytics\":{\"__typename\":\"ClientSideAnalytics\",\"linkName\":\"Header.CustSupport\",\"referrerId\":\"Header.CustSupport\"},\"linkTarget\":\"_self\",\"isRelative\":false,\"resource\":{\"__typename\":\"HttpURI\",\"value\":\"https:\\u002F\\u002Fservice.hotels.com\\u002Ftr-tr\\u002F\",\"relativePath\":\"\\u002Ftr-tr\\u002F\"}}},{\"__typename\":\"HeaderNavLink\",\"icon\":null,\"text\":\"Seyahatler\",\"newTabText\":\"\",\"testId\":\"itinerary-link\",\"headerAction\":{\"__typename\":\"HeaderLinkAction\",\"analytics\":{\"__typename\":\"ClientSideAnalytics\",\"linkName\":\"Header.Itinerary\",\"referrerId\":\"Header.Itinerary\"},\"linkTarget\":\"_self\",\"isRelative\":true,\"resource\":{\"__typename\":\"HttpURI\",\"value\":\"https:\\u002F\\u002Ftr.hotels.com\\u002Ftrips\",\"relativePath\":\"\\u002Ftrips\"}}},{\"__typename\":\"CommunicationCenter\",\"skipSsr\":true},{\"__typename\":\"HeaderMenu\",\"text\":\"Giriş yap\",\"subText\":null,\"memberTheme\":null,\"signInLinkAction\":null,\"avatar\":null,\"menuId\":\"memberProfileGuest\",\"icon\":null,\"iconPosition\":\"LEFT\",\"triggerAnalytics\":{\"__typename\":\"ClientSideAnalytics\",\"referrerId\":\"Header.AccountHeading\",\"linkName\":\"Header.Menu\"},\"menuPosition\":\"RIGHT\",\"impressionAnalytics\":{\"__typename\":\"ClientSideImpressionEventAnalytics\",\"referrerId\":\"Header.Menu.Impression\",\"linkName\":\"\"},\"autoOpen\":true,\"menuCookies\":[{\"__typename\":\"NavigationCookie\",\"name\":\"NavActions\",\"value\":\"acctWasOpened\"}],\"menuState\":null,\"items\":[{\"__typename\":\"HeaderText\",\"textType\":\"HEADING\",\"text\":\"Üyeler giriş yaptıklarında dünya genelinde 100.000'den fazla otelde %10 veya daha fazla kazanç sağlar\",\"subText\":\"\",\"textSize\":\"SMALL\"},{\"__typename\":\"HeaderSignInButton\",\"buttonType\":\"PRIMARY\",\"linkTarget\":\"_self\",\"text\":\"Giriş yap\",\"testId\":\"account-signin-button\",\"headerAction\":{\"__typename\":\"HeaderLinkAction\",\"analytics\":{\"__typename\":\"ClientSideAnalytics\",\"linkName\":\"Header.Signin\",\"referrerId\":\"Header.Signin\"},\"linkTarget\":\"_self\",\"isRelative\":true,\"resource\":{\"__typename\":\"HttpURI\",\"value\":\"https:\\u002F\\u002Ftr.hotels.com\\u002Flogin\",\"relativePath\":\"\\u002Flogin\"}}},{\"__typename\":\"HeaderSignUpButton\",\"buttonType\":\"TERTIARY\",\"linkTarget\":\"_self\",\"text\":\"Ücretsiz olarak kaydolun\",\"testId\":\"account-register-button\",\"headerAction\":{\"__typename\":\"HeaderLinkAction\",\"analytics\":{\"__typename\":\"ClientSideAnalytics\",\"linkName\":\"Header.CreateAccount\",\"referrerId\":\"Header.CreateAccount\"},\"linkTarget\":\"_self\",\"isRelative\":true,\"resource\":{\"__typename\":\"HttpURI\",\"value\":\"https:\\u002F\\u002Ftr.hotels.com\\u002Fsignup\",\"relativePath\":\"\\u002Fsignup\"}}},{\"__typename\":\"HeaderSeparator\",\"type\":\"HORIZONTAL_RULE\"},{\"__typename\":\"HeaderMenuLink\",\"icon\":null,\"text\":\"Görüş bildir\",\"newTabText\":\"Yeni bir pencerede açılır\",\"testId\":\"support-feedback-link\",\"headerAction\":{\"__typename\":\"HeaderLinkAction\",\"analytics\":{\"__typename\":\"ClientSideAnalytics\",\"linkName\":\"Header.Feedback\",\"referrerId\":\"Header.Feedback\"},\"linkTarget\":\"_blank\",\"isRelative\":false,\"resource\":{\"__typename\":\"HttpURI\",\"value\":\"https:\\u002F\\u002Fwww.directword.io\\u002Fsurvey\\u002Fdomain=www.hotels.com\\u002Flocale=tr_TR\",\"relativePath\":\"\\u002Fsurvey\\u002Fdomain=www.hotels.com\\u002Flocale=tr_TR\"}}}]}]},\"bsaBanner\":null,\"subHeader\":null,\"viewSize\":\"EXTRA_LARGE\",\"inverseThemePrimaryRow\":false,\"inverseThemeSecondaryRow\":false,\"externalSharedUIComponents\":[{\"__typename\":\"GoogleOneTap\",\"skipSsr\":true}]},\"localePreferences({\\\"context\\\":{\\\"currency\\\":\\\"TRY\\\",\\\"debugContext\\\":{\\\"abacusOverrides\\\":[]},\\\"device\\\":{\\\"type\\\":\\\"DESKTOP\\\"},\\\"eapid\\\":28,\\\"identity\\\":{\\\"authState\\\":\\\"ANONYMOUS\\\",\\\"duaid\\\":\\\"18713dec-4f39-4264-b08c-955fc30f3efb\\\"},\\\"locale\\\":\\\"tr_TR\\\",\\\"privacyTrackingState\\\":\\\"CAN_TRACK\\\",\\\"siteId\\\":300000028,\\\"tpid\\\":3115},\\\"lineOfBusiness\\\":\\\"UNKNOWN\\\",\\\"pickerTriggerPlacementType\\\":\\\"NAV_LINK\\\"})\":{\"__typename\":\"Picker\",\"heading\":\"Görüntü ayarları\",\"closeDialogText\":\"Kapat\",\"submitText\":\"Kaydet\",\"bannerText\":null,\"oneKeyMessagingHeading\":\"Bölgenizi değiştirirseniz ödül programınız da değişebilir\",\"oneKeyMessagingSubHeading\":\"Mevcut ödül programınızı kullanmaya devam etmek için bölgenizi değiştirmeyin. One Key şu anda yalnızca belirli bölgelerde kullanılabilmektedir.\",\"urlToSubmit\":null,\"queryParamsToSubmit\":[],\"trigger\":{\"__typename\":\"PickerTrigger\",\"iconName\":null,\"text\":\"TRY \",\"flagName\":\"TR\",\"trackingEvent\":\"Picker.PWA.Header.Nav.Open\",\"displayType\":\"GLOBAL_NAV_BUTTON\"},\"preferences\":[{\"__typename\":\"PosSelector\",\"heading\":\"Bölge\",\"options\":[{\"__typename\":\"PosSelectorOption\",\"name\":\"Türkiye · TRY ₺\",\"selected\":true,\"value\":\"300000028\"},{\"__typename\":\"PosSelectorOption\",\"name\":\"Almanya · EUR €\",\"selected\":false,\"value\":\"300000752\"},{\"__typename\":\"PosSelectorOption\",\"name\":\"Amerika Birleşik Devletleri · USD $\",\"selected\":false,\"value\":\"300000001\"},{\"__typename\":\"PosSelectorOption\",\"name\":\"Arjantin · ARS $\",\"selected\":false,\"value\":\"301900003\"},{\"__typename\":\"PosSelectorOption\",\"name\":\"Avustralya · AUD $\",\"selected\":false,\"value\":\"300000035\"},{\"__typename\":\"PosSelectorOption\",\"name\":\"Avusturya · EUR €\",\"selected\":false,\"value\":\"300000020\"},{\"__typename\":\"PosSelectorOption\",\"name\":\"Belçika · EUR €\",\"selected\":false,\"value\":\"300000017\"},{\"__typename\":\"PosSelectorOption\",\"name\":\"Birleşik Krallık · GBP £\",\"selected\":false,\"value\":\"300000005\"},{\"__typename\":\"PosSelectorOption\",\"name\":\"Brezilya · BRL R$\",\"selected\":false,\"value\":\"301800003\"},{\"__typename\":\"PosSelectorOption\",\"name\":\"Danimarka · DKK kr\",\"selected\":false,\"value\":\"300000013\"},{\"__typename\":\"PosSelectorOption\",\"name\":\"Diğer Asya Ülkeleri · USD $\",\"selected\":false,\"value\":\"300000034\"},{\"__typename\":\"PosSelectorOption\",\"name\":\"Diğer Avrupa Ülkeleri · EUR €\",\"selected\":false,\"value\":\"300000025\"},{\"__typename\":\"PosSelectorOption\",\"name\":\"Diğer Latin Amerika Ülkeleri · USD $\",\"selected\":false,\"value\":\"300000003\"},{\"__typename\":\"PosSelectorOption\",\"name\":\"Endonezya · IDR Rp\",\"selected\":false,\"value\":\"321200046\"},{\"__typename\":\"PosSelectorOption\",\"name\":\"Filipinler · PHP ₱\",\"selected\":false,\"value\":\"300000044\"},{\"__typename\":\"PosSelectorOption\",\"name\":\"Finlandiya · EUR €\",\"selected\":false,\"value\":\"300000018\"},{\"__typename\":\"PosSelectorOption\",\"name\":\"Fransa · EUR €\",\"selected\":false,\"value\":\"300000010\"},{\"__typename\":\"PosSelectorOption\",\"name\":\"Güney Afrika · ZAR R\",\"selected\":false,\"value\":\"300000032\"},{\"__typename\":\"PosSelectorOption\",\"name\":\"Güney Kore · KRW ₩\",\"selected\":false,\"value\":\"300000041\"},{\"__typename\":\"PosSelectorOption\",\"name\":\"Hindistan · INR ₹\",\"selected\":false,\"value\":\"300000036\"},{\"__typename\":\"PosSelectorOption\",\"name\":\"Hollanda · EUR €\",\"selected\":false,\"value\":\"300000009\"},{\"__typename\":\"PosSelectorOption\",\"name\":\"Hong Kong ÖİB · HKD $\",\"selected\":false,\"value\":\"300000039\"},{\"__typename\":\"PosSelectorOption\",\"name\":\"Japonya · JPY ¥\",\"selected\":false,\"value\":\"300000037\"},{\"__typename\":\"PosSelectorOption\",\"name\":\"Kanada · CAD $\",\"selected\":false,\"value\":\"300000002\"},{\"__typename\":\"PosSelectorOption\",\"name\":\"Kolombiya · COP $\",\"selected\":false,\"value\":\"312700003\"},{\"__typename\":\"PosSelectorOption\",\"name\":\"Macaristan · HUF ft\",\"selected\":false,\"value\":\"300000023\"},{\"__typename\":\"PosSelectorOption\",\"name\":\"Malezya · MYR RM\",\"selected\":false,\"value\":\"300000043\"},{\"__typename\":\"PosSelectorOption\",\"name\":\"Meksika · MXN $\",\"selected\":false,\"value\":\"300400003\"},{\"__typename\":\"PosSelectorOption\",\"name\":\"Norveç · NOK kr\",\"selected\":false,\"value\":\"300000012\"},{\"__typename\":\"PosSelectorOption\",\"name\":\"Orta Doğu ve Afrika · USD $\",\"selected\":false,\"value\":\"310000033\"},{\"__typename\":\"PosSelectorOption\",\"name\":\"Peru · PEN S\\u002F.\",\"selected\":false,\"value\":\"312900003\"},{\"__typename\":\"PosSelectorOption\",\"name\":\"Portekiz · EUR €\",\"selected\":false,\"value\":\"300000027\"},{\"__typename\":\"PosSelectorOption\",\"name\":\"Singapur · SGD $\",\"selected\":false,\"value\":\"300000040\"},{\"__typename\":\"PosSelectorOption\",\"name\":\"Tayland · THB ฿\",\"selected\":false,\"value\":\"300000046\"},{\"__typename\":\"PosSelectorOption\",\"name\":\"Tayvan · TWD NT$\",\"selected\":false,\"value\":\"300000045\"},{\"__typename\":\"PosSelectorOption\",\"name\":\"Vietnam · VND ₫\",\"selected\":false,\"value\":\"3213\"},{\"__typename\":\"PosSelectorOption\",\"name\":\"Yeni Zelanda · NZD $\",\"selected\":false,\"value\":\"300000038\"},{\"__typename\":\"PosSelectorOption\",\"name\":\"Yunanistan · EUR €\",\"selected\":false,\"value\":\"300000021\"},{\"__typename\":\"PosSelectorOption\",\"name\":\"Çin · CNY ¥\",\"selected\":false,\"value\":\"300000042\"},{\"__typename\":\"PosSelectorOption\",\"name\":\"İrlanda · EUR €\",\"selected\":false,\"value\":\"300000019\"},{\"__typename\":\"PosSelectorOption\",\"name\":\"İspanya · EUR €\",\"selected\":false,\"value\":\"300000008\"},{\"__typename\":\"PosSelectorOption\",\"name\":\"İsveç · SEK kr\",\"selected\":false,\"value\":\"300000011\"},{\"__typename\":\"PosSelectorOption\",\"name\":\"İsviçre · CHF \",\"selected\":false,\"value\":\"300000014\"},{\"__typename\":\"PosSelectorOption\",\"name\":\"İtalya · EUR €\",\"selected\":false,\"value\":\"300000007\"},{\"__typename\":\"PosSelectorOption\",\"name\":\"İzlanda · ISK kr\",\"selected\":false,\"value\":\"300000024\"},{\"__typename\":\"PosSelectorOption\",\"name\":\"Şili · CLP $\",\"selected\":false,\"value\":\"312800003\"}],\"onChangeAnalytics\":{\"__typename\":\"ClientSideAnalytics\",\"linkName\":\"OneKey.GlobalNav\",\"referrerId\":\"Header.DisplaySettings.Region.{value}.Selected\"}},{\"__typename\":\"LanguageSelector\",\"heading\":\"Dil\",\"queryParameterName\":\"locale\",\"options\":[{\"__typename\":\"LanguageSelectorOption\",\"name\":\"Türkçe (Türkiye)\",\"selected\":true,\"value\":\"tr_TR\"}],\"onChangeAnalytics\":{\"__typename\":\"ClientSideAnalytics\",\"linkName\":\"OneKey.GlobalNav\",\"referrerId\":\"Header.DisplaySettings.Language.{value}.Selected\"}},{\"__typename\":\"CurrencySelector\",\"disabled\":true,\"heading\":\"Para birimi\",\"queryParameterName\":\"currency\",\"options\":[{\"__typename\":\"CurrencySelectorOption\",\"name\":\"TRY ₺\",\"selected\":true,\"value\":\"TRY\"}],\"onChangeAnalytics\":{\"__typename\":\"ClientSideAnalytics\",\"linkName\":\"OneKey.GlobalNav\",\"referrerId\":\"Header.DisplaySettings.Currency.{value}.Selected\"}}],\"impressionAnalytics\":{\"__typename\":\"ClientSideAnalytics\",\"linkName\":\"OneKey.GlobalNav\",\"referrerId\":\"Header.OneKey.DisplaySettings.Impression\"},\"saveAnalytics\":{\"__typename\":\"ClientSideAnalytics\",\"linkName\":\"OneKey.GlobalNav\",\"referrerId\":\"Header.DisplaySettings.Save.Selected\"}},\"notification({\\\"context\\\":{\\\"currency\\\":\\\"TRY\\\",\\\"debugContext\\\":{\\\"abacusOverrides\\\":[]},\\\"device\\\":{\\\"type\\\":\\\"DESKTOP\\\"},\\\"eapid\\\":28,\\\"identity\\\":{\\\"authState\\\":\\\"ANONYMOUS\\\",\\\"duaid\\\":\\\"18713dec-4f39-4264-b08c-955fc30f3efb\\\"},\\\"locale\\\":\\\"tr_TR\\\",\\\"privacyTrackingState\\\":\\\"CAN_TRACK\\\",\\\"siteId\\\":300000028,\\\"tpid\\\":3115}})\":{\"__typename\":\"NotificationQuery\",\"mobileAppDownloadButton({\\\"optionalPageId\\\":\\\"Homepage\\\"})\":{\"__typename\":\"AppDownloadButton\",\"button\":{\"__typename\":\"UISecondaryButton\",\"primary\":\"Uygulamayı edinin\",\"icon\":{\"__typename\":\"Icon\",\"id\":\"download\",\"title\":\"Mobil uygulamayı indirin\",\"description\":\"Download button\"},\"analytics\":{\"__typename\":\"ClientSideAnalytics\",\"linkName\":\"Click omtr event\",\"referrerId\":\"HCOM-NAVBAR-DESKTOP-CTA-V0.CLICK\",\"eventType\":\"CLICK\"}},\"revealAction\":{\"__typename\":\"ClientSideImpressionEventAnalytics\",\"event\":\"IMPRESSION\",\"referrerId\":\"HCOM-NAVBAR-DESKTOP-CTA-V0.IMP\",\"linkName\":\"Impression omtr event\"},\"action\":{\"__typename\":\"UIBannerLinkAction\",\"target\":\"EXTERNAL\",\"resource\":{\"__typename\":\"HttpURI\",\"value\":\"https:\\u002F\\u002Fhotels.app.link\\u002F?~customer_ad_set_name=HOTELS-TR&~customer_ad_name=BRAND.HCOM.OWNED.BRANCH.DEFAULT.MAD&~customer_campaign=BRAND&~customer_placement=HCOM-NAVBAR-DESKTOP-CTA-V0DESKTOP&~placement_id=Homepage&%24desktop_url=https%3A%2F%2Ftr.hotels.com%2Fapp&custom_web_attribute=18713dec-4f39-4264-b08c-955fc30f3efb&%24canonical_url=https%3A%2F%2Ftr.hotels.com\"}}},\"inlineNotification({\\\"lineOfBusiness\\\":\\\"UNCLASSIFIED\\\",\\\"notificationLocation\\\":\\\"PRE_HEADER\\\",\\\"optionalContext\\\":{\\\"referer\\\":\\\"https:\\u002F\\u002Ftr.hotels.com\\u002F\\\"},\\\"optionalPageId\\\":\\\"Homepage\\\",\\\"pageLocation\\\":\\\"ENTRY\\\"})\":{\"__ref\":\"InlineNotification:{\\\"type\\\":\\\"NONE\\\",\\\"notificationLocation\\\":\\\"PRE_HEADER\\\"}\"},\"inlineNotification({\\\"lineOfBusiness\\\":\\\"UNCLASSIFIED\\\",\\\"notificationLocation\\\":\\\"LEGAL\\\",\\\"optionalContext\\\":{\\\"referer\\\":\\\"https:\\u002F\\u002Ftr.hotels.com\\u002F\\\"},\\\"optionalPageId\\\":\\\"Homepage\\\",\\\"pageLocation\\\":\\\"ENTRY\\\"})\":{\"__ref\":\"InlineNotification:{\\\"type\\\":\\\"NONE\\\",\\\"notificationLocation\\\":\\\"LEGAL\\\"}\"},\"inlineNotification({\\\"lineOfBusiness\\\":\\\"UNCLASSIFIED\\\",\\\"notificationLocation\\\":\\\"POPUP\\\",\\\"optionalContext\\\":{\\\"referer\\\":\\\"https:\\u002F\\u002Ftr.hotels.com\\u002F\\\"},\\\"optionalPageId\\\":\\\"Homepage\\\",\\\"pageLocation\\\":\\\"ENTRY\\\"})\":{\"__ref\":\"InlineNotification:{\\\"type\\\":\\\"NONE\\\",\\\"notificationLocation\\\":\\\"POPUP\\\"}\"}},\"mojoSection({\\\"context\\\":{\\\"currency\\\":\\\"TRY\\\",\\\"debugContext\\\":{\\\"abacusOverrides\\\":[]},\\\"device\\\":{\\\"type\\\":\\\"DESKTOP\\\"},\\\"eapid\\\":28,\\\"identity\\\":{\\\"authState\\\":\\\"ANONYMOUS\\\",\\\"duaid\\\":\\\"18713dec-4f39-4264-b08c-955fc30f3efb\\\"},\\\"locale\\\":\\\"tr_TR\\\",\\\"privacyTrackingState\\\":\\\"CAN_TRACK\\\",\\\"siteId\\\":300000028,\\\"tpid\\\":3115},\\\"homeMojoContext\\\":{\\\"pageName\\\":\\\"Storefront-Homepage\\\",\\\"placementId\\\":\\\"next-upcoming-and-trip-attach\\\"},\\\"mojoContext\\\":{\\\"pageName\\\":\\\"Storefront-Homepage\\\",\\\"placementId\\\":\\\"next-upcoming-and-trip-attach\\\"}})\":null,\"mojoSection({\\\"context\\\":{\\\"currency\\\":\\\"TRY\\\",\\\"debugContext\\\":{\\\"abacusOverrides\\\":[]},\\\"device\\\":{\\\"type\\\":\\\"DESKTOP\\\"},\\\"eapid\\\":28,\\\"identity\\\":{\\\"authState\\\":\\\"ANONYMOUS\\\",\\\"duaid\\\":\\\"18713dec-4f39-4264-b08c-955fc30f3efb\\\"},\\\"locale\\\":\\\"tr_TR\\\",\\\"privacyTrackingState\\\":\\\"CAN_TRACK\\\",\\\"siteId\\\":300000028,\\\"tpid\\\":3115},\\\"homeMojoContext\\\":{\\\"pageName\\\":\\\"Storefront-Homepage\\\",\\\"placementId\\\":\\\"saved-trips\\\"},\\\"mojoContext\\\":{\\\"pageName\\\":\\\"Storefront-Homepage\\\",\\\"placementId\\\":\\\"saved-trips\\\"}})\":null,\"mojoSection({\\\"context\\\":{\\\"currency\\\":\\\"TRY\\\",\\\"debugContext\\\":{\\\"abacusOverrides\\\":[]},\\\"device\\\":{\\\"type\\\":\\\"DESKTOP\\\"},\\\"eapid\\\":28,\\\"identity\\\":{\\\"authState\\\":\\\"ANONYMOUS\\\",\\\"duaid\\\":\\\"18713dec-4f39-4264-b08c-955fc30f3efb\\\"},\\\"locale\\\":\\\"tr_TR\\\",\\\"privacyTrackingState\\\":\\\"CAN_TRACK\\\",\\\"siteId\\\":300000028,\\\"tpid\\\":3115},\\\"homeMojoContext\\\":{\\\"pageName\\\":\\\"Storefront-Homepage\\\",\\\"placementId\\\":\\\"home-merch-hero-1\\\"},\\\"mojoContext\\\":{\\\"pageName\\\":\\\"Storefront-Homepage\\\",\\\"placementId\\\":\\\"home-merch-hero-1\\\"}})\":{\"__typename\":\"MojoSection\",\"data\":\"{\\\"name\\\":\\\"LayoutGridElement\\\",\\\"columns\\\":{\\\"small\\\":{\\\"count\\\":1},\\\"medium\\\":{\\\"count\\\":1},\\\"large\\\":{\\\"count\\\":1},\\\"extra_large\\\":{\\\"count\\\":1}},\\\"rows\\\":{},\\\"children\\\":[{\\\"name\\\":\\\"LayoutGridItemElement\\\",\\\"colSpan\\\":{\\\"small\\\":{\\\"count\\\":0},\\\"medium\\\":{\\\"count\\\":0},\\\"large\\\":{\\\"count\\\":1},\\\"extra_large\\\":{\\\"count\\\":1}},\\\"rowSpan\\\":{},\\\"children\\\":[{\\\"name\\\":\\\"CardElement\\\",\\\"border\\\":false,\\\"children\\\":[{\\\"name\\\":\\\"PositionContextElement\\\",\\\"children\\\":[{\\\"name\\\":\\\"LayoutPositionElement\\\",\\\"blockAxisAlignment\\\":\\\"start\\\",\\\"inlineAxisAlignment\\\":\\\"start\\\",\\\"blockAxisOffset\\\":0,\\\"inlineAxisOffset\\\":0,\\\"children\\\":[{\\\"name\\\":\\\"ImageElement\\\",\\\"accessibilityLabel\\\":\\\"Üyeler, Üye Fiyatları sayesinde daha az ödeme yapar\\\",\\\"src\\\":\\\"https:\\u002F\\u002Fforever.travel-assets.com\\u002Fflex\\u002Fflexmanager\\u002Fmediaasset\\u002F711426-0_2-HCOM_MOD-V1-ROW-Desktop.jpg\\\",\\\"placeholderImage\\\":true,\\\"aspectRatio\\\":\\\"ratio21x9\\\",\\\"fit\\\":\\\"cover\\\"}]},{\\\"name\\\":\\\"LayoutPositionElement\\\",\\\"blockAxisAlignment\\\":\\\"center\\\",\\\"inlineAxisAlignment\\\":\\\"start\\\",\\\"blockAxisOffset\\\":0,\\\"inlineAxisOffset\\\":48,\\\"children\\\":[{\\\"name\\\":\\\"LayoutGridElement\\\",\\\"columns\\\":{\\\"small\\\":{\\\"count\\\":0},\\\"medium\\\":{\\\"count\\\":0},\\\"large\\\":{\\\"count\\\":6},\\\"extra_large\\\":{\\\"count\\\":6}},\\\"rows\\\":{},\\\"children\\\":[{\\\"name\\\":\\\"LayoutGridItemElement\\\",\\\"colSpan\\\":{\\\"small\\\":{\\\"count\\\":0},\\\"medium\\\":{\\\"count\\\":0},\\\"large\\\":{\\\"count\\\":2},\\\"extra_large\\\":{\\\"count\\\":2}},\\\"rowSpan\\\":{},\\\"children\\\":[{\\\"name\\\":\\\"ImpressionElement\\\",\\\"action\\\":{\\\"name\\\":\\\"UisPrimeTrackingAction\\\",\\\"referrerId\\\":\\\"Web.LS.HeroMerchBanner.Viewed\\\",\\\"linkName\\\":\\\"Web.LS.HeroMerchBanner.Viewed\\\"},\\\"children\\\":[{\\\"name\\\":\\\"CardElement\\\",\\\"border\\\":false,\\\"children\\\":[{\\\"name\\\":\\\"LayoutGridElement\\\",\\\"columns\\\":{\\\"small\\\":{\\\"count\\\":1},\\\"medium\\\":{\\\"count\\\":2},\\\"large\\\":{\\\"count\\\":2},\\\"extra_large\\\":{\\\"count\\\":2}},\\\"rows\\\":{},\\\"children\\\":[{\\\"name\\\":\\\"LayoutGridItemElement\\\",\\\"colSpan\\\":{\\\"small\\\":{\\\"count\\\":1},\\\"medium\\\":{\\\"count\\\":2},\\\"large\\\":{\\\"count\\\":2},\\\"extra_large\\\":{\\\"count\\\":2}},\\\"rowSpan\\\":{},\\\"align\\\":\\\"center\\\",\\\"children\\\":[{\\\"name\\\":\\\"SpacingElement\\\",\\\"padding\\\":{\\\"blockstart\\\":\\\"spacing__6x\\\",\\\"blockend\\\":\\\"spacing__6x\\\",\\\"inlinestart\\\":\\\"spacing__6x\\\",\\\"inlineend\\\":\\\"spacing__6x\\\"},\\\"margin\\\":{},\\\"children\\\":[{\\\"name\\\":\\\"LayoutGridElement\\\",\\\"columns\\\":{\\\"small\\\":{\\\"count\\\":1},\\\"medium\\\":{\\\"count\\\":1},\\\"large\\\":{\\\"count\\\":1},\\\"extra_large\\\":{\\\"count\\\":1}},\\\"rows\\\":{},\\\"spacing\\\":\\\"spacing__2x\\\",\\\"children\\\":[{\\\"name\\\":\\\"LayoutGridItemElement\\\",\\\"colSpan\\\":{\\\"small\\\":{\\\"count\\\":1},\\\"medium\\\":{\\\"count\\\":1},\\\"large\\\":{\\\"count\\\":1},\\\"extra_large\\\":{\\\"count\\\":1}},\\\"rowSpan\\\":{},\\\"children\\\":[{\\\"name\\\":\\\"HeadingElement\\\",\\\"size\\\":3,\\\"maxLines\\\":3,\\\"textStyle\\\":\\\"display-medium\\\",\\\"children\\\":[{\\\"name\\\":\\\"TextNodeElement\\\",\\\"text\\\":\\\"Üyelere en iyi fiyat sunulur\\\"}]}]},{\\\"name\\\":\\\"LayoutGridItemElement\\\",\\\"colSpan\\\":{\\\"small\\\":{\\\"count\\\":1},\\\"medium\\\":{\\\"count\\\":1},\\\"large\\\":{\\\"count\\\":1},\\\"extra_large\\\":{\\\"count\\\":1}},\\\"rowSpan\\\":{},\\\"children\\\":[{\\\"name\\\":\\\"SpacingElement\\\",\\\"padding\\\":{\\\"blockstart\\\":\\\"spacing__1x\\\"},\\\"margin\\\":{},\\\"children\\\":[{\\\"name\\\":\\\"TextElement\\\",\\\"align\\\":\\\"left\\\",\\\"size\\\":\\\"16px\\\",\\\"children\\\":[{\\\"name\\\":\\\"TextNodeElement\\\",\\\"text\\\":\\\"Hotels.com™ Rewards üyeleri, dünya çapında 100.000'i aşkın otelde en az %10 kazançtan faydalanır.\\\"}]}]}]},{\\\"name\\\":\\\"LayoutGridItemElement\\\",\\\"colSpan\\\":{\\\"small\\\":{\\\"count\\\":0},\\\"medium\\\":{\\\"count\\\":1},\\\"large\\\":{\\\"count\\\":1},\\\"extra_large\\\":{\\\"count\\\":1}},\\\"rowSpan\\\":{},\\\"children\\\":[{\\\"name\\\":\\\"SpacingElement\\\",\\\"padding\\\":{\\\"blockstart\\\":\\\"spacing__3x\\\"},\\\"margin\\\":{},\\\"children\\\":[{\\\"name\\\":\\\"ButtonElement\\\",\\\"type\\\":\\\"primary\\\",\\\"size\\\":\\\"large\\\",\\\"action\\\":{\\\"name\\\":\\\"UisPrimeTrackingAction\\\",\\\"referrerId\\\":\\\"Web.LS.HeroMerchBanner.Clicked\\\",\\\"linkName\\\":\\\"Web.LS.HeroMerchBanner.Clicked\\\",\\\"onSuccess\\\":[{\\\"name\\\":\\\"NavigateAction\\\",\\\"webTarget\\\":{\\\"url\\\":\\\"https:\\u002F\\u002Ftr.hotels.com\\u002Flp\\u002Fb\\u002Fhotel-deals\\u002Fmember-deals?pos=HCOM_TR&locale=tr_TR&rffr=Campaign.HP.MegaHero\\\"}}]},\\\"children\\\":[{\\\"name\\\":\\\"TextNodeElement\\\",\\\"text\\\":\\\"Üye Fiyatlarına bakın\\\"}]}]}]}]}]}]}]}]}]}]}]}]}]}]}]},{\\\"name\\\":\\\"LayoutGridItemElement\\\",\\\"colSpan\\\":{\\\"small\\\":{\\\"count\\\":0},\\\"medium\\\":{\\\"count\\\":1},\\\"large\\\":{\\\"count\\\":0},\\\"extra_large\\\":{\\\"count\\\":0}},\\\"rowSpan\\\":{},\\\"children\\\":[{\\\"name\\\":\\\"CardElement\\\",\\\"border\\\":false,\\\"children\\\":[{\\\"name\\\":\\\"PositionContextElement\\\",\\\"children\\\":[{\\\"name\\\":\\\"LayoutPositionElement\\\",\\\"blockAxisAlignment\\\":\\\"start\\\",\\\"inlineAxisAlignment\\\":\\\"start\\\",\\\"blockAxisOffset\\\":0,\\\"inlineAxisOffset\\\":0,\\\"children\\\":[{\\\"name\\\":\\\"ImageElement\\\",\\\"accessibilityLabel\\\":\\\"Üyeler, Üye Fiyatları sayesinde daha az ödeme yapar\\\",\\\"src\\\":\\\"https:\\u002F\\u002Fforever.travel-assets.com\\u002Fflex\\u002Fflexmanager\\u002Fmediaasset\\u002F711426-0_2-HCOM_MOD-V1-ROW-Desktop.jpg\\\",\\\"placeholderImage\\\":true,\\\"aspectRatio\\\":\\\"ratio21x9\\\",\\\"fit\\\":\\\"cover\\\"}]},{\\\"name\\\":\\\"LayoutPositionElement\\\",\\\"blockAxisAlignment\\\":\\\"center\\\",\\\"inlineAxisAlignment\\\":\\\"start\\\",\\\"blockAxisOffset\\\":0,\\\"inlineAxisOffset\\\":32,\\\"children\\\":[{\\\"name\\\":\\\"LayoutGridElement\\\",\\\"columns\\\":{\\\"small\\\":{\\\"count\\\":0},\\\"medium\\\":{\\\"count\\\":5},\\\"large\\\":{\\\"count\\\":0},\\\"extra_large\\\":{\\\"count\\\":0}},\\\"rows\\\":{},\\\"children\\\":[{\\\"name\\\":\\\"LayoutGridItemElement\\\",\\\"colSpan\\\":{\\\"small\\\":{\\\"count\\\":0},\\\"medium\\\":{\\\"count\\\":3},\\\"large\\\":{\\\"count\\\":0},\\\"extra_large\\\":{\\\"count\\\":0}},\\\"rowSpan\\\":{},\\\"children\\\":[{\\\"name\\\":\\\"ImpressionElement\\\",\\\"action\\\":{\\\"name\\\":\\\"UisPrimeTrackingAction\\\",\\\"referrerId\\\":\\\"Web.LS.HeroMerchBanner.Viewed\\\",\\\"linkName\\\":\\\"Web.LS.HeroMerchBanner.Viewed\\\"},\\\"children\\\":[{\\\"name\\\":\\\"CardElement\\\",\\\"border\\\":false,\\\"children\\\":[{\\\"name\\\":\\\"LayoutGridElement\\\",\\\"columns\\\":{\\\"small\\\":{\\\"count\\\":1},\\\"medium\\\":{\\\"count\\\":2},\\\"large\\\":{\\\"count\\\":2},\\\"extra_large\\\":{\\\"count\\\":2}},\\\"rows\\\":{},\\\"children\\\":[{\\\"name\\\":\\\"LayoutGridItemElement\\\",\\\"colSpan\\\":{\\\"small\\\":{\\\"count\\\":1},\\\"medium\\\":{\\\"count\\\":2},\\\"large\\\":{\\\"count\\\":2},\\\"extra_large\\\":{\\\"count\\\":2}},\\\"rowSpan\\\":{},\\\"align\\\":\\\"center\\\",\\\"children\\\":[{\\\"name\\\":\\\"SpacingElement\\\",\\\"padding\\\":{\\\"blockstart\\\":\\\"spacing__6x\\\",\\\"blockend\\\":\\\"spacing__6x\\\",\\\"inlinestart\\\":\\\"spacing__6x\\\",\\\"inlineend\\\":\\\"spacing__6x\\\"},\\\"margin\\\":{},\\\"children\\\":[{\\\"name\\\":\\\"LayoutGridElement\\\",\\\"columns\\\":{\\\"small\\\":{\\\"count\\\":1},\\\"medium\\\":{\\\"count\\\":1},\\\"large\\\":{\\\"count\\\":1},\\\"extra_large\\\":{\\\"count\\\":1}},\\\"rows\\\":{},\\\"spacing\\\":\\\"spacing__2x\\\",\\\"children\\\":[{\\\"name\\\":\\\"LayoutGridItemElement\\\",\\\"colSpan\\\":{\\\"small\\\":{\\\"count\\\":1},\\\"medium\\\":{\\\"count\\\":1},\\\"large\\\":{\\\"count\\\":1},\\\"extra_large\\\":{\\\"count\\\":1}},\\\"rowSpan\\\":{},\\\"children\\\":[{\\\"name\\\":\\\"HeadingElement\\\",\\\"size\\\":3,\\\"maxLines\\\":3,\\\"textStyle\\\":\\\"display-medium\\\",\\\"children\\\":[{\\\"name\\\":\\\"TextNodeElement\\\",\\\"text\\\":\\\"Üyelere en iyi fiyat sunulur\\\"}]}]},{\\\"name\\\":\\\"LayoutGridItemElement\\\",\\\"colSpan\\\":{\\\"small\\\":{\\\"count\\\":1},\\\"medium\\\":{\\\"count\\\":1},\\\"large\\\":{\\\"count\\\":1},\\\"extra_large\\\":{\\\"count\\\":1}},\\\"rowSpan\\\":{},\\\"children\\\":[{\\\"name\\\":\\\"SpacingElement\\\",\\\"padding\\\":{\\\"blockstart\\\":\\\"spacing__1x\\\"},\\\"margin\\\":{},\\\"children\\\":[{\\\"name\\\":\\\"TextElement\\\",\\\"align\\\":\\\"left\\\",\\\"size\\\":\\\"16px\\\",\\\"children\\\":[{\\\"name\\\":\\\"TextNodeElement\\\",\\\"text\\\":\\\"Hotels.com™ Rewards üyeleri, dünya çapında 100.000'i aşkın otelde en az %10 kazançtan faydalanır.\\\"}]}]}]},{\\\"name\\\":\\\"LayoutGridItemElement\\\",\\\"colSpan\\\":{\\\"small\\\":{\\\"count\\\":0},\\\"medium\\\":{\\\"count\\\":1},\\\"large\\\":{\\\"count\\\":1},\\\"extra_large\\\":{\\\"count\\\":1}},\\\"rowSpan\\\":{},\\\"children\\\":[{\\\"name\\\":\\\"SpacingElement\\\",\\\"padding\\\":{\\\"blockstart\\\":\\\"spacing__3x\\\"},\\\"margin\\\":{},\\\"children\\\":[{\\\"name\\\":\\\"ButtonElement\\\",\\\"type\\\":\\\"primary\\\",\\\"size\\\":\\\"large\\\",\\\"action\\\":{\\\"name\\\":\\\"UisPrimeTrackingAction\\\",\\\"referrerId\\\":\\\"Web.LS.HeroMerchBanner.Clicked\\\",\\\"linkName\\\":\\\"Web.LS.HeroMerchBanner.Clicked\\\",\\\"onSuccess\\\":[{\\\"name\\\":\\\"NavigateAction\\\",\\\"webTarget\\\":{\\\"url\\\":\\\"https:\\u002F\\u002Ftr.hotels.com\\u002Flp\\u002Fb\\u002Fhotel-deals\\u002Fmember-deals?pos=HCOM_TR&locale=tr_TR&rffr=Campaign.HP.MegaHero\\\"}}]},\\\"children\\\":[{\\\"name\\\":\\\"TextNodeElement\\\",\\\"text\\\":\\\"Üye Fiyatlarına bakın\\\"}]}]}]}]}]}]}]}]}]}]}]}]}]}]}]},{\\\"name\\\":\\\"LayoutGridItemElement\\\",\\\"colSpan\\\":{\\\"small\\\":{\\\"count\\\":1},\\\"medium\\\":{\\\"count\\\":0},\\\"large\\\":{\\\"count\\\":0},\\\"extra_large\\\":{\\\"count\\\":0}},\\\"rowSpan\\\":{},\\\"children\\\":[{\\\"name\\\":\\\"ImpressionElement\\\",\\\"action\\\":{\\\"name\\\":\\\"UisPrimeTrackingAction\\\",\\\"referrerId\\\":\\\"Web.LS.HeroMerchBanner.Viewed\\\",\\\"linkName\\\":\\\"Web.LS.HeroMerchBanner.Viewed\\\"},\\\"children\\\":[{\\\"name\\\":\\\"CardElement\\\",\\\"border\\\":true,\\\"children\\\":[{\\\"name\\\":\\\"LayoutGridElement\\\",\\\"columns\\\":{\\\"small\\\":{\\\"count\\\":1},\\\"medium\\\":{\\\"count\\\":1},\\\"large\\\":{\\\"count\\\":1},\\\"extra_large\\\":{\\\"count\\\":1}},\\\"rows\\\":{},\\\"children\\\":[{\\\"name\\\":\\\"LayoutGridItemElement\\\",\\\"colSpan\\\":{\\\"small\\\":{\\\"count\\\":1},\\\"medium\\\":{\\\"count\\\":1},\\\"large\\\":{\\\"count\\\":1},\\\"extra_large\\\":{\\\"count\\\":1}},\\\"rowSpan\\\":{},\\\"align\\\":\\\"center\\\",\\\"children\\\":[{\\\"name\\\":\\\"SpacingElement\\\",\\\"padding\\\":{\\\"blockstart\\\":\\\"spacing__6x\\\",\\\"blockend\\\":\\\"spacing__6x\\\",\\\"inlinestart\\\":\\\"spacing__6x\\\",\\\"inlineend\\\":\\\"spacing__8x\\\"},\\\"margin\\\":{},\\\"children\\\":[{\\\"name\\\":\\\"LayoutGridElement\\\",\\\"columns\\\":{\\\"small\\\":{\\\"count\\\":1},\\\"medium\\\":{\\\"count\\\":1},\\\"large\\\":{\\\"count\\\":1},\\\"extra_large\\\":{\\\"count\\\":1}},\\\"rows\\\":{},\\\"spacing\\\":\\\"spacing__2x\\\",\\\"children\\\":[{\\\"name\\\":\\\"LayoutGridItemElement\\\",\\\"colSpan\\\":{\\\"small\\\":{\\\"count\\\":1},\\\"medium\\\":{\\\"count\\\":1},\\\"large\\\":{\\\"count\\\":1},\\\"extra_large\\\":{\\\"count\\\":1}},\\\"rowSpan\\\":{},\\\"children\\\":[{\\\"name\\\":\\\"HeadingElement\\\",\\\"size\\\":3,\\\"maxLines\\\":2,\\\"textStyle\\\":\\\"display-small\\\",\\\"children\\\":[{\\\"name\\\":\\\"TextNodeElement\\\",\\\"text\\\":\\\"Üyelere en iyi fiyat sunulur\\\"}]}]},{\\\"name\\\":\\\"LayoutGridItemElement\\\",\\\"colSpan\\\":{\\\"small\\\":{\\\"count\\\":1},\\\"medium\\\":{\\\"count\\\":1},\\\"large\\\":{\\\"count\\\":1},\\\"extra_large\\\":{\\\"count\\\":1}},\\\"rowSpan\\\":{},\\\"children\\\":[{\\\"name\\\":\\\"TextElement\\\",\\\"size\\\":\\\"16px\\\",\\\"maxLines\\\":4,\\\"children\\\":[{\\\"name\\\":\\\"TextNodeElement\\\",\\\"text\\\":\\\"Hotels.com™ Rewards üyeleri, dünya çapında 100.000'i aşkın otelde en az %10 kazançtan faydalanır.\\\"}]}]},{\\\"name\\\":\\\"LayoutGridItemElement\\\",\\\"colSpan\\\":{\\\"small\\\":{\\\"count\\\":1},\\\"medium\\\":{\\\"count\\\":1},\\\"large\\\":{\\\"count\\\":1},\\\"extra_large\\\":{\\\"count\\\":1}},\\\"rowSpan\\\":{},\\\"children\\\":[{\\\"name\\\":\\\"SpacingElement\\\",\\\"padding\\\":{\\\"blockstart\\\":\\\"spacing__2x\\\"},\\\"margin\\\":{},\\\"children\\\":[{\\\"name\\\":\\\"ButtonElement\\\",\\\"type\\\":\\\"primary\\\",\\\"size\\\":\\\"large\\\",\\\"action\\\":{\\\"name\\\":\\\"UisPrimeTrackingAction\\\",\\\"referrerId\\\":\\\"Web.LS.HeroMerchBanner.Clicked\\\",\\\"linkName\\\":\\\"Web.LS.HeroMerchBanner.Clicked\\\",\\\"onSuccess\\\":[{\\\"name\\\":\\\"NavigateAction\\\",\\\"webTarget\\\":{\\\"url\\\":\\\"https:\\u002F\\u002Ftr.hotels.com\\u002Flp\\u002Fb\\u002Fhotel-deals\\u002Fmember-deals?pos=HCOM_TR&locale=tr_TR&rffr=Campaign.HP.MegaHero\\\"}}]},\\\"children\\\":[{\\\"name\\\":\\\"TextNodeElement\\\",\\\"text\\\":\\\"Üye Fiyatlarına bakın\\\"}]}]}]}]}]}]},{\\\"name\\\":\\\"LayoutGridItemElement\\\",\\\"colSpan\\\":{\\\"small\\\":{\\\"count\\\":1},\\\"medium\\\":{\\\"count\\\":1},\\\"large\\\":{\\\"count\\\":1},\\\"extra_large\\\":{\\\"count\\\":1}},\\\"rowSpan\\\":{},\\\"children\\\":[{\\\"name\\\":\\\"ImageElement\\\",\\\"accessibilityLabel\\\":\\\"Üyeler, Üye Fiyatları sayesinde daha az ödeme yapar\\\",\\\"src\\\":\\\"https:\\u002F\\u002Fforever.travel-assets.com\\u002Fflex\\u002Fflexmanager\\u002Fmediaasset\\u002F711426-0_2-HCOM_MOD-V1-ROW-Desktop.jpg\\\",\\\"placeholderImage\\\":true,\\\"aspectRatio\\\":\\\"ratio3x2\\\",\\\"fit\\\":\\\"cover\\\"}]}]}]}]}]}]}\"},\"searchForm({\\\"context\\\":{\\\"currency\\\":\\\"TRY\\\",\\\"debugContext\\\":{\\\"abacusOverrides\\\":[]},\\\"device\\\":{\\\"type\\\":\\\"DESKTOP\\\"},\\\"eapid\\\":28,\\\"identity\\\":{\\\"authState\\\":\\\"ANONYMOUS\\\",\\\"duaid\\\":\\\"18713dec-4f39-4264-b08c-955fc30f3efb\\\"},\\\"locale\\\":\\\"tr_TR\\\",\\\"privacyTrackingState\\\":\\\"CAN_TRACK\\\",\\\"siteId\\\":300000028,\\\"tpid\\\":3115},\\\"pageLocation\\\":\\\"ENTRY\\\"})\":{\"__typename\":\"SearchFormResults\",\"lodging({})\":{\"__typename\":\"LodgingSearchForm\",\"egdsElementId\":\"lodging_search_form\",\"actionURL\":\"\\u002FHotel-Search\",\"errorSummary\":{\"__typename\":\"EGDSErrorSummary\",\"egdsElementId\":\"search_form_error_summary\",\"goToErrorLinkText\":\"Hataya git\",\"goToFirstErrorLinkText\":\"İlk hataya git\",\"heading\":\"\",\"body\":null,\"analytics\":{\"__typename\":\"ClientSideAnalytics\",\"linkName\":\"Error summary link clicked\",\"referrerId\":\"Web.Hotels.Search.Error.Summary\"},\"impressionAnalytics\":{\"__typename\":\"ClientSideImpressionEventAnalytics\",\"linkName\":\"Error summary displayed\",\"referrerId\":\"Web.Hotels.Search.Error.Summary.Displayed\"},\"headingTemplate\":{\"__typename\":\"EGDSCardinalLocalizedText\",\"models\":[{\"__typename\":\"TemplateModel\",\"key\":\"errorCount\",\"source\":\"errorCount\"}],\"templates\":[{\"__typename\":\"CardinalTemplate\",\"category\":\"ZERO\",\"template\":\"Devam etmek için lütfen ${errorCount} hatayı düzeltin\"},{\"__typename\":\"CardinalTemplate\",\"category\":\"ONE\",\"template\":\"Devam etmek için lütfen hatayı düzeltin\"},{\"__typename\":\"CardinalTemplate\",\"category\":\"TWO\",\"template\":\"Devam etmek için lütfen ${errorCount} hatayı düzeltin\"},{\"__typename\":\"CardinalTemplate\",\"category\":\"FEW\",\"template\":\"Devam etmek için lütfen ${errorCount} hatayı düzeltin\"},{\"__typename\":\"CardinalTemplate\",\"category\":\"MANY\",\"template\":\"Devam etmek için lütfen ${errorCount} hatayı düzeltin\"},{\"__typename\":\"CardinalTemplate\",\"category\":\"OTHER\",\"template\":\"Devam etmek için lütfen ${errorCount} hatayı düzeltin\"}]}},\"elements\":[{\"__typename\":\"EGDSSearchFormLocationField\",\"egdsElementId\":\"destination_form_field\",\"label\":\"Nereye?\",\"placeholder\":\"Varış noktası\",\"value\":null,\"errorMessage\":\"Lütfen tatil noktası seçin\",\"regionId\":null,\"regionType\":\"UNKNOWN\",\"required\":false,\"leftIcon\":{\"__typename\":\"Icon\",\"title\":null},\"action\":{\"__typename\":\"OpenTypeaheadAction\",\"accessibility\":null,\"analytics\":{\"__typename\":\"ClientSideAnalytics\",\"linkName\":\"Location selection\",\"referrerId\":\"Web.Hotels.Location.Open\"},\"info\":{\"__typename\":\"TypeaheadInfo\",\"client\":\"SearchForm\",\"drivable\":false,\"isDestination\":true,\"lineOfBusiness\":\"HOTELS\",\"maxNumberOfResults\":8,\"packageType\":null,\"personalize\":true,\"regionType\":2047,\"typeaheadFeatures\":\"consistent_display|google\",\"isMultiLocation\":null,\"domain\":\"\\u002F\",\"regionId\":null,\"showCurrentLocation\":null,\"subLob\":null,\"expUserId\":\"-1\",\"trending\":true},\"emptyResultsPlaceholder\":\"Tatil noktası, konaklama yeri veya görülecek yere göre arama yapın\",\"categorize\":false,\"allowExactMatch\":true,\"listTitle\":false,\"selectedItemHeading\":null,\"clearAllText\":null,\"dismissButtonText\":null},\"closeAnalytics\":{\"__typename\":\"ClientSideAnalytics\",\"linkName\":\"Location close\",\"referrerId\":\"Web.Hotels.Location.Close\"},\"changeAnalytics\":{\"__typename\":\"ClientSideAnalytics\",\"linkName\":\"Location change\",\"referrerId\":\"Web.Hotels.Location.Change\"},\"multiLocations\":null,\"validations\":[{\"__typename\":\"EGDSRequiredInputValidation\",\"errorMessage\":\"Lütfen tatil noktası seçin\"},{\"__typename\":\"EGDSSameValueInputValidation\",\"errorMessage\":\"Lütfen kalkış ve varış şehirlerinizin farklı olduğundan emin olun\"}],\"debounceRate\":200,\"coordinates\":null,\"airportCode\":null},{\"__typename\":\"EGDSSearchFormDatePickerField\",\"egdsElementId\":\"date_form_field\",\"label\":\"Tarihler\",\"placeholder\":\"Tarihler\",\"errorMessage\":\"Çıkış tarihi giriş tarihinden sonra olmalıdır\",\"validations\":[{\"__typename\":\"EGDSMaxLengthInputValidation\",\"errorMessage\":\"Çıkış tarihi, giriş tarihinden en fazla 29 gün sonra olmalıdır\"},{\"__typename\":\"EGDSRequiredInputValidation\"}],\"action\":{\"__typename\":\"EGDSOpenDatePickerAction\",\"accessibility\":null,\"analytics\":{\"__typename\":\"ClientSideAnalytics\",\"linkName\":\"Calendar selection\",\"referrerId\":\"Web.Hotels.Calendar.Open\"},\"datePicker\":{\"__typename\":\"EGDSDateRangePicker\",\"buttonText\":\"Tamam\",\"buttonTextTemplate\":null,\"clearButtonText\":\"Temizle\",\"firstDayOfWeek\":\"SUN\",\"maxNumberOfDaysSelected\":29,\"sameDaySelectionAllowed\":false,\"selectedStartDate\":{\"__typename\":\"Date\",\"day\":26,\"month\":2,\"year\":2025},\"startDatePlaceholderText\":\"\",\"selectedEndDate\":{\"__typename\":\"Date\",\"day\":27,\"month\":2,\"year\":2025},\"endDatePlaceholderText\":\"\",\"validDaysLowerBoundInclusive\":{\"__typename\":\"Date\",\"day\":25,\"month\":2,\"year\":2025},\"validDaysUpperBoundInclusive\":{\"__typename\":\"Date\",\"day\":10,\"month\":7,\"year\":2026},\"submitButtonAnalytics\":{\"__typename\":\"ClientSideAnalytics\",\"linkName\":\"Calendar submit\",\"referrerId\":\"Web.Hotels.Calendar.Submit\"},\"nextButtonAnalytics\":{\"__typename\":\"ClientSideAnalytics\",\"linkName\":\"Calendar next\",\"referrerId\":\"Web.Hotels.Calendar.Next.Month.Click\"},\"previousButtonAnalytics\":{\"__typename\":\"ClientSideAnalytics\",\"linkName\":\"Calendar previous\",\"referrerId\":\"Web.Hotels.Calendar.Previous.Month.Click\"},\"startDateButtonAnalytics\":{\"__typename\":\"ClientSideAnalytics\",\"linkName\":\"Calendar start\",\"referrerId\":\"Web.Hotels.Calendar.Start.Date.Click\"},\"endDateButtonAnalytics\":{\"__typename\":\"ClientSideAnalytics\",\"linkName\":\"Calendar end\",\"referrerId\":\"Web.Hotels.Calendar.End.Date.Click\"},\"clearDatesButtonAnalytics\":{\"__typename\":\"ClientSideAnalytics\",\"linkName\":\"Calendar clear dates\",\"referrerId\":\"Web.Hotels.Calendar.ClearDates.Submit\"},\"showClearDatesButton\":false,\"flexibleDateContent\":{\"__typename\":\"EGDSDatePickerFlexibilityContent\",\"calendarContent\":{\"__typename\":\"EGDSDatePickerFlexibilityCalendarContent\",\"flexibleDateOptions\":[{\"__typename\":\"EGDSBasicPill\",\"accessibility\":\"Kesin tarihler\",\"disabled\":false,\"name\":null,\"primary\":\"Kesin tarihler\",\"selected\":true,\"selectedText\":null,\"value\":\"0_DAY\",\"icon\":null,\"selectAnalytics\":{\"__typename\":\"ClientSideAnalytics\",\"linkName\":\"Flexible date selected\",\"referrerId\":\"Web.Hotels.Calendar.Flexible.Date.Select.0_DAY\"},\"deselectAnalytics\":null},{\"__typename\":\"EGDSBasicPill\",\"accessibility\":\"Artı veya eksi 1 gün\",\"disabled\":false,\"name\":null,\"primary\":\"± 1 gün\",\"selected\":false,\"selectedText\":null,\"value\":\"1_DAY\",\"icon\":null,\"selectAnalytics\":{\"__typename\":\"ClientSideAnalytics\",\"linkName\":\"Flexible date selected\",\"referrerId\":\"Web.Hotels.Calendar.Flexible.Date.Select.1_DAY\"},\"deselectAnalytics\":null},{\"__typename\":\"EGDSBasicPill\",\"accessibility\":\"Artı veya eksi 2 gün\",\"disabled\":false,\"name\":null,\"primary\":\"± 2 gün\",\"selected\":false,\"selectedText\":null,\"value\":\"2_DAY\",\"icon\":null,\"selectAnalytics\":{\"__typename\":\"ClientSideAnalytics\",\"linkName\":\"Flexible date selected\",\"referrerId\":\"Web.Hotels.Calendar.Flexible.Date.Select.2_DAY\"},\"deselectAnalytics\":null},{\"__typename\":\"EGDSBasicPill\",\"accessibility\":\"Artı veya eksi 3 gün\",\"disabled\":false,\"name\":null,\"primary\":\"± 3 gün\",\"selected\":false,\"selectedText\":null,\"value\":\"3_DAY\",\"icon\":null,\"selectAnalytics\":{\"__typename\":\"ClientSideAnalytics\",\"linkName\":\"Flexible date selected\",\"referrerId\":\"Web.Hotels.Calendar.Flexible.Date.Select.3_DAY\"},\"deselectAnalytics\":null},{\"__typename\":\"EGDSBasicPill\",\"accessibility\":\"Artı veya eksi 7 gün\",\"disabled\":false,\"name\":null,\"primary\":\"± 7 gün\",\"selected\":false,\"selectedText\":null,\"value\":\"7_DAY\",\"icon\":null,\"selectAnalytics\":{\"__typename\":\"ClientSideAnalytics\",\"linkName\":\"Flexible date selected\",\"referrerId\":\"Web.Hotels.Calendar.Flexible.Date.Select.7_DAY\"},\"deselectAnalytics\":null}],\"formElementId\":\"date_form_nested_flexible_field\",\"title\":null},\"contentSelector\":{\"__typename\":\"EGDSBasicTabs\",\"egdsElementId\":\"date_form_nested_flexible_tabs\",\"selectedTabId\":\"date_form_nested_flexible_tab_calendar\",\"tabs\":[{\"__typename\":\"EGDSBasicTab\",\"accessibility\":\"Takvim\",\"clickAnalytics\":{\"__typename\":\"ClientSideAnalytics\",\"linkName\":\"Calendar tab select\",\"referrerId\":\"Web.Hotels.Calendar.Select\"},\"label\":\"Takvim\",\"tabId\":\"date_form_nested_flexible_tab_calendar\"},{\"__typename\":\"EGDSBasicTab\",\"accessibility\":\"Esnek tarihler\",\"clickAnalytics\":{\"__typename\":\"ClientSideAnalytics\",\"linkName\":\"Flexible dates tab select\",\"referrerId\":\"Web.Hotels.FlexDateTab.Select\"},\"label\":\"Esnek tarihler\",\"tabId\":\"date_form_nested_flexible_tab_dates\"}]},\"flexibleDatesContent\":{\"__typename\":\"EGDSDatePickerFlexibilityDatesContent\",\"nightsSelection\":{\"__typename\":\"EGDSDatePickerFlexibleNights\",\"heading\":\"Ne kadar süreyle konaklamak istiyorsunuz?\",\"includeWeekend\":{\"__typename\":\"EGDSBasicCheckBox\",\"egdsElementId\":\"date_form_flexible_checkbox\",\"description\":null,\"enabled\":true,\"checkedAnalytics\":{\"__typename\":\"ClientSideAnalytics\",\"linkName\":\"Flexible dates include weekend select\",\"referrerId\":\"Web.Hotels.FlexDateForm.Weekend.Select\"},\"uncheckedAnalytics\":{\"__typename\":\"ClientSideAnalytics\",\"linkName\":\"Flexible dates does not include weekend select\",\"referrerId\":\"Web.Hotels.FlexDateForm.Weekend.Deselect\"},\"label\":{\"__typename\":\"EGDSPlainText\",\"text\":\"Hafta sonunu içermeli\"},\"name\":null,\"required\":false,\"state\":\"UNCHECKED\"},\"options\":[{\"__typename\":\"EGDSBasicPill\",\"accessibility\":\"1 gecelik konaklama\",\"disabled\":false,\"name\":\"date_form_flexible_nights_pill_1\",\"primary\":\"1 gece\",\"selected\":true,\"selectedText\":null,\"value\":\"1_DAY\",\"icon\":null,\"selectAnalytics\":{\"__typename\":\"ClientSideAnalytics\",\"linkName\":\"Flexible dates duration select\",\"referrerId\":\"Web.Hotels.FlexDateForm.Duration.Select.1_DAY\"},\"deselectAnalytics\":null},{\"__typename\":\"EGDSBasicPill\",\"accessibility\":\"2 ila 3 gecelik konaklama\",\"disabled\":false,\"name\":\"date_form_flexible_nights_pill_2\",\"primary\":\"2-3 gece\",\"selected\":false,\"selectedText\":null,\"value\":\"2_DAY_LOWER,3_DAY_UPPER\",\"icon\":null,\"selectAnalytics\":{\"__typename\":\"ClientSideAnalytics\",\"linkName\":\"Flexible dates duration select\",\"referrerId\":\"Web.Hotels.FlexDateForm.Duration.Select.2_DAY_LOWER,3_DAY_UPPER\"},\"deselectAnalytics\":null},{\"__typename\":\"EGDSBasicPill\",\"accessibility\":\"4 ila 5 gecelik konaklama\",\"disabled\":false,\"name\":\"date_form_flexible_nights_pill_3\",\"primary\":\"4-5 gece\",\"selected\":false,\"selectedText\":null,\"value\":\"4_DAY_LOWER,5_DAY_UPPER\",\"icon\":null,\"selectAnalytics\":{\"__typename\":\"ClientSideAnalytics\",\"linkName\":\"Flexible dates duration select\",\"referrerId\":\"Web.Hotels.FlexDateForm.Duration.Select.4_DAY_LOWER,5_DAY_UPPER\"},\"deselectAnalytics\":null},{\"__typename\":\"EGDSBasicPill\",\"accessibility\":\"6 ila 7 gecelik konaklama\",\"disabled\":false,\"name\":\"date_form_flexible_nights_pill_4\",\"primary\":\"6-7 gece\",\"selected\":false,\"selectedText\":null,\"value\":\"6_DAY_LOWER,7_DAY_UPPER\",\"icon\":null,\"selectAnalytics\":{\"__typename\":\"ClientSideAnalytics\",\"linkName\":\"Flexible dates duration select\",\"referrerId\":\"Web.Hotels.FlexDateForm.Duration.Select.6_DAY_LOWER,7_DAY_UPPER\"},\"deselectAnalytics\":null}]},\"monthsSelection\":{\"__typename\":\"EGDSDatePickerFlexibleMonths\",\"heading\":\"Ne zaman seyahat etmek istiyorsunuz?\",\"subHeading\":\"Bir aydan daha uzun bir süre seçebilirsiniz.\",\"options\":{\"__typename\":\"EGDSToggleButtonGroup\",\"options\":[{\"__typename\":\"EGDSToggleButton\",\"egdsElementId\":\"date_form_flexible_toggle_button\",\"primary\":\"Şubat\",\"subText\":\"2025\",\"name\":\"date_form_flexible_toggle_button_Şub_2025-02-01_2025-02-28\",\"selectedAnalytics\":{\"__typename\":\"ClientSideAnalytics\",\"linkName\":\"Flexible month selection\",\"referrerId\":\"Web.Hotels.FlexDateForm.Months.Select.2.1\"},\"unselectedAnalytics\":{\"__typename\":\"ClientSideAnalytics\",\"linkName\":\"Flexible month deselection\",\"referrerId\":\"Web.FlexDateForm.Months.Deselect.2.1\"},\"icon\":{\"__typename\":\"Icon\",\"id\":\"today\",\"size\":\"MEDIUM\"},\"selected\":false,\"disabled\":false},{\"__typename\":\"EGDSToggleButton\",\"egdsElementId\":\"date_form_flexible_toggle_button\",\"primary\":\"Mart\",\"subText\":\"2025\",\"name\":\"date_form_flexible_toggle_button_Mar_2025-03-01_2025-03-31\",\"selectedAnalytics\":{\"__typename\":\"ClientSideAnalytics\",\"linkName\":\"Flexible month selection\",\"referrerId\":\"Web.Hotels.FlexDateForm.Months.Select.3.2\"},\"unselectedAnalytics\":{\"__typename\":\"ClientSideAnalytics\",\"linkName\":\"Flexible month deselection\",\"referrerId\":\"Web.FlexDateForm.Months.Deselect.3.2\"},\"icon\":{\"__typename\":\"Icon\",\"id\":\"today\",\"size\":\"MEDIUM\"},\"selected\":false,\"disabled\":false},{\"__typename\":\"EGDSToggleButton\",\"egdsElementId\":\"date_form_flexible_toggle_button\",\"primary\":\"Nisan\",\"subText\":\"2025\",\"name\":\"date_form_flexible_toggle_button_Nis_2025-04-01_2025-04-30\",\"selectedAnalytics\":{\"__typename\":\"ClientSideAnalytics\",\"linkName\":\"Flexible month selection\",\"referrerId\":\"Web.Hotels.FlexDateForm.Months.Select.4.3\"},\"unselectedAnalytics\":{\"__typename\":\"ClientSideAnalytics\",\"linkName\":\"Flexible month deselection\",\"referrerId\":\"Web.FlexDateForm.Months.Deselect.4.3\"},\"icon\":{\"__typename\":\"Icon\",\"id\":\"today\",\"size\":\"MEDIUM\"},\"selected\":false,\"disabled\":false},{\"__typename\":\"EGDSToggleButton\",\"egdsElementId\":\"date_form_flexible_toggle_button\",\"primary\":\"Mayıs\",\"subText\":\"2025\",\"name\":\"date_form_flexible_toggle_button_May_2025-05-01_2025-05-31\",\"selectedAnalytics\":{\"__typename\":\"ClientSideAnalytics\",\"linkName\":\"Flexible month selection\",\"referrerId\":\"Web.Hotels.FlexDateForm.Months.Select.5.4\"},\"unselectedAnalytics\":{\"__typename\":\"ClientSideAnalytics\",\"linkName\":\"Flexible month deselection\",\"referrerId\":\"Web.FlexDateForm.Months.Deselect.5.4\"},\"icon\":{\"__typename\":\"Icon\",\"id\":\"today\",\"size\":\"MEDIUM\"},\"selected\":false,\"disabled\":false},{\"__typename\":\"EGDSToggleButton\",\"egdsElementId\":\"date_form_flexible_toggle_button\",\"primary\":\"Haziran\",\"subText\":\"2025\",\"name\":\"date_form_flexible_toggle_button_Haz_2025-06-01_2025-06-30\",\"selectedAnalytics\":{\"__typename\":\"ClientSideAnalytics\",\"linkName\":\"Flexible month selection\",\"referrerId\":\"Web.Hotels.FlexDateForm.Months.Select.6.5\"},\"unselectedAnalytics\":{\"__typename\":\"ClientSideAnalytics\",\"linkName\":\"Flexible month deselection\",\"referrerId\":\"Web.FlexDateForm.Months.Deselect.6.5\"},\"icon\":{\"__typename\":\"Icon\",\"id\":\"today\",\"size\":\"MEDIUM\"},\"selected\":false,\"disabled\":false},{\"__typename\":\"EGDSToggleButton\",\"egdsElementId\":\"date_form_flexible_toggle_button\",\"primary\":\"Temmuz\",\"subText\":\"2025\",\"name\":\"date_form_flexible_toggle_button_Tem_2025-07-01_2025-07-31\",\"selectedAnalytics\":{\"__typename\":\"ClientSideAnalytics\",\"linkName\":\"Flexible month selection\",\"referrerId\":\"Web.Hotels.FlexDateForm.Months.Select.7.6\"},\"unselectedAnalytics\":{\"__typename\":\"ClientSideAnalytics\",\"linkName\":\"Flexible month deselection\",\"referrerId\":\"Web.FlexDateForm.Months.Deselect.7.6\"},\"icon\":{\"__typename\":\"Icon\",\"id\":\"today\",\"size\":\"MEDIUM\"},\"selected\":false,\"disabled\":false}]}}},\"flexibilityLabel\":{\"__typename\":\"EGDSCardinalLocalizedText\",\"templates\":[{\"__typename\":\"CardinalTemplate\",\"template\":\"${monthSelected} ayında ${nightsSelected} gece\",\"category\":\"ZERO\"},{\"__typename\":\"CardinalTemplate\",\"template\":\"${monthSelected}, ${secondMonthSelected} aylarında ${nightsSelected} gece\",\"category\":\"ONE\"},{\"__typename\":\"CardinalTemplate\",\"template\":\"${monthSelected}, ${secondMonthSelected}, ${thirdMonthSelected} aylarında ${nightsSelected} gece\",\"category\":\"TWO\"},{\"__typename\":\"CardinalTemplate\",\"template\":\"${monthSelected}, ${secondMonthSelected}, ${thirdMonthSelected}, ${fourthMonthSelected} aylarında ${nightsSelected} gece\",\"category\":\"FEW\"},{\"__typename\":\"CardinalTemplate\",\"template\":\"${monthSelected}, ${secondMonthSelected}, ${thirdMonthSelected}, ${fourthMonthSelected} ayında ${nightsSelected}...\",\"category\":\"MANY\"},{\"__typename\":\"CardinalTemplate\",\"template\":\"${monthSelected}, ${secondMonthSelected}, ${thirdMonthSelected}, ${fourthMonthSelected} ayında ${nightsSelected}...\",\"category\":\"OTHER\"}],\"models\":[{\"__typename\":\"TemplateModel\",\"key\":\"nightsSelected\"},{\"__typename\":\"TemplateModel\",\"key\":\"monthSelected\"},{\"__typename\":\"TemplateModel\",\"key\":\"secondMonthSelected\"},{\"__typename\":\"TemplateModel\",\"key\":\"thirdMonthSelected\"},{\"__typename\":\"TemplateModel\",\"key\":\"fourthMonthSelected\"},{\"__typename\":\"TemplateModel\",\"key\":\"fifthMonthSelected\"},{\"__typename\":\"TemplateModel\",\"key\":\"sixthMonthSelected\"}]}}}}},{\"__typename\":\"EGDSSearchFormTravelersField\",\"action\":{\"__typename\":\"EGDSOpenTravelerSelectorAction\",\"analytics\":{\"__typename\":\"ClientSideAnalytics\",\"linkName\":\"Guests selection\",\"referrerId\":\"Web.Hotels.Traveler.GuestPicker.Open\"},\"travelerSelector\":{\"__typename\":\"EGDSRoomsTravelerSelector\",\"addAnotherRoomButton\":{\"__typename\":\"UITertiaryButton\",\"egdsElementId\":\"traveler_selector_add_room\",\"primary\":\"Başka bir oda ekle\",\"disabled\":false,\"accessibility\":null,\"icon\":null,\"analytics\":{\"__typename\":\"ClientSideAnalytics\",\"linkName\":\"Travelers add room\",\"referrerId\":\"Web.Hotels.Traveler.Add.Room\"},\"action\":null},\"closeButton\":{\"__typename\":\"UIPrimaryButton\",\"egdsElementId\":\"traveler_selector_close_button\",\"primary\":null,\"disabled\":false,\"accessibility\":\"Misafir iletişim kutusunu kapat\",\"icon\":{\"__typename\":\"Icon\",\"id\":\"close\",\"description\":\"close\",\"token\":\"icon__close\",\"title\":\"\"},\"analytics\":{\"__typename\":\"ClientSideAnalytics\",\"linkName\":\"Travelers results updated\",\"referrerId\":\"Web.Hotels.Traveler.Close\"},\"action\":null},\"doneButton\":{\"__typename\":\"UIPrimaryButton\",\"egdsElementId\":\"traveler_selector_done_button\",\"primary\":\"Tamam\",\"disabled\":false,\"accessibility\":null,\"icon\":null,\"analytics\":{\"__typename\":\"ClientSideAnalytics\",\"linkName\":\"Travelers results updated\",\"referrerId\":\"Web.Hotels.Traveler.Done\"},\"action\":null},\"infantSeatSelection\":null,\"maxRoomCount\":8,\"rooms\":[{\"__typename\":\"EGDSTravelerSelectorRoom\",\"label\":{\"__typename\":\"EGDSBasicLocalizedText\",\"models\":[{\"__typename\":\"TemplateModel\",\"key\":\"roomNumber\",\"source\":\"roomNumber\"}],\"template\":\"Oda ${roomNumber}\"},\"adults\":{\"__typename\":\"EGDSTravelerStepInput\",\"decreaseAnalytics\":{\"__typename\":\"ClientSideAnalytics\",\"linkName\":\"Adult traveler removed\",\"referrerId\":\"Web.Hotels.Traveler.Remove.Adult\"},\"increaseAnalytics\":{\"__typename\":\"ClientSideAnalytics\",\"linkName\":\"Adult traveler added\",\"referrerId\":\"Web.Hotels.Traveler.Add.Adult\"},\"decreaseText\":\"Yetişkin sayısını azaltın\",\"decreaseTextTemplate\":{\"__typename\":\"EGDSBasicLocalizedText\",\"template\":\"Oda ${roomNumber} için yetişkin sayısını azaltın\",\"models\":[{\"__typename\":\"TemplateModel\",\"key\":\"roomNumber\",\"source\":\"roomNumber\"}]},\"increaseText\":\"Yetişkin sayısını artırın\",\"increaseTextTemplate\":{\"__typename\":\"EGDSBasicLocalizedText\",\"template\":\"Oda ${roomNumber} için yetişkin sayısını artırın\",\"models\":[{\"__typename\":\"TemplateModel\",\"key\":\"roomNumber\",\"source\":\"roomNumber\"}]},\"egdsElementId\":\"traveler_selector_adult_step_input\",\"label\":\"Yetişkin Sayısı\",\"max\":14,\"min\":1,\"step\":1,\"subLabel\":null,\"value\":2},\"children\":{\"__typename\":\"EGDSTravelerChildren\",\"count\":{\"__typename\":\"EGDSTravelerStepInput\",\"decreaseAnalytics\":{\"__typename\":\"ClientSideAnalytics\",\"linkName\":\"Child traveler removed\",\"referrerId\":\"Web.Hotels.Traveler.Remove.Child\"},\"increaseAnalytics\":{\"__typename\":\"ClientSideAnalytics\",\"linkName\":\"Child traveler added\",\"referrerId\":\"Web.Hotels.Traveler.Add.Child\"},\"decreaseText\":\"Çocuk sayısını azaltın\",\"decreaseTextTemplate\":{\"__typename\":\"EGDSBasicLocalizedText\",\"template\":\"Oda ${roomNumber} için çocuk sayısını azaltın\",\"models\":[{\"__typename\":\"TemplateModel\",\"key\":\"roomNumber\",\"source\":\"roomNumber\"}]},\"increaseText\":\"Çocuk sayısını artırın\",\"increaseTextTemplate\":{\"__typename\":\"EGDSBasicLocalizedText\",\"template\":\"Oda ${roomNumber} için çocuk sayısını artırın\",\"models\":[{\"__typename\":\"TemplateModel\",\"key\":\"roomNumber\",\"source\":\"roomNumber\"}]},\"egdsElementId\":\"traveler_selector_children_step_input\",\"label\":\"Çocuk Sayısı\",\"max\":6,\"min\":0,\"step\":1,\"subLabel\":\"0-17 yaş\",\"value\":0},\"ages\":[],\"ageTemplate\":{\"__typename\":\"EGDSTravelerChildAgeSelect\",\"labelTemplate\":{\"__typename\":\"EGDSBasicLocalizedText\",\"models\":[{\"__typename\":\"TemplateModel\",\"key\":\"childNumber\",\"source\":\"childNumber\"}],\"template\":\"${childNumber}. çocuğun yaşı\"},\"options\":[{\"__typename\":\"EGDSBasicOption\",\"label\":\"1 yaşından küçük\",\"value\":\"0\",\"egdsElementId\":\"children_age_option_0\",\"changeAnalytics\":{\"__typename\":\"ClientSideAnalytics\",\"linkName\":\"Travelers age update\",\"referrerId\":\"Web.Hotels.Traveler.Child.Update.Age.0\"}},{\"__typename\":\"EGDSBasicOption\",\"label\":\"1\",\"value\":\"1\",\"egdsElementId\":\"children_age_option_1\",\"changeAnalytics\":{\"__typename\":\"ClientSideAnalytics\",\"linkName\":\"Travelers age update\",\"referrerId\":\"Web.Hotels.Traveler.Child.Update.Age.1\"}},{\"__typename\":\"EGDSBasicOption\",\"label\":\"2\",\"value\":\"2\",\"egdsElementId\":\"children_age_option_2\",\"changeAnalytics\":{\"__typename\":\"ClientSideAnalytics\",\"linkName\":\"Travelers age update\",\"referrerId\":\"Web.Hotels.Traveler.Child.Update.Age.2\"}},{\"__typename\":\"EGDSBasicOption\",\"label\":\"3\",\"value\":\"3\",\"egdsElementId\":\"children_age_option_3\",\"changeAnalytics\":{\"__typename\":\"ClientSideAnalytics\",\"linkName\":\"Travelers age update\",\"referrerId\":\"Web.Hotels.Traveler.Child.Update.Age.3\"}},{\"__typename\":\"EGDSBasicOption\",\"label\":\"4\",\"value\":\"4\",\"egdsElementId\":\"children_age_option_4\",\"changeAnalytics\":{\"__typename\":\"ClientSideAnalytics\",\"linkName\":\"Travelers age update\",\"referrerId\":\"Web.Hotels.Traveler.Child.Update.Age.4\"}},{\"__typename\":\"EGDSBasicOption\",\"label\":\"5\",\"value\":\"5\",\"egdsElementId\":\"children_age_option_5\",\"changeAnalytics\":{\"__typename\":\"ClientSideAnalytics\",\"linkName\":\"Travelers age update\",\"referrerId\":\"Web.Hotels.Traveler.Child.Update.Age.5\"}},{\"__typename\":\"EGDSBasicOption\",\"label\":\"6\",\"value\":\"6\",\"egdsElementId\":\"children_age_option_6\",\"changeAnalytics\":{\"__typename\":\"ClientSideAnalytics\",\"linkName\":\"Travelers age update\",\"referrerId\":\"Web.Hotels.Traveler.Child.Update.Age.6\"}},{\"__typename\":\"EGDSBasicOption\",\"label\":\"7\",\"value\":\"7\",\"egdsElementId\":\"children_age_option_7\",\"changeAnalytics\":{\"__typename\":\"ClientSideAnalytics\",\"linkName\":\"Travelers age update\",\"referrerId\":\"Web.Hotels.Traveler.Child.Update.Age.7\"}},{\"__typename\":\"EGDSBasicOption\",\"label\":\"8\",\"value\":\"8\",\"egdsElementId\":\"children_age_option_8\",\"changeAnalytics\":{\"__typename\":\"ClientSideAnalytics\",\"linkName\":\"Travelers age update\",\"referrerId\":\"Web.Hotels.Traveler.Child.Update.Age.8\"}},{\"__typename\":\"EGDSBasicOption\",\"label\":\"9\",\"value\":\"9\",\"egdsElementId\":\"children_age_option_9\",\"changeAnalytics\":{\"__typename\":\"ClientSideAnalytics\",\"linkName\":\"Travelers age update\",\"referrerId\":\"Web.Hotels.Traveler.Child.Update.Age.9\"}},{\"__typename\":\"EGDSBasicOption\",\"label\":\"10\",\"value\":\"10\",\"egdsElementId\":\"children_age_option_10\",\"changeAnalytics\":{\"__typename\":\"ClientSideAnalytics\",\"linkName\":\"Travelers age update\",\"referrerId\":\"Web.Hotels.Traveler.Child.Update.Age.10\"}},{\"__typename\":\"EGDSBasicOption\",\"label\":\"11\",\"value\":\"11\",\"egdsElementId\":\"children_age_option_11\",\"changeAnalytics\":{\"__typename\":\"ClientSideAnalytics\",\"linkName\":\"Travelers age update\",\"referrerId\":\"Web.Hotels.Traveler.Child.Update.Age.11\"}},{\"__typename\":\"EGDSBasicOption\",\"label\":\"12\",\"value\":\"12\",\"egdsElementId\":\"children_age_option_12\",\"changeAnalytics\":{\"__typename\":\"ClientSideAnalytics\",\"linkName\":\"Travelers age update\",\"referrerId\":\"Web.Hotels.Traveler.Child.Update.Age.12\"}},{\"__typename\":\"EGDSBasicOption\",\"label\":\"13\",\"value\":\"13\",\"egdsElementId\":\"children_age_option_13\",\"changeAnalytics\":{\"__typename\":\"ClientSideAnalytics\",\"linkName\":\"Travelers age update\",\"referrerId\":\"Web.Hotels.Traveler.Child.Update.Age.13\"}},{\"__typename\":\"EGDSBasicOption\",\"label\":\"14\",\"value\":\"14\",\"egdsElementId\":\"children_age_option_14\",\"changeAnalytics\":{\"__typename\":\"ClientSideAnalytics\",\"linkName\":\"Travelers age update\",\"referrerId\":\"Web.Hotels.Traveler.Child.Update.Age.14\"}},{\"__typename\":\"EGDSBasicOption\",\"label\":\"15\",\"value\":\"15\",\"egdsElementId\":\"children_age_option_15\",\"changeAnalytics\":{\"__typename\":\"ClientSideAnalytics\",\"linkName\":\"Travelers age update\",\"referrerId\":\"Web.Hotels.Traveler.Child.Update.Age.15\"}},{\"__typename\":\"EGDSBasicOption\",\"label\":\"16\",\"value\":\"16\",\"egdsElementId\":\"children_age_option_16\",\"changeAnalytics\":{\"__typename\":\"ClientSideAnalytics\",\"linkName\":\"Travelers age update\",\"referrerId\":\"Web.Hotels.Traveler.Child.Update.Age.16\"}},{\"__typename\":\"EGDSBasicOption\",\"label\":\"17\",\"value\":\"17\",\"egdsElementId\":\"children_age_option_17\",\"changeAnalytics\":{\"__typename\":\"ClientSideAnalytics\",\"linkName\":\"Travelers age update\",\"referrerId\":\"Web.Hotels.Traveler.Child.Update.Age.17\"}}],\"egdsElementId\":\"traveler_selector_children_age_selector\",\"value\":10}},\"infants\":null,\"removeRoomButton\":{\"__typename\":\"UITertiaryButton\",\"egdsElementId\":\"traveler_selector_remove_room\",\"primary\":\"Odayı sil\",\"disabled\":false,\"accessibility\":null,\"icon\":null,\"analytics\":{\"__typename\":\"ClientSideAnalytics\",\"linkName\":\"Travelers remove room\",\"referrerId\":\"Web.Hotels.Traveler.Remove.Room\"},\"action\":null},\"removeRoomAnnouncement\":\"Oda kaldırıldı\"}],\"title\":\"Misafir sayısı\",\"validations\":[{\"__typename\":\"EGDSTravelersInputValidation\",\"errorMessage\":\"Rezervasyon başına en fazla 20 misafire izin veriyoruz.\",\"maxCount\":20,\"type\":\"MAX_TRAVELERS\",\"infantsInSeatPerAdult\":null,\"errorSummary\":{\"__typename\":\"EGDSErrorSummary\",\"egdsElementId\":\"traveler_selector_error_summary\",\"goToErrorLinkText\":null,\"goToFirstErrorLinkText\":null,\"heading\":\"Rezervasyon başına en fazla 20 misafire izin veriyoruz.\",\"body\":null,\"analytics\":null,\"impressionAnalytics\":{\"__typename\":\"ClientSideImpressionEventAnalytics\",\"linkName\":\"Error summary displayed\",\"referrerId\":\"Web.Hotels.Traveler.Error.Summary.Displayed\"},\"headingTemplate\":null}},{\"__typename\":\"EGDSTravelersInputValidation\",\"errorMessage\":\"Çocuğun yaşını seçin.\",\"maxCount\":null,\"type\":\"CHILD_AGE_REQUIRED\",\"infantsInSeatPerAdult\":null,\"errorSummary\":{\"__typename\":\"EGDSErrorSummary\",\"egdsElementId\":\"traveler_selector_error_summary\",\"goToErrorLinkText\":\"Hataya git\",\"goToFirstErrorLinkText\":\"İlk hataya git\",\"heading\":\"\",\"body\":null,\"analytics\":{\"__typename\":\"ClientSideAnalytics\",\"linkName\":\"Error summary link clicked\",\"referrerId\":\"Web.Hotels.Traveler.Error.Summary\"},\"impressionAnalytics\":{\"__typename\":\"ClientSideImpressionEventAnalytics\",\"linkName\":\"Error summary displayed\",\"referrerId\":\"Web.Hotels.Traveler.Error.Summary.Displayed\"},\"headingTemplate\":{\"__typename\":\"EGDSCardinalLocalizedText\",\"models\":[{\"__typename\":\"TemplateModel\",\"key\":\"errorCount\",\"source\":\"errorCount\"}],\"templates\":[{\"__typename\":\"CardinalTemplate\",\"category\":\"ZERO\",\"template\":\"Devam etmek için lütfen ${errorCount} hatayı düzeltin\"},{\"__typename\":\"CardinalTemplate\",\"category\":\"ONE\",\"template\":\"Devam etmek için lütfen hatayı düzeltin\"},{\"__typename\":\"CardinalTemplate\",\"category\":\"TWO\",\"template\":\"Devam etmek için lütfen ${errorCount} hatayı düzeltin\"},{\"__typename\":\"CardinalTemplate\",\"category\":\"FEW\",\"template\":\"Devam etmek için lütfen ${errorCount} hatayı düzeltin\"},{\"__typename\":\"CardinalTemplate\",\"category\":\"MANY\",\"template\":\"Devam etmek için lütfen ${errorCount} hatayı düzeltin\"},{\"__typename\":\"CardinalTemplate\",\"category\":\"OTHER\",\"template\":\"Devam etmek için lütfen ${errorCount} hatayı düzeltin\"}]}}}]},\"accessibility\":\"misafir sayısını değiştirmek için genişletin\"},\"label\":\"Misafir sayısı\",\"labelTemplate\":{\"__typename\":\"EGDSCompositeLocalizedText\",\"models\":[{\"__typename\":\"CompositeLocalizedTextModel\",\"key\":\"rooms\",\"models\":{\"__typename\":\"EGDSCardinalLocalizedText\",\"models\":[{\"__typename\":\"TemplateModel\",\"key\":\"roomCount\",\"source\":\"roomCount\"}],\"templates\":[{\"__typename\":\"CardinalTemplate\",\"category\":\"ZERO\",\"template\":\"${roomCount} oda\"},{\"__typename\":\"CardinalTemplate\",\"category\":\"ONE\",\"template\":\"${roomCount} oda\"},{\"__typename\":\"CardinalTemplate\",\"category\":\"TWO\",\"template\":\"${roomCount} oda\"},{\"__typename\":\"CardinalTemplate\",\"category\":\"FEW\",\"template\":\"${roomCount} oda\"},{\"__typename\":\"CardinalTemplate\",\"category\":\"MANY\",\"template\":\"${roomCount} oda\"},{\"__typename\":\"CardinalTemplate\",\"category\":\"OTHER\",\"template\":\"${roomCount} oda\"}]}},{\"__typename\":\"CompositeLocalizedTextModel\",\"key\":\"travelers\",\"models\":{\"__typename\":\"EGDSCardinalLocalizedText\",\"models\":[{\"__typename\":\"TemplateModel\",\"key\":\"travelerCount\",\"source\":\"travelerCount\"}],\"templates\":[{\"__typename\":\"CardinalTemplate\",\"category\":\"ZERO\",\"template\":\"${travelerCount} misafir\"},{\"__typename\":\"CardinalTemplate\",\"category\":\"ONE\",\"template\":\"${travelerCount} misafir\"},{\"__typename\":\"CardinalTemplate\",\"category\":\"TWO\",\"template\":\"${travelerCount} misafir\"},{\"__typename\":\"CardinalTemplate\",\"category\":\"FEW\",\"template\":\"${travelerCount} misafir\"},{\"__typename\":\"CardinalTemplate\",\"category\":\"MANY\",\"template\":\"${travelerCount} misafir\"},{\"__typename\":\"CardinalTemplate\",\"category\":\"OTHER\",\"template\":\"${travelerCount} misafir\"}]}}],\"template\":\"${travelers}, ${rooms}\",\"text\":\"2 misafir, 1 oda\"},\"leftIcon\":{\"__typename\":\"Icon\",\"id\":\"person\"},\"readOnly\":false}],\"search\":{\"__typename\":\"EGDSSearchFormButton\",\"egdsElementId\":\"search_button\",\"primary\":\"Ara\",\"disabled\":false,\"accessibility\":\"Ara\",\"icon\":null,\"analytics\":null,\"action\":null,\"onClick\":{\"__typename\":\"EGDSSubmitSearchFormAction\",\"analytics\":{\"__typename\":\"ClientSideAnalytics\",\"linkName\":\"Search button clicked\",\"referrerId\":\"Web.Hotels.Search.Button.Clicked\"}}},\"softPackages\":null,\"adaptExSuccessEvent\":null,\"searchLocation\":{\"__typename\":\"SearchLocation\",\"analytics\":{\"__typename\":\"SearchLocationAnalytics\",\"open\":\"{\\\"metadata\\\":{\\\"packer_version\\\":\\\"1.0.1\\\"},\\\"events\\\":{\\\"search_location.opened\\\":{\\\"v1\\\":{\\\"event_data\\\":{\\\"event\\\":{\\\"event_name\\\":\\\"search_location.opened\\\",\\\"event_version\\\":\\\"1.1.0\\\",\\\"event_category\\\":\\\"Search\\\",\\\"event_type\\\":\\\"Interaction\\\"}}}}}}\",\"close\":\"{\\\"metadata\\\":{\\\"packer_version\\\":\\\"1.0.1\\\"},\\\"events\\\":{\\\"search_location.closed\\\":{\\\"v1\\\":{\\\"event_data\\\":{\\\"event\\\":{\\\"event_name\\\":\\\"search_location.closed\\\",\\\"event_version\\\":\\\"1.1.0\\\",\\\"event_category\\\":\\\"Search\\\",\\\"event_type\\\":\\\"Interaction\\\"}}}}}}\",\"itemSelected\":\"{\\\"metadata\\\":{\\\"packer_version\\\":\\\"1.0.1\\\"},\\\"events\\\":{\\\"search_location.selected\\\":{\\\"v1\\\":{\\\"event_data\\\":{\\\"event\\\":{\\\"event_name\\\":\\\"search_location.selected\\\",\\\"event_version\\\":\\\"1.1.0\\\",\\\"event_category\\\":\\\"Search\\\",\\\"event_type\\\":\\\"Interaction\\\"}}}}}}\",\"recommendationsPresented\":\"{\\\"metadata\\\":{\\\"packer_version\\\":\\\"1.0.1\\\"},\\\"events\\\":{\\\"recommendations_module.presented\\\":{\\\"v2\\\":{\\\"event_data\\\":{\\\"event\\\":{\\\"event_name\\\":\\\"recommendations_module.presented\\\",\\\"event_version\\\":\\\"2.1.0\\\",\\\"event_category\\\":\\\"Search\\\",\\\"event_type\\\":\\\"Impression\\\"}}}}}}\",\"recommendationSelected\":\"{\\\"metadata\\\":{\\\"packer_version\\\":\\\"1.0.1\\\"},\\\"events\\\":{\\\"recommendations_module.selected\\\":{\\\"v2\\\":{\\\"event_data\\\":{\\\"event\\\":{\\\"event_name\\\":\\\"recommendations_module.selected\\\",\\\"event_version\\\":\\\"2.1.0\\\",\\\"event_category\\\":\\\"Search\\\",\\\"event_type\\\":\\\"Interaction\\\"}}}}}}\"},\"content\":{\"__typename\":\"SearchLocationContent\",\"clearInput\":{\"__typename\":\"UIPrimaryFloatingActionButton\",\"accessibility\":\"Temizle\"}}},\"popularFilters\":{\"__typename\":\"SearchFormPopularFilters\",\"filters\":[],\"template\":{\"__typename\":\"EGDSBasicLocalizedText\",\"template\":\"${filterName} filtresini kaldır\"}},\"hidePlayback\":false,\"priceInsightsDailyConfig\":{\"__typename\":\"SearchFormPriceInsightsDailyConfig\",\"debounceRate\":200,\"monthsToQuery\":3},\"groupStaysLink\":{\"__typename\":\"EGDSStandardLink\",\"text\":\"9 veya daha fazla oda mı rezerve etmeniz gerekiyor?\",\"egdsElementId\":null,\"action\":{\"__typename\":\"UILinkAction\",\"accessibility\":null,\"target\":\"INTERNAL\",\"resource\":{\"__typename\":\"HttpURI\",\"value\":\"https:\\u002F\\u002Fwww.hotelplanner.com\\u002FCommon\\u002FServices\\u002FGroups\\u002F?Brand=hotels&Loc=tr_TR&DUAID=18713dec-4f39-4264-b08c-955fc30f3efb&kw=hotels_traveler_ui_\"},\"analytics\":{\"__typename\":\"ClientSideAnalytics\",\"linkName\":\"Group stays link clicked\",\"referrerId\":\"Web.Hotels.GroupStays.Link.Click\"}},\"icon\":null,\"iconPosition\":null}}},\"managedBannerContent({\\\"contentTopic\\\":\\\"signin-banner_after-wizard\\\",\\\"context\\\":{\\\"currency\\\":\\\"TRY\\\",\\\"debugContext\\\":{\\\"abacusOverrides\\\":[]},\\\"device\\\":{\\\"type\\\":\\\"DESKTOP\\\"},\\\"eapid\\\":28,\\\"identity\\\":{\\\"authState\\\":\\\"ANONYMOUS\\\",\\\"duaid\\\":\\\"18713dec-4f39-4264-b08c-955fc30f3efb\\\"},\\\"locale\\\":\\\"tr_TR\\\",\\\"privacyTrackingState\\\":\\\"CAN_TRACK\\\",\\\"siteId\\\":300000028,\\\"tpid\\\":3115}})\":{\"__typename\":\"ManagedBannerContentResponse\",\"contentTopic\":\"signin-banner_after-wizard\",\"header\":{\"__typename\":\"EGDSHeading\",\"headingType\":null,\"egdsElementId\":null,\"text\":\"Giriş yapan üyeler, dünya çapındaki 100.000'i aşkın otelde %10 veya daha fazla kazanç elde ediyor\"},\"subHeader\":null,\"description\":null,\"additionalInfo\":null,\"callToActions\":{\"__typename\":\"BannerCallToActions\",\"items\":[{\"__typename\":\"BannerCTA\",\"action\":{\"__typename\":\"UILinkAction\",\"analytics\":{\"__typename\":\"ClientSideAnalytics\",\"linkName\":\"sign_in_banner.sign_in.selected\",\"referrerId\":\"sign_in_banner.sign_in.selected\"},\"resource\":{\"__typename\":\"HttpURI\",\"value\":\"https:\\u002F\\u002Ftr.hotels.com\\u002Flogin\"},\"accessibility\":\"Şimdi giriş yap\",\"target\":\"INTERNAL\",\"useRelativePath\":false},\"clickActionType\":{\"__typename\":\"UIPrimaryButton\",\"disabled\":false,\"primary\":\"Şimdi giriş yap\"}}]},\"bannerTheme\":\"GLOBAL_LOYALTY_STANDARD\",\"managedBannerTheme\":\"GLOBAL_LOYALTY_STANDARD\",\"graphic\":{\"__typename\":\"Mark\",\"description\":\"\",\"id\":\"mod_hotels\",\"size\":\"LARGE\",\"url\":{\"__typename\":\"HttpURI\",\"relativePath\":\"\\u002Fegds\\u002Fmarks\\u002Fmod_hotels.svg\",\"value\":\"https:\\u002F\\u002Fa.travel-assets.com\\u002Fegds\\u002Fmarks\\u002Fmod_hotels.svg\"}},\"revealActions\":{\"__typename\":\"BannerAnalytics\",\"analyticsPayload\":\"sign_in_banner.presented\"},\"mediaAssets\":{\"__typename\":\"BannerMediaComponents\",\"items\":[]}},\"communicationCenterEntryPoint({\\\"context\\\":{\\\"currency\\\":\\\"TRY\\\",\\\"debugContext\\\":{\\\"abacusOverrides\\\":[]},\\\"device\\\":{\\\"type\\\":\\\"DESKTOP\\\"},\\\"eapid\\\":28,\\\"identity\\\":{\\\"authState\\\":\\\"ANONYMOUS\\\",\\\"duaid\\\":\\\"18713dec-4f39-4264-b08c-955fc30f3efb\\\"},\\\"locale\\\":\\\"tr_TR\\\",\\\"privacyTrackingState\\\":\\\"CAN_TRACK\\\",\\\"siteId\\\":300000028,\\\"tpid\\\":3115},\\\"optionalContext\\\":{\\\"messageCountEnabled\\\":true}})\":{\"__typename\":\"CommunicationCenterEntryPoint\",\"icon\":{\"__typename\":\"Icon\",\"id\":\"comment\",\"token\":\"comment\",\"description\":\"Communication Center icon\"},\"label\":\"Mesajlar\",\"notificationUnseenCount\":0,\"messageUnseenCount\":0,\"defaultTab\":null,\"clickAnalytics\":[{\"__typename\":\"ClientSideAnalytics\",\"linkName\":\"CommunicationCenter main nav click tracking\",\"referrerId\":\"CommunicationCenter.MainNav.UnseenNotifications.0.click\",\"eventType\":\"CLICK\"},{\"__typename\":\"ClientSideAnalytics\",\"linkName\":\"CommunicationCenter main nav click tracking\",\"referrerId\":\"CommunicationCenter.MainNav.UnReadMessages.0.click\",\"eventType\":\"CLICK\"}],\"impressionAnalytics\":[]},\"propertyTypesCarousel({\\\"context\\\":{\\\"currency\\\":\\\"TRY\\\",\\\"debugContext\\\":{\\\"abacusOverrides\\\":[]},\\\"device\\\":{\\\"type\\\":\\\"DESKTOP\\\"},\\\"eapid\\\":28,\\\"identity\\\":{\\\"authState\\\":\\\"ANONYMOUS\\\",\\\"duaid\\\":\\\"18713dec-4f39-4264-b08c-955fc30f3efb\\\"},\\\"locale\\\":\\\"tr_TR\\\",\\\"privacyTrackingState\\\":\\\"CAN_TRACK\\\",\\\"siteId\\\":300000028,\\\"tpid\\\":3115}})\":{\"__typename\":\"PropertyTypesCarouselSection\",\"heading\":{\"__typename\":\"EGDSHeading\",\"text\":\"Yeni favori konaklamanızı keşfedin\"},\"subHeading\":null,\"impressionAnalytics\":null,\"carousel\":{\"__typename\":\"EGDSCarousel\",\"items\":[{\"__typename\":\"EGDSCardCarouselItem\",\"card\":{\"__typename\":\"EGDSImageLinkCard\",\"title\":\"Her şey dâhil\",\"description\":null,\"egdsElementId\":\"ALL_INCLUSIVE\",\"link\":{\"__typename\":\"EGDSImageLink\",\"action\":{\"__typename\":\"UILinkAction\",\"resource\":{\"__typename\":\"HttpURI\",\"value\":\"https:\\u002F\\u002Ftr.hotels.com\\u002FHotel-Search?destination=T%C3%BCrkiye&regionId=183&latLong=39.920789%2C32.854048&rooms=1&adults=2&startDate=2025-03-11&d1=2025-03-11&endDate=2025-03-13&d2=2025-03-13&mealPlan=ALL_INCLUSIVE\",\"relativePath\":\"\\u002FHotel-Search?destination=T%C3%BCrkiye&regionId=183&latLong=39.920789%2C32.854048&rooms=1&adults=2&startDate=2025-03-11&d1=2025-03-11&endDate=2025-03-13&d2=2025-03-13&mealPlan=ALL_INCLUSIVE\"},\"useRelativePath\":true,\"analytics\":{\"__typename\":\"ClientSideAnalytics\",\"linkName\":\"\",\"referrerId\":\"Web.PropertyTypesCarousel_Image.all_inclusive.Clicked\",\"eventType\":\"CLICK\"},\"accessibility\":\"her şey dâhil konaklama yerlerini arayın\",\"target\":\"INTERNAL\"},\"image\":{\"__typename\":\"Image\",\"aspectRatio\":\"THREE_FOUR\",\"description\":\"her şey dâhil resmi\",\"url\":\"https:\\u002F\\u002Fforever.travel-assets.com\\u002Fflex\\u002Fflexmanager\\u002Fimages\\u002F2023\\u002F11\\u002F27\\u002Fe6f49469-b67f-485b-8aaf-f14a79d0d164.jpeg?impolicy=fcrop&h=590&w=448&q=mediumHigh\",\"thumbnailClickAnalytics\":{\"__typename\":\"ClientSideAnalytics\",\"referrerId\":\"Web.PropertyTypesCarousel_Image.all_inclusive.Viewed\",\"eventType\":\"IMPRESSION\",\"linkName\":\"\"}}}}},{\"__typename\":\"EGDSCardCarouselItem\",\"card\":{\"__typename\":\"EGDSImageLinkCard\",\"title\":\"Deniz manzarası\",\"description\":null,\"egdsElementId\":\"SEA_VIEW\",\"link\":{\"__typename\":\"EGDSImageLink\",\"action\":{\"__typename\":\"UILinkAction\",\"resource\":{\"__typename\":\"HttpURI\",\"value\":\"https:\\u002F\\u002Ftr.hotels.com\\u002FHotel-Search?destination=T%C3%BCrkiye&regionId=183&latLong=39.920789%2C32.854048&rooms=1&adults=2&startDate=2025-03-11&d1=2025-03-11&endDate=2025-03-13&d2=2025-03-13&amenities=OCEAN_VIEW\",\"relativePath\":\"\\u002FHotel-Search?destination=T%C3%BCrkiye&regionId=183&latLong=39.920789%2C32.854048&rooms=1&adults=2&startDate=2025-03-11&d1=2025-03-11&endDate=2025-03-13&d2=2025-03-13&amenities=OCEAN_VIEW\"},\"useRelativePath\":true,\"analytics\":{\"__typename\":\"ClientSideAnalytics\",\"linkName\":\"\",\"referrerId\":\"Web.PropertyTypesCarousel_Image.sea_view.Clicked\",\"eventType\":\"CLICK\"},\"accessibility\":\"deniz manzaralı konaklama yerlerini arayın\",\"target\":\"INTERNAL\"},\"image\":{\"__typename\":\"Image\",\"aspectRatio\":\"THREE_FOUR\",\"description\":\"Deniz manzarası resmi\",\"url\":\"https:\\u002F\\u002Fforever.travel-assets.com\\u002Fflex\\u002Fflexmanager\\u002Fimages\\u002F2023\\u002F11\\u002F24\\u002F4fd89b66-18da-4c97-9331-074ec8299784.jpeg?impolicy=resizecrop&rw=896&rh=590&cw=448&cx=-20\",\"thumbnailClickAnalytics\":{\"__typename\":\"ClientSideAnalytics\",\"referrerId\":\"Web.PropertyTypesCarousel_Image.sea_view.Viewed\",\"eventType\":\"IMPRESSION\",\"linkName\":\"\"}}}}},{\"__typename\":\"EGDSCardCarouselItem\",\"card\":{\"__typename\":\"EGDSImageLinkCard\",\"title\":\"Spa\",\"description\":null,\"egdsElementId\":\"SPA_ON_SITE\",\"link\":{\"__typename\":\"EGDSImageLink\",\"action\":{\"__typename\":\"UILinkAction\",\"resource\":{\"__typename\":\"HttpURI\",\"value\":\"https:\\u002F\\u002Ftr.hotels.com\\u002FHotel-Search?destination=T%C3%BCrkiye&regionId=183&latLong=39.920789%2C32.854048&rooms=1&adults=2&startDate=2025-03-11&d1=2025-03-11&endDate=2025-03-13&d2=2025-03-13&amenities=SPA_ON_SITE\",\"relativePath\":\"\\u002FHotel-Search?destination=T%C3%BCrkiye&regionId=183&latLong=39.920789%2C32.854048&rooms=1&adults=2&startDate=2025-03-11&d1=2025-03-11&endDate=2025-03-13&d2=2025-03-13&amenities=SPA_ON_SITE\"},\"useRelativePath\":true,\"analytics\":{\"__typename\":\"ClientSideAnalytics\",\"linkName\":\"\",\"referrerId\":\"Web.PropertyTypesCarousel_Image.spa_on_site.Clicked\",\"eventType\":\"CLICK\"},\"accessibility\":\"bünyesinde spa bulunan konaklama yerlerini arayın\",\"target\":\"INTERNAL\"},\"image\":{\"__typename\":\"Image\",\"aspectRatio\":\"THREE_FOUR\",\"description\":\"spa resmi\",\"url\":\"https:\\u002F\\u002Fforever.travel-assets.com\\u002Fflex\\u002Fflexmanager\\u002Fimages\\u002F2023\\u002F11\\u002F27\\u002Fa63f5ab1-8592-4414-8a17-c2b3b2d29671.jpeg?impolicy=resizecrop&rw=896&rh=590&cw=448\",\"thumbnailClickAnalytics\":{\"__typename\":\"ClientSideAnalytics\",\"referrerId\":\"Web.PropertyTypesCarousel_Image.spa_on_site.Viewed\",\"eventType\":\"IMPRESSION\",\"linkName\":\"\"}}}}},{\"__typename\":\"EGDSCardCarouselItem\",\"card\":{\"__typename\":\"EGDSImageLinkCard\",\"title\":\"Jakuzi\",\"description\":null,\"egdsElementId\":\"HOT_TUB\",\"link\":{\"__typename\":\"EGDSImageLink\",\"action\":{\"__typename\":\"UILinkAction\",\"resource\":{\"__typename\":\"HttpURI\",\"value\":\"https:\\u002F\\u002Ftr.hotels.com\\u002FHotel-Search?destination=T%C3%BCrkiye&regionId=183&latLong=39.920789%2C32.854048&rooms=1&adults=2&startDate=2025-03-11&d1=2025-03-11&endDate=2025-03-13&d2=2025-03-13&amenities=HOT_TUB\",\"relativePath\":\"\\u002FHotel-Search?destination=T%C3%BCrkiye&regionId=183&latLong=39.920789%2C32.854048&rooms=1&adults=2&startDate=2025-03-11&d1=2025-03-11&endDate=2025-03-13&d2=2025-03-13&amenities=HOT_TUB\"},\"useRelativePath\":true,\"analytics\":{\"__typename\":\"ClientSideAnalytics\",\"linkName\":\"\",\"referrerId\":\"Web.PropertyTypesCarousel_Image.hot_tub.Clicked\",\"eventType\":\"CLICK\"},\"accessibility\":\"jakuzili konaklama yerlerini arayın\",\"target\":\"INTERNAL\"},\"image\":{\"__typename\":\"Image\",\"aspectRatio\":\"THREE_FOUR\",\"description\":\"jakuzi resmi\",\"url\":\"https:\\u002F\\u002Fforever.travel-assets.com\\u002Fflex\\u002Fflexmanager\\u002Fimages\\u002F2023\\u002F11\\u002F24\\u002F0ca4d47a-be2c-4971-8282-3511f49607f1.jpeg?impolicy=resizecrop&rw=448&ch=590\",\"thumbnailClickAnalytics\":{\"__typename\":\"ClientSideAnalytics\",\"referrerId\":\"Web.PropertyTypesCarousel_Image.hot_tub.Viewed\",\"eventType\":\"IMPRESSION\",\"linkName\":\"\"}}}}},{\"__typename\":\"EGDSCardCarouselItem\",\"card\":{\"__typename\":\"EGDSImageLinkCard\",\"title\":\"Apart daire\",\"description\":null,\"egdsElementId\":\"APARTMENT\",\"link\":{\"__typename\":\"EGDSImageLink\",\"action\":{\"__typename\":\"UILinkAction\",\"resource\":{\"__typename\":\"HttpURI\",\"value\":\"https:\\u002F\\u002Ftr.hotels.com\\u002FHotel-Search?destination=T%C3%BCrkiye&regionId=183&latLong=39.920789%2C32.854048&rooms=1&adults=2&startDate=2025-03-11&d1=2025-03-11&endDate=2025-03-13&d2=2025-03-13&lodging=APARTMENT\",\"relativePath\":\"\\u002FHotel-Search?destination=T%C3%BCrkiye&regionId=183&latLong=39.920789%2C32.854048&rooms=1&adults=2&startDate=2025-03-11&d1=2025-03-11&endDate=2025-03-13&d2=2025-03-13&lodging=APARTMENT\"},\"useRelativePath\":true,\"analytics\":{\"__typename\":\"ClientSideAnalytics\",\"linkName\":\"\",\"referrerId\":\"Web.PropertyTypesCarousel_Image.apartment.Clicked\",\"eventType\":\"CLICK\"},\"accessibility\":\"apartları arayın\",\"target\":\"INTERNAL\"},\"image\":{\"__typename\":\"Image\",\"aspectRatio\":\"THREE_FOUR\",\"description\":\"Apart resmi\",\"url\":\"https:\\u002F\\u002Fforever.travel-assets.com\\u002Fflex\\u002Fflexmanager\\u002Fimages\\u002F2023\\u002F11\\u002F27\\u002F5bb7f1c3-dd6c-465f-90e8-ac07b9a66ba5.jpeg?impolicy=fcrop&h=590&w=448&q=mediumHigh\",\"thumbnailClickAnalytics\":{\"__typename\":\"ClientSideAnalytics\",\"referrerId\":\"Web.PropertyTypesCarousel_Image.apartment.Viewed\",\"eventType\":\"IMPRESSION\",\"linkName\":\"\"}}}}},{\"__typename\":\"EGDSCardCarouselItem\",\"card\":{\"__typename\":\"EGDSImageLinkCard\",\"title\":\"Apart otel\",\"description\":null,\"egdsElementId\":\"APART_HOTEL\",\"link\":{\"__typename\":\"EGDSImageLink\",\"action\":{\"__typename\":\"UILinkAction\",\"resource\":{\"__typename\":\"HttpURI\",\"value\":\"https:\\u002F\\u002Ftr.hotels.com\\u002FHotel-Search?destination=T%C3%BCrkiye&regionId=183&latLong=39.920789%2C32.854048&rooms=1&adults=2&startDate=2025-03-11&d1=2025-03-11&endDate=2025-03-13&d2=2025-03-13&lodging=APART_HOTEL\",\"relativePath\":\"\\u002FHotel-Search?destination=T%C3%BCrkiye&regionId=183&latLong=39.920789%2C32.854048&rooms=1&adults=2&startDate=2025-03-11&d1=2025-03-11&endDate=2025-03-13&d2=2025-03-13&lodging=APART_HOTEL\"},\"useRelativePath\":true,\"analytics\":{\"__typename\":\"ClientSideAnalytics\",\"linkName\":\"\",\"referrerId\":\"Web.PropertyTypesCarousel_Image.apart_hotel.Clicked\",\"eventType\":\"CLICK\"},\"accessibility\":\"apart otelleri arayın\",\"target\":\"INTERNAL\"},\"image\":{\"__typename\":\"Image\",\"aspectRatio\":\"THREE_FOUR\",\"description\":\"apar otel resmi\",\"url\":\"https:\\u002F\\u002Fforever.travel-assets.com\\u002Fflex\\u002Fflexmanager\\u002Fimages\\u002F2023\\u002F11\\u002F24\\u002Fa397c648-7662-440b-b023-65a2f5c41623.jpeg?impolicy=fcrop&h=590&w=448&q=mediumHigh\",\"thumbnailClickAnalytics\":{\"__typename\":\"ClientSideAnalytics\",\"referrerId\":\"Web.PropertyTypesCarousel_Image.apart_hotel.Viewed\",\"eventType\":\"IMPRESSION\",\"linkName\":\"\"}}}}},{\"__typename\":\"EGDSCardCarouselItem\",\"card\":{\"__typename\":\"EGDSImageLinkCard\",\"title\":\"Havuz\",\"description\":null,\"egdsElementId\":\"POOL\",\"link\":{\"__typename\":\"EGDSImageLink\",\"action\":{\"__typename\":\"UILinkAction\",\"resource\":{\"__typename\":\"HttpURI\",\"value\":\"https:\\u002F\\u002Ftr.hotels.com\\u002FHotel-Search?destination=T%C3%BCrkiye&regionId=183&latLong=39.920789%2C32.854048&rooms=1&adults=2&startDate=2025-03-11&d1=2025-03-11&endDate=2025-03-13&d2=2025-03-13&amenities=POOL\",\"relativePath\":\"\\u002FHotel-Search?destination=T%C3%BCrkiye&regionId=183&latLong=39.920789%2C32.854048&rooms=1&adults=2&startDate=2025-03-11&d1=2025-03-11&endDate=2025-03-13&d2=2025-03-13&amenities=POOL\"},\"useRelativePath\":true,\"analytics\":{\"__typename\":\"ClientSideAnalytics\",\"linkName\":\"\",\"referrerId\":\"Web.PropertyTypesCarousel_Image.pool.Clicked\",\"eventType\":\"CLICK\"},\"accessibility\":\"havuzlu konaklama yerlerini arayın\",\"target\":\"INTERNAL\"},\"image\":{\"__typename\":\"Image\",\"aspectRatio\":\"THREE_FOUR\",\"description\":\"Havuz resmi\",\"url\":\"https:\\u002F\\u002Fforever.travel-assets.com\\u002Fflex\\u002Fflexmanager\\u002Fimages\\u002F2023\\u002F11\\u002F25\\u002F5fe75c4c-ada4-4ad5-897f-395a8d1576e2.jpeg?impolicy=resizecrop&rw=896&rh=590&cw=448\",\"thumbnailClickAnalytics\":{\"__typename\":\"ClientSideAnalytics\",\"referrerId\":\"Web.PropertyTypesCarousel_Image.pool.Viewed\",\"eventType\":\"IMPRESSION\",\"linkName\":\"\"}}}}},{\"__typename\":\"EGDSCardCarouselItem\",\"card\":{\"__typename\":\"EGDSImageLinkCard\",\"title\":\"Villa\",\"description\":null,\"egdsElementId\":\"VILLA\",\"link\":{\"__typename\":\"EGDSImageLink\",\"action\":{\"__typename\":\"UILinkAction\",\"resource\":{\"__typename\":\"HttpURI\",\"value\":\"https:\\u002F\\u002Ftr.hotels.com\\u002FHotel-Search?destination=T%C3%BCrkiye&regionId=183&latLong=39.920789%2C32.854048&rooms=1&adults=2&startDate=2025-03-11&d1=2025-03-11&endDate=2025-03-13&d2=2025-03-13&lodging=VILLA\",\"relativePath\":\"\\u002FHotel-Search?destination=T%C3%BCrkiye&regionId=183&latLong=39.920789%2C32.854048&rooms=1&adults=2&startDate=2025-03-11&d1=2025-03-11&endDate=2025-03-13&d2=2025-03-13&lodging=VILLA\"},\"useRelativePath\":true,\"analytics\":{\"__typename\":\"ClientSideAnalytics\",\"linkName\":\"\",\"referrerId\":\"Web.PropertyTypesCarousel_Image.villa.Clicked\",\"eventType\":\"CLICK\"},\"accessibility\":\"villaları arayın\",\"target\":\"INTERNAL\"},\"image\":{\"__typename\":\"Image\",\"aspectRatio\":\"THREE_FOUR\",\"description\":\"villa resmi\",\"url\":\"https:\\u002F\\u002Fforever.travel-assets.com\\u002Fflex\\u002Fflexmanager\\u002Fimages\\u002F2023\\u002F11\\u002F24\\u002FVRBO_APFT2_BARCELONA_THERIN_HOUSE_1_1439.jpg?impolicy=fcrop&h=590&w=448&q=mediumHigh\",\"thumbnailClickAnalytics\":{\"__typename\":\"ClientSideAnalytics\",\"referrerId\":\"Web.PropertyTypesCarousel_Image.villa.Viewed\",\"eventType\":\"IMPRESSION\",\"linkName\":\"\"}}}}},{\"__typename\":\"EGDSCardCarouselItem\",\"card\":{\"__typename\":\"EGDSImageLinkCard\",\"title\":\"Aile dostu\",\"description\":null,\"egdsElementId\":\"FAMILY\",\"link\":{\"__typename\":\"EGDSImageLink\",\"action\":{\"__typename\":\"UILinkAction\",\"resource\":{\"__typename\":\"HttpURI\",\"value\":\"https:\\u002F\\u002Ftr.hotels.com\\u002FHotel-Search?destination=T%C3%BCrkiye&regionId=183&latLong=39.920789%2C32.854048&rooms=1&adults=2&startDate=2025-03-11&d1=2025-03-11&endDate=2025-03-13&d2=2025-03-13&travelerType=family_friendly\",\"relativePath\":\"\\u002FHotel-Search?destination=T%C3%BCrkiye&regionId=183&latLong=39.920789%2C32.854048&rooms=1&adults=2&startDate=2025-03-11&d1=2025-03-11&endDate=2025-03-13&d2=2025-03-13&travelerType=family_friendly\"},\"useRelativePath\":true,\"analytics\":{\"__typename\":\"ClientSideAnalytics\",\"linkName\":\"\",\"referrerId\":\"Web.PropertyTypesCarousel_Image.family.Clicked\",\"eventType\":\"CLICK\"},\"accessibility\":\"aile dostu konaklama yerlerini arayın\",\"target\":\"INTERNAL\"},\"image\":{\"__typename\":\"Image\",\"aspectRatio\":\"THREE_FOUR\",\"description\":\"Aile dostu resmi\",\"url\":\"https:\\u002F\\u002Fforever.travel-assets.com\\u002Fflex\\u002Fflexmanager\\u002Fimages\\u002F2023\\u002F11\\u002F24\\u002FVRBO_APFT2_BARCELONA_THERIN_HOUSE_1_2974.jpg?impolicy=fcrop&h=590&w=448&q=mediumHigh\",\"thumbnailClickAnalytics\":{\"__typename\":\"ClientSideAnalytics\",\"referrerId\":\"Web.PropertyTypesCarousel_Image.family.Viewed\",\"eventType\":\"IMPRESSION\",\"linkName\":\"\"}}}}},{\"__typename\":\"EGDSCardCarouselItem\",\"card\":{\"__typename\":\"EGDSImageLinkCard\",\"title\":\"Su Parkı\",\"description\":null,\"egdsElementId\":\"WATER_PARK\",\"link\":{\"__typename\":\"EGDSImageLink\",\"action\":{\"__typename\":\"UILinkAction\",\"resource\":{\"__typename\":\"HttpURI\",\"value\":\"https:\\u002F\\u002Ftr.hotels.com\\u002FHotel-Search?destination=T%C3%BCrkiye&regionId=183&latLong=39.920789%2C32.854048&rooms=1&adults=2&startDate=2025-03-11&d1=2025-03-11&endDate=2025-03-13&d2=2025-03-13&amenities=WATER_PARK\",\"relativePath\":\"\\u002FHotel-Search?destination=T%C3%BCrkiye&regionId=183&latLong=39.920789%2C32.854048&rooms=1&adults=2&startDate=2025-03-11&d1=2025-03-11&endDate=2025-03-13&d2=2025-03-13&amenities=WATER_PARK\"},\"useRelativePath\":true,\"analytics\":{\"__typename\":\"ClientSideAnalytics\",\"linkName\":\"\",\"referrerId\":\"Web.PropertyTypesCarousel_Image.water_park.Clicked\",\"eventType\":\"CLICK\"},\"accessibility\":\"su parkı olan konaklama yerlerini arayın\",\"target\":\"INTERNAL\"},\"image\":{\"__typename\":\"Image\",\"aspectRatio\":\"THREE_FOUR\",\"description\":\"su parkı resmi\",\"url\":\"https:\\u002F\\u002Fforever.travel-assets.com\\u002Fflex\\u002Fflexmanager\\u002Fimages\\u002F2023\\u002F11\\u002F24\\u002F674ffabb-0185-4137-b349-e6f4ca5f289a.jpeg?impolicy=resizecrop&rw=896&rh=590&cw=448&cx=-110\",\"thumbnailClickAnalytics\":{\"__typename\":\"ClientSideAnalytics\",\"referrerId\":\"Web.PropertyTypesCarousel_Image.water_park.Viewed\",\"eventType\":\"IMPRESSION\",\"linkName\":\"\"}}}}},{\"__typename\":\"EGDSCardCarouselItem\",\"card\":{\"__typename\":\"EGDSImageLinkCard\",\"title\":\"Tatil köyü\",\"description\":null,\"egdsElementId\":\"HOTEL_RESORT\",\"link\":{\"__typename\":\"EGDSImageLink\",\"action\":{\"__typename\":\"UILinkAction\",\"resource\":{\"__typename\":\"HttpURI\",\"value\":\"https:\\u002F\\u002Ftr.hotels.com\\u002FHotel-Search?destination=T%C3%BCrkiye&regionId=183&latLong=39.920789%2C32.854048&rooms=1&adults=2&startDate=2025-03-11&d1=2025-03-11&endDate=2025-03-13&d2=2025-03-13&lodging=HOTEL_RESORT\",\"relativePath\":\"\\u002FHotel-Search?destination=T%C3%BCrkiye&regionId=183&latLong=39.920789%2C32.854048&rooms=1&adults=2&startDate=2025-03-11&d1=2025-03-11&endDate=2025-03-13&d2=2025-03-13&lodging=HOTEL_RESORT\"},\"useRelativePath\":true,\"analytics\":{\"__typename\":\"ClientSideAnalytics\",\"linkName\":\"\",\"referrerId\":\"Web.PropertyTypesCarousel_Image.hotel_resort.Clicked\",\"eventType\":\"CLICK\"},\"accessibility\":\"tatil köylerini arayın\",\"target\":\"INTERNAL\"},\"image\":{\"__typename\":\"Image\",\"aspectRatio\":\"THREE_FOUR\",\"description\":\"Tatil köyü resmi\",\"url\":\"https:\\u002F\\u002Fforever.travel-assets.com\\u002Fflex\\u002Fflexmanager\\u002Fimages\\u002F2023\\u002F12\\u002F02\\u002F3623a5ce-2e06-4f01-9072-4055c5d29326.jpeg?impolicy=fcrop&h=590&w=448&q=mediumHigh\",\"thumbnailClickAnalytics\":{\"__typename\":\"ClientSideAnalytics\",\"referrerId\":\"Web.PropertyTypesCarousel_Image.hotel_resort.Viewed\",\"eventType\":\"IMPRESSION\",\"linkName\":\"\"}}}}},{\"__typename\":\"EGDSCardCarouselItem\",\"card\":{\"__typename\":\"EGDSImageLinkCard\",\"title\":\"Evcil hayvan dostu\",\"description\":null,\"egdsElementId\":\"PETS\",\"link\":{\"__typename\":\"EGDSImageLink\",\"action\":{\"__typename\":\"UILinkAction\",\"resource\":{\"__typename\":\"HttpURI\",\"value\":\"https:\\u002F\\u002Ftr.hotels.com\\u002FHotel-Search?destination=T%C3%BCrkiye&regionId=183&latLong=39.920789%2C32.854048&rooms=1&adults=2&startDate=2025-03-11&d1=2025-03-11&endDate=2025-03-13&d2=2025-03-13&amenities=PETS\",\"relativePath\":\"\\u002FHotel-Search?destination=T%C3%BCrkiye&regionId=183&latLong=39.920789%2C32.854048&rooms=1&adults=2&startDate=2025-03-11&d1=2025-03-11&endDate=2025-03-13&d2=2025-03-13&amenities=PETS\"},\"useRelativePath\":true,\"analytics\":{\"__typename\":\"ClientSideAnalytics\",\"linkName\":\"\",\"referrerId\":\"Web.PropertyTypesCarousel_Image.pets.Clicked\",\"eventType\":\"CLICK\"},\"accessibility\":\"evcil hayvan dostu konaklama yerlerini arayın\",\"target\":\"INTERNAL\"},\"image\":{\"__typename\":\"Image\",\"aspectRatio\":\"THREE_FOUR\",\"description\":\"evcil hayvan dostu resmi\",\"url\":\"https:\\u002F\\u002Fforever.travel-assets.com\\u002Fflex\\u002Fflexmanager\\u002Fimages\\u002F2023\\u002F11\\u002F24\\u002Fd1e5d296-4bcb-4d1a-8848-9de6d9cea802.jpeg?impolicy=fcrop&h=590&w=448&q=mediumHigh\",\"thumbnailClickAnalytics\":{\"__typename\":\"ClientSideAnalytics\",\"referrerId\":\"Web.PropertyTypesCarousel_Image.pets.Viewed\",\"eventType\":\"IMPRESSION\",\"linkName\":\"\"}}}}}],\"nextButton\":{\"__typename\":\"EGDSOverlayButton\",\"accessibility\":\"sonraki konaklama yeri temalarını görüntüleyin\"},\"previousButton\":{\"__typename\":\"EGDSOverlayButton\",\"accessibility\":\"önceki konaklama yeri temalarını görüntüleyin\"}}},\"recentActivitiesModule({\\\"contentSize\\\":\\\"UBER_ABBREVIATED_RATING\\\",\\\"context\\\":{\\\"currency\\\":\\\"TRY\\\",\\\"debugContext\\\":{\\\"abacusOverrides\\\":[]},\\\"device\\\":{\\\"type\\\":\\\"DESKTOP\\\"},\\\"eapid\\\":28,\\\"identity\\\":{\\\"authState\\\":\\\"ANONYMOUS\\\",\\\"duaid\\\":\\\"18713dec-4f39-4264-b08c-955fc30f3efb\\\"},\\\"locale\\\":\\\"tr_TR\\\",\\\"privacyTrackingState\\\":\\\"CAN_TRACK\\\",\\\"siteId\\\":300000028,\\\"tpid\\\":3115},\\\"discoveryRecentActivityContext\\\":{\\\"outputLineOfBusiness\\\":\\\"LODGING\\\",\\\"pageId\\\":\\\"HP\\\"},\\\"typeFilter\\\":[\\\"VIEWED_PRODUCTS\\\"]})\":null,\"trips({\\\"context\\\":{\\\"currency\\\":\\\"TRY\\\",\\\"debugContext\\\":{\\\"abacusOverrides\\\":[]},\\\"device\\\":{\\\"type\\\":\\\"DESKTOP\\\"},\\\"eapid\\\":28,\\\"identity\\\":{\\\"authState\\\":\\\"ANONYMOUS\\\",\\\"duaid\\\":\\\"18713dec-4f39-4264-b08c-955fc30f3efb\\\"},\\\"locale\\\":\\\"tr_TR\\\",\\\"privacyTrackingState\\\":\\\"CAN_TRACK\\\",\\\"siteId\\\":300000028,\\\"tpid\\\":3115}})\":{\"__typename\":\"Trips\",\"recentSearches\":{\"__typename\":\"TripsRecentSearchesResponseError\"}}},\"InlineNotification:{\\\"type\\\":\\\"NONE\\\",\\\"notificationLocation\\\":\\\"PRE_HEADER\\\"}\":{\"__typename\":\"InlineNotification\",\"type\":\"NONE\",\"notificationLocation\":\"PRE_HEADER\",\"title\":null,\"body\":null,\"bannerContainer\":null,\"containerLink\":null,\"featuredImages\":null,\"links\":null,\"dismiss\":null,\"icon\":null,\"legalText\":null,\"logo\":null,\"revealActions\":null,\"backgroundImage\":null,\"customQrCode\":null,\"theme\":null,\"attributes\":null,\"switch\":null,\"subBody\":null,\"form\":null},\"InlineNotification:{\\\"type\\\":\\\"NONE\\\",\\\"notificationLocation\\\":\\\"LEGAL\\\"}\":{\"__typename\":\"InlineNotification\",\"type\":\"NONE\",\"notificationLocation\":\"LEGAL\",\"title\":null,\"body\":null,\"bannerContainer\":null,\"containerLink\":null,\"featuredImages\":null,\"links\":null,\"dismiss\":null,\"icon\":null,\"legalText\":null,\"logo\":null,\"revealActions\":null,\"backgroundImage\":null,\"customQrCode\":null,\"theme\":null,\"attributes\":null,\"switch\":null,\"subBody\":null,\"form\":null},\"InlineNotification:{\\\"type\\\":\\\"NONE\\\",\\\"notificationLocation\\\":\\\"POPUP\\\"}\":{\"__typename\":\"InlineNotification\",\"type\":\"NONE\",\"notificationLocation\":\"POPUP\",\"title\":null,\"body\":null,\"bannerContainer\":null,\"containerLink\":null,\"featuredImages\":null,\"links\":null,\"dismiss\":null,\"icon\":null,\"legalText\":null,\"logo\":null,\"revealActions\":null,\"backgroundImage\":null,\"customQrCode\":null,\"theme\":null,\"attributes\":null,\"switch\":null,\"subBody\":null,\"form\":null}}");</script><script src="https://www.uciservice.com/assets/meso-loaders/bernie-loader.js" type="module"></script><script>window.__staticRouterHydrationData = JSON.parse("{\"loaderData\":{\"0\":null},\"actionData\":null,\"errors\":null}");</script><script type="text/javascript" src="/If7KSA/Le/Uq/iUoZ/qm_Gv7nmdSJEk/ukhihG4VubQk/eVAlAg/GjQ6QSF/8Vlo"></script><script id="tcjs" async="" src="https://cdn.tagcommander.com/6035/tc_hcom_prod.js"></script><div id="uitk-live-announce" aria-live="polite" class="is-visually-hidden">Resim 1 / 12. </div><iframe height="0" width="0" style="display: none; visibility: hidden;"></iframe><div style="width: 0px; height: 0px; display: none; visibility: hidden;" id="batBeacon267354764997"><img style="width: 0px; height: 0px; display: none; visibility: hidden;" id="batBeacon102305776715" width="0" height="0" alt="" src="https://bat.bing.com/action/0?ti=26016993&amp;Ver=2&amp;mid=5e82dae8-1027-47a1-8ee9-0a205f4055f5&amp;bo=1&amp;sid=dbf536a0f38311ef8f145f239257e91c&amp;vid=dbf76a60f38311efb4cbfd5f8865d1cd&amp;vids=1&amp;msclkid=N&amp;pi=918639831&amp;lg=tr-TR&amp;sw=1280&amp;sh=800&amp;sc=30&amp;nwd=1&amp;tl=Hotels.com%20-%20L%C3%BCks%20Otellerden%20Uygun%20Fiyatl%C4%B1%20Konaklama%20Birimlerine%20Kadar%20%C4%B0ndirimli%20Rezervasyon%20ve%20Sat%C4%B1%C5%9F&amp;p=https%3A%2F%2Ftr.hotels.com%2F&amp;r=&amp;lt=3602&amp;evt=pageLoad&amp;sv=1&amp;cdb=AQAQ&amp;rn=381343"></div><iframe height="0" width="0" style="display: none; visibility: hidden;" src="https://8966610.fls.doubleclick.net/activityi;src=8966610;type=homepglo;cat=homep0;ord=9754377476023;npa=0;auiddc=1950113403.1740493313;pscdl=noapi;frm=0;gtm=45fe52o0v9181631895za200zb882129975;gcs=G111;gcd=13t3t3t3t5l1;dma=0;tag_exp=101732282~101732284~102067808~102482433~102539968~102558064~102587591~102605417~102640600~102658453~102717422;epver=2;~oref=https%3A%2F%2Ftr.hotels.com%2F?"></iframe><script src="https://accounts.google.com/gsi/client" async="" data-status="ready"></script><div style="position: fixed; z-index: 9999; height: 303px;" id="credential_picker_container"><iframe src="https://accounts.google.com/gsi/iframe/select?client_id=919023678118-se4le72t21uj4vfklnmbn2o9ch4htfa6.apps.googleusercontent.com&amp;ux_mode=popup&amp;ui_mode=card&amp;nonce=Vtj6nVNEAAGznLCJTlgVpGCMxwLUNbEId2b2EDszEHjD3Tf1qkpj3nRY9LDUk2rhh8ttEUcQxbKM0lZczkqNXQ2WZwehSTQBpi1K0rPGIH9AKbXc3gGKmEBDC%2F1TN2gpLAObb%2FQZHEf7D3UvZilsBf6w14l%2FPgQW7UAuk7lXHTM%3D&amp;as=gIMQeb97h5QASJV8VkdJ3zcnbTaY14IfKw8CzVNR%2Fuc&amp;is_itp=true&amp;channel_id=a3888529f13662cab8c457ee3ae4d6c715f43adb15cfa5dc01d9f50aab55d3d4&amp;origin=https%3A%2F%2Ftr.hotels.com&amp;oauth2_auth_url=https%3A%2F%2Faccounts.google.com%2Fo%2Foauth2%2Fv2%2Fauth" title="Google ile Oturum Açma İletişim Kutusu" style="height: 303px; width: 391px; overflow: hidden;"></iframe></div></body></html>
  &amp#27;[32mWhen &amp#27;[0m&amp#27;[32muser waits for the page to be fully loaded&amp#27;[0m      &amp#27;[90m# stepdefinitions.RegisterSteps.userWaitsForPageToLoad()&amp#27;[0m
Cookie banner not found or already accepted
  &amp#27;[32mAnd &amp#27;[0m&amp#27;[32muser accepts cookies if present&amp#27;[0m                  &amp#27;[90m# stepdefinitions.RegisterSteps.userAcceptsCookiesIfPresent()&amp#27;[0m
Found account menu button with text: 2 misafir, 1 oda
Error in sign in process: Element <button class="uitk-menu-trigger open-room-picker-observer-root uitk-fake-input uitk-form-field-trigger uitk-field-fake-input uitk-field-fake-input-hasicon" type="button"> is not clickable at point (905,331) because another element <div> obscures it
Build info: version: '4.15.0', revision: '1d14b5521b'
System info: os.name: 'Mac OS X', os.arch: 'x86_64', os.version: '10.15.7', java.version: '21.0.1'
Driver info: org.openqa.selenium.firefox.FirefoxDriver
Command: [2b9d35db-23b2-4aad-864e-9589fa38fcb5, clickElement {id=4af8e209-e89b-4326-a054-4f54db067843}]
Capabilities {acceptInsecureCerts: true, browserName: firefox, browserVersion: 135.0.1, moz:accessibilityChecks: false, moz:buildID: 20250216192613, moz:geckodriverVersion: 0.36.0, moz:headless: false, moz:platformVersion: 19.6.0, moz:processID: 7672, moz:profile: /var/folders/q7/fgckgx0j1h9..., moz:shutdownTimeout: 60000, moz:webdriverClick: true, moz:windowless: false, pageLoadStrategy: normal, platformName: mac, proxy: Proxy(), setWindowRect: true, strictFileInteractability: false, timeouts: {implicit: 0, pageLoad: 300000, script: 30000}, unhandledPromptBehavior: dismiss and notify, userAgent: Mozilla/5.0 (Macintosh; Int...}
Element: [[FirefoxDriver: firefox on mac (2b9d35db-23b2-4aad-864e-9589fa38fcb5)] -> xpath: //button[contains(@class, 'uitk-menu-trigger')] | //button[contains(@data-stid, 'header-menu')] | //button[contains(@aria-label, 'Hesap')]]
Session ID: 2b9d35db-23b2-4aad-864e-9589fa38fcb5
Error clicking sign in button: Element <button class="uitk-menu-trigger open-room-picker-observer-root uitk-fake-input uitk-form-field-trigger uitk-field-fake-input uitk-field-fake-input-hasicon" type="button"> is not clickable at point (905,331) because another element <div> obscures it
Build info: version: '4.15.0', revision: '1d14b5521b'
System info: os.name: 'Mac OS X', os.arch: 'x86_64', os.version: '10.15.7', java.version: '21.0.1'
Driver info: org.openqa.selenium.firefox.FirefoxDriver
Command: [2b9d35db-23b2-4aad-864e-9589fa38fcb5, clickElement {id=4af8e209-e89b-4326-a054-4f54db067843}]
Capabilities {acceptInsecureCerts: true, browserName: firefox, browserVersion: 135.0.1, moz:accessibilityChecks: false, moz:buildID: 20250216192613, moz:geckodriverVersion: 0.36.0, moz:headless: false, moz:platformVersion: 19.6.0, moz:processID: 7672, moz:profile: /var/folders/q7/fgckgx0j1h9..., moz:shutdownTimeout: 60000, moz:webdriverClick: true, moz:windowless: false, pageLoadStrategy: normal, platformName: mac, proxy: Proxy(), setWindowRect: true, strictFileInteractability: false, timeouts: {implicit: 0, pageLoad: 300000, script: 30000}, unhandledPromptBehavior: dismiss and notify, userAgent: Mozilla/5.0 (Macintosh; Int...}
Element: [[FirefoxDriver: firefox on mac (2b9d35db-23b2-4aad-864e-9589fa38fcb5)] -> xpath: //button[contains(@class, 'uitk-menu-trigger')] | //button[contains(@data-stid, 'header-menu')] | //button[contains(@aria-label, 'Hesap')]]
Session ID: 2b9d35db-23b2-4aad-864e-9589fa38fcb5
  &amp#27;[31mAnd &amp#27;[0m&amp#27;[31muser clicks on sign in button&amp#27;[0m                    &amp#27;[90m# stepdefinitions.RegisterSteps.userClicksOnSignInButton()&amp#27;[0m
      &amp#27;[31morg.openqa.selenium.ElementClickInterceptedException: Element <button class="uitk-menu-trigger open-room-picker-observer-root uitk-fake-input uitk-form-field-trigger uitk-field-fake-input uitk-field-fake-input-hasicon" type="button"> is not clickable at point (905,331) because another element <div> obscures it
Build info: version: '4.15.0', revision: '1d14b5521b'
System info: os.name: 'Mac OS X', os.arch: 'x86_64', os.version: '10.15.7', java.version: '21.0.1'
Driver info: org.openqa.selenium.firefox.FirefoxDriver
Command: [2b9d35db-23b2-4aad-864e-9589fa38fcb5, clickElement {id=4af8e209-e89b-4326-a054-4f54db067843}]
Capabilities {acceptInsecureCerts: true, browserName: firefox, browserVersion: 135.0.1, moz:accessibilityChecks: false, moz:buildID: 20250216192613, moz:geckodriverVersion: 0.36.0, moz:headless: false, moz:platformVersion: 19.6.0, moz:processID: 7672, moz:profile: /var/folders/q7/fgckgx0j1h9..., moz:shutdownTimeout: 60000, moz:webdriverClick: true, moz:windowless: false, pageLoadStrategy: normal, platformName: mac, proxy: Proxy(), setWindowRect: true, strictFileInteractability: false, timeouts: {implicit: 0, pageLoad: 300000, script: 30000}, unhandledPromptBehavior: dismiss and notify, userAgent: Mozilla/5.0 (Macintosh; Int...}
Element: [[FirefoxDriver: firefox on mac (2b9d35db-23b2-4aad-864e-9589fa38fcb5)] -> xpath: //button[contains(@class, 'uitk-menu-trigger')] | //button[contains(@data-stid, 'header-menu')] | //button[contains(@aria-label, 'Hesap')]]
Session ID: 2b9d35db-23b2-4aad-864e-9589fa38fcb5
	at java.base/jdk.internal.reflect.DirectConstructorHandleAccessor.newInstance(DirectConstructorHandleAccessor.java:62)
	at java.base/java.lang.reflect.Constructor.newInstanceWithCaller(Constructor.java:502)
	at java.base/java.lang.reflect.Constructor.newInstance(Constructor.java:486)
	at org.openqa.selenium.remote.codec.w3c.W3CHttpResponseCodec.createException(W3CHttpResponseCodec.java:200)
	at org.openqa.selenium.remote.codec.w3c.W3CHttpResponseCodec.decode(W3CHttpResponseCodec.java:133)
	at org.openqa.selenium.remote.codec.w3c.W3CHttpResponseCodec.decode(W3CHttpResponseCodec.java:52)
	at org.openqa.selenium.remote.HttpCommandExecutor.execute(HttpCommandExecutor.java:191)
	at org.openqa.selenium.remote.service.DriverCommandExecutor.invokeExecute(DriverCommandExecutor.java:200)
	at org.openqa.selenium.remote.service.DriverCommandExecutor.execute(DriverCommandExecutor.java:175)
	at org.openqa.selenium.remote.RemoteWebDriver.execute(RemoteWebDriver.java:607)
	at org.openqa.selenium.remote.RemoteWebElement.execute(RemoteWebElement.java:224)
	at org.openqa.selenium.remote.RemoteWebElement.click(RemoteWebElement.java:77)
	at java.base/jdk.internal.reflect.DirectMethodHandleAccessor.invoke(DirectMethodHandleAccessor.java:103)
	at java.base/java.lang.reflect.Method.invoke(Method.java:580)
	at org.openqa.selenium.support.pagefactory.internal.LocatingElementHandler.invoke(LocatingElementHandler.java:51)
	at jdk.proxy2/jdk.proxy2.$Proxy22.click(Unknown Source)
	at pages.RegisterPage.clickSignInButton(RegisterPage.java:56)
	at stepdefinitions.RegisterSteps.userClicksOnSignInButton(RegisterSteps.java:66)
	at ✽.user clicks on sign in button(file:///Users/yusuf/Desktop/hotels.com/src/test/resources/features/register.feature:8)
&amp#27;[0m
  &amp#27;[36mAnd &amp#27;[0m&amp#27;[36muser waits for the sign in page to load&amp#27;[0m          &amp#27;[90m# stepdefinitions.RegisterSteps.userWaitsForSignInPageToLoad()&amp#27;[0m
  &amp#27;[36mAnd &amp#27;[0m&amp#27;[36muser clicks on create account link&amp#27;[0m               &amp#27;[90m# stepdefinitions.RegisterSteps.userClicksOnCreateAccountLink()&amp#27;[0m
  &amp#27;[36mAnd &amp#27;[0m&amp#27;[36muser waits for the registration form to load&amp#27;[0m     &amp#27;[90m# stepdefinitions.RegisterSteps.userWaitsForRegistrationFormToLoad()&amp#27;[0m
  &amp#27;[36mAnd &amp#27;[0m&amp#27;[36muser enters registration details with faker data&amp#27;[0m &amp#27;[90m# stepdefinitions.RegisterSteps.userEntersRegistrationDetailsWithFakerData()&amp#27;[0m
  &amp#27;[36mAnd &amp#27;[0m&amp#27;[36muser clicks on create account button&amp#27;[0m             &amp#27;[90m# stepdefinitions.RegisterSteps.userClicksOnCreateAccountButton()&amp#27;[0m
  &amp#27;[36mThen &amp#27;[0m&amp#27;[36muser should see successful registration message&amp#27;[0m &amp#27;[90m# stepdefinitions.RegisterSteps.userShouldSeeSuccessfulRegistrationMessage()&amp#27;[0m
]]></system-out>
  </testcase>
</testsuite>